PSO TRACE
INIT:../../instances/fazia/init.csv
REF:../../instances/fazia/asvn1.csv
DecodingPolicy:CPPNot
MutationPolicy:Null
ParticleNeighborhood:Fixed
ParticleDims:515
ParticleCount:100
AccP:2.0
AccG:2.0
AccL:1.5
AccI:2.3
Pos:0.0-3.0
Inertia:0.9-0.6
VeloMax:2.0
MaxPSOIteration:250
InertiaDecrFactor:0.0012000000000000001
INIT
000000000000000000000
000000000000000000000
000000000000000000000
000000000000000000000
000000000000000000000
000000000000000000000
000000000000000000000
000000000000000000000
000000000000000000000
000000000000000000000
000000000010000000000
000000000000000000000
000000000000000000000
000000000000000000000
000000000000000000000
000000000000000000000
000000000000000000000
000000000000000000000
000000000000000000000
000000000000000000000
000000000000000000000
REF
000000000000000000000
000000000000000000000
000000000000000000000
000000000010000000000
000000000111000000000
000000001010100000000
000000011100110000000
000000101001101000000
000001111001111100000
000010111111111010000
000111011111110111000
000000000000000000000
000000000000000000000
000000000000000000000
000000000000000000000
000000000000000000000
000000000000000000000
000000000000000000000
000000000000000000000
000000000000000000000
000000000000000000000
Classic CPP Decoder + Not Test
0 :1,2,3,4,
1 :0,2,3,4,
2 :0,1,3,4,
3 :0,1,2,4,
4 :0,1,2,3,
5 :6,7,8,9,
6 :5,7,8,9,
7 :5,6,8,9,
8 :5,6,7,9,
9 :5,6,7,8,
10 :11,12,13,14,
11 :10,12,13,14,
12 :10,11,13,14,
13 :10,11,12,14,
14 :10,11,12,13,
15 :16,17,18,19,
16 :15,17,18,19,
17 :15,16,18,19,
18 :15,16,17,19,
19 :15,16,17,18,
20 :21,22,23,24,
21 :20,22,23,24,
22 :20,21,23,24,
23 :20,21,22,24,
24 :20,21,22,23,
25 :26,27,28,29,
26 :25,27,28,29,
27 :25,26,28,29,
28 :25,26,27,29,
29 :25,26,27,28,
30 :31,32,33,34,
31 :30,32,33,34,
32 :30,31,33,34,
33 :30,31,32,34,
34 :30,31,32,33,
35 :36,37,38,39,
36 :35,37,38,39,
37 :35,36,38,39,
38 :35,36,37,39,
39 :35,36,37,38,
40 :41,42,43,44,
41 :40,42,43,44,
42 :40,41,43,44,
43 :40,41,42,44,
44 :40,41,42,43,
45 :46,47,48,49,
46 :45,47,48,49,
47 :45,46,48,49,
48 :45,46,47,49,
49 :45,46,47,48,
50 :51,52,53,54,
51 :50,52,53,54,
52 :50,51,53,54,
53 :50,51,52,54,
54 :50,51,52,53,
55 :56,57,58,59,
56 :55,57,58,59,
57 :55,56,58,59,
58 :55,56,57,59,
59 :55,56,57,58,
60 :61,62,63,64,
61 :60,62,63,64,
62 :60,61,63,64,
63 :60,61,62,64,
64 :60,61,62,63,
65 :66,67,68,69,
66 :65,67,68,69,
67 :65,66,68,69,
68 :65,66,67,69,
69 :65,66,67,68,
70 :71,72,73,74,
71 :70,72,73,74,
72 :70,71,73,74,
73 :70,71,72,74,
74 :70,71,72,73,
75 :76,77,78,79,
76 :75,77,78,79,
77 :75,76,78,79,
78 :75,76,77,79,
79 :75,76,77,78,
80 :81,82,83,84,
81 :80,82,83,84,
82 :80,81,83,84,
83 :80,81,82,84,
84 :80,81,82,83,
85 :86,87,88,89,
86 :85,87,88,89,
87 :85,86,88,89,
88 :85,86,87,89,
89 :85,86,87,88,
90 :91,92,93,94,
91 :90,92,93,94,
92 :90,91,93,94,
93 :90,91,92,94,
94 :90,91,92,93,
95 :96,97,98,99,
96 :95,97,98,99,
97 :95,96,98,99,
98 :95,96,97,99,
99 :95,96,97,98,
#
It:0:Diff:39:PSOStep:4:Time:0.167920087:s:AutomataStep:4:Transition:01111101110100001010011011110010101101111101110101011101001011110011011101011101010000110110110001001010101100010100101010000010111110110001101111100010010101111110100011111010001001100010101010011111111000000101100011101110111010011011110011001101111100110000100101101111111000001000110101001111110100010010110111011100010011100011100011001010000000111011001000110111001111001100111101100000100101011100010000111100011101101101001111100100010111110101011011111000001100100100111111111010110000111100001000111010
000000000000000000000
000000000000000000000
000000000000000000000
000000000000000000000
000000000000000000000
000000000000000000000
000000111011101000000
000000111011100000000
000000011001100000000
000000010011000000000
000000001111100000000
000000000000000000000
000000000100000000000
000000000000000000000
000000000010000000000
000000000000000000000
000000000000000000000
000000000000000000000
000000000000000000000
000000000000000000000
000000000000000000000
#
It:8:Diff:38:PSOStep:7:Time:0.312080621:s:AutomataStep:7:Transition:00111001111000000111000011110010101000111101110101001101011011110011110101111101100000110110111000001010100100000100001010000000011110110001101111000110110101100010100111101000001011101010100000011111111000010010010011101010011010011011110011001101110100100100000100101001101000101101110010000111111101010010100110011100011001000011110010001000100000101011001000110110000111010100010100100000110101101100110010101110011101101011001100111100010111110111010010000100111100100100101110011010110001010100001110110100
000000000000000000000
000000000000000000000
000000000000000000000
000000000010101011000
000000000101010101000
000000001010011010000
000000010100101001000
000000101001010100000
000001000110111111000
000011010111011010000
000101111101101101000
000000000000000000000
000000000000000000000
000000000000000000000
000000000000000000000
000000000000000000000
000000000000000000000
000000000000000000000
000000000000000000000
000000000000000000000
000000000000000000000
#
It:9:Diff:37:PSOStep:5:Time:0.332812075:s:AutomataStep:5:Transition:00001011110000000010010010110011101000010101110001001101000011110011010001111110100000110110111000001000100100100001001110000100011000000011100100100110001101100010100011000100001011100010100000011010011000000000110010101110010010001110100011101001100100010000001100101001001000000101000011100111111100010000100010011000000001000001110010001000000000001011011000100110000011000100010000100010110100000000010010001011011001001011000101100100010111110010010010000100111010100000101010110010111100010100000110110100
000000000000000000000
000000000000000000000
000000000000000000000
000000000000000000000
000000000000000000000
000000000000000100000
000000000000000100000
000000000001101000000
000000000100010100000
000000000111101000000
000001010100110100000
000000000000000000000
000000000000000000000
000000000000000000000
000000000000000000000
000000000000000000000
000000000000000000000
000000000000000000000
000000000000000000000
000000000000000000000
000000000000000000000
#
It:10:Diff:35:PSOStep:8:Time:0.354338076:s:AutomataStep:8:Transition:00000011100000001110010011100111101100001101110111000101001011110111111101111100100100110100110000001010111110100001001010001100001000000011101000111110111101101100100111001111001010100100110000001110010000001001110011101010110010101111110010101001101100000100101100011101001000100100101000110111010101010010100110001011000100000000111011011000000101100011011100110110000011010000101001100010110000001110010010011011111000001111000101110100010111010010010110000100010100100100101110110110111100000110000110111000
000000000000000000000
000000000000000000000
000000000000000000000
000000000000000000000
000000000000000000000
000000000000000000000
000000000000000000000
000000000000000100000
000000011101110100000
000010111100110011000
001111101100011101100
000000000000000000000
000000000000000000000
000000000000000000000
000000000000000000000
000000000000000000000
000000000000000000000
000000000000000000000
000000000000000000000
000000000000000000000
000000000000000000000
#
It:12:Diff:28:PSOStep:7:Time:0.393402906:s:AutomataStep:7:Transition:00100000110010111111001101110010100101000101111010101101110010110001111111101000100010010111101000101000100100011101001010001110001001000001101001110100001111111110100111100111100000101100111100001111011000001001110011000010111000011001010111101100101110000100110110011111101011101101110011110110110101000010000011110100000110000110110110011001011101011010011000110110000011011010000100111001010001001110010010000010001100001011001100000100110111010101110010100011111100110100100010110111111001111001000111000000
000000000000000000000
000000000000000000000
000000000000000000000
000000000010000000000
000000000110000000000
000000000011000000000
000000010110000000000
000000110010010000000
000001110100000000000
000010110111000110000
000111010111110111000
000000000000000000000
000000000000000000000
000000000000000000000
000000000000000000000
000000000000000000000
000000000000000000000
000000000000000000000
000000000000000000000
000000000000000000000
000000000000000000000
#
It:19:Diff:25:PSOStep:7:Time:0.527380958:s:AutomataStep:7:Transition:00110000111011101000001001000110111011100010010011101011110000110000111001101000001010000101001110001110000011100010000011000110000110010100101010010101000111011010011100100111100000100100111101100110011111000100100000111001001000000001111100100000001111100100110101011001001101001101101010110100101010101100000100010111010000011001011001001110110100001110010010010010111010100011010000110001010001000011001011001011001100110010110110011000100000100100100000101011000001010011010110010110010000111000000101100101
000000000000000000000
000000000000000000000
000000000000000000000
000000000010000000000
000000000101000000000
000000001100100000000
000000011110010000000
000000101110101000000
000001011110001100000
000011101000000010000
000111011110000111000
000000000000000000000
000000000000000000000
000000000000000000000
000000000000000000000
000000000000000000000
000000000000000000000
000000000000000000000
000000000000000000000
000000000000000000000
000000000000000000000
#
It:20:Diff:24:PSOStep:7:Time:0.551197939:s:AutomataStep:7:Transition:00100000111011111000000001000100111011000110000001101011010000100000011001101000000010000111001110000110100001000010000010000000000000010111001010000000000110010010011100000101100000100000111101000010001111001100100000011001001010000011111000100000001101000100010100001001101101000001001010000100001000101100000100010110000000001001011000000100111000001110000010000000001000000001010000110001000001000010001011001000001000010000110110010000100000100000100000000010000001010010110100000000000000111001000100100000
000000000000000000000
000000000000000000000
000000000000000000000
000000000010000000000
000000000111000000000
000000001000000000000
000000011110010000000
000000100100100000000
000001111100001000000
000010000100000010000
000111100111110111000
000000000000000000000
000000000000000000000
000000000000000000000
000000000000000000000
000000000000000000000
000000000000000000000
000000000000000000000
000000000000000000000
000000000000000000000
000000000000000000000
#
It:21:Diff:22:PSOStep:7:Time:0.584957355:s:AutomataStep:7:Transition:00110001111001101000000001100000111010000010000001001011110000010000010000101100001000000101000100001110000001000100000010000000000100010101101010010011000111000100001010000011100010100000111000001110011111000100100000110001001000000011011100100000001101000100100100001001101111011001111011000100001000100100000100010110000000000000111001001110111000000110000010010010001010000001010000110000000001000010010001011101000000010000010110011000110000100100100000000011100001110010110100010010010001011000000101110100
000000000000000000000
000000000000000000000
000000000000000000000
000000000010000000000
000000000111000000000
000000001001100000000
000000011100010000000
000000100001011000000
000001111000010100000
000010001011000110000
000111001000000111000
000000000000000000000
000000000000000000000
000000000000000000000
000000000000000000000
000000000000000000000
000000000000000000000
000000000000000000000
000000000000000000000
000000000000000000000
000000000000000000000
#
It:31:Diff:21:PSOStep:7:Time:0.753314574:s:AutomataStep:7:Transition:00110000111010101000001001110110101001100100010011101011110010100000111001111100000010010011101100111011111000100000000010101100000000010101101011110100000101011010011111110111101010101000111100101110011111001100110111111001001010000101001101100011011101110100110101001101101110100001111010111100101001111100101110010110010100001001111001101110111100001110010010010011011010000001010000110100111001001010010111011011000000010011110111101000110100000100110000100011100111110111101010000010111001111001000101110011
000000000000000000000
000000000000000000000
000000000000000000000
000000000010000000000
000000000101000000000
000000001010100000000
000000010101010000000
000000101010101000000
000001001010010100000
000011110101101010000
000110000001110111000
000000000000000000000
000000000000000000000
000000000000000000000
000000000000000000000
000000000000000000000
000000000000000000000
000000000000000000000
000000000000000000000
000000000000000000000
000000000000000000000
#
It:34:Diff:19:PSOStep:7:Time:0.797463077:s:AutomataStep:7:Transition:00110000111000101000001000110010111011110100010101101011100000100010111001001100000010000011001100101101110000110000010010001000000001010101001010000101000011001000011100100011100000000000111100101110011111000000110011111001001000000101001101100000001101110100110100001001001111000001101010011100100001101100000100010110000000001001111000001100111000001100010010010011111101100001010000111001000001000010010011001111000000110010010110010000000000100100110000100011000000010001100000000110100001111001000101000000
000000000000000000000
000000000000000000000
000000000000000000000
000000000010000000000
000000000101000000000
000000001100100000000
000000011101010000000
000000001000001000000
000001100011110100000
000011101011011010000
000111111011010111000
000000000000000000000
000000000000000000000
000000000000000000000
000000000000000000000
000000000000000000000
000000000000000000000
000000000000000000000
000000000000000000000
000000000000000000000
000000000000000000000
#
It:38:Diff:17:PSOStep:7:Time:0.85453136:s:AutomataStep:7:Transition:00110010111010101000000001100010101000000101000011101011110000100000011001111100000100000001100100110010101001100100000010100110000100110101101011110110000101011010011111100111101010100100111100101111011111001000100110111001101010001011011111100000001101110100110011001101101100100001111000110100001000111100101100000110000100100001111001001100111000001110010010010111011010000001010100110110011001000010010011011011000000010001011110101100110100100100110000100011101101110101101010000010010001111001000101010000
000000000000000000000
000000000000000000000
000000000000000000000
000000000010000000000
000000000111000000000
000000000010100000000
000000010100100000000
000000100001011000000
000001011011101100000
000010100110101010000
000111011000100111000
000000000000000000000
000000000000000000000
000000000000000000000
000000000000000000000
000000000000000000000
000000000000000000000
000000000000000000000
000000000000000000000
000000000000000000000
000000000000000000000
#
It:48:Diff:15:PSOStep:7:Time:1.004605297:s:AutomataStep:7:Transition:00110111111010101000000001100010101000000101000011101011110000100000011001111100000100000001100100111010101001100100000010110111000100110101101011110110100101011110011111100011101010100100111100101111010111101000100010101011101010001011011111100001001101110100010011001101101100100101111000110111001000111100101100000110010101100001111101101110111000111110010010010111011000000001000100110110011001001011010111011011000010011001111111101100111100100100111000000011111111110101101010000010110001111001000101010000
000000000000000000000
000000000000000000000
000000000000000000000
000000000010000000000
000000000111000000000
000000000010100000000
000000010100100000000
000000101001011000000
000001000011011100000
000010101111011010000
000111010001110111000
000000000000000000000
000000000000000000000
000000000000000000000
000000000000000000000
000000000000000000000
000000000000000000000
000000000000000000000
000000000000000000000
000000000000000000000
000000000000000000000
#
It:66:Diff:13:PSOStep:7:Time:1.26425228:s:AutomataStep:7:Transition:00110110111010101000000001100110111000101111000011101011110001110000011001111100000100000001100100110001000001101100000010101111000010111101101111110110100101001111011111101001101010100000011101101111010111101000110111111001101010101010011110100011011111110100010001001101101100110101111100110100100001111100101100000110010001100001010101101110111100101110010010010011011000000101010100110111011001001011010111011011110100011011110111101100111100000000111000000011111111110111111010010010110001111001000111010000
000000000000000000000
000000000000000000000
000000000000000000000
000000000010000000000
000000000101000000000
000000001011100000000
000000010100010000000
000000100100101000000
000001000001111100000
000010111111110110000
000111011111111111000
000000000000000000000
000000000000000000000
000000000000000000000
000000000000000000000
000000000000000000000
000000000000000000000
000000000000000000000
000000000000000000000
000000000000000000000
000000000000000000000
#
It:79:Diff:12:PSOStep:7:Time:1.447647021:s:AutomataStep:7:Transition:00110110111010111100000001100110111001101101001011101011110001110000011001111100000100000101100100110000100001101100000010111111000110111101101011110110100101011110011111101011101010100100011101101110111111101100110111111011101010101001011111100001011111110100010001001101111100110101101100110100001001111100101100000110010101100001011101101110111100111110010010010011011000000001010100110111111001001011000111011011110100011011111111101100111100100000111000000011111111110111111010010010110001111001000111010000
000000000000000000000
000000000000000000000
000000000000000000000
000000000010000000000
000000000111000000000
000000001011100000000
000000011111110000000
000000100000101000000
000001110001011100000
000010111001101110000
000111011111010111000
000000000000000000000
000000000000000000000
000000000000000000000
000000000000000000000
000000000000000000000
000000000000000000000
000000000000000000000
000000000000000000000
000000000000000000000
000000000000000000000
#
It:83:Diff:11:PSOStep:7:Time:1.511599523:s:AutomataStep:7:Transition:00110110111010111100000001100110111101101101001011101011110001110000011001111100000100000111100100110001000001100110011011111111000110111101101111110110100101011111011111111011101010100000111101101111110111101101110111111011101010001011011111100011011111110100010001001101111100110101111101110100101001111100101100000110010101100001011101101110111110111110010010010011111110000101010100110111111001001011010111011011010000011011111111101100111100100000111000000011111111110111111010010010110001111001000111010100
000000000000000000000
000000000000000000000
000000000000000000000
000000000010000000000
000000000111000000000
000000001011100000000
000000011101110000000
000000101111101000000
000001110010111100000
000010111100111110000
000111011101110111000
000000000000000000000
000000000000000000000
000000000000000000000
000000000000000000000
000000000000000000000
000000000000000000000
000000000000000000000
000000000000000000000
000000000000000000000
000000000000000000000
#
It:118:Diff:10:PSOStep:7:Time:2.169637242:s:AutomataStep:7:Transition:00110110111010111100010001100110111101111101000011101011110011110010011001111100000100000101100100110101000001100110010011111111000011111101111111110110100101011011011111101011101010100000111101101111110111101100110111111011101010001111011111100011011111110100110001001101101100110101111111110100101001111100101100000110010001100001111101101110111010101110010010110011111110000101010000110111011001001011010111011011110000011011111111101100111100000000111000000011111111110111111010010010011001111001000111010101
000000000000000000000
000000000000000000000
000000000000000000000
000000000010000000000
000000000111000000000
000000001011100000000
000000011101110000000
000000101111101000000
000001110111111100000
000010111101111110000
000111011111100111000
000000000000000000000
000000000000000000000
000000000000000000000
000000000000000000000
000000000000000000000
000000000000000000000
000000000000000000000
000000000000000000000
000000000000000000000
000000000000000000000
#
It:157:Diff:9:PSOStep:7:Time:3.01091915:s:AutomataStep:7:Transition:00110111111000111100000001100010111100101001001011101011110001110000011001111100000101000111100100110011100001100100000011111111000011111101101111110110100101011111011111101110101010100000011101101110110111101100110110101011101010001010011110100001011111110100010001001111111100110100111110110101101000111000101100100110000101100001011101101110111010111110010010110011111110000101010100110111111001001011010111011011011000011011110111101100011100100000101000000011111111110111111010010010110001111001000111010100
000000000000000000000
000000000000000000000
000000000000000000000
000000000010000000000
000000000111000000000
000000001011100000000
000000011101110000000
000000101011101000000
000001110001111100000
000010101110011010000
000111011111011111000
000000000000000000000
000000000000000000000
000000000000000000000
000000000000000000000
000000000000000000000
000000000000000000000
000000000000000000000
000000000000000000000
000000000000000000000
000000000000000000000
end
