PSO TRACE
INIT:../../instances/fazia/init.csv
REF:../../instances/fazia/asm2.csv
DecodingPolicy:Nibble
MutationPolicy:Null
ParticleNeighborhood:Fixed
ParticleDims:146
ParticleCount:100
AccP:2.0
AccG:2.0
AccL:1.5
AccI:2.3
Pos:0.0-3.0
Inertia:0.9-0.6
VeloMax:2.0
MaxPSOIteration:500
InertiaDecrFactor:6.000000000000001E-4
INIT
000000000000000000000
000000000000000000000
000000000000000000000
000000000000000000000
000000000000000000000
000000000000000000000
000000000000000000000
000000000000000000000
000000000000000000000
000000000000000000000
000000000010000000000
000000000000000000000
000000000000000000000
000000000000000000000
000000000000000000000
000000000000000000000
000000000000000000000
000000000000000000000
000000000000000000000
000000000000000000000
000000000000000000000
REF
000000000000000000000
000000000000000000000
000000000000000000000
000100000000000000000
000100000000000000000
000010111111000000000
000100001110100000000
000111111111010000000
000001100001011000000
000110101111010100000
000101101100111110000
000010100011110010000
000011111111110010000
000011000111110010000
000110110111011010000
000111101101110010000
000111100111100010000
000111111111111111000
000000000000000000000
000000000000000000000
000000000000000000000
Nibble Decoder
0 :1,2,3,4,
1 :0,2,3,4,
2 :0,1,3,4,
3 :0,1,2,4,
4 :0,1,2,3,
5 :6,7,8,9,
6 :5,7,8,9,
7 :5,6,8,9,
8 :5,6,7,9,
9 :5,6,7,8,
10 :11,12,13,14,
11 :10,12,13,14,
12 :10,11,13,14,
13 :10,11,12,14,
14 :10,11,12,13,
15 :16,17,18,19,
16 :15,17,18,19,
17 :15,16,18,19,
18 :15,16,17,19,
19 :15,16,17,18,
20 :21,22,23,24,
21 :20,22,23,24,
22 :20,21,23,24,
23 :20,21,22,24,
24 :20,21,22,23,
25 :26,27,28,29,
26 :25,27,28,29,
27 :25,26,28,29,
28 :25,26,27,29,
29 :25,26,27,28,
30 :31,32,33,34,
31 :30,32,33,34,
32 :30,31,33,34,
33 :30,31,32,34,
34 :30,31,32,33,
35 :36,37,38,39,
36 :35,37,38,39,
37 :35,36,38,39,
38 :35,36,37,39,
39 :35,36,37,38,
40 :41,42,43,44,
41 :40,42,43,44,
42 :40,41,43,44,
43 :40,41,42,44,
44 :40,41,42,43,
45 :46,47,48,49,
46 :45,47,48,49,
47 :45,46,48,49,
48 :45,46,47,49,
49 :45,46,47,48,
50 :51,52,53,54,
51 :50,52,53,54,
52 :50,51,53,54,
53 :50,51,52,54,
54 :50,51,52,53,
55 :56,57,58,59,
56 :55,57,58,59,
57 :55,56,58,59,
58 :55,56,57,59,
59 :55,56,57,58,
60 :61,62,63,64,
61 :60,62,63,64,
62 :60,61,63,64,
63 :60,61,62,64,
64 :60,61,62,63,
65 :66,67,68,69,
66 :65,67,68,69,
67 :65,66,68,69,
68 :65,66,67,69,
69 :65,66,67,68,
70 :71,72,73,74,
71 :70,72,73,74,
72 :70,71,73,74,
73 :70,71,72,74,
74 :70,71,72,73,
75 :76,77,78,79,
76 :75,77,78,79,
77 :75,76,78,79,
78 :75,76,77,79,
79 :75,76,77,78,
80 :81,82,83,84,
81 :80,82,83,84,
82 :80,81,83,84,
83 :80,81,82,84,
84 :80,81,82,83,
85 :86,87,88,89,
86 :85,87,88,89,
87 :85,86,88,89,
88 :85,86,87,89,
89 :85,86,87,88,
90 :91,92,93,94,
91 :90,92,93,94,
92 :90,91,93,94,
93 :90,91,92,94,
94 :90,91,92,93,
95 :96,97,98,99,
96 :95,97,98,99,
97 :95,96,98,99,
98 :95,96,97,99,
99 :95,96,97,98,
#
It:0:Diff:102:PSOStep:6:Time:0.368728773:s:AutomataStep:6:Transition:01100100010000100010101011101000111011000010011000100110111000101100001010101110100000100100101000000110011001001110101001100110000000000000001011000000100000000000110010001100110010001100000011000000100000001110011001100010001001100100000000001000110011001100000001101100000000001010111001101100100011001010101001101110110000100000101011100010101011101100000001100100000010100110110011001100000011001100110000100010110011101010110011000000100010101110101000001110001001101100111011001110110001000000010001100000
000000000000000000000
000000000000000000000
000000000000000000000
000000000000000000000
000010000000000000000
000001010000000000000
000010100000000000000
000000011010000000000
000010110101111000000
000001000100110100000
000010100100110010000
000000001000100000000
000010001001110010000
000001010000000000000
000010000110101110000
000000010010110100000
000010101010101010000
000000000000000000000
000000000000000000000
000000000000000000000
000000000000000000000
#
It:1:Diff:99:PSOStep:7:Time:0.831792785:s:AutomataStep:7:Transition:01100010111000001100101010101000100011101000110001001000110001101000001000000010100011000100000010000110111011101110111011100010010001100010101001000010001001001000001010001010101011001100001000100110100000101010101001000110001011101100100001101100000010101010100001001110000010001110000011100000001011001110101000001110010000100010111010100010001011101110001011100000011010100000110000001000001001001110011000100010110010000100010010100010101011100100101001101110010000100000010011101110000011101000101011100010
000000000000000000000
000000000000000000000
000000000000000000000
000110101010000000000
000100111011000000000
000000000111000000000
000110110100010000000
000100001000100000000
000111111010100000000
000100110001000010000
000011100000010011000
000010010011110101000
000110000011000111000
000111110011010000000
000111000011110011000
000111111101101010000
000111011101110111000
000101010101010101000
000000000000000000000
000000000000000000000
000000000000000000000
#
It:3:Diff:82:PSOStep:7:Time:1.02089503:s:AutomataStep:7:Transition:00100100001010001000111011101100001011000110110011101000000000101000000011101110001010001010111000100000111011100100111011100000100000100000011011001100001011101100100000101100011011001000001000101110001011100000000011100010001011100010100011000010010001001110011011100000000011001110111011101000011011000010101001001110110010001110111000001000001011101110100000101100110011001100001000100010001011000000100000101110101000101110101001100000010011101110111000000110101000101110111011101010100011000010111000100110
000000000000000000000
000000000000000000000
000000000000000000000
000000000010000000000
000000000001000000000
000000000100000000000
000000000010100000000
000000001110010000000
000000000011110000000
000000010110000000000
000000010111010110000
000000000100100010000
000000000010000010000
000000101110001010000
000000100100001010000
000011100001111110000
000000001110000010000
000111111111111111000
000000000000000000000
000000000000000000000
000000000000000000000
#
It:40:Diff:80:PSOStep:7:Time:4.066096073:s:AutomataStep:7:Transition:01000100110010001100010011101000010001000100101011000010101011001000100011101110110001000100010010100010111010101110101011100000101011101000100010000100110011101110010011001000110011001100110000001000010001001000100010101000100010000010010011001100001011101110111011001000100010000100100001001000111001101000111000001110100011000100010011100010100010100000010011101100100010001000100001001000100010001000110011000100101011001010001001001000001011101110000010000110111010001000110011001110100001001000111010000000
000000000000000000000
000000000000000000000
000000000000000000000
000100000000000000000
000100000000000000000
000101000000000000000
000100000000000000000
000101000000000000000
000101101000000000000
000101001100000000000
000101000000000000000
000101100101000000000
000100011100100000000
000101001110100000000
000100000010001000000
000101100111110100000
000111111111111110000
000111111111111111000
000000000000000000000
000000000000000000000
000000000000000000000
#
It:124:Diff:74:PSOStep:7:Time:10.216405283:s:AutomataStep:7:Transition:00100000111000001100111010100000011010001000000010101100111000001000110001100110010001001000111000001110100011100010111011101110111011101110001010001000000011000000000000001100111011101000000000001110001011101000111011101110000001100010000001101010001011001110111010001110000010000010111000001010000000000000111011101110011000001010011010000000000011101110111011101110000011101100000001100000110011100000000000001110110010001110101011101110100010101110011011000010010000001110111011101110110000001000111000000000
000000000000000000000
000000000000000000000
000000000000000000000
000000000010000000000
000000000110000000000
000000001001000000000
000000011011000000000
000000110010000000000
000000001000101000000
000010101100010100000
000110100101000100000
000001100000100010000
000110100110100010000
000000100111010110000
000110010101001000000
000011111001011010000
000100000011010010000
000110110111011011000
000000000000000000000
000000000000000000000
000000000000000000000
#
It:300:Diff:72:PSOStep:7:Time:23.424222215:s:AutomataStep:7:Transition:01000100111010001000110010001000011010000110010001101110110000101100001000001110011001001000110001001100111000101110000011001110110000001100110010101000100001001000100010001100110011100100100010001100110001000000111011000100100001001010100000001100011011001100111010100000100010001000110010101100100010101000110011001100110010001100001000101010100011001100110010001100100011001110100011101000000011001110110010001100001000001100111011001100010001101100000000100110111010001100110011001000100010000000110010101000
000000000000000000000
000000000000000000000
000000000000000000000
000100000000000000000
000101000000000000000
000011000000000000000
000101010000000000000
000100000001000000000
000011010110010000000
000100111001010000000
000100001000010000000
000010001100110000000
000011111111110000000
000011110011010000000
000110100010001000000
000100000000000000000
000110101010101010000
000111111111111111000
000000000000000000000
000000000000000000000
000000000000000000000
end
