PSO TRACE
INIT:../../instances/fazia/init.csv
REF:../../instances/fazia/asm2.csv
DecodingPolicy:Nibble
MutationPolicy:Null
ParticleNeighborhood:Fixed
ParticleDims:146
ParticleCount:100
AccP:2.0
AccG:2.0
AccL:1.5
AccI:2.3
Pos:0.0-3.0
Inertia:0.9-0.6
VeloMax:2.0
MaxPSOIteration:500
InertiaDecrFactor:6.000000000000001E-4
INIT
000000000000000000000
000000000000000000000
000000000000000000000
000000000000000000000
000000000000000000000
000000000000000000000
000000000000000000000
000000000000000000000
000000000000000000000
000000000000000000000
000000000010000000000
000000000000000000000
000000000000000000000
000000000000000000000
000000000000000000000
000000000000000000000
000000000000000000000
000000000000000000000
000000000000000000000
000000000000000000000
000000000000000000000
REF
000000000000000000000
000000000000000000000
000000000000000000000
000100000000000000000
000100000000000000000
000010111111000000000
000100001110100000000
000111111111010000000
000001100001011000000
000110101111010100000
000101101100111110000
000010100011110010000
000011111111110010000
000011000111110010000
000110110111011010000
000111101101110010000
000111100111100010000
000111111111111111000
000000000000000000000
000000000000000000000
000000000000000000000
Nibble Decoder
0 :1,2,3,4,
1 :0,2,3,4,
2 :0,1,3,4,
3 :0,1,2,4,
4 :0,1,2,3,
5 :6,7,8,9,
6 :5,7,8,9,
7 :5,6,8,9,
8 :5,6,7,9,
9 :5,6,7,8,
10 :11,12,13,14,
11 :10,12,13,14,
12 :10,11,13,14,
13 :10,11,12,14,
14 :10,11,12,13,
15 :16,17,18,19,
16 :15,17,18,19,
17 :15,16,18,19,
18 :15,16,17,19,
19 :15,16,17,18,
20 :21,22,23,24,
21 :20,22,23,24,
22 :20,21,23,24,
23 :20,21,22,24,
24 :20,21,22,23,
25 :26,27,28,29,
26 :25,27,28,29,
27 :25,26,28,29,
28 :25,26,27,29,
29 :25,26,27,28,
30 :31,32,33,34,
31 :30,32,33,34,
32 :30,31,33,34,
33 :30,31,32,34,
34 :30,31,32,33,
35 :36,37,38,39,
36 :35,37,38,39,
37 :35,36,38,39,
38 :35,36,37,39,
39 :35,36,37,38,
40 :41,42,43,44,
41 :40,42,43,44,
42 :40,41,43,44,
43 :40,41,42,44,
44 :40,41,42,43,
45 :46,47,48,49,
46 :45,47,48,49,
47 :45,46,48,49,
48 :45,46,47,49,
49 :45,46,47,48,
50 :51,52,53,54,
51 :50,52,53,54,
52 :50,51,53,54,
53 :50,51,52,54,
54 :50,51,52,53,
55 :56,57,58,59,
56 :55,57,58,59,
57 :55,56,58,59,
58 :55,56,57,59,
59 :55,56,57,58,
60 :61,62,63,64,
61 :60,62,63,64,
62 :60,61,63,64,
63 :60,61,62,64,
64 :60,61,62,63,
65 :66,67,68,69,
66 :65,67,68,69,
67 :65,66,68,69,
68 :65,66,67,69,
69 :65,66,67,68,
70 :71,72,73,74,
71 :70,72,73,74,
72 :70,71,73,74,
73 :70,71,72,74,
74 :70,71,72,73,
75 :76,77,78,79,
76 :75,77,78,79,
77 :75,76,78,79,
78 :75,76,77,79,
79 :75,76,77,78,
80 :81,82,83,84,
81 :80,82,83,84,
82 :80,81,83,84,
83 :80,81,82,84,
84 :80,81,82,83,
85 :86,87,88,89,
86 :85,87,88,89,
87 :85,86,88,89,
88 :85,86,87,89,
89 :85,86,87,88,
90 :91,92,93,94,
91 :90,92,93,94,
92 :90,91,93,94,
93 :90,91,92,94,
94 :90,91,92,93,
95 :96,97,98,99,
96 :95,97,98,99,
97 :95,96,98,99,
98 :95,96,97,99,
99 :95,96,97,98,
#
It:0:Diff:96:PSOStep:7:Time:0.387671621:s:AutomataStep:7:Transition:00100100010011000100001000001010000010101100111001101110101011101100110010000010101011001100100010101110111010000000110011101010100000000010001000000100011011000000001011000110001010100000101000101100110011000110000010100010110011100010010001101010110010001100011000000010000010001010001010100110001001101110110011001100110001101110011001101010001010101000111010101000000001000100100011101000000000000010110000101100101011101010110001000010011001001100001000101000100001100100111001101100101010101110001011100000
000000000000000000000
000000000000000000000
000000000000000000000
000000000010000000000
000000000000000000000
000000000100000000000
000000000000000000000
000000001011100000000
000000000000000000000
000000010100000000000
000000010100000000000
000000000010001000000
000000000111000000000
000000011100110000000
000000010000000000000
000011000000010010000
000001010100010100000
000111011101110111000
000000000000000000000
000000000000000000000
000000000000000000000
#
It:5:Diff:95:PSOStep:7:Time:1.102179073:s:AutomataStep:7:Transition:01100100010010001110010011100100011001001100011001000010010000101000001000000110111001101010011001100100110010100110100000100100101010000110000001101110100011000000000001001100011001100110011000000010011000000010011001000100001001000000010011001110110001001000001011001000011011000110000001100100001001000110000001000100001010000110010011100000000001101010001010001110011001001010001000101110010000001010001001000000010001100000000001000110010001000110110000001110110011100100001001000000010000001110000010001110
000000000000000000000
000000000000000000000
000000000000000000000
000110000000000000000
000011000000000000000
000100000000000000000
000000100000000000000
000100000000000000000
000010100000000000000
000111100010000000000
000001001011100000000
000100000000000000000
000010000001110000000
000100000101000000000
000000111000010000000
000100000000000110000
000010101010101010000
000111011101110111000
000000000000000000000
000000000000000000000
000000000000000000000
#
It:6:Diff:89:PSOStep:7:Time:1.216673081:s:AutomataStep:7:Transition:01100010001010000110001011000110011001000000011000100010001011101000000001000110011011101100011010000010110010000110001011100010001000001000010000101000011000000000001001000110011010000110011001000010011001000010011000100010100001000100001001001000100001001000101011000100011000000110010000100000001011000110001000100000100001000110000000100000010000100110100010001000011001001100101010001000010010101010011001000100001010000100010000100110001001001110111000000110101010000010001001001010001000101110001000001100
000000000000000000000
000000000000000000000
000000000000000000000
000110101010000000000
000010001000000000000
000110011101000000000
000000101010000000000
000110101001100000000
000000000000000000000
000101001011010000000
000011000101000000000
000110000000111000000
000010111100000000000
000110010101010100000
000010101010000000000
000110101010101010000
000000000000000000000
000101010101010101000
000000000000000000000
000000000000000000000
000000000000000000000
#
It:9:Diff:86:PSOStep:7:Time:1.499199578:s:AutomataStep:7:Transition:00100010111000000010101010001000001000001010100010101110101000101100010000100110001010001000111010000000101000101110000011001010101001000010101000000010101010001010110010101100001011000000001001001010110011000000001000000000001000001110101010001000010000101000001011000000111011001000101000100000111001000010101010101010111010101100000000101100110011100110001001001100001000101000001000100010101010000000001010101010110011101010111010100010101000001100001000000010101000001010101000101010001010100010000011101110
000000000000000000000
000000000000000000000
000000000000000000000
000000000010000000000
000000000010000000000
000000000110000000000
000000011010000000000
000000101010100000000
000001100011100000000
000001000100000000000
000110000110010000000
000100001001101000000
000101110111001000000
000111010000000100000
000100010001000000000
000110011001100110000
000101110111011110000
000111111111111111000
000000000000000000000
000000000000000000000
000000000000000000000
#
It:14:Diff:85:PSOStep:7:Time:1.899066495:s:AutomataStep:7:Transition:01100010110010101000001001101110011011001010100011001110110001101000011000101000011001101100011001100110110011000110110001001000110010001100110010001000110011001100001001001100011010001010101000101110111011001010011011001100011011000000011011101110000000101100011011001100111010101000110001101100101000101110001011001100111010101000110011000010000001101010011010001100100011000110011010000010110011001100001011001100001001100010110000101100000001001000110011001010111001101100110000001100011010000010000000100110
000000000000000000000
000000000000000000000
000000000000000000000
000110101010000000000
000100001110000000000
000011101100100000000
000101100001100000000
000110110111010000000
000111101111010000000
000111110001111000000
000010011001111000000
000010111001100000000
000111110010010000000
000100110010111000000
000110011000010000000
000101001100100000000
000100110010000110000
000111011101110111000
000000000000000000000
000000000000000000000
000000000000000000000
#
It:71:Diff:79:PSOStep:7:Time:6.108253823:s:AutomataStep:7:Transition:01100010110001101000110001101110011011001000011011001000110011101000111011100110011001101000011001101000100011001010111000001010100010100110100011100100000000101100001010001100011010100000100000101110111011001100011011101100011011001100000010000110110000001010010010101000101001100100110001101100100000000100011011001100111010001110110010000110000001101000111011101000011011000110111010101100110011100010000011001010011010001000110010100110100010000110111011001000101001001100110000001100010001001110111011100010
000000000000000000000
000000000000000000000
000000000000000000000
000110101010000000000
000100011110000000000
000101001111000000000
000100110100100000000
000100100011110000000
000101100011011000000
000111011000111100000
000100111100011100000
000101000001111100000
000101000101000110000
000111001111000000000
000100100001011110000
000101100011001010000
000110101111101010000
000111100011011011000
000000000000000000000
000000000000000000000
000000000000000000000
#
It:110:Diff:73:PSOStep:7:Time:8.976936498:s:AutomataStep:7:Transition:01100000110010101000100001100110011011001100011011000010110001101110011000000110011001100000011001100110110011101010111011000100100001100000110001000110000011101100110000001100100010101100101011101000011011000100011010101100011011001100100001100100110000001100011010100100111010101110110001101100110011000000000011001100001011001010110011101010011001101000111010001100111011000110011001101110110000001110101011001110111000001110110000001000111010000000101011000100010010001100110011001100101011001110101010001110
000000000000000000000
000000000000000000000
000000000000000000000
000110000000000000000
000100010000000000000
000000000110000000000
000110110010000000000
000101011101000000000
000001001000001000000
000110111011000100000
000101110100011000000
000000011010101000000
000001000000110010000
000001101100110100000
000110100000000110000
000101001011100110000
000101110100101110000
000110111100111111000
000000000000000000000
000000000000000000000
000000000000000000000
#
It:224:Diff:70:PSOStep:7:Time:17.524252635:s:AutomataStep:7:Transition:01100100110001101100111001100110011011001100011011000100110001101110011011000110011001101100011001100100110001101010100011001100111001100000110001101010111000001100110011101100011000001000101000101100011000100010011001101100011011001100000000101100010011101100011000000110001000000110110001101100110011000110110011000010111011000110110001101110010000000110000011101010000011000110011001101000110000101000011011000110100011000000110011001010001001100100110011001000001001101100110011001100111011000110101010101000
000000000000000000000
000000000000000000000
000000000000000000000
000110000000000000000
000100000000000000000
000111100110000000000
000111000011110000000
000111111111011000000
000100001111100000000
000110111011001000000
000100001110100100000
000110101001010000000
000100010100101110000
000110010101100100000
000100010101011110000
000111001101110110000
000101110001000110000
000111011101110111000
000000000000000000000
000000000000000000000
000000000000000000000
#
It:497:Diff:68:PSOStep:7:Time:37.073077774:s:AutomataStep:7:Transition:01100000110001101100100001100110011011001100011011000000110001101110011000100110011001101100011001101100110001100110011011000010101001101010110010001010100000001100110011101100011000101000001011001100011010101000011001101100011011001100111011001100001000001100011011000110100001000110110001101100110011000010110011001010011011000110110010000000001011000110001011100010010011000110011001100110110001000000011011000000011011000000110011000100000011100000001011001000110001101100110011001100000011000110000010000110
000000000000000000000
000000000000000000000
000000000000000000000
000110000000000000000
000100000000000000000
000010000000000000000
000100101110110000000
000100100110110000000
000000011110001000000
000100011011010100000
000100000000110000000
000000001110100000000
000011111110011010000
000011000011110100000
000111000011011110000
000101001100010110000
000100010001110110000
000110111100111111000
000000000000000000000
000000000000000000000
000000000000000000000
end
