PSO TRACE
INIT:../../instances/fazia/init.csv
REF:../../instances/fazia/asm2.csv
DecodingPolicy:Nibble
MutationPolicy:Null
ParticleNeighborhood:Fixed
ParticleDims:146
ParticleCount:100
AccP:2.0
AccG:2.0
AccL:1.5
AccI:2.3
Pos:0.0-3.0
Inertia:0.9-0.6
VeloMax:2.0
MaxPSOIteration:500
InertiaDecrFactor:6.000000000000001E-4
INIT
000000000000000000000
000000000000000000000
000000000000000000000
000000000000000000000
000000000000000000000
000000000000000000000
000000000000000000000
000000000000000000000
000000000000000000000
000000000000000000000
000000000010000000000
000000000000000000000
000000000000000000000
000000000000000000000
000000000000000000000
000000000000000000000
000000000000000000000
000000000000000000000
000000000000000000000
000000000000000000000
000000000000000000000
REF
000000000000000000000
000000000000000000000
000000000000000000000
000100000000000000000
000100000000000000000
000010111111000000000
000100001110100000000
000111111111010000000
000001100001011000000
000110101111010100000
000101101100111110000
000010100011110010000
000011111111110010000
000011000111110010000
000110110111011010000
000111101101110010000
000111100111100010000
000111111111111111000
000000000000000000000
000000000000000000000
000000000000000000000
Nibble Decoder
0 :1,2,3,4,
1 :0,2,3,4,
2 :0,1,3,4,
3 :0,1,2,4,
4 :0,1,2,3,
5 :6,7,8,9,
6 :5,7,8,9,
7 :5,6,8,9,
8 :5,6,7,9,
9 :5,6,7,8,
10 :11,12,13,14,
11 :10,12,13,14,
12 :10,11,13,14,
13 :10,11,12,14,
14 :10,11,12,13,
15 :16,17,18,19,
16 :15,17,18,19,
17 :15,16,18,19,
18 :15,16,17,19,
19 :15,16,17,18,
20 :21,22,23,24,
21 :20,22,23,24,
22 :20,21,23,24,
23 :20,21,22,24,
24 :20,21,22,23,
25 :26,27,28,29,
26 :25,27,28,29,
27 :25,26,28,29,
28 :25,26,27,29,
29 :25,26,27,28,
30 :31,32,33,34,
31 :30,32,33,34,
32 :30,31,33,34,
33 :30,31,32,34,
34 :30,31,32,33,
35 :36,37,38,39,
36 :35,37,38,39,
37 :35,36,38,39,
38 :35,36,37,39,
39 :35,36,37,38,
40 :41,42,43,44,
41 :40,42,43,44,
42 :40,41,43,44,
43 :40,41,42,44,
44 :40,41,42,43,
45 :46,47,48,49,
46 :45,47,48,49,
47 :45,46,48,49,
48 :45,46,47,49,
49 :45,46,47,48,
50 :51,52,53,54,
51 :50,52,53,54,
52 :50,51,53,54,
53 :50,51,52,54,
54 :50,51,52,53,
55 :56,57,58,59,
56 :55,57,58,59,
57 :55,56,58,59,
58 :55,56,57,59,
59 :55,56,57,58,
60 :61,62,63,64,
61 :60,62,63,64,
62 :60,61,63,64,
63 :60,61,62,64,
64 :60,61,62,63,
65 :66,67,68,69,
66 :65,67,68,69,
67 :65,66,68,69,
68 :65,66,67,69,
69 :65,66,67,68,
70 :71,72,73,74,
71 :70,72,73,74,
72 :70,71,73,74,
73 :70,71,72,74,
74 :70,71,72,73,
75 :76,77,78,79,
76 :75,77,78,79,
77 :75,76,78,79,
78 :75,76,77,79,
79 :75,76,77,78,
80 :81,82,83,84,
81 :80,82,83,84,
82 :80,81,83,84,
83 :80,81,82,84,
84 :80,81,82,83,
85 :86,87,88,89,
86 :85,87,88,89,
87 :85,86,88,89,
88 :85,86,87,89,
89 :85,86,87,88,
90 :91,92,93,94,
91 :90,92,93,94,
92 :90,91,93,94,
93 :90,91,92,94,
94 :90,91,92,93,
95 :96,97,98,99,
96 :95,97,98,99,
97 :95,96,98,99,
98 :95,96,97,99,
99 :95,96,97,98,
#
It:0:Diff:104:PSOStep:3:Time:0.39854867:s:AutomataStep:3:Transition:01001100100010000010000010101010110000101000000010101100111000100100110010000100110000101000001010000000010001001110010011100100101000101010111001100110111011100110010001000110011011100100011001100110110001001110101010101100101000101010110001001010010011101000000011000000000010100010110001000110011010101100000001100100010011101100001000101000000011001100110010100110101011000000000010101100011001000010000010101010010001100010000010001010110000001100100001000100100000000100111000101000100001001110110000001010
000000000000000000000
000000000000000000000
000000000000000000000
000000000000000000000
000000000000000000000
000000000000000000000
000000000000000000000
000000010101010000000
000000010000010000000
000000010011010000000
000000010100000000000
000000001010010000000
000000000111110000000
000000000000110000000
000000000000000000000
000000000000000000000
000000000000000000000
000000000000000000000
000000000000000000000
000000000000000000000
000000000000000000000
#
It:1:Diff:102:PSOStep:6:Time:0.770242425:s:AutomataStep:6:Transition:01100000111011101010110010101100101010101110011001101000110001000110000011100000101011001010110011101100111011100100011011100100101010001000111011101000111011000100110000001010111011100010111000000110111011101110000010101000100000101110101000101010101001000110100011101000000000000000000001100000110010100010010010100010111010001110000010100110000010100000111001101110001011000000101010000110011011100000101001100010001001001110001000000010111000101110101011001100110011001100111010101110000001101110001010100000
000000000000000000000
000000000000000000000
000000000000000000000
000000000000000000000
000010000000000000000
000010010000000000000
000010111010000000000
000010100111110000000
000010000000001000000
000010101100011100000
000010110111001010000
000001011001011000000
000000101010100000000
000000010011010000000
000000001010000000000
000000000100000000000
000000000010000000000
000000000000000000000
000000000000000000000
000000000000000000000
000000000000000000000
#
It:2:Diff:95:PSOStep:7:Time:0.876343581:s:AutomataStep:7:Transition:00100010111010000110010011000100111000100100001010100110111010001010100000001000011001000110001011000110101011000000000001001100001000001000010011000000010010001110111011001100110000001100000010001110110010001000001010000010100001001110010011000100001000001000000010001000001011100010000001001110111000100010111010000100000011101010001011000100010000001110010000101010011011000000001011000010111011100100110011000000111011000010010010100010011011101000111001101100110010100100110011000000110010000000101001000100
000000000000000000000
000000000000000000000
000000000000000000000
000000000010000000000
000000000001000000000
000000001101000000000
000000000100000000000
000000100110010000000
000000011100101000000
000000000101110100000
000111000101100100000
000000101100111000000
000110000110000000000
000000011010001100000
000110111110001010000
000001011010111100000
000101010101010101000
000101010101010101000
000000000000000000000
000000000000000000000
000000000000000000000
#
It:4:Diff:91:PSOStep:7:Time:1.046318926:s:AutomataStep:7:Transition:00100010111011000110110011000000001000000010001001100000100001001010110010001100000000001000001010000110101010101100000011001100001000101010110011000100011011001110110011000010110011101000001010000000110001001100001011000010011000100110100001100110011000001100000011001000001000101100110000101010011011000010011011001110111001001000001000000010101011001000000001100110111000100110110000100010011000100010001000101000011011000010001010000010000000101010001000101100110011100010110000001000111010101110100011001000
000000000000000000000
000000000000000000000
000000000000000000000
000000000010000000000
000000000100000000000
000000001100000000000
000000010010000000000
000000000000000000000
000000001000000000000
000010101011010000000
000101011011100000000
000010110011001000000
000101110011011000000
000010101100101100000
000101001101110000000
000010101000100010000
000110000000000000000
000101010101010101000
000000000000000000000
000000000000000000000
000000000000000000000
#
It:6:Diff:88:PSOStep:7:Time:1.181214661:s:AutomataStep:7:Transition:00100000110001101100001010100000001000101110000011100000010000101100101010001000010011101110001011100000101010101100101010101010001010000110001010001010000001100010110010001110101011101010001010101010100001001010001010101100001000100000001011100110111010001010110010101110001000101110101000101010111011100010010001101010110011000010110010100010001010000100111000000000001000100000100000100010111000100010001000101000011010101010001001101100010000100110001000101000101000100010101011101010001010100110101001100110
000000000000000000000
000000000000000000000
000000000000000000000
000000000010000000000
000000000100000000000
000000000001000000000
000000001010000000000
000000111010100000000
000000110011100000000
000000000000000000000
000101110001000000000
000110100100000000000
000110101101111000000
000000010110100100000
000100100010001000000
000011101110101010000
000110001010100110000
000101010101010101000
000000000000000000000
000000000000000000000
000000000000000000000
#
It:67:Diff:86:PSOStep:7:Time:5.931479066:s:AutomataStep:7:Transition:00100010001010101100101010101010001000100010101011101010101010101010101000001010110000100010101000100010100010100010010010101010110000000010010010001010001010101010010010100110101000101010001010100000101000101010110010100110001000100110110011101010011010101010001010100000001000101110101000101000001011000010110010000000001000101000110001000010000010101010000000000000000000101010110000100010001000100010001000100010000010100000101010101100100010100010000000101010101001001010101000001010001000001100101011001100
000000000000000000000
000000000000000000000
000000000000000000000
000000000010000000000
000000000010000000000
000000000111000000000
000000000001000000000
000000001001000000000
000000001010100000000
000000011010010000000
000000000000110000000
000000001001101000000
000000111000100000000
000000010101111000000
000000110011000000000
000001101101111010000
000010111000110110000
000110111100111111000
000000000000000000000
000000000000000000000
000000000000000000000
#
It:77:Diff:82:PSOStep:6:Time:6.722546418:s:AutomataStep:6:Transition:01000110111011001000111000101100111011000110010011001100011000101100111010001110010000001000011011101100111000101110000011001100110000000000001001100010111010000010111011000000111001100100011011101010111011101110110010101110010011100110101011001100011001000110011000001100110011001000010011001110111001000000111011101100001011101100110001000000101011101100111000101100010011101100000011001100011011101010011011100010010011100110110000101110111010001100111000100110000010001110111000000010110011101100010010000010
000000000000000000000
000000000000000000000
000000000000000000000
000000000000000000000
000010000000000000000
000010101000000000000
000000011110000000000
000001110111100000000
000011011000010000000
000011001111110000000
000001011110111110000
000010111001011000000
000010111100111000000
000000000111100000000
000000000010100000000
000011111100000000000
000011111110000000000
000000000000000000000
000000000000000000000
000000000000000000000
000000000000000000000
#
It:81:Diff:81:PSOStep:7:Time:7.030006466:s:AutomataStep:7:Transition:01000010110000001000111010001010000011001110111011001010011010001010011001000100111000001100100000001100111001100000100010001010110000001000100001101100111011101000000010001110010010100100101011101000010011100100110011101010000000000000111001001000011001001110000001101100110010101100111011001110010011101010110011101100100000001010101000001110000011100000111000000010000011101100100010101100000000001010101000000010000001100000110011100100111010101100010010000000111011000000010010001110110011001100010011000100
000000000000000000000
000000000000000000000
000000000000000000000
000100000000000000000
000101000000000000000
000111000100000000000
000010000110000000000
000000111101000000000
000111000011000000000
000111101100100000000
000010000000000000000
000000000000000000000
000111001111110000000
000111111111111000000
000010010001000100000
000000000000000000000
000110111011101110000
000111111111111111000
000000000000000000000
000000000000000000000
000000000000000000000
#
It:102:Diff:79:PSOStep:7:Time:8.57909577:s:AutomataStep:7:Transition:01100100110010001000011010001000011010000110011010001000011011001000111011100110011001101000100001100110011011101110101010001100010010000100110010101000011011100110010000000110010001001110001001101010011001101110100010001100011001101110000011101000111001100110011001101100100001000100011010000110111011101000100001101000000010001110100001101010011001101000011010001000011011101000100010101000011001000100010000101100101001100110111000100000011001101000011001000000101010000110111001001010100010001000111010000110
000000000000000000000
000000000000000000000
000000000000000000000
000110000000000000000
000101110000000000000
000110101110000000000
000100110111110000000
000111110110000000000
000111110001110100000
000110110111011010000
000110100100101110000
000110100010111000000
000110111100111000000
000111000110000000000
000100001010100000000
000111101100000000000
000110100000000000000
000100000000000000000
000000000000000000000
000000000000000000000
000000000000000000000
#
It:111:Diff:78:PSOStep:7:Time:9.124614238:s:AutomataStep:7:Transition:01000110111001100000001001000000111011001100100010101100101010001010100000100100100001101100100010100010010000001010101011001100111000001000110000001010010001100000110000101000110010000110001001001010010010001010011010100100010010100010010011001010000011101010110010000010110010001110100011101010111010101100101001001010010000000010101000101100001010001100111010101010100011001100110001000110010010001110111011001010101011101000101011100010010000101010111001001000110010100100100010001100110011101100110010100100
000000000000000000000
000000000000000000000
000000000000000000000
000100000000000000000
000101000000000000000
000001010100000000000
000110001001000000000
000101010111010000000
000100001100001000000
000110111111011010000
000000100100000101000
000010010000000011000
000111110110111001000
000101000110100011000
000110000000000001000
000101011110010111000
000100110110100011000
000110110111011011000
000000000000000000000
000000000000000000000
000000000000000000000
#
It:156:Diff:72:PSOStep:7:Time:12.662024011:s:AutomataStep:7:Transition:01000010100010101110111011101000111010001110000010001110000011001000111001001110000011001010111011101100111011101110000010000010100001001010101001101000111000001100001001000000111001001110101011100000011001101110100011101100111011101110000010001000011001001110000010101000100000101000111010001110111011101010100001101000100011101000100011100010011011100000101000101100111011101000100010001000000011100100111001001010101010001110000001001110111000100000111010000110101000001110111010001000100010001000001010000100
000000000000000000000
000000000000000000000
000000000000000000000
000100000000000000000
000111100000000000000
000000111010000000000
000110101111000000000
000110110000000000000
000001101001101000000
000100101100010010000
000111000011110011000
000100101011111011000
000000100111110101000
000100110000010011000
000110011011001111000
000001100010111011000
000111100110110011000
000111111111111111000
000000000000000000000
000000000000000000000
000000000000000000000
#
It:359:Diff:71:PSOStep:7:Time:27.359767011:s:AutomataStep:7:Transition:01000110101010101110111010101010111010101110001010100110101010101010111001001110011001000110111011100000111011101110000010100000101011100000111011101010111011101010001000101100111011101110010011101010000001101110101010101010001011101110100010101010011011101110000000001010101010100000111011001110111011100110101000101010101011101010101011100010111011101100111011101010111011101010101010101010101011100010111011101100110010101110110011101110111000000000111010100110110011101110111000001010101010101010111010100010
000000000000000000000
000000000000000000000
000000000000000000000
000100000000000000000
000111101000000000000
000000000010000000000
000101000101000000000
000101111110110000000
000011101101111000000
000100111100010010000
000100001100011011000
000100001011110011000
000011110101111011000
000101100001110011000
000110001000000011000
000001010110110011000
000101111111101111000
000111111111111111000
000000000000000000000
000000000000000000000
000000000000000000000
#
It:440:Diff:70:PSOStep:7:Time:33.344223198:s:AutomataStep:7:Transition:01000010101000000010100010001010011010100110111010101010101000101010011001101100100011001000111001100100100010000110101011101100100010001100100001001000111010101000101011001010100001101010100010000000100010001000101011101110100001100000011010101000100010001000110001101000101011100110100010101110011000101010111010000100110010101100101001100010011010001110100010101010010011001110101011001110101001101000011011001000101000100110110010000000000010000110011011000110111001101000000000001000101000001010001010101010
000000000000000000000
000000000000000000000
000000000000000000000
000100000000000000000
000100100000000000000
000000110010000000000
000100000011000000000
000110111101000000000
000010011111101000000
000100101010100100000
000101000110111110000
000110000100010010000
000011100011010010000
000100110000011010000
000100101100011010000
000000110010010010000
000111111001111110000
000111111111111111000
000000000000000000000
000000000000000000000
000000000000000000000
end
