PSO TRACE
INIT:../../instances/fazia/init.csv
REF:../../instances/fazia/asvn1.csv
DecodingPolicy:Nibble
MutationPolicy:Std
ParticleNeighborhood:EDist
ParticleDims:146
ParticleCount:100
AccP:2.0
AccG:2.0
AccL:1.5
AccI:2.3
Pos:0.0-3.0
Inertia:0.9-0.6
VeloMax:2.0
MaxPSOIteration:500
InertiaDecrFactor:6.000000000000001E-4
INIT
000000000000000000000
000000000000000000000
000000000000000000000
000000000000000000000
000000000000000000000
000000000000000000000
000000000000000000000
000000000000000000000
000000000000000000000
000000000000000000000
000000000010000000000
000000000000000000000
000000000000000000000
000000000000000000000
000000000000000000000
000000000000000000000
000000000000000000000
000000000000000000000
000000000000000000000
000000000000000000000
000000000000000000000
REF
000000000000000000000
000000000000000000000
000000000000000000000
000000000010000000000
000000000111000000000
000000001010100000000
000000011100110000000
000000101001101000000
000001111001111100000
000010111111111010000
000111011111110111000
000000000000000000000
000000000000000000000
000000000000000000000
000000000000000000000
000000000000000000000
000000000000000000000
000000000000000000000
000000000000000000000
000000000000000000000
000000000000000000000
Nibble Decoder
#
It:0:Diff:45:PSOStep:3:Time:0.21525552:s:AutomataStep:3:Transition:01000110101000001110010010100000000000100100000001100110111001000000100011000110000010000010110000101110100010101010100011000000000001001000000001000110011000001110011000000100110010101100010001001110010001101010111010000110001001100010100010101110111001000000101001001000101001100110010001100100100000000000010001001000110001100110011000001110001010100110101001101100101001000110111010100110001011001110011010100010111011100010110000100010110000000100111001001110111000001010110011100110001000001100001001100000
000000000000000000000
000000000000000000000
000000000000000000000
000000000000000000000
000000000000000000000
000000000000000000000
000000000000000000000
000000010000000000000
000000011000000000000
000000000110000000000
000000011001000000000
000000000010000000000
000000000000000000000
000000000000000000000
000000000000000000000
000000000000000000000
000000000000000000000
000000000000000000000
000000000000000000000
000000000000000000000
000000000000000000000
#
It:4:Diff:41:PSOStep:3:Time:0.869052476:s:AutomataStep:3:Transition:00101010101010101010011000001010100000101000010010001010000000100010001000101100001010100110111000100010101001100010011010000010001000001010001001000110011000001010011011101110010001101110101001100100100001101010000000101010101010100100101010101000000000100010101001000010011011101010100000001000010000000010101010101010100000101010011010100000100010100010011000001010101010100010011010001010011010100110111010101100110000100110101010100010001000100000001001101010001010001010101010101000100010001010011010101010
000000000000000000000
000000000000000000000
000000000000000000000
000000000000000000000
000000000000000000000
000000000000000000000
000000000000000000000
000000000000110000000
000000000000110000000
000000001101000000000
000000011100100000000
000000000000000000000
000000000000000000000
000000000000000000000
000000000000000000000
000000000000000000000
000000000000000000000
000000000000000000000
000000000000000000000
000000000000000000000
000000000000000000000
#
It:5:Diff:40:PSOStep:5:Time:0.958934267:s:AutomataStep:5:Transition:00000100111001100110011011101000100011101010100000101110110011100100010001000000111001101110111001001010110010000000010000000100010011101110001001001110010001000110011001000110010001001110110000000100010011100010110001001110111001100100111011101100101001000100111000101110010000101110110011101110011011000100111011101100111011101110000011101010110011100100111011101010000011100110010001101110111011100110111011101110010001001110111011100100011001001110010001001110010010001110010011100100111001101110110011100000
000000000000000000000
000000000000000000000
000000000000000000000
000000000000000000000
000000000000000000000
000000000000000000000
000000000000000000000
000000000000000000000
000000000000000000000
000000010111000000000
000001010111110100000
000000010001000000000
000000000000000000000
000000000000000000000
000000000000000000000
000000000000000000000
000000000000000000000
000000000000000000000
000000000000000000000
000000000000000000000
000000000000000000000
#
It:10:Diff:36:PSOStep:5:Time:1.298174413:s:AutomataStep:5:Transition:00100110111011100100001011100110111010101010110001001110011011100100001000100000110011001110111000100110100001101100010010000010001011001110000000101010001001001100001011000110001001000110010000100010001011101110011010001110111001001110110011100010011000100010011011001110001011101110101011101110001000100010011011101010001011101110110011100110000011100010101011101110011011000010110000101110111011101110111011101110001000101110111011100010001000101110010011101110001001101110111011100010111010000000001011100100
000000000000000000000
000000000000000000000
000000000000000000000
000000000000000000000
000000000000000000000
000000000010000000000
000000000101000000000
000000000000100000000
000000011000010000000
000000000011111000000
000001101111010100000
000000010100000000000
000000000000000000000
000000000000000000000
000000000000000000000
000000000000000000000
000000000000000000000
000000000000000000000
000000000000000000000
000000000000000000000
000000000000000000000
#
It:11:Diff:35:PSOStep:5:Time:1.400125215:s:AutomataStep:5:Transition:00100000111011100010001011101100111011100100000000101110001011100010001000101000001001000100111000101010100000100110001011100010001000101110100000101110001010100010001000100100001000100100001000100010001011101110001001101110111000100110000011101000010011100010111001101110000001001110110010101110100011100010010011101110110011101110101011100110001011100010111011101110001000100010001011001110111011100010111011101110001000101110111010100010001000101110001011101110001000101110010011100110111011101110111011100010
000000000000000000000
000000000000000000000
000000000000000000000
000000000000000000000
000000000000000000000
000000000010000000000
000000000101000000000
000000001000100000000
000000010000010000000
000000100110001000000
000001000011110100000
000000000000000000000
000000000000000000000
000000000000000000000
000000000000000000000
000000000000000000000
000000000000000000000
000000000000000000000
000000000000000000000
000000000000000000000
000000000000000000000
#
It:14:Diff:33:PSOStep:5:Time:1.590554234:s:AutomataStep:5:Transition:00100110111011100010000011100010100011101110011001101010001011100010001010000100111000100000111000101100101000101100010010100010001001101110111000101110110001001100010010000110001000000110001001101000010011100100000000101110111000101100110011100010110000100010111000101110000001101110000000101110100011100010011010101110001010101110100011101000111011100010111011101110001000100010001001101110111011101110111011101110001011001110111000000010001011101110001010101110001001101110001011100010101000000110010001101110
000000000000000000000
000000000000000000000
000000000000000000000
000000000000000000000
000000000000000000000
000000000010000000000
000000000101000000000
000000000100100000000
000000011011110000000
000000101100111000000
000001110111010100000
000000000000000000000
000000000000000000000
000000000000000000000
000000000000000000000
000000000000000000000
000000000000000000000
000000000000000000000
000000000000000000000
000000000000000000000
000000000000000000000
#
It:20:Diff:31:PSOStep:7:Time:1.944996758:s:AutomataStep:7:Transition:00100010111011100010110011100110011011101000100000101110001011100010001010100100001001001100101000100000001000101010101011100010001000001010101001101110111011100000010001101000001000101010001011100010010011101110101000101110111000000010011011100000111000100010100011001110011010001110100011101110110000100010001011101110001001001110000011100010010011100010111011101110100011100010001001101110111011100000011011100110001000001110100010000100001001001000001001101110001011001110100011100000111001001110111010000100
000000000000000000000
000000000000000000000
000000000000000000000
000000000010000000000
000000000101000000000
000000000111100000000
000000001101110000000
000000101001001000000
000000000101011100000
000011010111000100000
000101111010000000000
000000100000000000000
000000000000000000000
000000000000000000000
000000000000000000000
000000000000000000000
000000000000000000000
000000000000000000000
000000000000000000000
000000000000000000000
000000000000000000000
#
It:21:Diff:29:PSOStep:7:Time:2.007997583:s:AutomataStep:7:Transition:00100000111011100010001011101010001011100010011010001110011011100010001000000100010000001000101000101100010000101110111011100010001011101110111011001110111010101110111010001100001011101000001000000100001011100110001010001110111000000010101011100110000001000010011010001110100011101110111011101110011010000010011010101110001000001110001011101110110011100010111011101110001001000010010000101110111011101000010011100010001001101110111000100010001010100110001001001110001011101110011011100000111000100000000000100010
000000000000000000000
000000000000000000000
000000000000000000000
000000000010000000000
000000000100000000000
000000001010000000000
000000010011000000000
000000100001100000000
000001011000010000000
000010001101011000000
000101101111011000000
000000000000000000000
000000000000000000000
000000000000000000000
000000000000000000000
000000000000000000000
000000000000000000000
000000000000000000000
000000000000000000000
000000000000000000000
000000000000000000000
#
It:24:Diff:24:PSOStep:7:Time:2.229588275:s:AutomataStep:7:Transition:00100110111011100010001011100110110011100100111011101110110011100010001000100110000000000110110000101000011000100000101001000010001011101110100000101110000011101100001001100010001011100010001010000110001010100110101000101110111011000010111011101110110000100010011011001110000011001110111011101110110011000010001010101110001001001110110011100010011011100010111011101110011000100010001000101110111011100110011011100110010001001110011011100010001001100110001001101110001011001110000011100010111000101000000001000000
000000000000000000000
000000000000000000000
000000000000000000000
000000000010000000000
000000000101000000000
000000001001100000000
000000010000110000000
000000101010111000000
000001011111001100000
000010110100101110000
000101011011010101000
000000101000000000000
000000000000000000000
000000000000000000000
000000000000000000000
000000000000000000000
000000000000000000000
000000000000000000000
000000000000000000000
000000000000000000000
000000000000000000000
#
It:34:Diff:22:PSOStep:7:Time:2.856219776:s:AutomataStep:7:Transition:00100010111011100010011011100010101011100000001000101100100011100010001000100100010011101000010000100010001000101000001010000010001010001110111000001110111001000000100000100100001011100110001000101110100011100010001000101110111000000010100011100100010000100010001011101110001000001110001010001110001010000010111010001110001000101110111011100010100011100010111011101110111000100010111000101110111011100110000011101010010010101110111011100010001000101110110010001110001000101010001011100010111000101010101010001110
000000000000000000000
000000000000000000000
000000000000000000000
000000000010000000000
000000000101000000000
000000000000100000000
000000010101110000000
000000100001101000000
000000111000010100000
000010001110110010000
000101101011100101000
000000011000000000000
000000000000000000000
000000000000000000000
000000000000000000000
000000000000000000000
000000000000000000000
000000000000000000000
000000000000000000000
000000000000000000000
000000000000000000000
#
It:78:Diff:20:PSOStep:7:Time:5.756369833:s:AutomataStep:7:Transition:00100000111011100010000011101010100011101110101010101000111010100010001001100000010001100010111001101110000000100000000011100010001000001110111000001110010011101110011000000010001011100010001011101010001011101000000001001110111000100010111011101110110000100010000001001110000001101110111001101110001001000010101011101110001001101110110011101010111011100010111011101110111000100010000000001110111011101110101011100000001011101110000010100010001011101010000000101110001000100010101011100010111000100100111011100000
000000000000000000000
000000000000000000000
000000000000000000000
000000000010000000000
000000000101000000000
000000001010000000000
000000011111110000000
000000001011101000000
000001000010010100000
000010111101111010000
000101011010010101000
000000100000000000000
000000000000000000000
000000000000000000000
000000000000000000000
000000000000000000000
000000000000000000000
000000000000000000000
000000000000000000000
000000000000000000000
000000000000000000000
end
