PSO TRACE
INIT:../../instances/fazia/init.csv
REF:../../instances/fazia/asvn1.csv
DecodingPolicy:Nibble
MutationPolicy:Std
ParticleNeighborhood:EDist
ParticleDims:146
ParticleCount:100
AccP:2.0
AccG:2.0
AccL:1.5
AccI:2.3
Pos:0.0-3.0
Inertia:0.9-0.6
VeloMax:2.0
MaxPSOIteration:500
InertiaDecrFactor:6.000000000000001E-4
INIT
000000000000000000000
000000000000000000000
000000000000000000000
000000000000000000000
000000000000000000000
000000000000000000000
000000000000000000000
000000000000000000000
000000000000000000000
000000000000000000000
000000000010000000000
000000000000000000000
000000000000000000000
000000000000000000000
000000000000000000000
000000000000000000000
000000000000000000000
000000000000000000000
000000000000000000000
000000000000000000000
000000000000000000000
REF
000000000000000000000
000000000000000000000
000000000000000000000
000000000010000000000
000000000111000000000
000000001010100000000
000000011100110000000
000000101001101000000
000001111001111100000
000010111111111010000
000111011111110111000
000000000000000000000
000000000000000000000
000000000000000000000
000000000000000000000
000000000000000000000
000000000000000000000
000000000000000000000
000000000000000000000
000000000000000000000
000000000000000000000
Nibble Decoder
#
It:0:Diff:45:PSOStep:4:Time:0.223202124:s:AutomataStep:4:Transition:10001110001010000010001000001000111001001100100001001010011011000110000011100000000000101010110011000110101011001010100011100010010010000100100010001110100001000000001010000010111010100100110001001100111000001100111001100000100010101100100010100010000001000110110010101000000011101100010000000110000000100010110000000110110000000000110000100100101011001000010001100110110010101110010001000110001010000000101011101100111001100110101001101000111010000110101010001010010011000100101000001110011000100010111001001010
000000000000000000101
000000000000000000001
000000000000000000001
000000000000000000000
000000000000000000000
000000000000000000000
000000110100000000000
000000110000000000000
000000011101000000000
000000011100000000000
000000000101100000000
000000000000000000000
000000000000000000000
000000000000000000000
000000000000000000000
000000000000000000000
000000000000000000000
000000000000000000000
000000000000000000000
000000000000000000000
000000000000000000000
#
It:7:Diff:40:PSOStep:6:Time:0.942990874:s:AutomataStep:6:Transition:11001110110000100100110011101010010011001100110011001100100000100100001001001110110001001010110010000100001010101110110001000100000001001010001001001100000001000100000011000000010001001100110001001100000011000010111001000100000001001100110011001100110011100100001011001100010001000010000011001110000011000010011010100100111010101100010000100100111001001000000001001010101010101110010001000100000000001100010000001100000000000100011001001100010001100000111011000100110000001100001001000100011010000100011001000100
000000000000000000000
000000000000000000000
000000000000000000000
000000000000000000000
000000000010000000000
000000000000000000000
000000000100000000000
000000010101110000000
000000011010100000000
000000001011100000000
000000000011100000000
000000000000000000000
000000000000000000000
000000000000000000000
000000000000000000000
000000000000000000000
000000000000000000000
000000000000000000000
000000000000000000000
000000000000000000000
000000000000000000000
#
It:9:Diff:37:PSOStep:6:Time:1.070794827:s:AutomataStep:6:Transition:11101100101011000100101001100010011010101100110000101100101011000100101011000000110010001100001011000100110011101100110000000100001001000010010000001100010001000100110011000100110001001100100001000010001011000100110001001110100010101110110011001100110011000100000011001100010010001100101011001100010001101110101001100100111011101100010011001110110011101100101001001110011010001010010001001100101001001000000011001100011001100000111000001100010000101010100011001010110011100010110001100100010011001110010001101110
000000000000000000000
000000000000000000000
000000000000000000000
000000000000000000000
000000000000000000000
000000011100000000000
000000000111100000000
000000111100100000000
000001010001100000000
000000011001110000000
000011100111000000000
000000000000000000000
000000000000000000000
000000000000000000000
000000000000000000000
000000000000000000000
000000000000000000000
000000000000000000000
000000000000000000000
000000000000000000000
000000000000000000000
#
It:11:Diff:36:PSOStep:6:Time:1.214444618:s:AutomataStep:6:Transition:00100110100011100110100001101010011010001000000010001110100011100110111001101000100001101000110000000110010001000000100010001000001001101000100011000000101001100110100011001100010011100010011001101000010010001110000011100110101010101010100010000010100001100110100010101000011001101110100011101010110010101000000011000110111010101000100001100110111010101000001001101110110010001010011001101100100011001000001001101010110001100110010010001000011010000110011000101000100001100010100001100110011011100110011010000110
000000000000000000000
000000000000000000000
000000000000000000000
000000000000000000000
000000000010000000000
000000000010000000000
000000001110100000000
000000011010010000000
000000011000111000000
000000001101011000000
000010000000100000000
000000000000000000000
000000000000000000000
000000000000000000000
000000000000000000000
000000000000000000000
000000000000000000000
000000000000000000000
000000000000000000000
000000000000000000000
000000000000000000000
#
It:12:Diff:25:PSOStep:7:Time:1.29153471:s:AutomataStep:7:Transition:00100100100011101110100010101010101010001000100010000010010001000010010000100010100010101000010010101010001011001010100011101110011000001000101001100110001010101010101011101010001000001000011000001000100001000100110011101010010001001010100001000100001000100010100001001100001010100010100001001110000011000100111000001100110001001010100011101010010000001100011000100100100010001000101000101010100011101000111000100100100001100010100010101000001010000110101011001000100010100010011000100000001010100010001001000010
000000000000000000000
000000000000000000000
000000000000000000000
000000000010000000000
000000000111000000000
000000000000100000000
000000010001110000000
000000001011101000000
000001110011111100000
000000011111100010000
000110010000111111000
000000100011100100000
000000000100000000000
000000000000000000000
000000000000000000000
000000000000000000000
000000000000000000000
000000000000000000000
000000000000000000000
000000000000000000000
000000000000000000000
#
It:47:Diff:24:PSOStep:7:Time:3.548476962:s:AutomataStep:7:Transition:00100010110001000110110010100010110011001100110001000100110011000010110000101100110000101100011011101000001010001100001001000100001001101000110010100010011000101110001000101000010011001100001000101100110000101010110001100000010000000100110010100110111000100010110000101100111011001010000001000010101011001100001011001100000000101000100000000010010011000110001000101010100001101100000000100100110000101010001000101100110000100100110011001100001011000010001011100010110000101010101000101110001010101100001000100010
000000000000000000000
000000000000000000000
000000000000000000000
000000000010000000000
000000000111000000000
000000000000100000000
000000011100010000000
000000000000111000000
000001111110001100000
000000000111000010000
000111011010101101000
000000000000000000000
000000000000000000000
000000000000000000000
000000000000000000000
000000000000000000000
000000000000000000000
000000000000000000000
000000000000000000000
000000000000000000000
000000000000000000000
#
It:57:Diff:20:PSOStep:7:Time:4.19568088:s:AutomataStep:7:Transition:00100010100011000110000010100010100010001010100010000110100011100010010000101000100000101000010011101000001010001010100001001000001010101000100001000010000010001110001000101100001001101010001000100000100001000000000000001010111010000010100010100010111000100010011001101000111010000000000011000010101010001010001010000000000011101100100011101010100001001110001000100010101000000000101000100010100011101100001000101000100001000000100001001000001010000010110010000100100000100010011010101010001000101000001000100010
000000000000000000000
000000000000000000000
000000000000000000000
000000000010000000000
000000000101000000000
000000000000100000000
000000011111110000000
000000000000111000000
000001111111110100000
000000001100110010000
000111111111111111000
000000000000000000000
000000000000000000000
000000000000000000000
000000000000000000000
000000000000000000000
000000000000000000000
000000000000000000000
000000000000000000000
000000000000000000000
000000000000000000000
#
It:84:Diff:18:PSOStep:7:Time:5.999879959:s:AutomataStep:7:Transition:00100010110011001100110001000010110011001100010011001000010000100010011000101100110000101100001000100010001000001000110011101100001011001100010011100010111011001110001011101100011000100100001000100100110000100110110001001110111001000010110011001110001000100010001011101100010011000010111010000010111011000100001011001100010000101100110010001010100001000010001000100110100010001000010000100010110011101100001000100100110000101100110001001100001011000010100001001110110000100010001011001100001000101100001010000010
000000000000000000000
000000000000000000000
000000000000000000000
000000000010000000000
000000000111000000000
000000000010100000000
000000001110110000000
000000101010101000000
000000001101011100000
000010111001011010000
000111110101011111000
000000000000000000000
000000000000000000000
000000000000000000000
000000000000000000000
000000000000000000000
000000000000000000000
000000000000000000000
000000000000000000000
000000000000000000000
000000000000000000000
#
It:129:Diff:14:PSOStep:7:Time:9.010990448:s:AutomataStep:7:Transition:00100010110011001110110011000010110011001100101011000000011000100010010000101100110000101100111000100000001010100000110011101100001011001100101000000100100011001100001001101100001000000000001000101000110000100010011000101110011010100010110000100010000000100010100001001100001010100000101000100010011011001000001011001100001011101100110000101100001010100010001000100100111011101100000000100010110011001000001000100000110000100000110001101100001011000010001001001100010000100010001000001100001000101100001000100010
000000000000000000000
000000000000000000000
000000000000000000000
000000000010000000000
000000000111000000000
000000000010100000000
000000011101110000000
000000000001101000000
000001100000111100000
000000101011001010000
000111111111111111000
000000000000000000000
000000000000000000000
000000000000000000000
000000000000000000000
000000000000000000000
000000000000000000000
000000000000000000000
000000000000000000000
000000000000000000000
000000000000000000000
#
It:210:Diff:12:PSOStep:7:Time:14.231847266:s:AutomataStep:7:Transition:00100010110011001010110011000010110011001100011011000010010000100010100000101100110000101100001000101110001000000010110010000110001011001100110001000100110011001110001011101100100001000000001000100110110000100010110000001110001010100010110000001110001000100010001000101100101011001010110000100010010011001010001011001000000001101010110000101100001000100010001000100100010000101100101000100010110011001010001000101000110000100100110001001010001011000010111001101010101000100010001001001100001000101010001001100010
000000000000000000000
000000000000000000000
000000000000000000000
000000000010000000000
000000000111000000000
000000000010100000000
000000011101110000000
000000001001101000000
000001111101111100000
000000110010001010000
000111111111111111000
000000000000000000000
000000000000000000000
000000000000000000000
000000000000000000000
000000000000000000000
000000000000000000000
000000000000000000000
000000000000000000000
000000000000000000000
000000000000000000000
#
It:319:Diff:8:PSOStep:7:Time:21.165791505:s:AutomataStep:7:Transition:00100010110011001000111011100010110011001100110011000010010000100010000000101100110000100110000000101110001001001110011000001110001011001100110011000110110000000100101000100110111010101100001000100110110011001110110010100000110000100010110011000000110000100110001011001100001011101010110000100010000000100010100010001100011011101100110000100110001000100010001000100010001011000010110000101100110011001100001000100010011000100000110000001100001001000010100001100100110010100010001001001100100011101100001001000010
000000000000000000000
000000000000000000000
000000000000000000000
000000000010000000000
000000000111000000000
000000001010100000000
000000011111110000000
000000101111101000000
000001111111111100000
000010111111111010000
000111111111111111000
000000000000000000000
000000000000000000000
000000000000000000000
000000000000000000000
000000000000000000000
000000000000000000000
000000000000000000000
000000000000000000000
000000000000000000000
000000000000000000000
end
