PSO TRACE
INIT:../../instances/fazia/init.csv
REF:../../instances/fazia/asvn1.csv
DecodingPolicy:Nibble
MutationPolicy:Std
ParticleNeighborhood:EDist
ParticleDims:146
ParticleCount:100
AccP:2.0
AccG:2.0
AccL:1.5
AccI:2.3
Pos:0.0-3.0
Inertia:0.9-0.6
VeloMax:2.0
MaxPSOIteration:500
InertiaDecrFactor:6.000000000000001E-4
INIT
000000000000000000000
000000000000000000000
000000000000000000000
000000000000000000000
000000000000000000000
000000000000000000000
000000000000000000000
000000000000000000000
000000000000000000000
000000000000000000000
000000000010000000000
000000000000000000000
000000000000000000000
000000000000000000000
000000000000000000000
000000000000000000000
000000000000000000000
000000000000000000000
000000000000000000000
000000000000000000000
000000000000000000000
REF
000000000000000000000
000000000000000000000
000000000000000000000
000000000010000000000
000000000111000000000
000000001010100000000
000000011100110000000
000000101001101000000
000001111001111100000
000010111111111010000
000111011111110111000
000000000000000000000
000000000000000000000
000000000000000000000
000000000000000000000
000000000000000000000
000000000000000000000
000000000000000000000
000000000000000000000
000000000000000000000
000000000000000000000
Nibble Decoder
#
It:0:Diff:43:PSOStep:2:Time:0.223854136:s:AutomataStep:2:Transition:01101010011000101100010001101010110000101010110000000000101010000000000000100010100000000100100010001110011011001010000001100010100001001010100010001110101000100110100011100000010000000100010010001100010010100010111011001000100001100010111010101000110001100110111000101010101010101000111010100000010001101010101001000110000000000010110010100110101000000100011011101100101000101110011010101000101011000100001010001100001001101010010001001100001011001000010011000010111010101010010011000100011010001110100000000110
000000000000000000000
000000000000000000000
000000000000000000000
000000000000000000000
000000000000000000000
000000000000000000000
000000000000000000000
000000000000000000000
000000001001100000000
000000000100000000000
000000000111100000000
000000000000000000000
000000000010000000000
000000000000000000000
000000000000000000000
000000000000000000000
000000000000000000000
000000000000000000000
000000000000000000000
000000000000000000000
000000000000000000000
#
It:5:Diff:42:PSOStep:5:Time:0.845449969:s:AutomataStep:5:Transition:00100010100000100010010000101010100001100000101001000010100001000000010000000100010010000010101000101010011001001110011010000010000011100010011001100100100011000010000001001000110001101000111010000010000010001110100001100100010001101110001001000110010001100010010000101110111000001000001000100100101010000010110001100100000001000100100000000010110000100010100000101110111011100100001011100100101000100000111000100100011000101010000001000100001010000100001011100100010000101010110001101000101010100010111001001100
000000000000000000000
000000000000000000000
000000000000000000000
000000000000000000000
000000000000000000000
000000000010000000000
000000000010000000000
000000000000100000000
000000010000100000000
000000101110001000000
000001010000010100000
000000000000110000000
000000000000000000000
000000000001100000000
000000000000000000000
000000000000000000000
000000000000000000000
000000000000000000000
000000000000000000000
000000000000000000000
000000000000000000000
#
It:8:Diff:32:PSOStep:7:Time:1.062827038:s:AutomataStep:7:Transition:00100000010000101010001000101110001011101010111000101010001000100010000010000010010000000000001011100010101000100010101011100100000000101100001000100000001000100000001010100110110000100000001000100010110000100010001000100010100000001100110000101000001000100010001000100010100000100010110010001000110000101100001001101010011000000000001000000010001010000000001010100010001000101000100001001000010000100010001001000000001001100100000010000000000000101010110000101010000010000010001000100010001000100010110001100100
000000000000000000000
000000000000000000000
000000000000000000000
000000000010000000000
000000000001000000000
000000001000100000000
000000000101010000000
000000100000001000000
000000000101010100000
000010000101101010000
000010000010101010000
000000000000000000000
000000000000000000000
000000000000000000000
000000000000000000000
000000000000000000000
000000000000000000000
000000000000000000000
000000000000000000000
000000000000000000000
000000000000000000000
#
It:77:Diff:29:PSOStep:7:Time:5.799713417:s:AutomataStep:7:Transition:00100110110001100100010001100110111011100010010010000000011000100010110010000010001010000100001001101010001000101010000011100010011001101110001001100010010000100110011011100010101001101010011000100010111010000110001001100000101011001100000010101000001000100110101011000110101000100010011001000100110000101010101001000110010000100010001001000010100010001000100011100110011010100010111011001100110000000010011011100100001011001100011011100110110000101100000001100010001001000110011010101100011000100010011011101000
000000000000000000000
000000000000000000000
000000000000000000000
000000000010000000000
000000000101000000000
000000001000100000000
000000011101010000000
000000111100101000000
000001100010110100000
000011101101110010000
000101001100110111000
000000010101110110000
000000000001010000000
000000000000000000000
000000000000000000000
000000000000000000000
000000000000000000000
000000000000000000000
000000000000000000000
000000000000000000000
000000000000000000000
#
It:87:Diff:27:PSOStep:7:Time:6.437133485:s:AutomataStep:7:Transition:00100110101001100100101001100110110011000010100011000110011000100010001000100010001000101000001011000110011000100110011000100010011011000010001001100010011000100110011000100110011001100110011000100010001011000110001001100000111011000010111000000010001000100110000001100110011000100010011000101000110000100110010000100010100001001000001000100010001000101010001011100110011000100010000000101000000001100010001000100010001001100010011000100110111000101010011001100010001011000110011001100110011000100010011011001000
000000000000000000000
000000000000000000000
000000000000000000000
000000000010000000000
000000000111000000000
000000001010100000000
000000001000010000000
000000101111011000000
000001110010110100000
000010011101110010000
000101100110001001000
000000010001000100000
000000000000000000000
000000000000000000000
000000000000000000000
000000000000000000000
000000000000000000000
000000000000000000000
000000000000000000000
000000000000000000000
000000000000000000000
#
It:112:Diff:22:PSOStep:7:Time:8.083011149:s:AutomataStep:7:Transition:00100000100000001100001000000100110010101100001011101010000000100010001000000010010011100000001011000000000000100000011011101100001010101110110000000010101000101010011000100000111000001100000000100010010011100000001000000000101011000010011010000010001000100110111011100110001001000010000000001000011000101010101011101000000010001010001000000010010000100000001001100000000000000100011000100010001010100010000001001100001001001000101011001000000000100010000000000010010010100000000001100000101000100010000000001100
000000000000000000000
000000000000000000000
000000000000000000000
000000000010000000000
000000000011000000000
000000001010100000000
000000000000110000000
000000101001101000000
000001100010001000000
000010001000000010000
000111011100100111000
000000000000000000000
000000000000000000000
000000000000000000000
000000000000000000000
000000000000000000000
000000000000000000000
000000000000000000000
000000000000000000000
000000000000000000000
000000000000000000000
#
It:168:Diff:16:PSOStep:7:Time:11.725684538:s:AutomataStep:7:Transition:00100110101001101010010001100100110010001010011000101100011000100010001001100010110000100000001011100110011000100110001000101000011001100010000001100010111000100110010000100110011001101110011000100010001011000110001001101000111011000010101000000010001001000010111011100000001001000010011001101000001000100010011000101000011000000000001000000010001000101000001010100110011001100010100000100100010001101110011001000000001001100100101010100000011000100010011001100010000010100110011001100010111000100010011001000010
000000000000000000000
000000000000000000000
000000000000000000000
000000000010000000000
000000000111000000000
000000001011100000000
000000011111110000000
000000101010001000000
000001111111011100000
000010110101101110000
000111111101111111000
000000000000000000000
000000000000000000000
000000000000000000000
000000000000000000000
000000000000000000000
000000000000000000000
000000000000000000000
000000000000000000000
000000000000000000000
000000000000000000000
#
It:461:Diff:15:PSOStep:7:Time:31.672989248:s:AutomataStep:7:Transition:00100110101001101000001001100100110000001110011011001100011000100010001000100010011010000010001001100110011000100110010010000110011010100010110001100010101000100010011000100110101001100000011000100010001000100110001001101010000000000010100000100010001000100000101000101010001000100010011001101110011000101010101010001110011011000110001000000010001000100110001010100110011001100010110000100010011001001110011000100010001000101110000001101010011000100010011001100010001010100110011001100010110000100010011001101110
000000000000000000000
000000000000000000000
000000000000000000000
000000000010000000000
000000000111000000000
000000001010100000000
000000011110110000000
000000101000001000000
000001111001011100000
000010100100100010000
000111100101110011000
000000000000000000000
000000000000000000000
000000000000000000000
000000000000000000000
000000000000000000000
000000000000000000000
000000000000000000000
000000000000000000000
000000000000000000000
000000000000000000000
end
