PSO TRACE
INIT:../../instances/fazia/init.csv
REF:../../instances/fazia/asvn1.csv
DecodingPolicy:Nibble
MutationPolicy:Std
ParticleNeighborhood:EDist
ParticleDims:146
ParticleCount:100
AccP:2.0
AccG:2.0
AccL:1.5
AccI:2.3
Pos:0.0-3.0
Inertia:0.9-0.6
VeloMax:2.0
MaxPSOIteration:500
InertiaDecrFactor:6.000000000000001E-4
INIT
000000000000000000000
000000000000000000000
000000000000000000000
000000000000000000000
000000000000000000000
000000000000000000000
000000000000000000000
000000000000000000000
000000000000000000000
000000000000000000000
000000000010000000000
000000000000000000000
000000000000000000000
000000000000000000000
000000000000000000000
000000000000000000000
000000000000000000000
000000000000000000000
000000000000000000000
000000000000000000000
000000000000000000000
REF
000000000000000000000
000000000000000000000
000000000000000000000
000000000010000000000
000000000111000000000
000000001010100000000
000000011100110000000
000000101001101000000
000001111001111100000
000010111111111010000
000111011111110111000
000000000000000000000
000000000000000000000
000000000000000000000
000000000000000000000
000000000000000000000
000000000000000000000
000000000000000000000
000000000000000000000
000000000000000000000
000000000000000000000
Nibble Decoder
#
It:0:Diff:43:PSOStep:3:Time:0.216490567:s:AutomataStep:3:Transition:00001100110001100010101011001110110011001010110001100000100011000010001001100000110011000110000000001010001010000000110011000100000000000100101000100110010000100010110011100010111000100000100010100000110001101000001011000110011010100000000010100110011010100010000000100110001011101010101000101000111001101000111000100100100011001110001011101110101001000000110010100110001010100000011011001000010011101000111001100010011001100000011011001100111011001100101011000010010010100100000000001000000000000010011011100000
000000000000000000000
000000000000000000000
000000000000000000000
000000000000000000000
000000000000000000000
000000000000000000000
000000000000000000000
000000000000010000000
000000000000110000000
000000000011100000000
000000010011100000000
000000000001000000000
000000000000000000000
000000000000000000000
000000000000000000000
000000000000000000000
000000000000000000000
000000000000000000000
000000000000000000000
000000000000000000000
000000000000000000000
#
It:1:Diff:40:PSOStep:4:Time:0.420161988:s:AutomataStep:4:Transition:01101000111010000110001001100010110011100010010010001100111000100100010010101100110000101110011000100100110011001110111001001100001000100000111000101010011011001110010011000000001000100010000010100010100001000100111001001110001000101110101000100010110000100100010010101000000011100010101001000110010011100100011001101000001010101100010011100010000011100100111001101000010001000010100011000010000001100110110001001100010000101000010001100100101000000010000011100100010001000110000001001100001001001010110000101000
000000000000000000000
000000000000000000000
000000000000000000000
000000000000000000000
000000000000000000000
000000000000000000000
000000100000001000000
000000110000001000000
000000111101100000000
000000100101010000000
000000111011000000000
000000000000000000000
000000000000000000000
000000000000000000000
000000000000000000000
000000000000000000000
000000000000000000000
000000000000000000000
000000000000000000000
000000000000000000000
000000000000000000000
#
It:8:Diff:36:PSOStep:6:Time:0.948118223:s:AutomataStep:6:Transition:11100010100001000100110011100100001010100100111010100000101011100110110000100010101000100100101001001010110011101100010011001100000001001000010000101110001000101000110000000100101000101000000011000010010000100110001001000110010000101100101000100100110001000100110001000010010000100000101001001000010011101010010010100010000000000100001000101100111001101110101001001100010001001000101010000010010011100000101001100000000001100100001000100100100001101000101010100100100011000000110010100010001001001000001000101010
000000000000000000000
000000000000000000000
000000000000000000000
000000000000000000000
000000000010000000000
000000001000100000000
000000100100110000000
000000001101100000000
000000010100110000000
000001100110000000000
000010110110000000000
000000000000000000000
000000000000000000000
000000000000000000000
000000000000000000000
000000000000000000000
000000000000000000000
000000000000000000000
000000000000000000000
000000000000000000000
000000000000000000000
#
It:112:Diff:33:PSOStep:7:Time:7.734681369:s:AutomataStep:7:Transition:00100000100011100010111000101010000011101000111011101010000010000000111000000000101000101010111011000000101011001010111000000000010011100000101001000010111000100000000000101110101011001010101000000000100000101110001000100010011001000000111000001010110000100000010011100000111000101000110011101110111011001010111010000010010000000010111000100000001000100110111010000010110011100000000011000000001010100000111010101010101000100000001000101110101011100000100010001110100000000000101011000000111001101110000011101100
000000000000000000000
000000000000000000000
000000000000000000000
000000000010000000000
000000000011000000000
000000000001100000000
000000001101100000000
000000001001101000000
000000001100101100000
000010000111100100000
000100111010100000000
000000000110000000000
000000000010000000000
000000000000000000000
000000000000000000000
000000000000000000000
000000000000000000000
000000000000000000000
000000000000000000000
000000000000000000000
000000000000000000000
#
It:188:Diff:32:PSOStep:7:Time:12.667993158:s:AutomataStep:7:Transition:00100000011011001010001010100100111010001000100010101110000000000110011000000000010001001010001001000000010010101010010001000100001011100110011001000010110010100000000010101110000000101010110000000000010010100000110001001000111010000000001000001100100000100000101000000000000010101010101000000000010010100010110001100000111000001010111010100000110011001100011001000100111000000110000000100000100010100000000010101010101010100000101010100010110010100000101000001100010000001010010001000000111000000000000001000000
000000000000000000000
000000000000000000000
000000000000000000000
000000000010000000000
000000000101000000000
000000000110100000000
000000001001010000000
000000001110101000000
000000000001110100000
000000000100101010000
000000000011111111000
000000000000100100000
000000000000000000000
000000000000000000000
000000000000000000000
000000000000000000000
000000000000000000000
000000000000000000000
000000000000000000000
000000000000000000000
000000000000000000000
end
