PSO TRACE
INIT:../../instances/fazia/init.csv
REF:../../instances/fazia/asvn1.csv
DecodingPolicy:Nibble
MutationPolicy:Std
ParticleNeighborhood:EDist
ParticleDims:146
ParticleCount:100
AccP:2.0
AccG:2.0
AccL:1.5
AccI:2.3
Pos:0.0-3.0
Inertia:0.9-0.6
VeloMax:2.0
MaxPSOIteration:500
InertiaDecrFactor:6.000000000000001E-4
INIT
000000000000000000000
000000000000000000000
000000000000000000000
000000000000000000000
000000000000000000000
000000000000000000000
000000000000000000000
000000000000000000000
000000000000000000000
000000000000000000000
000000000010000000000
000000000000000000000
000000000000000000000
000000000000000000000
000000000000000000000
000000000000000000000
000000000000000000000
000000000000000000000
000000000000000000000
000000000000000000000
000000000000000000000
REF
000000000000000000000
000000000000000000000
000000000000000000000
000000000010000000000
000000000111000000000
000000001010100000000
000000011100110000000
000000101001101000000
000001111001111100000
000010111111111010000
000111011111110111000
000000000000000000000
000000000000000000000
000000000000000000000
000000000000000000000
000000000000000000000
000000000000000000000
000000000000000000000
000000000000000000000
000000000000000000000
000000000000000000000
Nibble Decoder
#
It:0:Diff:43:PSOStep:8:Time:0.190911795:s:AutomataStep:8:Transition:00000110111010100000101000001110111011001000000000000010001000000110111000101010001000100000101001000010011001001000001010100100011010000010011010101000010011000110111001101010101001101000100001000010111001100110000001000000001011101110110010100100111011100110001000100010010000000110101010100000000011100100001010000100001001001100010001001100000010100110100000000100101000101010010000101110010001000100010001101000011011100110111010000000101001000110000011000000101000101010111000100000001001101100001001000000
000000000000000000000
000000000000000000000
000000000000000000000
000000000000000000000
000000000000000000000
000000000000000000000
000000000010100000000
000000000000010000000
000000100101000100000
000010111100000010000
001010110100000000100
000000000000000000000
000000000000000000000
000000000000000000000
000000000000000000000
000000000000000000000
000000000000000000000
000000000000000000000
000000000000000000000
000000000000000000000
000000000000000000000
#
It:18:Diff:42:PSOStep:5:Time:1.588330977:s:AutomataStep:5:Transition:00101010111010100010001000100000000011000000111011101000100001100110100001101010001010000010110001001000110010000110100010001000000000101000110011001010000010000110000011000110010010001000100000001000011010101110100000101000010010001000000001001000100000100110100010000000001001101000100000001100111000100100001001101000100010001100110000101000100000001100101000101000100010001000100010000000011011000100100011001100100000001100100011000000000010001110011000101110110010000100000011001100100011001010010010000010
000000000000000000000
000000000000000000000
000000000000000000000
000000000000000000000
000000000000000000000
000000000000001100000
000000000110111000000
000000001000000000000
000000000011000000000
000000110011110000000
000001000011100000000
000000000011000000000
000000000000000000000
000000000000000000000
000000000000000000000
000000000000000000000
000000000000000000000
000000000000000000000
000000000000000000000
000000000000000000000
000000000000000000000
#
It:39:Diff:40:PSOStep:6:Time:2.904890925:s:AutomataStep:6:Transition:00100110110011100100110001100010011010001100100011101110011011000110111001001110010001101110001001001100010001000110011011100100010000000110010011000100110001100110100001000100010001100110110001100110100001101000110001001100010001100000111011001100110001000110110000000000110001001000011001101010011000001100110000001100110011000110011001101110001010101110011010000100011011000110110011100110110011000100110001000100100001100000100001001100110011000100111011000110010000101100110011000100101011101110010011001100
000000000000000000000
000000000000000000000
000000000000000000000
000000000000000000000
000000000010000000000
000000000010000000000
000000001100000000000
000000000001100000000
000000100101000000000
000000100000000000000
000010001000000000000
000000000000000000000
000000000000000000000
000000000000000000000
000000000000000000000
000000000000000000000
000000000000000000000
000000000000000000000
000000000000000000000
000000000000000000000
000000000000000000000
#
It:71:Diff:39:PSOStep:5:Time:5.165761205:s:AutomataStep:5:Transition:00100110100010100100110000000000100001000100000000000000011001000000011000101010010001100000010000101100111011000100101010101100010000100000101001001100110010100000010001000010010000001010010000001010000000000000101011000110010001000000111000100110010011000010110010001110001011001110101000000000000001001000010000001100001011001110011010101110110000000100101011000100000011001110100000100010101001000110010001000100001001101100001011000100011001000100111001000000011011000100001000001110000001000010010011000100
000000000000000000000
000000000000000000000
000000000000000000000
000000000000000000000
000000000000000000000
000000000010000000000
000000000010000000000
000000000000000000000
000000000000100000000
000000100111001000000
000001010100010100000
000000000000000000000
000000000000000000000
000000000000000000000
000000000000000000000
000000000000000000000
000000000000000000000
000000000000000000000
000000000000000000000
000000000000000000000
000000000000000000000
#
It:147:Diff:38:PSOStep:7:Time:9.914027329:s:AutomataStep:7:Transition:00100000110001100110100010001000111010101110111000100000000011100100111001001000100011001100011011101110101011100010000011001110011001000000100000101000101010001000000010001110001000001000100010001000000010000000011001100110111011100110100000101110001010100010111011101110101001001000101000100000000001100110001001101110001011101110100010001110011010000000101000101110011001000000111001101100111010101110011011100000001000000100011000000110101000101010111011001110011011100110111010000010101000000100011011101110
000000000000000000000
000000000000000000000
000000000000000000000
000000000010000000000
000000000111000000000
000000000000100000000
000000000100010000000
000000111010111000000
000000011011110100000
000000000010100010000
000111010011110101000
000011011001111100000
000000000101000000000
000000010110000000000
000000000000000000000
000000000000000000000
000000000000000000000
000000000000000000000
000000000000000000000
000000000000000000000
000000000000000000000
#
It:151:Diff:27:PSOStep:7:Time:10.169345219:s:AutomataStep:7:Transition:00100110111001101000111000001000100011101000001011000100101011000000100001001010010000001000011010001000011011101010000011100110000011001000001000100100010011001100100010001110111011100000001001001000000000100000000011100010100011100110000011000010100011100000101010000100100011100000010010000100000001001010100001101110011011101010110001000100101011100110000010001110111011101010111001101100000011000000000001001100100000000100100001101000000001101110111001101110111011101110111000000010000010000100011011101110
000000000000000000000
000000000000000000000
000000000000000000000
000000000010000000000
000000000111000000000
000000001010100000000
000000000010010000000
000000111110101000000
000001101000011000000
000010011100100010000
000111010100111011000
000000010111000000000
000000000000000000000
000000000000000000000
000000000000000000000
000000000000000000000
000000000000000000000
000000000000000000000
000000000000000000000
000000000000000000000
000000000000000000000
#
It:188:Diff:24:PSOStep:7:Time:12.66813058:s:AutomataStep:7:Transition:00100000111000001100111000001100111000000000101000000110000000000010000011000000100000001110111000001100000011100110000000001110001010100100111011100000111010101110111011001000111000000000000001100000100000001100111001001100110011100000101011000100111011100000110001000010010011100000101010101110000000000110110001101110100011101010101001000000111000100000000011001110101011101000110000001100000011100000001010001110001000000000110011101000000011000000111010101000111011100000111000001100000011100100000011101110
000000000000000000000
000000000000000000000
000000000000000000000
000000000010000000000
000000000111000000000
000000000010100000000
000000010011110000000
000000101010000000000
000001111111100100000
000010000010011010000
000111111011001111000
000000000000000000000
000000000000000000000
000000000000000000000
000000000000000000000
000000000000000000000
000000000000000000000
000000000000000000000
000000000000000000000
000000000000000000000
000000000000000000000
end
