PSO TRACE
INIT:../../instances/fazia/init.csv
REF:../../instances/fazia/asvn1.csv
DecodingPolicy:Nibble
MutationPolicy:Std
ParticleNeighborhood:EDist
ParticleDims:146
ParticleCount:100
AccP:2.0
AccG:2.0
AccL:1.5
AccI:2.3
Pos:0.0-3.0
Inertia:0.9-0.6
VeloMax:2.0
MaxPSOIteration:500
InertiaDecrFactor:6.000000000000001E-4
INIT
000000000000000000000
000000000000000000000
000000000000000000000
000000000000000000000
000000000000000000000
000000000000000000000
000000000000000000000
000000000000000000000
000000000000000000000
000000000000000000000
000000000010000000000
000000000000000000000
000000000000000000000
000000000000000000000
000000000000000000000
000000000000000000000
000000000000000000000
000000000000000000000
000000000000000000000
000000000000000000000
000000000000000000000
REF
000000000000000000000
000000000000000000000
000000000000000000000
000000000010000000000
000000000111000000000
000000001010100000000
000000011100110000000
000000101001101000000
000001111001111100000
000010111111111010000
000111011111110111000
000000000000000000000
000000000000000000000
000000000000000000000
000000000000000000000
000000000000000000000
000000000000000000000
000000000000000000000
000000000000000000000
000000000000000000000
000000000000000000000
Nibble Decoder
#
It:0:Diff:46:PSOStep:1:Time:0.187909203:s:AutomataStep:1:Transition:01101110111001100010001001100100110000100010110011000110010000000110000010101010010001101100001001001100100010100010010011001000001001000110111010001010101000101010101001101100000000101000101011000100010001001110101010001000110001100100001001001100100000101110110000101000011001100010111000000010011010101010101001100110000010100110010001000100111010100010111010100000010001101000010001100010000001000000011010000010110001001010001011000010100011101110001011101100110011000010011000100110111010101010110001100010
000000000000000000000
000000000000000000000
000000000000000000000
000000000000000000000
000000000000000000000
000000000000000000000
000000000000000000000
000000000000000000000
000000000000000000000
000000000111000000000
000000000101000000000
000000000001000000000
000000000000000000000
000000000000000000000
000000000000000000000
000000000000000000000
000000000000000000000
000000000000000000000
000000000000000000000
000000000000000000000
000000000000000000000
#
It:1:Diff:45:PSOStep:1:Time:0.393554879:s:AutomataStep:1:Transition:01101000110011001000100001101100110000100100000001101010011000100110110010101010011000100000110010100010101001100110001011100110011011000110100010100010001001001010010000001110101001000010101011001000110001100110110011100110101010101100010001101010111000101000011010101110101001101100101010100000110000100000100001100010110000000110101000000100111011100110101001000100110010101010001001100100011011001000010011100000000010100000111001000010101000000010010001001010010001100110110011000010101000001110110001001000
000000000000000000000
000000000000000000000
000000000000000000000
000000000000000000000
000000000000000000000
000000000000000000000
000000000000000000000
000000000000000000000
000000000000000000000
000000000111000000000
000000000111000000000
000000000001000000000
000000000000000000000
000000000000000000000
000000000000000000000
000000000000000000000
000000000000000000000
000000000000000000000
000000000000000000000
000000000000000000000
000000000000000000000
#
It:2:Diff:40:PSOStep:7:Time:0.526561587:s:AutomataStep:7:Transition:00000000110011001000001010001100111011000110110011101100000011000100010001101100110000001110110001101100011001100000111011000110000001001110011000101000010001000000010011000110101010100010011001000100011001000110011011000000010011100000000000000110100011100100000011101100011001100100110000100110111001101010101010000000011001001100001001000000001011100110010011001010001001100110001000100100010001000100110010001010110011001100100011000110100010000100101001101010000011000010111001001000000010100000001010001100
000000000000000000000
000000000000000000000
000000000000000000000
000000000000000000000
000000000000000000000
000000000000000000000
000000000000000000000
000000000000000000000
000000000000000000000
000000000000000000000
000111010101010111000
000000000000000000000
000000000000000000000
000000000000000000000
000000000000000000000
000000000000000000000
000000000000000000000
000000000000000000000
000000000000000000000
000000000000000000000
000000000000000000000
#
It:9:Diff:39:PSOStep:3:Time:1.059869571:s:AutomataStep:3:Transition:01100110101010000110011000101010100001101000011011001000011001100100001010001000100001100110100001100110011001100000100000000000011001101010011000000000101001101110011001100110101001000000011001101110001001100110110010100110000001100110010001100110100010000110011010101100011001100110011001101110101001100110011001100110011001100100011011000110001001101100100001100110001001101010011000100110000000001010011000100110100001101000010010000110011001100010100001100110011001100110101011100110110000101010101001101000
000000000000000000000
000000000000000000000
000000000000000000000
000000000000000000000
000000000000000000000
000000000000000000000
000000000000000000000
000000011110000000000
000000011001000000000
000000011111100000000
000000011001010000000
000000000000000000000
000000000000000000000
000000000000000000000
000000000000000000000
000000000000000000000
000000000000000000000
000000000000000000000
000000000000000000000
000000000000000000000
000000000000000000000
#
It:12:Diff:37:PSOStep:5:Time:1.287402997:s:AutomataStep:5:Transition:00100010111001000100110010001010111010100110101001000110000000100100001001100100011000000100101001100100011001100010101000000100001010001010001001101010110000100100001000100110001001001010011001100100111000101000011011000010000001100010100010101010010010100010001000101000011001100010001000001000010001100110111001000010011010000000001001100010101001100110111011001000001001100110001000100010000000100010010011000110010011100110010001100010001010100000111000101110001001100100111010000110101001100010001001001010
000000000000000000000
000000000000000000000
000000000000000000000
000000000000000000000
000000000000000000000
000000000010000000000
000000000001000000000
000000001011100000000
000000001000010000000
000000110110111000000
000001000000000100000
000000000000000000000
000000000000000000000
000000000000000000000
000000000000000000000
000000000000000000000
000000000000000000000
000000000000000000000
000000000000000000000
000000000000000000000
000000000000000000000
#
It:21:Diff:34:PSOStep:5:Time:1.947084425:s:AutomataStep:5:Transition:00101000101011100100110011001000111001001010010000101010001001000000101001101000001001000110001010001010101001101010101010000010001000001010011011000110000000100110100000101010011000001100011000101110100000101010000011000010000001000100110001101100110000000010011000001010101010101010100011000100101010101100100010101000101000100000101010100100000011001010101001000100010010100100001000100100001000100100010010100010100011001010001000000100010011101000000001001100001010100110011001100100000010100010010011001110
000000000000000000000
000000000000000000000
000000000000000000000
000000000000000000000
000000000000000000000
000000000000001100000
000000000110011100000
000000001010101000000
000000011000111100000
000000111110100000000
000001011101110100000
000000000110100000000
000000000000000000000
000000000000000000000
000000000000000000000
000000000000000000000
000000000000000000000
000000000000000000000
000000000000000000000
000000000000000000000
000000000000000000000
#
It:23:Diff:28:PSOStep:7:Time:2.078532834:s:AutomataStep:7:Transition:00100010011011001100000000001000110001000110011011100110001000100000111010101110011010101010011001101010011010100000000001000110001000000110000000001000011000101000000000100000011001100000101000101100100000000110011001000010000000101110101010101000001001000010000001100110011001101010001001000000100001100110110010001000011000100110011000000010000000101000101011000100000010001100001000100010001001001010001010101010000001100110001011000000011001101000010010100010001001101100000001100110111010100100000001101000
000000000000000000000
000000000000000000000
000000000000000000000
000000000010000000000
000000000101000000000
000000001101000000000
000000001000100000000
000000000000001000000
000001110000110100000
000011110010110010000
000010100011100011000
000000000000000000000
000000000000000000000
000000000000000000000
000000000000000000000
000000000000000000000
000000000000000000000
000000000000000000000
000000000000000000000
000000000000000000000
000000000000000000000
#
It:40:Diff:26:PSOStep:7:Time:3.247099263:s:AutomataStep:7:Transition:00100000100011001110101001100110111011000110001000000110000000100100100010101110011001001010111001100110011001100110100011100010001010001010010001101000111000100010000000100110100001100110011001001100111001001100001000100010010000100100011001100110011010100010010000100110100001101100111000100100011001101010111010000110011000100000101001100000011011100110011011100100011001100000001000000010001010100110001001100110001010100110001010100100011000000100110000100100001001100010111001100110111001100010000010000110
000000000000000000000
000000000000000000000
000000000000000000000
000000000010000000000
000000000111000000000
000000000000000000000
000000011000010000000
000000001010000000000
000000000011101100000
000010110010100010000
000111010000100111000
000000000000000000000
000000000000000000000
000000000000000000000
000000000000000000000
000000000000000000000
000000000000000000000
000000000000000000000
000000000000000000000
000000000000000000000
000000000000000000000
#
It:56:Diff:21:PSOStep:7:Time:4.392512245:s:AutomataStep:7:Transition:00100010101011001100011010000110110000100110010001000110010000000100011001100100011001000110000001100000011010101010101010101110001001100110110001101000110000101000011000100110101001100110100000101100101001001110001011100010110000101110011001100110101011100010111000000110101001100010001000100110011001101100111001101000011000101110011010000010011010001110011001000010101001100010001000100010001010101000001001101000111001100110001001001010011000100000110001101100001001101110110001100110101001100100011001100110
000000000000000000000
000000000000000000000
000000000000000000000
000000000010000000000
000000000001000000000
000000000111000000000
000000001100110000000
000000100000001000000
000001110100011000000
000010101000101010000
000111011101110111000
000000000000000000000
000000000000000000000
000000000000000000000
000000000000000000000
000000000000000000000
000000000000000000000
000000000000000000000
000000000000000000000
000000000000000000000
000000000000000000000
#
It:251:Diff:19:PSOStep:7:Time:18.073800686:s:AutomataStep:7:Transition:00100010100001001110011001100110111000100110101011101000010011000010011001100010011000100110001001100010011010101010101011100010001001100110001001101010101000100110001000100110100001100110011001100100100011100010001001000010001000100110011001100110000001100010000000100110100001100010000001000010011001101100111001100110011000000100011001100010100010000100011001100010101001100010001000100010000001000110001001100110111001100110000000100010011000100010111001101010001001100110010001100110100010000100110001100110
000000000000000000000
000000000000000000000
000000000000000000000
000000000010000000000
000000000111000000000
000000001010100000000
000000011001110000000
000000100011001000000
000001110100001100000
000010100101111010000
000111000000010111000
000000000000000000000
000000000000000000000
000000000000000000000
000000000000000000000
000000000000000000000
000000000000000000000
000000000000000000000
000000000000000000000
000000000000000000000
000000000000000000000
#
It:373:Diff:18:PSOStep:7:Time:26.506233937:s:AutomataStep:7:Transition:00100010100011101110010001100110100000100110010011101010101011000000011001101100100000100110011001100110011010100110011011100010001001100110111010000110000000101010100000100110001001100110011000101110011011101010001011000010001011001000011001100110000001100010111011000110100001100010000000100110011010101000110010101010100001100010011001100010011010101100101011101100101001100010001000100010001010001110001001101000011001100110110000100010101000100000000010100100001001100010111001100110101010001100001001100110
000000000000000000000
000000000000000000000
000000000000000000000
000000000010000000000
000000000110000000000
000000001001100000000
000000011100010000000
000000100000001000000
000001110101111000000
000010000110101010000
000111101111110011000
000000000000000000000
000000000000000000000
000000000000000000000
000000000000000000000
000000000000000000000
000000000000000000000
000000000000000000000
000000000000000000000
000000000000000000000
000000000000000000000
end
