PSO TRACE
INIT:../../instances/fazia/init.csv
REF:../../instances/fazia/asm1.csv
DecodingPolicy:CPP
MutationPolicy:Null
ParticleNeighborhood:DynamicGeneralizedEuclideanDistance
ParticleDims:515
ParticleCount:100
AccP:2.0
AccG:2.0
AccL:1.5
AccI:2.3
Pos:0.0-3.0
Inertia:0.9-0.6
VeloMax:2.0
MaxPSOIteration:500
InertiaDecrFactor:6.000000000000001E-4
INIT
000000000000000000000
000000000000000000000
000000000000000000000
000000000000000000000
000000000000000000000
000000000000000000000
000000000000000000000
000000000000000000000
000000000000000000000
000000000000000000000
000000000010000000000
000000000000000000000
000000000000000000000
000000000000000000000
000000000000000000000
000000000000000000000
000000000000000000000
000000000000000000000
000000000000000000000
000000000000000000000
000000000000000000000
REF
000000000000000000000
000000000000000000000
000000000000000000000
000110000000000000000
000111000000000000000
000011010000000000000
000010110100000000000
000011111101100000000
000010011011100000000
000001101110111100000
000001111101001010000
000000110111111110000
000001110110101110000
000000110111010010000
000000011111011010000
000000001101110110000
000000000110101110000
000000000011110111000
000000000000000000000
000000000000000000000
000000000000000000000
Classic CPP Decoder
#
It:0:Diff:70:PSOStep:5:Time:0.107912534:s:AutomataStep:5:Transition:01100111111101111111010111111111011011111111010110111010111111111100100111111001100111101011110111110011010111111111111110011000110101111111111011011111111110011110111101101110111111111111101101011111111101101101010001110010010101111111011110111111110111011011111011110111101111110111101111011100001011101110100110101111111111110110101111011101110011011111111111111111110011100111001110110100011111111011011100111111101011010111010111111111111100110010110011111110001011110101011111111100111001011101101111011111
000000000000000000000
000000000000000000000
000000000000000000000
000000000000000000000
000000000000000000000
000001110110000000000
000001111101000000000
000001111101100000000
000001111101100000000
000001111110110000000
000001111111011000000
000001110000101000000
000001100111111000000
000001000111001000000
000001110101101000000
000001110101101100000
000000000000000000000
000000000000000000000
000000000000000000000
000000000000000000000
000000000000000000000
#
It:2:Diff:68:PSOStep:5:Time:0.425356252:s:AutomataStep:5:Transition:01100101111101111111010100111111011110011111010111110000011110011100100111110101110110010100111111000011110110111111110110000100100101111011111011011111111110001111111101001010111110001111100101011111011100111001110000111010000101011111011011111110100111001000111111110111001111110111101111011010111011101010110110100011111011110110101111010111001011011011111111110111101011101011101110110100111111111011011100111110101001000111110111111011110100111010110001101110101011110101011011111101111001101101101110001101
000000000000000000000
000000000000000000000
000000000000000000000
000000000000000000000
000000000000000000000
000001100000000000000
000001100000000000000
000001110111100000000
000001110111100000000
000001101111101000000
000001110100111000000
000001111111011000000
000001111100101000000
000001011111111000000
000001110111011000000
000001110111011100000
000000000000000000000
000000000000000000000
000000000000000000000
000000000000000000000
000000000000000000000
#
It:4:Diff:64:PSOStep:6:Time:0.614646005:s:AutomataStep:6:Transition:01100101111101111011010011111111011111111111110110111011011010011100110101110101110111111111111111111011110110111111111110011100110111111011111011011111111111111110111101111110111011010111100101011111111101111011010100110010000101111111011111111111110111001011111111110111101111100111101111011110111111111010100110001111010111111110111111001111000011001111111111111011111111111001001110111100011111111011011100111111101000000111111111111101111100111010110111111110101011010101011111111101111111100101101110101111
000000000000000000000
000000000000000000000
000000000000000000000
000000000000000000000
000010000000000000000
000011110000000000000
000011111100000000000
000000111011100000000
000010111011010000000
000011101110001100000
000011111001010100000
000000011111011100000
000010100111101100000
000011111011010100000
000011110011111100000
000000011001101100000
000010111011101110000
000000000000000000000
000000000000000000000
000000000000000000000
000000000000000000000
#
It:5:Diff:60:PSOStep:7:Time:0.721391913:s:AutomataStep:7:Transition:01000101111101011000010111001111011011111010100100111010111100010101110001000000000110101001111110111100111110010010001110011000110101001010010011001110101101010110001001100100001011010111000100010100100110110011010010000010000001100011000010110101011011000011101100111100101101010110001111011110101101111010100110101111000101010100000101001110010000001101111001000100010001111001010100111100000011001111011110111011101000100000001010111010111101110000110011110010000011111100001011100000110000110100000100001111
000000000000000000000
000000000000000000000
000000000000000000000
000100000000000000000
000101000000000000000
000011010000000000000
000010011100000000000
000011000101000000000
000010001011010000000
000000011010100100000
000000001100110010000
000000101110110110000
000000011010100100000
000000011110111000000
000000011111000000000
000000001111000000000
000000000101000000000
000000000010000000000
000000000000000000000
000000000000000000000
000000000000000000000
#
It:8:Diff:56:PSOStep:7:Time:1.06258033:s:AutomataStep:7:Transition:01100100111101111111110001101111011010111111111111110111111100110001100101110101110110110100101111011001010111011010110110100100100111111011011111011011011111101101111011011000111011011111110101011111101111111001010000111000010111011111011001111010100111111000111011110101001111110111111111001010111111101011100110101111111111110110101111011111110011001011111111110111101001101011001110110100110111111001011100111011101000000110110110111011111100110010110101101110100011110101011011100100111011111101101110001101
000000000000000000000
000000000000000000000
000000000000000000000
000110000000000000000
000110000000000000000
000011011000000000000
000001011100000000000
000011101000000000000
000001011101110000000
000011110011001110000
000001011111101110000
000011101101110110000
000001110111111110000
000000101010010110000
000000011111100110000
000000001100111110000
000000000000110010000
000000000000000011000
000000000000000000000
000000000000000000000
000000000000000000000
#
It:22:Diff:49:PSOStep:7:Time:2.14261817:s:AutomataStep:7:Transition:01100101111111111111110000101111011010011111011111110111111110110001101111110101110111110100101111011011111111010010100110100100110110111001011111010001111111111101111111011110111011111111110101010111111111111101010100111000010111001111011010111010101111111000111111110111001111100111111111001010111111101110100111101111111111110010101111001111110011001111111111110111101111101011101010111100110111111001011100101011001000000010110110011010111100110000110101101110101011110101111011101110111011101101101110001101
000000000000000000000
000000000000000000000
000000000000000000000
000110000000000000000
000110000000000000000
000111110000000000000
000110011100000000000
000111101101100000000
000110011011111000000
000111111100110110000
000101111011011010000
000010110101101110000
000001010111000110000
000000111011101110000
000000010111011010000
000000000000111110000
000000000000010110000
000000000000000011000
000000000000000000000
000000000000000000000
000000000000000000000
#
It:71:Diff:43:PSOStep:7:Time:5.849601803:s:AutomataStep:7:Transition:01100101111010111111110010101111011111011111110111111101111110010101110101110101111110110001111111101001011011110110010100001110111110111111101111010111111111101111111001110110011111100101110111010011111111111111010100011011010001011011011110111011011111111110111011100111100011110111101110011110111111111010110010000011110111111101101111001111010011001011111011111110111001101001001110110000111111100011011100111010101000010000100100001001011100110110111101101011000011110001111011111101110111001101101100001101
000000000000000000000
000000000000000000000
000000000000000000000
000110000000000000000
000111110000000000000
000011110010000000000
000011101101000000000
000011111101110000000
000000010101011000000
000001110010110110000
000001111111111110000
000000110111110110000
000000111101101110000
000000111111010010000
000000010110111010000
000000001101111110000
000000000101110010000
000000000011101011000
000000000000000000000
000000000000000000000
000000000000000000000
#
It:123:Diff:39:PSOStep:7:Time:9.801949611:s:AutomataStep:7:Transition:01000101111001111010110011101111011111111111110110111110111110110100101101110101111111111001101110111011110011110111111110111110110100111111111100001111110111011111111111011110101011101011110111011111111100111011010100111000010101101011011111111111111111111010111111111111100111001111111110001110101111111110110111100111101111110111111111001110110011011111111101101110111101101011001110110100111111111001011100011111111010000101111111110111111110110110110011101111011011010101111111101101111111101101101100101111
000000000000000000000
000000000000000000000
000000000000000000000
000100000000000000000
000111000000000000000
000001010000000000000
000010111100000000000
000011111111000000000
000000101011010000000
000001001111111100000
000001111011111010000
000000111111101110000
000000101111011110000
000000000011111110000
000000011111011110000
000000001110111110000
000000000111111110000
000000000011101011000
000000000000000000000
000000000000000000000
000000000000000000000
#
It:137:Diff:38:PSOStep:7:Time:10.866450569:s:AutomataStep:7:Transition:01100100111011111101110111101110011111111111110111111111111110100111101001100101110110110101101111001011110111110111111110111110110100111111111110011111111011010101110111011110111010111111110111011111101000011011011100110001011111111011001111111111110110111010111011111110101011010110111110001100111111101100110111100111101011010110011111001111110010011101111011110111101101111111001010110100011110111001011100111011111010000010101101110111111111010110110101101011011011010101101111100101111110111101101100101111
000000000000000000000
000000000000000000000
000000000000000000000
000110000000000000000
000101000000000000000
000011011000000000000
000011110100000000000
000010111101100000000
000010110011110000000
000001011111111100000
000001111110011010000
000001111111110110000
000000011011001110000
000000000110111010000
000000011101111110000
000000001111111110000
000000000111110110000
000000000011101011000
000000000000000000000
000000000000000000000
000000000000000000000
#
It:169:Diff:36:PSOStep:7:Time:13.341209619:s:AutomataStep:7:Transition:01100100111011111111010110001110011111111111110111111111111110110111101101110101110111100111111010011011110111110111101110110110110101111111111110011111111111010101110111011110111111111101110110011111111011011111011101110000011111111011101111111011100111111000111101110111101110000110111111111100111101101111110111100111101011010100011111001110111010011101111001110111101111111111001010110110011100110011011100111111111011000010111101110011111111111110110101101011110011110101111111100101100110010101101110111111
000000000000000000000
000000000000000000000
000000000000000000000
000110000000000000000
000111000000000000000
000001111000000000000
000011101100000000000
000011011001100000000
000011111011110000000
000001111111111100000
000001101010101110000
000000111111111110000
000000111000111110000
000000010111111010000
000000010101101010000
000000001101111110000
000000000111111110000
000000000011111111000
000000000000000000000
000000000000000000000
000000000000000000000
#
It:181:Diff:31:PSOStep:7:Time:14.265704256:s:AutomataStep:7:Transition:01100100111011111110010111001110011111111011111111111111101010110111100101000100111110010001111010011011101111111110111110110010101111111111101111001111101111110100111001011110111011111001110110011111111000111011011100110010001111101011100110111111110110111001111101111111101111110110111110101100111101101111100111101111010011011100011111000111111000001100111011110111001101110111001010110110011001111011011100111111101000000000111101100001111111111010110101101011110111111101011111110100100110011101101110101111
000000000000000000000
000000000000000000000
000000000000000000000
000110000000000000000
000111000000000000000
000011011000000000000
000000111100000000000
000011110001100000000
000011011011110000000
000001001100111100000
000001111111111110000
000001110111111010000
000001111111101010000
000000111010111110000
000000011011111110000
000000001101111110000
000000000111111110000
000000000011111111000
000000000000000000000
000000000000000000000
000000000000000000000
#
It:326:Diff:30:PSOStep:7:Time:25.575141588:s:AutomataStep:7:Transition:01100101111011111111010110001101011111111111111111111111111010010111101101000101111010110001111011001011101111101110111110110110111110111100100111000111101111010100111011011110111011111011110010011011111010111011011100111100000011101011100111111111110111111111111111111111100011110111111110111000111101111111100111101111000111011101011111000111111010000110111011111111011101111111001010111100001011111011011100111101101000000010111111100001011111111010110101101011110111110111011111101101110110111101101110101111
000000000000000000000
000000000000000000000
000000000000000000000
000110000000000000000
000111000000000000000
000011011000000000000
000011110100000000000
000011111101100000000
000000111101110000000
000000101111111100000
000001010110111010000
000001110011011110000
000000010110111110000
000000110111111010000
000000011110111110000
000000001111111110000
000000000111101110000
000000000011111111000
000000000000000000000
000000000000000000000
000000000000000000000
#
It:418:Diff:27:PSOStep:7:Time:32.673093461:s:AutomataStep:7:Transition:01100001111011111111011111001100011111111111110111111111111000010111101101010101110110101001111011001011111111101011101110111110101110111100111111000111111111011100111011010110011011101111110010011011111011101011011100111101000011101011000110111111111111111111111111111111100111110111111110111000111111101111110011101111001111010100011111001110111011000011111011111111001001101111111010101111011011111011011101111001110001000001111101000001011111111010110111000011110111110101010111111101111110111101101110101111
000000000000000000000
000000000000000000000
000000000000000000000
000110000000000000000
000111000000000000000
000011011000000000000
000000111100000000000
000010111101100000000
000010111011110000000
000001111111111100000
000001111011111010000
000000111111111110000
000000001110111110000
000000101111110010000
000000011110111010000
000000001111111110000
000000000111101110000
000000000011111111000
000000000000000000000
000000000000000000000
000000000000000000000
#
It:498:Diff:21:PSOStep:7:Time:38.744988059:s:AutomataStep:7:Transition:01100101111011111111011111001110011111111111110111111111111100010111101101000101111110100001111010001011111111101010111110111110101110111000101111000111111111111100111011010110111011101111110010011111111111111011011100111101100111100011100110111111111111111100111111111111100111110111111110101000111111101111110111101111001111010100011111001110111011001001111011111111001001101111101010101110001011110011011101011101110001000001111111100001011111111010110111100011110111011101010111111101111010111101101110111111
000000000000000000000
000000000000000000000
000000000000000000000
000110000000000000000
000111000000000000000
000011011000000000000
000000111100000000000
000011011101100000000
000011111011110000000
000001111111111100000
000001111111101010000
000001110111111110000
000001111111111110000
000000111111110010000
000000011111111010000
000000001101111110000
000000000111101110000
000000000011111111000
000000000000000000000
000000000000000000000
000000000000000000000
end
