PSO TRACE
INIT:../../instances/fazia/init.csv
REF:../../instances/fazia/asm3.csv
DecodingPolicy:CPP
MutationPolicy:Null
ParticleNeighborhood:DynamicGeneralizedEuclideanDistance
ParticleDims:515
ParticleCount:100
AccP:2.0
AccG:2.0
AccL:1.5
AccI:2.3
Pos:0.0-3.0
Inertia:0.9-0.6
VeloMax:2.0
MaxPSOIteration:500
InertiaDecrFactor:6.000000000000001E-4
INIT
000000000000000000000
000000000000000000000
000000000000000000000
000000000000000000000
000000000000000000000
000000000000000000000
000000000000000000000
000000000000000000000
000000000000000000000
000000000000000000000
000000000010000000000
000000000000000000000
000000000000000000000
000000000000000000000
000000000000000000000
000000000000000000000
000000000000000000000
000000000000000000000
000000000000000000000
000000000000000000000
000000000000000000000
REF
000000000000000000000
000000000000000000000
000000000000000000000
000111111111111111000
000011000011011110000
000111011110111101000
000000110111100010000
000111101011011111000
000010011111010110000
000111101110110001000
000001011001011110000
000111111110111111000
000011100010101010000
000111110011101101000
000000110011101110000
000111101110011111000
000010010101110110000
000111001100110011000
000000000000000000000
000000000000000000000
000000000000000000000
Classic CPP Decoder
#
It:0:Diff:105:PSOStep:6:Time:0.092294114:s:AutomataStep:6:Transition:01011101111111101110111111111111011101001111111111100011001111001111111110111100101111100011101110111101001001101010011100111101101011110111111010010101100110100001101100110111111100111100000011111010100110010110001011100011111101111101110111011101111111101111111111100101110011110100111110011100111010001111110111001101010011111111010011111011111100111111010101111000011111111101000110111111111101111100010111011010101111111111111100111111111000011011011100011011101111110110101011111111101100110111010010101111
000000000000000000000
000000000000000000000
000000000000000000000
000000000000000000000
000010101010101010000
000010111011101100000
000001000111011110000
000000011110111100000
000011011111001110000
000010001111100100000
000000101111110110000
000011111011000100000
000011100001110110000
000000111001101100000
000000111011011110000
000011111111111100000
000011111111111110000
000000000000000000000
000000000000000000000
000000000000000000000
000000000000000000000
#
It:1:Diff:104:PSOStep:6:Time:0.228108319:s:AutomataStep:6:Transition:01011100110110111011101111111111001000000111111101100010011101111111111100111110110111111111100110010111110111111111110111111111111110111111111111011101110110101011011100111010111100111111001111111111110001110111101111110110010101111111110111010100100110101110111111110001111111110111111111001000101111001110110111011001110111111011111010111010101011111011010101111100111101110110110111011101111111101110011111111010101111101111111100011110101110001111111101110010101110111100110101011111110111111111111111101111
000000000000000000000
000000000000000000000
000000000000000000000
000000000000000000000
000010101010101010000
000011111111111100000
000001100100011110000
000010011111011100000
000011010111111110000
000001001011111100000
000010101111111110000
000011011110111100000
000011101001111110000
000011101000011100000
000001010101011110000
000001111111111100000
000011111111111110000
000000000000000000000
000000000000000000000
000000000000000000000
000000000000000000000
#
It:2:Diff:83:PSOStep:7:Time:0.36139174:s:AutomataStep:7:Transition:01111101110111111111011111111110011100011010110111100011011011111111101011110111011111000101111010111111011111101100111111111111111111110111101111111101110110111101101000111110111111101010011111111111110110010100001111111001111001110101101111101101111111101111111111100111011011110111111111111100011110101111110110001001011111011110101111111010111101111111111110100100010111110011010111111011111110111100000111111011111111011111111111111111100001011111110101010111111010111110111111101111100101011011011010111111
000000000000000000000
000000000000000000000
000000000000000000000
000111011101110111000
000111111101111110000
000111111111101111000
000111110101111100000
000111111011110111000
000111111111011110000
000111111001101111000
000110111101111100000
000111111111011011000
000111111111110110000
000111111110111111000
000111111111110100000
000111111111111111000
000111111111111110000
000111111111111111000
000000000000000000000
000000000000000000000
000000000000000000000
#
It:5:Diff:81:PSOStep:7:Time:0.603911499:s:AutomataStep:7:Transition:01111111110111101111111011101110100101111011110111111111111111001111011111111111111111101101011110110011011111111111110111110101111011110111111101011111110111101110011111110111111101010111111111111111111111111111111111101001111110110110101111111111111011101111110101111111111111111011111111100111111111110111111111111101101111111110111111111110110111111111110011111101011111110101001101001011111111011111011111110111101110011111110111111111101111111111111111011110101110001111111001011111111001111111111111111000
000000000000000000000
000000000000000000000
000000000000000000000
000111111111111111000
000111111111111111000
000111111111111111000
000111111111111111000
000111000001111110000
000111110111010110000
000111111011110010000
000111110111111111000
000111011111011111000
000111101100011110000
000111101111101011000
000111111111111111000
000111011001100110000
000111111111111111000
000111011101110111000
000000000000000000000
000000000000000000000
000000000000000000000
#
It:6:Diff:73:PSOStep:7:Time:0.677080797:s:AutomataStep:7:Transition:01111111100110101011111111101110011101111011110111011111111110001111011111111111111111101101011110111011011011111111110111111101111101110111111111011111100111100011011110010111111111010111101111111111111101111111111111101000011111010111101111111111111011111111111101111111111111111111111111110111111101111011111111111101001111111110111111110100111110111011110001111101011111110111001100101011111111101111111111110111111010011111100110111111101111110111111111011110101110101111110101011111111001111110111111111001
000000000000000000000
000000000000000000000
000000000000000000000
000111111111111111000
000111111111111110000
000111111111101011000
000011000111111110000
000111111111100111000
000111101111111010000
000111111111011111000
000011011111111110000
000111111111111111000
000110000111011110000
000111111100110111000
000011110011001010000
000111111111111111000
000111011000110110000
000110111100111111000
000000000000000000000
000000000000000000000
000000000000000000000
#
It:7:Diff:70:PSOStep:7:Time:0.74999594:s:AutomataStep:7:Transition:01111111100110011011101011001110000101111011110100110111101101101111011111111110111111101001010110110111011011111111010111111101111001110111011101011111110001101010011111110111111101010111101110111111011111111111110101111001011110110110101111111110111111111110110101111111111101111111001111100111111111011111111111110101111110111111111110111110111011110011110011111101011111110101001100101101111011011111011111110111111110011111111110111001101111111110111111011010101100101101111001011011111001111111100111111011
000000000000000000000
000000000000000000000
000000000000000000000
000111111111111111000
000110100011111000000
000110010111011011000
000001111011110110000
000111111111111011000
000110110011111110000
000111111111100111000
000001111111111000000
000111110111110111000
000110111111111110000
000111101010100011000
000001111111111010000
000111101010111111000
000110111111111110000
000111011101110111000
000000000000000000000
000000000000000000000
000000000000000000000
#
It:8:Diff:65:PSOStep:7:Time:0.824925673:s:AutomataStep:7:Transition:01111111110111111010111111001110011101011011110111111111111110111111011111110111111111101101011110110111011111111111101111111111110111110111011111111111110101111111111111110111111111111111111111111111011111111111111111111001111111110111101111111111110111111111111101110111111111111111111111110111111111111111111111111101011111111110111111111110111001111111110101111101011111110011001101111011111111110111111111110111111110011111111110101111101111111111111111011110101110111111111101011011101101111111111111111011
000000000000000000000
000000000000000000000
000000000000000000000
000111111111111111000
000100111111111110000
000111101011111111000
000111111111111110000
000111111111111111000
000111111111111110000
000111111111111111000
000111111101111110000
000111111111111111000
000111111111111110000
000111111111111111000
000111110111011110000
000111111111111111000
000111111111111110000
000111001100110011000
000000000000000000000
000000000000000000000
000000000000000000000
#
It:12:Diff:60:PSOStep:7:Time:1.101694978:s:AutomataStep:7:Transition:01111101100111011010101011001110001111111011111100111011101010111111111111111111111111001001011111111111111111111111010111111101111111110010011111111111110011110110111111110111111011111111011110111111010111110111110111111001110111100110111101111110111011101110111101010111111001111101011111111011111110111111110111101101011111111111111011111100111011111010110011111101111001111111001100111111111111011111011111110111111111011111111110111101001010111111111111011110101000101101111001111111111101111111111111110111
000000000000000000000
000000000000000000000
000000000000000000000
000111011101110111000
000110110111001110000
000110111111011111000
000000110111111100000
000111101111101111000
000110111100111110000
000110011111111011000
000001111011011100000
000111111110111111000
000111111110111010000
000110111101110111000
000000111111111100000
000111111111111111000
000110111111111110000
000111001100110011000
000000000000000000000
000000000000000000000
000000000000000000000
#
It:73:Diff:53:PSOStep:7:Time:5.218132819:s:AutomataStep:7:Transition:01111101100111011000101111001010001111111011111101111111111010111111111011111111010111101001011111111111111111111111010111110101111111110010111011111101110111100111111111110111111011111111111110111111010101010111111111111101110111100111111110101111111111111110111101110111111101111101011111101111111100111011111111101101011111111111110101101110011011111011111010111100001101111111001100111111111110111011011111110111111111010111111110111101001011011111111111011111111010101101111101111111111101111111111111101011
000000000000000000000
000000000000000000000
000000000000000000000
000111011101110111000
000111111011101110000
000111111111111111000
000001100111111100000
000111111111111111000
000111011111110110000
000111110111111011000
000001111011011100000
000111111111111011000
000111100110110110000
000111011111100011000
000000111011111100000
000111101110010111000
000110010111111010000
000111001100110011000
000000000000000000000
000000000000000000000
000000000000000000000
end
