PSO TRACE
INIT:../../instances/fazia/init.csv
REF:../../instances/fazia/asvn3.csv
DecodingPolicy:CPPNot:CDLE2
MutationPolicy:Std10
ParticleNeighborhood:Fixed
ParticleDims:515
ParticleCount:100
AccP:2.0
AccG:2.0
AccL:1.5
AccI:2.3
Pos:0.0-3.0
Inertia:0.9-0.6
VeloMax:2.0
MaxPSOIteration:250
InertiaDecrFactor:0.0012000000000000001
INIT
000000000000000000000
000000000000000000000
000000000000000000000
000000000000000000000
000000000000000000000
000000000000000000000
000000000000000000000
000000000000000000000
000000000000000000000
000000000000000000000
000000000010000000000
000000000000000000000
000000000000000000000
000000000000000000000
000000000000000000000
000000000000000000000
000000000000000000000
000000000000000000000
000000000000000000000
000000000000000000000
000000000000000000000
REF
000000000000000000000
000000000000000000000
000000000000000000000
000000000010000000000
000000000111000000000
000000001011100000000
000000011111110000000
000000101011111000000
000001111111011100000
000010111110101110000
000111011101110111000
000010111011101110000
000001110111011100000
000000101110111000000
000000011101110000000
000000001011100000000
000000000111000000000
000000000010000000000
000000000000000000000
000000000000000000000
000000000000000000000
Classic CPP Decoder + Not Test
0 :1,2,3,4,
1 :0,2,3,4,
2 :0,1,3,4,
3 :0,1,2,4,
4 :0,1,2,3,
5 :6,7,8,9,
6 :5,7,8,9,
7 :5,6,8,9,
8 :5,6,7,9,
9 :5,6,7,8,
10 :11,12,13,14,
11 :10,12,13,14,
12 :10,11,13,14,
13 :10,11,12,14,
14 :10,11,12,13,
15 :16,17,18,19,
16 :15,17,18,19,
17 :15,16,18,19,
18 :15,16,17,19,
19 :15,16,17,18,
20 :21,22,23,24,
21 :20,22,23,24,
22 :20,21,23,24,
23 :20,21,22,24,
24 :20,21,22,23,
25 :26,27,28,29,
26 :25,27,28,29,
27 :25,26,28,29,
28 :25,26,27,29,
29 :25,26,27,28,
30 :31,32,33,34,
31 :30,32,33,34,
32 :30,31,33,34,
33 :30,31,32,34,
34 :30,31,32,33,
35 :36,37,38,39,
36 :35,37,38,39,
37 :35,36,38,39,
38 :35,36,37,39,
39 :35,36,37,38,
40 :41,42,43,44,
41 :40,42,43,44,
42 :40,41,43,44,
43 :40,41,42,44,
44 :40,41,42,43,
45 :46,47,48,49,
46 :45,47,48,49,
47 :45,46,48,49,
48 :45,46,47,49,
49 :45,46,47,48,
50 :51,52,53,54,
51 :50,52,53,54,
52 :50,51,53,54,
53 :50,51,52,54,
54 :50,51,52,53,
55 :56,57,58,59,
56 :55,57,58,59,
57 :55,56,58,59,
58 :55,56,57,59,
59 :55,56,57,58,
60 :61,62,63,64,
61 :60,62,63,64,
62 :60,61,63,64,
63 :60,61,62,64,
64 :60,61,62,63,
65 :66,67,68,69,
66 :65,67,68,69,
67 :65,66,68,69,
68 :65,66,67,69,
69 :65,66,67,68,
70 :71,72,73,74,
71 :70,72,73,74,
72 :70,71,73,74,
73 :70,71,72,74,
74 :70,71,72,73,
75 :76,77,78,79,
76 :75,77,78,79,
77 :75,76,78,79,
78 :75,76,77,79,
79 :75,76,77,78,
80 :81,82,83,84,
81 :80,82,83,84,
82 :80,81,83,84,
83 :80,81,82,84,
84 :80,81,82,83,
85 :86,87,88,89,
86 :85,87,88,89,
87 :85,86,88,89,
88 :85,86,87,89,
89 :85,86,87,88,
90 :91,92,93,94,
91 :90,92,93,94,
92 :90,91,93,94,
93 :90,91,92,94,
94 :90,91,92,93,
95 :96,97,98,99,
96 :95,97,98,99,
97 :95,96,98,99,
98 :95,96,97,99,
99 :95,96,97,98,
#
It:0:Diff:61:PSOStep:6:Time:1.534757:s:AutomataStep:6:Transition:00100110111001011010110101111010101011111000110001011001111111000111000000110000111100111111111000001101111110011000000011100110111101001001110000100111010110100010010100001110000011000011011010100110010000001011000001110001111111010111100011010110001010010101001100111011100011010001111111111111101100101111101111111100011000111101101111110111100000110011000010101000110110110111011110101101011011011100010001010111011001110011010100010010100100100111111111001101011010011100110011110101110011111011011110100110
000000000000000000000
000000000000000000000
000000000000000000000
000000000000000000000
000000000010000000000
000000000101000000000
000000000101100000000
000000000011110000000
000000100110111000000
000000101101011100000
000011110101100110000
000000111101110000000
000000011111101000000
000000010110000000000
000000001111100000000
000000000000000000000
000000000010000000000
000000000000000000000
000000000000000000000
000000000000000000000
000000000000000000000
#
It:2:Diff:59:PSOStep:7:Time:3.747675:s:AutomataStep:7:Transition:01010110001000000111110001101110100000111111110001101111011111000101010011110010101000001001001011110110110110011000111001000110101111011100110000010100101111101100110100101110110111001111010010100010100001100110100011110010110011010100110000011111001010110111101110010011101011111101111110011111000100101010111101111101000001111111111110111101100110111110110111101000000110110010110101111100011101011110101001010010100000110011010110001111101110111111111011100000011010110101000001110001111000111111111110111011
000000000000000000000
000000000000000000000
000000000000000000000
000100000000000000000
000001000000000000000
000010100100000000000
000001111010000000000
000000111011011000000
000000010010010100000
000001111010100110000
000000000011101111000
000000101010001110000
000000010001001100000
000000011011111000000
000000010000110000000
000000001101100000000
000000000101000000000
000000000010000000000
000000000000000000000
000000000000000000000
000000000000000000000
#
It:3:Diff:57:PSOStep:7:Time:4.795408:s:AutomataStep:7:Transition:01110111001000010111110101101110100000111111110001101111111111000101010011110010101000001001101010110110110111011000110001000111101111011100110000010100101111001100110100101110111111001111010010100010100001100110100011110011110011010100110001011111001000110111101110010011101010111101111110011111000100101010111101111101000001111111011110111101110110111010110111101000110110110010110101110100011101011110101101000000100000110010010100001111101110111111101001100100111010110100000001110001111000111111011111110011
000000000000000000000
000000000000000000000
000000000000000000000
000111111110000000000
000001101110000000000
000011010011100000000
000001011111100000000
000001111001111000000
000001010000110100000
000001110111100010000
000001111101110011000
000000100000111110000
000000110000101100000
000000100111001000000
000000011110110000000
000000001110100000000
000000000111000000000
000000000010000000000
000000000000000000000
000000000000000000000
000000000000000000000
#
It:4:Diff:48:PSOStep:7:Time:5.851589:s:AutomataStep:7:Transition:01110110101000001111110101101110100000111111110101101111011111000101010011110100101110001001001010110110110110011000110000100111101111011100110100010100100111001100110100111110111111001111010110100010100101100110100011110010110011010100110001011111001000110111101110110011100110011101111110111111000100101011111111111101010001111111111110111101101111111000111011111000100110110010011101110100011111011110100001000100100001110010110110001111101110111111101101100000011110110101000001110011111100111111011111100011
000000000000000000000
000000000000000000000
000000000000000000000
000110101110000000000
000101010110000000000
000100010111100000000
000001111011110000000
000111111110111000000
000111011110111100000
000110111000001110000
000100101101110111000
000011011101111110000
000001110001011100000
000000111001111000000
000000011111110000000
000000001111100000000
000000000111000000000
000000000010000000000
000000000000000000000
000000000000000000000
000000000000000000000
#
It:6:Diff:33:PSOStep:7:Time:7.722204:s:AutomataStep:7:Transition:00110110100000011110110111001110100010110111110101101101011110000111000011111000101110001100011010111011110110011000110000100111101111011000110100111110000110001110110100101010111111000111010111100110000101100110110011110010110011100110000011011111000100100111101100111010100110011111111110110111000100101010111111111100011001101101111111111101101111111010101011111000100100010010011001110110111111001111000100000100110011010010010100001111001110111010111110110011011110111111100001110011110110111111111111100011
000000000000000000000
000000000000000000000
000000000000000000000
000000000010000000000
000000000001000000000
000000000011100000000
000000010011110000000
000000011010111000000
000000110111111100000
000010011111011110000
000111001011010111000
000010001011101110000
000001110000011100000
000000010001111000000
000000011111110000000
000000000111100000000
000000000111000000000
000000000010000000000
000000000000000000000
000000000000000000000
000000000000000000000
#
It:17:Diff:30:PSOStep:7:Time:18.503801:s:AutomataStep:7:Transition:00110110100010001110110111001110000010110101110101101101011101000110010011111000101110001100111010111011110110011000110000100111101101010000110100011110000110001110110100111110101111000111010111100110000101100110110011110011111011100110000011011111001101100111101100111010100110011110111110111111000100101010111111111100011010101111111101111101101111111011101011111000100100010010011001111110111111001111000100000100110011010010010100001111001110111010111010110011011110111110000011110011110110011111111111001010
000000000000000000000
000000000000000000000
000000000000000000000
000000000010000000000
000000000110000000000
000000001011100000000
000000011111110000000
000000100000111000000
000000001010101100000
000010101011001110000
000110101101100110000
000010100011101110000
000001011011111100000
000000111100111000000
000000011111110000000
000000001111100000000
000000000111000000000
000000000010000000000
000000000000000000000
000000000000000000000
000000000000000000000
#
It:22:Diff:30:PSOStep:7:Time:23.257687:s:AutomataStep:7:Transition:00110110100000001111110101101110110010101111111001101011111111000101010011111000001010001001001010110001110110011000110100100111101111011000110100111100010110001100110100011100110111001111010100100110101001100110100011110010111001010100100001011111101101110111101100110010100000011110111110111111000101101110111101111100110101101111111110111101100110111011100111111000100100010010011101110100011011001111100110100100100000010010010110000111101110111001001010111001011010111110001001010001110110111111111111101010
000000000000000000000
000000000000000000000
000000000000000000000
000000000010000000000
000000000011000000000
000000001011100000000
000000001111110000000
000000011110111000000
000000010100011100000
000011101101001110000
000111111111100111000
000010111110111110000
000001011000011100000
000000101111111000000
000000011001110000000
000000001001100000000
000000000111000000000
000000000010000000000
000000000000000000000
000000000000000000000
000000000000000000000
#
It:29:Diff:27:PSOStep:7:Time:30.249886:s:AutomataStep:7:Transition:00110110100011011110110101001110101010100111010110101111001011010100010011111100001100110001001010111010110110011000110000110111101111111000110000010110100111001110110000011100111111101111010110100110001110000110110111110011111111110110100000011101111101000111100100111010100101010110101110111110000101001111101111111110011100001011111110101101101110110011101111101000100100110011011011111100111111001111110100000100110001110010010110010111001000111011101010101111011110101110101010010001110111111111111111011011
000000000000000000000
000000000000000000000
000000000000000000000
000000000010000000000
000000000111000000000
000000000001100000000
000000011011110000000
000000111010111000000
000000110101001100000
000011000100101110000
000111011111011111000
000010111001001110000
000001011111011100000
000000100010111000000
000000011111110000000
000000000101100000000
000000000111000000000
000000000010000000000
000000000000000000000
000000000000000000000
000000000000000000000
#
It:55:Diff:27:PSOStep:7:Time:55.139388:s:AutomataStep:7:Transition:00110110110011001011110101111111100010110010010110111111001111010001111011111000001100111101001110111001110110011100100110101111101111111110110100011110000111001110110100001011111111100111010110100110100111000110110111110010111111110110111111011101111101110111101110111110100011010101101110111111001101101111101111111110001000101111111110101101111110111011101111111010111100110011011111000101111111011110110100101100110010110010010110001111101110111011111011110111001010111110100011110001110111111111111111011011
000000000000000000000
000000000000000000000
000000000000000000000
000000000010000000000
000000000111000000000
000000001001100000000
000000011110110000000
000000101101011000000
000001111111001100000
000010011111110110000
000111111011101111000
000010101001110110000
000001111011011100000
000000100101111000000
000000011110110000000
000000001001100000000
000000000111000000000
000000000010000000000
000000000000000000000
000000000000000000000
000000000000000000000
#
It:58:Diff:24:PSOStep:7:Time:57.799665:s:AutomataStep:7:Transition:00110010110010001010110111111111100010110011110111111111101110010010010011101000001100010101001110111001110110001000110110111111101111111110110100010010100111001110110100011111111111100111010110100110101011100110100011110011111101010100111100011111111101110111100110110010110111011101101110110111001101101111111111111110010100001011111111101101111110111011101101111010110101110011011001000101110111011111000100001100110010110000010110000111101000011011011011111111001110111110001011110001110111111111111111011011
000000000000000000000
000000000000000000000
000000000000000000000
000000000010000000000
000000000101000000000
000000001011100000000
000000010010110000000
000000101110111000000
000001111101011100000
000010011101111110000
000111111011111011000
000010101101101110000
000001110111111100000
000000101101111000000
000000011111110000000
000000001001100000000
000000000111000000000
000000000010000000000
000000000000000000000
000000000000000000000
000000000000000000000
#
It:75:Diff:20:PSOStep:7:Time:74.433291:s:AutomataStep:7:Transition:00110110110001001010010101100101100010110110010111101111101010110101011011111000001100011100011010111001110111011000010100111111101111111110110001110010001111101100110110011000001110100011011110100110100101000110110111110000111111010110110110011011011101100011100100110010110111110100111110110111011101101111111111111110011001001111111110101101101110111011111111111010110110110011011011100101111111001111111101101100100010111010010111000101101100111011011010110011001110111111101011100101110111110011111110010001
000000000000000000000
000000000000000000000
000000000000000000000
000000000010000000000
000000000101000000000
000000001011100000000
000000011111110000000
000000100101111000000
000001111110011100000
000010111100101110000
000111000011101111000
000010011111111110000
000001110111111100000
000000100110011000000
000000011111110000000
000000001001100000000
000000000111000000000
000000000010000000000
000000000000000000000
000000000000000000000
000000000000000000000
#
It:238:Diff:20:PSOStep:7:Time:229.055179:s:AutomataStep:7:Transition:00110110110001001011110101100101100010110111010111101111101010110101111011101000001100010000100010111001111110010000110100111111101101111100110000110110000101001110110110011100101111100011011110100110100111100110110111110010111111011110110111011101011101000011100000110010101111110110111110111111001101101011111111111110001101001111111110101101101110111011111111111010110110110011001011110101111111001111111100100100110011101000010110001110101100111011001010110110001110111110100011100101110111111111111111011011
000000000000000000000
000000000000000000000
000000000000000000000
000000000010000000000
000000000111000000000
000000001011100000000
000000011001110000000
000000101100111000000
000001111111111100000
000010001100101110000
000101111111110111000
000010100011011110000
000001001111011100000
000000101110111000000
000000010101110000000
000000001011100000000
000000000111000000000
000000000010000000000
000000000000000000000
000000000000000000000
000000000000000000000
end
