PSO TRACE
INIT:../../instances/fazia/init.csv
REF:../../instances/fazia/asvn3.csv
DecodingPolicy:CPPNot:CDLE2
MutationPolicy:Std10
ParticleNeighborhood:Fixed
ParticleDims:515
ParticleCount:100
AccP:2.0
AccG:2.0
AccL:1.5
AccI:2.3
Pos:0.0-3.0
Inertia:0.9-0.6
VeloMax:2.0
MaxPSOIteration:250
InertiaDecrFactor:0.0012000000000000001
INIT
000000000000000000000
000000000000000000000
000000000000000000000
000000000000000000000
000000000000000000000
000000000000000000000
000000000000000000000
000000000000000000000
000000000000000000000
000000000000000000000
000000000010000000000
000000000000000000000
000000000000000000000
000000000000000000000
000000000000000000000
000000000000000000000
000000000000000000000
000000000000000000000
000000000000000000000
000000000000000000000
000000000000000000000
REF
000000000000000000000
000000000000000000000
000000000000000000000
000000000010000000000
000000000111000000000
000000001011100000000
000000011111110000000
000000101011111000000
000001111111011100000
000010111110101110000
000111011101110111000
000010111011101110000
000001110111011100000
000000101110111000000
000000011101110000000
000000001011100000000
000000000111000000000
000000000010000000000
000000000000000000000
000000000000000000000
000000000000000000000
Classic CPP Decoder + Not Test
0 :1,2,3,4,
1 :0,2,3,4,
2 :0,1,3,4,
3 :0,1,2,4,
4 :0,1,2,3,
5 :6,7,8,9,
6 :5,7,8,9,
7 :5,6,8,9,
8 :5,6,7,9,
9 :5,6,7,8,
10 :11,12,13,14,
11 :10,12,13,14,
12 :10,11,13,14,
13 :10,11,12,14,
14 :10,11,12,13,
15 :16,17,18,19,
16 :15,17,18,19,
17 :15,16,18,19,
18 :15,16,17,19,
19 :15,16,17,18,
20 :21,22,23,24,
21 :20,22,23,24,
22 :20,21,23,24,
23 :20,21,22,24,
24 :20,21,22,23,
25 :26,27,28,29,
26 :25,27,28,29,
27 :25,26,28,29,
28 :25,26,27,29,
29 :25,26,27,28,
30 :31,32,33,34,
31 :30,32,33,34,
32 :30,31,33,34,
33 :30,31,32,34,
34 :30,31,32,33,
35 :36,37,38,39,
36 :35,37,38,39,
37 :35,36,38,39,
38 :35,36,37,39,
39 :35,36,37,38,
40 :41,42,43,44,
41 :40,42,43,44,
42 :40,41,43,44,
43 :40,41,42,44,
44 :40,41,42,43,
45 :46,47,48,49,
46 :45,47,48,49,
47 :45,46,48,49,
48 :45,46,47,49,
49 :45,46,47,48,
50 :51,52,53,54,
51 :50,52,53,54,
52 :50,51,53,54,
53 :50,51,52,54,
54 :50,51,52,53,
55 :56,57,58,59,
56 :55,57,58,59,
57 :55,56,58,59,
58 :55,56,57,59,
59 :55,56,57,58,
60 :61,62,63,64,
61 :60,62,63,64,
62 :60,61,63,64,
63 :60,61,62,64,
64 :60,61,62,63,
65 :66,67,68,69,
66 :65,67,68,69,
67 :65,66,68,69,
68 :65,66,67,69,
69 :65,66,67,68,
70 :71,72,73,74,
71 :70,72,73,74,
72 :70,71,73,74,
73 :70,71,72,74,
74 :70,71,72,73,
75 :76,77,78,79,
76 :75,77,78,79,
77 :75,76,78,79,
78 :75,76,77,79,
79 :75,76,77,78,
80 :81,82,83,84,
81 :80,82,83,84,
82 :80,81,83,84,
83 :80,81,82,84,
84 :80,81,82,83,
85 :86,87,88,89,
86 :85,87,88,89,
87 :85,86,88,89,
88 :85,86,87,89,
89 :85,86,87,88,
90 :91,92,93,94,
91 :90,92,93,94,
92 :90,91,93,94,
93 :90,91,92,94,
94 :90,91,92,93,
95 :96,97,98,99,
96 :95,97,98,99,
97 :95,96,98,99,
98 :95,96,97,99,
99 :95,96,97,98,
#
It:0:Diff:61:PSOStep:4:Time:1.457993:s:AutomataStep:4:Transition:01111111111111110110011110101111111110011011111110111111111110111111110111111010011011111111101111001111111111011011111110111111111011111111011001011110011111111111101111011101101111111110111111111111111110111111111110111101111111111110110110111001111111111110111011111110011101011111111111111111101111110111111111101110101101110111101101011111101111111011101111111110110111011100111001011111101101101111110110111110111111111100111111011101101111111110110101101111111101110111110110101011111111111111111111111110
000000000000000000000
000000000000000000000
000000000000000000000
000000000000000000000
000000000000000000000
000000000000000000000
000000111111111000000
000000110101111000000
000000111110101000000
000000110100111000000
000000110001011000000
000000111101011000000
000000111011001000000
000000101110111000000
000000111011101000000
000000000000000000000
000000000000000000000
000000000000000000000
000000000000000000000
000000000000000000000
000000000000000000000
#
It:1:Diff:60:PSOStep:7:Time:2.49477:s:AutomataStep:7:Transition:00111001100000100001001010100001111001000011100110101100010011000000100000100011010101001100001000010000000011100100100000101000111100000110100001010101100001000000001011100100011011101101110000111001100010000100000010010011010001010011010000011101000001110000010010110010001011010011111010011010000001000101010100111010000110110000010010100100101011000101111110001101101000000000000011001001001010100001000111011111000000010001000001100110110100001111101100000110111001111110110100101000101010100011100001101000
000000000000000000000
000000000000000000000
000000000000000000000
000000000010101011000
000000000101010101000
000000001000000000000
000000010101010101000
000000101101101000000
000000111011101011000
000011001110111100000
000111001000000101000
000000000001001110000
000000100111010100000
000000110100011000000
000000000110010000000
000000000101100000000
000000000001000000000
000000000010000000000
000000000000000000000
000000000000000000000
000000000000000000000
#
It:3:Diff:58:PSOStep:4:Time:4.519827:s:AutomataStep:4:Transition:01111111111101101111111101111111111111101111111101111111111011010111111111111011111001111111111111111111111111111111110111111111111111111111111110111011110101111111111111011111111111011110111111010111111101111111011011101111111011111110101111111011011110111111101111111011011101110010111111111001111111111111111111011111110111101111110111011111110111111010101111111110000110101110111111111111010111101111110101111011101111101111111111011111011111111100110111111111110110111001111111111111111110111110110111111111
000000000000000000000
000000000000000000000
000000000000000000000
000000000000000000000
000000000000000000000
000000000000000000000
000000111111111000000
000000111111111000000
000000111111111000000
000000111111111000000
000000111011111000000
000000011111111000000
000000001111111000000
000000000111111000000
000000000011111000000
000000000000000000000
000000000000000000000
000000000000000000000
000000000000000000000
000000000000000000000
000000000000000000000
#
It:8:Diff:52:PSOStep:7:Time:9.284496:s:AutomataStep:7:Transition:01100110111010001010101101111011100011100101101011111011110111110100111111101110110100111010111001111101111100111100101101111011100111011011011111101000110111101101101011011111001110110111011001111101111111100101110101111111111011101100101010101000111110100101101111011111100110101111101111101101011111000001101111011111011111001110110111111111110101110010111111101111011011010011011110111111101111110111011001111011110011111110111111011010011011010111110111111011011100000111111011111011111001011010111111110011
000000000000000000000
000000000000000000000
000000000000000000000
000111111110000000000
000100101011000000000
000111011111100000000
000111111010110000000
000111110100111000000
000111111111011100000
000111111111111110000
000111111110110111000
000011111111100010000
000001111000011100000
000000110111111000000
000000011101110000000
000000001110100000000
000000000111000000000
000000000010000000000
000000000000000000000
000000000000000000000
000000000000000000000
#
It:14:Diff:42:PSOStep:7:Time:15.055991:s:AutomataStep:7:Transition:00110010011011100111000001001110111011110100001001111010010100010000011011100110110100111011010001110111000000101010100111001011100011011110001100111111110111011100011011101110000011101011110011100010111011110001111100011110111001111101111111101000100010100100011111111111101111001100101011000111010110100100110110001100101111011111111110101111010001101110011111101010110101000010010110110100101110111101001101111011100101101111111110111011001110000111101010111001111010001011110111101101111111101001111110111011
000000000000000000000
000000000000000000000
000000000000000000000
000000000010000000000
000000000001000000000
000000000001100000000
000000000011010000000
000000101100001000000
000001110111111100000
000001100110000010000
000001010001101111000
000001011110101110000
000001010101111100000
000000110111011000000
000000011011110000000
000000001011100000000
000000000111000000000
000000000010000000000
000000000000000000000
000000000000000000000
000000000000000000000
#
It:15:Diff:39:PSOStep:7:Time:15.951109:s:AutomataStep:7:Transition:00110110111010111111001011001110110111100110101110101110110111110001001010111110110100110011111001111110100100111011111111101011100111011011001100111111110111111101111011011111001010110011010000010011111001100101110101111110111011101100111101101001110110100100001111111111101111100110101111000101010110100100111110001101111111001111111111101111111101100111011111101011010111010011110110111101111110111111001101001111100111110111111110101011011110010111111100011001111100011111110111111001110101110011011110011111
000000000000000000000
000000000000000000000
000000000000000000000
000000000010000000000
000000000110000000000
000000001010100000000
000000011100110000000
000000110101111000000
000000110011111100000
000011101101011110000
000110010110011011000
000011111111001110000
000001111011101100000
000000111111101000000
000000011011110000000
000000001101100000000
000000000111000000000
000000000010000000000
000000000000000000000
000000000000000000000
000000000000000000000
#
It:18:Diff:23:PSOStep:7:Time:18.573992:s:AutomataStep:7:Transition:00010111111111101111110111001111110111110110111001111011110111110111001110111110110100111011110110111111011101111010111111111111110111011011011111111111110111111111111111101110100011111111111011110111111101100010110000111111111111111111111100111001111110100110101101111101111111101110111111000101110011101111111010001101111111001111111110101101111001100010011011111111011111111011110110111100111110111111111101101111100111001111111111111111011111110111111101111001111110000101110111101100111101101011111111111111
000000000000000000000
000000000000000000000
000000000000000000000
000000000000000000000
000000000111000000000
000000001111100000000
000000011111010000000
000000111011111000000
000001100111110100000
000011011111111110000
000101111001110111000
000011111111111110000
000001111111011100000
000000111111111000000
000000011111110000000
000000001111100000000
000000000111000000000
000000000010000000000
000000000000000000000
000000000000000000000
000000000000000000000
#
It:28:Diff:22:PSOStep:7:Time:27.343444:s:AutomataStep:7:Transition:00010111111111101111111011011110100011111100111101111011111111110111011111110111111111011111111011110111101111111011101111111111111111111111011110111011011111111111011101111110001011111111111011101110111001101010110010111111111111111111111111111010110111110110001101111101111011111111111111000101100011101111111011011101111111011111111111101101111111110011101111111111111111111111101111111100111110111111111111111011111111110111111110111111011111110011110101111011011110110101111111101111111101111111110111110011
000000000000000000000
000000000000000000000
000000000000000000000
000000000000000000000
000000000111000000000
000000001011100000000
000000010111010000000
000000101111101000000
000001111111110100000
000010111111111010000
000110111111111111000
000011111111111110000
000001111111111100000
000000111111111000000
000000011101110000000
000000001111100000000
000000000111000000000
000000000010000000000
000000000000000000000
000000000000000000000
000000000000000000000
#
It:31:Diff:19:PSOStep:7:Time:29.567125:s:AutomataStep:7:Transition:00110111111111101110011110011110110010111110111101111011111101110111111011111111111011111111100000111101111101111110101011111011111011111110111100110101110110111111100001111111000101111011111101101111111100101000111000111111111111011111101110111111111110100111101001111111111011110111100011011111000011101110111111011101101111011111111111111111111111101011011111111111101111111111110111111101111110111001101101111011101111110111111100111111111111111111111110111101011110100101111111101111111101101111111111100111
000000000000000000000
000000000000000000000
000000000000000000000
000000000010000000000
000000000111000000000
000000001011100000000
000000011111110000000
000000101101111000000
000001111011111100000
000010111110111110000
000111111111111111000
000011110011011110000
000001111011111100000
000000111111111000000
000000011111110000000
000000001111100000000
000000000111000000000
000000000010000000000
000000000000000000000
000000000000000000000
000000000000000000000
#
It:63:Diff:16:PSOStep:7:Time:57.994772:s:AutomataStep:7:Transition:00110111111111101110101111011110110011111111101111111110111111110111111111111111111011111111100010111111111111111111101111111011111111111110111100111111110111111111101011111111000101111011111101111111111100111100110101111011111110111111111110111111011111100111101111111101111011111111101111011111000111101110111111011111101111111111111111111111111111101011011111111111101111111111100111101101111110110001111111111011101011111111111101011111111111111111110110111101111100110101111111101011111101111111111111110111
000000000000000000000
000000000000000000000
000000000000000000000
000000000010000000000
000000000111000000000
000000001011100000000
000000011111110000000
000000101011111000000
000001111111111100000
000010111101111110000
000111111111111111000
000011111111111110000
000001111111111100000
000000111111111000000
000000011111110000000
000000001111100000000
000000000111000000000
000000000010000000000
000000000000000000000
000000000000000000000
000000000000000000000
#
It:65:Diff:15:PSOStep:7:Time:59.664505:s:AutomataStep:7:Transition:00110111111110101110101111011110110011111110101101111011111111110101101011001111111111111011100000111101111101111100100111111011101111111110111100110101110010011111101011111111000101111111111101110111011100101000111000111111111110011111101110111111011111100110101001111101101011010111100011010111000111101110111111011101101111011111101110111011111111101010010111111111101101111111110110111101011100100011101101111011101111011111111100111110111111111111110110111100011110100101111011101011111101101111011111100011
000000000000000000000
000000000000000000000
000000000000000000000
000000000010000000000
000000000111000000000
000000001011100000000
000000011111110000000
000000101111111000000
000001111111011100000
000010110111101110000
000111111111111111000
000011001111101110000
000000111111011100000
000000101111111000000
000000000101110000000
000000001011100000000
000000000111000000000
000000000010000000000
000000000000000000000
000000000000000000000
000000000000000000000
#
It:138:Diff:10:PSOStep:7:Time:130.573813:s:AutomataStep:7:Transition:00110111111110101110111111111111111011111110111111111111110111110111111011011111111010111011101010111101111101111101101111111011101010111110111100110111010110010101101001110111101101101011111111101110111100111100111010111111111110111111101110111110111111110111111011111101101011011111100011111111000101111110111111011111111101110100111100111011101010101111011100111111011111111111100000111011011101110101110111111010101111110011111111010110111111111010110110111100111111000110111010101110111101011111011111110111
000000000000000000000
000000000000000000000
000000000000000000000
000000000010000000000
000000000111000000000
000000001011100000000
000000011101110000000
000000101011111000000
000001110111011100000
000010101110111110000
000111011101111111000
000010111011110110000
000001110111011000000
000000101110111000000
000000011101100000000
000000001010100000000
000000000111000000000
000000000010000000000
000000000000000000000
000000000000000000000
000000000000000000000
#
It:141:Diff:5:PSOStep:7:Time:133.044401:s:AutomataStep:7:Transition:00110111111111101110111111110110101011111110101111111111111111110111110000101111111010111011101010111101111101110101101111111011101111111110111100110111111110110111101101110111101101101011111111101110111100110100111011111111111110011111101110111111111111110110111011011100101011011111100011111110000111111110111111011111111101111111111101111111101111101011011100111111111111111111100110111111011101110111110111111011101111111111111111011110111111111110111110111100111111100111111011101110111101011111111111110111
000000000000000000000
000000000000000000000
000000000000000000000
000000000010000000000
000000000111000000000
000000001011100000000
000000011101110000000
000000101111111000000
000001110111011100000
000010111111111110000
000111011101110111000
000010111011101110000
000001110111011100000
000000101110111000000
000000011101110000000
000000001011100000000
000000000111000000000
000000000010000000000
000000000000000000000
000000000000000000000
000000000000000000000
#
It:212:Diff:5:PSOStep:7:Time:189.417672:s:AutomataStep:7:Transition:00110111111111101010111111110110111011111010101111111111110111110111110111001111111010111011100010111001111101100101101111111011101011101110111101110111111110110101101001100111101101111011111101100110111100100100111011111111111110011111101110111111111111110110111011111100101011111111100011111111001111111111111111011111111111111111111100111111101111101011010100111111110111111111110110111011010101110011110111111011101111111111111111011110111111110100101110111110111111110111111011101110101101011111111111110111
000000000000000000000
000000000000000000000
000000000000000000000
000000000010000000000
000000000111000000000
000000001011100000000
000000011101110000000
000000101111111000000
000001110111011100000
000010111111111110000
000111011101110111000
000010111011101110000
000001110111011100000
000000101110111000000
000000011101110000000
000000001011100000000
000000000111000000000
000000000010000000000
000000000000000000000
000000000000000000000
000000000000000000000
end
