PSO TRACE
INIT:../../instances/fazia/init.csv
REF:../../instances/fazia/asm2.csv
DecodingPolicy:Nibble:CDLE2
MutationPolicy:Std
ParticleNeighborhood:EDist
ParticleDims:146
ParticleCount:100
AccP:2.0
AccG:2.0
AccL:1.5
AccI:2.3
Pos:0.0-3.0
Inertia:0.9-0.6
VeloMax:2.0
MaxPSOIteration:500
InertiaDecrFactor:6.000000000000001E-4
INIT
000000000000000000000
000000000000000000000
000000000000000000000
000000000000000000000
000000000000000000000
000000000000000000000
000000000000000000000
000000000000000000000
000000000000000000000
000000000000000000000
000000000010000000000
000000000000000000000
000000000000000000000
000000000000000000000
000000000000000000000
000000000000000000000
000000000000000000000
000000000000000000000
000000000000000000000
000000000000000000000
000000000000000000000
REF
000000000000000000000
000000000000000000000
000000000000000000000
000100000000000000000
000100000000000000000
000010111111000000000
000100001110100000000
000111111111010000000
000001100001011000000
000110101111010100000
000101101100111110000
000010100011110010000
000011111111110010000
000011000111110010000
000110110111011010000
000111101101110010000
000111100111100010000
000111111111111111000
000000000000000000000
000000000000000000000
000000000000000000000
Nibble Decoder
#
It:0:Diff:99:PSOStep:6:Time:3.750019017:s:AutomataStep:6:Transition:01100100100011000010010001100010110001100010101001101000000011101010111000000110001010101010101011100110111001101110111001000110011010101100100001101110110011000110111001101000110001001100100001100010010001001000101010101000100010101000010000001000001000001010001001101100101011101110000011001010101010101010010000101010111010000100011001101100101001100110111010100000010001000100111000100000100001101110101011100010111010100110111000001100100000001110010010000110111011000100100001100110101010101110100000001010
000000000000000000000
000000000000000000000
000000000000000000000
000000000000000000000
000010000000000000000
000001110000000000000
000000011000000000000
000001010000000000000
000011110011000000000
000001000111000000000
000000010000000000000
000000001000100000000
000010001100100000000
000001001101110000000
000000011111001100000
000000101010101010000
000010101010101010000
000000000000000000000
000000000000000000000
000000000000000000000
000000000000000000000
#
It:1:Diff:99:PSOStep:7:Time:5.183102964:s:AutomataStep:7:Transition:01100000100011101100001000001010010000000010101001001110111011100010000001001000110010100010011001001100100000001110010001100100111011000010100001001010101011001000100000001100010011101000100010000110000001101000111001000000100010101000011001001000100011001010011011101010101011101000001000001100101011001100110011001100100000100000011010000000101011101110111010100010000001001100000001000000110010000110101000000110001010101000011011000110111000101000011001101110010011100010110001101110011001101100100011001010
000000000000000000000
000000000000000000000
000000000000000000000
000110000000000000000
000111100000000000000
000011000000000000000
000011110110000000000
000001101100000000000
000001101011000000000
000000101100000000000
000000110100100000000
000000010001100000000
000000010000010000000
000000000010011000000
000000001111010000000
000000000000001100000
000000000001000110000
000000000011110111000
000000000000000000000
000000000000000000000
000000000000000000000
#
It:2:Diff:95:PSOStep:7:Time:6.326307872:s:AutomataStep:7:Transition:00000000011011001100100011001100101011000100110000001110100001101100000011000110110011001100011011001000011010001110001000001000011011001010100011001100110011100100011010100110001010100110011001100110011001100110101000001110110011001110101011000110111001101010110001001010011001101000110010101100110011000000111010101100011010000100111001000000011010001100000001100100110001000110000001000100011001000000110011001000110011000110011011001110011010100110011001100110001001100110100011101110000011000110100001100100
000000000000000000000
000000000000000000000
000000000000000000000
000000000000000000000
000000000000000000000
000000000000000000000
000000000000000000000
000000000000000000000
000000000000000000000
000000000000000000000
000001100100110101000
000010010001111001000
000010101010001111000
000010000000010001000
000010110000100111000
000001111101111101000
000011001100110011000
000101010101010101000
000000000000000000000
000000000000000000000
000000000000000000000
#
It:3:Diff:95:PSOStep:7:Time:7.408522824:s:AutomataStep:7:Transition:00100100000000101010000000001100000010000110110000101110000000001100001011000000100011001100101010000000000001100000110001100000101000101110100000000000111001100000000011000000011011000110011010100100000000000000000011101100011011000010111010100000000000000010001000001100001001000000110011001110110011101110001001101110000010101100000000101010000000100100000001000110010011000000100011100100100001100000110011100100111011000000000011001100000011001110011001100000110010001100000001100110110010101110011000001110
000000000000000000000
000000000000000000000
000000000000000000000
000000000010000000000
000000000010000000000
000000000100000000000
000000000000110000000
000000000110110000000
000000000101000000000
000000001100000110000
000000000010100010000
000000000001010010000
000000010011000000000
000001011011001000000
000000001111010000000
000000000000100000000
000010000000000000000
000111111110000000000
000000000000000000000
000000000000000000000
000000000000000000000
#
It:5:Diff:92:PSOStep:7:Time:9.424417673:s:AutomataStep:7:Transition:01000100011001000000011001001100111010001110110011000110011000001100010011001000001011001100001010001110011010100110110000100110110010100110011011100010010000000110011011000110100000001100011011001100000001100110101001100000101011000100011001100110011001101100011010001100110001101110110011000110001001101000100001101010111010001100011010000000001010000000011011001100011011000110000010000000000010000010110001100100110011000110011011001000011011000110110010000110110010001100011001000110001011000110011001100110
000000000000000000000
000000000000000000000
000000000000000000000
000100000000000000000
000001000000000000000
000101000000000000000
000001100100000000000
000101101000000000000
000001011011100000000
000100011000001000000
000001111010011011000
000101001001010000000
000001010011101011000
000100110101100000000
000001110100010011000
000101010100101000000
000001100000111011000
000111111111111111000
000000000000000000000
000000000000000000000
000000000000000000000
#
It:7:Diff:85:PSOStep:7:Time:11.184561327:s:AutomataStep:7:Transition:01100100010000000100001001001100000011000110111010100100011010101100010011001110110011001100110011000100010001100100100011101110110001100010010000001000001011001000010011100000010001001100110011001010111001000000110001001100101010100100010000101010010001001000111000000000100001100110110010100100101010101100101001001010011001001100100011100110100010101100010001101110000001101100011011000100110000001000110010101100110011100100010011100100010011000100011001000100110010101100001001000100000000000100001001001010
000000000000000000000
000000000000000000000
000000000000000000000
000110000000000000000
000000100000000000000
000100001000000000000
000001110001000000000
000101010101100000000
000000000000110000000
000101101111011000000
000000101100101000000
000101101100110000000
000000011101001000000
000100000011000100000
000001110001011010000
000101101010100000000
000001000010000010000
000111010101010111000
000000000000000000000
000000000000000000000
000000000000000000000
#
It:16:Diff:83:PSOStep:7:Time:19.316463786:s:AutomataStep:7:Transition:01100010110001101100110011001100001011000110100010101100110010001100100011001000000011001100110010001100110010001100100000001110110011101100110011001100110011001010110011001100110011001100110011000000011011000110110011001100011010001010110011100010110011001100100000100010100010101010110011001100110001100100110011001010100011001100110000101000100010001010110011000110011010001100111011000110010001101100110000101100110001001100110010101100110001101110011011001100110011001100011011001100110000101100011011000000
000000000000000000000
000000000000000000000
000000000000000000000
000110101010000000000
000100000111000000000
000101100110100000000
000100011011000000000
000111010001101000000
000101011101100000000
000100010111111100000
000101100000001010000
000111000000000010000
000100111111110010000
000101111111111110000
000100000000000110000
000100000000000010000
000111111111111110000
000111111111111111000
000000000000000000000
000000000000000000000
000000000000000000000
#
It:26:Diff:83:PSOStep:7:Time:28.190517763:s:AutomataStep:7:Transition:01100000101001000110110010100110001001101110000010101010101001001010110000001010000001100110011011101010101001100010011001001010111011101000101010101110101001001010111010001010100001100010011001100010101010101010110010100000110001100010010011001010101000101000110011101100100010100010011000101010011011001010111010001000101010000110111001001100011001100110101001101010111001100000111011001010100001101100011001000100000001101010101000001100101000001000100001001010000001100100101011000000011001000000101010100110
000000000000000000000
000000000000000000000
000000000000000000000
000110000000000000000
000110001000000000000
000110111110000000000
000010101110000000000
000110001110000000000
000100010110100000000
000111101100010000000
000011011010010000000
000111110010110000000
000101111100010000000
000111100000011000000
000000000000000000000
000111000000100010000
000100010001000110000
000111011101110111000
000000000000000000000
000000000000000000000
000000000000000000000
#
It:48:Diff:79:PSOStep:7:Time:47.770397242:s:AutomataStep:7:Transition:01100100101011100100111010101100101001101110111010101010101010101010001011101010100011001100110011101010111010000010110001001010111010101000101010101110110011101010100010001010111011001110111011001100101010100000111010101100001011000100101010001010101000001010110010001110001010101100110011001010000011000000101000001110101011001100101011101110110011001010101011001010111010000010111011001010100011001110110010100000001011001000101001101100101011101010110010101010111001101100101011101100111001001110101010100110
000000000000000000000
000000000000000000000
000000000000000000000
000110000000000000000
000111110000000000000
000000110100000000000
000000001100000000000
000100111001010000000
000111111001010000000
000000111101001000000
000000000111011100000
000101100011101100000
000111110001101000000
000001111110110000000
000000000110110010000
000100000000000010000
000111111101010101000
000111111111111111000
000000000000000000000
000000000000000000000
000000000000000000000
#
It:56:Diff:79:PSOStep:7:Time:54.917840337:s:AutomataStep:7:Transition:01100000111001101110101011101000111010100110111001101110111001101010111000000000100010001000010010001110000011000110100001101110101001101010111001101000000011101110001010001110011010101110111010001010110011101100011011100010011010000110100010000110111011101000101001101110101011101000100010101110010001101110011011101010111000101000000010100010100010000110100011001110101010000110111010000110111001100000100011100000101010100110111011001000111010001110101000001110101001101000111010001110101000101100111011100100
000000000000000000000
000000000000000000000
000000000000000000000
000110000000000000000
000111110000000000000
000010101000000000000
000110001010000000000
000111011110000000000
000110111101011100000
000111111111101010000
000010000000001011000
000011100000111001000
000111011111110011000
000111111111110001000
000100000000000011000
000100000000000001000
000111111111111111000
000111111111111111000
000000000000000000000
000000000000000000000
000000000000000000000
#
It:423:Diff:77:PSOStep:7:Time:374.544238446:s:AutomataStep:7:Transition:01000000100011001010100010101100101010001010011001101000011010101100000000100010001011001100010000101000100010001100100011000000101011101010100000101100001011001000101000101000010000001000101011001000110010001100011010000110110011001010100011101100100010001100100011000010101010001000110010001000100001001110110010001000100000001000100010001100001011000100010010000000101011101000000010001000100001001010110010000100010010001000100001001110100011000110111001101000110010101100101010001000100011001000000010000010
000000000000000000000
000000000000000000000
000000000000000000000
000100000000000000000
000111000000000000000
000111010000000000000
000010001100000000000
000101001100000000000
000101100000000000000
000111101101010000000
000000100110101011000
000100010010000011000
000111010110010001000
000111111101110001000
000010000111000011000
000100110000011001000
000111110011111001000
000111111111111111000
000000000000000000000
000000000000000000000
000000000000000000000
#
It:430:Diff:74:PSOStep:7:Time:380.678110408:s:AutomataStep:7:Transition:01000010101001000000111011101100011011101100101011001110111011001100101010100100101011001100110010101000111011100000001011000010111001001110111001101000110011000110111011001110110011001110100010000100111011101010110011101010111001001000010010001000111011101100100011000110100011101110001010001110000001101110101011101000111000001100010010100010110010000000111000001110010001101110011011001110111001001110110000001110011000000110111001100100011000101110111011101110110001001100101011000000010011000000000011100000
000000000000000000000
000000000000000000000
000000000000000000000
000100000000000000000
000101000000000000000
000111000100000000000
000100101110000000000
000011010000100000000
000011101000110000000
000011111111000100000
000100001010000110000
000100000110000010000
000010110111000010000
000111111001111110000
000100011001100010000
000000000000000010000
000111101110111010000
000111111111111111000
000000000000000000000
000000000000000000000
000000000000000000000
end
