PSO TRACE
INIT:../../instances/fazia/init.csv
REF:../../instances/fazia/asm1.csv
DecodingPolicy:Nibble:CDLE2
MutationPolicy:Std
ParticleNeighborhood:Fixed
ParticleDims:146
ParticleCount:100
AccP:2.0
AccG:2.0
AccL:1.5
AccI:2.3
Pos:0.0-3.0
Inertia:0.9-0.6
VeloMax:2.0
MaxPSOIteration:500
InertiaDecrFactor:6.000000000000001E-4
INIT
000000000000000000000
000000000000000000000
000000000000000000000
000000000000000000000
000000000000000000000
000000000000000000000
000000000000000000000
000000000000000000000
000000000000000000000
000000000000000000000
000000000010000000000
000000000000000000000
000000000000000000000
000000000000000000000
000000000000000000000
000000000000000000000
000000000000000000000
000000000000000000000
000000000000000000000
000000000000000000000
000000000000000000000
REF
000000000000000000000
000000000000000000000
000000000000000000000
000110000000000000000
000111000000000000000
000011010000000000000
000010110100000000000
000011111101100000000
000010011011100000000
000001101110111100000
000001111101001010000
000000110111111110000
000001110110101110000
000000110111010010000
000000011111011010000
000000001101110110000
000000000110101110000
000000000011110111000
000000000000000000000
000000000000000000000
000000000000000000000
Nibble Decoder
0 :1,2,3,4,
1 :0,2,3,4,
2 :0,1,3,4,
3 :0,1,2,4,
4 :0,1,2,3,
5 :6,7,8,9,
6 :5,7,8,9,
7 :5,6,8,9,
8 :5,6,7,9,
9 :5,6,7,8,
10 :11,12,13,14,
11 :10,12,13,14,
12 :10,11,13,14,
13 :10,11,12,14,
14 :10,11,12,13,
15 :16,17,18,19,
16 :15,17,18,19,
17 :15,16,18,19,
18 :15,16,17,19,
19 :15,16,17,18,
20 :21,22,23,24,
21 :20,22,23,24,
22 :20,21,23,24,
23 :20,21,22,24,
24 :20,21,22,23,
25 :26,27,28,29,
26 :25,27,28,29,
27 :25,26,28,29,
28 :25,26,27,29,
29 :25,26,27,28,
30 :31,32,33,34,
31 :30,32,33,34,
32 :30,31,33,34,
33 :30,31,32,34,
34 :30,31,32,33,
35 :36,37,38,39,
36 :35,37,38,39,
37 :35,36,38,39,
38 :35,36,37,39,
39 :35,36,37,38,
40 :41,42,43,44,
41 :40,42,43,44,
42 :40,41,43,44,
43 :40,41,42,44,
44 :40,41,42,43,
45 :46,47,48,49,
46 :45,47,48,49,
47 :45,46,48,49,
48 :45,46,47,49,
49 :45,46,47,48,
50 :51,52,53,54,
51 :50,52,53,54,
52 :50,51,53,54,
53 :50,51,52,54,
54 :50,51,52,53,
55 :56,57,58,59,
56 :55,57,58,59,
57 :55,56,58,59,
58 :55,56,57,59,
59 :55,56,57,58,
60 :61,62,63,64,
61 :60,62,63,64,
62 :60,61,63,64,
63 :60,61,62,64,
64 :60,61,62,63,
65 :66,67,68,69,
66 :65,67,68,69,
67 :65,66,68,69,
68 :65,66,67,69,
69 :65,66,67,68,
70 :71,72,73,74,
71 :70,72,73,74,
72 :70,71,73,74,
73 :70,71,72,74,
74 :70,71,72,73,
75 :76,77,78,79,
76 :75,77,78,79,
77 :75,76,78,79,
78 :75,76,77,79,
79 :75,76,77,78,
80 :81,82,83,84,
81 :80,82,83,84,
82 :80,81,83,84,
83 :80,81,82,84,
84 :80,81,82,83,
85 :86,87,88,89,
86 :85,87,88,89,
87 :85,86,88,89,
88 :85,86,87,89,
89 :85,86,87,88,
90 :91,92,93,94,
91 :90,92,93,94,
92 :90,91,93,94,
93 :90,91,92,94,
94 :90,91,92,93,
95 :96,97,98,99,
96 :95,97,98,99,
97 :95,96,98,99,
98 :95,96,97,99,
99 :95,96,97,98,
#
It:0:Diff:77:PSOStep:7:Time:5.077264574:s:AutomataStep:7:Transition:01000100001011101110110000000100110010000100010001000110101011100110000000001110100001001100101000000110110001101110010010000100110010100010101000101010111011000010001000100100111011100100000011100110001010101110101001101110100011000000011011001110011010001000010011001110101010001110110000101110111001000000001000101010111010001000101011000110011011100110011010100100110001100100111010100000010000101100111001001100101000101000101000000110111010101100110010000000111010000110010010100100100011101100000001000000
000000000000000000000
000000000000000000000
000000000000000000000
000100000000000000000
000010000000000000000
000001100000000000000
000001100000000000000
000000101000000000000
000000010111010000000
000000011001101000000
000000001001010101000
000000000100001010000
000000001110110011000
000000000111110110000
000000000100110111000
000000000000000010000
000000000010110101000
000000000011111111000
000000000000000000000
000000000000000000000
000000000000000000000
#
It:1:Diff:74:PSOStep:7:Time:6.710449132:s:AutomataStep:7:Transition:00000010100001101000001011101010011010000100110001101110100011100000100001001100111000101110110010001000000001000000101000101010011010001100010011001000010011001110110011001000101010100000011010101010010011100010001000100010111001000000101010000000000001101100100011101100101010101000001011000000110000100100001010101000111001000100110011100110010000101100001011100000011001101100111001001010101001100010110001101100101011100000110011000010011001001100001010100100101010001000101000001010000010101000011001101000
000000000000000000000
000000000000000000000
000000000000000000000
000000000000000000000
000000000000000000000
000000000000000000000
000000000000000000000
000000000000000000000
000000000000000000000
000001100011111000000
000110011100001000000
000000101000000000000
000001111110000000000
000000011010000110000
000000001000000110000
000000001101010100000
000000000111111110000
000000000000000001000
000000000000000000000
000000000000000000000
000000000000000000000
#
It:4:Diff:72:PSOStep:7:Time:10.632934645:s:AutomataStep:7:Transition:01000000110011001010011001001000011010001010101000001110111010100100001001000110100001101100111000001010000001000110101011000110101000001010010011001100000010101000110001001100101010101000000001000100100011001000000011101100001000001010101010100100010000101100110011001010000011000010011000100000011000100100001011001010101001000000110010101010000011000110010011001010010001000110111011001010001011000100110001000000000000000000000010100110000011101100110000000000111001000100101011000100011000100010000010100000
000000000000000000000
000000000000000000000
000000000000000000000
000100000000000000000
000111000000000000000
000010100000000000000
000000010000000000000
000010001100000000000
000010011000000000000
000001100111000000000
000001100000000000000
000001111110010000000
000001000010100000000
000000100000101000000
000000010101000000000
000000000110001000000
000000000000011000000
000000000000000011000
000000000000000000000
000000000000000000000
000000000000000000000
#
It:61:Diff:70:PSOStep:7:Time:74.076873925:s:AutomataStep:7:Transition:01000000100001000100010001000000000010001000101010001110110001000100100001001010110000100010010010001000110000100000010001101000101011000010010011001000011010001100110010101110110010000110101001000100011011001100001001001110100010001010011000100100110001001100110001000110110011000100000001100010001001001100000011000100100011100010110011101110011001001010010011001110111001001100111011001010110011001000110001001010000001000010100011101100100010101100110011000000011010100100111011000010100011001010010011100110
000000000000000000000
000000000000000000000
000000000000000000000
000100000000000000000
000100000000000000000
000000000000000000000
000011110000000000000
000001110000000000000
000010011000000000000
000011011000000000000
000000000111000000000
000000100111001000000
000000100110000000000
000000000111000000000
000000000000011000000
000000000000011000000
000000000000000010000
000000000000000011000
000000000000000000000
000000000000000000000
000000000000000000000
#
It:96:Diff:68:PSOStep:7:Time:112.361039102:s:AutomataStep:7:Transition:01000010101000100000010010000000111010001100010010100000000010000100101000101000101001000000010011001000010000000010111010101100100001001110100010101100001001101100100010000100110011101000011001000100011000000100010001101100111000001000111000001100101011000000000001101010000010001010000001100000000010001100011000000100110010000110000001000000111001100100011001101010011001000000010000001100000000000100000001000000000011000000110001001010000001000000000000001110100000000100010001100100000011001000010010001100
000000000000000000000
000000000000000000000
000000000000000000000
000100000000000000000
000101000000000000000
000010010000000000000
000010010100000000000
000010001100000000000
000001010000010000000
000001000110100100000
000001000000100101000
000000100111100010000
000000011100010100000
000000010110001000000
000000011001010000000
000000001000100000000
000000000101000000000
000000000010000000000
000000000000000000000
000000000000000000000
000000000000000000000
#
It:150:Diff:67:PSOStep:7:Time:170.568636885:s:AutomataStep:7:Transition:01000010110010001110001011101010001000101010010010101100000010100010011000001010000000101010001000101000001011001010001000000000110010001010101010100000001001100010110010100010000010000110010000100010110010100010111011101110000000101100110011001010101010101010101011101010101011001010101010001010110011101100011010100010101010101100101001001010101000000010111011001100111000101010001011100010101010100010101001101010110011001010110000101000101001001010100010100010111010101100001010100010101000101010001010100100
000000000000000000000
000000000000000000000
000000000000000000000
000100000000000000000
000110000000000000000
000011100000000000000
000011000100000000000
000011000011100000000
000001001101100000000
000001000010010000000
000000110111100000000
000000010111011000000
000000010000100000000
000000010001111100000
000000001101010100000
000000000011010010000
000000000000011010000
000000000000000011000
000000000000000000000
000000000000000000000
000000000000000000000
#
It:195:Diff:66:PSOStep:7:Time:219.752523231:s:AutomataStep:7:Transition:01000100110010001100111011101000111011100110010010000100111010000100000001000000010001001110111011100100100000001110010001001000101001101100010010000010011011101110100011100000010011001010101001000010100011100100100011001000100000100100010010000010101010000010100010000000101010001000010010001010101010000000111010000100010011101000100001101110100011100100111011001100010001001110110010000000111000100100100000000000100010000110100000100100000001001000100010101000011010000110000000000100100010001000111001100100
000000000000000000000
000000000000000000000
000000000000000000000
000100000000000000000
000101000000000000000
000000000000000000000
000011111100000000000
000010000011000000000
000011110011000000000
000000000111100100000
000001010011110011000
000000101111010010000
000000110011101100000
000000010010001000000
000000001011010000000
000000001101100000000
000000000101000000000
000000000010000000000
000000000000000000000
000000000000000000000
000000000000000000000
#
It:206:Diff:65:PSOStep:7:Time:231.372638106:s:AutomataStep:7:Transition:01000100101001001010010011100110010010101010101010101010011001000100010001001010101011000010010001001100010010101010011010101010101010001100011010100100101010100100000010100100111001001010110001000100001010101100111010101010111010001000101010101010101010101010101011101100101011001010101000101010101010100010110010100100111000000100101001001100001010100100011000001000101001001010010010100100110010100100101010101010101001101010101001001010010000001010111010101010000010100100010011100100101001001010101011000110
000000000000000000000
000000000000000000000
000000000000000000000
000100000000000000000
000111000000000000000
000011100000000000000
000000100000000000000
000000011010000000000
000000001101100000000
000000000010100000000
000000100100000000000
000000100000000100000
000000010010111110000
000000001100110010000
000000000011001000000
000000000000110010000
000000000000001110000
000000000000000011000
000000000000000000000
000000000000000000000
000000000000000000000
#
It:269:Diff:62:PSOStep:7:Time:299.778786496:s:AutomataStep:7:Transition:01100100110001001110011011100100001011001010111001101010010000100110101000001110001001101110100001000110010001001110010011000000111000001110011000000100111011101010101011100110111001101110001001100110111000001000000010101110100011000000010000101000111001100000000010001010000000001110111011000100110011001110101000000010010001100110000001101110011000000110010001001110011001101110010011100110000000001010000001100000000011001110010001000000101010000010000010101110011011100100011000000110010001000000101000000000
000000000000000000000
000000000000000000000
000000000000000000000
000110000000000000000
000111000000000000000
000000000000000000000
000010110100000000000
000000111100000000000
000000000001000000000
000001100111111000000
000000000001000100000
000000110100000100000
000000100001001000000
000000010111010000000
000000011010100000000
000000001000000000000
000000000100000000000
000000000010000000000
000000000000000000000
000000000000000000000
000000000000000000000
#
It:345:Diff:62:PSOStep:7:Time:383.31588939:s:AutomataStep:7:Transition:01100000101000001110101011100000111010001000101001000000111011100010111000101010000010001000100010101110000000101100000011101010111011100110111010000110001011001110010010001010111000001100111001000010100000000000101000101110011000100110111000001110010010100000010001001110110000000110000011101110111000001100000000000000010011100110000010001010100010100000101000000100111000100000110011100010011000001000011011101010000000001000111000001000100010000110011000001110101001001110011000001110111000000100000010001110
000000000000000000000
000000000000000000000
000000000000000000000
000110000000000000000
000111000000000000000
000010011000000000000
000011001100000000000
000011110000101000000
000000110010111100000
000000100000111010000
000000011011011011000
000000010100001110000
000000101111101100000
000000110100001000000
000000011011110000000
000000001101100000000
000000000111000000000
000000000010000000000
000000000000000000000
000000000000000000000
000000000000000000000
#
It:372:Diff:61:PSOStep:7:Time:413.07618544:s:AutomataStep:7:Transition:01000000111000001110111011100000111001001110101011101100111011100000011001001110000011101110111001001110000000000100000011101110111011101110111010100000000010101110011000101110111000001110111011100000111000000000010011100010000000000110111000001110110011000000010000001110111000000110000011101110001000001110000000101000000011101010000010101100010000000000110000001100111011100110000011100000100000001110011011101110011010101010110000001110100000100110011001101110111010001110110000001110111000001000101011101000
000000000000000000000
000000000000000000000
000000000000000000000
000100000000000000000
000110000000000000000
000011000000000000000
000010000000000000000
000011111100000000000
000000001100000000000
000001001111110000000
000001100100111111000
000000011100100110000
000000100000001100000
000000110010111000000
000000011001110000000
000000001101100000000
000000000111000000000
000000000010000000000
000000000000000000000
000000000000000000000
000000000000000000000
end
