PSO TRACE
INIT:../../instances/fazia/init.csv
REF:../../instances/fazia/asm1.csv
DecodingPolicy:Nibble
MutationPolicy:Null
ParticleNeighborhood:Fixed
ParticleDims:146
ParticleCount:100
AccP:2.0
AccG:2.0
AccL:1.5
AccI:2.3
Pos:0.0-3.0
Inertia:0.9-0.6
VeloMax:2.0
MaxPSOIteration:500
InertiaDecrFactor:6.000000000000001E-4
INIT
000000000000000000000
000000000000000000000
000000000000000000000
000000000000000000000
000000000000000000000
000000000000000000000
000000000000000000000
000000000000000000000
000000000000000000000
000000000000000000000
000000000010000000000
000000000000000000000
000000000000000000000
000000000000000000000
000000000000000000000
000000000000000000000
000000000000000000000
000000000000000000000
000000000000000000000
000000000000000000000
000000000000000000000
REF
000000000000000000000
000000000000000000000
000000000000000000000
000110000000000000000
000111000000000000000
000011010000000000000
000010110100000000000
000011111101100000000
000010011011100000000
000001101110111100000
000001111101001010000
000000110111111110000
000001110110101110000
000000110111010010000
000000011111011010000
000000001101110110000
000000000110101110000
000000000011110111000
000000000000000000000
000000000000000000000
000000000000000000000
Nibble Decoder
0 :1,2,3,4,
1 :0,2,3,4,
2 :0,1,3,4,
3 :0,1,2,4,
4 :0,1,2,3,
5 :6,7,8,9,
6 :5,7,8,9,
7 :5,6,8,9,
8 :5,6,7,9,
9 :5,6,7,8,
10 :11,12,13,14,
11 :10,12,13,14,
12 :10,11,13,14,
13 :10,11,12,14,
14 :10,11,12,13,
15 :16,17,18,19,
16 :15,17,18,19,
17 :15,16,18,19,
18 :15,16,17,19,
19 :15,16,17,18,
20 :21,22,23,24,
21 :20,22,23,24,
22 :20,21,23,24,
23 :20,21,22,24,
24 :20,21,22,23,
25 :26,27,28,29,
26 :25,27,28,29,
27 :25,26,28,29,
28 :25,26,27,29,
29 :25,26,27,28,
30 :31,32,33,34,
31 :30,32,33,34,
32 :30,31,33,34,
33 :30,31,32,34,
34 :30,31,32,33,
35 :36,37,38,39,
36 :35,37,38,39,
37 :35,36,38,39,
38 :35,36,37,39,
39 :35,36,37,38,
40 :41,42,43,44,
41 :40,42,43,44,
42 :40,41,43,44,
43 :40,41,42,44,
44 :40,41,42,43,
45 :46,47,48,49,
46 :45,47,48,49,
47 :45,46,48,49,
48 :45,46,47,49,
49 :45,46,47,48,
50 :51,52,53,54,
51 :50,52,53,54,
52 :50,51,53,54,
53 :50,51,52,54,
54 :50,51,52,53,
55 :56,57,58,59,
56 :55,57,58,59,
57 :55,56,58,59,
58 :55,56,57,59,
59 :55,56,57,58,
60 :61,62,63,64,
61 :60,62,63,64,
62 :60,61,63,64,
63 :60,61,62,64,
64 :60,61,62,63,
65 :66,67,68,69,
66 :65,67,68,69,
67 :65,66,68,69,
68 :65,66,67,69,
69 :65,66,67,68,
70 :71,72,73,74,
71 :70,72,73,74,
72 :70,71,73,74,
73 :70,71,72,74,
74 :70,71,72,73,
75 :76,77,78,79,
76 :75,77,78,79,
77 :75,76,78,79,
78 :75,76,77,79,
79 :75,76,77,78,
80 :81,82,83,84,
81 :80,82,83,84,
82 :80,81,83,84,
83 :80,81,82,84,
84 :80,81,82,83,
85 :86,87,88,89,
86 :85,87,88,89,
87 :85,86,88,89,
88 :85,86,87,89,
89 :85,86,87,88,
90 :91,92,93,94,
91 :90,92,93,94,
92 :90,91,93,94,
93 :90,91,92,94,
94 :90,91,92,93,
95 :96,97,98,99,
96 :95,97,98,99,
97 :95,96,98,99,
98 :95,96,97,99,
99 :95,96,97,98,
#
It:0:Diff:73:PSOStep:6:Time:0.58520118:s:AutomataStep:6:Transition:01000010000001101100011000101110111010100010001001100010110010100100010011001110101010101100001001001100001010000100011001101100101011001110101011101110010011101010001011000000110001101000110001100010111011100110010011100010111000100000010010000100111010101010011011001100101010000110010001001110100010001110001010001000011010101100100000100010100011000010111001100010001010100010011011000100001011001000101010100010110011100010100001100110100011101010100011101100011011100100110010101110000000101100100011001010
000000000000000000000
000000000000000000000
000000000000000000000
000000000000000000000
000010000000000000000
000001010000000000000
000001011010000000000
000001101011100000000
000001111000110000000
000001110111000100000
000001001001111110000
000001100011110000000
000000110000111010000
000000001101000100000
000000000101010110000
000000000000010000000
000000000000000110000
000000000000000000000
000000000000000000000
000000000000000000000
000000000000000000000
#
It:8:Diff:72:PSOStep:5:Time:1.587039532:s:AutomataStep:5:Transition:00100010011000101010000010101010101010000010001010101010101010001110011001101110110000101010101011101100111010000010001000000010001010100000001001001010000001001110010010100010010010100000101011101010001001000010101010100010001000100010101000100010001010101010111010101010001001000100001000101000100000100010001010101000110010101010000000001000011000101000101010100000001000100000001001000010001000101110101000100100101011100010101010101010001010100100001001000100011000101100000010001010000000001000001001100100
000000000000000000000
000000000000000000000
000000000000000000000
000000000000000000000
000000000000000000000
000000000010000000000
000000000101000000000
000000001011100000000
000000010000010000000
000000101111001000000
000000100101001100000
000000100101101100000
000000100010101000000
000000100110000100000
000000110011011100000
000001010101010100000
000000000000000000000
000000000000000000000
000000000000000000000
000000000000000000000
000000000000000000000
#
It:17:Diff:65:PSOStep:7:Time:2.300452302:s:AutomataStep:7:Transition:01000000000001001110101011101110111011100110101011101110111010100000000011101000010011101110000001000010010000100100111011100010100001001000111001001100101001001010010011100000000011101000111011001100101001000000010011101110010000000100010001100000010011101110010011101110111001100100010001000000111010000000011011100010101011101110111001000000010001001110111011101110011001000010111001000110101001000100111011101110111011101000001011100100001011100100000000001110111011000100111011101110010011101110110000001100
000000000000000000000
000000000000000000000
000000000000000000000
000100000000000000000
000011000000000000000
000011100000000000000
000000000000000000000
000001111110000000000
000001100111110000000
000000010110000000000
000000001010000111000
000000111000100110000
000000100110111111000
000000010011101000000
000000011000010111000
000000001111111110000
000000000100110111000
000000000011111111000
000000000000000000000
000000000000000000000
000000000000000000000
#
It:127:Diff:61:PSOStep:7:Time:10.311538589:s:AutomataStep:7:Transition:01000010001010101010101000100110010001100110111001100110011001100010011000001010100001001000111001101000000010100000111001100000111010100110100001101100000001001010010001101000100011000110111011100010010001001010111001101110010010000100111000101010101011001100000000100110101001100100111001001010001000101100010001101110110011000110000010001010010001000110000001100110010001001010000001001000010001000100000000000110000001100000101001101100101001100100010000100000101000001110111001100110001000000000010000000010
000000000000000000000
000000000000000000000
000000000000000000000
000100000000000000000
000010000000000000000
000010010000000000000
000000010100000000000
000001000100000000000
000000010010000000000
000000111111100000000
000000011001000000000
000000011101110000000
000000001110111000000
000000001001000000000
000000000101011100000
000000000100001100000
000000000010101010000
000000000011111111000
000000000000000000000
000000000000000000000
000000000000000000000
#
It:221:Diff:55:PSOStep:7:Time:17.198074875:s:AutomataStep:7:Transition:01000100010001001110010011100110011010101110010000001110111001000000111011101100111011101110111010001000111001000010010000000100111001001110111001000100010001001010111011100100010000001000111011100100111001001110010011100010010011000100000011101000010001001000010011101110011001000100011001001110011011101000111011101110001011001110111001000100000001001110110011101110001001000110111010000010001001100110000011101110010001100010111011100010111000000100111001101110111000100000011011101110010011101110010001000010
000000000000000000000
000000000000000000000
000000000000000000000
000100000000000000000
000010000000000000000
000010110000000000000
000011000100000000000
000011100101000000000
000010010001010000000
000010110010101100000
000010110100000010000
000011000101111010000
000001100001011110000
000000110010001010000
000000010111110010000
000000001111110010000
000000000101011110000
000000000010101011000
000000000000000000000
000000000000000000000
000000000000000000000
end
