PSO TRACE
INIT:../../instances/fazia/init.csv
REF:../../instances/fazia/asm1.csv
DecodingPolicy:Nibble
MutationPolicy:Null
ParticleNeighborhood:Fixed
ParticleDims:146
ParticleCount:100
AccP:2.0
AccG:2.0
AccL:1.5
AccI:2.3
Pos:0.0-3.0
Inertia:0.9-0.6
VeloMax:2.0
MaxPSOIteration:500
InertiaDecrFactor:6.000000000000001E-4
INIT
000000000000000000000
000000000000000000000
000000000000000000000
000000000000000000000
000000000000000000000
000000000000000000000
000000000000000000000
000000000000000000000
000000000000000000000
000000000000000000000
000000000010000000000
000000000000000000000
000000000000000000000
000000000000000000000
000000000000000000000
000000000000000000000
000000000000000000000
000000000000000000000
000000000000000000000
000000000000000000000
000000000000000000000
REF
000000000000000000000
000000000000000000000
000000000000000000000
000110000000000000000
000111000000000000000
000011010000000000000
000010110100000000000
000011111101100000000
000010011011100000000
000001101110111100000
000001111101001010000
000000110111111110000
000001110110101110000
000000110111010010000
000000011111011010000
000000001101110110000
000000000110101110000
000000000011110111000
000000000000000000000
000000000000000000000
000000000000000000000
Nibble Decoder
0 :1,2,3,4,
1 :0,2,3,4,
2 :0,1,3,4,
3 :0,1,2,4,
4 :0,1,2,3,
5 :6,7,8,9,
6 :5,7,8,9,
7 :5,6,8,9,
8 :5,6,7,9,
9 :5,6,7,8,
10 :11,12,13,14,
11 :10,12,13,14,
12 :10,11,13,14,
13 :10,11,12,14,
14 :10,11,12,13,
15 :16,17,18,19,
16 :15,17,18,19,
17 :15,16,18,19,
18 :15,16,17,19,
19 :15,16,17,18,
20 :21,22,23,24,
21 :20,22,23,24,
22 :20,21,23,24,
23 :20,21,22,24,
24 :20,21,22,23,
25 :26,27,28,29,
26 :25,27,28,29,
27 :25,26,28,29,
28 :25,26,27,29,
29 :25,26,27,28,
30 :31,32,33,34,
31 :30,32,33,34,
32 :30,31,33,34,
33 :30,31,32,34,
34 :30,31,32,33,
35 :36,37,38,39,
36 :35,37,38,39,
37 :35,36,38,39,
38 :35,36,37,39,
39 :35,36,37,38,
40 :41,42,43,44,
41 :40,42,43,44,
42 :40,41,43,44,
43 :40,41,42,44,
44 :40,41,42,43,
45 :46,47,48,49,
46 :45,47,48,49,
47 :45,46,48,49,
48 :45,46,47,49,
49 :45,46,47,48,
50 :51,52,53,54,
51 :50,52,53,54,
52 :50,51,53,54,
53 :50,51,52,54,
54 :50,51,52,53,
55 :56,57,58,59,
56 :55,57,58,59,
57 :55,56,58,59,
58 :55,56,57,59,
59 :55,56,57,58,
60 :61,62,63,64,
61 :60,62,63,64,
62 :60,61,63,64,
63 :60,61,62,64,
64 :60,61,62,63,
65 :66,67,68,69,
66 :65,67,68,69,
67 :65,66,68,69,
68 :65,66,67,69,
69 :65,66,67,68,
70 :71,72,73,74,
71 :70,72,73,74,
72 :70,71,73,74,
73 :70,71,72,74,
74 :70,71,72,73,
75 :76,77,78,79,
76 :75,77,78,79,
77 :75,76,78,79,
78 :75,76,77,79,
79 :75,76,77,78,
80 :81,82,83,84,
81 :80,82,83,84,
82 :80,81,83,84,
83 :80,81,82,84,
84 :80,81,82,83,
85 :86,87,88,89,
86 :85,87,88,89,
87 :85,86,88,89,
88 :85,86,87,89,
89 :85,86,87,88,
90 :91,92,93,94,
91 :90,92,93,94,
92 :90,91,93,94,
93 :90,91,92,94,
94 :90,91,92,93,
95 :96,97,98,99,
96 :95,97,98,99,
97 :95,96,98,99,
98 :95,96,97,99,
99 :95,96,97,98,
#
It:0:Diff:82:PSOStep:4:Time:0.35564762:s:AutomataStep:4:Transition:01100010000011001110111000100010010000001000110010000000101000101110010001101110010010001100111001101100111000100100000010101100101000000010111010101110100001000100110011000110110011000110011010000100011010101110010010000010111011100000001011101110001001101000100001100110101001000110000010101110100000001000000000001000010011101110100000000100101000101110101000100000010011001010010011000110101001100000101001000010011011100100110010101100110000001110001011101000000010000110000001001010110000000100001011001100
000000000000000000000
000000000000000000000
000000000000000000000
000000000000000000000
000000000000000000000
000000000000000000000
000000101010000000000
000000000010000000000
000000100011000000000
000000011000000000000
000000111000000000000
000000010101100000000
000000100000010000000
000000010101010000000
000000111111111000000
000000000000000000000
000000000000000000000
000000000000000000000
000000000000000000000
000000000000000000000
000000000000000000000
#
It:1:Diff:74:PSOStep:7:Time:0.68687923:s:AutomataStep:7:Transition:01000110111000000100011001001100001010100110001010100000101010000000010000100010011000100000001011000010111011100100111011100010000000001110011011101110111010001110001000001010000011000010000011100010000011101100100011001010110011101110111011000000010000001110101010100000011000000010101010100010000010100100100000000110110010100100010010101100101000101100111001001110000001001110011001001100011011001110000010100110100000000000011001100000110010000000101000000010011011000010111001001000111000001100001001101010
000000000000000000000
000000000000000000000
000000000000000000000
000100000000000000000
000100000000000000000
000010011000000000000
000010010110000000000
000001000000000000000
000000100110110000000
000000101111111000000
000000111000010000000
000000010010001000000
000000010110011000000
000000001011000000000
000000000010110100000
000000000000010000000
000000000000000100000
000000000000000001000
000000000000000000000
000000000000000000000
000000000000000000000
#
It:2:Diff:65:PSOStep:7:Time:0.830874593:s:AutomataStep:7:Transition:01000010111011100110111000100100010011100100001011101110111011100010011000100100010001000000010001100100000011100110001011101000111011101010111001101010111001101000010010100110011001000100111011100100111011101000000000101010000000001010011000101100010001101100111011100000101011100110101010100100010000101000110011101110010011100100011011100010010001000100111001001100111011001110111001000100011001101110111011001110110000101010001011100000001011000000111000101110010001000100111001001010111011100010111011101110
000000000000000000000
000000000000000000000
000000000000000000000
000100000000000000000
000100100000000000000
000011101010000000000
000010100110100000000
000001110100100000000
000001001101101000000
000001010110101000000
000000100100000100000
000000000011111000000
000000011110010100000
000000000110011110000
000000001110000110000
000000001000111110000
000000000111010110000
000000000010101011000
000000000000000000000
000000000000000000000
000000000000000000000
#
It:24:Diff:64:PSOStep:7:Time:2.561466573:s:AutomataStep:7:Transition:01000100111011100100111011000010001011100010011011101110111001000010111001000010001000101000001011100010111011000000010010000010111001100110111011001100111001000100110010000110000000100010111011100010100011100010000001101010001011101110001000100010001000001010111011101110111001101110111011100010011011001010100011101110010011100010001011100010010000100010010000100010101001001110101010100010011000001110111001000100100010101110010011101100110000101100111010001110001000100010111001000110111011100010111011100110
000000000000000000000
000000000000000000000
000000000000000000000
000100000000000000000
000101000000000000000
000011100000000000000
000001011000000000000
000001110000000000000
000000010010010000000
000000101110101000000
000000100111101100000
000000100011100100000
000000000000110110000
000000001011000000000
000000001001110100000
000000000100000010000
000000000111010110000
000000000011111111000
000000000000000000000
000000000000000000000
000000000000000000000
#
It:30:Diff:58:PSOStep:7:Time:2.999662594:s:AutomataStep:7:Transition:01000100111011101010111001101110010011100100100011101110111001100010100001000110010001000100010001100100111011100100110011100100111011101110111011100100111001001100010001001010101001000100111011100100001000000100010001001110000011001110000011001000010001101110111011101010111011101110111011100100101000001110111011101110110011100100010011100100111001000100111001000110111001001110111000000110001011001110111011000100111001000100010001001110110001100000111010101110010001000100010001000110111000100100111011001110
000000000000000000000
000000000000000000000
000000000000000000000
000100000000000000000
000111000000000000000
000011100000000000000
000011001000000000000
000001000110000000000
000001111111100000000
000000111010010000000
000000101001101000000
000000010011110100000
000000010100111100000
000000001110011010000
000000001100100110000
000000000101111110000
000000000110010010000
000000000011111111000
000000000000000000000
000000000000000000000
000000000000000000000
#
It:50:Diff:57:PSOStep:7:Time:4.715143988:s:AutomataStep:7:Transition:01000000111011101110111011001010010011100100010011101100111001000100010000100100010010000100100010100100000010100100010000100100111011101110111011100100111001001000010000100000110001000100111010100100001000100100010010001110111001001010000001000100010011101110111011101110111011101110111011101000111001101110111011101110010011101100010011100100101001001100111011000100111000001110111001000100110010001110000001101100000001000100010010001010010011100000111011101010010000001000110001001000111000000100000001100010
000000000000000000000
000000000000000000000
000000000000000000000
000100000000000000000
000111000000000000000
000011010000000000000
000011010100000000000
000001101100000000000
000000001110100000000
000000001011111000000
000000001111110110000
000000010010010010000
000000010010001010000
000000001110110110000
000000001011100010000
000000000101001110000
000000000110110010000
000000000010101011000
000000000000000000000
000000000000000000000
000000000000000000000
#
It:67:Diff:45:PSOStep:7:Time:5.960337479:s:AutomataStep:7:Transition:01000010111011100000111010101110010011100110011011101000111001100110010000101000010001100100111010101000010000000100001011101100111011101110111000100100111001000100010011100110100001000100111011100100100001000100011001001100101000101110000011000110010011101110111011100010111010100010111011100010101001001110111011101110001010100110010011100100110001000000111001100100111010101110111001000100100000001110001001000110100010001000100000001110010011101110111001100110010011101100100001000100101010000100001001000000
000000000000000000000
000000000000000000000
000000000000000000000
000100000000000000000
000101000000000000000
000001010000000000000
000011110010000000000
000010100001000000000
000000111011100000000
000001101101110000000
000001011101010100000
000000010110011100000
000000100000111010000
000000010011010000000
000000011110111110000
000000001111110110000
000000000111111110000
000000000010101011000
000000000000000000000
000000000000000000000
000000000000000000000
end
