PSO TRACE
INIT:../../instances/fazia/init.csv
REF:../../instances/fazia/asm2.csv
DecodingPolicy:CPPNot
MutationPolicy:Std10
ParticleNeighborhood:Fixed
ParticleDims:515
ParticleCount:100
AccP:2.0
AccG:2.0
AccL:1.5
AccI:2.3
Pos:0.0-3.0
Inertia:0.9-0.6
VeloMax:2.0
MaxPSOIteration:250
InertiaDecrFactor:0.0012000000000000001
INIT
000000000000000000000
000000000000000000000
000000000000000000000
000000000000000000000
000000000000000000000
000000000000000000000
000000000000000000000
000000000000000000000
000000000000000000000
000000000000000000000
000000000010000000000
000000000000000000000
000000000000000000000
000000000000000000000
000000000000000000000
000000000000000000000
000000000000000000000
000000000000000000000
000000000000000000000
000000000000000000000
000000000000000000000
REF
000000000000000000000
000000000000000000000
000000000000000000000
000100000000000000000
000100000000000000000
000010111111000000000
000100001110100000000
000111111111010000000
000001100001011000000
000110101111010100000
000101101100111110000
000010100011110010000
000011111111110010000
000011000111110010000
000110110111011010000
000111101101110010000
000111100111100010000
000111111111111111000
000000000000000000000
000000000000000000000
000000000000000000000
Classic CPP Decoder + Not Test
0 :1,2,3,4,
1 :0,2,3,4,
2 :0,1,3,4,
3 :0,1,2,4,
4 :0,1,2,3,
5 :6,7,8,9,
6 :5,7,8,9,
7 :5,6,8,9,
8 :5,6,7,9,
9 :5,6,7,8,
10 :11,12,13,14,
11 :10,12,13,14,
12 :10,11,13,14,
13 :10,11,12,14,
14 :10,11,12,13,
15 :16,17,18,19,
16 :15,17,18,19,
17 :15,16,18,19,
18 :15,16,17,19,
19 :15,16,17,18,
20 :21,22,23,24,
21 :20,22,23,24,
22 :20,21,23,24,
23 :20,21,22,24,
24 :20,21,22,23,
25 :26,27,28,29,
26 :25,27,28,29,
27 :25,26,28,29,
28 :25,26,27,29,
29 :25,26,27,28,
30 :31,32,33,34,
31 :30,32,33,34,
32 :30,31,33,34,
33 :30,31,32,34,
34 :30,31,32,33,
35 :36,37,38,39,
36 :35,37,38,39,
37 :35,36,38,39,
38 :35,36,37,39,
39 :35,36,37,38,
40 :41,42,43,44,
41 :40,42,43,44,
42 :40,41,43,44,
43 :40,41,42,44,
44 :40,41,42,43,
45 :46,47,48,49,
46 :45,47,48,49,
47 :45,46,48,49,
48 :45,46,47,49,
49 :45,46,47,48,
50 :51,52,53,54,
51 :50,52,53,54,
52 :50,51,53,54,
53 :50,51,52,54,
54 :50,51,52,53,
55 :56,57,58,59,
56 :55,57,58,59,
57 :55,56,58,59,
58 :55,56,57,59,
59 :55,56,57,58,
60 :61,62,63,64,
61 :60,62,63,64,
62 :60,61,63,64,
63 :60,61,62,64,
64 :60,61,62,63,
65 :66,67,68,69,
66 :65,67,68,69,
67 :65,66,68,69,
68 :65,66,67,69,
69 :65,66,67,68,
70 :71,72,73,74,
71 :70,72,73,74,
72 :70,71,73,74,
73 :70,71,72,74,
74 :70,71,72,73,
75 :76,77,78,79,
76 :75,77,78,79,
77 :75,76,78,79,
78 :75,76,77,79,
79 :75,76,77,78,
80 :81,82,83,84,
81 :80,82,83,84,
82 :80,81,83,84,
83 :80,81,82,84,
84 :80,81,82,83,
85 :86,87,88,89,
86 :85,87,88,89,
87 :85,86,88,89,
88 :85,86,87,89,
89 :85,86,87,88,
90 :91,92,93,94,
91 :90,92,93,94,
92 :90,91,93,94,
93 :90,91,92,94,
94 :90,91,92,93,
95 :96,97,98,99,
96 :95,97,98,99,
97 :95,96,98,99,
98 :95,96,97,99,
99 :95,96,97,98,
#
It:0:Diff:89:PSOStep:6:Time:0.289009262:s:AutomataStep:6:Transition:01110101111100100111111110111000010111110111011100100010111100101111111100110011111001001111101111111011111010111001101110111011011111110111001111111101111001111001100101110010111101101000111100111110111110011001111111001110111010111111111010001111001011111101111111111111111111111100110111110101101111010111111111111110111111010011011111110000110111111111101000110011110111101010110011111111011111110111101000111010111101111110110110001111101111000001010110111010011011100110111100111111011101111110110001100110
000000000000000000000
000000000000000000000
000000000000000000000
000000000000000000000
000011000000000000000
000011011000000000000
000001111010000000000
000011101111000000000
000011011101000000000
000001111011010000000
000011101101110000000
000011111111001000000
000011111011010000000
000011111111000000000
000000110110001000000
000001110110011000000
000010101010101010000
000000000000000000000
000000000000000000000
000000000000000000000
000000000000000000000
#
It:2:Diff:85:PSOStep:6:Time:0.398192291:s:AutomataStep:6:Transition:01110110111110110111111111111101111011111011011111111110111011111110111110010101011101111111111101111111101000101001101110111001011111111110111111011110111011011011110011010000011111111011011111101110101011111000111111011110100110011110111111001011001111101111111111101010110111101101011110111110111111111111101111101110101111111111011101111011011111110111111011111110011111101110111101101111111110100100111010111011101101111111111111101100101110110101111111011010111101010101101110111111111101111111001111101111
000000000000000000000
000000000000000000000
000000000000000000000
000000000000000000000
000011100110000000000
000011011111000000000
000001100111100000000
000001111100110000000
000011101111111000000
000011001100100100000
000001111011111110000
000011111100011010000
000011101111111010000
000001111111111110000
000000111110111010000
000011111011101110000
000010101010101010000
000000000000000000000
000000000000000000000
000000000000000000000
000000000000000000000
#
It:3:Diff:84:PSOStep:7:Time:0.454556868:s:AutomataStep:7:Transition:01000111100101011101111000111101011110111010010011001100110101001111100101111111100101101101011000100111111111111110111111010111110101011010111010110110000011000101010011111110011011101001111000101111101001110110001010101101100101111110001100110111110111101011010111110001101001001011100010011101111001110010111111110101010110101010010111111011010110011011101101010110111010100001010011011100011101111001100110111111111100101111001111001011110001111011111011000111111111111101111110110111101000101110111101110000
000000000000000000000
000000000000000000000
000000000000000000000
000100000000000000000
000111111110000000000
000110001101000000000
000111100011100000000
000111000101010000000
000101011111011000000
000111100111011100000
000101100010001100000
000110011110011100000
000100101011011100000
000110111101110100000
000100101110111100000
000110111001110000000
000111110111111110000
000110011001100111000
000000000000000000000
000000000000000000000
000000000000000000000
#
It:4:Diff:79:PSOStep:7:Time:0.511762799:s:AutomataStep:7:Transition:01000111100101011001111000111101011110111101011011001110110101001110100101111111100101101101001000100101111111110110111111010111010101011010011110110100000011000001010011101110011011101101111000101111101001110111001010101101100101111110001100100111110111101011000111110011111001001001100010010101111001110010111111110101011110101011000111110100010110011011001101010110111010110001010011011000011101111101110110111111111100101111001111001001110001111001110011000111111111111101111110010111101000101100110101110010
000000000000000000000
000000000000000000000
000000000000000000000
000100000000000000000
000101110000000000000
000110000100000000000
000111011111000000000
000100111111010000000
000111111111110000000
000110111011001000000
000100111101111100000
000100010101111000000
000101011111010000000
000111100101001000000
000111100011011110000
000100111011110100000
000110001000111010000
000101010101010101000
000000000000000000000
000000000000000000000
000000000000000000000
#
It:12:Diff:73:PSOStep:8:Time:0.869232061:s:AutomataStep:8:Transition:01000010000011111101001000111101001111011111011111001100110011001011010111011111100101111101001100001111101011000110111100111110011000011010111010110001000011001111110011101011001101101001111111000111110000010011010100010000001000000000011101001111110111101011100100100001001111001000010110010111010011000011110101111001011111001001100111111011100110111111101101100100001011001100100111010101010111101000100010001101111101001111100111101001010100111110111011111100011111100111110010110100000010111000011101111000
000000000000000000000
000000000000000000000
001000000000000000000
000110100000000000000
000101000000000000000
000011011010000000000
000000000111100000000
000100100111010000000
000001101000100000000
000000110101101000000
000011101100001100000
000000001101111010000
000100111101111000000
000001100111011101000
000111100010001110000
000011011111011010000
000111011111110000000
000111111111111110000
001000000000000000100
000000000000000000000
000000000000000000000
#
It:17:Diff:69:PSOStep:7:Time:1.07711905:s:AutomataStep:7:Transition:01110101111010110011101011110011011111010111111111111011011101111101111011100011011100111111111111111001011110111111110011011111111111101111011101110111111110111111001110110101110110111111001111101110011101101101101111111111111111111111111101110101001111011111011011011111111111100001111101101111111110101100111011011111111101110101111111101111010001111110101110000111010111110101111011011111011011111111001111111011101110111100001110111111011011001111011110110110001110111110011111111111111111101111111110110111
000000000000000000000
000000000000000000000
000000000000000000000
000110000000000000000
000111000000000000000
000110110000000000000
000111111110000000000
000110111101000000000
000111110111100000000
000110111110111000000
000111111111001110000
000110111010111110000
000111111101111110000
000110011001110110000
000111011110111110000
000111111100101110000
000111101001011010000
000111111111111111000
000000000000000000000
000000000000000000000
000000000000000000000
#
It:25:Diff:68:PSOStep:7:Time:1.556732022:s:AutomataStep:7:Transition:01110100011010110011100001100011011111110001011111101010011101111100111010000001001101101111111111011001011011011101100011111111111111101011010101110011111111010111101111110011110110111011001100111110011101101100101111010111111011111010101101110101011101011111011001001111101111101001011101101111010010101100111011010111100111111100110111101111001001111110101110010111010001110110111011011111011011011111000111110011100110110000101100011011001001001111001100110010001111111100001111101111111111100111011110100111
000000000000000000000
000000000000000000000
000000000000000000000
000110000000000000000
000001100000000000000
000111111100000000000
000001110111100000000
000110101101010000000
000001101100111000000
000111011101110100000
000001111110110010000
000110101111111110000
000001111101111110000
000111111101110110000
000001101111111010000
000110110101111110000
000000100001010110000
000111011101110111000
000000000000000000000
000000000000000000000
000000000000000000000
#
It:32:Diff:63:PSOStep:7:Time:1.90808914:s:AutomataStep:7:Transition:01110100110010110011101001100110011111110101011111101010011100111101110010000011101101111111111111111001011011011111100111111111111111100111011101110111111100010111101111110011110110111111011100101110011101111000101111010111111011011110101101110101011111011111101001001111001111111101010101111111010010110100111111010111100111110101111111101111001001111100101110010111000111110101111011010111010011111110000111111011001110110100001100011011011011111111011111110110001111011100011111111111111111110011011110100111
000000000000000000000
000000000000000000000
000000000000000000000
000110000000000000000
000100100000000000000
000111110100000000000
000101111110100000000
000101111111110000000
000111110111110000000
000110111111111000000
000111110110110100000
000111111111111110000
000110111111111100000
000111111101111110000
000101111111011110000
000111111111110110000
000111100110011000000
000111011101110111000
000000000000000000000
000000000000000000000
000000000000000000000
#
It:40:Diff:61:PSOStep:7:Time:2.331638167:s:AutomataStep:7:Transition:01110101110011110111101111100111011111110101011111111010011101111101111111000001111101111111101111111001011011111101101010010111111111110111011100110111101101001111101111110001111110111111011100111111011101101111111111010111111011111010111111110101011111011111011101001111101110111111111101111111010110111100111111011111100101110101011110111111101001111111101100010111110111110101111001111111011011011110101111111110011110110110011110011011011001110111011111110011001101111101011111111110111111110011111100101111
000000000000000000000
000000000000000000000
000000000000000000000
000110000000000000000
000100110000000000000
000111110110000000000
000111111110100000000
000101011100110000000
000111111011111000000
000111101111111100000
000111111111111110000
000101101000100010000
000111111111111110000
000110010101111110000
000111111101101110000
000101001101100010000
000110100010110010000
000111011101110111000
000000000000000000000
000000000000000000000
000000000000000000000
#
It:60:Diff:60:PSOStep:7:Time:3.371768463:s:AutomataStep:7:Transition:01100101110011110111101101110111011111110111111111111010011101111101111111101001101101111011111111111001011011111101101011010111111111111111011100110011111111011111001111110101110110111011011111111110011111101111111111111111111111011010111100110101011111011111111111001111100110111111111101101111010110110100101111011111100111110100011111111111100011111111101111101111010111110101111010111111110011011110101011111111011110110110001110011010011111011111011111110110101111101101111111111010111111111011111110111111
000000000000000000000
000000000000000000000
000000000000000000000
000110000000000000000
000111100000000000000
000111111110000000000
000111010111000000000
000111111011010000000
000111111111111000000
000111111111111100000
000111111101110100000
000111111001111110000
000111111111011100000
000111111111100110000
000111111111111110000
000111101110111010000
000111100010001000000
000111111111111111000
000000000000000000000
000000000000000000000
000000000000000000000
#
It:70:Diff:55:PSOStep:7:Time:3.912515216:s:AutomataStep:7:Transition:01110101110111110111101011110111011111110101110111111010011101111101111110101001111101110011111111111001011010111111101111110111111111111111011101110111111101011111101111110101110110111111001100111111011111101111111111010111011111111010111111110101011101011110001111011111000100111011110101111111110110111100111111011111100111110111111111111111100011111110101111010111110111110000111010111111111011011111101111111110111111110110001110011110011011111111011101111111001101111101111111111111111111111011101110111111
000000000000000000000
000000000000000000000
000000000000000000000
000110000000000000000
000110110000000000000
000110111110000000000
000111111101000000000
000101111011110000000
000111110101011000000
000110011111010100000
000111111101110110000
000110111111111010000
000111111111111110000
000111111111110110000
000101001011111110000
000111101111111010000
000111101111111010000
000111011101110111000
000000000000000000000
000000000000000000000
000000000000000000000
end
