PSO TRACE
INIT:../../instances/fazia/init.csv
REF:../../instances/fazia/asm2.csv
DecodingPolicy:CPPNot
MutationPolicy:Std10
ParticleNeighborhood:Fixed
ParticleDims:515
ParticleCount:100
AccP:2.0
AccG:2.0
AccL:1.5
AccI:2.3
Pos:0.0-3.0
Inertia:0.9-0.6
VeloMax:2.0
MaxPSOIteration:250
InertiaDecrFactor:0.0012000000000000001
INIT
000000000000000000000
000000000000000000000
000000000000000000000
000000000000000000000
000000000000000000000
000000000000000000000
000000000000000000000
000000000000000000000
000000000000000000000
000000000000000000000
000000000010000000000
000000000000000000000
000000000000000000000
000000000000000000000
000000000000000000000
000000000000000000000
000000000000000000000
000000000000000000000
000000000000000000000
000000000000000000000
000000000000000000000
REF
000000000000000000000
000000000000000000000
000000000000000000000
000100000000000000000
000100000000000000000
000010111111000000000
000100001110100000000
000111111111010000000
000001100001011000000
000110101111010100000
000101101100111110000
000010100011110010000
000011111111110010000
000011000111110010000
000110110111011010000
000111101101110010000
000111100111100010000
000111111111111111000
000000000000000000000
000000000000000000000
000000000000000000000
Classic CPP Decoder + Not Test
0 :1,2,3,4,
1 :0,2,3,4,
2 :0,1,3,4,
3 :0,1,2,4,
4 :0,1,2,3,
5 :6,7,8,9,
6 :5,7,8,9,
7 :5,6,8,9,
8 :5,6,7,9,
9 :5,6,7,8,
10 :11,12,13,14,
11 :10,12,13,14,
12 :10,11,13,14,
13 :10,11,12,14,
14 :10,11,12,13,
15 :16,17,18,19,
16 :15,17,18,19,
17 :15,16,18,19,
18 :15,16,17,19,
19 :15,16,17,18,
20 :21,22,23,24,
21 :20,22,23,24,
22 :20,21,23,24,
23 :20,21,22,24,
24 :20,21,22,23,
25 :26,27,28,29,
26 :25,27,28,29,
27 :25,26,28,29,
28 :25,26,27,29,
29 :25,26,27,28,
30 :31,32,33,34,
31 :30,32,33,34,
32 :30,31,33,34,
33 :30,31,32,34,
34 :30,31,32,33,
35 :36,37,38,39,
36 :35,37,38,39,
37 :35,36,38,39,
38 :35,36,37,39,
39 :35,36,37,38,
40 :41,42,43,44,
41 :40,42,43,44,
42 :40,41,43,44,
43 :40,41,42,44,
44 :40,41,42,43,
45 :46,47,48,49,
46 :45,47,48,49,
47 :45,46,48,49,
48 :45,46,47,49,
49 :45,46,47,48,
50 :51,52,53,54,
51 :50,52,53,54,
52 :50,51,53,54,
53 :50,51,52,54,
54 :50,51,52,53,
55 :56,57,58,59,
56 :55,57,58,59,
57 :55,56,58,59,
58 :55,56,57,59,
59 :55,56,57,58,
60 :61,62,63,64,
61 :60,62,63,64,
62 :60,61,63,64,
63 :60,61,62,64,
64 :60,61,62,63,
65 :66,67,68,69,
66 :65,67,68,69,
67 :65,66,68,69,
68 :65,66,67,69,
69 :65,66,67,68,
70 :71,72,73,74,
71 :70,72,73,74,
72 :70,71,73,74,
73 :70,71,72,74,
74 :70,71,72,73,
75 :76,77,78,79,
76 :75,77,78,79,
77 :75,76,78,79,
78 :75,76,77,79,
79 :75,76,77,78,
80 :81,82,83,84,
81 :80,82,83,84,
82 :80,81,83,84,
83 :80,81,82,84,
84 :80,81,82,83,
85 :86,87,88,89,
86 :85,87,88,89,
87 :85,86,88,89,
88 :85,86,87,89,
89 :85,86,87,88,
90 :91,92,93,94,
91 :90,92,93,94,
92 :90,91,93,94,
93 :90,91,92,94,
94 :90,91,92,93,
95 :96,97,98,99,
96 :95,97,98,99,
97 :95,96,98,99,
98 :95,96,97,99,
99 :95,96,97,98,
#
It:0:Diff:86:PSOStep:7:Time:0.271882859:s:AutomataStep:7:Transition:01000001000011101100001100001111011011101000000001000110111000011000101110110000011101111010000011101011010110011100010111000101001010111011111000101111101000001101010000011101001100111011110001100011000000110000010110100100110101100101010001110111011101011000001011101100101010100101000000111100111001111111110111011111010110111100011111101111001010000000111111100001111101001001011010001101011001001001010001001000001000011100000111011111010110000001100110111111110100100011100101100110111000001101101001101100
000000000000000000000
000000000000000000000
000000000000000000000
000100000000000000000
000010000000000000000
000100110000000000000
000010111000000000000
000100011001000000000
000011111100010000000
000100010000010100000
000010000101100110000
000100010001100010000
000010010110110110000
000101010001111010000
000010001010010110000
000101100000010010000
000010101010101110000
000101010101010101000
000000000000000000000
000000000000000000000
000000000000000000000
#
It:2:Diff:80:PSOStep:7:Time:0.407412226:s:AutomataStep:7:Transition:01000001000111101100101100001111011011101000000001000111111000011000101110111000011101111010000011101011010010011100010111000101001010111011111000101111101000001101000000011101001100111011111001100001000000110000010110100100110101100101010001110111011101011000001011101100111010100101000000111100111001111111110111011111010110111100011111101111001010000000111111100001111101001001011010001101111001001001010001001000000000011100000111011111010110000001100110111111110100100010100101100110111000001101101001101100
000000000000000000000
000000000000000000000
000000000000000000000
000100000000000000000
000010000000000000000
000100010000000000000
000010011100000000000
000100001110000000000
000011100010000000000
000100010110010100000
000010010100110110000
000100011100011010000
000010011111000110000
000101001111111010000
000010001101110110000
000101101011110010000
000010101011000110000
000101010101010101000
000000000000000000000
000000000000000000000
000000000000000000000
#
It:3:Diff:75:PSOStep:7:Time:0.473413202:s:AutomataStep:7:Transition:01100101100111101101101100000111011010101100001001010011110010011000101111110000011111111010000000101101010111111010011111000101001011111001111001100101101110001101110000001101001100101011111011100111001000110000000110000100111101100001010001011111111111011100001011110100101000100101000100101101111001111111110111001111010100111100011111001111001011000000011111111001011101111001111010101101001101001001110011001000111101010101000110001011011100011010110110111111110100101010000101100110111001101101111001111100
000000000000000000000
000000000000000000000
000000000000000000000
000110000000000000000
000111000000000000000
000011001100000000000
000001011000000000000
000111111100010000000
000101111000001100000
000010011101000110000
000010111111110010000
000111100111110110000
000101011101001010000
000011010100101110000
000001111011101010000
000111101001111110000
000100101111101110000
000101010101010101000
000000000000000000000
000000000000000000000
000000000000000000000
#
It:4:Diff:68:PSOStep:7:Time:0.520189031:s:AutomataStep:7:Transition:01110001110111101111111011011111011111111111011000010101111011111110111111111001111111101101011111111111110111010111011111100001011011111101101111110110111111011101111111010110101111111011111011101111111011111011011110111111111001011111110111111011111111111110100101111110101111100111001110011101110101110111100011101011111111111101111111011100111111111011111111011101111111111011111111111111011111111011011111101011111011111111110111001001011111111111111110111110111111111101101111110100111111111111111111111111
000000000000000000000
000000000000000000000
000000000000000000000
000110000000000000000
000110110000000000000
000110010110000000000
000111111110110000000
000111111111110000000
000111111111111000000
000111111111111100000
000111111111111110000
000111111111101110000
000111111111101110000
000111111111101110000
000111111111111110000
000111111111111110000
000111111111111110000
000101010101010101000
000000000000000000000
000000000000000000000
000000000000000000000
#
It:5:Diff:63:PSOStep:7:Time:0.575144603:s:AutomataStep:7:Transition:01110001110111101111111011010111011110011111011010010101111011111110111111111011111111101011111111111111110111010111011111111001111011111101101111110110111101011101111111100111101111011011111001101111111011111011010110111011111001111111010111111110111110011110101111111110111101100111001111011111101101111111110111101111111111110110011111011110111111111011011111011101111111111111111111111111111111110011011111101101111011111111110111001011011111111111010110111110111111111101101111110101111110111011111111111111
000000000000000000000
000000000000000000000
000000000000000000000
000110000000000000000
000110011000000000000
000111111100000000000
000111110011000000000
000111111111100000000
000111111001011000000
000111111111111010000
000111111111111110000
000111111111111110000
000111111111111010000
000111111111111110000
000111111111111110000
000111111111111110000
000111111111111110000
000111011101110111000
000000000000000000000
000000000000000000000
000000000000000000000
#
It:6:Diff:61:PSOStep:7:Time:0.650415895:s:AutomataStep:7:Transition:01100001110111101111111011011111011111011111011010010101111011111110100111111011111111101011011111111111110111010111011111110001111011111101101111110110111101011101111111001111100111111011111001101111111011111011011110111111111001011111111111111010111110111110101111111110111111100111001110011111100101111111110111101111111111110110011111011111111111111011111101011101111111111111111111111111011111110011011111101001111011011111110111001011011111111111110110111110111111111111101111110100111111111010111111111111
000000000000000000000
000000000000000000000
000000000000000000000
000110000000000000000
000110010000000000000
000111011111000000000
000111111111100000000
000111111111110000000
000111111111111000000
000111111111111010000
000111111111111010000
000111111111111110000
000111111111111110000
000111111111111110000
000111111111111010000
000111111111111110000
000111111111111110000
000111011101110111000
000000000000000000000
000000000000000000000
000000000000000000000
#
It:15:Diff:57:PSOStep:7:Time:1.120841075:s:AutomataStep:7:Transition:01100001111111100111111011110111011010011111010011010101111111111110101110111011111111101011011111111111110111010111011101101011111111111101111011110110111111001101111111001111100111110010110011101111111011111011110110111111111001011001111111111011111111111110100101011110111101100111001110011110100101111111110111111111111111111111011111011100011111101011111111011001111111111111111111101111011111100011011111101001111101101011101111001011011111111111011110111110111011111101100111110001011111011011111011111111
000000000000000000000
000000000000000000000
000000000000000000000
000110000000000000000
000110001000000000000
000111011100000000000
000110111111000000000
000111111111000000000
000111111011000000000
000110101110100000000
000111111110100000000
000110111111110000000
000111111111110000000
000111111011110000000
000111111111111100000
000111101111111000000
000111101010101010000
000111111111111111000
000000000000000000000
000000000000000000000
000000000000000000000
#
It:25:Diff:56:PSOStep:7:Time:1.595276513:s:AutomataStep:7:Transition:01110001110110001111111010011110011110111111001001010101111111111111111111110001011111101000011111111111110111110111011101110011111011111100101101010111111011011101111111101110101111011011101011101111111011111011011110011011011001111111010111011010111110111110101111111110111101101111001110011101111101111111111111101001111101110101011111011111111111110011011111011101111111111011111111011111001101110011111111101101111001101111111110001001011101111111111110111110111111111100101111110100011110111110111111111111
000000000000000000000
000000000000000000000
000000000000000000000
000110000000000000000
000110011000000000000
000111111110000000000
000111100110110000000
000111111111110000000
000111111101111000000
000111111111011100000
000111111111111110000
000111111111111110000
000111111111101110000
000111111111111110000
000111111111111110000
000111111111111010000
000110111011101110000
000111111111111111000
000000000000000000000
000000000000000000000
000000000000000000000
#
It:34:Diff:55:PSOStep:7:Time:2.02234406:s:AutomataStep:7:Transition:01100001110111101111110100111110011110111011101001010111101110111110010111010000001111101100011111111111110111010111011101100111111011111111101001100110111111011101101111001010101111001111101011101111111011111011001100011011011001111111111001011010111011011111101111111110111101101111001110011101111101111111110011111111110111111101111111011101001111110011001111011100111111011011111111111111011101110011111001101111111000011111110110001001011100111111111110110111111011111110001111100001010110111010011111110111
000000000000000000000
000000000000000000000
000000000000000000000
000110000000000000000
000111100000000000000
000111111000000000000
000100111110100000000
000111111100110000000
000111101111101000000
000111111111110100000
000101111100101110000
000111111111111110000
000111111111011110000
000111111111100010000
000101111101111010000
000111111111111010000
000111111011101110000
000111111111111111000
000000000000000000000
000000000000000000000
000000000000000000000
#
It:66:Diff:54:PSOStep:7:Time:3.577150774:s:AutomataStep:7:Transition:01100001110111101111110000111110011110101011111001010111101110001000010111010000001111101100011101111111110111000111011101100111111011011101101011100110111111011101001111001010101111000110100011101111110011111011010000011011010001111111111101011000111011011111101111110110111101100111001110011101110101111111110011111011011111011100111111011101001111110011001111001100111111011011111111111111011101110011110011101111111000011110110110001000011101111111111110110110110011111110001101100001011110111011011111110111
000000000000000000000
000000000000000000000
000000000000000000000
000110000000000000000
000110100000000000000
000111011111000000000
000100101111100000000
000111101001010000000
000111110000101000000
000111111111011100000
000101111111011110000
000111111001111110000
000111001011110110000
000111100111110110000
000101011111111110000
000111000100010010000
000111010101010010000
000111111111111111000
000000000000000000000
000000000000000000000
000000000000000000000
#
It:101:Diff:50:PSOStep:7:Time:5.38073778:s:AutomataStep:7:Transition:01100001110110001011010111110110011110101011101001010011101111111110010111110010001111101100011101111111110111000101011001100111111011011101101011100110111111011101011110001010101111001010101011101111111011111011000000011111111001111111011101111010111010011110100111110110111101101111001110011101110101101111110011101111011111111100101111011101101111111011101111011100111111011011111111111101011101110011111001101111111000011111110110001001011101111111111110110011110011111110001101110101010110011011011111110111
000000000000000000000
000000000000000000000
000000000000000000000
000110000000000000000
000110100000000000000
000111111111000000000
000100111111100000000
000111111111010000000
000111101110111000000
000111111011110100000
000101111111111110000
000111111110011110000
000111111111110110000
000111111111100010000
000101111111111010000
000111111111111010000
000111111011101110000
000111111111111111000
000000000000000000000
000000000000000000000
000000000000000000000
#
It:179:Diff:48:PSOStep:7:Time:9.231105962:s:AutomataStep:7:Transition:01100001110111101111111111111111011010101001101001010111101111111110010111010111011111101101101110111111110111110101010011100110111011111101101110011110111111011101011110101111100110010110001011101111110011111011010100011111111001111111011001111110110010011110111011110110011111101111001110011101110101101111110111101011010111111110101111011011111111111011111111001100111111111011111011111111011011100011111101111111011010111110111111001001011101111111111110111111110011111110001000110111100110111010111111110110
000000000000000000000
000000000000000000000
000000000000000000000
000110000000000000000
000110100000000000000
000111110111000000000
000100101111100000000
000111110111110000000
000111101000111000000
000111111101011100000
000101011111111110000
000111101111111010000
000111111101111010000
000111111011111110000
000100111011101010000
000111101101111010000
000111101010101010000
000111111111111111000
000000000000000000000
000000000000000000000
000000000000000000000
end
