PSO TRACE
INIT:../../instances/fazia/init.csv
REF:../../instances/fazia/asm4.csv
DecodingPolicy:CPP2:CDLE2
MutationPolicy:Repr
ParticleNeighborhood:Fixed
ParticleDims:515
ParticleCount:100
AccP:2.0
AccG:2.0
AccL:1.5
AccI:2.3
Pos:0.0-3.0
Inertia:0.9-0.6
VeloMax:2.0
MaxPSOIteration:500
InertiaDecrFactor:6.000000000000001E-4
INIT
000000000000000000000
000000000000000000000
000000000000000000000
000000000000000000000
000000000000000000000
000000000000000000000
000000000000000000000
000000000000000000000
000000000000000000000
000000000000000000000
000000000010000000000
000000000000000000000
000000000000000000000
000000000000000000000
000000000000000000000
000000000000000000000
000000000000000000000
000000000000000000000
000000000000000000000
000000000000000000000
000000000000000000000
REF
000000000000000000000
010000000000000000010
001011111111111111110
000000000000000000000
001011111111111110100
001011111111111110100
001011111111111110100
001011111111111110100
001011111011111110100
001011111101111110100
001011000101111110100
001011000110111110100
001011110111111110100
001011111111111110100
001011111111111110100
001011111111111110100
001011111111111110100
010100000000000001100
001011111111111110010
010000000000000001000
000000000000000000000
Classic CPP Decoder
0 :1,2,3,4,
1 :0,2,3,4,
2 :0,1,3,4,
3 :0,1,2,4,
4 :0,1,2,3,
5 :6,7,8,9,
6 :5,7,8,9,
7 :5,6,8,9,
8 :5,6,7,9,
9 :5,6,7,8,
10 :11,12,13,14,
11 :10,12,13,14,
12 :10,11,13,14,
13 :10,11,12,14,
14 :10,11,12,13,
15 :16,17,18,19,
16 :15,17,18,19,
17 :15,16,18,19,
18 :15,16,17,19,
19 :15,16,17,18,
20 :21,22,23,24,
21 :20,22,23,24,
22 :20,21,23,24,
23 :20,21,22,24,
24 :20,21,22,23,
25 :26,27,28,29,
26 :25,27,28,29,
27 :25,26,28,29,
28 :25,26,27,29,
29 :25,26,27,28,
30 :31,32,33,34,
31 :30,32,33,34,
32 :30,31,33,34,
33 :30,31,32,34,
34 :30,31,32,33,
35 :36,37,38,39,
36 :35,37,38,39,
37 :35,36,38,39,
38 :35,36,37,39,
39 :35,36,37,38,
40 :41,42,43,44,
41 :40,42,43,44,
42 :40,41,43,44,
43 :40,41,42,44,
44 :40,41,42,43,
45 :46,47,48,49,
46 :45,47,48,49,
47 :45,46,48,49,
48 :45,46,47,49,
49 :45,46,47,48,
50 :51,52,53,54,
51 :50,52,53,54,
52 :50,51,53,54,
53 :50,51,52,54,
54 :50,51,52,53,
55 :56,57,58,59,
56 :55,57,58,59,
57 :55,56,58,59,
58 :55,56,57,59,
59 :55,56,57,58,
60 :61,62,63,64,
61 :60,62,63,64,
62 :60,61,63,64,
63 :60,61,62,64,
64 :60,61,62,63,
65 :66,67,68,69,
66 :65,67,68,69,
67 :65,66,68,69,
68 :65,66,67,69,
69 :65,66,67,68,
70 :71,72,73,74,
71 :70,72,73,74,
72 :70,71,73,74,
73 :70,71,72,74,
74 :70,71,72,73,
75 :76,77,78,79,
76 :75,77,78,79,
77 :75,76,78,79,
78 :75,76,77,79,
79 :75,76,77,78,
80 :81,82,83,84,
81 :80,82,83,84,
82 :80,81,83,84,
83 :80,81,82,84,
84 :80,81,82,83,
85 :86,87,88,89,
86 :85,87,88,89,
87 :85,86,88,89,
88 :85,86,87,89,
89 :85,86,87,88,
90 :91,92,93,94,
91 :90,92,93,94,
92 :90,91,93,94,
93 :90,91,92,94,
94 :90,91,92,93,
95 :96,97,98,99,
96 :95,97,98,99,
97 :95,96,98,99,
98 :95,96,97,99,
99 :95,96,97,98,
#
It:0:Diff:131:PSOStep:8:Time:4.209800498:s:AutomataStep:8:Transition:01111010110101111111110011111111011111111111110011011011111110000111101110010101111000110111011111110111110110111001010110101100111110011111111010101111101001110110110111010111111101101111101101110011011011111011010101010111111111111010010001110100110011101110010101100011001011111001101000101101111110101001111001011111011010111110010111111011001111111111110110110111011010010111111110110000101001010011011111011111100001111000111111110011110101100110010111101011011000011011101111111110111101100101101111111111
000000000000000000000
000000000000000000000
001101010101010101100
001101000000000101000
001110111111111110000
001011111111111001000
001011110111111110000
001111110010011011000
001100000011010110000
000111110111110110000
001111010110100110000
000011101011001011000
000001111101110010000
000000011111111111000
000000001111101111000
000000000011101111000
000000000001001100000
000000000000000011000
000000000000000001100
000000000000000000000
000000000000000000000
#
It:1:Diff:114:PSOStep:6:Time:5.338744776:s:AutomataStep:6:Transition:01101001110111111111110011111011110111111010111011111111111000001110111101001101010010101111011110111111011011110001110111101101111011011111111110101111101110111010101011101111111101101111100111111111010111011011010111010111111111101010111000101010010111101111011100100011100101111010100111111101111101111001101011111101000110011111111111111101011111111110111100101101101111101011111111001101111010111011010100011111011011111100111111110011110101101111110111100111011110110011101111111100110111101001111111111011
000000000000000000000
000000000000000000000
000000000000000000000
000000000000000000000
000010100010001010000
000011011101010110000
000011111111100010000
000001101101011110000
000011111111000010000
000011101000111110000
000011101111111110000
000001111111101110000
000011111111001110000
000011110100110110000
000011111010111110000
000001110111011110000
000011111111111110000
000000000000000000000
000000000000000000000
000000000000000000000
000000000000000000000
#
It:2:Diff:99:PSOStep:8:Time:6.293041584:s:AutomataStep:8:Transition:01101001110111111111010101011011111111111110111111011111111000001111111101110101110011101111110111111111011111111111110111101111111011011111111010101111101100011011100111110111111101101111101111111111011111111011111101111011111111111110110001101111011111111111111111110010100111111011110111111101111111111011111011111101011001011100011111011111111111111100111110100111111111111011111111111101111010111111010100111110011111111100110111111011111111111111110110101111011011110011100111011100111101101001111111111101
000000000000000000000
000000000000000000000
001000000010000000100
001111111101111110100
001111111111111110100
000011110111011111100
001110111111111111100
001011111111111111100
001101101111111111100
000101111111111111100
001111111101111111100
001111101101111111100
001110111111111111100
000011101111011111100
001110111111111111100
001011111011110111100
001101001011110111100
000111101101111011100
001111111111111111100
000000000000000000000
000000000000000000000
#
It:3:Diff:79:PSOStep:8:Time:7.16155128:s:AutomataStep:8:Transition:01101010101001111111010101010010110111111010110111011111111110001100111101100101010100100111000100111111011111110101111111111101100110011011111000101101100110101011100011100110111101101111101111110111110111011000011111011111101101101101100010101010010111111111111101110010010111111111100110011101001101111101111011111001000000011111111111011101011111111101101000110101101101011111011111001110111000111010001100011110110111101100110111110111110111111111110111000111011010110111000111011101110011100001111111111111
000000000000000000000
000000000000000000000
001000001110001001100
000100101100001101100
001110111111111111100
001111111111111111100
001111101011111111100
001111110011111111100
001011111011111111100
001010111111111111100
001011111111111111100
001011111111111111100
001001111111111111100
001111111111111111100
001111111111011111100
001011111011001111100
001011111011101111100
000111011101110111100
001111111111111111100
000000000000000000000
000000000000000000000
#
It:10:Diff:69:PSOStep:8:Time:13.1733572:s:AutomataStep:8:Transition:01111011110011111011010000011110111111111010010111011101111110101101111101111011111101000101010011111111011111101101111101101101101011111011100000110101101100001010011101100110111111101011101011011111101101110001010111111010011101111111101101101111111111111111111101111000111111011111100110011101011110110101111011100011111001010111010111001111111111111111101110010101101111111111111111101100111010111110010010111110110111111100110111111011110101011111110111101111011011111011000111111101110011111001011111110101
000000000000000000000
000000000000000000000
001111111111111111100
001100000000000100100
001111111111111111100
000111101101111110100
001111111111101011100
001011111011011110100
001111111111111011100
000111111111111110100
001111111111111111100
001011111111111111100
001111111111111111100
000111111111111111100
001111111111111111100
001011111111111111100
001111111111111111100
000111111111111111100
001111111111111111100
000000000000000000000
000000000000000000000
#
It:13:Diff:62:PSOStep:8:Time:15.965340042:s:AutomataStep:8:Transition:01111011100111111011010001011110111011111010110111011101111110101101111101111111111111000101010011111111011111111101101101101101111011111011100010110101101100001011011111110110011111001010101011111111101101111001010010011000111101111111101101101111111111111111111111111000111111111111100110011111111110110101111011110011110001011111011111011111111111111111111011010101101111111111111111101110011010111110010111111110110111111000110011101011110111111110110111101111010011111111100111111101110011111001111111110111
000000000000000000000
000000000000000000000
001111111111111111100
000100000000000100100
001111111111111111100
001001101111111111100
001111111111111110100
001101010001011110100
001111111111111111100
001111111111111111100
001111111111111110100
001011110111111110100
001111111111111111100
001111111111111111100
001111111111111110100
001011111111111110100
001111111111111111100
000111111111111111100
001111111111111111100
000000000000000000000
000000000000000000000
#
It:31:Diff:61:PSOStep:8:Time:30.05691184:s:AutomataStep:8:Transition:01111011100111111111010001011110111011111010110111011101111010101101111101111111111111000101110011111111011111111101101101101101111011111011100010110101101100001011011111110110111111001010101011111111101101111001010010011000111101111111101101101111111111111111111111111000111111111111100110011111111110110101111011110011110001011111011111011111111111111111111011010101101111111111111111101110011010111110010111111110110111111000110111111011110111111110110111101111010011111111100111111101110011111001111111110111
000000000000000000000
000000000000000000000
001111111111111111100
000100000000000100100
001111111111111111100
001001101111111111100
001111111111111110100
001101010001011110100
001111111111111111100
001111111111111111100
001111111111111110100
001011010111111110100
001111111111111111100
001111111111111111100
001111111111111110100
001011111111111110100
001111111111111111100
000111111111111111100
001111111111111111100
000000000000000000000
000000000000000000000
#
It:44:Diff:52:PSOStep:8:Time:39.942006574:s:AutomataStep:8:Transition:01111011100011011111010000011100111111111010110111011101111110101101111001110111001101001101110011111111011111111101111111101111101011011011001001010101100011001011001111110110010011111011101011011111101101010001010011011010111101101101101101101111111111111111101110011010111111011111110110011111111110011001111011110111110000001111011111011111111111111101101011111101101001111111111111101110111110111011010010111110110111111100110011111111110101111110110111100111011011111111110111111101110011110001111101110111
000000000000000000000
000000000000000000000
001111111111111111100
000001010101010100100
001111111111111111100
001011111010111110100
001111111111111110100
001011111111011110100
001111111111111111100
001011111111111110100
001111111111111011100
001010111111111111100
001111111111111111100
001011111111011111100
001111111111111111100
001111111111111111100
001111111111111111100
000100000000000001100
001111111111111111100
000000000000000000000
000000000000000000000
#
It:99:Diff:50:PSOStep:8:Time:80.681172274:s:AutomataStep:8:Transition:01111011100111111110010001001110111111111010010111011101111110101101111001110111001100001101010011111111011111111101110101101111111010011010000001010101100011001011011011010110011011111010111111011111101101111000010010011010110101101101111101101111110111111111110111011010111111011011110110011111111010011001101011110111110000011111011111011111110111111101101011010001101100111111111111101110011011111110010110011110110111111100110011111111100101111110110111101111011011011111110111111101110011110001011101110111
000000000000000000000
000000000000000000000
001111111111111111100
000001010101010100100
001011111111111111100
001100111111111110100
001011111111111111100
001011101111111110100
001011111111111111100
001011111111111110100
001011001111111111100
001010110111111111100
001011111111111111100
001111111111111111100
001111111111111111100
001111111111111111100
001111111111111111100
000100000111110001100
001111111111111111100
000000000000000000000
000000000000000000000
#
It:194:Diff:50:PSOStep:8:Time:153.089180403:s:AutomataStep:8:Transition:01111011100111111000010001111101111001111010110111011101111110101101111001110101000100001101010011001101011101111101110111101111111010011011110011011101000011001000011111010110011011111010111111100111101101111100010010011010110101100001111101101111010010111101110111011010011111011011100100011111111000011101111011110111111000011101011110011111110111111101101011010001101100111011111111101100011001111110010110111010110101110100110111011111100101111010110101101111011001111001110111111101110011110001111101111111
000000000000000000000
000000000000000000000
001111111111111111100
000100000000000000000
001111111111111110100
001111111111111110100
001010111011111111100
001001011111111111100
001011111111111110100
001111011111011110100
001111111111111111100
001011111111011111100
001011111111111111100
001010111111011111100
001111111111111111100
001111111111011111100
001111111111111111100
000100000000000001000
001111111111111111100
000000000000000000000
000000000000000000000
#
It:218:Diff:49:PSOStep:8:Time:171.615390603:s:AutomataStep:8:Transition:01111011100111111110010001111111111111111010010111011101111110001101111001111111000100001101110011111001011111111101111111111111110010011011110011111101101011011011011111110110011111111110111011111111101101111001010110010010111101010011111100101111110011111101111111011010011111111111100110011111111010011101111011110111111000011111111111011111110111111101101011110101101100111011110111101110011011111011010110111110110111110100110011111111100101111110110111101111011001111111010111111101110011010000011101110111
000000000000000000000
000000000000000000000
001111111111111111100
000100000000000000100
001111111111111111100
001111101111101110100
001111111111111111100
001111111111111110100
001111111111111111100
001111111111111110100
001111111111111111100
001111011111111111100
001111111111111111100
001111111110111111100
001111111111111111100
001111111111111111100
001111111111111111100
000100000000000001100
001111111111111111100
000000000000000000000
000000000000000000000
#
It:371:Diff:48:PSOStep:8:Time:289.815384245:s:AutomataStep:8:Transition:01111011101111111110011101111111111011111010010111111101111110001111111101111111011101001101110011111011011101111101111111111111111011011011110001110111100011001011011111110111011111101111111111111111101101110101010110010010111101000101101101101111110010111111111111111010010111111111110110011111111010011101111011110111111000011111111111111111111111111101101011110101101100011011111111101110011011111011010110111110110111111100110011111111110101111110110111100111011011111111110111111101111011010000011101110111
000000000000000000000
000000000000000000000
001111111111111111100
000100000000000000100
001111111111111111100
001111101111111110100
001111111111111111100
001111111111111110100
001111111111111111100
001111111111111110100
001111111111111111100
001111011111111111100
001111111111111111100
001111111111111111100
001111111111111111100
001111011111111111100
001111111111111111100
000100000000000001100
001111111111111111100
000000000000000000000
000000000000000000000
#
It:375:Diff:46:PSOStep:8:Time:292.84918876:s:AutomataStep:8:Transition:01111011100111111111011101111111111011111010110111011101111110001111111101111111011101001101110001011011011111111101110111111111111010001011110001111101011011001011111111010110011011011011111111111111111101111001010110010010110101010011111101001111110011111101110111111010011111111111110110011111111010010101111011110111011000001111111111111111111111111101101011110101101100111001111111101110011011111011010110111110110111110100110011111111110101111110110100101111011011111011110111111101110011010001011101110111
000000000000000000000
000000000000000000000
001111111111111111100
000100000000000000100
001111111111111111100
001111101111101111100
001111111111111110100
001111111111111110100
001111111111111111100
001111111111111111100
001111111111111110100
001111011111111110100
001111111111111111100
001111111111111111100
001111111111111110100
001111011111111110100
001111111111111111100
000100000000000001100
001111111111111111100
000000000000000000000
000000000000000000000
#
It:431:Diff:46:PSOStep:8:Time:336.885199143:s:AutomataStep:8:Transition:01111011100111111110011101111110111011111010010111011101111110001111111101111111011101001101110011011011011111111101110111111111111010001011110001111101001111001011011111010110011011001011111111111111111101110001010110011010110101000011111101101111110011111101110111111010011111111111110110011111111010010101111011110111011000001111111111111111110111111101101011110101101101111001111111101110011011111011010110111110110111110100110011111111110101111010110100101111011011111111010111111101111011111001011101110111
000000000000000000000
000000000000000000000
001111111111111111100
000100000000000000100
001111111111111111100
001111101111101111100
001111111111111110100
001111111111111110100
001111111111111111100
001111111111111111100
001111111111111110100
001111011111111110100
001111111111111111100
001111111111111111100
001111111111111110100
001111011111111110100
001111111111111111100
000100000000000001100
001111111111111111100
000000000000000000000
000000000000000000000
#
It:481:Diff:44:PSOStep:8:Time:376.623560775:s:AutomataStep:8:Transition:01111011100111111111011001111111111111111010010111111101111110001111111101111111011101001101110011011111011101111111111111111111111001001011110001111101101011001011011111010110011011011011111111111111111101110101010110011010111101010011110101101111110010111111110111111010011111111111110110011111111010011101111011110111111000011111111111111011110111111101101011110101101100111011111111101110011011111011010110111110110111110100110011011111110101111110110111101111011011111111010111111101110011011001011101111111
000000000000000000000
000000000000000000000
001111111111111111100
000100000000000000100
001111111111111110100
001111110111111110100
001111111111111110100
001111110111111111100
001111111111111111100
001111111111111110100
001111111111111110100
001111011111011110100
001111111111111110100
001111011111111111100
001111111111111110100
001111111111111110100
001111111111111111100
000100000000000001100
001111111111111111100
000000000000000000000
000000000000000000000
end
