PSO TRACE
INIT:../../instances/fazia/init.csv
REF:../../instances/fazia/asm4.csv
DecodingPolicy:CPP2:CDLE2
MutationPolicy:Repr
ParticleNeighborhood:Fixed
ParticleDims:515
ParticleCount:100
AccP:2.0
AccG:2.0
AccL:1.5
AccI:2.3
Pos:0.0-3.0
Inertia:0.9-0.6
VeloMax:2.0
MaxPSOIteration:500
InertiaDecrFactor:6.000000000000001E-4
INIT
000000000000000000000
000000000000000000000
000000000000000000000
000000000000000000000
000000000000000000000
000000000000000000000
000000000000000000000
000000000000000000000
000000000000000000000
000000000000000000000
000000000010000000000
000000000000000000000
000000000000000000000
000000000000000000000
000000000000000000000
000000000000000000000
000000000000000000000
000000000000000000000
000000000000000000000
000000000000000000000
000000000000000000000
REF
000000000000000000000
010000000000000000010
001011111111111111110
000000000000000000000
001011111111111110100
001011111111111110100
001011111111111110100
001011111111111110100
001011111011111110100
001011111101111110100
001011000101111110100
001011000110111110100
001011110111111110100
001011111111111110100
001011111111111110100
001011111111111110100
001011111111111110100
010100000000000001100
001011111111111110010
010000000000000001000
000000000000000000000
Classic CPP Decoder
0 :1,2,3,4,
1 :0,2,3,4,
2 :0,1,3,4,
3 :0,1,2,4,
4 :0,1,2,3,
5 :6,7,8,9,
6 :5,7,8,9,
7 :5,6,8,9,
8 :5,6,7,9,
9 :5,6,7,8,
10 :11,12,13,14,
11 :10,12,13,14,
12 :10,11,13,14,
13 :10,11,12,14,
14 :10,11,12,13,
15 :16,17,18,19,
16 :15,17,18,19,
17 :15,16,18,19,
18 :15,16,17,19,
19 :15,16,17,18,
20 :21,22,23,24,
21 :20,22,23,24,
22 :20,21,23,24,
23 :20,21,22,24,
24 :20,21,22,23,
25 :26,27,28,29,
26 :25,27,28,29,
27 :25,26,28,29,
28 :25,26,27,29,
29 :25,26,27,28,
30 :31,32,33,34,
31 :30,32,33,34,
32 :30,31,33,34,
33 :30,31,32,34,
34 :30,31,32,33,
35 :36,37,38,39,
36 :35,37,38,39,
37 :35,36,38,39,
38 :35,36,37,39,
39 :35,36,37,38,
40 :41,42,43,44,
41 :40,42,43,44,
42 :40,41,43,44,
43 :40,41,42,44,
44 :40,41,42,43,
45 :46,47,48,49,
46 :45,47,48,49,
47 :45,46,48,49,
48 :45,46,47,49,
49 :45,46,47,48,
50 :51,52,53,54,
51 :50,52,53,54,
52 :50,51,53,54,
53 :50,51,52,54,
54 :50,51,52,53,
55 :56,57,58,59,
56 :55,57,58,59,
57 :55,56,58,59,
58 :55,56,57,59,
59 :55,56,57,58,
60 :61,62,63,64,
61 :60,62,63,64,
62 :60,61,63,64,
63 :60,61,62,64,
64 :60,61,62,63,
65 :66,67,68,69,
66 :65,67,68,69,
67 :65,66,68,69,
68 :65,66,67,69,
69 :65,66,67,68,
70 :71,72,73,74,
71 :70,72,73,74,
72 :70,71,73,74,
73 :70,71,72,74,
74 :70,71,72,73,
75 :76,77,78,79,
76 :75,77,78,79,
77 :75,76,78,79,
78 :75,76,77,79,
79 :75,76,77,78,
80 :81,82,83,84,
81 :80,82,83,84,
82 :80,81,83,84,
83 :80,81,82,84,
84 :80,81,82,83,
85 :86,87,88,89,
86 :85,87,88,89,
87 :85,86,88,89,
88 :85,86,87,89,
89 :85,86,87,88,
90 :91,92,93,94,
91 :90,92,93,94,
92 :90,91,93,94,
93 :90,91,92,94,
94 :90,91,92,93,
95 :96,97,98,99,
96 :95,97,98,99,
97 :95,96,98,99,
98 :95,96,97,99,
99 :95,96,97,98,
#
It:0:Diff:117:PSOStep:3:Time:2.317822733:s:AutomataStep:3:Transition:11111101000111101110011010111001101011110011111001110000010000011101111100001000101010110011101001110000111011000110010000111000110000000001001010011000001010000100101010101001110010011011000011000010000011000010101111011000100001011011001001100010011010011111101010011011001001000100101010010111111110110001101000010010110011101011011101101100100100001110001100101101100000101110011110110100001010100110000000010001111010010000110001100011110010110010111011010100001100000000101100011000001100000100011100100100
100000000000000000011
110000000000000000001
001111111111111111100
001111111111111111100
001111111111111111100
001111111111111111100
001111111111111111100
001111111111111111100
001111111111111111100
001111110111111111100
001111100101111111100
001111100111111111100
001111111011111111100
001111111111111111100
001111111111111111100
001111111111111111100
001111111111111111100
001111111111111111100
001111111111111111100
001111111111111111101
111111111111111111111
#
It:1:Diff:92:PSOStep:6:Time:2.903960965:s:AutomataStep:6:Transition:01111111010111111111101111110111111111111110111011110111111101111011011111101101111111111111110101010011111111110011011100111101111011110111101010011100101010001111111011111101111111110111100110101101000111000011111111111011100111101011011111100001111011111111110011111111111001110010101011011111111111111111101101111110111111100011111101101110111100010111101110110101111010111111110110111111101110101111100011011101101011111110011111101011111111111111111110011011111111011011111101011110001111010111111110101111
000000000000000000000
000000000000000000000
000000000000000000000
000000000000000000000
000011111111111110000
000001111111111110000
000000100110111110000
000001011111111110000
000011111110111110000
000001111111111110000
000001110111111110000
000001111111111110000
000011011111111110000
000001111111111110000
000001111111111110000
000001111111111110000
000011111111111110000
000000000000000000000
000000000000000000000
000000000000000000000
000000000000000000000
#
It:7:Diff:87:PSOStep:6:Time:5.541231302:s:AutomataStep:6:Transition:01111111111111111111111111111111110111110111101011111011010101011011111111111110111111111111111101110011111011110110001011111001111111110111101110011110011111111100111111101101111111011111100111111101011111010000111111111100111111111111001111100010111010111111101010111011101110111100101111011111111111111101111101111111110111111111111001111110111101011111101101110111011011111111111110110101100111110111001000011011101011111110011111110011111111111111111110110111011001011001111100011010001110111101111101111111
000000000000000000000
000000000000000000000
000000000000000000000
000000000000000000000
000011111111111110000
000011111111111110000
000011111111111110000
000011111111111110000
000011111111111110000
000011111111111110000
000011111111111110000
000011111101111110000
000011111111111110000
000011110101011110000
000011111111111110000
000011010001100110000
000011111111111110000
000000000000000000000
000000000000000000000
000000000000000000000
000000000000000000000
#
It:9:Diff:82:PSOStep:8:Time:6.393718909:s:AutomataStep:8:Transition:01111111011001111111111011100111111111110111000011100010010100111111111010111111111110111111111111011111110111110011100111111111111111110111111001010111101110111110100111110101101111011111110111110101110011011110111111111111111101011110011111110011111001111011111111111111011110101111101011111111011111110111011101110111101111111111011011111101110111111111111110111111111011111111100111001111110111110111111111100011111011111111010111011111011111111111111111100110111111111111101110111010111101110110111111110111
000000000000000000000
000000000000000000000
001111111111111111100
000111111111111111100
001011111111111111100
000111111111111111100
001101111111111111100
000111111111111111100
001011111111111111100
000111111111111111100
001101111111111111100
000111111111111111100
001011111111111111100
000111111111111111100
001101111111111111100
000111111111111111100
001011111111111111100
000111111111111111100
001111111111111111100
000000000000000000000
000000000000000000000
#
It:12:Diff:66:PSOStep:8:Time:7.603773278:s:AutomataStep:8:Transition:01111111111011111111111011000111111110110111001111101010010000111111111011011011111110111111110111011011101111110111110011111111111101110111111101010111001110101111111111010101100111111111110111110000011111001010111110101111111101101110011111110011111011111111110110111011111110101010111011011111011111110101011110110111111111111111111011111101110111111111111111111111011111111111101111101101110111110111010111111011111010101110011111010111111111111111111110111110011111011101111100111010111101110110111111111111
000000000000000000000
000000000000000000000
001111111111111111100
001000100010001011100
001001010101010111100
001111111011111111100
001011111111111111100
001011111111111111100
001011111111111111100
001011111111111111100
001111011111111111100
001011101111111111100
001110011111111111100
001011111111111111100
001011111111111111100
001011111111111111100
001011111111111111100
001111111111111111100
001111111111111111100
000000000000000000000
000000000000000000000
#
It:16:Diff:62:PSOStep:8:Time:9.619970786:s:AutomataStep:8:Transition:01111111111011111111111011000111111111111111001111101010010000111111111111111011111110111111110111011011101111111111110011111111111101110111111101010111101110111111111111010101111111111111110111111011010111101010111111101111111101001111011111110011111011111111110110111011111111101010111111111111011111110101011110110111111111111111111011111111110111111111111111111111111011111111101111101111110111110111010111111011111010111111011111010111111111111111111110111111011111111101101100111010111101110111111111111111
000000000000000000000
000000000000000000000
001111111111111111100
001000100010001011100
001001110111011111100
001111111111111111100
001011111111111111100
001011111111111111100
001011111111111111100
001011111111111111100
001111111111111111100
001011101111111111100
001110111111111111100
001011111111111111100
001011111111111111100
001011111111111111100
001011111111111111100
001111111111111111100
001111111111111111100
000000000000000000000
000000000000000000000
#
It:59:Diff:62:PSOStep:8:Time:25.631937829:s:AutomataStep:8:Transition:01111111110011111110101011101111111111111011110011100110110100011110010011110001111110100111001111011111000011111011100110111011111001110111111111011010100110111010101111111001111111011111110110111110011111001111111110101101111101011111011011011111111111111011101010101011101010111001111011111111011101111101101111110111111011111111111111111111110110110110111011111111111111111111110110111001011011110111101011111011111010111101011111111111011111011111101011101111011111011101101110111000110101111110111100110111
000000000000000000000
000000000000000000000
001111111111111111100
001000111111111111100
001011111111111111100
001011111111111111100
001011111111111111100
001011111111111111100
001011111111111111100
001011111100011111100
001011111100111111100
001011111111111111100
001011111111111111100
001011111111000111100
001011111111110111100
001011111111111111100
001011111111011111100
001101101101100001100
001111111111111111100
000000000000000000000
000000000000000000000
#
It:76:Diff:53:PSOStep:8:Time:31.918779452:s:AutomataStep:8:Transition:01111111110011111110101111101111111011111111110111001110010000011110011111110011111110000111011111011111010111111011100010111101111001110111111101011000101110111010101011101001110111111101110110110110011111101010111111101100011101011011011011010011111111111111101010101011111010101011111011111011011101010111111111110111111111111111001011011111111110111111111111111011111111111111111010111101110011110111101111111011111010111101011111111110111111111111111111101111111111011101101110111001100101011110111101110111
000000000000000000000
000000000000000000000
001111111111111111100
001000100010001011100
001010011111111111100
001001111001101111100
001010111111111111100
001011111111101111100
001011111111111111100
001011111111111111100
001011110011111111100
001011111111111111100
001010101111111111100
001011111111111111100
001011111111111111100
001011111111111111100
001011111111111111100
001100000000000001100
001111111111111111100
000000000000000000000
000000000000000000000
#
It:97:Diff:46:PSOStep:8:Time:39.887743328:s:AutomataStep:8:Transition:01111111111011111101111111101111111111111011010011101010010000111111111111101010111010001111111111011111010011101011110010111011101101110111111101011011111110111111111011111111100111111111110111110111101111101010111111101101111101011111011111011101111011111111101010111011111010101011110011111011011101010111111111110011111111111111001011111111110101011111110111111011101111111111110110101101001111111111001110111011111010111101011111111111111111111111101111111111111111011101101111111011110101111110111100111111
000000000000000000000
000000000000000000000
001111111111111111100
001010000010001011100
001011111111111111100
001011110111111111100
001011111111111111100
001011111001111111100
001011111111111111100
001011111001011111100
001011011111111111100
001011111110111111100
001011111111111111100
001011111111011111100
001011111111111111100
001011111111111111100
001011111111111111100
001100000000000001100
001111111111111111100
000000000000000000000
000000000000000000000
#
It:159:Diff:44:PSOStep:8:Time:62.977913885:s:AutomataStep:8:Transition:01111111111011111101111111101111111111111101010011101010010000011110111111110011111010001111011111011111010011111110100010111111111001100111111101011011101110101010111011101101100111111101110110110110011111101010111111101101110101011011011111011111111011111111101010101011111010101011111011111011011101011111111111110111111111111111001011111101110100111101111111111011101111111111110110111101001111110111001111111011111010111101011111111111111111111111101111111111111111011101101110111011110101011110110101110111
000000000000000000000
000000000000000000000
001111111111111111100
001000100010001011100
001011111111111111100
001011101011111111100
001011101111111111100
001011111111111111100
001011111111111111100
001011111111111111100
001011011111111111100
001011100111111111100
001011111111111111100
001011111101111111100
001011111111111111100
001011111111111111100
001011111111111111100
001100000000000001100
001111111111111111100
000000000000000000000
000000000000000000000
#
It:226:Diff:42:PSOStep:8:Time:88.289816699:s:AutomataStep:8:Transition:01111111110011111101111111101111111111111101010011100010010000011011111111111010111010001111010111011111010011101010100010111011110001110111111101011011110110111010101011111111100111111101110111110111101101101010111111101101110101011111011011011111111010111111101010101011111010101011110011111011011101000111111111110111111111111111001011010111110100111101111111101011101111111111110110111101001111111111001111111011111010111101111011011111111011111111101111110111111111011101101111111011111101111110110101110111
000000000000000000000
000000000000000000000
001111111111111111100
001000100010001011100
001011111111111111100
001011111111111111100
001011111111111111100
001011111111111111100
001011111111111111100
001011111111111111100
001011001111111111100
001011111111111111100
001011111111111111100
001011111101111111100
001011111111111111100
001011111111111111100
001011111111111111100
001100000000000001100
001111111111111111100
000000000000000000000
000000000000000000000
#
It:228:Diff:41:PSOStep:8:Time:88.971844341:s:AutomataStep:8:Transition:01111111111011111101111110101111111111111101010011100010011000011111111111111011111010001111011111011111010011101111110010111111110001110111111101011001011110101010101011111111100011110101110110110111101111101010111111101101110101011110011011011101111010111111001010101011111010101001110011111011011101000111111111110111111111111111101011011111010100010101111111101011101111111111110111101101001111111111001111111011111010111100110001011111111011111111101111110111111111011101101111111011110101111110110101111111
000000000000000000000
000000000000000000000
001111111111111111100
001000100010001011100
001011111111111111100
001011111110111110100
001011111111111111100
001011111110111111100
001011111111111111100
001011111111111110100
001011001111111111100
001011111111111111100
001011111111111111100
001011111111111110100
001011111111111111100
001011111111111111100
001011111111111111100
001100000000000000100
001111111111111111100
000000000000000000000
000000000000000000000
#
It:369:Diff:41:PSOStep:8:Time:145.105030924:s:AutomataStep:8:Transition:01111111111011111100111010101111111111111101010011100010011000011110111111111011111010001011011111011111010011101110110010111011111001110111111101011101111110101010101011111101100011111101110111110111001101101010111111101101110101010111011111011101111010011011101010111011111010101011110011111011011101000101111111110111111111111111101011111111110100010111110111101011101111111111110110101101001111111101001111111011111010111101110001011111111011111111101111100111111111011101101111111011100101111110110101111111
000000000000000000000
000000000000000000000
001111111111111111100
001000100010001011100
001011111111111111100
001011111110111010100
001011111111111111100
001011111111111111100
001011111111111111100
001011111111111110100
001011001111111111100
001011111111111111100
001011111111111111100
001011111111111110100
001011111111111111100
001011111111111111100
001011111111111111100
001100000000000000100
001111111111111111100
000000000000000000000
000000000000000000000
#
It:413:Diff:41:PSOStep:8:Time:162.646483518:s:AutomataStep:8:Transition:01111111111011111101111111101111111111101101000011100010010000011111111111111010111010001011110111011111010011101111100010111011111001110111111101010000111110111010101011111101100011111101110111110111101111101010110111101101111101011111011111011101111010111111101010111011111010101011110011111011011101010111111111110111111111111111101011111111010100111111110111111011101111111101110111101101001111111011001111111011101010111101110101011111111111111111101111111111110111011101100111111011110101111110111101111111
000000000000000000000
000000000000000000000
001111111111111111100
001000100010001011100
001010111111111111100
001011011111111110100
001011111111111111100
001011111111111111100
001011111111111111100
001011111111111110100
001011001111111111100
001011111111111111100
001011111111111111100
001011111111111110100
001011111111111111100
001011111111111111100
001011111111111111100
001100000000000000100
001111111111111111100
000000000000000000000
000000000000000000000
#
It:434:Diff:37:PSOStep:8:Time:170.868317478:s:AutomataStep:8:Transition:01111111111011111111111111101111111111101101000011100110011000011110101111110010111010001011110111011111010011101110100010110001101001110111111101011001111110101010101011101101100011010101110111110111101111101010110111101101110101011111011111011101111110111111101010101011101010101001110011111011011101000111111111110011111111111111101011111111010100011111110111111011101110111101110110101101001111111011001111111011101010111101111001011111111111111111101111111111110101011101111111111011110101111110111101111111
000000000000000000000
000000000000000000000
001111111111111111100
001000100010001011100
001010111111111111100
001011111111111110100
001011111111111111100
001011111111111110100
001011111111111111100
001011111111111110100
001011001111111111100
001011111111111110100
001011111111111111100
001011111111111110100
001011111111111111100
001011111111111110100
001011111111111111100
001100000000000000100
001111111111111111100
000000000000000000000
000000000000000000000
end
