PSO TRACE
INIT:../../instances/fazia/init.csv
REF:../../instances/fazia/asm2.csv
DecodingPolicy:CPP2
MutationPolicy:Null
ParticleNeighborhood:Fixed
ParticleDims:515
ParticleCount:100
AccP:2.0
AccG:2.0
AccL:1.5
AccI:2.3
Pos:0.0-3.0
Inertia:0.9-0.6
VeloMax:2.0
MaxPSOIteration:500
InertiaDecrFactor:6.000000000000001E-4
INIT
000000000000000000000
000000000000000000000
000000000000000000000
000000000000000000000
000000000000000000000
000000000000000000000
000000000000000000000
000000000000000000000
000000000000000000000
000000000000000000000
000000000010000000000
000000000000000000000
000000000000000000000
000000000000000000000
000000000000000000000
000000000000000000000
000000000000000000000
000000000000000000000
000000000000000000000
000000000000000000000
000000000000000000000
REF
000000000000000000000
000000000000000000000
000000000000000000000
000100000000000000000
000100000000000000000
000010111111000000000
000100001110100000000
000111111111010000000
000001100001011000000
000110101111010100000
000101101100111110000
000010100011110010000
000011111111110010000
000011000111110010000
000110110111011010000
000111101101110010000
000111100111100010000
000111111111111111000
000000000000000000000
000000000000000000000
000000000000000000000
Classic CPP Decoder
0 :1,2,3,4,
1 :0,2,3,4,
2 :0,1,3,4,
3 :0,1,2,4,
4 :0,1,2,3,
5 :6,7,8,9,
6 :5,7,8,9,
7 :5,6,8,9,
8 :5,6,7,9,
9 :5,6,7,8,
10 :11,12,13,14,
11 :10,12,13,14,
12 :10,11,13,14,
13 :10,11,12,14,
14 :10,11,12,13,
15 :16,17,18,19,
16 :15,17,18,19,
17 :15,16,18,19,
18 :15,16,17,19,
19 :15,16,17,18,
20 :21,22,23,24,
21 :20,22,23,24,
22 :20,21,23,24,
23 :20,21,22,24,
24 :20,21,22,23,
25 :26,27,28,29,
26 :25,27,28,29,
27 :25,26,28,29,
28 :25,26,27,29,
29 :25,26,27,28,
30 :31,32,33,34,
31 :30,32,33,34,
32 :30,31,33,34,
33 :30,31,32,34,
34 :30,31,32,33,
35 :36,37,38,39,
36 :35,37,38,39,
37 :35,36,38,39,
38 :35,36,37,39,
39 :35,36,37,38,
40 :41,42,43,44,
41 :40,42,43,44,
42 :40,41,43,44,
43 :40,41,42,44,
44 :40,41,42,43,
45 :46,47,48,49,
46 :45,47,48,49,
47 :45,46,48,49,
48 :45,46,47,49,
49 :45,46,47,48,
50 :51,52,53,54,
51 :50,52,53,54,
52 :50,51,53,54,
53 :50,51,52,54,
54 :50,51,52,53,
55 :56,57,58,59,
56 :55,57,58,59,
57 :55,56,58,59,
58 :55,56,57,59,
59 :55,56,57,58,
60 :61,62,63,64,
61 :60,62,63,64,
62 :60,61,63,64,
63 :60,61,62,64,
64 :60,61,62,63,
65 :66,67,68,69,
66 :65,67,68,69,
67 :65,66,68,69,
68 :65,66,67,69,
69 :65,66,67,68,
70 :71,72,73,74,
71 :70,72,73,74,
72 :70,71,73,74,
73 :70,71,72,74,
74 :70,71,72,73,
75 :76,77,78,79,
76 :75,77,78,79,
77 :75,76,78,79,
78 :75,76,77,79,
79 :75,76,77,78,
80 :81,82,83,84,
81 :80,82,83,84,
82 :80,81,83,84,
83 :80,81,82,84,
84 :80,81,82,83,
85 :86,87,88,89,
86 :85,87,88,89,
87 :85,86,88,89,
88 :85,86,87,89,
89 :85,86,87,88,
90 :91,92,93,94,
91 :90,92,93,94,
92 :90,91,93,94,
93 :90,91,92,94,
94 :90,91,92,93,
95 :96,97,98,99,
96 :95,97,98,99,
97 :95,96,98,99,
98 :95,96,97,99,
99 :95,96,97,98,
#
It:0:Diff:99:PSOStep:7:Time:0.125647719:s:AutomataStep:7:Transition:00000100101111100111110111100100111001001101010111000101100001011001110001100100100100000101100101111011111010100100000000010100000000001010001000110000000000001000100010011001110010011000110010000000000001001110010000011100001100001011001011110000100010101010101001000000111101101011000001010001111010101010100001010010001010000000110100001000000100000000000100011000111111000001011100101100000101100110101111110000100000101010011000100101101000000001010101000100111010110011010101000000111010101010001011110111
000000000000000000000
000000000000000000000
000000000000000000000
000000000000000000000
000000000000000000000
000000000000000000000
000000000000000000000
000000000000000000000
000000001000000000000
000001001011100000000
000010000101011000000
000000001101001000000
000011000111111100000
000000000000110100000
000011010011101010000
000000001110101010000
000101010101010101000
000101010101010101000
000000000000000000000
000000000000000000000
000000000000000000000
#
It:1:Diff:81:PSOStep:7:Time:0.213871531:s:AutomataStep:7:Transition:00100001101111100111110001110100111111100011111111011111110010011111111100011010110100010011100111111111111010111110111000011001111010101011011100010100111000111011110110011111111011011010110110010011010111011111110111110100011011111111010010110100111101111110110000010010110111111110110101010011111010101011101111011110111111000101101101101001011110011010000100011101111111011001111111111000011011111111101110010010001110101010110011101010100000100011110001100100111011111110111010000001111011111000010111110110
000000000000000000000
000000000000000000000
000000000000000000000
000000000010000000000
000000000101000000000
000000000111100000000
000000000110110000000
000000001101011000000
000000011110101100000
000000011110010110000
000000001111111111000
000000101001011011000
000001101111011011000
000001101011110111000
000001001101101011000
000010010101101011000
000101101111100111000
000111111111111111000
000000000000000000000
000000000000000000000
000000000000000000000
#
It:2:Diff:78:PSOStep:7:Time:0.242193634:s:AutomataStep:7:Transition:00100011111111100111110001110100111101100111111111010111100010111101110100111000110100010011110001111111111110111111111001011011111110111011011100011100110100111110110010110111111011000000110111011010011111011111110011110100111111110100010011110000111001111110110000010010110111111111110101000011111010101111101100011111111101000101100111101011001111011010010001011101101111011001111011010000011011111111100110011010011010001010110011001010001001100011110011100000111011111111111110001001111011110110010011011110
000000000000000000000
000000000000000000000
000000000000000000000
000000000010000000000
000000000101000000000
000000001101100000000
000000011011100000000
000000110011100000000
000001001011110000000
000011001111010000000
000100100010110000000
000111101001111000000
000101010111011100000
000110101011111100000
000100011010110100000
000111101101111010000
000101111100111111000
000111111111111111000
000000000000000000000
000000000000000000000
000000000000000000000
#
It:3:Diff:69:PSOStep:7:Time:0.272017244:s:AutomataStep:7:Transition:01100001111001101110010011110100011101100111011111001111010010011100111100011010011100011001100001110111101111011011011100011000110011111011011100010111110101110111110000110111111011011010000111011100111111010111100011111000110010110110100001010000111001111010110000011011100011110110111101101111111110111111101100001111010100000101101111101011111110111011011001011101101011001101001011010000111011111101110100111010011010001110100011011010000001100010001011100010111110111110111010001011101011101111110111001100
000000000000000000000
000000000000000000000
000000000000000000000
000110000000000000000
000100000000000000000
000010110000000000000
000110101000000000000
000111101011000000000
000010010110000000000
000111101110000000000
000110111000010000000
000010010000110000000
000011111010011000000
000011000011111100000
000111100011111000000
000110111110011110000
000111000011110110000
000111010101010111000
000000000000000000000
000000000000000000000
000000000000000000000
#
It:9:Diff:67:PSOStep:7:Time:0.393570871:s:AutomataStep:7:Transition:01110000111111110111110011110100001111100111111110001111001011111101101100111110011111011011101001111111111110111111011001011001111010011011111111010111110101110111110000110110101011010010100111110100111111110111100111111011111010110110010100010100111101111011110001111010000111111110111100100011111110111111101100101110010111100111101111101011111110111011011101011100101111011101111011110110011011111110111101111010111010001111110011011010000011100110111111100010111111111111111011001011111011100111110111001110
000000000000000000000
000000000000000000000
000000000000000000000
000110000000000000000
000111100000000000000
000010010101000000000
000111011010100000000
000111010110110000000
000010101111011000000
000111111111101000000
000110100111111100000
000010010110110100000
000011111111111110000
000011111111110100000
000111111100011100000
000110111111111110000
000111010101010110000
000111010101010111000
000000000000000000000
000000000000000000000
000000000000000000000
#
It:14:Diff:66:PSOStep:7:Time:0.491176559:s:AutomataStep:7:Transition:01100001111101110110110110111100011111110111011111011110011110111101001100010010111101011111110110101111111111111111111101011100110010011011111100011111111101111111111111110111111011000111110111111010111111011111100111101001111011110110011100111110111101111110110011011010101011111110111111001011111110111101101111101101111100010011111111101011101111011011011101111101100111111101111011110100111111110100111110110110111111011101111111001010011111110011011011101010111010111111111011111101111011111001110110001111
000000000000000000000
000000000000000000000
000000000000000000000
000110000000000000000
000101100000000000000
000010101000000000000
000110110010000000000
000111110110100000000
000010101111101000000
000111101111011000000
000110111111001000000
000001111011111110000
000001010101111010000
000010011111111010000
000111110011101010000
000110111111011110000
000110111111110110000
000111111111111111000
000000000000000000000
000000000000000000000
000000000000000000000
#
It:15:Diff:60:PSOStep:7:Time:0.521654584:s:AutomataStep:7:Transition:01100001111101110110110110111100001111110111011111011111011110111100101100010010111101011011110110110111111111111110111100010100110010011011111100011110111101111111111111110110111011010110110111110011111111011111100111101001111011110110110111111110011101111110110011011010101011011110111110101011111110111101101110101111110100010011111111001011101111111011011101111101101101111111111010110100111111110100111110111110111111011111101111011010011111000010111011101010110000111111111010111100101011111101010110001011
000000000000000000000
000000000000000000000
000000000000000000000
000110000000000000000
000101100000000000000
000010111000000000000
000110101110000000000
000111100011100000000
000010110110111000000
000111111111110100000
000111101111010100000
000011101101000110000
000010111110001010000
000011101110010010000
000110000111000010000
000110111010110110000
000111111111110110000
000111111111111111000
000000000000000000000
000000000000000000000
000000000000000000000
#
It:27:Diff:57:PSOStep:7:Time:0.78040976:s:AutomataStep:7:Transition:01000001111101110110100111111100001111110111011111011111011110011100001000010010111101011011001110000110111011111010111100010100110010111011111100011100111101111111111111110011111011010111110111111010111111011111100100011001101001100111011101111111011100111110110011011010001011111111111110101011110110101100101110101111111000010111111111111000101111011011011101111101101101110101111011110100101111110100111110100110111111011001110110011010011111010010011011101010110010111111111011011101111011111101010110001001
000000000000000000000
000000000000000000000
000000000000000000000
000100000000000000000
000101000000000000000
000010110000000000000
000110011100000000000
000110111110000000000
000000010111100000000
000110111101110100000
000110111100101100000
000011110111011110000
000000010001011010000
000011011111111010000
000111111011011110000
000101111000011010000
000111100111110110000
000111111111111111000
000000000000000000000
000000000000000000000
000000000000000000000
#
It:34:Diff:54:PSOStep:7:Time:0.9236815:s:AutomataStep:7:Transition:01000001111111110111110111111100011111110111111111010111111110111101101100111010111101111011111101110111111011111111111100011101111110111011101100011101111101111111111111110111111011011010110111110010111111111111101110011011111011110110011111111111111101111111111011011110011101111110111101001111111110101101111110101111111111000111111111001000001111111010011101011101101111010111111011110110101111111111111010110110111111101011110011001010011111010011111011101011111010111111111011001100111011111101110010111111
000000000000000000000
000000000000000000000
000000000000000000000
000100000000000000000
000111000000000000000
000010110000000000000
000110111100000000000
000111110011000000000
000001111011110000000
000110111111011000000
000111111111111100000
000010001011111010000
000011111111111110000
000001111111110110000
000111101110110110000
000111111110111110000
000111111101110110000
000111111111111111000
000000000000000000000
000000000000000000000
000000000000000000000
#
It:88:Diff:51:PSOStep:7:Time:1.994275116:s:AutomataStep:7:Transition:01000001111111110111110111111100011111110111111111011111011110111100111100111010111101010011111101111111111011111111111100011101111110011011101100011101111101111111111111110111111001010010110111110010111111111111001110011011101011100110001101111111111101111111110011011110001101111110111100011111111110101101111110101111111101000111111111101000001111011011010101011101101111110111111011111110111111111100111110110010111111101011110011001010011011100010110111101110111011110111111011001100111011111101110010010111
000000000000000000000
000000000000000000000
000000000000000000000
000100000000000000000
000111000000000000000
000010110000000000000
000110011100000000000
000111111111000000000
000011110111110000000
000110110111011000000
000111111111011000000
000010111111111010000
000011011111101010000
000000010111011010000
000110110111111010000
000111111111111110000
000100110101110110000
000111111111111111000
000000000000000000000
000000000000000000000
000000000000000000000
#
It:132:Diff:49:PSOStep:7:Time:2.89960537:s:AutomataStep:7:Transition:01000001111111110110110111111100011111110111111111011110011010111101101100111010111101011011111111110110111011111101111100011101111110011011011100011101111101111111011111110111111011010010110111110010101111111111100110011101101011100110001101111011111001111111110011011110001101111110111100001111111110101101111100101111111101000111111111101001001111011011011101011101111111111111111011110110111111110100011010110010111110100001110011001010011011110010110011101010111011110111111010001000101011111101110010011111
000000000000000000000
000000000000000000000
000000000000000000000
000100000000000000000
000101000000000000000
000010110000000000000
000110010100000000000
000111111001000000000
000001101011110000000
000110111111010000000
000111111111111000000
000011000111101010000
000010111111100010000
000000110111111010000
000101110111011010000
000110101010111110000
000111110101110110000
000111111111111111000
000000000000000000000
000000000000000000000
000000000000000000000
#
It:168:Diff:47:PSOStep:7:Time:3.628611615:s:AutomataStep:7:Transition:01000001111111110111110101111000011111111111011110011011011110111101111000011110110101011011110111110111101011111110111110010101111110111111011110011101111101110111111111111110111001011010110111110010111111111111001100101111101011100110010111111111011111111111101011011110011101111101111101011111111110111101111101101111110011001011011111101000001110111010011101111101111111011101111011111100111111111100111011110010111111101000111011001010001111110010111011000010111100110111111111001101101011110111110110101111
000000000000000000000
000000000000000000000
000000000000000000000
000100000000000000000
000111000000000000000
000010110000000000000
000111011100000000000
000111100111000000000
000000111101110000000
000111011111111000000
000111101111101100000
000010100111010010000
000011111111111010000
000000001111111010000
000111111111111010000
000111101111010110000
000111110101100110000
000111111111111111000
000000000000000000000
000000000000000000000
000000000000000000000
#
It:230:Diff:42:PSOStep:7:Time:4.916196817:s:AutomataStep:7:Transition:01000011111111110110110101111101011111101111111111011111010110111101111000111110110111011011111011111110111010111010011100010101111111101111101100011001111111110111111111111111111011011010110111110011111111101111110110111111011011110110010111111111111111111010100111011110011101111100111111101111111110111101111110011111111111011111001111101000001110001011011101111101111101110101111011111100111111100100111011111010110110101011111111001010011111110010111011100110111101110111110111101101011011110111110110111101
000000000000000000000
000000000000000000000
000000000000000000000
000100000000000000000
000100110000000000000
000011111110000000000
000110101110100000000
000111101111110000000
000001101001111000000
000110111111111100000
000111110010111110000
000011110010101010000
000011111111111010000
000001011111111010000
000111101111010110000
000111111010111010000
000111110101101110000
000111111111111111000
000000000000000000000
000000000000000000000
000000000000000000000
#
It:498:Diff:41:PSOStep:7:Time:10.31988053:s:AutomataStep:7:Transition:01000011111111110110110111111101011111011111111111011111011110111101111000011110111111011011111000101100101010111110011100010101111111101111101100011101111101110111110111111111111011011010110111110010111111111111110110110111011011110111010111101111111111111110110111011110011101110100111111001111111110111101111100101111111110011111011111101000001110011011011111111101111101110101111011011100111111110100111111110000110110111011111111001010011111110010111011101100101111110111110110111111111111111111110110111101
000000000000000000000
000000000000000000000
000000000000000000000
000100000000000000000
000101100000000000000
000010111111000000000
000110011111100000000
000111101110110000000
000001100011110000000
000111111111111000000
000111101101101010000
000011101111101010000
000011111110101010000
000001010111011010000
000111111110111010000
000111101111111010000
000111110111101110000
000111111111111111000
000000000000000000000
000000000000000000000
000000000000000000000
end
