PSO TRACE
INIT:../../instances/fazia/init.csv
REF:../../instances/fazia/asvn4.csv
DecodingPolicy:CPPNot
MutationPolicy:Null
ParticleNeighborhood:Fixed
ParticleDims:515
ParticleCount:100
AccP:2.0
AccG:2.0
AccL:1.5
AccI:2.3
Pos:0.0-3.0
Inertia:0.9-0.6
VeloMax:2.0
MaxPSOIteration:250
InertiaDecrFactor:0.0012000000000000001
INIT
000000000000000000000
000000000000000000000
000000000000000000000
000000000000000000000
000000000000000000000
000000000000000000000
000000000000000000000
000000000000000000000
000000000000000000000
000000000000000000000
000000000010000000000
000000000000000000000
000000000000000000000
000000000000000000000
000000000000000000000
000000000000000000000
000000000000000000000
000000000000000000000
000000000000000000000
000000000000000000000
000000000000000000000
REF
000000000000000000000
000000000000000000000
000000000000000000000
000000000010000000000
000000000111000000000
000000001011100000000
000000011011110000000
000000101111111000000
000001100001111100000
000010110010101110000
000110111101110111000
000010110111111010000
000001111111111100000
000000101110101000000
000000011111110000000
000000001010100000000
000000000111000000000
000000000010000000000
000000000000000000000
000000000000000000000
000000000000000000000
Classic CPP Decoder + Not Test
0 :1,2,3,4,
1 :0,2,3,4,
2 :0,1,3,4,
3 :0,1,2,4,
4 :0,1,2,3,
5 :6,7,8,9,
6 :5,7,8,9,
7 :5,6,8,9,
8 :5,6,7,9,
9 :5,6,7,8,
10 :11,12,13,14,
11 :10,12,13,14,
12 :10,11,13,14,
13 :10,11,12,14,
14 :10,11,12,13,
15 :16,17,18,19,
16 :15,17,18,19,
17 :15,16,18,19,
18 :15,16,17,19,
19 :15,16,17,18,
20 :21,22,23,24,
21 :20,22,23,24,
22 :20,21,23,24,
23 :20,21,22,24,
24 :20,21,22,23,
25 :26,27,28,29,
26 :25,27,28,29,
27 :25,26,28,29,
28 :25,26,27,29,
29 :25,26,27,28,
30 :31,32,33,34,
31 :30,32,33,34,
32 :30,31,33,34,
33 :30,31,32,34,
34 :30,31,32,33,
35 :36,37,38,39,
36 :35,37,38,39,
37 :35,36,38,39,
38 :35,36,37,39,
39 :35,36,37,38,
40 :41,42,43,44,
41 :40,42,43,44,
42 :40,41,43,44,
43 :40,41,42,44,
44 :40,41,42,43,
45 :46,47,48,49,
46 :45,47,48,49,
47 :45,46,48,49,
48 :45,46,47,49,
49 :45,46,47,48,
50 :51,52,53,54,
51 :50,52,53,54,
52 :50,51,53,54,
53 :50,51,52,54,
54 :50,51,52,53,
55 :56,57,58,59,
56 :55,57,58,59,
57 :55,56,58,59,
58 :55,56,57,59,
59 :55,56,57,58,
60 :61,62,63,64,
61 :60,62,63,64,
62 :60,61,63,64,
63 :60,61,62,64,
64 :60,61,62,63,
65 :66,67,68,69,
66 :65,67,68,69,
67 :65,66,68,69,
68 :65,66,67,69,
69 :65,66,67,68,
70 :71,72,73,74,
71 :70,72,73,74,
72 :70,71,73,74,
73 :70,71,72,74,
74 :70,71,72,73,
75 :76,77,78,79,
76 :75,77,78,79,
77 :75,76,78,79,
78 :75,76,77,79,
79 :75,76,77,78,
80 :81,82,83,84,
81 :80,82,83,84,
82 :80,81,83,84,
83 :80,81,82,84,
84 :80,81,82,83,
85 :86,87,88,89,
86 :85,87,88,89,
87 :85,86,88,89,
88 :85,86,87,89,
89 :85,86,87,88,
90 :91,92,93,94,
91 :90,92,93,94,
92 :90,91,93,94,
93 :90,91,92,94,
94 :90,91,92,93,
95 :96,97,98,99,
96 :95,97,98,99,
97 :95,96,98,99,
98 :95,96,97,99,
99 :95,96,97,98,
#
It:0:Diff:60:PSOStep:4:Time:0.423246675:s:AutomataStep:4:Transition:01111011111111111110111111011111101111111111111101111111111010111101100111111110111111101101011111001111101111011111110101010111001111111011111111101111111101011111101111101111111110111110101111111001111010101110111111110101011111101011101100110111101111111110111111011111111111111101011011011110110111011100110111111010111111111111100010111101111111111111101111011110101101011111111111011111100101111101111111101110111111011111010111011110111111100111110111101011111111011111001110110111111111111111111001011111
000000000000000000000
000000000000000000000
000000000000000000000
000000000000000000000
000000000000000000000
000000000000000000000
000000111111111000000
000000111111111000000
000000111111101000000
000000111111111000000
000000111010111000000
000000111011111000000
000000111010101000000
000000111111111000000
000000101010101000000
000000000000000000000
000000000000000000000
000000000000000000000
000000000000000000000
000000000000000000000
000000000000000000000
#
It:1:Diff:59:PSOStep:4:Time:0.501985742:s:AutomataStep:4:Transition:01111011111111111110111111011111101111111111111101111111111010111101110111111110111111101101011111001111111111011111110101010111001111111011111111101111111101011111101111111111111110111110101111111001111011111110111111110101111111101111111110111111101111111110111111011111111111111101011111111110110111011110111111111010111111111111100010111111111111111111101111011110101101111111111111011111100101111101111111101110111111011111010111011110111111110111111111101011111111011111001111110111111111111111111001011111
000000000000000000000
000000000000000000000
000000000000000000000
000000000000000000000
000000000000000000000
000000000000000000000
000000111111111000000
000000111111111000000
000000111111101000000
000000111111111000000
000000111010111000000
000000111111111000000
000000111010101000000
000000111111111000000
000000101010101000000
000000000000000000000
000000000000000000000
000000000000000000000
000000000000000000000
000000000000000000000
000000000000000000000
#
It:2:Diff:57:PSOStep:4:Time:0.560946542:s:AutomataStep:4:Transition:01111111111110111110111111011111111111111111101111111111111110111101110111111110111111001101010011001111101111111011111111111111011111111111111110111101111101011111111111101111110110111110101111111100111111111111111111111100110111001011111011111111101111011111111111010111111011111111011111011011111111111111111111111111111111101111100011101110111111110110101111111110101101111111111111111111111111111100111111101110011111111111000111111110111111110111011111101101111111111011011111110111110111111111110101011001
000000000000000000000
000000000000000000000
000000000000000000000
000000000000000000000
000000000000000000000
000000000000000000000
000000111111111000000
000000111111111000000
000000110111111000000
000000111111111000000
000000111111111000000
000000111111111000000
000000110000011000000
000000111111111000000
000000101010101000000
000000000000000000000
000000000000000000000
000000000000000000000
000000000000000000000
000000000000000000000
000000000000000000000
#
It:3:Diff:55:PSOStep:4:Time:0.624460243:s:AutomataStep:4:Transition:01111111111110111111111111011111111111111111111111111111111010111111110111111110110111101101011011011111100111111111111111111111011110111011111111101101111111011111111111001111110110111110101110111100111011111111111111111100110111011011111011111111101111011111111111011111111001111111011111011010110111111111111111111010111111101111100011101110111111110110101111111100101101111111111111011111110101111110111111101111011111111111110111111110110111110111011111101001111111111111111111110111110111111111110001011111
000000000000000000000
000000000000000000000
000000000000000000000
000000000000000000000
000000000000000000000
000000000000000000000
000000111111111000000
000000111111111000000
000000111111111000000
000000111111111000000
000000111111111000000
000000111011111000000
000000111011111000000
000000111111111000000
000000101010101000000
000000000000000000000
000000000000000000000
000000000000000000000
000000000000000000000
000000000000000000000
000000000000000000000
#
It:4:Diff:54:PSOStep:7:Time:0.678725733:s:AutomataStep:7:Transition:00010010111101111110111101011011001101101101100100111100111111100100010110110110110111000101011111011111100111111010101011111111011110110011101111101101111101001110011011001111111010100010110110101101111010000011111100111100111111000011101001100100100101000111011111010011100111110101001111011010001111111001111111011011101111100110100111111110011111011110100111011100101101100111110011001111101001101111111111101010011110111011010011101100110001101001110111101101111100111111111000010111110111100101010001011101
000000000000000000000
000000000000000000000
000000000000000000000
000000000000000000000
000000000110000000000
000000001100000000000
000000011101000000000
000000111111000000000
000001111101100000000
000010001011100000000
000111110101010000000
000000110110110000000
000001111101100000000
000000001000000000000
000000011110000000000
000000000000000000000
000000000110000000000
000000000000000000000
000000000000000000000
000000000000000000000
000000000000000000000
#
It:5:Diff:51:PSOStep:7:Time:0.7344533:s:AutomataStep:7:Transition:00110010111101111101111001001011001101101101101100110101111011100000010110110000110110000001000011011110101111111000101011011001010110111011100111101101110101001111001011001011101010100010110111000100111110000011111100111100011101000011101001110100000111000111110101010011100111110111001111011011001110111101111111011010111111100111100011111011011111010110100100011100101101100111110011001101000001001111011001101010010110111011010011100000110001101000110011101101111100011111111000010110111110000100010001011101
000000000000000000000
000000000000000000000
000000000000000000000
000000000010000000000
000000000110000000000
000000001000000000000
000000011000000000000
000000111011100000000
000001110001000000000
000011111111110000000
000111111110110000000
000011011111110000000
000001101001110000000
000000111100000000000
000000011111000000000
000000001000000000000
000000000110000000000
000000000000000000000
000000000000000000000
000000000000000000000
000000000000000000000
#
It:8:Diff:43:PSOStep:7:Time:0.882212434:s:AutomataStep:7:Transition:00110111111100111111111011001011011111001101101101111100111011110011010110111110110110001111000011111111101111111010101011001101011110111011101111101101111101010111111111101111111010100010110111010101111111111111111101111100111101100111111110110111100111010111110111010011110111111101011011011011101111111101111111111011111111101111101111111011111111111111101100011100111101101011111111111111101111001111011101101010110110011111010111110000111011101001110111111101111110110111111010011110101110011111111011011101
000000000000000000000
000000000000000000000
000000000000000000000
000000000010000000000
000000000110000000000
000000001111000000000
000000010110000000000
000000111110111000000
000001011101100000000
000010110101110110000
000110110001110010000
000011111110101100000
000001111101111000000
000000111110100000000
000000011100100000000
000000001011000000000
000000000110000000000
000000000000000000000
000000000000000000000
000000000000000000000
000000000000000000000
#
It:9:Diff:35:PSOStep:7:Time:0.940644436:s:AutomataStep:7:Transition:00010111111101111111111111011011111111111101111111111111111011110110110111111110110110001101010011011111111111111011101101011101011110111111101111101101011101011111111111101111111110101110111111111000111111011111111111111100111101101111111110111101111101010111110111010111110111111101011011011010111111111111111111111010111111101111101010111111011111111111111110011100111101101111110111111111101111001111011111101110011110111111010111111100111101101101111111101101111110111111111110010111111111011111011111011101
000000000000000000000
000000000000000000000
000000000000000000000
000000000000000000000
000000000111000000000
000000001111100000000
000000010110110000000
000000100110111000000
000001100111011100000
000010111110111110000
000110000111111111000
000011101101011100000
000001110111101100000
000000111100101000000
000000011100110000000
000000001111000000000
000000000111000000000
000000000000000000000
000000000000000000000
000000000000000000000
000000000000000000000
#
It:14:Diff:33:PSOStep:7:Time:1.22290051:s:AutomataStep:7:Transition:00010011110111011111101111111111111111101101111111111110110110110010101111111101111111101101011111011011101111111010101100101101101111111011111111101101011111100111111011111111111110100110111111101010111011011011111110111100111101111110111110111101110101110111111111010111110111111101001011011011101110111010111111111110111110111111101110111110011101110101111101011011111111011110110111011111111111001100111111101110011110011011101111111110110110110101110111101011111110111111111010010011111111001101011101001101
000000000000000000000
000000000000000000000
000000000000000000000
000000000000000000000
000000000111000000000
000000001101100000000
000000011010110000000
000000111101111000000
000001111010111100000
000011001011111110000
000111011111010111000
000011111110011010000
000001101111011100000
000000110011111000000
000000011101110000000
000000001110100000000
000000000111000000000
000000000010000000000
000000000000000000000
000000000000000000000
000000000000000000000
#
It:21:Diff:32:PSOStep:7:Time:1.593411049:s:AutomataStep:7:Transition:00010011110111011101111111111111111111111111111011111111100010110100101111111101111111100101011111011011111111111011111100101101111111111111110111110101011111000111111111111111111110101110111111101110111111111010101111111000110101111110111111111101111101100110111101010111010111111111001011011111101110111100101111111110111110111111101110111101111111111111111111111111111111101110110111011111111101101111111111001111011110011111101111111010101110111101111111101111111111111111111101010011110111010111011101011101
000000000000000000000
000000000000000000000
000000000000000000000
000000000000000000000
000000000111000000000
000000001101100000000
000000011101110000000
000000111111111000000
000001111111101100000
000011001000111110000
000111011111111111000
000011101111110010000
000001110111011100000
000000111011101000000
000000011101110000000
000000001110100000000
000000000111000000000
000000000010000000000
000000000000000000000
000000000000000000000
000000000000000000000
#
It:24:Diff:27:PSOStep:7:Time:1.728205134:s:AutomataStep:7:Transition:00110011111111011111111111101111111111101101111111111101111110110011111101111100100111101100011111011011111111111010101000101101111111111111110111101100110101100111111111001111111110111110111111101010111111011110111100111100110111111110111110111101110110010110110101010110110110110101010011011110001111111110011111011011111101101111101011101111011111110100111100010011100110111110111111111110101101101100111111000010111100011110101111101100110100110101010111101011111111111111111101111001110010001101011101011101
000000000000000000000
000000000000000000000
000000000000000000000
000000000010000000000
000000000111000000000
000000001111100000000
000000011111110000000
000000111111111000000
000001100111111100000
000011101011111110000
000111111111001111000
000011110101101110000
000001111111111100000
000000111100001000000
000000011101000000000
000000001111100000000
000000000111000000000
000000000010000000000
000000000000000000000
000000000000000000000
000000000000000000000
#
It:31:Diff:26:PSOStep:7:Time:2.130976913:s:AutomataStep:7:Transition:00110111111100011110111011111111111101101101101101111111111111110011111111111101100111101101011111111011111111111010101010101101110111111110110111101101111101111111111111001111111110111111111111101010111111011110111110111100111111111011101110111101100110010111110101010110010111110101011011011110000111111110111111001010111111101111101011111111011111110110111100110111111111011110111111001111101111101111111111000011011100111110111111101100111101110101010011101011111111101111010101111111100011001101011111011101
000000000000000000000
000000000000000000000
000000000000000000000
000000000010000000000
000000000111000000000
000000001011100000000
000000011111110000000
000000101111111000000
000001111111111100000
000010111101111110000
000111101010110011000
000011110011111110000
000001111110011100000
000000111010111000000
000000011111110000000
000000001111100000000
000000000111000000000
000000000010000000000
000000000000000000000
000000000000000000000
000000000000000000000
#
It:38:Diff:25:PSOStep:7:Time:2.541659815:s:AutomataStep:7:Transition:00110111111111111111111111110111111111111101001111111111111111110011100111111010101110001101001101101101111111111110111111001101110111100110111011101111101101011111101111111111101110111010110111111111111111111111111111110010111001101101111111111111110111110001010100010111010111111101000111001111111011111101011111011001111111101111101011111111111101100111101101100101111111011110111111111101111011001111110101101011110110011111111111111110111111101100100001011111111111111101110000111101111111110111111011011111
000000000000000000000
000000000000000000000
000000000000000000000
000000000010000000000
000000000111000000000
000000001111100000000
000000011111110000000
000000111101011000000
000001111101101100000
000011110110111110000
000111011101111111000
000011111111011110000
000001111111011100000
000000111111111000000
000000011111110000000
000000001111100000000
000000000111000000000
000000000010000000000
000000000000000000000
000000000000000000000
000000000000000000000
#
It:43:Diff:24:PSOStep:7:Time:2.826912006:s:AutomataStep:7:Transition:00110011111111111111111011110111111111101111111101111100111110110001001111011111101110001111111111011101101111010111111111111101110111111110111111101111001101011111011111101011111010110010111110111111111111111111011111111110111101111011111110111100100111100111110100010111010111111101010111001111001111011101111111011010110111101111101110101111111101100111111100011111111101110111111111011111111111001111111111101011011110111011111111111110111111101101101011111001111111111101110100111101111111111101011111011111
000000000000000000000
000000000000000000000
000000000000000000000
000000000010000000000
000000000111000000000
000000001001100000000
000000011011110000000
000000101111111000000
000001101011001100000
000010111100111110000
000110101111111111000
000011101111110110000
000001111110111100000
000000111111111000000
000000011111110000000
000000001101100000000
000000000111000000000
000000000010000000000
000000000000000000000
000000000000000000000
000000000000000000000
#
It:44:Diff:21:PSOStep:7:Time:2.872013171:s:AutomataStep:7:Transition:00110111111110111111111011101111111111101111111101011101111010110010011111110111101110001101111111011111101111011111101011110101111111111110111111101100101101011111111111101111111110110110111111111111111101111111011101111010111111110010111110111101100111100110110101010111110101111101011111001111111110011101011111001010110111101111101111101111111111100101111100110111011111100111111111011111111101001100111111101011011110111011111111101110111111111101111011101011100111111001110100111101100011111111011101011111
000000000000000000000
000000000000000000000
000000000000000000000
000000000010000000000
000000000111000000000
000000001011100000000
000000011111110000000
000000101010111000000
000001111011111100000
000010111111111110000
000110101111111111000
000010111110111110000
000001011111111100000
000000101111111000000
000000010111110000000
000000001011100000000
000000000111000000000
000000000010000000000
000000000000000000000
000000000000000000000
000000000000000000000
#
It:54:Diff:20:PSOStep:7:Time:3.41378114:s:AutomataStep:7:Transition:00110110111110011111111011111111111111111101111110011110101010110010011101110101111111001101111111011111101011011010101011111111111111011011101111101100001111011111011111111010111110110110110111101110111011011011111100111110110111110010111110111101100101110111110101010111100111111101010111011011101111011101011111101010111111111111101010001111111111000101111100010111010011110011111111011111101101001100111111101011011100111011101111101110111111110111011011101111110110111001101100101100100111001111011101011101
000000000000000000000
000000000000000000000
000000000000000000000
000000000010000000000
000000000111000000000
000000001001100000000
000000011011110000000
000000101011111000000
000001111001111100000
000010110011111110000
000110111110011111000
000010111111110110000
000001111111111100000
000000111000111000000
000000011010110000000
000000001011100000000
000000000111000000000
000000000010000000000
000000000000000000000
000000000000000000000
000000000000000000000
#
It:64:Diff:17:PSOStep:7:Time:3.946849012:s:AutomataStep:7:Transition:00110111111100111111111011101111111111101111111111011100111010110010011111110111101110001101111111011111101111011111101011110101101111111010111011101111001101010111111111101111111010110110111110111110110101001110111101011110101111110010111110111101100111100110110101010111110111111101011010001111101110011101011111101010110111101111101111001111011111100101111100010111011111100011111111001010110101001100111111101011011110111111111111101110110111111101111011101001100111111001110100110101101011111101011101011111
000000000000000000000
000000000000000000000
000000000000000000000
000000000010000000000
000000000111000000000
000000001011100000000
000000011011110000000
000000101010111000000
000001111010111100000
000010111111111110000
000110111111110111000
000010110110111110000
000001111111111100000
000000101101101000000
000000010111110000000
000000001000100000000
000000000111000000000
000000000010000000000
000000000000000000000
000000000000000000000
000000000000000000000
#
It:76:Diff:16:PSOStep:7:Time:4.630752558:s:AutomataStep:7:Transition:00110111111110111111111001101111111111111111111111011100111010110010011111110111111110001101111111101111101011011100101011110001101111111011111011101111001101011111111111101111111010010110111110111110110111011110111101111010111101110010111110111101100101110110100101010111110111111101011111001111101110011101011111101010110101111111101111001111011111110100111100111111101100100111111111011011100111001100111111101011011110111111111111101110111111111101111011100101110111111011110100110100100111111101011101011111
000000000000000000000
000000000000000000000
000000000000000000000
000000000010000000000
000000000111000000000
000000001011100000000
000000011011110000000
000000101111111000000
000001111011111100000
000010111111111110000
000110111111010111000
000010111111111110000
000001011111111100000
000000100101101000000
000000011111110000000
000000001000100000000
000000000111000000000
000000000010000000000
000000000000000000000
000000000000000000000
000000000000000000000
#
It:110:Diff:15:PSOStep:7:Time:6.41685496:s:AutomataStep:7:Transition:00110111111100111011111001101111111111101111111011011100111010110110011111111111101111001101111111011111101011011011100011110001101110111011111111101101001001011111011111101111111010110110111110111110111111011110111000111000111101110010111111111001101101110110110111010111110111111101010111001111101110011111011111101010110101111111101011001111011111100100111100111111101110100111111011001111110111101100111111100011011010111111111111101110111111111101111011100101111110111111011100111101100111111101011101011111
000000000000000000000
000000000000000000000
000000000000000000000
000000000010000000000
000000000111000000000
000000001011100000000
000000011011110000000
000000101111111000000
000001101011111100000
000010111001111110000
000110101111110111000
000011110111111110000
000001111111111100000
000000111111111000000
000000011011110000000
000000001110100000000
000000000111000000000
000000000010000000000
000000000000000000000
000000000000000000000
000000000000000000000
#
It:239:Diff:14:PSOStep:7:Time:13.632607369:s:AutomataStep:7:Transition:00110111111100111011111001111111111111101111111011011100111010110110011111111111101111001101111111111111101011111001100011110001111110111010111111101111000001010111011111101111111010110110101110111110111111011110111000111010111101110010111110111001101101110110110111010111100111110101011111001111101110010111001101101010110101111111101011001111011111100100111100011101101110110111111011001110100111101100111111100011011110111011111111101110111110111101111011101101111110111011010100110101100111111101011111011111
000000000000000000000
000000000000000000000
000000000000000000000
000000000010000000000
000000000111000000000
000000001011100000000
000000011011110000000
000000101111101000000
000001101001111100000
000010110101101010000
000110011111110111000
000010111111011110000
000001011111111100000
000000101111101000000
000000011111110000000
000000001000100000000
000000000111000000000
000000000010000000000
000000000000000000000
000000000000000000000
000000000000000000000
end
