PSO TRACE
INIT:../../instances/fazia/init.csv
REF:../../instances/fazia/asvn4.csv
DecodingPolicy:CPPNot
MutationPolicy:Null
ParticleNeighborhood:Fixed
ParticleDims:515
ParticleCount:100
AccP:2.0
AccG:2.0
AccL:1.5
AccI:2.3
Pos:0.0-3.0
Inertia:0.9-0.6
VeloMax:2.0
MaxPSOIteration:250
InertiaDecrFactor:0.0012000000000000001
INIT
000000000000000000000
000000000000000000000
000000000000000000000
000000000000000000000
000000000000000000000
000000000000000000000
000000000000000000000
000000000000000000000
000000000000000000000
000000000000000000000
000000000010000000000
000000000000000000000
000000000000000000000
000000000000000000000
000000000000000000000
000000000000000000000
000000000000000000000
000000000000000000000
000000000000000000000
000000000000000000000
000000000000000000000
REF
000000000000000000000
000000000000000000000
000000000000000000000
000000000010000000000
000000000111000000000
000000001011100000000
000000011011110000000
000000101111111000000
000001100001111100000
000010110010101110000
000110111101110111000
000010110111111010000
000001111111111100000
000000101110101000000
000000011111110000000
000000001010100000000
000000000111000000000
000000000010000000000
000000000000000000000
000000000000000000000
000000000000000000000
Classic CPP Decoder + Not Test
0 :1,2,3,4,
1 :0,2,3,4,
2 :0,1,3,4,
3 :0,1,2,4,
4 :0,1,2,3,
5 :6,7,8,9,
6 :5,7,8,9,
7 :5,6,8,9,
8 :5,6,7,9,
9 :5,6,7,8,
10 :11,12,13,14,
11 :10,12,13,14,
12 :10,11,13,14,
13 :10,11,12,14,
14 :10,11,12,13,
15 :16,17,18,19,
16 :15,17,18,19,
17 :15,16,18,19,
18 :15,16,17,19,
19 :15,16,17,18,
20 :21,22,23,24,
21 :20,22,23,24,
22 :20,21,23,24,
23 :20,21,22,24,
24 :20,21,22,23,
25 :26,27,28,29,
26 :25,27,28,29,
27 :25,26,28,29,
28 :25,26,27,29,
29 :25,26,27,28,
30 :31,32,33,34,
31 :30,32,33,34,
32 :30,31,33,34,
33 :30,31,32,34,
34 :30,31,32,33,
35 :36,37,38,39,
36 :35,37,38,39,
37 :35,36,38,39,
38 :35,36,37,39,
39 :35,36,37,38,
40 :41,42,43,44,
41 :40,42,43,44,
42 :40,41,43,44,
43 :40,41,42,44,
44 :40,41,42,43,
45 :46,47,48,49,
46 :45,47,48,49,
47 :45,46,48,49,
48 :45,46,47,49,
49 :45,46,47,48,
50 :51,52,53,54,
51 :50,52,53,54,
52 :50,51,53,54,
53 :50,51,52,54,
54 :50,51,52,53,
55 :56,57,58,59,
56 :55,57,58,59,
57 :55,56,58,59,
58 :55,56,57,59,
59 :55,56,57,58,
60 :61,62,63,64,
61 :60,62,63,64,
62 :60,61,63,64,
63 :60,61,62,64,
64 :60,61,62,63,
65 :66,67,68,69,
66 :65,67,68,69,
67 :65,66,68,69,
68 :65,66,67,69,
69 :65,66,67,68,
70 :71,72,73,74,
71 :70,72,73,74,
72 :70,71,73,74,
73 :70,71,72,74,
74 :70,71,72,73,
75 :76,77,78,79,
76 :75,77,78,79,
77 :75,76,78,79,
78 :75,76,77,79,
79 :75,76,77,78,
80 :81,82,83,84,
81 :80,82,83,84,
82 :80,81,83,84,
83 :80,81,82,84,
84 :80,81,82,83,
85 :86,87,88,89,
86 :85,87,88,89,
87 :85,86,88,89,
88 :85,86,87,89,
89 :85,86,87,88,
90 :91,92,93,94,
91 :90,92,93,94,
92 :90,91,93,94,
93 :90,91,92,94,
94 :90,91,92,93,
95 :96,97,98,99,
96 :95,97,98,99,
97 :95,96,98,99,
98 :95,96,97,99,
99 :95,96,97,98,
#
It:0:Diff:61:PSOStep:7:Time:0.205429111:s:AutomataStep:7:Transition:00000011111111101111000111011011101101101000000111100011010001010001011111110110100100000000000001100101011000000110111000110101100011100010000100000001100011110000000100001010001101000110101000010010000101010111100010011100111010011011001101010101001111110110010001010110010100001000100010111000111011110100100011010010000010011010001011110000101111101101000000001010001010010110000001010100100010101100010000000101000100000000110100101001010001100100010010011001000100010100010101001010001100001111010111110010
000000000000000000000
000000000000000000000
000000000000000000000
000000000000000000000
000000000000000000000
000000000000000000000
000000000000000000000
000000000000011000000
000000010100110100000
000000101111011110000
000110010100000101000
000001011101000010000
000001101000010100000
000000111111001000000
000000000111110000000
000000000001100000000
000000000111000000000
000000000010000000000
000000000000000000000
000000000000000000000
000000000000000000000
#
It:1:Diff:58:PSOStep:7:Time:0.27058426:s:AutomataStep:7:Transition:00010011110011101111001111010011110111101000010110100111100001000100110011110101100100000001100001100100111000100110011010011101100011101010010100000001101011110100001100001010001101001010101110011010000111110111100000010110111011101001001001000111001101110110000000110100010100101100100011101000110010110001001011010001000010111010100011110000101111101111101000001000111010110111100001110110101000001001010000001100010100100011110001000010101111001110010110011101000101110100011101001110101100000111110111010110
000000000000000000000
000000000000000000000
000000000000000000000
000000000000000000000
000000000111000000000
000000000100100000000
000000001001100000000
000000111110110000000
000000001111001000000
000000011101101100000
000111100100100101000
000011001000000110000
000000010101111100000
000000011101101000000
000000000000110000000
000000001111100000000
000000000111000000000
000000000010000000000
000000000000000000000
000000000000000000000
000000000000000000000
#
It:2:Diff:54:PSOStep:7:Time:0.302152053:s:AutomataStep:7:Transition:00110011111011101011010111110111111101111101010111100101110001010110111011111111000101011001101101111000111010100111011111011101101111110010110111010011101111111111011101101010100101011010101100111011000101111111101010111110111001111001111011011111001110111111110101110111110101101101100111101001111111111011100111110001011101111010100111111111101111101111111010111011111011110111100111110111101011111111110101111101011100111011111111010111111111110111010110111011011101111110111101101101101100101111110111111111
000000000000000000000
000000000000000000000
000000000000000000000
000000000010000000000
000000000111000000000
000000001111100000000
000000011111110000000
000000111111111000000
000001111011110000000
000011100111110000000
000111010111111100000
000011100111000000000
000000011111111110000
000000001111111110000
000000000011110100000
000000000011001000000
000000000000000111000
000000000000000011000
000000000000000000000
000000000000000000000
000000000000000000000
#
It:3:Diff:24:PSOStep:7:Time:0.341624551:s:AutomataStep:7:Transition:00110001111111101011011111111111111101111111110101100101110001100110000111111111000101111001001001111110101111100110010111011110101111110010110111010011101110111111011101101010100101101110001101111101001101111111101010111110110111111011111111010111001110110110110101110101110111101101100111110011111110111111101111110001011101111110111111011111101111001111110010111111111011111101110101111110101010111111110101111101011110111011111110011111111011110111010110110111011101110111111101100101100100111111110111111111
000000000000000000000
000000000000000000000
000000000000000000000
000000000010000000000
000000000111000000000
000000001001100000000
000000011111110000000
000000101111111000000
000001111111111100000
000010011001111110000
000100111101111111000
000011110110011000000
000001101111111100000
000000111111101000000
000000010101110000000
000000001110000000000
000000000111000000000
000000000010000000000
000000000000000000000
000000000000000000000
000000000000000000000
#
It:25:Diff:23:PSOStep:7:Time:1.061843089:s:AutomataStep:7:Transition:00110000111101101011011110111111110101111001010100100101110001010110000011111111000101111001001001111100111111100110010110011010101111110010110111010011101111111111011101101010100101101110000100111101011101111111101000111110110011111001111011000111101100110100110101110101100100100101100111100001111110111011100111110001011100111010100111011111101111001111111000110111111011110101110101111110101010111111110100111101011000111011111110010111101011110111010010111111010101010111111100100111100100011111110111111111
000000000000000000000
000000000000000000000
000000000000000000000
000000000010000000000
000000000111000000000
000000001001100000000
000000011011110000000
000000101111111000000
000001110011111100000
000010101101111110000
000100111101111111000
000010111001111000000
000001111101111100000
000000111111100000000
000000010101110000000
000000001110000000000
000000000111000000000
000000000010000000000
000000000000000000000
000000000000000000000
000000000000000000000
#
It:47:Diff:22:PSOStep:7:Time:1.776871249:s:AutomataStep:7:Transition:00110011111111101011001111111011111101111111010100100111111001010110110011111111001101111101001001111100111010100111011110011110101111110010110111010011101111111111001101101010100101101110000111111101010101111111101000111110111111111001111011010111001110110110110101110111100101100101100111110000111010111011101101110000011100111010100111011111101010001111111110010001111011110111110111111110101110011111110100101111011100111011011110010111111011111111010010110111010101010111110100100111100100011111111111111111
000000000000000000000
000000000000000000000
000000000000000000000
000000000010000000000
000000000111000000000
000000001011100000000
000000011111110000000
000000101101111000000
000001101101111100000
000010011111111110000
000110101110111111000
000011110111011010000
000001110101110100000
000000111111111000000
000000011111110000000
000000001110100000000
000000000111000000000
000000000010000000000
000000000000000000000
000000000000000000000
000000000000000000000
#
It:63:Diff:20:PSOStep:7:Time:2.296389572:s:AutomataStep:7:Transition:00110000111110101011010111111111111101111111110111100101111001110010001011111111000101101100001001111100111011100111010110011111101111111010111111110011101110111111111101100010100101001010011110111101111101111111101000111110110101111011111111111111001111110110110101110101100101101101100111111001111011101111101101100100011101111000101101011111101111101111111010110101111111110111100101111110101110110111110100111101111101111011001110011111111011111111010110110111110101010111111101100101100100011111111111111111
000000000000000000000
000000000000000000000
000000000000000000000
000000000010000000000
000000000111000000000
000000001001100000000
000000011111110000000
000000101011111000000
000001011111111100000
000010111011111110000
000110111111111111000
000011111111111110000
000001111111111100000
000000101111111000000
000000011111110000000
000000001111100000000
000000000111000000000
000000000010000000000
000000000000000000000
000000000000000000000
000000000000000000000
#
It:67:Diff:19:PSOStep:7:Time:2.43504421:s:AutomataStep:7:Transition:00110011111111101011011111111111110100111111110101100111111001110110110111111111010101111111001100111100111011100111010110011001101111111010110111110011101110101111011101100010100101001111011101111111001101111111101010111110110111111011111011011111001100110110110100110101100111101101100111110010111101101111101111110001011111111010101111111111101111101111111010110111111011011111100101111111101110011111110111111101111110111011011110110111101111111111010110110011110101010111111101000101100100111101111111111111
000000000000000000000
000000000000000000000
000000000000000000000
000000000010000000000
000000000111000000000
000000001111100000000
000000011011110000000
000000111011111000000
000001101001111100000
000011101011111110000
000110111011111111000
000000110111111110000
000001111111111100000
000000001111111000000
000000011111110000000
000000000011100000000
000000000111000000000
000000000010000000000
000000000000000000000
000000000000000000000
000000000000000000000
#
It:98:Diff:13:PSOStep:7:Time:3.44683867:s:AutomataStep:7:Transition:00110010111111101111010111111111111111111110110111100101110111110000111011111111110101111111001101011110111011111110011111111110101111110011111100011011111110111110001001101010101101111111011110111101011101111111101011101110100001011010111111010111001010110111110101110100110011101100101110101001111111111001101101110111111101111010111101011111001110100101111010110111111111101110110111101011011110101111110100111101111111111011101110110011111111110111110110101011110101110111011101101101110101111111011111111111
000000000000000000000
000000000000000000000
000000000000000000000
000000000010000000000
000000000111000000000
000000001111100000000
000000011011110000000
000000111111111000000
000001111101111100000
000011111111111110000
000110111101111111000
000010110111111010000
000001101111111100000
000000101111101000000
000000011111110000000
000000001010100000000
000000000111000000000
000000000010000000000
000000000000000000000
000000000000000000000
000000000000000000000
end
