PSO TRACE
INIT:../../instances/fazia/init.csv
REF:../../instances/fazia/asm3.csv
DecodingPolicy:CPP2:CDLE2
MutationPolicy:Repr
ParticleNeighborhood:Fixed
ParticleDims:515
ParticleCount:100
AccP:2.0
AccG:2.0
AccL:1.5
AccI:2.3
Pos:0.0-3.0
Inertia:0.9-0.6
VeloMax:2.0
MaxPSOIteration:500
InertiaDecrFactor:6.000000000000001E-4
INIT
000000000000000000000
000000000000000000000
000000000000000000000
000000000000000000000
000000000000000000000
000000000000000000000
000000000000000000000
000000000000000000000
000000000000000000000
000000000000000000000
000000000010000000000
000000000000000000000
000000000000000000000
000000000000000000000
000000000000000000000
000000000000000000000
000000000000000000000
000000000000000000000
000000000000000000000
000000000000000000000
000000000000000000000
REF
000000000000000000000
000000000000000000000
000000000000000000000
000111111111111111000
000011000011011110000
000111011110111101000
000000110111100010000
000111101011011111000
000010011111010110000
000111101110110001000
000001011001011110000
000111111110111111000
000011100010101010000
000111110011101101000
000000110011101110000
000111101110011111000
000010010101110110000
000111001100110011000
000000000000000000000
000000000000000000000
000000000000000000000
Classic CPP Decoder
0 :1,2,3,4,
1 :0,2,3,4,
2 :0,1,3,4,
3 :0,1,2,4,
4 :0,1,2,3,
5 :6,7,8,9,
6 :5,7,8,9,
7 :5,6,8,9,
8 :5,6,7,9,
9 :5,6,7,8,
10 :11,12,13,14,
11 :10,12,13,14,
12 :10,11,13,14,
13 :10,11,12,14,
14 :10,11,12,13,
15 :16,17,18,19,
16 :15,17,18,19,
17 :15,16,18,19,
18 :15,16,17,19,
19 :15,16,17,18,
20 :21,22,23,24,
21 :20,22,23,24,
22 :20,21,23,24,
23 :20,21,22,24,
24 :20,21,22,23,
25 :26,27,28,29,
26 :25,27,28,29,
27 :25,26,28,29,
28 :25,26,27,29,
29 :25,26,27,28,
30 :31,32,33,34,
31 :30,32,33,34,
32 :30,31,33,34,
33 :30,31,32,34,
34 :30,31,32,33,
35 :36,37,38,39,
36 :35,37,38,39,
37 :35,36,38,39,
38 :35,36,37,39,
39 :35,36,37,38,
40 :41,42,43,44,
41 :40,42,43,44,
42 :40,41,43,44,
43 :40,41,42,44,
44 :40,41,42,43,
45 :46,47,48,49,
46 :45,47,48,49,
47 :45,46,48,49,
48 :45,46,47,49,
49 :45,46,47,48,
50 :51,52,53,54,
51 :50,52,53,54,
52 :50,51,53,54,
53 :50,51,52,54,
54 :50,51,52,53,
55 :56,57,58,59,
56 :55,57,58,59,
57 :55,56,58,59,
58 :55,56,57,59,
59 :55,56,57,58,
60 :61,62,63,64,
61 :60,62,63,64,
62 :60,61,63,64,
63 :60,61,62,64,
64 :60,61,62,63,
65 :66,67,68,69,
66 :65,67,68,69,
67 :65,66,68,69,
68 :65,66,67,69,
69 :65,66,67,68,
70 :71,72,73,74,
71 :70,72,73,74,
72 :70,71,73,74,
73 :70,71,72,74,
74 :70,71,72,73,
75 :76,77,78,79,
76 :75,77,78,79,
77 :75,76,78,79,
78 :75,76,77,79,
79 :75,76,77,78,
80 :81,82,83,84,
81 :80,82,83,84,
82 :80,81,83,84,
83 :80,81,82,84,
84 :80,81,82,83,
85 :86,87,88,89,
86 :85,87,88,89,
87 :85,86,88,89,
88 :85,86,87,89,
89 :85,86,87,88,
90 :91,92,93,94,
91 :90,92,93,94,
92 :90,91,93,94,
93 :90,91,92,94,
94 :90,91,92,93,
95 :96,97,98,99,
96 :95,97,98,99,
97 :95,96,98,99,
98 :95,96,97,99,
99 :95,96,97,98,
#
It:0:Diff:111:PSOStep:6:Time:2.959505664:s:AutomataStep:6:Transition:00101110011111111111101111111110111101111111111111110110111111100011111111111101111011111111011001110110100111101111111100111111111100101011011110111111111111101111001111011111111111100111111111101011000011111111111101111111101101111111111111111111101100111111100011001011111101111111010111111111110111011011011011110111111110111011110111111111101111111011111111100110111111101001110111110111111111011111110111111111111111011001101111011101111111110110110111111011010111110111111111111111111111010110011111110111
000000000000000000000
000000000000000000000
000000000000000000000
000000000000000000000
000000000000000110000
000000000000011100000
000000000001011010000
000000001111110110000
000000010111111010000
000001111111111100000
000001111111111010000
000001111111111110000
000000111111111010000
000000011011111100000
000000000001011010000
000000000111110110000
000000000011001110000
000000000000000000000
000000000000000000000
000000000000000000000
000000000000000000000
#
It:1:Diff:78:PSOStep:7:Time:3.713697164:s:AutomataStep:7:Transition:01111101111111111111111111111111111111111111101111111110111101101111111101111001111011111111111111010101111111110111110101011111101111101110011011111111101110111110101110110111111111111110101110111110001011111111110101111111111111111110111111001110011100111101111101111101111011111111111111111111111111011001111101111111111110110111111111111110111111111111110111111111111111101111111111110111111111111111111100111111111111101111111110111111111011000111110111111111111111111111111111101111111111111111111111100110
000000000000000000000
000000000000000000000
000000000000000000000
000111011101110111000
000111111111111111000
000111111111111111000
000000111110011111000
000111111111111111000
000111000011111111000
000111110111111111000
000001111010111111000
000111111011111111000
000111110111001111000
000110111111101111000
000001010111111111000
000111110111101111000
000110111110111111000
000111111111111111000
000000000000000000000
000000000000000000000
000000000000000000000
#
It:2:Diff:75:PSOStep:7:Time:4.49374349:s:AutomataStep:7:Transition:01111101111111111101111111111111111111111011110101111110111101101111111101111011111111111111111111011101110111100111110001011101101111111110011011011011111110110110111111110111111111111110111110011110101011011111111001111110111111011110111111011111111101111101011100111111111011111110111111111011111111011101111001111111101111111111111111101110110111111111111111111011111111101111111111111111111111110110110100111101111111101111101100111111110111110111110110111111111111111111111111111111111111111111111111100111
000000000000000000000
000000000000000000000
000000000000000000000
000111011101110111000
000111111111111111000
000111011111011111000
000001100111111111000
000111111111111111000
000110111111101111000
000111111111111111000
000001111111111111000
000111111111111101000
000110101101101111000
000111111111111101000
000001111111111111000
000111110101011101000
000110111011011111000
000111111111111111000
000000000000000000000
000000000000000000000
000000000000000000000
#
It:4:Diff:71:PSOStep:7:Time:5.889557388:s:AutomataStep:7:Transition:01111101011111011111111110111011111101110110101111111111111111111111111011101011110100111011011111010110011111110111111001111110101101011110111011011110111110111100111111110101111111111110101101111111111011110110010101010111001101111110111110000000111110101101110111111101101111111101111010111110111111011001101101001111101111110101111111101111101111001010110011111111111111101111111111101011110101100110110111111111111101110111100111111111111111110111111111111111011111110111111111011111111111111111111011100111
000000000000000000000
000000000000000000000
000000000000000000000
000111011101110111000
000011111111111111000
000111111111111011000
000011110110011110000
000111111011110011000
000011111110111111000
000111101111111011000
000011111011101110000
000111111110111111000
000011011111101111000
000111010011111011000
000011110111111110000
000111111111101111000
000010111111011011000
000111100011011011000
000000000000000000000
000000000000000000000
000000000000000000000
#
It:7:Diff:70:PSOStep:7:Time:7.617645911:s:AutomataStep:7:Transition:01111111111111111111111111111111111101111111111111111101111111111111111111111011111110111111111111011111011111110111111101111111111111011110111111111111111110111111111111111111111111111111101101111110011010110111111101011111011101111110111110111100111111111101111111111101111011101111100111111111111111011011111111111111101111110111111111111111111111110110110111111111111111101111111101111111111111110100110110111111111101110111111111111111111111110111111011111111011101111111111111101111111111111111111011100111
000000000000000000000
000000000000000000000
000000000000000000000
000111111111111111000
000111111111111111000
000111111111110111000
000101011111011100000
000111111101101111000
000111111111111111000
000111111111110111000
000101101011111100000
000111111111011011000
000111111111101111000
000111101110111111000
000101110111100110000
000111101110111111000
000110011101100101000
000111011101110111000
000000000000000000000
000000000000000000000
000000000000000000000
#
It:16:Diff:67:PSOStep:7:Time:12.948815486:s:AutomataStep:7:Transition:01111111011111010111111111111111111101111111111101111111111111111111111111111011010110111011111111011111111111111011111101111110111111011110111011111110111110111101111111110111111111111111101100111110111000011110111100001111011001011110111110111110111111101101111111111101111011101111100111111111111111011011101101111111111111110111111110111111111111111110110111111111111111101111111101101111111111010100110110111111011101111111111111111111110111110111110011111111011000111111110111101111111111111111111111100011
000000000000000000000
000000000000000000000
000000000000000000000
000111111111111111000
000011111111111111000
000101101010011111000
000001111111111110000
000110111111101111000
000001111111111111000
000111111111101111000
000011111111111110000
000111111011111111000
000011111111111111000
000101111011101111000
000001110111111110000
000110111011011111000
000001110101010101000
000111011101110111000
000000000000000000000
000000000000000000000
000000000000000000000
#
It:44:Diff:66:PSOStep:7:Time:29.254595526:s:AutomataStep:7:Transition:01111111011011110111111110111110111101111111111101111100111011111111111011111001010010111011010101011011111111000011110100111111101011011110111011111010111100101111111101010111111011110110100100111010101100100110110100101111011001011110101110001100001011111101101101111110011011101101100111111110111111011010100111100111011111110111111111111111011110011110110011101110111011101111111101101111111110000100110110111111011001110111111110101111111111110111110011111011011100111111110111101110111111111101110111100011
000000000000000000000
000000000000000000000
000000000000000000000
000111111111111111000
000000111011101111000
000110011100111111000
000000110111101110000
000111111111111111000
000000010001110011000
000111110110010011000
000001011111111100000
000111011110100111000
000001111011111111000
000111101111111111000
000001101110111110000
000110101001110111000
000001010101010101000
000111011101110111000
000000000000000000000
000000000000000000000
000000000000000000000
#
It:52:Diff:58:PSOStep:7:Time:33.834571589:s:AutomataStep:7:Transition:01111101011011011111101110111011011101110111111001111101111011111111101101111001011111111011010111011010011111100011111101111111101001111110111011010011011100111111101111011110101011110010101100111010111100111111110101111111011100011110111111010100001111111101111111111111111010101100100101111111111111011010100111100011101111111111111110111111000101111111111111111111011011101110111001111111110110101100100110111111111101110111111110101111111111110111010011111011111101111101111101101101101111011111111011100110
000000000000000000000
000000000000000000000
000000000000000000000
000111011101110111000
000011110010111110000
000110011111101011000
000000100111100110000
000111111011111111000
000001111101111110000
000111010010111111000
000001101101011110000
000111001110111111000
000001101010001110000
000111011011111111000
000001111011111110000
000110111100110111000
000001111001110110000
000111011101110111000
000000000000000000000
000000000000000000000
000000000000000000000
#
It:71:Diff:52:PSOStep:7:Time:44.903794916:s:AutomataStep:7:Transition:01111101011101011111110110111011011101110111101001111111111011111111101101101001110111111011010111011011010111000111111100111111101111111110111011011010011100111111101111011110111011111110101100111010111100111111010101110111011111011110011111111100011111111111101111111110111010101101000101011011011111011110101111000011111111100111111111111111110111111111111111111111111111011010111101111111110110111100100110011111111101111111101110001111111110010110010011111111100101111111111111101101101111111111110011100101
000000000000000000000
000000000000000000000
000000000000000000000
000111011101110111000
000011110010111110000
000110111111100111000
000000101010101010000
000111101111111111000
000010110111010110000
000110111110011111000
000000111011001110000
000111111111111111000
000011001000101010000
000111111111111111000
000001011101111110000
000111111110111111000
000010011101110110000
000111011101110111000
000000000000000000000
000000000000000000000
000000000000000000000
#
It:231:Diff:49:PSOStep:7:Time:125.769314876:s:AutomataStep:7:Transition:01111111011111011111111100111011001101111111111001111101111011111111101101111001111111111111110111011011011111001011111101111111101100111110111011011011111100111111111111011110101011111110101100111111111110111110010101111111011111011110001110111100011101111101111111110111100010101101100101011111111111011110100111111011111111101100111111111111100101111111111011111111111111001000110101101111100110101110110110011111111001111111101110101111110011110111110011111111100101111101111101101001101111011110111110100111
000000000000000000000
000000000000000000000
000000000000000000000
000111111111111111000
000001011101110110000
000111111111111111000
000001110111011110000
000111111111111111000
000001011111000110000
000111111111111111000
000001111101111110000
000111111111111111000
000001110111110110000
000111111111111111000
000001110011111110000
000111111110111111000
000010011101110110000
000111011101110111000
000000000000000000000
000000000000000000000
000000000000000000000
end
