PSO TRACE
INIT:../../instances/fazia/init.csv
REF:../../instances/fazia/asvn2.csv
DecodingPolicy:CPPNot
MutationPolicy:Std10
ParticleNeighborhood:Fixed
ParticleDims:515
ParticleCount:100
AccP:2.0
AccG:2.0
AccL:1.5
AccI:2.3
Pos:0.0-3.0
Inertia:0.9-0.6
VeloMax:2.0
MaxPSOIteration:250
InertiaDecrFactor:0.0012000000000000001
INIT
000000000000000000000
000000000000000000000
000000000000000000000
000000000000000000000
000000000000000000000
000000000000000000000
000000000000000000000
000000000000000000000
000000000000000000000
000000000000000000000
000000000010000000000
000000000000000000000
000000000000000000000
000000000000000000000
000000000000000000000
000000000000000000000
000000000000000000000
000000000000000000000
000000000000000000000
000000000000000000000
000000000000000000000
REF
000000000000000000000
000000000000000000000
000000000000000000000
000000000010000000000
000000000101000000000
000000001000100000000
000000010100010000000
000000100010001000000
000001010001000100000
000010001010101010000
000100010001000101000
000010001000100010000
000001000100010100000
000000100010001000000
000000010001010000000
000000001000100000000
000000000101000000000
000000000010000000000
000000000000000000000
000000000000000000000
000000000000000000000
Classic CPP Decoder + Not Test
0 :1,2,3,4,
1 :0,2,3,4,
2 :0,1,3,4,
3 :0,1,2,4,
4 :0,1,2,3,
5 :6,7,8,9,
6 :5,7,8,9,
7 :5,6,8,9,
8 :5,6,7,9,
9 :5,6,7,8,
10 :11,12,13,14,
11 :10,12,13,14,
12 :10,11,13,14,
13 :10,11,12,14,
14 :10,11,12,13,
15 :16,17,18,19,
16 :15,17,18,19,
17 :15,16,18,19,
18 :15,16,17,19,
19 :15,16,17,18,
20 :21,22,23,24,
21 :20,22,23,24,
22 :20,21,23,24,
23 :20,21,22,24,
24 :20,21,22,23,
25 :26,27,28,29,
26 :25,27,28,29,
27 :25,26,28,29,
28 :25,26,27,29,
29 :25,26,27,28,
30 :31,32,33,34,
31 :30,32,33,34,
32 :30,31,33,34,
33 :30,31,32,34,
34 :30,31,32,33,
35 :36,37,38,39,
36 :35,37,38,39,
37 :35,36,38,39,
38 :35,36,37,39,
39 :35,36,37,38,
40 :41,42,43,44,
41 :40,42,43,44,
42 :40,41,43,44,
43 :40,41,42,44,
44 :40,41,42,43,
45 :46,47,48,49,
46 :45,47,48,49,
47 :45,46,48,49,
48 :45,46,47,49,
49 :45,46,47,48,
50 :51,52,53,54,
51 :50,52,53,54,
52 :50,51,53,54,
53 :50,51,52,54,
54 :50,51,52,53,
55 :56,57,58,59,
56 :55,57,58,59,
57 :55,56,58,59,
58 :55,56,57,59,
59 :55,56,57,58,
60 :61,62,63,64,
61 :60,62,63,64,
62 :60,61,63,64,
63 :60,61,62,64,
64 :60,61,62,63,
65 :66,67,68,69,
66 :65,67,68,69,
67 :65,66,68,69,
68 :65,66,67,69,
69 :65,66,67,68,
70 :71,72,73,74,
71 :70,72,73,74,
72 :70,71,73,74,
73 :70,71,72,74,
74 :70,71,72,73,
75 :76,77,78,79,
76 :75,77,78,79,
77 :75,76,78,79,
78 :75,76,77,79,
79 :75,76,77,78,
80 :81,82,83,84,
81 :80,82,83,84,
82 :80,81,83,84,
83 :80,81,82,84,
84 :80,81,82,83,
85 :86,87,88,89,
86 :85,87,88,89,
87 :85,86,88,89,
88 :85,86,87,89,
89 :85,86,87,88,
90 :91,92,93,94,
91 :90,92,93,94,
92 :90,91,93,94,
93 :90,91,92,94,
94 :90,91,92,93,
95 :96,97,98,99,
96 :95,97,98,99,
97 :95,96,98,99,
98 :95,96,97,99,
99 :95,96,97,98,
#
It:0:Diff:44:PSOStep:7:Time:0.280145118:s:AutomataStep:7:Transition:00110000000001000000100101000000000001110000010000000101100111000000001100001000100111010000100000101011011000010000000010000000010001101000000000000110100010011000000000000000000100010100001000010001001000011000010100001000000000000001110001010111001010110001010001001000100010000000001010101000000000100001100011000001010000000101000100000011000000000010000001000100000011000000000000001010000010000000000111001000000000101010101101000100010000000100000000001100000010100000001010100110100100000110010000100000
000000000000000000000
000000000000000000000
000000000000000000000
000000000010000000000
000000000000000000000
000000000000000000000
000000000000000000000
000000000000000000000
000000000000000000000
000000000000000000000
000000000000000000000
000000000000000000000
000000000000000000000
000000000000000000000
000000000000000000000
000000000000000000000
000000000000000000000
000000000000000000000
000000000000000000000
000000000000000000000
000000000000000000000
#
It:5:Diff:43:PSOStep:2:Time:0.542948609:s:AutomataStep:2:Transition:10110000000100100000000000100000000001001000001000000010001000101001011010000010100111000000000000001010010000010010000010100000010000101000000000000000000000001010000000000000000000000000000000001001010001000000010000001010010000010001100000000000001010100001010100001000010000000000000010000000000101100011100000001000010001000001000101000100000000000000000000001100001100000000000001000000000000000000000000001010001000000000100000100100011000010000100000001100100000100001000000101000100000001110000000100000
000000000000000000001
000000000000000000000
000000000000000000000
000000000000000000000
000000000000000000000
000000000000000000000
000000000000000000000
000000000000000000000
000000000010000000000
000000000010100000000
000000000000000000000
000000001000000000000
000000000100000000000
000000000000000000000
000000000000000000000
000000000000000000000
000000000000000000000
000000000000000000000
000000000000000000000
000000000000000000000
000000000000000000000
#
It:6:Diff:41:PSOStep:3:Time:0.600824004:s:AutomataStep:3:Transition:00110000000110100000000000000100101001000000000000000000000000000001101000100000100100000000000000000010010000010010000100001001011001101000000000010100100001010000010000000000000000100000110100000001010000000000010000100000000000010001111000110001010000101000110000100000000010100010001000000000100000000001000010001001010000000001000100000010001000000000000001101100001000000000000001000010000001000001010000000000001001100011101000001100010000010100100000001100100000100100100000000000000000001010100000101000
000000000000000000000
000000000000000000000
000000000000000000000
000000000000000000000
000000000000000000000
000000000000000000000
000000000000000000000
000000000010000000000
000000000001000000000
000000000010100000000
000000000000100000000
000000000000100000000
000000000000010000000
000000000000010000000
000000000000000000000
000000000000000000000
000000000000000000000
000000000000000000000
000000000000000000000
000000000000000000000
000000000000000000000
#
It:11:Diff:37:PSOStep:7:Time:0.822127283:s:AutomataStep:7:Transition:00110000000010000000000000000010100011000000000000010100000000000001100101000000000100010100000000000010010000010010000100011100010100100010000010000100110011010110000001100010000000011000110010010000010000111100010001000101000100000001001000010011010000110001000100100001000000100000000010000000000000011101010010001000000010000001000000000000111000000100010100100000001100000000001000000000010000000100000100000001001011100001001000001110010000100100100000001000100000110010100100000100000000000010100001100000
000000000000000000000
000000000000000000000
000000000000000000000
000000000010000000000
000000000001000000000
000000000000100000000
000000000000010000000
000000000000001000000
000000000000000100000
000000000000000010000
000000000000000001000
000000000000000000000
000000000000000000000
000000000000000000000
000000000000000000000
000000000000000000000
000000000000000000000
000000000000000000000
000000000000000000000
000000000000000000000
000000000000000000000
#
It:17:Diff:31:PSOStep:7:Time:1.079955068:s:AutomataStep:7:Transition:00110010101111100100000000000010100011110000100000000100000011010001100111000000000101010101110000100010010010000010000101000111011110101101010010000100100011010011100001101010000001010000000010110000001000001101010001100001000110010111001000011001010000110000101100100011001010110100100000010100100000010101101010001000100001001000010000001000100000100101010010101100011100000000000000110000010001100011100100000101001010101011101011001111110000010100001000001100110000100010010100101101100000001110000001100010
000000000000000000000
000000000000000000000
000000000000000000000
000000000010000000000
000000000101000000000
000000001000100000000
000000010001010000000
000000100000001000000
000001000000110100000
000010001000000010000
000100010000100101000
000000000001000000000
000000000000010000000
000000000000000000000
000000000000000000000
000000000000000000000
000000000000000000000
000000000000000000000
000000000000000000000
000000000000000000000
000000000000000000000
#
It:37:Diff:30:PSOStep:7:Time:1.979715069:s:AutomataStep:7:Transition:00110000100111100100000000000010101011100000100000010100001011010001000100000000000101010101110000000010000000010000000000100001001110100000010110000100100011010111100001101010000000010000000010100000000000001101010001100010000110000001000000011111010000110000101000101011000010111110100100000000100000010001101010001000010001001000010000000000000000100100010010100100010100000000000000100011010001100001100100000101000001100110100110001101111000110100001100001100100000110010010100101100100000001110000001100010
000000000000000000000
000000000000000000000
000000000000000000000
000000000010000000000
000000000101000000000
000000001000100000000
000000000100010000000
000000101110001000000
000001010001000100000
000010000000100010000
000101000000010001000
000000000000000000000
000000000000000000000
000000000000000000000
000000000000000000000
000000000000000000000
000000000000000000000
000000000000000000000
000000000000000000000
000000000000000000000
000000000000000000000
#
It:42:Diff:26:PSOStep:7:Time:2.207835667:s:AutomataStep:7:Transition:00110000100111100000000000000011100001100010000000000000101011010001000101001000000101010001110000100010001000010000000010100000001000100000010011000100100011111110100010001010000001011000110010000000000000000000010101100010100000000001000001110111010000110000100000001001000010001010000000000000100000010001001001011000010001001000001100000000000000100000000000001100001001001000000000000010010001000000000100000101000000100001000011001001011000010100000000000100100000110100000100101100100000001110000101100000
000000000000000000000
000000000000000000000
000000000000000000000
000000000010000000000
000000000101000000000
000000001010100000000
000000010000000000000
000000100000001000000
000001000001000100000
000010000010101010000
000100010001000001000
000000000000000000000
000000000000000000000
000000000000000000000
000000000000000000000
000000000000000000000
000000000000000000000
000000000000000000000
000000000000000000000
000000000000000000000
000000000000000000000
#
It:65:Diff:23:PSOStep:7:Time:3.201131951:s:AutomataStep:7:Transition:00110010100011000010000100000010111100100000110001010111101001010001000101001010000100110100100000100010101010100000000010000001101000000000010111000110100000011110101001001010000001011000100001100000000101001100011101100010000010000010000010110110110000110000000100110101000010011100100000100010101000000101111011001000000001101001001100000010100000000010000000000001000101001001101000010110010101000001110100001001101001101001110111000001011000010100000000001100011000100110110100111000100000001110010101100010
000000000000000000000
000000000000000000000
000000000000000000000
000000000010000000000
000000000101000000000
000000001000100000000
000000010100010000000
000000100000001000000
000001010010000100000
000010000011101010000
000101011010010011000
000010000100100010000
000001010111100100000
000000100001001000000
000000010100010000000
000000001000100000000
000000000101000000000
000000000010000000000
000000000000000000000
000000000000000000000
000000000000000000000
#
It:82:Diff:20:PSOStep:7:Time:3.953396603:s:AutomataStep:7:Transition:00110000110011000000000000000100111111100000110001001110101000000001000111011010010100001000000000001000110010100000000000000000100000000101000100000010100000011110100001100000000001011000100010110000010001001000111101100010000000010010000001110110010000010001000100101001000000101000100000100110100000001001110011010000010011011001000100100001100001010000001000000000000101001001101000110010010100000001010101011000100001100000110110000000010000010000000000000100010110010100000000101000101000000110000101000010
000000000000000000000
000000000000000000000
000000000000000000000
000000000010000000000
000000000101000000000
000000001000100000000
000000010100010000000
000000100010001000000
000001010001000100000
000011100010010010000
000101000010100101000
000010010001000010000
000001010000000100000
000000110000001000000
000000010001010000000
000000001000100000000
000000000101000000000
000000000010000000000
000000000000000000000
000000000000000000000
000000000000000000000
#
It:83:Diff:19:PSOStep:7:Time:4.031676619:s:AutomataStep:7:Transition:00100000100111100000100100000010101100100000110001010111101011010001000100000010000100101000000000100010111000110000000010000001101110000100010001000101100001010111100001001010000001011000001010110001000001001101010001100011000010000011010001110111010000010000101000100101000010011100000000100100100010000101111001001000000000011100001000000010101000100011000000100101100001000001001100000010010000000101100100011100000001100000100111000011111000010101000100001000100010100010110100101001101000001110100101001100
000000000000000000000
000000000000000000000
000000000000000000000
000000000010000000000
000000000101000000000
000000001000100000000
000000010100010000000
000000100010001000000
000001010101000100000
000010000010000010000
000101011001000101000
000010100001110010000
000001010101000000000
000000100000010000000
000000010000010000000
000000001000000000000
000000000101000000000
000000000010000000000
000000000000000000000
000000000000000000000
000000000000000000000
#
It:112:Diff:15:PSOStep:7:Time:5.413704789:s:AutomataStep:7:Transition:00100000100101100000000100001110100000000000000000000001101001010001000000000010000100010000110000110010110011010010001010000100111000000000010011000101101001011000100001000010000011111000011010000000001001000100011000100010000010000010000001110101010000110000101000001101000000101010000000000000000000010001001001000001010000001100001000000000001101100000000000000100010000000000001000000001010001000001000100010100000000100001000100000111011000010100000000001100000010110000000000001001100000011110100001000100
000000000000000000000
000000000000000000000
000000000000000000000
000000000010000000000
000000000101000000000
000000001010100000000
000000010100010000000
000000101000101000000
000001010001000100000
000010101010101010000
000101010101010001000
000010001000100010000
000001010001000100000
000000100010001000000
000000010100010000000
000000001000100000000
000000000101000000000
000000000010000000000
000000000000000000000
000000000000000000000
000000000000000000000
#
It:187:Diff:12:PSOStep:7:Time:8.643635501:s:AutomataStep:7:Transition:00110000100101100000000100001110101000000000000000000000000011010001000000000000000100110000010000110010101000010000000110000000101001000000010011001111101001011000100001000010000011101100011000000001000101000100011101001001000010000001010001110101010000110000001000010101000000110100000000100000000100010000001000000001010000011000001100000100001000110100000001000100010000000000011100010000010000000001100100011000000000100001000101000111001000010100000000101100000000000000000110001000100000001010100001001100
000000000000000000000
000000000000000000000
000000000000000000000
000000000010000000000
000000000101000000000
000000001000100000000
000000010100010000000
000000100010001000000
000001010001000100000
000010001000100010000
000101010000010001000
000010001000100010000
000001010001000100000
000000100010001000000
000000010100010000000
000000001000100000000
000000000101000000000
000000000010000000000
000000000000000000000
000000000000000000000
000000000000000000000
end
