PSO TRACE
INIT:../../instances/fazia/init.csv
REF:../../instances/fazia/asvn1.csv
DecodingPolicy:Nibble
MutationPolicy:Null
ParticleNeighborhood:EDist
ParticleDims:146
ParticleCount:100
AccP:2.0
AccG:2.0
AccL:1.5
AccI:2.3
Pos:0.0-3.0
Inertia:0.9-0.6
VeloMax:2.0
MaxPSOIteration:500
InertiaDecrFactor:6.000000000000001E-4
INIT
000000000000000000000
000000000000000000000
000000000000000000000
000000000000000000000
000000000000000000000
000000000000000000000
000000000000000000000
000000000000000000000
000000000000000000000
000000000000000000000
000000000010000000000
000000000000000000000
000000000000000000000
000000000000000000000
000000000000000000000
000000000000000000000
000000000000000000000
000000000000000000000
000000000000000000000
000000000000000000000
000000000000000000000
REF
000000000000000000000
000000000000000000000
000000000000000000000
000000000010000000000
000000000111000000000
000000001010100000000
000000011100110000000
000000101001101000000
000001111001111100000
000010111111111010000
000111011111110111000
000000000000000000000
000000000000000000000
000000000000000000000
000000000000000000000
000000000000000000000
000000000000000000000
000000000000000000000
000000000000000000000
000000000000000000000
000000000000000000000
Nibble Decoder
#
It:0:Diff:42:PSOStep:3:Time:0.113136066:s:AutomataStep:3:Transition:00001110010011100010011000100010111001001110111001100010011011001000011000101000110000100100010001001010110001100110010011101110000010100110100001000000100010101110000001000000001000000110000011101100110001001000010000000100110010001100110011001100110010100100111001100100110011100110000010000110111010101010011000001000001001101100010001001000110001100110101001101000000001001000010001001110111000001000001011001000011011001100110001100100111010000010011000000110101000100010101010001000011000001100001010100110
000000000000000000000
000000000000000000000
000000000000000000000
000000000000000000000
000000000000000000000
000000000000000000000
000000000000000000000
000000000000010000000
000000000001010000000
000000000111110000000
000000000011110000000
000000000000000000000
000000000100000000000
000000010000000000000
000000000000000000000
000000000000000000000
000000000000000000000
000000000000000000000
000000000000000000000
000000000000000000000
000000000000000000000
#
It:8:Diff:40:PSOStep:2:Time:0.905756272:s:AutomataStep:2:Transition:00101000101000000010001000101110111010000110111011100110111000100110001001101110100011101100011001101100111010101010110011001110001011101110111000101110111011101110110001101000001001001100001010100100011001100100011010000010101011101000110000000110100000000110010010001110111001001010100011100110001010000100101000001110011001100000111000000000001001101100111001000010110011101010111001101000110011101110110001101000101011100010110000100110110011000010000010100110000000001110000011100000001001000010111001000110
000000000000000000000
000000000000000000000
000000000000000000000
000000000000000000000
000000000000000000000
000000000000000000000
000000000000000000000
000000000000000000000
000000000000100000000
000000000111100000000
000000001111100000000
000000000000000000000
000000000000000000000
000000000000000000000
000000000000000000000
000000000000000000000
000000000000000000000
000000000000000000000
000000000000000000000
000000000000000000000
000000000000000000000
#
It:17:Diff:38:PSOStep:5:Time:1.928113603:s:AutomataStep:5:Transition:01100110101010100000101000101110110011100110111011100000101011100110011001101000100011101110100001100000100011101010111000001110011010000010110010001010000011101100111011100100111010100100011001001010111001000010011001100000101011100110011010000000100010000000100001100000000011101010011010101100000011101110011011100100011010100110101000000100101010101010111010100010100000000100111001101110111010001110010011001000111000101010010010100110101000000000010001000000111001000110111001101110100001101000101001100110
000000000000000000000
000000000000000000000
000000000000000000000
000000000000000000000
000000000000000000000
000001100110000000000
000001001100000000000
000000001001100000000
000000011011100000000
000000000011111000000
000000000000010100000
000000000000000000000
000000000000000000000
000000000000000000000
000000000000000000000
000000000000000000000
000000000000000000000
000000000000000000000
000000000000000000000
000000000000000000000
000000000000000000000
#
It:22:Diff:35:PSOStep:6:Time:2.475560049:s:AutomataStep:6:Transition:00100000110011100100111011101110001011000000111011100000000000100000100000001110001000001110100000000000111000001000111010101110000010001010010000101000100011100010111010101110110011100010001000101110111011101110001000000000100011100000000001100000000001100000011000000110000010101110000011100110011011101100000011101110000010000000100000101110111011100110110011100010011000000000111000001110111010001110100011001110111011001110110000000000010010101100111000001000000011000000110000000100001000000000110000000000
000000000000000000000
000000000000000000000
000000000000000000000
000000000000000000000
000000000010000000000
000000000010000000000
000000001000100000000
000000000001110000000
000000000001101000000
000000101100101000000
000010000010000000000
000000000000000000000
000000000000000000000
000000000000000000000
000000000000000000000
000000000000000000000
000000000000000000000
000000000000000000000
000000000000000000000
000000000000000000000
000000000000000000000
#
It:25:Diff:32:PSOStep:7:Time:2.853493162:s:AutomataStep:7:Transition:00100110101011101100111011101110110001001000111011100000101001100010001001100110111001001110010001101010011010101010110000101000011000001100111011101100100001001110101011101100111011001110110001101110111011101100011001100110001011100110011001100100011011100110011011100100010000001110110000100110011001000000011010101110011000101000111001001110111011101010010001001100010001101100111001100100000011101110110011101010111001001100101000100110000011101010001001101000010001101000110001101000110000101010110000000110
000000000000000000000
000000000000000000000
000000000000000000000
000000000010000000000
000000000111000000000
000000000001100000000
000000011100110000000
000000001101111000000
000000010111111100000
000000000000010110000
000110000111000111000
000001101111000000000
000000000000000000000
000000000000000000000
000000000000000000000
000000000000000000000
000000000000000000000
000000000000000000000
000000000000000000000
000000000000000000000
000000000000000000000
#
It:32:Diff:31:PSOStep:7:Time:3.72483554:s:AutomataStep:7:Transition:00100100111011101110111011101110100011100010111011100010010001000010101011000010001011101110110011100100001000101110111010001010011010001010111011101000001010100000000000000100010000000010001001101110111011101000001010000100010011100010001001001110110010100000110010100110010001001100001011100010010011100000001011001110100000100010101000001110111011101110000011100110101001100010111000100010010001001110101010100000111010000100001001100010101011100100010000000010111011001000011010001110001001000110111010000010
000000000000000000000
000000000000000000000
000000000000000000000
000000000010000000000
000000000011000000000
000000000001000000000
000000011100110000000
000000011010101000000
000001011011100100000
000000010110001010000
000111100100110011000
000000001111010100000
000000000000000000000
000000000000000000000
000000000000000000000
000000000000000000000
000000000000000000000
000000000000000000000
000000000000000000000
000000000000000000000
000000000000000000000
#
It:46:Diff:25:PSOStep:7:Time:5.785113835:s:AutomataStep:7:Transition:00100010111011101110111011101110100011100010111011100010001011100010110010000110100011101110110001100010001000101110111000001110001000101010111011100000001011000000000011100010110000101100001000001110101011101100001011000100111010100010001001101110001011100010001011100110000010100000001010101100111011101100001000001110001010000010011011001110111010001110001011100010000011000010001000101110110011000010110011100000111000101110111000000010110000000010101011000110111000100010001000101100001011100010111000100010
000000000000000000000
000000000000000000000
000000000000000000000
000000000010000000000
000000000011000000000
000000000011100000000
000000011001110000000
000000001000001000000
000001110000101000000
000000000011000010000
000110010001100111000
000000000000000000000
000000000000000000000
000000000000000000000
000000000000000000000
000000000000000000000
000000000000000000000
000000000000000000000
000000000000000000000
000000000000000000000
000000000000000000000
#
It:49:Diff:22:PSOStep:7:Time:6.285358009:s:AutomataStep:7:Transition:00100110111010101110111011101110010011100010111011100010001001000010000001000000101011101010011011000100001000101010111001001010001000100000111011100000001011001000100011101110000010101100001001001110001011101010001011000110000010100010001000000000100010100010010010100010001000000100001011001100111011101000001000001110001001100010110000101110111011101100110011100010001011000010101000101110110001101000001010100100111000101000111000100010010011100000111000000000111001100010011000101000001011100010111000100010
000000000000000000000
000000000000000000000
000000000000000000000
000000000010000000000
000000000110000000000
000000001010000000000
000000000100010000000
000000111101000000000
000001001000110100000
000000101001011010000
000111001101100110000
000000000000000000000
000000000000000000000
000000000000000000000
000000000000000000000
000000000000000000000
000000000000000000000
000000000000000000000
000000000000000000000
000000000000000000000
000000000000000000000
#
It:92:Diff:21:PSOStep:7:Time:13.754498928:s:AutomataStep:7:Transition:00100000111001001110111011101110111011100010111011100010111010000010000001101110000011101110001011100010110000101010111000000010011001100100111011101010001000000000010011100000111001000010001000001110001011100000001000000000101011100010001011101010001011100010111001000010111010000000001001001110111011100010001000001110001011000010000000100010111011100000000011101000001001100010110000101010001011001010111011101000111000100100111010000010000011100110101011000110111000100010011000100010001011100010101000100010
000000000000000000000
000000000000000000000
000000000000000000000
000000000010000000000
000000000111000000000
000000000011100000000
000000011011110000000
000000001101001000000
000001111010011100000
000000110101111110000
000111110010111011000
000000000000000000000
000000000000000000000
000000000000000000000
000000000000000000000
000000000000000000000
000000000000000000000
000000000000000000000
000000000000000000000
000000000000000000000
000000000000000000000
#
It:105:Diff:18:PSOStep:7:Time:16.199438516:s:AutomataStep:7:Transition:00100010111001001110111011101110111011100010111011101010101011100010111001100010001010001110001001000110010000101110111011101110000000100100111010100110001000001110001011101010101011000010001000101110010011101100001000100110111011100010001001101000111011100010111011100010101001100000001010000010111011100010001011001110001000100010111000101110111000001110000011100010001000100000010000101110001001001110111011001110101000101110000010100010000011100010010011100110111000100010001011000100001011100010111000100010
000000000000000000000
000000000000000000000
000000000000000000000
000000000010000000000
000000000111000000000
000000000110100000000
000000000100010000000
000000001101101000000
000001110001101100000
000000000101111010000
000111111110010011000
000000000000000000000
000000000000000000000
000000000000000000000
000000000000000000000
000000000000000000000
000000000000000000000
000000000000000000000
000000000000000000000
000000000000000000000
000000000000000000000
#
It:157:Diff:15:PSOStep:7:Time:26.684132915:s:AutomataStep:7:Transition:00100010111010101110111011101110111011100010111011000000101000000010001000000110010000001110001011101110001000101100111001100010001000101000111011101110001001101000000011001110111010100010001000101110110011101100001010100010110011100010001001001110101011100110111001000010110000000100001011001100111011101100001011001110001000100010111000101110111001001110100011101100001000100100100000101010100011001010101011101010111000100110111010000010000000000010011000101100001000000010011011001000010011100010111011000100
000000000000000000000
000000000000000000000
000000000000000000000
000000000010000000000
000000000111000000000
000000001000100000000
000000011100110000000
000000101111111000000
000001110001010100000
000001001011111010000
000111011100110011000
000000000000000000000
000000000000000000000
000000000000000000000
000000000000000000000
000000000000000000000
000000000000000000000
000000000000000000000
000000000000000000000
000000000000000000000
000000000000000000000
#
It:240:Diff:14:PSOStep:7:Time:43.535105438:s:AutomataStep:7:Transition:00100010111011001110111011101110111011100010111011001000111011000010000011100010111001001110001010000100001000100010111001000000001000101000111011100010110001101010111011100100100010100010001000101110111011101110001010000010000011100010001000101010111011100000111000100010001011100110001000100010111011101000001000101110001000100010111000101110111000100100111011101010001000100100000000101110100011101010010000101110111000100100111011000010101011100010100011001000100010000010010011001000001011100010111001000000
000000000000000000000
000000000000000000000
000000000000000000000
000000000010000000000
000000000111000000000
000000000010100000000
000000011100110000000
000000001111001000000
000001111011000100000
000000101001111010000
000111010111110111000
000000000000000000000
000000000000000000000
000000000000000000000
000000000000000000000
000000000000000000000
000000000000000000000
000000000000000000000
000000000000000000000
000000000000000000000
000000000000000000000
#
It:281:Diff:13:PSOStep:7:Time:51.750548089:s:AutomataStep:7:Transition:00100010110011001100110011001100110011000010110011001100100011000010110000000010001000001100110011001000001000100110110000101100001000101000110011000010001010001000011011000110001011000010001000101100011011001010001010000010001011000010001010001100110011000100110001100010011010000010001000100010110011001100010000101100001000100010110001001000110000100010110011000100001001000010100000101110110011000000001010001100110001000010110000100010100000000010100001101100101001100010010000100010001011000010110010001100
000000000000000000000
000000000000000000000
000000000000000000000
000000000010000000000
000000000111000000000
000000000000100000000
000000011101110000000
000000001011001000000
000001111001111100000
000000010101111010000
000111111011010111000
000000000000000000000
000000000000000000000
000000000000000000000
000000000000000000000
000000000000000000000
000000000000000000000
000000000000000000000
000000000000000000000
000000000000000000000
000000000000000000000
#
It:285:Diff:12:PSOStep:7:Time:52.60143171:s:AutomataStep:7:Transition:00100010111011101110111011101110111011100010111011100010001000100010010010000110100000101110001001001010001000100100111000101110001000101010111011100000001000101110100001100000111010000010001000101110101011101100001010000010110011100010001011101110111011100100111000100010001010100100001010001010000011100100010001101110001000100010111000101110111000101100101010001110110000100010101000101110100000001110111011101110100001101110111011001010011001000010001001001010101010100010000001100010111011100010111000100000
000000000000000000000
000000000000000000000
000000000000000000000
000000000010000000000
000000000111000000000
000000000010100000000
000000011100110000000
000000001000001000000
000001111001111100000
000000110000111010000
000111010101110101000
000000000000000000000
000000000000000000000
000000000000000000000
000000000000000000000
000000000000000000000
000000000000000000000
000000000000000000000
000000000000000000000
000000000000000000000
000000000000000000000
#
It:451:Diff:11:PSOStep:7:Time:87.302771274:s:AutomataStep:7:Transition:00100010100011101110101011101110101011100010111000001010001011000010000011100110000000101110001001101110001011101010111001001110001001001110111011001110100000101110010000100000000011100010110000101010111011100010011010000010000010100010001000101110000011100110110010000010100000000000001011101110110011101110101000101110001000100010111000101110111000101000000011001110001000100010111000101110010010001110111011100010000000101110110000100000011011100100011000100000111011100010001001000010101011100010111000100010
000000000000000000000
000000000000000000000
000000000000000000000
000000000010000000000
000000000111000000000
000000000010100000000
000000011000010000000
000000001010101000000
000001101001100100000
000000111111111010000
000110011111110111000
000000000000000000000
000000000000000000000
000000000000000000000
000000000000000000000
000000000000000000000
000000000000000000000
000000000000000000000
000000000000000000000
000000000000000000000
000000000000000000000
end
