PSO TRACE
INIT:../../instances/fazia/init.csv
REF:../../instances/fazia/asvn1.csv
DecodingPolicy:Nibble
MutationPolicy:Null
ParticleNeighborhood:EDist
ParticleDims:146
ParticleCount:100
AccP:2.0
AccG:2.0
AccL:1.5
AccI:2.3
Pos:0.0-3.0
Inertia:0.9-0.6
VeloMax:2.0
MaxPSOIteration:500
InertiaDecrFactor:6.000000000000001E-4
INIT
000000000000000000000
000000000000000000000
000000000000000000000
000000000000000000000
000000000000000000000
000000000000000000000
000000000000000000000
000000000000000000000
000000000000000000000
000000000000000000000
000000000010000000000
000000000000000000000
000000000000000000000
000000000000000000000
000000000000000000000
000000000000000000000
000000000000000000000
000000000000000000000
000000000000000000000
000000000000000000000
000000000000000000000
REF
000000000000000000000
000000000000000000000
000000000000000000000
000000000010000000000
000000000111000000000
000000001010100000000
000000011100110000000
000000101001101000000
000001111001111100000
000010111111111010000
000111011111110111000
000000000000000000000
000000000000000000000
000000000000000000000
000000000000000000000
000000000000000000000
000000000000000000000
000000000000000000000
000000000000000000000
000000000000000000000
000000000000000000000
Nibble Decoder
#
It:0:Diff:47:PSOStep:3:Time:0.104945754:s:AutomataStep:3:Transition:00101000111001100110100001001100010000101100100011101000100010101110100011000100100010001010110010000010010011101010010011001100000011001100001001101010001010001000101011100010101010001110010011101110111010001000001011000000011000101110011010001000011001100010010000000100001010100000011001100110111000001010010000000010001011101110010000100100100010101100100000100000001001000100000011100010010000101010001000001100011011001010110011001000101011100110000000100000011000000100010010101100011010001100000010001100
000000000000000000000
000000000000000000000
000000000000000000000
000000000000000000000
000000000000000000000
000000000000000000000
000000000000000000000
000000000000110000000
000000000001100000000
000000001101100000000
000000010001000000000
000000011010000000000
000000010000000000000
000000010000000000000
000000000000000000000
000000000000000000000
000000000000000000000
000000000000000000000
000000000000000000000
000000000000000000000
000000000000000000000
#
It:1:Diff:43:PSOStep:3:Time:0.226826168:s:AutomataStep:3:Transition:01101010001001100110000010101010101001000110001011101010001011100010010010001010010011101100010010100010101010001100011000001100000001100100111001101110101001001110101010101010110001101000001001000000011000101010001011100110011001101110011000100100101011100100101001101000011010101110011010100010101000101100110011101100010000000010101011001010101000100010011011000100010011000010110001000100011010000000011011101000001000101000101000000010101001001110011011000100011010001010010010101010001000101000101010100110
000000000000000000000
000000000000000000000
000000000000000000000
000000000000000000000
000000000000000000000
000000000000000000000
000000000000000000000
000000011110110000000
000000001111110000000
000000000110110000000
000000000011010000000
000000000000000000000
000000000000000000000
000000000000000000000
000000000000000000000
000000000000000000000
000000000000000000000
000000000000000000000
000000000000000000000
000000000000000000000
000000000000000000000
#
It:6:Diff:41:PSOStep:7:Time:0.782434047:s:AutomataStep:7:Transition:00100110001001100110001001000110110001101000101000100010001000000110111011000010000000001100001011000000100011101100011011000110000011100110011011101000110011001010110011001100100000001000101010001100000000101100111000000110110000000110101001100000110011000110000000000110011000101000010011100110111000101100110011000000001000000000110001100010100011001100011010000000011000001000111000101010011011000110000000000010000000101100111010001100001011100000011001101010111001001110000000100010111000001110011011100010
000000000000000000000
000000000000000000000
000000000000000000000
000000000010000000000
000000000010000000000
000000000111100000000
000000000110010000000
000000000011011000000
000000001010001000000
000000001100011110000
000000001010000001000
000000000110000000000
000000000000000000000
000000000000000000000
000000000000000000000
000000000000000000000
000000000000000000000
000000000000000000000
000000000000000000000
000000000000000000000
000000000000000000000
#
It:8:Diff:30:PSOStep:7:Time:1.039684718:s:AutomataStep:7:Transition:00100010110010001110011011100010101001000010010010100100010010000000010011101010010010001110001011001110111011101110010000000100010001000100001000000100111010000100100011101100010010001010001001101000010011101000111000000000100011101010010000100010011011100100010000100010001011101110111001000010111001000110111010000000010011001110100000000100110010100110010001000000010011101100101001001010000011000010101001101110111001001100111001101010000010000110001001000000010001101110011011101000010001001110010010000110
000000000000000000000
000000000000000000000
000000000000000000000
000000000010000000000
000000000111000000000
000000000001100000000
000000011010110000000
000000000000011000000
000001100000111100000
000000000100000110000
000110101110011011000
000000000000000000000
000000000000000000000
000000000000000000000
000000000000000000000
000000000000000000000
000000000000000000000
000000000000000000000
000000000000000000000
000000000000000000000
000000000000000000000
#
It:55:Diff:28:PSOStep:7:Time:8.446237045:s:AutomataStep:7:Transition:00100010111010001010111011100000111000100010001011101110001000100010000011100000001011101110100000000100111011101110001011100010001000100010001000101010111000000010001011101110001011101110110001101000001011100010111011100010111011100100001011101110110011100010001000101110011000001110110011101110111010000010111011000110001011101110010000100010111011101110001000101110011011000010111000101110011010000100111011101110110000100000111000101010001001000010101000100100001000101110001011100010001010101110001000100010
000000000000000000000
000000000000000000000
000000000000000000000
000000000010000000000
000000000111000000000
000000001111100000000
000000001001010000000
000000110110101000000
000001010110010100000
000000010011111010000
000110011100000101000
000000000000000000000
000000000000000000000
000000000000000000000
000000000000000000000
000000000000000000000
000000000000000000000
000000000000000000000
000000000000000000000
000000000000000000000
000000000000000000000
#
It:57:Diff:24:PSOStep:7:Time:8.742558248:s:AutomataStep:7:Transition:00100000111001101100010011100110111000100010001011100010100010000110010011101100100000001110001001000010111011101000001000100010001001100110101001100010100000101000111010001110111000001110001001100010000010000010111010001000100011100010001011101000010000000010100010001110111010101110000000100100111011100010111010000010000001100100010001100010111010001010001000101100100011100100111011100010100010000110111011101010011000101100111000100110001010000010111001000010100000101110101011100100001000001110001000100100
000000000000000000000
000000000000000000000
000000000000000000000
000000000010000000000
000000000111000000000
000000000010100000000
000000011011110000000
000000001110001000000
000001110011111100000
000000111110011010000
000111111010111011000
000000111100000000000
000000000010000000000
000000000000000000000
000000000000000000000
000000000000000000000
000000000000000000000
000000000000000000000
000000000000000000000
000000000000000000000
000000000000000000000
#
It:65:Diff:22:PSOStep:7:Time:10.003127911:s:AutomataStep:7:Transition:00100110111000101100000011100010111000100010100000001000100011100010011011101110100001101110001000100110111011100100001000100010001001101010010011000010110000100110111010001010000011101110100001100110111001000010111000100110110011101000100011100100001001000010011001101100111010001110100000101010101011100010111001000010111001101000011000001110001010000000001000101100100011100010111001101000001010001100011000101110111000101010111000101110001011000010111000100010101000101110101011101100001011001110001000100010
000000000000000000000
000000000000000000000
000000000000000000000
000000000010000000000
000000000111000000000
000000000000100000000
000000010101110000000
000000011101101000000
000001101101011100000
000000010011111010000
000111000110110111000
000000010000010100000
000000000011000000000
000000000000000000000
000000000000000000000
000000000000000000000
000000000000000000000
000000000000000000000
000000000000000000000
000000000000000000000
000000000000000000000
#
It:84:Diff:18:PSOStep:7:Time:13.37635611:s:AutomataStep:7:Transition:00100010011000001110001011100000101011100110001000100000000001000010011011001100000000101110001000101110111011100110010000100010001000001000001011100010111000101110101010001100110011101110101001001110111010100010111001000100100011100010001011001010001000100010001001001110001001001110111001100000000000100010111001100110000000101000100000100010100001000110001000101110011011100010111000000000011000101100100000101110111000100010111001000110001011000110110000100010010000101110110011100110001011101110001000100010
000000000000000000000
000000000000000000000
000000000000000000000
000000000010000000000
000000000101000000000
000000001000100000000
000000010101110000000
000000101001001000000
000001010001011100000
000010011010111110000
000011010100010101000
000000000000000000000
000000000000000000000
000000000000000000000
000000000000000000000
000000000000000000000
000000000000000000000
000000000000000000000
000000000000000000000
000000000000000000000
000000000000000000000
end
