PSO TRACE
INIT:../../instances/fazia/init.csv
REF:../../instances/fazia/asvn1.csv
DecodingPolicy:Nibble
MutationPolicy:Null
ParticleNeighborhood:EDist
ParticleDims:146
ParticleCount:100
AccP:2.0
AccG:2.0
AccL:1.5
AccI:2.3
Pos:0.0-3.0
Inertia:0.9-0.6
VeloMax:2.0
MaxPSOIteration:500
InertiaDecrFactor:6.000000000000001E-4
INIT
000000000000000000000
000000000000000000000
000000000000000000000
000000000000000000000
000000000000000000000
000000000000000000000
000000000000000000000
000000000000000000000
000000000000000000000
000000000000000000000
000000000010000000000
000000000000000000000
000000000000000000000
000000000000000000000
000000000000000000000
000000000000000000000
000000000000000000000
000000000000000000000
000000000000000000000
000000000000000000000
000000000000000000000
REF
000000000000000000000
000000000000000000000
000000000000000000000
000000000010000000000
000000000111000000000
000000001010100000000
000000011100110000000
000000101001101000000
000001111001111100000
000010111111111010000
000111011111110111000
000000000000000000000
000000000000000000000
000000000000000000000
000000000000000000000
000000000000000000000
000000000000000000000
000000000000000000000
000000000000000000000
000000000000000000000
000000000000000000000
Nibble Decoder
#
It:0:Diff:39:PSOStep:6:Time:0.159521481:s:AutomataStep:6:Transition:00001110101001100110100001000100110010100110001001100000011010000010110000100110010010101110010001000100111001100000100010000000011010101110011000001110101001001110001001000110110000000100111011001000010011100010001010001000011011000010111000100000001001100100100000001010111010001000100011000000111011100000101001001110010000100110111001101000101001000010110001100010001010001100100011000100101000000110100001000110011001000110110000101110010011100010011001101100101001100110010001101010010010100000111010100010
000000000000000000000
000000000000000000000
000000000000000000000
000000000000000000000
000000000000000010000
000000000000000110000
000000000000010010000
000000000000100000000
000000001000001000000
000000111001101010000
000010101010010010000
000000000000000000000
000000000000000000000
000000000000000000000
000000000000000000000
000000000000000000000
000000000000000000000
000000000000000000000
000000000000000000000
000000000000000000000
000000000000000000000
#
It:7:Diff:38:PSOStep:5:Time:0.601932393:s:AutomataStep:5:Transition:00100100110011100000001000100010100000101110001011001100010001000010001001000010010001100100001000000100001011101000110010100100010011001110001000101100110001100010001001001000111011101110001001000000010000100010001011101100010001101010001000100000001010100000011001000110011000100010011000101010010011100010111000100000010001000100110001000110100000001000001010101110000011000100001011100010010000001010011011100000101011101110111010000100101001001010010011100100000001000010010000001010110010001010011001000000
000000000000000000000
000000000000000000000
000000000000000000000
000000000000000000000
000000000000000000000
000000000010000000000
000000000101000000000
000000000010000000000
000000000001000000000
000000110111001000000
000001000101010100000
000000000000000000000
000000000000000000000
000000000000000000000
000000000000000000000
000000000000000000000
000000000000000000000
000000000000000000000
000000000000000000000
000000000000000000000
000000000000000000000
#
It:15:Diff:32:PSOStep:7:Time:0.899123466:s:AutomataStep:7:Transition:00100000110000000000100000000100100000101100101000001010101001100100101011001100010001000110101001000000110011000100111000000000000000100100000000001100101010101100110000001010101000000100101011001000000010101100010001001010110000000100010010101010110011000000010010100000000001001010000010001010000001001010010010101100010001000000001010001100110000101010101001001100011011100110000010101100011001001110100000001100010000000100001000101000101011001010101000000000101011001010110011000100001001100100101001000000
000000000000000000000
000000000000000000000
000000000000000000000
000000000010000000000
000000000101000000000
000000001001100000000
000000010001010000000
000000110000111000000
000001000000011100000
000011000101111010000
000101101010100101000
000000100100000000000
000000011000000000000
000000000000000000000
000000000000000000000
000000000000000000000
000000000000000000000
000000000000000000000
000000000000000000000
000000000000000000000
000000000000000000000
#
It:41:Diff:21:PSOStep:7:Time:1.835006419:s:AutomataStep:7:Transition:00100100101011001000111001001010100000101100001001000010111001100100000001000100100010001010000000000100110011101010011000001100010001000000001001000010100010001010101001001010111000100100001000100000010000100100101011001000100000100010001000100000001001000100110000101000000010100100001000000010111011101010001000101000010011000100101010000010011000101100001010001010000010101100010000100010010001001100101001101010001001000100110000101100001010000010001010000000001011100010111000001010101001001100101011001000
000000000000000000000
000000000000000000000
000000000000000000000
000000000010000000000
000000000111000000000
000000001110000000000
000000000000010000000
000000001000101000000
000001011101110000000
000010100110101010000
000111011000000111000
000000000000000000000
000000000000000000000
000000000000000000000
000000000000000000000
000000000000000000000
000000000000000000000
000000000000000000000
000000000000000000000
000000000000000000000
000000000000000000000
#
It:160:Diff:20:PSOStep:7:Time:6.290847192:s:AutomataStep:7:Transition:00100100111001001100001001001100111000101110001001000010001001000100010001100110010010000000001001000110010010001110001010100000001011000100001001000110010001001000001001000100111010101100001000100100010000101100000011001110001000100010001000100100001001000100010001101110100011000010001011001000001001001010001000100100010011000100000011100010010000100100001010101010100001000100010000101110110001000000010000101000001001000100010000100110001011000010001010000000001010000010001011000100110011000000110010101100
000000000000000000000
000000000000000000000
000000000000000000000
000000000010000000000
000000000111000000000
000000001101100000000
000000011110110000000
000000100001001000000
000001111000000100000
000011000011110010000
000111011100000111000
000000000000000000000
000000000000000000000
000000000000000000000
000000000000000000000
000000000000000000000
000000000000000000000
000000000000000000000
000000000000000000000
000000000000000000000
000000000000000000000
#
It:358:Diff:18:PSOStep:7:Time:13.994571746:s:AutomataStep:7:Transition:00100000111001101100001000001000101000101010001000000010001000000000000001100110100011100100001000000100000010101100001010000000001010000110001000000010100010001100001000001000001001001100001000100000000000101100111010101110001000100010001000100000001000000000101001100110110010100010001011000110001010001100001000100110000001100000110001100010011000100000001011001010101000000000000000101110110001101010110000100100001000000000000000101100001011000010001010100110001001100010101010101110110000000000110011001100
000000000000000000000
000000000000000000000
000000000000000000000
000000000010000000000
000000000111000000000
000000001000100000000
000000011101110000000
000000100010001000000
000001110111011100000
000010001000100010000
000111011101110111000
000000000000000000000
000000000000000000000
000000000000000000000
000000000000000000000
000000000000000000000
000000000000000000000
000000000000000000000
000000000000000000000
000000000000000000000
000000000000000000000
#
It:468:Diff:15:PSOStep:7:Time:18.266077929:s:AutomataStep:7:Transition:00100000100001001000001000001000101000100110001000000010001000000000000000001100011001000100001010100000000011000110001000000000001011101100001000000010110000100110001000000110001001000100001000100000000000100100001010101000001000100100001000100000001000000000100001101000110001100010001001101010001010101100001000100000000000000000000001000010101000100000001010101100101000000000000000101110010010101000011000100010001000000000000000100100001010000010001011001010001010000010100001100010010011100000101001101100
000000000000000000000
000000000000000000000
000000000000000000000
000000000010000000000
000000000101000000000
000000001010100000000
000000011101110000000
000000100000101000000
000001010101111100000
000010100101101010000
000111011100000111000
000000000000000000000
000000000000000000000
000000000000000000000
000000000000000000000
000000000000000000000
000000000000000000000
000000000000000000000
000000000000000000000
000000000000000000000
000000000000000000000
end
