PSO TRACE
INIT:../../instances/fazia/init.csv
REF:../../instances/fazia/asm1.csv
DecodingPolicy:CPP2
MutationPolicy:Std
ParticleNeighborhood:Fixed
ParticleDims:515
ParticleCount:100
AccP:2.0
AccG:2.0
AccL:1.5
AccI:2.3
Pos:0.0-3.0
Inertia:0.9-0.6
VeloMax:2.0
MaxPSOIteration:500
InertiaDecrFactor:6.000000000000001E-4
INIT
000000000000000000000
000000000000000000000
000000000000000000000
000000000000000000000
000000000000000000000
000000000000000000000
000000000000000000000
000000000000000000000
000000000000000000000
000000000000000000000
000000000010000000000
000000000000000000000
000000000000000000000
000000000000000000000
000000000000000000000
000000000000000000000
000000000000000000000
000000000000000000000
000000000000000000000
000000000000000000000
000000000000000000000
REF
000000000000000000000
000000000000000000000
000000000000000000000
000110000000000000000
000111000000000000000
000011010000000000000
000010110100000000000
000011111101100000000
000010011011100000000
000001101110111100000
000001111101001010000
000000110111111110000
000001110110101110000
000000110111010010000
000000011111011010000
000000001101110110000
000000000110101110000
000000000011110111000
000000000000000000000
000000000000000000000
000000000000000000000
Classic CPP Decoder
0 :1,2,3,4,
1 :0,2,3,4,
2 :0,1,3,4,
3 :0,1,2,4,
4 :0,1,2,3,
5 :6,7,8,9,
6 :5,7,8,9,
7 :5,6,8,9,
8 :5,6,7,9,
9 :5,6,7,8,
10 :11,12,13,14,
11 :10,12,13,14,
12 :10,11,13,14,
13 :10,11,12,14,
14 :10,11,12,13,
15 :16,17,18,19,
16 :15,17,18,19,
17 :15,16,18,19,
18 :15,16,17,19,
19 :15,16,17,18,
20 :21,22,23,24,
21 :20,22,23,24,
22 :20,21,23,24,
23 :20,21,22,24,
24 :20,21,22,23,
25 :26,27,28,29,
26 :25,27,28,29,
27 :25,26,28,29,
28 :25,26,27,29,
29 :25,26,27,28,
30 :31,32,33,34,
31 :30,32,33,34,
32 :30,31,33,34,
33 :30,31,32,34,
34 :30,31,32,33,
35 :36,37,38,39,
36 :35,37,38,39,
37 :35,36,38,39,
38 :35,36,37,39,
39 :35,36,37,38,
40 :41,42,43,44,
41 :40,42,43,44,
42 :40,41,43,44,
43 :40,41,42,44,
44 :40,41,42,43,
45 :46,47,48,49,
46 :45,47,48,49,
47 :45,46,48,49,
48 :45,46,47,49,
49 :45,46,47,48,
50 :51,52,53,54,
51 :50,52,53,54,
52 :50,51,53,54,
53 :50,51,52,54,
54 :50,51,52,53,
55 :56,57,58,59,
56 :55,57,58,59,
57 :55,56,58,59,
58 :55,56,57,59,
59 :55,56,57,58,
60 :61,62,63,64,
61 :60,62,63,64,
62 :60,61,63,64,
63 :60,61,62,64,
64 :60,61,62,63,
65 :66,67,68,69,
66 :65,67,68,69,
67 :65,66,68,69,
68 :65,66,67,69,
69 :65,66,67,68,
70 :71,72,73,74,
71 :70,72,73,74,
72 :70,71,73,74,
73 :70,71,72,74,
74 :70,71,72,73,
75 :76,77,78,79,
76 :75,77,78,79,
77 :75,76,78,79,
78 :75,76,77,79,
79 :75,76,77,78,
80 :81,82,83,84,
81 :80,82,83,84,
82 :80,81,83,84,
83 :80,81,82,84,
84 :80,81,82,83,
85 :86,87,88,89,
86 :85,87,88,89,
87 :85,86,88,89,
88 :85,86,87,89,
89 :85,86,87,88,
90 :91,92,93,94,
91 :90,92,93,94,
92 :90,91,93,94,
93 :90,91,92,94,
94 :90,91,92,93,
95 :96,97,98,99,
96 :95,97,98,99,
97 :95,96,98,99,
98 :95,96,97,99,
99 :95,96,97,98,
#
It:0:Diff:83:PSOStep:6:Time:0.123772429:s:AutomataStep:6:Transition:00010010110111111111010111101100100110111110110110110011101111101001001101111101011110100000111001111010101111111001111111111110111110011011100110110011010111101011100100101000101100101101011011011011110100011101111101000100111000111111001001111111010001101101101111111011111011010111011100101011011111011111111111010011011011110111011111110101011011111001111110001110100011010111111101101111000110010110100101110011100101010011111011110001110111110000011101010111101111101110101111010110011011001110110101111011
000000000000000000000
000000000000000000000
000000000000000000000
000000000000000000000
000000000000000000000
000000000000000000000
000000000000000000000
000000000000110000000
000000100111011000000
000001011100111100000
000010010100111110000
000000111111011000000
000011001001000110000
000001101011011010000
000010101101010110000
000000101001010100000
000011001000010010000
000000000000000000000
000000000000000000000
000000000000000000000
000000000000000000000
#
It:1:Diff:75:PSOStep:6:Time:0.243873487:s:AutomataStep:6:Transition:01010110101101111100110011101110101111111111110111110111101111011011000001111100010111100110111101111011101000111100011111111111101110011011110101110111010111111111100101111111100111010011011111011110111111011111111011100111110110111111101100110111111001101101101111110111111110111111001101001011011111111000101110000111011011110110011011111101011011111101101100101110101111111110111001110101000110011111110100110110101011000101100100110011111110010111010111111111100111011110111011001010011111100101110111001011
000000000000000000000
000000000000000000000
000000000000000000000
000000000000000000000
000010000000000000000
000000110010000000000
000010010110100000000
000001000110010000000
000001101110111000000
000000101100111100000
000010101011101110000
000001110111111000000
000001111010110010000
000000111111111110000
000010010111001110000
000001001110011000000
000011001000010010000
000000000000000000000
000000000000000000000
000000000000000000000
000000000000000000000
#
It:2:Diff:71:PSOStep:6:Time:0.278186157:s:AutomataStep:6:Transition:01010110111111111101011111101110100111101111110111111011101100011111100001111111110111111110111101111011111110111101111111111110111110111011110111110110100111111111101111111111110110110111111111111110111110011111111111100111110111111111111110111111011111101001101101110011111111011111011101111111111111111101111110101111101011110110011011111101101011111101101101001110100111010110111011110101010111111110110101110111001111110101100111111011111101010111110111111101101111111111011011000110111111110101100111011111
000000000000000000000
000000000000000000000
000000000000000000000
000000000000000000000
000010000000000000000
000011011000000000000
000011111101000000000
000001111101010000000
000011011101111000000
000010011011111100000
000010111111011110000
000001111110011100000
000011011101111110000
000010010110111110000
000010110111101110000
000001111110101100000
000011001101100110000
000000000000000000000
000000000000000000000
000000000000000000000
000000000000000000000
#
It:4:Diff:57:PSOStep:6:Time:0.319373448:s:AutomataStep:6:Transition:01010110101101111111011011101111100111001110111011111011111100111111101100011101011110111110111101111101111111111101111111111110111111111111010101110111001111111111101101111111100110111111111101111111011111011101110111100100110101111011111100111111111111111001101111111111011111011111011111111111011111111111111110111111000111111111011011111101010111011101110111001110010111111111111111110100010111111001110100100110101110110011100011111001111111110111110101101111101011011101110111110111011111110111110111111111
000000000000000000000
000000000000000000000
000000000000000000000
000000000000000000000
000010000000000000000
000001010000000000000
000001111110000000000
000001111110100000000
000011111111100000000
000000111111110100000
000000111111111110000
000001111111111010000
000011111111111010000
000000111111111010000
000000111011111110000
000001111111011110000
000010010000100110000
000000000000000000000
000000000000000000000
000000000000000000000
000000000000000000000
#
It:16:Diff:54:PSOStep:6:Time:0.573011966:s:AutomataStep:6:Transition:01010110101100111111010011101111100111100111111001110011111100111101101100011101011110111110111001111101010111111100111111111110101111101111010101110111001111111110101101110101101110111111111101001111011011011101111111100111110101111011101100111111111111111001101111111111011111011111011111111111010111110101011110110111000111111111011011011101010111011101010111001110010111110111111111110100010111111011101100110110101110110111100011011001111111110111100100111111001011011110111111100111011111110111110111111101
000000000000000000000
000000000000000000000
000000000000000000000
000000000000000000000
000010000000000000000
000001011000000000000
000001110010000000000
000001111110100000000
000010011111110000000
000001001111111000000
000001111111111010000
000001111111111110000
000010111111101110000
000001111110110110000
000001111111111110000
000001100111011110000
000010010000100110000
000000000000000000000
000000000000000000000
000000000000000000000
000000000000000000000
#
It:25:Diff:51:PSOStep:6:Time:0.776700726:s:AutomataStep:6:Transition:01010110101101111111011011101111101111100110101001111011111100111111001100010101010110111110111100111101010111111100111111111101101111011111010101110111001111111111101101110101101110111111111101001111111011010101110111100111110100111011101110111111111111111001101111111101011111011111011111111111010111111101011110110111010111111111011011101101010111011101110111011110010111110111111111110100010111111011111000110110101110110011100011111001111111110111110100111111001011011110111111100111011111110111110111111001
000000000000000000000
000000000000000000000
000000000000000000000
000000000000000000000
000010000000000000000
000001011000000000000
000001110101000000000
000001110111100000000
000010111111101000000
000001111110110100000
000001111111110010000
000001111011111110000
000010111111101110000
000000111111010110000
000000111111111110000
000001100111011110000
000010010000100110000
000000000000000000000
000000000000000000000
000000000000000000000
000000000000000000000
#
It:27:Diff:50:PSOStep:6:Time:0.829318244:s:AutomataStep:6:Transition:01010110101111111101010111101111100111001111101001111011111100011101101000010101010000001110111101111101111111111101111111111110101111111111110101110111001011110101101111110011101110111111111111001111110011011101110111100101110000111111101111011101111111111000111111111111111110011111011010111111011111111101111110111111011111111111010011011001011111011111010111001110010111110111001111110100010111111011101000101110101111111111100011111001111101111111110100111111001011111110111111101111011111110111111111111111
000000000000000000000
000000000000000000000
000000000000000000000
000000000000000000000
000010000000000000000
000001010000000000000
000000101000000000000
000001111101000000000
000010111111100000000
000001111111110100000
000001111011111110000
000000110111111110000
000010111111101110000
000000111111110110000
000000111111111110000
000001111111111110000
000011111111111110000
000000000000000000000
000000000000000000000
000000000000000000000
000000000000000000000
#
It:137:Diff:47:PSOStep:6:Time:3.008210733:s:AutomataStep:6:Transition:01010110101111111101010111100111100111100110111001110001101100110001001000111101010100011110111101101101011111111101111111111111101111111111110101111111001011110111101111111011100110110111111111010111111111011111111111100111100101111111101111011100111111111000101111110111011111011111011111111111010111111110011110111111000011111111110011111101110111111111111111001110000111111011111111110111110111011011111110110110101111111101110111111011111101011111110111111111101111000111111111101111011101110111110111101111
000000000000000000000
000000000000000000000
000000000000000000000
000000000000000000000
000010000000000000000
000001011000000000000
000000110101000000000
000001011111100000000
000000111011110000000
000001111111111000000
000000101111011010000
000001111111111110000
000000111111111110000
000000010011111110000
000000001111111110000
000000000101111110000
000000000011111110000
000000000000000000000
000000000000000000000
000000000000000000000
000000000000000000000
#
It:180:Diff:46:PSOStep:7:Time:3.830107753:s:AutomataStep:7:Transition:01010110101011111100010111101101000110100100111000111001111100110111100000010101011110111110111001101100111110111101111111111100101111111111110101111111001011110101100101111011100110110110111110010111110110011111101110100111110101111111101110011111001111111000101111111111011010011011001111011111011111111110111110111011111111101111011011111101111011110111111111101110010011111011101101110011010110011111111010111110101111111001100111100011111101110111110111111111001011001111111111101111011011110110110011111101
000000000000000000000
000000000000000000000
000000000000000000000
000100000000000000000
000110000000000000000
000011100000000000000
000011111100000000000
000011111111000000000
000001111110110000000
000001110010111000000
000001110011111100000
000000111111011110000
000000111111011110000
000000110111111010000
000000011101111110000
000000001000111000000
000000000111100100000
000000000011111111000
000000000000000000000
000000000000000000000
000000000000000000000
#
It:206:Diff:44:PSOStep:7:Time:4.336342508:s:AutomataStep:7:Transition:01010110100011111101010111001001001110100111111010111011111100110111101000011101011100111100111101001101001100001100111111111101101101101111110101111111101010111111100101010011100010110011111110011011110111111110101110100111110101111111101110011111000111111000111101110111111110011011101111111111011111111100011110111011101111101101011001110000111010111011101111111110010110111011101111010011010111110111111010011110101111011011100011111101111101011011111111111001011011011111110111001111011011110101110111110111
000000000000000000000
000000000000000000000
000000000000000000000
000100000000000000000
000111111000000000000
000011100110000000000
000011110011100000000
000011011101110000000
000001111111011000000
000001111111100100000
000001101111001110000
000000111111110110000
000000111111111110000
000000111111111010000
000000011111111010000
000000001111111110000
000000000111111110000
000000000011111111000
000000000000000000000
000000000000000000000
000000000000000000000
#
It:210:Diff:42:PSOStep:7:Time:4.416163738:s:AutomataStep:7:Transition:01010110101011111100010111101011000110101111111010111011011100110111101000011101011000110110111101101111111101111101111111111111101111101111000101111111001111111111100101111010100110110111111110111111111111111111101111100111100111111110101110111011111111111001101111111111011110011011111111011111011111111110101110111111101111111111010011111001111111111111011111111110010110111011101111110111000110110111011111111110101111110111100111101011111101011111111111101111011110011111010111001111001011110111111111111101
000000000000000000000
000000000000000000000
000000000000000000000
000100000000000000000
000110000000000000000
000011100000000000000
000011010000000000000
000011111111100000000
000000011101110000000
000000011011111000000
000000111111110010000
000000111111111110000
000000000111111110000
000000000111111110000
000000001111111110000
000000001111111110000
000000000111111110000
000000000011111111000
000000000000000000000
000000000000000000000
000000000000000000000
#
It:213:Diff:40:PSOStep:7:Time:4.486916574:s:AutomataStep:7:Transition:01010110101111111100010111101011000111101110110010101001010100100111001000011101010100111000111101001110111001111101111011111111111011101111000111111111000111111111100111111111100010110111111111111110101111011110101110100111110101111111101111111100111001111000101111111110001010011011111111011011011111111100101110111011101111101111010010111000111101111111011110001100010110111111101011110111100101010111011111111110101110111101100111101011111101011111110111111011101010101011011111000111001011110100110111101101
000000000000000000000
000000000000000000000
000000000000000000000
000100000000000000000
000110000000000000000
000011100000000000000
000011011110000000000
000011011100000000000
000001101010100000000
000001111010101000000
000001111111101010000
000000111011011110000
000000111011101110000
000000110110111110000
000000011111111110000
000000001111111110000
000000000111111110000
000000000011111111000
000000000000000000000
000000000000000000000
000000000000000000000
#
It:218:Diff:39:PSOStep:7:Time:4.591939736:s:AutomataStep:7:Transition:01010110101111111100010011001011000111100010111010111000010100100101001000011101011100111010111101001010011011111101101011111111101111111111010111111111001111111011100111111110100010110111111111110110101110011110101010100111110101101101101111111101111101111000111111111110000010011010101011011111010111111100101110111011101110100101010011111000111101111111011110001110010010111111101010110111100100010111011111010110101111111100100101101001111101011111010110110000001010101011111111001101000011110100100111111101
000000000000000000000
000000000000000000000
000000000000000000000
000100000000000000000
000110000000000000000
000011100000000000000
000011110000000000000
000011111001000000000
000001011101100000000
000001111011001000000
000001111001111010000
000000100001110110000
000000101111001110000
000000110111111010000
000000011111101010000
000000001111111110000
000000000111111110000
000000000011111111000
000000000000000000000
000000000000000000000
000000000000000000000
#
It:258:Diff:36:PSOStep:7:Time:5.468113397:s:AutomataStep:7:Transition:01010110101110111100010011001011001111101100111011111000010100100101001000011101010100111010111101001111000010111101101011111111101111111010010111111111000011111111100111110111100010110101111111111100111111011110111110100111100101111101101111111000111111111000011111111110001010011001111111011111010111111100111110111011101110110101010011111000110101011111011010001100010110111111111111110101100111010111110111110010101111111100100111101001111101011111110111010011101010101010111111001111011011110100100111101111
000000000000000000000
000000000000000000000
000000000000000000000
000100000000000000000
000110000000000000000
000011101100000000000
000011111101000000000
000011111111110000000
000001111001101000000
000001101111100100000
000001111101001110000
000000110111101110000
000000111111110110000
000000111111111110000
000000011111111010000
000000001001111110000
000000000111111110000
000000000011111111000
000000000000000000000
000000000000000000000
000000000000000000000
#
It:294:Diff:34:PSOStep:7:Time:6.234239696:s:AutomataStep:7:Transition:01010110101111111100010011101111000111101110110011111001011100100111111000011101011100111110111101111111011011111101101111111111101111101011010111111111001111111011101111110111101110111111111111111101101111011111101110100111110101111101101111111001111111111010011111111110001011011001111111011111010011111101101110111011101110111101010011111001110101111111111110001111111111111111111110111101110111010111111111110110101111111110101111101101111101011111110111010111011011101010111011111111011111110100100111101111
000000000000000000000
000000000000000000000
000000000000000000000
000100000000000000000
000110000000000000000
000011011000000000000
000011110010000000000
000011111110100000000
000001001111110000000
000001101111111000000
000001110111011010000
000000110111101110000
000000111110101110000
000000111110111110000
000000010111111110000
000000001001111110000
000000000111111110000
000000000011111111000
000000000000000000000
000000000000000000000
000000000000000000000
end
