PSO TRACE
INIT:../../instances/fazia/init.csv
REF:../../instances/fazia/asm1.csv
DecodingPolicy:Nibble:CDLE2
MutationPolicy:Std
ParticleNeighborhood:EDist
ParticleDims:146
ParticleCount:100
AccP:2.0
AccG:2.0
AccL:1.5
AccI:2.3
Pos:0.0-3.0
Inertia:0.9-0.6
VeloMax:2.0
MaxPSOIteration:500
InertiaDecrFactor:6.000000000000001E-4
INIT
000000000000000000000
000000000000000000000
000000000000000000000
000000000000000000000
000000000000000000000
000000000000000000000
000000000000000000000
000000000000000000000
000000000000000000000
000000000000000000000
000000000010000000000
000000000000000000000
000000000000000000000
000000000000000000000
000000000000000000000
000000000000000000000
000000000000000000000
000000000000000000000
000000000000000000000
000000000000000000000
000000000000000000000
REF
000000000000000000000
000000000000000000000
000000000000000000000
000110000000000000000
000111000000000000000
000011010000000000000
000010110100000000000
000011111101100000000
000010011011100000000
000001101110111100000
000001111101001010000
000000110111111110000
000001110110101110000
000000110111010010000
000000011111011010000
000000001101110110000
000000000110101110000
000000000011110111000
000000000000000000000
000000000000000000000
000000000000000000000
Nibble Decoder
#
It:0:Diff:79:PSOStep:6:Time:5.111061506:s:AutomataStep:6:Transition:01100000111011001000010010101010101001101010100011101100001010101100001010001000000010000110111000001010011011101110001000000010010010101000010011100100111011101110101010100110111000101110010000000110100001100000111000101110010011000000100001001110011011101000110011100010001000001100111001100000100000100000100000100010011011001000111011101010000001001100100011100100000011101100011011100100000001100000011001101010110000001010110010001110110000100010100010000100000010100100010011100000110011101110011011101010
000000000000000000000
000000000000000000000
000000000000000000000
000000000000000000000
000010000000000000000
000011110000000000000
000000010000000000000
000001011100010000000
000010000110000000000
000010010001110000000
000000010101011000000
000010000010010000000
000011110010000000000
000000000111000100000
000001011011010000000
000010100000101000000
000010001000100010000
000000000000000000000
000000000000000000000
000000000000000000000
000000000000000000000
#
It:1:Diff:77:PSOStep:7:Time:7.005950693:s:AutomataStep:7:Transition:01000110011010001000001000001000111000001100011001101110100000000000110010001010111010000110101000101000000000101000111001000110100010101000011010101000111001101110111000100100011011101110011011001110100000100000101000100110111001100000001011000110101001100100011011101000101001100100011000100100110011000100101010001010000011100010111000001010000000001010100001001010000010000110000011101110000011101000000000101110111010000110111010100100001000000110111010000000010011000100010011101110010011100100001000001110
000000000000000000000
000000000000000000000
000000000000000000000
000100000000000000000
000011101000000000000
000010101000000000000
000010000101000000000
000001000101000000000
000000111010001000000
000000100000001000000
000000100011100111000
000000101001100110000
000000010011011100000
000000010110011000000
000000001001110000000
000000000001100000000
000000000101000000000
000000000010000000000
000000000000000000000
000000000000000000000
000000000000000000000
#
It:6:Diff:68:PSOStep:7:Time:13.466553803:s:AutomataStep:7:Transition:01100000100000101000001010101100111000101100110000101010011000100000001010001000011010100100111001001000011001001010000000101010100011001000001011101000110010101010111001000000100001101010001010001110100010001110101001001110111010001110001010100110010000101110001010001000100011100110110010100100100000100100001010001100101011100010001011000000101011100100100010101000111000100010101001101010010011101100101000100110000011000000010001100000010000100010101010000010001010100110111000000110101011100100010010100010
000000000000000000000
000000000000000000000
000000000000000000000
000110000000000000000
000111110000000000000
000000001010000000000
000111000001010000000
000000010110100000000
000110011010000000000
000000000000100100000
000100110001111000000
000010001100010100000
000001000100101000000
000000100100010100000
000000011110111110000
000000001001010000000
000000000111001011000
000000000011111111000
000000000000000000000
000000000000000000000
000000000000000000000
#
It:88:Diff:67:PSOStep:7:Time:112.40152223:s:AutomataStep:7:Transition:01000010110001001010010000101010111010101010010011101000010011100000001010101010111011101110111011001010111011000100010011100010101000101010111011101010110011000110011010100010011001000000011010001110101011000100010001101110111010101110000011100000000000101110001001001010100011100100101000101000101011101010100010100110101011101100100000100010101001101000101001001100111010101010111011000110001011101010010001101110011010100100101010000010101010101100101010000100010010100100111000000010110011101010101010000110
000000000000000000000
000000000000000000000
000000000000000000000
000100000000000000000
000111100000000000000
000000001000000000000
000111111001000000000
000000011101010000000
000111001000011000000
000011000110011010000
000100110001000011000
000011000110100010000
000001100001011011000
000000110011101110000
000000011111011111000
000000001000000010000
000000000110101011000
000000000011111111000
000000000000000000000
000000000000000000000
000000000000000000000
#
It:134:Diff:66:PSOStep:7:Time:165.23635706:s:AutomataStep:7:Transition:01000100101000101010011010101010111000101100111011100010101010000010001001001010111011100000110010101010100000000110111000100110101000100110111001001010011000000010000010000000011011000100001001001110101010100000011000001110111001101110100011000010011011100110101000001010010000000110100001100100101000001010001010100100101000101000000011100110001000000100101010101010001001101010111000100010011001100100101001100100011001100100111001100010101010001110011010100010000001100100110011100010100000101110101011100110
000000000000000000000
000000000000000000000
000000000000000000000
000100000000000000000
000111000000000000000
000001100000000000000
000001111100000000000
000001011101000000000
000001000110100000000
000000011101100100000
000000011000110011000
000000110101111110000
000000110010001000000
000000001001000000000
000000001001000000000
000000000111000000000
000000000110000000000
000000000010000000000
000000000000000000000
000000000000000000000
000000000000000000000
#
It:226:Diff:65:PSOStep:7:Time:272.115188248:s:AutomataStep:7:Transition:01000100010001001000111000101000101010000010111010100100101001000100001010001000101000000010000001001010110001101110101000001100100000101000101010101000011010000100111010001110110001101000011010101010100010001110100010001010101010101010110011001000011010100100010001101100110001000010110011001000100010101100101010001010001011101100001010101000100000000010100010101000101000001100101001001100000011101010101001001010110010001110110010001000100010100010010010000100010010001000110000000100110011101000100000101110
000000000000000000000
000000000000000000000
000000000000000000000
000100000000000000000
000011000000000000000
000011010000000000000
000010011100000000000
000011100000000000000
000011011111000000000
000001110000010000000
000000101000000111000
000000100100101000000
000000000100111100000
000000010100110000000
000000001001110000000
000000000001000000000
000000000110000000000
000000000010000000000
000000000000000000000
000000000000000000000
000000000000000000000
#
It:255:Diff:63:PSOStep:7:Time:305.430631623:s:AutomataStep:7:Transition:01100000011011101100110011000110011011001000100001101110111000000010011011001100001011101100011010000110111011000010100001101100110001101110011001001100100011100000111011001110101001101100001010000100110011000110001000100110011010100110110011001100011000001110011011101110011000001100111011001100110001101100010010101100000001101010111001101100110001101010110001101100011000101010000001101010000001101110110011100110000010000100011000100110110001000110011011001100101011000000011001101110110001101110111010101110
000000000000000000000
000000000000000000000
000000000000000000000
000110000000000000000
000010000000000000000
000010000000000000000
000011110100000000000
000011111110000000000
000010001100000000000
000010001100100000000
000010110001010000000
000010010101011000000
000001101010010000000
000000110011001100000
000000011000000100000
000000001111111110000
000000000111111000000
000000000010101011000
000000000000000000000
000000000000000000000
000000000000000000000
#
It:273:Diff:62:PSOStep:7:Time:326.140397345:s:AutomataStep:7:Transition:01000010011010000100110000101100001011000100111010100110000000000110001011001000000000000100000010100010100001101000011011100100100011001110100010000100001001000010000010001010110000001100111010000000110011001000011001000000001011001110100001101000101011101010010001000000100000100000101010000110110000000010110001001100110010100110010011101110110000101000110010100110101011101010010000001110101011101100011011001110101011001000010001001110000000000110100000101100101011000000011010100000011000001000010000101010
000000000000000000000
000000000000000000000
000000000000000000000
000100000000000000000
000000000000000000000
000011100000000000000
000000100000000000000
000001011100000000000
000000011000000000000
000000110011011000000
000000001001111000000
000000010010011000000
000000000010100000000
000000001010010000000
000000000010001010000
000000000101110100000
000000000001100110000
000000000011111111000
000000000000000000000
000000000000000000000
000000000000000000000
#
It:460:Diff:62:PSOStep:7:Time:537.641786358:s:AutomataStep:7:Transition:01000100101000001010101000000100111001101000000001001010101010100110110000000100011001100000101000001110110001001110010011100010101000101000000010000100101011101010110000001110011011001010100011000010101010101110110000101010110001101100101000000000111011000110100001000100111010101010010001001100010010000100010010100100010001000100010010100010110011100110010000000100001000100010101000100100010010101110010001001000101001001100101011100010010001101010011011000010110001000110101010001000010011001000111010100100
000000000000000000000
000000000000000000000
000000000000000000000
000100000000000000000
000111000000000000000
000011010000000000000
000010100100000000000
000010001010000000000
000001110100100000000
000001000110110000000
000001000101000111000
000000100010101110000
000000100010100100000
000000100000001000000
000000010001010000000
000000001111100000000
000000000111000000000
000000000010000000000
000000000000000000000
000000000000000000000
000000000000000000000
end
