PSO TRACE
INIT:../../instances/fazia/init.csv
REF:../../instances/fazia/asm1.csv
DecodingPolicy:Nibble:CDLE2
MutationPolicy:Std
ParticleNeighborhood:EDist
ParticleDims:146
ParticleCount:100
AccP:2.0
AccG:2.0
AccL:1.5
AccI:2.3
Pos:0.0-3.0
Inertia:0.9-0.6
VeloMax:2.0
MaxPSOIteration:500
InertiaDecrFactor:6.000000000000001E-4
INIT
000000000000000000000
000000000000000000000
000000000000000000000
000000000000000000000
000000000000000000000
000000000000000000000
000000000000000000000
000000000000000000000
000000000000000000000
000000000000000000000
000000000010000000000
000000000000000000000
000000000000000000000
000000000000000000000
000000000000000000000
000000000000000000000
000000000000000000000
000000000000000000000
000000000000000000000
000000000000000000000
000000000000000000000
REF
000000000000000000000
000000000000000000000
000000000000000000000
000110000000000000000
000111000000000000000
000011010000000000000
000010110100000000000
000011111101100000000
000010011011100000000
000001101110111100000
000001111101001010000
000000110111111110000
000001110110101110000
000000110111010010000
000000011111011010000
000000001101110110000
000000000110101110000
000000000011110111000
000000000000000000000
000000000000000000000
000000000000000000000
Nibble Decoder
#
It:0:Diff:78:PSOStep:5:Time:0.343985588:s:AutomataStep:5:Transition:00100110110010101110001001000110000010101000001010000110100010100100101001100100001000100110101000101000000000001000101000100000000010000010111001101110011010001010010011001100000001100010110000101100000001101110101010100010011000101110010011001000111011001010110001100110111001101000110000001100110010100100010000001100101011101100000010000100111000000100101010000100000000100110011011000100110000001000010000000110111000000000110001001000001000001000010000100010100001100000110011100010001011100100001010100110
000000000000000000000
000000000000000000000
000000000000000000000
000000000000000000000
000000000000000000000
000000000010000000000
000000000110000000000
000000000100000000000
000000001001000000000
000000111010110000000
000001100111000000000
000000000011110000000
000000000110001000000
000000000000000000000
000000000000011000000
000000000000000100000
000000000000000000000
000000000000000000000
000000000000000000000
000000000000000000000
000000000000000000000
#
It:2:Diff:75:PSOStep:6:Time:0.954230242:s:AutomataStep:6:Transition:00000110110001100110110011001100101011001100110011101010110010100110011011001100011001100100100001001100110011001100111001001100111000000100100011000110110011100110101010000110001010000110100011000110110001100110110010101100110010000110011001101110000010101110010001001100000011000000110011000110011011000110110001100000001001100110110011100100111001100110001000000100011001101100110000001010101011001100011011001100110000001100110011001010110011001010110001101100100010000110011001100110011001100110001001100110
000000000000000000000
000000000000000000000
000000000000000000000
000000000000000000000
000000000000000000000
000000000000000000000
000000000000000000000
000000000010000000000
000000001110100000000
000000000000000100000
000011011100111110000
000001101001000000000
000000110110001010000
000000011011000000000
000000001110010110000
000000000110011110000
000000000010101010000
000000000000000000000
000000000000000000000
000000000000000000000
000000000000000000000
#
It:7:Diff:67:PSOStep:7:Time:1.640464632:s:AutomataStep:7:Transition:01000110111000100010100011100000001000101110110000000010001010100010001011101110001000100100010000100100100001101110001011001110111011100110111010000010111000100010100011100010011011101110111011100000111000100010100010101110100000000010001000100110001000101010111011101110011011101100111011100010001011101010110000101000000011100000111011001100100000100000111000101110001000100010111011100010110011101110000011101110001001001110110010000010110011101100001011101110111011100010001010101000001011000010111000100010
000000000000000000000
000000000000000000000
000000000000000000000
000100000000000000000
000101000000000000000
000111000000000000000
000100110100000000000
000111000010000000000
000100101001000000000
000111101011010000000
000100010101100000000
000011001001011000000
000001100110011000000
000000110100110100000
000000011010111000000
000000001100000010000
000000000110000000000
000000000011111111000
000000000000000000000
000000000000000000000
000000000000000000000
#
It:130:Diff:66:PSOStep:7:Time:17.394230094:s:AutomataStep:7:Transition:01000110111001100010110011101010001000101110100010100010001001000010001010001110001000101000101010000100011001100110001011101110100011101100111011100010111000100010011011100010110011101110111011100000111011100010010000101110001000000010001000100100001000101000111011001110010011101000111011100010001011101010011000101110110010000100111001001000000000100100111001100100001000100100111011100010010011101110101011101110011011101110110011100110110011101000110000101110111011100010001000000010001000000010111000100010
000000000000000000000
000000000000000000000
000000000000000000000
000100000000000000000
000101000000000000000
000001000000000000000
000101000000000000000
000011001100000000000
000101110101000000000
000001001100100000000
000101111101100000000
000011001000010000000
000001000110100000000
000000110010000000000
000000010111000000000
000000001100000010000
000000000101010110000
000000000011111111000
000000000000000000000
000000000000000000000
000000000000000000000
#
It:144:Diff:64:PSOStep:6:Time:19.181537135:s:AutomataStep:6:Transition:01000110110010100010110000100110101011101100110000100010110000100010001011001100001001001010010000100100100010101110001011101100011001101110110011000100110001100010010011000010010011001100100011000010110000100000001010101100110011000010001000101100010000001100001011001100010011001010011011000010001011000000011000101100010011000110110001001000110000101010110001101100001000101000001011000010100011001100001011001100001000101100001011100100001011001000101011001100110011000010001010100110001011000010110000100010
000000000000000000000
000000000000000000000
000000000000000000000
000000000000000000000
000010000000000000000
000011101000000000000
000010000010000000000
000010111100100000000
000010100001110000000
000010001100000100000
000011011001000010000
000001100101100100000
000000110000111010000
000000011110000100000
000000001111111110000
000000000001111110000
000000000000000010000
000000000000000000000
000000000000000000000
000000000000000000000
000000000000000000000
#
It:160:Diff:63:PSOStep:7:Time:21.121690832:s:AutomataStep:7:Transition:01000100111001000100000011100000010011101100100001000100000001000100010011001000010001000100000001001000100000101110010010001110111000001110111011100000111001000100101011100100111011101110100011100100111001000100101001001110111011100100010001001010010001001000111011101110000011101100111011100100010000101110110001001110100011100000111000101110111001000000111011100100010001001100111001000100000011101110000011101110011010101110000011000100111011101000010000001110111011100100010001001110010011100100111001000110
000000000000000000000
000000000000000000000
000000000000000000000
000100000000000000000
000101000000000000000
000101010000000000000
000110010100000000000
000100101001000000000
000111100011000000000
000101111011010000000
000110001100010000000
000011010111000100000
000001100100011000000
000000110110110000000
000000011000001000000
000000001100001100000
000000000110011100000
000000000011110111000
000000000000000000000
000000000000000000000
000000000000000000000
#
It:174:Diff:62:PSOStep:7:Time:22.971527853:s:AutomataStep:7:Transition:01000100111010100100101011101110010011101110010001100100010001000100010010001010010001000100010000101110101011101010111010001110111010101110111011101110111001000100101011100100111011101110111011100100111001000100011001101110111011100110010001001010010001101110111011001110101011101110111011100100010000100100111001001110111011001000111001101100101001000000111000001010010001001010111000000100001011101110010011101110001010001110101011100110111011101110111000101110111011100100010001001010010000000100111001001010
000000000000000000000
000000000000000000000
000000000000000000000
000100000000000000000
000101000000000000000
000001000000000000000
000110100000000000000
000010100000000000000
000100111001000000000
000101100100010000000
000110101001111000000
000011011101001100000
000001101100010000000
000000110111011000000
000000011001001000000
000000001101001100000
000000000110010100000
000000000011110111000
000000000000000000000
000000000000000000000
000000000000000000000
#
It:176:Diff:61:PSOStep:7:Time:23.17044738:s:AutomataStep:7:Transition:00000110111011100100000000001000010011101110100011000100101001000100010011101110010010100010000000101000111011100110010001001110100011101110111000000100111001000100111011100100011011101110111011101110111001000000001000001110100001100100010001000110011001001100111011101110100011100100111011100100010011100100010001000000000011100100111011101110011001000000111001001000010001000100100001100100101011101110000011101110000001001110001010000000111010001010100001001110111011100100010000101110010000000110111001000100
000000000000000000000
000000000000000000000
000000000000000000000
000000000000000000000
000000000000000000000
000000000000000000000
000000000000000000000
000000000101000000000
000000011110100000000
000001001101101000000
000100011011001000000
000011011010000100000
000001101011101000000
000000110111101010000
000000011001111010000
000000001101010110000
000000000110011110000
000000000010101011000
000000000000000000000
000000000000000000000
000000000000000000000
#
It:184:Diff:60:PSOStep:7:Time:24.147426058:s:AutomataStep:7:Transition:01000000110001100110010011000100011011001100100001000110011001000110101000001100101001101010101001100110110001001100011011001100100011000100001000100110110001101110010011000110001011001110100011000010110001101010110010101000110000100110011001100110001001101100100011101100110011000010110000100110101011000110001001101010110011000010110011101100011001101100110001000100011001101100110010000110100011001100011011001100110010101100000010001010111011000110110001101100110011000110011011100000011010100110110001100110
000000000000000000000
000000000000000000000
000000000000000000000
000100000000000000000
000100000000000000000
000010000000000000000
000011010100000000000
000010001001000000000
000000000101000000000
000001000111000000000
000000111000000000000
000000111101010000000
000000111110000000000
000000010011110000000
000000011100001100000
000000001100110000000
000000000010101000000
000000000011101011000
000000000000000000000
000000000000000000000
000000000000000000000
#
It:226:Diff:56:PSOStep:6:Time:29.471509416:s:AutomataStep:6:Transition:01100000111001100110000001100000101011100010111001100110110001000110011011000010011000000110101001000000111001101000011010001110101000001110111011101110111001100110010011100110100011101000111011100100111001100000011000101110100011100110011001100010011001001110100011101110001011101100111011000110010000000000000001001110000010000000111001100000001001100010111001101100011011101110111000000110011011101110010011101110011000101000101010100010111011101110110001101110111011100110011010000000011010001110111010101010
000000000000000000000
000000000000000000000
000000000000000000000
000000000000000000000
000010000000000000000
000011110100000000000
000010110100000000000
000011100111110000000
000010000011001000000
000011110101111100000
000010011010001110000
000001000100111010000
000000100000101100000
000000011011000000000
000000001111010110000
000000000101010110000
000000000010101010000
000000000000000000000
000000000000000000000
000000000000000000000
000000000000000000000
#
It:231:Diff:55:PSOStep:7:Time:30.169297595:s:AutomataStep:7:Transition:01100100111010100110111011101100011011101110100010100110001011100110011010001010010011100110011010101110000001001110101010001110100010101110110011100100111001100110101011100110100011101110111011101100111001101010011010101110111011100100011001100010011001101100111010001110000011101110110011100110011001000110100001101000111011101000111010100000111001101010111010100010011001101010111000000110001011101110011011101110111001001110011011000010111011101110100000001110111011100110011010001110011010100110111001101110
000000000000000000000
000000000000000000000
000000000000000000000
000110000000000000000
000101000000000000000
000011100000000000000
000100000110000000000
000011011110110000000
000101100111111000000
000101100100001100000
000100110101100100000
000011011011011100000
000001100110001010000
000000110110110100000
000000011110011010000
000000001111000110000
000000000110010100000
000000000011110111000
000000000000000000000
000000000000000000000
000000000000000000000
#
It:288:Diff:54:PSOStep:7:Time:37.441906869:s:AutomataStep:7:Transition:01000100110010100100110011001100010011001100000001100100101001000100010001101010010001000100010011100010001001001000010011001100110001001100100000001010110011100100111011000100000011001100110011001100110001000100010001001100110011000110010001000100010001001000110000101100011011001100010011000110010011100100110001001000100011001000110000000000111001000010110000000100010001000100110001100100101011001100010011001100111000001100011010000100110011001100110010001100110011000100010011000100010001000100110001001100
000000000000000000000
000000000000000000000
000000000000000000000
000100000000000000000
000101000000000000000
000000000000000000000
000010010000000000000
000010101000000000000
000000001000000000000
000001001010010000000
000001000111111000000
000000101101100100000
000000110110000000000
000000010111010000000
000000001011000100000
000000001101000100000
000000000110001000000
000000000011110111000
000000000000000000000
000000000000000000000
000000000000000000000
#
It:294:Diff:53:PSOStep:7:Time:38.315486797:s:AutomataStep:7:Transition:01100000110001100110011011001100011011001100110010100110101000000110011001000110001010100110011000100110100001100010101011001000110001101100110010000100110001100110101011000110010011001100110011000100110001100000011001101100010011000110011001100110011001001100110010001100101011000100010011000110011000000110010001101100100011001100110001000000111001101010110000101110011001100110110001101110011011001100011011001100011001001100011001000010110011001100100011001100110011000110011001100100011001100110110001101100
000000000000000000000
000000000000000000000
000000000000000000000
000110000000000000000
000111000000000000000
000011101000000000000
000010100000000000000
000010001111000000000
000001001100000000000
000001101101100000000
000001000100000000000
000000110010000110000
000000110000010100000
000000010110000010000
000000001011000110000
000000001111000110000
000000000110000110000
000000000011110111000
000000000000000000000
000000000000000000000
000000000000000000000
#
It:473:Diff:47:PSOStep:7:Time:60.94835092:s:AutomataStep:7:Transition:01100000110001100110011011001000011011001100100011100110011001100110011001100110011010101010011000101010110001101100101011000010110011101100110001001000110001101010111011000110001011000010110011001110110001101010000001101100111011000110101001100110011000101100110011001100111011001110010011000110011010000110001001100100110011001100110000001100011001101110110011101000011010101010110000100110100011001100101011001100011001001100111010100110110011000000110000001100110011000110011011101000011011101010110001100000
000000000000000000000
000000000000000000000
000000000000000000000
000110000000000000000
000111000000000000000
000001000000000000000
000010000000000000000
000011101110000000000
000001110000000000000
000001001110010000000
000000101010000000000
000000101011110110000
000000110000101100000
000000010111011110000
000000001011000110000
000000001111111110000
000000000111101110000
000000000011111111000
000000000000000000000
000000000000000000000
000000000000000000000
end
