PSO TRACE
INIT:../../instances/fazia/init.csv
REF:../../instances/fazia/asm1.csv
DecodingPolicy:Nibble:CDLE2
MutationPolicy:Std
ParticleNeighborhood:EDist
ParticleDims:146
ParticleCount:100
AccP:2.0
AccG:2.0
AccL:1.5
AccI:2.3
Pos:0.0-3.0
Inertia:0.9-0.6
VeloMax:2.0
MaxPSOIteration:500
InertiaDecrFactor:6.000000000000001E-4
INIT
000000000000000000000
000000000000000000000
000000000000000000000
000000000000000000000
000000000000000000000
000000000000000000000
000000000000000000000
000000000000000000000
000000000000000000000
000000000000000000000
000000000010000000000
000000000000000000000
000000000000000000000
000000000000000000000
000000000000000000000
000000000000000000000
000000000000000000000
000000000000000000000
000000000000000000000
000000000000000000000
000000000000000000000
REF
000000000000000000000
000000000000000000000
000000000000000000000
000110000000000000000
000111000000000000000
000011010000000000000
000010110100000000000
000011111101100000000
000010011011100000000
000001101110111100000
000001111101001010000
000000110111111110000
000001110110101110000
000000110111010010000
000000011111011010000
000000001101110110000
000000000110101110000
000000000011110111000
000000000000000000000
000000000000000000000
000000000000000000000
Nibble Decoder
#
It:0:Diff:85:PSOStep:4:Time:4.063356375:s:AutomataStep:4:Transition:01101000111011101010100010001000110011000000000010001000110000000110010001000100011010101100101011100100011010001100110011101000110011101100011001001100010000101010010010001100000011000010001010001010110001000000110001000010111001000000101000100100011000101000001001101100001000100100110000101110000010001000100001100000010011100110110010101110111000100100100010000010000000000100101010000010111001000110001001101100111011000000101010100010011000100010001001100010111000000100111001101110011000001000011000000010
000000000000000000000
000000000000000000000
000000000000000000000
000000000000000000000
000000000000000000000
000000000000000000000
000000100000001000000
000000100000001000000
000000010100011000000
000000010110100000000
000000001111011000000
000000001011011000000
000000000100001000000
000000000101010000000
000000000010111000000
000000000000000000000
000000000000000000000
000000000000000000000
000000000000000000000
000000000000000000000
000000000000000000000
#
It:1:Diff:76:PSOStep:6:Time:5.050549467:s:AutomataStep:6:Transition:01100000100001100110100001100110101011101000001011001010110000001010010011100000100010001000111011001110100010001010101001000100100011101000101011001000000010000000011001100110100010000010100011000000010011100100000011101010000011100010111000101110110010101000110011100010100000101110100010100000100001001000101011101100001011101010100010101110000000000010101000101010111010001110001001001010001001000010101000100010111000000000110000001000110001101010101000100110111000100110111001101010101011101010111001101000
000000000000000000000
000000000000000000000
000000000000000000000
000000000000000000000
000010000000000000000
000001000001000000000
000010011111100000000
000011011101010000000
000011010001001000000
000000110000110100000
000010101110001010000
000011111001011010000
000011000111011100000
000001100110110100000
000010000000010010000
000010111101011110000
000011101110111010000
000000000000000000000
000000000000000000000
000000000000000000000
000000000000000000000
#
It:2:Diff:68:PSOStep:7:Time:5.950277047:s:AutomataStep:7:Transition:01100100010001000100011011101110011001101100101000000000000010000110111010100000011001000000111010001010101000000010001010000110100011001110001010100110011010000000100000100110110000001000001000001010000011101010110000000110110011101110000001101110110011001010011010000000001001101110000001100100000010000010011011101110011011100000010010001110010011001110000011100110110001100110010011100110000010001110011000001000101010001110111011101000000011000100110001101000111001101110111001101000100011100110111001101010
000000000000000000000
000000000000000000000
000000000000000000000
000110000000000000000
000011000000000000000
000010110000000000000
000000000000000000000
000010101100000000000
000001110011000000000
000001001010000000000
000000110100100000000
000000111000011000000
000000010011010000000
000000001010110100000
000000001111010000000
000000000100111010000
000000000000001100000
000000000000000011000
000000000000000000000
000000000000000000000
000000000000000000000
#
It:29:Diff:68:PSOStep:7:Time:25.531117934:s:AutomataStep:7:Transition:01100100001001101100011011000100011010000000100001101110111001000110010011001000011010000000110001101000011000100010011001100110101000100000001011000110111001100100001001100110100011001110011001000110010001001000011011000110110010000010100000100010011010101100011010101100110000001100111010101100001011000110001011000100001010101100111001100100111010000100110000000110101011001100100010100110001011101100011001000100010011000100110001000110000001100100010010100010010001000000100001100010110000100110001001100000
000000000000000000000
000000000000000000000
000000000000000000000
000110000000000000000
000010000000000000000
000001000000000000000
000010101100000000000
000000100100000000000
000010111011000000000
000001100000001100000
000000100101001100000
000000001000001100000
000000011110101100000
000000000010111100000
000000000000011010000
000000000000001000000
000000000000000100000
000000000000000011000
000000000000000000000
000000000000000000000
000000000000000000000
#
It:91:Diff:68:PSOStep:7:Time:68.129965077:s:AutomataStep:7:Transition:01100100110010101100011011000000011000101000110010100100100000000110010000101100011001001000110001100110011000001000100001100000110000101000110010001000110001101000100001100110011001001100101010000110000000001000011010000110110011000110110001101000011001101100011011000100001010001110000010001110100010100110101011001110110011000100010001100000010000100000110011101010100010001100011011000110110010001100011001000000000011000000100000001010010011000000000000101000000000001010110001100110111011001010101001100000
000000000000000000000
000000000000000000000
000000000000000000000
000110000000000000000
000100000000000000000
000011110000000000000
000011110000000000000
000001101000000000000
000001010000000000000
000000101000000000000
000000111111000000000
000000011001100000000
000000011000000000000
000000001001001100000
000000001101111100000
000000000100010010000
000000000111011110000
000000000011101011000
000000000000000000000
000000000000000000000
000000000000000000000
#
It:164:Diff:64:PSOStep:7:Time:118.960112863:s:AutomataStep:7:Transition:01100010111011000110101001001110011010100010101010100100010001000110001001000100101000101110100010101010011011000010101010100010101010101010001010100010010010100010000001101010001011001110101011101010011001001100110001001010100010101010101010101100101010101010101011100010101000100100101000101010101011001010100010001110101000000100010010100100111010000100101010001010000000101100001010101000101010101100101001000100010001100100110001001100010000100100001011000110010010101110101000000010010010101010000010100110
000000000000000000000
000000000000000000000
000000000000000000000
000110101010000000000
000111001111000000000
000000100000100000000
000011011010110000000
000011111011110000000
000010000011101000000
000001001010100100000
000000101000000010000
000000110000000010000
000000110000110010000
000000111101001010000
000000010000011010000
000000001101100010000
000000000011011110000
000000000011101011000
000000000000000000000
000000000000000000000
000000000000000000000
end
