PSO TRACE
INIT:../../instances/fazia/init.csv
REF:../../instances/fazia/asvn1.csv
DecodingPolicy:Nibble
MutationPolicy:Null
ParticleNeighborhood:Fixed
ParticleDims:146
ParticleCount:100
AccP:2.0
AccG:2.0
AccL:1.5
AccI:2.3
Pos:0.0-3.0
Inertia:0.9-0.6
VeloMax:2.0
MaxPSOIteration:500
InertiaDecrFactor:6.000000000000001E-4
INIT
000000000000000000000
000000000000000000000
000000000000000000000
000000000000000000000
000000000000000000000
000000000000000000000
000000000000000000000
000000000000000000000
000000000000000000000
000000000000000000000
000000000010000000000
000000000000000000000
000000000000000000000
000000000000000000000
000000000000000000000
000000000000000000000
000000000000000000000
000000000000000000000
000000000000000000000
000000000000000000000
000000000000000000000
REF
000000000000000000000
000000000000000000000
000000000000000000000
000000000010000000000
000000000111000000000
000000001010100000000
000000011100110000000
000000101001101000000
000001111001111100000
000010111111111010000
000111011111110111000
000000000000000000000
000000000000000000000
000000000000000000000
000000000000000000000
000000000000000000000
000000000000000000000
000000000000000000000
000000000000000000000
000000000000000000000
000000000000000000000
Nibble Decoder
0 :1,2,3,4,
1 :0,2,3,4,
2 :0,1,3,4,
3 :0,1,2,4,
4 :0,1,2,3,
5 :6,7,8,9,
6 :5,7,8,9,
7 :5,6,8,9,
8 :5,6,7,9,
9 :5,6,7,8,
10 :11,12,13,14,
11 :10,12,13,14,
12 :10,11,13,14,
13 :10,11,12,14,
14 :10,11,12,13,
15 :16,17,18,19,
16 :15,17,18,19,
17 :15,16,18,19,
18 :15,16,17,19,
19 :15,16,17,18,
20 :21,22,23,24,
21 :20,22,23,24,
22 :20,21,23,24,
23 :20,21,22,24,
24 :20,21,22,23,
25 :26,27,28,29,
26 :25,27,28,29,
27 :25,26,28,29,
28 :25,26,27,29,
29 :25,26,27,28,
30 :31,32,33,34,
31 :30,32,33,34,
32 :30,31,33,34,
33 :30,31,32,34,
34 :30,31,32,33,
35 :36,37,38,39,
36 :35,37,38,39,
37 :35,36,38,39,
38 :35,36,37,39,
39 :35,36,37,38,
40 :41,42,43,44,
41 :40,42,43,44,
42 :40,41,43,44,
43 :40,41,42,44,
44 :40,41,42,43,
45 :46,47,48,49,
46 :45,47,48,49,
47 :45,46,48,49,
48 :45,46,47,49,
49 :45,46,47,48,
50 :51,52,53,54,
51 :50,52,53,54,
52 :50,51,53,54,
53 :50,51,52,54,
54 :50,51,52,53,
55 :56,57,58,59,
56 :55,57,58,59,
57 :55,56,58,59,
58 :55,56,57,59,
59 :55,56,57,58,
60 :61,62,63,64,
61 :60,62,63,64,
62 :60,61,63,64,
63 :60,61,62,64,
64 :60,61,62,63,
65 :66,67,68,69,
66 :65,67,68,69,
67 :65,66,68,69,
68 :65,66,67,69,
69 :65,66,67,68,
70 :71,72,73,74,
71 :70,72,73,74,
72 :70,71,73,74,
73 :70,71,72,74,
74 :70,71,72,73,
75 :76,77,78,79,
76 :75,77,78,79,
77 :75,76,78,79,
78 :75,76,77,79,
79 :75,76,77,78,
80 :81,82,83,84,
81 :80,82,83,84,
82 :80,81,83,84,
83 :80,81,82,84,
84 :80,81,82,83,
85 :86,87,88,89,
86 :85,87,88,89,
87 :85,86,88,89,
88 :85,86,87,89,
89 :85,86,87,88,
90 :91,92,93,94,
91 :90,92,93,94,
92 :90,91,93,94,
93 :90,91,92,94,
94 :90,91,92,93,
95 :96,97,98,99,
96 :95,97,98,99,
97 :95,96,98,99,
98 :95,96,97,99,
99 :95,96,97,98,
#
It:0:Diff:47:PSOStep:2:Time:0.414812792:s:AutomataStep:2:Transition:01101100001011000100101001101000011000000100100001101000001010000110011001000110111011000110111010000010011000001000111011000000000011101100111011100110001010101000011011000010010010101110001011100110001000100000000010001100000000100000001010001010110001000100000000000010111000100010010010000110010001100110100001100000000011001010011000001000010001100110111010101100111011000100010001000010100000000000101011100010010001101010111001100010101010100100100010101010010011101110001011000110001010000010011011000100
000000000000000000000
000000000000000000000
000000000000000000000
000000000000000000000
000000000000000000000
000000000000000000000
000000000000000000000
000000000000000000000
000000001000100000000
000000000000000000000
000000000100000000000
000000000000000000000
000000000000000000000
000000000000000000000
000000000000000000000
000000000000000000000
000000000000000000000
000000000000000000000
000000000000000000000
000000000000000000000
000000000000000000000
#
It:1:Diff:46:PSOStep:1:Time:0.798324455:s:AutomataStep:1:Transition:01101100010000101000010011001100101000101110010001001100000010001100100011001000101010000100100000000100001001000100011011001000000000101000110010100100010000100010111011101000010010101010110001001110110001001010001001000100001000100100110000101110011010000010110010001010101011001010010000001110111010100110111011001000000010000100111001000110101011000000110010000010111011100110011010001100010010101000011011000110111011001000110001100100101010001110111010000100100011000110010010001100111001001100101011100100
000000000000000000000
000000000000000000000
000000000000000000000
000000000000000000000
000000000000000000000
000000000000000000000
000000000000000000000
000000000000000000000
000000000000000000000
000000000111000000000
000000000011000000000
000000000100000000000
000000000000000000000
000000000000000000000
000000000000000000000
000000000000000000000
000000000000000000000
000000000000000000000
000000000000000000000
000000000000000000000
000000000000000000000
#
It:3:Diff:42:PSOStep:5:Time:0.983116579:s:AutomataStep:5:Transition:00100010001011100100110001100010111011101110111011100000010001100110011011100010111000101000111011000110110001001010111000101100001011001000001011100100111010001100111000000000000001100010000011001100000011000000010001001000000001000000111010001010011001000010000011101000000000001110010000001010010011100100101011001110000000000000110000000100000000000000000000000000110001000000100010101110011011101110100011000000000000000000011010101010000011100000100001000000111011001100100001000000110001100000111000100000
000000000000000000000
000000000000000000000
000000000000000000000
000000000000000000000
000000000000000000000
000000000010000000000
000000000001000000000
000000000110100000000
000000000000010000000
000000001100001000000
000000001011100100000
000000000000000000000
000000000000000000000
000000000000000000000
000000000000000000000
000000000000000000000
000000000000000000000
000000000000000000000
000000000000000000000
000000000000000000000
000000000000000000000
#
It:8:Diff:40:PSOStep:5:Time:1.357178391:s:AutomataStep:5:Transition:00001000011000001010011000101010011010000000111001000010011001000110000011100000111011101110000001100110111000100010111000101010001010101010011001100000011001000110011001000100001001100000011010101010001000001100101011000100110010100110101000001010011000000100111001100110001011000010000011001010011011000110000001001000000000100010011011100000001001001110011000001000011000100110011001100000011001100110111001101110010010100010111011100000001001100000010010000000000001101110000010101110010010100110001000100000
000000000000000000000
000000000000000000000
000000000000000000000
000000000000000000000
000000000000000000000
000000000000000100000
000000000000001000000
000000000001100000000
000000000000010000000
000000010111010000000
000000011111000000000
000000001000000000000
000000000000000000000
000000000000000000000
000000000000000000000
000000000000000000000
000000000000000000000
000000000000000000000
000000000000000000000
000000000000000000000
000000000000000000000
#
It:20:Diff:39:PSOStep:5:Time:2.104771724:s:AutomataStep:5:Transition:00100110110001100100010010100010100000000010100001100010010001000100101010001110011001101100101000100110010001001110010010100010011011000100010000000010011001000110100001001010011001000010101010000010011001001100100000000000001011101000011001000010011000100110100001100000000010001010001000100010010001001010001001001010001010000000010001001110010001101110010000101010010010100100010011000010011001000100010001000110010000100110000001000010001011101010101000100010100001001000110000100010010010100000000001101100
000000000000000000000
000000000000000000000
000000000000000000000
000000000000000000000
000000000000000000000
000000000010000000000
000000000110000000000
000000000000000000000
000000000000100000000
000000101101001000000
000001000001100100000
000000000000000000000
000000000000000000000
000000000000000000000
000000000000000000000
000000000000000000000
000000000000000000000
000000000000000000000
000000000000000000000
000000000000000000000
000000000000000000000
#
It:32:Diff:37:PSOStep:7:Time:2.858975018:s:AutomataStep:7:Transition:00100110100001000000010011001100110011000000001000101100111011100100110001001100000011000010110000101100010001001010010010001100010011001100110010101100101001000100110001101100100001001100101000100010001001000100111001000000110010100010110010100010111000100000100011101100010010101100101000100000111011000010001001001100001000100000110011000010001011000000010000100010010000000110000000101100110000000100010001101100010001000010001010001110001011001100101010000010110011100010010010000010111010101100001001001010
000000000000000000000
000000000000000000000
000000000000000000000
000000000010000000000
000000000001000000000
000000000000100000000
000000001010010000000
000000101100001000000
000000010100111100000
000011001001110010000
000100100001000101000
000000011110000000000
000000000100000000000
000000000000000000000
000000000000000000000
000000000000000000000
000000000000000000000
000000000000000000000
000000000000000000000
000000000000000000000
000000000000000000000
#
It:42:Diff:36:PSOStep:7:Time:3.547574182:s:AutomataStep:7:Transition:00100100001001101010001000101100111001100010001011100110000001100100011001100010000010001010000000001110110001101010011001100100010011000110100000000000101001100110001010001100000001100110101000000000110001101100001000000000100000001000011010101000001000100110110000001100101001101100000000100110010000100010011001101100001001000010001011000000100011000110111000100000011010001010110000100110110000000110000001101100011001100010110011100110100000000110100000100010000001100110100001100010101000001100001001000010
000000000000000000000
000000000000000000000
000000000000000000000
000000000010000000000
000000000001000000000
000000000000100000000
000000000000010000000
000000000010001000000
000000000011110100000
000000000000111110000
000000000000100111000
000000000000000000000
000000000000000000000
000000000000000000000
000000000000000000000
000000000000000000000
000000000000000000000
000000000000000000000
000000000000000000000
000000000000000000000
000000000000000000000
#
It:59:Diff:31:PSOStep:7:Time:4.938801337:s:AutomataStep:7:Transition:00100100110011100100101000000010110001100010001010100110110001100110011010100010010011001010011000101000100001100100000001100000000000100110001011101100011001100100001011001010100010101010111000001110100001101000111001100000000001101000011011100000001000100110000011100000000001101100001000100110111001101000011011101010001011101000011011100110000001000110001000100000011000000000001000100110000001100110000001100000011001000010000001100000000011100110101000100010000001100110000001100010011010100010110011000010
000000000000000000000
000000000000000000000
000000000000000000000
000000000010000000000
000000000101000000000
000000001100100000000
000000010101110000000
000000001000101000000
000001000000000100000
000011000000100010000
000100110001110001000
000000000000000000000
000000000000000000000
000000000000000000000
000000000000000000000
000000000000000000000
000000000000000000000
000000000000000000000
000000000000000000000
000000000000000000000
000000000000000000000
#
It:69:Diff:30:PSOStep:7:Time:5.612454948:s:AutomataStep:7:Transition:00100110110000000000111011100010101011001100001000000110110001100110011010000010000001100000111000101100001001101100011001101000001011000110111010001110111001101110110000101010111000000110111000100100100001101110111011101000011010001000000010000110100000100110100011100110111001100010011000100110110011101000011010100100001000100010111011101110000010000110100000101010011011001010110000101110010011100100011001101000111011100010111010000110110011101110111000100010101001101110010001101000011000101000000011000010
000000000000000000000
000000000000000000000
000000000000000000000
000000000010000000000
000000000100000000000
000000001011100000000
000000010011110000000
000000011111100000000
000000000111110000000
000011010110010010000
000101011111111101000
000000000100000000000
000000000000000000000
000000000000000000000
000000000000000000000
000000000000000000000
000000000000000000000
000000000000000000000
000000000000000000000
000000000000000000000
000000000000000000000
#
It:82:Diff:26:PSOStep:7:Time:6.511975274:s:AutomataStep:7:Transition:00100110110001100110001000000010101000100100001000101010011001100110010010000000011011001110100011000010001001101000011001100110010011101000001011100010100010001010001000100100100000100110001010000110111001100100001001100010100010100010010000100110100000100110100000101000000001101000010000100000011010001000011010001110001011100010010010001000100000101000011000100010011010101000110000100100011010000110011001100000110000001110101001100100001010001100011000100010011001101000001001000010100000101110001000000010
000000000000000000000
000000000000000000000
000000000000000000000
000000000010000000000
000000000111000000000
000000000000100000000
000000010111010000000
000000100000001000000
000001001001010100000
000010101010101110000
000101110110110001000
000000101000000000000
000000000000000000000
000000000000000000000
000000000000000000000
000000000000000000000
000000000000000000000
000000000000000000000
000000000000000000000
000000000000000000000
000000000000000000000
#
It:165:Diff:20:PSOStep:7:Time:12.31970645:s:AutomataStep:7:Transition:00100000110001100110101001100010111011100010001011000110001001100110011001101100011011000110011011001100101001101100100001001000011011100100110010101010011000100010111001100010011000000110001000000010000001100010001000100000001000100010101000100000101010100110011000100110101001100000011000100000011010001100011001101010010011000010011000001100101000100010101011100010011011000110011000100010000000101010011001100100000001101110111001100110111011101100011000101010011001101010100001101010001001001010001010101110
000000000000000000000
000000000000000000000
000000000000000000000
000000000010000000000
000000000111000000000
000000001010100000000
000000011110110000000
000000111110001000000
000001111000111100000
000010101000001010000
000101001100000011000
000000000000000000000
000000000000000000000
000000000000000000000
000000000000000000000
000000000000000000000
000000000000000000000
000000000000000000000
000000000000000000000
000000000000000000000
000000000000000000000
end
