PSO TRACE
INIT:../../instances/fazia/init.csv
REF:../../instances/fazia/asvn1.csv
DecodingPolicy:Nibble
MutationPolicy:Null
ParticleNeighborhood:Fixed
ParticleDims:146
ParticleCount:100
AccP:2.0
AccG:2.0
AccL:1.5
AccI:2.3
Pos:0.0-3.0
Inertia:0.9-0.6
VeloMax:2.0
MaxPSOIteration:500
InertiaDecrFactor:6.000000000000001E-4
INIT
000000000000000000000
000000000000000000000
000000000000000000000
000000000000000000000
000000000000000000000
000000000000000000000
000000000000000000000
000000000000000000000
000000000000000000000
000000000000000000000
000000000010000000000
000000000000000000000
000000000000000000000
000000000000000000000
000000000000000000000
000000000000000000000
000000000000000000000
000000000000000000000
000000000000000000000
000000000000000000000
000000000000000000000
REF
000000000000000000000
000000000000000000000
000000000000000000000
000000000010000000000
000000000111000000000
000000001010100000000
000000011100110000000
000000101001101000000
000001111001111100000
000010111111111010000
000111011111110111000
000000000000000000000
000000000000000000000
000000000000000000000
000000000000000000000
000000000000000000000
000000000000000000000
000000000000000000000
000000000000000000000
000000000000000000000
000000000000000000000
Nibble Decoder
0 :1,2,3,4,
1 :0,2,3,4,
2 :0,1,3,4,
3 :0,1,2,4,
4 :0,1,2,3,
5 :6,7,8,9,
6 :5,7,8,9,
7 :5,6,8,9,
8 :5,6,7,9,
9 :5,6,7,8,
10 :11,12,13,14,
11 :10,12,13,14,
12 :10,11,13,14,
13 :10,11,12,14,
14 :10,11,12,13,
15 :16,17,18,19,
16 :15,17,18,19,
17 :15,16,18,19,
18 :15,16,17,19,
19 :15,16,17,18,
20 :21,22,23,24,
21 :20,22,23,24,
22 :20,21,23,24,
23 :20,21,22,24,
24 :20,21,22,23,
25 :26,27,28,29,
26 :25,27,28,29,
27 :25,26,28,29,
28 :25,26,27,29,
29 :25,26,27,28,
30 :31,32,33,34,
31 :30,32,33,34,
32 :30,31,33,34,
33 :30,31,32,34,
34 :30,31,32,33,
35 :36,37,38,39,
36 :35,37,38,39,
37 :35,36,38,39,
38 :35,36,37,39,
39 :35,36,37,38,
40 :41,42,43,44,
41 :40,42,43,44,
42 :40,41,43,44,
43 :40,41,42,44,
44 :40,41,42,43,
45 :46,47,48,49,
46 :45,47,48,49,
47 :45,46,48,49,
48 :45,46,47,49,
49 :45,46,47,48,
50 :51,52,53,54,
51 :50,52,53,54,
52 :50,51,53,54,
53 :50,51,52,54,
54 :50,51,52,53,
55 :56,57,58,59,
56 :55,57,58,59,
57 :55,56,58,59,
58 :55,56,57,59,
59 :55,56,57,58,
60 :61,62,63,64,
61 :60,62,63,64,
62 :60,61,63,64,
63 :60,61,62,64,
64 :60,61,62,63,
65 :66,67,68,69,
66 :65,67,68,69,
67 :65,66,68,69,
68 :65,66,67,69,
69 :65,66,67,68,
70 :71,72,73,74,
71 :70,72,73,74,
72 :70,71,73,74,
73 :70,71,72,74,
74 :70,71,72,73,
75 :76,77,78,79,
76 :75,77,78,79,
77 :75,76,78,79,
78 :75,76,77,79,
79 :75,76,77,78,
80 :81,82,83,84,
81 :80,82,83,84,
82 :80,81,83,84,
83 :80,81,82,84,
84 :80,81,82,83,
85 :86,87,88,89,
86 :85,87,88,89,
87 :85,86,88,89,
88 :85,86,87,89,
89 :85,86,87,88,
90 :91,92,93,94,
91 :90,92,93,94,
92 :90,91,93,94,
93 :90,91,92,94,
94 :90,91,92,93,
95 :96,97,98,99,
96 :95,97,98,99,
97 :95,96,98,99,
98 :95,96,97,99,
99 :95,96,97,98,
#
It:0:Diff:44:PSOStep:2:Time:0.368950225:s:AutomataStep:2:Transition:01001010111010100010001010100110101011001000111000101110010000000100011000101100001011100000100010001110010010100110001000100110000010001100010001101000100011100110110001000100111000101000011000101010110010100000100011000100110000100100111000000000101010101100111010000100101000100110011011000010000000100100011010001010001001100100110010001110010011101000011010100000101011101110101000101110111001100110000010101000101000101100100011101100101011100110100011000000110000100010010011101110000010001000110000000110
000000000000000000000
000000000000000000000
000000000000000000000
000000000000000000000
000000000000000000000
000000000000000000000
000000000000000000000
000000000000000000000
000000001000100000000
000000001111100000000
000000000001000000000
000000000000100000000
000000000000100000000
000000000000000000000
000000000000000000000
000000000000000000000
000000000000000000000
000000000000000000000
000000000000000000000
000000000000000000000
000000000000000000000
#
It:4:Diff:42:PSOStep:2:Time:0.933953743:s:AutomataStep:2:Transition:01101100000011101110011001000110101010000010010011000000100001001100111011101010010010100100010010000110011011100100101010000100011000001110011001100100010001001000100000101110000001100010011011100100101010100110000011001100000001000100110001000100010001000000110011100010001011100000011011000100001011100110010010101110010011100110010001100100011001001010100000000100000001101110110001100100101001000100001001101110100001000010010010100110110001100100110001100100011010001000110010100100011000101100101011100100
000000000000000000000
000000000000000000000
000000000000000000000
000000000000000000000
000000000000000000000
000000000000000000000
000000000000000000000
000000000000000000000
000000001000100000000
000000000100100000000
000000001111100000000
000000000000000000000
000000001000000000000
000000000000000000000
000000000000000000000
000000000000000000000
000000000000000000000
000000000000000000000
000000000000000000000
000000000000000000000
000000000000000000000
#
It:6:Diff:39:PSOStep:5:Time:1.063868714:s:AutomataStep:5:Transition:01100110100000000110011001000110111000100110110011001000011000000110000010001100100000000100110000000010101001001000000001101100011000000010011001100000100000001010011011001000000001101110011000001000000011000110010011000000111010001000011010101000100000000000101011101010011000001000110001100100011000101100000000001100111000000110100001101010110000000010110000000000000001100000000000100100000000000100010001100110001001000110010011101100011010000000011001101000011000100110011011101000110011001000101011100010
000000000000000000000
000000000000000000000
000000000000000000000
000000000000000000000
000000000000000000000
000001100110000000000
000001011011000000000
000000000000100000000
000000001101010000000
000001111101011000000
000001000111100100000
000000010000000000000
000000000000000000000
000000000000000000000
000000000000000000000
000000000000000000000
000000000000000000000
000000000000000000000
000000000000000000000
000000000000000000000
000000000000000000000
#
It:11:Diff:38:PSOStep:3:Time:1.414921993:s:AutomataStep:3:Transition:01100110100001001000011011000110111001100110100010000000011001000110010010100000011010000100010001001100110001000010101011000100011000000110011010000000010001000110011001000100011001101110011001100110110011100000000001101010011000000110110011100000011001000100010000101010011001101100000001101100101000101000010010100100011011100110010011000100111001000110000011100100110001100100011001100110101001000010011001101100111011000010100001000110000001100100011000000110100011100110001001101010001001000110101010100110
000000000000000000000
000000000000000000000
000000000000000000000
000000000000000000000
000000000000000000000
000000000000000000000
000000000000000000000
000000011110000000000
000000011001000000000
000000011110100000000
000000011110110000000
000000000000000000000
000000000000000000000
000000000000000000000
000000000000000000000
000000000000000000000
000000000000000000000
000000000000000000000
000000000000000000000
000000000000000000000
000000000000000000000
#
It:16:Diff:37:PSOStep:7:Time:1.707307336:s:AutomataStep:7:Transition:00100000010001001100001001000010100011100000100001000110011010100110010011100110100001100100101010001010010001000010100011000100001011100110000001100110111001001000011010100100110001101010001000100000010011100000001011100100001011001000010011101000100010100100010011100100001000101100111000101000101000000100010011001100100010100110101010101100101001001110001001001100010000100100101000100000100001000000111001101100100010100000010001000010001000100100011001100010100000100010011000100100111010100100111001000000
000000000000000000000
000000000000000000000
000000000000000000000
000000000010000000000
000000000011000000000
000000000010000000000
000000000101010000000
000000101000101000000
000000001010000000000
000010001000010010000
000011000010001011000
000000011100010000000
000000000000000000000
000000000000000000000
000000000000000000000
000000000000000000000
000000000000000000000
000000000000000000000
000000000000000000000
000000000000000000000
000000000000000000000
#
It:30:Diff:34:PSOStep:7:Time:2.667544644:s:AutomataStep:7:Transition:00100000010001000110000011100010100011100010100010100000001010000000010011100010001011000100010010000100010001000010011001000110001000101000001000000110010001000110001001000100100000100100001000100010010011100010101011100100001011101110010001101110000000000100010010000100110000100100111000100100010000100110010010100110000010100010010011000100010001001010001001000100010000100100010000101010011010100010100000100000001001001000010001000010001000100100000000100010010000100010001000101000100001001010111010000010
000000000000000000000
000000000000000000000
000000000000000000000
000000000010000000000
000000000001000000000
000000000000100000000
000000000001000000000
000000000001000000000
000001100011111100000
000001100001010000000
000001000000010111000
000000000000000000000
000000000000000000000
000000000000000000000
000000000000000000000
000000000000000000000
000000000000000000000
000000000000000000000
000000000000000000000
000000000000000000000
000000000000000000000
#
It:32:Diff:32:PSOStep:7:Time:2.84378757:s:AutomataStep:7:Transition:00100110101001000010011000100010101011100010110001101110001001000110010000100000001000100100010000101000010001000010000000000010001000101010001011100010010001001100001001000100101000100100001011000010010000100010010000100100001011100110010000000010001011100100010010000100001000100100000000100100010000101100010000000110001001000010010001101110010001000100100001000100010000100100011000100100110010001100010000100010001010000010000001000010000000100100011000100010010000100010001000101110111001000000001001100000
000000000000000000000
000000000000000000000
000000000000000000000
000000000010000000000
000000000101000000000
000000001000100000000
000000010100110000000
000000100000001000000
000001000001000100000
000010011000000110000
000100000001101101000
000000000011010000000
000000000000000000000
000000000000000000000
000000000000000000000
000000000000000000000
000000000000000000000
000000000000000000000
000000000000000000000
000000000000000000000
000000000000000000000
#
It:46:Diff:25:PSOStep:7:Time:3.855431903:s:AutomataStep:7:Transition:00100010100011000000001001000010101010000110001011001100001001000000010010101100001011000100101000001100110001001000010011001110001010101100001010001010010001000100001011101110110010101100001000000010010000001100101010100100110001100000010011000000001001000100010000100100001000100100101000101100010000100000010011101110000011100010010011100100010001001100110010000100100000100100101000101110000001000000001000101110011001100000101001001010110000000100001010100010010000101100000000100100110001100100001010001010
000000000000000000000
000000000000000000000
000000000000000000000
000000000010000000000
000000000101000000000
000000001100100000000
000000010001010000000
000000001000001000000
000000101000010100000
000010010101110010000
000101010110000101000
000000000000000000000
000000000000000000000
000000000000000000000
000000000000000000000
000000000000000000000
000000000000000000000
000000000000000000000
000000000000000000000
000000000000000000000
000000000000000000000
#
It:64:Diff:23:PSOStep:7:Time:5.155833535:s:AutomataStep:7:Transition:00100010110000001110001011000010111000100010010001000010001010000010000000100000111001000100100000100000111000000000011010100000001000100110001010000010111000000010001001100000011000100110001010000110000011000010100000101100001010000010010010101100001000000000000011100000001000100000010000101000000000101110000000000000001000000000000000001000010000000010100000000000010000100000000000100110001000000100100010001100101000000100000000000010001001100000011000100100000000100000001000100110001000000000101010000010
000000000000000000000
000000000000000000000
000000000000000000000
000000000010000000000
000000000111000000000
000000000010100000000
000000011000010000000
000000100000101000000
000001110110000100000
000010100101111010000
000111010000000111000
000000010000000100000
000000000000000000000
000000000000000000000
000000000000000000000
000000000000000000000
000000000000000000000
000000000000000000000
000000000000000000000
000000000000000000000
000000000000000000000
#
It:127:Diff:22:PSOStep:7:Time:9.705732766:s:AutomataStep:7:Transition:00100000110001000100001000000010111000100000010001000010001011100110010000001010001011000100010000000100100001000010110010101100010000101110111001000010010001000000001001000100000000100000001001000010110010101100111000000110000010100010101010100100000001000100010001000100001000100100011011000000010000101100001001100100001010100000010000001100100010100000000000000100101001001110101000101100001010001000001010000100001001000100101010100010001000100000000000100010010000100010000000001110001011001100111010100010
000000000000000000000
000000000000000000000
000000000000000000000
000000000010000000000
000000000111000000000
000000001110100000000
000000010010010000000
000000101000101000000
000001111100010100000
000010101001001010000
000101000001010101000
000000000000000000000
000000000000000000000
000000000000000000000
000000000000000000000
000000000000000000000
000000000000000000000
000000000000000000000
000000000000000000000
000000000000000000000
000000000000000000000
#
It:444:Diff:19:PSOStep:7:Time:33.86650818:s:AutomataStep:7:Transition:00100100111010100100001011000010111011001010001001001000001011100110100010000000001000001100110011001100111001001010111000101010001000101110001011100010010001001110001011100100110000100100001000100010011001100010110000001110100000100010011000001000101001000100010000000100001000100100010000101110010000101100010001001110001001100010010000100100010011001110000010000100000000100100001000101110011010100010000000100010011000100000110001001010001000001000011000100010111000100000000001101110100000101000001011100110
000000000000000000000
000000000000000000000
000000000000000000000
000000000010000000000
000000000101000000000
000000001010100000000
000000010111010000000
000000101100101000000
000001011001110100000
000010101010011010000
000101010100010101000
000000000000000000000
000000000000000000000
000000000000000000000
000000000000000000000
000000000000000000000
000000000000000000000
000000000000000000000
000000000000000000000
000000000000000000000
000000000000000000000
end
