PSO TRACE
INIT:../../instances/fazia/init.csv
REF:../../instances/fazia/asm2.csv
DecodingPolicy:CPP2:CDLE2
MutationPolicy:Repr
ParticleNeighborhood:Fixed
ParticleDims:515
ParticleCount:100
AccP:2.0
AccG:2.0
AccL:1.5
AccI:2.3
Pos:0.0-3.0
Inertia:0.9-0.6
VeloMax:2.0
MaxPSOIteration:500
InertiaDecrFactor:6.000000000000001E-4
INIT
000000000000000000000
000000000000000000000
000000000000000000000
000000000000000000000
000000000000000000000
000000000000000000000
000000000000000000000
000000000000000000000
000000000000000000000
000000000000000000000
000000000010000000000
000000000000000000000
000000000000000000000
000000000000000000000
000000000000000000000
000000000000000000000
000000000000000000000
000000000000000000000
000000000000000000000
000000000000000000000
000000000000000000000
REF
000000000000000000000
000000000000000000000
000000000000000000000
000100000000000000000
000100000000000000000
000010111111000000000
000100001110100000000
000111111111010000000
000001100001011000000
000110101111010100000
000101101100111110000
000010100011110010000
000011111111110010000
000011000111110010000
000110110111011010000
000111101101110010000
000111100111100010000
000111111111111111000
000000000000000000000
000000000000000000000
000000000000000000000
Classic CPP Decoder
0 :1,2,3,4,
1 :0,2,3,4,
2 :0,1,3,4,
3 :0,1,2,4,
4 :0,1,2,3,
5 :6,7,8,9,
6 :5,7,8,9,
7 :5,6,8,9,
8 :5,6,7,9,
9 :5,6,7,8,
10 :11,12,13,14,
11 :10,12,13,14,
12 :10,11,13,14,
13 :10,11,12,14,
14 :10,11,12,13,
15 :16,17,18,19,
16 :15,17,18,19,
17 :15,16,18,19,
18 :15,16,17,19,
19 :15,16,17,18,
20 :21,22,23,24,
21 :20,22,23,24,
22 :20,21,23,24,
23 :20,21,22,24,
24 :20,21,22,23,
25 :26,27,28,29,
26 :25,27,28,29,
27 :25,26,28,29,
28 :25,26,27,29,
29 :25,26,27,28,
30 :31,32,33,34,
31 :30,32,33,34,
32 :30,31,33,34,
33 :30,31,32,34,
34 :30,31,32,33,
35 :36,37,38,39,
36 :35,37,38,39,
37 :35,36,38,39,
38 :35,36,37,39,
39 :35,36,37,38,
40 :41,42,43,44,
41 :40,42,43,44,
42 :40,41,43,44,
43 :40,41,42,44,
44 :40,41,42,43,
45 :46,47,48,49,
46 :45,47,48,49,
47 :45,46,48,49,
48 :45,46,47,49,
49 :45,46,47,48,
50 :51,52,53,54,
51 :50,52,53,54,
52 :50,51,53,54,
53 :50,51,52,54,
54 :50,51,52,53,
55 :56,57,58,59,
56 :55,57,58,59,
57 :55,56,58,59,
58 :55,56,57,59,
59 :55,56,57,58,
60 :61,62,63,64,
61 :60,62,63,64,
62 :60,61,63,64,
63 :60,61,62,64,
64 :60,61,62,63,
65 :66,67,68,69,
66 :65,67,68,69,
67 :65,66,68,69,
68 :65,66,67,69,
69 :65,66,67,68,
70 :71,72,73,74,
71 :70,72,73,74,
72 :70,71,73,74,
73 :70,71,72,74,
74 :70,71,72,73,
75 :76,77,78,79,
76 :75,77,78,79,
77 :75,76,78,79,
78 :75,76,77,79,
79 :75,76,77,78,
80 :81,82,83,84,
81 :80,82,83,84,
82 :80,81,83,84,
83 :80,81,82,84,
84 :80,81,82,83,
85 :86,87,88,89,
86 :85,87,88,89,
87 :85,86,88,89,
88 :85,86,87,89,
89 :85,86,87,88,
90 :91,92,93,94,
91 :90,92,93,94,
92 :90,91,93,94,
93 :90,91,92,94,
94 :90,91,92,93,
95 :96,97,98,99,
96 :95,97,98,99,
97 :95,96,98,99,
98 :95,96,97,99,
99 :95,96,97,98,
#
It:0:Diff:88:PSOStep:7:Time:3.955687056:s:AutomataStep:7:Transition:01100000110011001010011101111111110010111101110101110011101110011111011100110010111000111111101010101010100000100101011101111011011110001111011001100111011111011001100001010010011100011111100101100101110011101010101111000111011111111101110111111000110001111110011101110000110011010110111111101011110111111111111111111111011010100001000000111111101100000110100110011111010000101101110111111001011011111111000110101110011001110111000011100100011010110110011111101100111010011011100100110110111100011010101100001111
000000000000000000000
000000000000000000000
000000000000000000000
000110000000000000000
000101000000000000000
000001000000000000000
000101111100000000000
000110100110000000000
000001001111100000000
000111101110100110000
000100000010010011000
000011101111111101000
000001110110110111000
000001101001111001000
000111101001001101000
000101111101010011000
000110011101100111000
000101010101010101000
000000000000000000000
000000000000000000000
000000000000000000000
#
It:2:Diff:83:PSOStep:7:Time:6.638747342:s:AutomataStep:7:Transition:00110110111011111100001110011101011000001101011100110111000100111001011101111111101111100100100011110010000010000100000100001110111010001001100001100010001101011001010111100010000000110010101001100001011011100001010111011111100111011100001000010111111100111111010011101010000001000010000000000011011000000010101011001100001010110011011100100001000101000100111010100100110001110101000111110010100001011010100010001100001000100001001111000101000100100101000110101100101110110010111110010010010010110011101100001111
000000000000000000000
000000000000000000000
000000000000000000000
000000000010000000000
000000000100000000000
000000001111000000000
000000010110000000000
000000010111000000000
000001000101000000000
000011010111110000000
000111011000100000000
000010011101100000000
000110101001110000000
000010001100100100000
000101010010000100000
000000000011010000000
000111110001101100000
000111111001111011000
000000000000000000000
000000000000000000000
000000000000000000000
#
It:3:Diff:81:PSOStep:7:Time:7.545042516:s:AutomataStep:7:Transition:00100111011011111100111100011111111010111110110101110110101101111111011101110111111011001111101010111010100000100101010101010111111110101011111001110011101111011001110111100011011000111111111001101101111011111001111111000111101111111101011101011111111100111111110111111011110011011110001011100011010011111011101111101111111011110011011110111111100101000110101111111110110101110101100111111011110011111111000110001101011001011001001111100100010111110101110111101100111110111011111100010110111010111010101100000111
000000000000000000000
000000000000000000000
000000000000000000000
000000000010000000000
000000000011000000000
000000000111100000000
000000001111110000000
000000110110011000000
000001111101011100000
000010100100111110000
000011100101111111000
000011011110101111000
000011101111111111000
000010111100110110000
000010011111111111000
000010111110111000000
000011110011111111000
000111100011011011000
000000000000000000000
000000000000000000000
000000000000000000000
#
It:4:Diff:76:PSOStep:7:Time:8.556128:s:AutomataStep:7:Transition:00100011011111101100111111111111011010101110110100110110001101011111011101110111111011101111101111111010100000100101010100100011111110101011111011101010101111011011010111101010010000100111111001110001111011111001111111000111100111011100011101110110111100111110010101101011010011011010111000100011111011111110101111011101101011110011011100111111101101000110001110111110010111110111100111111000111111010011000110001110011001100001001111100110010101110111000111101101111110110000111100010111111010110011101100001111
000000000000000000000
000000000000000000000
000000000000000000000
000000000010000000000
000000000111000000000
000000001110100000000
000000011010010000000
000000110111111000000
000001101111110000000
000011101110101000000
000010011111101100000
000010111111111000000
000011111011111100000
000010101110110010000
000010111101001100000
000010101101110010000
000011110000101110000
000111100011011011000
000000000000000000000
000000000000000000000
000000000000000000000
#
It:5:Diff:76:PSOStep:7:Time:9.576569523:s:AutomataStep:7:Transition:00110111011011111100111100011111111000011111110100110110010101111011011101110111111011101111101110111010110000100101010100101111111110101011111011110010101101011111010111101011011000110111111011100001111011111001111111000111101111011100011101011111111101111111111111111011110011011110001010100011011011101110111111001111111011110011011110101101101101000100101011111110110101110111100111110101110011111010100100001101011000100001001111100110010100100101111111101100111110110010111100010110111011110011101100001111
000000000000000000000
000000000000000000000
000000000000000000000
000000000010000000000
000000000010000000000
000000000111000000000
000000001111000000000
000000110010110000000
000001111000110000000
000010111001111000000
000011101111101000000
000010110100011000000
000011101111111100000
000011011010111100000
000011100110110000000
000011011111010110000
000010101010111011000
000111111111111111000
000000000000000000000
000000000000000000000
000000000000000000000
#
It:7:Diff:70:PSOStep:7:Time:11.350666415:s:AutomataStep:7:Transition:00100101010111101100111111011101111001111101110100110111101101011111011101110111111011101111101110111010110000100101010101111011111110001101110001100010101101011011010011110110011000110111111000110001110011110001101111011111100110111100010101110011110000111111011111110111010011010110001110101011100000111110100111001101001010101011101110111111101111000101000011111110010111010111100111101011111111110011000110001110011001110001001011100110011111110111011111101101101010110100110100110111011000110011111100000011
000000000000000000000
000000000000000000000
000000000000000000000
000000000010000000000
000000000011000000000
000000000111100000000
000000001000110000000
000000100011000000000
000000110010011000000
000010110110011000000
000011111001011100000
000011111111010100000
000011111111110100000
000011110101010010000
000011100110011010000
000011010100111010000
000011101011111011000
000111111001111011000
000000000000000000000
000000000000000000000
000000000000000000000
#
It:19:Diff:64:PSOStep:7:Time:21.602624999:s:AutomataStep:7:Transition:00110101010111101110111111011111111001111111110100110110111100011110011101110111111010101111111111111010110011100001010101111011111110011011110001100011111101011011000111110100011000110111111010110001110011110011111101111111100110111100010101110001110000101111111111110111010011010010001110101011100000111110111111001101101010111011101110111111101111011111000011101110000111011111110111101011111111110011110010001110011001111001001011100111111111110111111111101101100010010101101100110111011000111111111100001011
000000000000000000000
000000000000000000000
000000000000000000000
000000000010000000000
000000000011000000000
000000001001100000000
000000001110100000000
000000101110010000000
000000110111010000000
000010111111011000000
000011110000111000000
000011110010110100000
000011110111010100000
000011110010110000000
000011111111010110000
000011001111111110000
000010110010101011000
000111111111111111000
000000000000000000000
000000000000000000000
000000000000000000000
#
It:130:Diff:61:PSOStep:7:Time:115.946559526:s:AutomataStep:7:Transition:00110111110011101101111110011111011111111110111100111111111100011111011111110111111011111111101111111010111001110100011101111011111111111111111111100111101101110111010011111100111010110111111110111101110011110001111011111111101111111100010111011110111110111111111111100011011011011110011111101011110101111110111111111110100011111111001110111001100101010110101010111100010101110111011111110111111111111111100110111111011001101001001111101111111111100111111111101111111110110111111101111111111101101101111110001111
000000000000000000000
000000000000000000000
000000000000000000000
000000000010000000000
000000000111000000000
000000001111100000000
000000011110110000000
000000111111011000000
000001111111001100000
000011111111110110000
000111111111110110000
000111111110111010000
000111111010100110000
000111111111010010000
000111111011011110000
000111100111110010000
000111011111101110000
000111111111111111000
000000000000000000000
000000000000000000000
000000000000000000000
#
It:205:Diff:60:PSOStep:7:Time:173.946280753:s:AutomataStep:7:Transition:00110111010111101111111110011011111001111111110100111111110100001110011111110111111010111111111111111010111011110001111001110011111110011011111001100111101101011011000011110110111010110111111010110100110011100011110101111111100110101100000100110001111110111111111111110111010011011010011111101010100001111110110111001100111010111011101110111111101111011111000011101110100111111111111111101011111111011111110000001010011000010001001011101111011111110111111111101101111010010110110100110111111100111011111111001011
000000000000000000000
000000000000000000000
000000000000000000000
000000000010000000000
000000000111000000000
000000001101100000000
000000011111010000000
000000111111000000000
000001111011111000000
000011111111010000000
000011111100111100000
000011110111010100000
000011111111111100000
000011111111111110000
000011110111011110000
000011111111111010000
000010010111111011000
000111111111111111000
000000000000000000000
000000000000000000000
000000000000000000000
#
It:253:Diff:58:PSOStep:7:Time:212.136600009:s:AutomataStep:7:Transition:00100110110111101101001111011111011011011011110100110111111100011110001111010111110011111111101111110010110011111101011101111110111111111011100100110011111101110111010111111100111010110111111011101101111011110001111011011111111110011100011111011101111110011111011101110001001011110111101011101111110100111110111111011111100101110111001100111111101111010111100110111100100101111111110111110111011011111111100110011110011001101001101111101111111110110111111011101101111110110111111101111010111101111101101110001111
000000000000000000000
000000000000000000000
000000000000000000000
000000000010000000000
000000000110000000000
000000001101000000000
000000011111100000000
000000111111111000000
000001111111111000000
000011111111111110000
000111111111111110000
000111111111111010000
000111111111111110000
000111111110101010000
000111111111111110000
000111101101111010000
000111011111101110000
000111111111111111000
000000000000000000000
000000000000000000000
000000000000000000000
#
It:263:Diff:55:PSOStep:7:Time:219.619848157:s:AutomataStep:7:Transition:00110100110011101101111111011111010111011111111110111111011100111110011111010111111011110111111111111110101011111101011101111111111111111111110100111111111101111111010011111010111010110111111110110101111011110001111011111111111111111100111111011111101110011111111101110001111011111110111111101011011101111110111111111111110111110111001110111111011111010011101011111010100101110111111111110011010111111111100100111101011001101001101111101101111111110110111101101110111110110111111101111010111101101101111111000111
000000000000000000000
000000000000000000000
000000000000000000000
000000000010000000000
000000000110000000000
000000001111100000000
000000011111100000000
000000111111111000000
000001110101011000000
000011111101111110000
000111111101111010000
000111111111111010000
000111111111011110000
000111111011110010000
000111111111011110000
000111010111111010000
000111000111110010000
000111111111111111000
000000000000000000000
000000000000000000000
000000000000000000000
#
It:269:Diff:54:PSOStep:7:Time:224.290457635:s:AutomataStep:7:Transition:01110101110011101111001110011111010110111111111100111011010100111110011111010111011011110111111111111110101110101101011101111111101111100111111101111111111101110111000011111100111010110111111110111101110011100011111011110111101110111100110101010111101100111111111001110111111011110110111111101011100101110000111111110111110111100101001110111111011011000110101011001110000101110111111111100101011011111110000100111111010001101001101101100101111111010101111111101111111110110111111101111111111100101101111110000111
000000000000000000000
000000000000000000000
000000000000000000000
000110000000000000000
000111100000000000000
000111111000000000000
000111101110000000000
000111111111100000000
000111101011111000000
000111111111001110000
000111111110111010000
000111110111111110000
000111111111111010000
000111110111111110000
000111100111111010000
000111011111110110000
000111000110010000000
000111111111111111000
000000000000000000000
000000000000000000000
000000000000000000000
#
It:345:Diff:54:PSOStep:7:Time:284.460901446:s:AutomataStep:7:Transition:00110101110111101101011110011111011110011011110100111111101100011111011110110111111011110111111111111111111011111101011101111111111111111111110101111111111101110111010111111000111010110111111111101101110011111001111011111111111110011100011111011111101110111111111101110101011011111111101111101111011101111110111111101111101101110111001110111111111111010110101101111110100101111111111111110110111011111111100110111100011001101001101111101111111111110111111111101101111110010111111101111010110111111101111110001111
000000000000000000000
000000000000000000000
000000000000000000000
000000000010000000000
000000000110000000000
000000001111100000000
000000011111100000000
000000111111111000000
000001111001111000000
000011111111111110000
000111111111111110000
000110111111111010000
000110111111111110000
000011111110111010000
000111111111111110000
000011101101110010000
000111011111101110000
000111111111111111000
000000000000000000000
000000000000000000000
000000000000000000000
#
It:347:Diff:53:PSOStep:7:Time:286.085546586:s:AutomataStep:7:Transition:00100100110111101101011110011111011110011011110100111111011100011111011110110111101011101111111111111011111011111101011101111111111111101111111101111111111101010111010111011000111010110111111111101101110010111001111011111101111110111100011111011101101110011111011101110001001011111111101111101111011101111010101111101111101111110111001100111111111111010110101111111010100101011111111111110110111011111111100110111100011001101001101111101101111111110111111111101101111110010111111101111010110111111101111110001111
000000000000000000000
000000000000000000000
000000000000000000000
000000000010000000000
000000000110000000000
000000001111100000000
000000011111100000000
000000111111111000000
000001101001111000000
000011011111111110000
000111111111111010000
000110111111111010000
000110111111101010000
000011111111111010000
000111111111111010000
000011101101110010000
000111011111101110000
000111111111111111000
000000000000000000000
000000000000000000000
000000000000000000000
#
It:393:Diff:52:PSOStep:7:Time:321.314717181:s:AutomataStep:7:Transition:01110101110011101111011110011111011110111111111110111111111100011111011111110111111011110111111011111011101111111000011101111111111110100111111101111111111101110111010111111100111010110111111111101001110011110011111111111111101110111100011111011111101100111111111111110101111011110110111111101011001000111110111111101111111111110110001100111111100111010111100111111110100101111111101111110111011111111111110110111111001001101001101111101101111011110111111101101111111010110110111100111010110101111111111110001111
000000000000000000000
000000000000000000000
000000000000000000000
000110000000000000000
000111100000000000000
000111111000000000000
000111111110000000000
000111111111100000000
000111111111111000000
000111111111111110000
000111111111111010000
000111111111111010000
000111111111100010000
000111111111110010000
000111111111111010000
000111101101110010000
000111001111110110000
000111111111111111000
000000000000000000000
000000000000000000000
000000000000000000000
#
It:432:Diff:51:PSOStep:7:Time:351.790832315:s:AutomataStep:7:Transition:01110101110111111100011110011111011110111111111100111111110100011111011110110111111011111111111011111111101111111001011101111111111111101111111101111111111101010111010111111100111010110111111111101101110011110011111011111111111110111100111111111101101110111111011111110011101011111111111111101111001001111110111111101111100111110101001100111111111111000111101111111010100101111111111111110110111111111110110110111111001001101001101111001101111011110111111101101111111010000111111101111111110101111101111110001111
000000000000000000000
000000000000000000000
000000000000000000000
000110000000000000000
000111100000000000000
000110111000000000000
000111111110000000000
000111111111100000000
000111111111111000000
000111001111111110000
000101111111111010000
000111111111111010000
000110111111101010000
000111111111110010000
000111111111111010000
000111101101110010000
000111001111100110000
000111111111111111000
000000000000000000000
000000000000000000000
000000000000000000000
#
It:490:Diff:50:PSOStep:7:Time:396.20640142:s:AutomataStep:7:Transition:01100101110011111100001111011011011010111011111100111111011100111011111111010111111011101111101111110110111111100101010101111111111010111011111100111111111101110111100111111100001010110101111110111001110011110011101111110111111110111100110110011111101110011111111101100011100011011110101111101011010101111110111111110110100111111111101010111111100011000110100111111010100001011101111111110111110011110111110110111110000001111101101111101101111011110111111101101111111010000101101100111011110101101101111110001111
000000000000000000000
000000000000000000000
000000000000000000000
000110000000000000000
000100010000000000000
000111111100000000000
000111001110000000000
000111011111100000000
000111111011111000000
000111111111101110000
000111111111101010000
000111111111011010000
000111111111111010000
000111111110111010000
000111111111011010000
000111101101110010000
000111001111100110000
000111111111111111000
000000000000000000000
000000000000000000000
000000000000000000000
end
