PSO TRACE
INIT:../../instances/fazia/init.csv
REF:../../instances/fazia/asm2.csv
DecodingPolicy:CPP2:CDLE2
MutationPolicy:Repr
ParticleNeighborhood:Fixed
ParticleDims:515
ParticleCount:100
AccP:2.0
AccG:2.0
AccL:1.5
AccI:2.3
Pos:0.0-3.0
Inertia:0.9-0.6
VeloMax:2.0
MaxPSOIteration:500
InertiaDecrFactor:6.000000000000001E-4
INIT
000000000000000000000
000000000000000000000
000000000000000000000
000000000000000000000
000000000000000000000
000000000000000000000
000000000000000000000
000000000000000000000
000000000000000000000
000000000000000000000
000000000010000000000
000000000000000000000
000000000000000000000
000000000000000000000
000000000000000000000
000000000000000000000
000000000000000000000
000000000000000000000
000000000000000000000
000000000000000000000
000000000000000000000
REF
000000000000000000000
000000000000000000000
000000000000000000000
000100000000000000000
000100000000000000000
000010111111000000000
000100001110100000000
000111111111010000000
000001100001011000000
000110101111010100000
000101101100111110000
000010100011110010000
000011111111110010000
000011000111110010000
000110110111011010000
000111101101110010000
000111100111100010000
000111111111111111000
000000000000000000000
000000000000000000000
000000000000000000000
Classic CPP Decoder
0 :1,2,3,4,
1 :0,2,3,4,
2 :0,1,3,4,
3 :0,1,2,4,
4 :0,1,2,3,
5 :6,7,8,9,
6 :5,7,8,9,
7 :5,6,8,9,
8 :5,6,7,9,
9 :5,6,7,8,
10 :11,12,13,14,
11 :10,12,13,14,
12 :10,11,13,14,
13 :10,11,12,14,
14 :10,11,12,13,
15 :16,17,18,19,
16 :15,17,18,19,
17 :15,16,18,19,
18 :15,16,17,19,
19 :15,16,17,18,
20 :21,22,23,24,
21 :20,22,23,24,
22 :20,21,23,24,
23 :20,21,22,24,
24 :20,21,22,23,
25 :26,27,28,29,
26 :25,27,28,29,
27 :25,26,28,29,
28 :25,26,27,29,
29 :25,26,27,28,
30 :31,32,33,34,
31 :30,32,33,34,
32 :30,31,33,34,
33 :30,31,32,34,
34 :30,31,32,33,
35 :36,37,38,39,
36 :35,37,38,39,
37 :35,36,38,39,
38 :35,36,37,39,
39 :35,36,37,38,
40 :41,42,43,44,
41 :40,42,43,44,
42 :40,41,43,44,
43 :40,41,42,44,
44 :40,41,42,43,
45 :46,47,48,49,
46 :45,47,48,49,
47 :45,46,48,49,
48 :45,46,47,49,
49 :45,46,47,48,
50 :51,52,53,54,
51 :50,52,53,54,
52 :50,51,53,54,
53 :50,51,52,54,
54 :50,51,52,53,
55 :56,57,58,59,
56 :55,57,58,59,
57 :55,56,58,59,
58 :55,56,57,59,
59 :55,56,57,58,
60 :61,62,63,64,
61 :60,62,63,64,
62 :60,61,63,64,
63 :60,61,62,64,
64 :60,61,62,63,
65 :66,67,68,69,
66 :65,67,68,69,
67 :65,66,68,69,
68 :65,66,67,69,
69 :65,66,67,68,
70 :71,72,73,74,
71 :70,72,73,74,
72 :70,71,73,74,
73 :70,71,72,74,
74 :70,71,72,73,
75 :76,77,78,79,
76 :75,77,78,79,
77 :75,76,78,79,
78 :75,76,77,79,
79 :75,76,77,78,
80 :81,82,83,84,
81 :80,82,83,84,
82 :80,81,83,84,
83 :80,81,82,84,
84 :80,81,82,83,
85 :86,87,88,89,
86 :85,87,88,89,
87 :85,86,88,89,
88 :85,86,87,89,
89 :85,86,87,88,
90 :91,92,93,94,
91 :90,92,93,94,
92 :90,91,93,94,
93 :90,91,92,94,
94 :90,91,92,93,
95 :96,97,98,99,
96 :95,97,98,99,
97 :95,96,98,99,
98 :95,96,97,99,
99 :95,96,97,98,
#
It:0:Diff:96:PSOStep:6:Time:4.454324028:s:AutomataStep:6:Transition:01010111011111110111001110101011110111110011111111101110111101111111010101110011111010011011110101100111011010011001100101101101101011001110111000111101110101111110111111011111111011011010111111101000001111101100101111100111111110110100011101101110110111110111101010111001101111111101111111011111110011110111110111111011111111101011111011011110101001010111011101110101111101001111110100111110111111111011101111111111110110110111111111111111000111110111001111110011111101011011110101101111111101111101111111111001
000000000000000000000
000000000000000000000
000000000000000000000
000000000000000000000
000010000000000000000
000000100000000000000
000010001110000000000
000001011101000000000
000011100010100000000
000000111111101000000
000010111101100010000
000000011101111100000
000011111011110000000
000001101110000000000
000010101000000000000
000001110000000000000
000011000000000000000
000000000000000000000
000000000000000000000
000000000000000000000
000000000000000000000
#
It:1:Diff:85:PSOStep:6:Time:5.398155268:s:AutomataStep:6:Transition:01110111111111111111111111111111011111111011111111111111111111111111111111111111111111111111111101111111111111111111010111111111111111111111111111101111111111111111111111111111111011111011111111111111101111001111111111101111111111111111111111111111110110111111111111111111111111111101111111111111111111111111110111111111111111111111111111011111111111111111111111111111111111011111111111111111111111110111111111111111111111111111111111111111111111111111101110111111111111111011111111111111111111111101111111111111
000000000000000000000
000000000000000000000
000000000000000000000
000000000000000000000
000011111110000000000
000011111111000000000
000010111111100000000
000010111111110000000
000010111111111000000
000010111111111100000
000010111011111100000
000011111111111100000
000011111111111100000
000011111111111100000
000010111111111100000
000011111111111100000
000011111111111110000
000000000000000000000
000000000000000000000
000000000000000000000
000000000000000000000
#
It:2:Diff:83:PSOStep:7:Time:6.249531975:s:AutomataStep:7:Transition:01110111010111111110111011111111011111101011011010111011111111111110111111101011001111110101110100101000111110011101010111101111011111111011011101101001110111111000011111111111110111101110111111111010111111001101101101100011111111111110101111111011100111101111011001111101111101111101111111011011111111011101110110101110111011111111101011001111011101011111010011110011011111110001111111011101110101110111111001111111110101110100111001101011110011011110011110111011111111111011111110111111011001111101111001001011
000000000000000000000
000000000000000000000
000000000000000000000
000111111110000000000
000011111111000000000
000111111111100000000
000000000111110000000
000111111111011000000
000010111001001100000
000111110110010100000
000000011110111100000
000111111110111000000
000010011111001100000
000111011101101000000
000000110111001100000
000110111001110110000
000011101110111010000
000101010101010101000
000000000000000000000
000000000000000000000
000000000000000000000
#
It:3:Diff:77:PSOStep:6:Time:7.02441902:s:AutomataStep:6:Transition:01110111111111111110101111101111111111101111011010111111111111111110111111111011101111011111110101111001111110111111000111101111111111111111111011101001111011111010011111111111111011101110111111111011111111011111111111110011111111111110111111111011110111101111011111111101111101111101111111111011111111111101110110111110111011111011101011111111111101111111010111111011111111110101111111111111110111110111111011111111111101110100111001111011110111111110111110111011111111111011101110111111011011111111111001101111
000000000000000000000
000000000000000000000
000000000000000000000
000000000000000000000
000011111110000000000
000010111111000000000
000011111111100000000
000011101111110000000
000011111011111000000
000010101111111100000
000011111110111010000
000011101111110110000
000011101111111110000
000010111111011110000
000011110111111110000
000011000000000010000
000011111111111110000
000000000000000000000
000000000000000000000
000000000000000000000
000000000000000000000
#
It:9:Diff:74:PSOStep:7:Time:12.285943945:s:AutomataStep:7:Transition:01110101111111111110111011111111111111111100111110011101111110001110010111111010101100111111101101111111011110011111101111111111111011111111011111011011110101101010111101111001000101101010111111111101101111100111110111101001011110111101010111111011011110110110011110111111110111110111011111011111011111111011111111101111111111111111111001011110111100001111011011011001011111110111101111111111110111111111101111011111111111110011111111110011111111111011111111111111111111111011101110111011111111011101101110101110
000000000000000000000
000000000000000000000
000000000000000000000
000110000000000000000
000111100000000000000
000111011000000000000
000111011110000000000
000110010111100000000
000111111011111000000
000110111111111110000
000111011110111111000
000111111011101110000
000111011111111100000
000111111111111000000
000111010111110000000
000111110011100000000
000111111111000000000
000111111110000000000
000000000000000000000
000000000000000000000
000000000000000000000
#
It:12:Diff:64:PSOStep:7:Time:14.599205394:s:AutomataStep:7:Transition:01110101111110111111111011111111011111111111011111010111110101101110011000111011111100110110110100111001111110101111111101111111111011111111011111101001111011101010011110111011100111101011110111010101101111001111110111101001111111111011011111111011011110111111111111111111110111111101111010011111111110111011111111111111111111111111101111011111111111101111011111011011101111011111111111111111010101111111111011111111111101110110111111110111111111111111101111111110111111111111111111111101101111111101111101001011
000000000000000000000
000000000000000000000
000000000000000000000
000110000000000000000
000111100000000000000
000011111000000000000
000111111110000000000
000110011111100000000
000011111111111000000
000110111111111110000
000111101111111110000
000011110111111110000
000001111011010110000
000011111111111110000
000101111101111110000
000111111011101110000
000100011001100110000
000111111111111111000
000000000000000000000
000000000000000000000
000000000000000000000
#
It:16:Diff:56:PSOStep:7:Time:17.654013028:s:AutomataStep:7:Transition:01110101111110111111111011111111010111111111011111010011110101011110011000111011011101110110110100111001111110101111111101111111110011111111011111001011111011101010011100111011100111101010110111011101100111001110110101101001111111111011111111111011111110111111111111111111110101011101101111011111111110111011111101111111111111111111101111011111111011101111011111011011101111011111110111111111010101111111101011111111111101110110111101110011111111111111101111111010111111111111101111111101101011111101111111001011
000000000000000000000
000000000000000000000
000000000000000000000
000110000000000000000
000111100000000000000
000001111000000000000
000111011110000000000
000111111111100000000
000001111111111000000
000111001111111110000
000111111110011110000
000001100011111110000
000001111111111110000
000001011111111110000
000111011111111110000
000111111111111110000
000110111111111110000
000111111111111111000
000000000000000000000
000000000000000000000
000000000000000000000
#
It:44:Diff:55:PSOStep:7:Time:39.465790522:s:AutomataStep:7:Transition:01110101110110111111011011111101011011111111111011010010110101011100011000111010011101010100000111111101010110101111110001111011110111111111011111101001111001101111011100111011110111111010010111011101100111000110010111111101111101011010111111111010111111111111111111111111110100111101101111011111101110111011111001111011111001101101111011011111110001101111010011011011101110010111100111111111010011111111101001110101101101010100101011110111011111011111100111111011110110111111110100101101101011111101111011101011
000000000000000000000
000000000000000000000
000000000000000000000
000110000000000000000
000110110000000000000
000011100110000000000
000101001110100000000
000111111110010000000
000011111011111000000
000111111111111110000
000101110100111110000
000011010110100110000
000010111111111110000
000000100011011110000
000110100010101110000
000111101110111010000
000101010101010110000
000111111111111111000
000000000000000000000
000000000000000000000
000000000000000000000
#
It:72:Diff:53:PSOStep:7:Time:61.969781254:s:AutomataStep:7:Transition:01110101110110111111011011111110011011111111011011010110110101011100011000111010101111010100010100111111010110111111010001011011101111111111001110101101111001101001111100111011011111111010110111010111100111001110011111110111110101011010111111111010111111111111111111111111010100111101011111011111001110111011111110111000111101101001011011010111010001101111010011111001101110110101110011111111010011111111101001110101101101010101101101111111011111011101100110111001111111111111100111111001101011111101111011111111
000000000000000000000
000000000000000000000
000000000000000000000
000110000000000000000
000110110000000000000
000011010100000000000
000101111101100000000
000111100111010000000
000011101001010000000
000111101111011110000
000101101111101110000
000011110101111110000
000011111110111110000
000010101111111110000
000100111111111110000
000111111111111010000
000101010101010110000
000111111111111111000
000000000000000000000
000000000000000000000
000000000000000000000
#
It:135:Diff:51:PSOStep:7:Time:111.558275178:s:AutomataStep:7:Transition:01110101110110111110011011111110011011111111111010110010110101011100011000111010111100110100010110111001010110111111110101011011101111111101001010101101101011101010111100111011000011111010100111010101101110001111011101100100111111011110111111111011101111111111111110111111010101110101101110011111011110111011111111111001011111101001001111011111110101101111011011111011100111110101100111111111010001110111100001110001101101010111101001111111011111111101100011111011110110111011101111111001101111101100111010111011
000000000000000000000
000000000000000000000
000000000000000000000
000110000000000000000
000110110000000000000
000001111110000000000
000111101010100000000
000111100110110000000
000001111111011000000
000110111111111110000
000111111111101110000
000001100111111110000
000001111011110110000
000001111111111010000
000110111111010010000
000110111111110010000
000111101101010110000
000111111111111111000
000000000000000000000
000000000000000000000
000000000000000000000
#
It:304:Diff:50:PSOStep:7:Time:249.161734144:s:AutomataStep:7:Transition:01110101110010110110011011011110011011111110111010010110110111011110011000111010101101010110010110111011011100101110110101111011100111111100001111101101111111001000111100111011000111111010100011000111101110001111011011110100111111011011111111111001111111111111101110111111010100110101101111011111001110111011111111111100011111111101001111010011110101101111011011111011101101110101100111111111010101111111100000110001101001100111101001111111011111111101101011111100110111111011101111111001101111101100111011111011
000000000000000000000
000000000000000000000
000000000000000000000
000110000000000000000
000100000000000000000
000011011000000000000
000100001110000000000
000111111111100000000
000011111111111000000
000110011111111100000
000110111111011110000
000010111111111110000
000011110111101110000
000011001111010110000
000110010101111010000
000111111110111110000
000101010110101010000
000111111111111111000
000000000000000000000
000000000000000000000
000000000000000000000
#
It:311:Diff:49:PSOStep:7:Time:254.633687105:s:AutomataStep:7:Transition:01110101110010111111011011011110011011111111111111100010110101011100011000111111111110010110010110101101010110111010011001011011100111111111010110101001111001101001111101111001001011111010100111000101111110001111010111110100011101011011111111111001110111111111111111010011010101110101101111011111011110111011111011111001010111011001001101010111110111001111010011111010100101101101100111111111011111111111100000111001101001110111111001111111111111111111101011111011110011111111101111111001101011111100111111111011
000000000000000000000
000000000000000000000
000000000000000000000
000110000000000000000
000110110000000000000
000011111110000000000
000111111110100000000
000111111111010000000
000010100011111000000
000110111111111110000
000111101101111110000
000010111111111110000
000010011111111110000
000001011111111110000
000111111111111110000
000110111111111110000
000101111111111110000
000111111111111111000
000000000000000000000
000000000000000000000
000000000000000000000
#
It:359:Diff:49:PSOStep:7:Time:291.639086851:s:AutomataStep:7:Transition:01110101110110110111011011111101011011111110111011100010110101011100010000111011101100001010011100111101010110100110011101011011100110111111011110101101101001101101011111111001011011111010110111010111111110000111010111110100101101011111111111111001110111111111111100010111110101110101001111011111101110111011111011101011010111001101011111010111110101000011110011111011100001101101100111011111011101110111100010111001101101000111101001110011011111111101100111111011110111111011111101111001101011111000111010010011
000000000000000000000
000000000000000000000
000000000000000000000
000110000000000000000
000111110000000000000
000011111110000000000
000111111111100000000
000111111111110000000
000010111111111000000
000110101111110100000
000101101100011110000
000011101101110110000
000011011100110010000
000011101010011110000
000111100110011010000
000110101111101110000
000111101110111010000
000111111111111111000
000000000000000000000
000000000000000000000
000000000000000000000
#
It:445:Diff:48:PSOStep:7:Time:358.285729078:s:AutomataStep:7:Transition:01110101110110111110011011111111011111111111111101110010110101011100011000111011101010010011011101101101011110101111010111011011100111111111111110101101111001100101111111111001011011111010011111010111111110001111010111110101111101011111111111111101111111111111111110010011110100110101011111011111011110111011111111101011011111001001011111011111110101001111110111111011101011101111100011011111011111111111000001111001101101110111111001111111011111111111100111111011110001111011111011111001101011111000111111010011
000000000000000000000
000000000000000000000
000000000000000000000
000110000000000000000
000110110000000000000
000011111110000000000
000111011110100000000
000111111111110000000
000011111110111000000
000110101011111110000
000111111110110110000
000011111111110010000
000001111111111110000
000011100111011010000
000111111111111110000
000111101011111010000
000101111011101110000
000111111111111111000
000000000000000000000
000000000000000000000
000000000000000000000
end
