PSO TRACE
INIT:../../instances/fazia/init.csv
REF:../../instances/fazia/asm2.csv
DecodingPolicy:CPP
MutationPolicy:Null
ParticleNeighborhood:DynamicGeneralizedEuclideanDistance
ParticleDims:515
ParticleCount:100
AccP:2.0
AccG:2.0
AccL:1.5
AccI:2.3
Pos:0.0-3.0
Inertia:0.9-0.6
VeloMax:2.0
MaxPSOIteration:500
InertiaDecrFactor:6.000000000000001E-4
INIT
000000000000000000000
000000000000000000000
000000000000000000000
000000000000000000000
000000000000000000000
000000000000000000000
000000000000000000000
000000000000000000000
000000000000000000000
000000000000000000000
000000000010000000000
000000000000000000000
000000000000000000000
000000000000000000000
000000000000000000000
000000000000000000000
000000000000000000000
000000000000000000000
000000000000000000000
000000000000000000000
000000000000000000000
REF
000000000000000000000
000000000000000000000
000000000000000000000
000100000000000000000
000100000000000000000
000010111111000000000
000100001110100000000
000111111111010000000
000001100001011000000
000110101111010100000
000101101100111110000
000010100011110010000
000011111111110010000
000011000111110010000
000110110111011010000
000111101101110010000
000111100111100010000
000111111111111111000
000000000000000000000
000000000000000000000
000000000000000000000
Classic CPP Decoder
#
It:0:Diff:98:PSOStep:7:Time:0.102943601:s:AutomataStep:7:Transition:00101010100001100100110100000000001001110001000000001101011100001101100001010010000101010010101110111000110100000000001010000000101010101101010100001110000011100001100100000010000000100001011100000001000001000100110010000000000000001101001100100000000011011000010100000100001010100010001000100011110101001101110010000000001100000101111001000011000100011001000000000000110000100001000011100100110000111110110001110000110101011000000101011001000010000110010110010011000000010001001000100100000110000100000001100000
000000000000000000000
000000000000000000000
000000000000000000000
000000000000000011000
000000000000111000000
000000000000101011000
000000001101101000000
000000001100100011000
000000010110100000000
000000010011101011000
000001000100110000000
000000100001110011000
000010001101101000000
000011000100001011000
000011110001110000000
000000001100110011000
000101100010001000000
000111111001111011000
000000000000000000000
000000000000000000000
000000000000000000000
#
It:1:Diff:94:PSOStep:6:Time:0.227227496:s:AutomataStep:6:Transition:00101100110101110110111001001000011101001010000000000011011000001000101011000010010011100101001011110011000101000000100010100000100011100101000001000110011010100111000000110010011010001001100000101111000001001011110000001010000000000011100011010000010001001001011000000110000111100100101110101011100010101011101000101010001110111101101011010000001100011001001100110011111000000100110001110101100010111000000000011001100110010000010001100100001110000101100110010000000000010001011001011110000100011110000000000100
000000000000000000000
000000000000000000000
000000000000000000000
000000000000000000000
000000000000000010000
000000000000101000000
000000000110000000000
000000010001100000000
000000100010100010000
000001101110010000000
000010011111001000000
000010100011010000000
000010011110010010000
000011001010101000000
000010010111100000000
000010001000100000000
000010001000100010000
000000000000000000000
000000000000000000000
000000000000000000000
000000000000000000000
#
It:2:Diff:81:PSOStep:7:Time:0.364160145:s:AutomataStep:7:Transition:01110111110010010001011100011000110001100001100111000110000000101101001111000101011011000010101010110011100000100110100010101000110010010001101011111011011010111110000001111011110101001111100001001111010001000000001000001110001101000111000011001000110000001010011010000110000001111101010000001011011010111001001001101101010111001110001001100000100010011010101100000101101010000100100111010110000000100000010111000000000110100100010101100110001100010001001001000010100101010000010101011100101110110110110000101011
000000000000000000000
000000000000000000000
000000000000000000000
000111111110000000000
000100000000000000000
000101000000000000000
000111111110100000000
000110101001010000000
000101000000010000000
000110100111011000000
000110100000101000000
000111010110101100000
000111010100000100000
000110000010000000000
000111111010010000000
000111100111011010000
000110100101101011000
000111111001111011000
000000000000000000000
000000000000000000000
000000000000000000000
#
It:10:Diff:80:PSOStep:7:Time:1.016719103:s:AutomataStep:7:Transition:01110101110110111111111100111100001011111001100111111111010010101001111111010111111111000111111011011111110101111110100111101001111011110001100111111111110110111111000011111010101101011111101111011111011001100101111110001111101000000111111011011110111000101001111011011111110011111111111101011011111011110011111111111111011101111110101011110101000110011111100101101101111010101100110111101111010110111000111101111100000110101110011101101111001110000011111001011011110101111000110111111111111111110110110101111011
000000000000000000000
000000000000000000000
000000000000000000000
000110000000000000000
000111100000000000000
000100111000000000000
000111101110000000000
000111001111100000000
000100110110111000000
000101101101101100000
000111111110110100000
000110000100100110000
000101101011111110000
000100101001011110000
000111111100110000000
000111001111101010000
000110110100111010000
000111010101010111000
000000000000000000000
000000000000000000000
000000000000000000000
#
It:14:Diff:72:PSOStep:7:Time:1.305487307:s:AutomataStep:7:Transition:01110111111110110111111101111010011011111101101110110111110101111111101111000001111111111111111111111111111111111111100111011110111111111000111111011111111111111110100011011011110111001111100111111111001011101111001101101111110000011111111111111001111010101011111111011111110111101111101011111111111011111011101111111111011111111110101011101111001111111111111111111111001110101111111110110111010110110000111111101010100011111110111111111110011111011011111011011110100101111001110111111101101111111110111111101111
000000000000000000000
000000000000000000000
000000000000000000000
000111111110000000000
000111111100000000000
000101110111000000000
000101110111100000000
000101110111110000000
000101110111111000000
000111011101111100000
000111111111111110000
000111110110111110000
000111111111111010000
000101110011101110000
000101111010111010000
000101101110111010000
000101101110111010000
000111111111111111000
000000000000000000000
000000000000000000000
000000000000000000000
#
It:20:Diff:67:PSOStep:7:Time:1.721524253:s:AutomataStep:7:Transition:01010100111110111111011110111110011111111111111011111111110110111111111111101111111100100101111111111111010111111111100101011011111111111110110111011111111110011111111001111011100101011111110011101111001001111111000101111111111001110111101011011110111110101011011011011111111111111111111011111111111011111011101111111101011111111110111111111111111111111101110101111110101100101111111111100111110110101101011111101000000111111110111111011111011011111011101111111000111101111000111111111111111111110011111101111111
000000000000000000000
000000000000000000000
000000000000000000000
000100000000000000000
000111000000000000000
000111110000000000000
000111111100000000000
000111111111000000000
000111111111110000000
000111111111111100000
000111111111110110000
000111111101101110000
000111111011111010000
000111111101000110000
000111000110111010000
000111110101010110000
000111110100010110000
000111111111111111000
000000000000000000000
000000000000000000000
000000000000000000000
#
It:25:Diff:65:PSOStep:7:Time:2.084617059:s:AutomataStep:7:Transition:01110101110110110111111110111110001011111101101110110111110111111111001111000001111111111110110111111111111110100111100111001111111101011010011111011011111110111110000001111111111111000111100101111111001001110101001100110111111101001111101110011011111010101011011010011011111111111111111011111011111011111011101111111111111111111110101011101111110111111111110101110111101110011111111111101111110110111100011111111000001010111110111111111111111010111011101101110110011101111000110111111111111111110111111111111111
000000000000000000000
000000000000000000000
000000000000000000000
000110000000000000000
000111100000000000000
000111111000000000000
000111111110000000000
000111111111100000000
000111111111111000000
000111111111111000000
000111111111111110000
000111111111111110000
000111111111111110000
000111111101111110000
000111110111111110000
000111011101111110000
000101110111011110000
000111011101110111000
000000000000000000000
000000000000000000000
000000000000000000000
#
It:28:Diff:64:PSOStep:7:Time:2.30377283:s:AutomataStep:7:Transition:01110101101110111111111110111100011111111101111011111111110110111111111111011001111111101110111111111101111110100111110110101011111100010000010111011011111111111111011001111111110101000111110101011011001001110111001100111111111001001111101110011011011010111011011011001111011111101101111011111111011011111011101111111111111111111110101111100111111111101111000111101101101110111111111111100111111111110011011011110000101110111111111101111111011011111011101101111110111101111101111111111111111111110111111111111111
000000000000000000000
000000000000000000000
000000000000000000000
000110000000000000000
000101100000000000000
000100111000000000000
000001111110000000000
000111110011100000000
000101110111111000000
000101101111101110000
000001111110111110000
000111111111111110000
000101111111111110000
000111111111111110000
000011111111111110000
000111111111111010000
000110101010101010000
000111011101110111000
000000000000000000000
000000000000000000000
000000000000000000000
#
It:33:Diff:63:PSOStep:7:Time:2.630815804:s:AutomataStep:7:Transition:01110101101110011111111110111100001001111101101010010111110110111111111111011001111111101110110110110101010110100111110110101011111110010000010111011011111101110010011001111111110101000111110011011011000001110111101100111111111001001111101111111011011010101010011001001111011111101101111011110111000011110011101011101111111111011110111011110111111111101111001111001101101110011110111111100111111111110111011001110010101010111111111100111101011011001011101101110110111101110101110111111111101011110111111011111111
000000000000000000000
000000000000000000000
000000000000000000000
000110000000000000000
000101100000000000000
000100010110000000000
000000001111000000000
000111101111100000000
000101111101100000000
000100111111010000000
000000110110110000000
000111111111111000000
000101101111001000000
000110000110111100000
000010110111011000000
000111011101111110000
000111010110101110000
000111111111111111000
000000000000000000000
000000000000000000000
000000000000000000000
#
It:35:Diff:56:PSOStep:7:Time:2.778202396:s:AutomataStep:7:Transition:01010111111111110111010110111111001010011101111011110111110111111011101111011101101111101111111111111101010010101111110001011111111111111100110011011011111101010111110100111111110111111111110111011111001101111111011110111111110011010110111111111011111110111011011001010111010110111011111111111110010010011101101110111101111111111110111011011001111111110111110111110101101111011011111111010111111110111111011101000111010111111001010101111111011110111101011111001110111101100101111111111111111111110111111110111111
000000000000000000000
000000000000000000000
000000000000000000000
000100000000000000000
000111111110000000000
000110111111000000000
000111111110100000000
000111111110110000000
000111111111111000000
000111111111110100000
000111111111111110000
000111111111111110000
000111111111111110000
000111111111111110000
000111111111111110000
000111111111111110000
000111101110111010000
000111111111111111000
000000000000000000000
000000000000000000000
000000000000000000000
#
It:104:Diff:55:PSOStep:7:Time:7.427667708:s:AutomataStep:7:Transition:01010111001011110111001111111101011010011101111111110111110111111011101011011101101101111111111111111101001110101111110001010111111111111100100011011111111111010111100101111111100111011111110011011111011101111111011100101111110011110111111111111000111110111011011001110111001110111111111111111111010000011110011110111101111011111110011011111100111110110111111110110111101111100011011111010100111110110111010101000111011111111101000101111101011010110101111101101111111101100101111111111111111111110111011110111111
000000000000000000000
000000000000000000000
000000000000000000000
000100000000000000000
000000000000000000000
000111111110000000000
000001111111100000000
000110111101100000000
000011111111110000000
000111011111111000000
000001110111111110000
000111101111111010000
000011101111110110000
000111111111111010000
000010111111011010000
000111111110111110000
000011111110000010000
000111111111111111000
000000000000000000000
000000000000000000000
000000000000000000000
#
It:136:Diff:51:PSOStep:7:Time:9.53800131:s:AutomataStep:7:Transition:01010111011011010111011111111110011010011101111111100111110111111111110011011101101101111111110111110101001111101111100001010111101111111100000010001111111111010111000101111111100111011111110011001111011101011111011100101111100011110111111111110011111110111011011001011111001010111111101111111111010000011110011110101101111011111110011011111100111111100101111111110011101111100011111111011110111110110101010111100111011111111101010101111101011010110101111100101110010101110101011111111111101111110111010110111111
000000000000000000000
000000000000000000000
000000000000000000000
000100000000000000000
000000000000000000000
000111111110000000000
000010101111000000000
000111111111110000000
000011111100110000000
000111111111110000000
000011111111111110000
000111111111101010000
000011111111110010000
000111111111110010000
000011101111111010000
000111111111100110000
000011111111101110000
000111111111111111000
000000000000000000000
000000000000000000000
000000000000000000000
#
It:147:Diff:48:PSOStep:7:Time:10.279426659:s:AutomataStep:7:Transition:01010111010011110111011110111110001010110101110111010111110111111111101111111101111101101101101111011101000001101111110001101111111111111110100111011011111111111111100101111111110111011111110011001111011111011111011100101111110011100111111111111011111110101011011111110111001110111111111111111111010001111010001110111101111111001110001011111111110111110111111111110111101011101011011111111100111110110111011101110000011111111101001111011101011110100101101101101110111111110101011111111111111111110111011111111111
000000000000000000000
000000000000000000000
000000000000000000000
000100000000000000000
000000000000000000000
000111111111000000000
000001111111100000000
000111111111010000000
000011111111011000000
000111111111111100000
000001001111111110000
000110000110100110000
000011011111011010000
000111111011110110000
000001110111111010000
000111111111100110000
000011111110100010000
000111111111111111000
000000000000000000000
000000000000000000000
000000000000000000000
#
It:308:Diff:47:PSOStep:7:Time:21.212671776:s:AutomataStep:7:Transition:01010111010001110111010110111000001010110101111111010111110111111111101011111101111111101101101111011101010100101101110101101110111111111110000111011011111111111111000101111111100111011111110011001111011101111111011100101111111001100111110111011011111110101011011110110111001110110101010111111111110011011010001110111101110111001010001011111011110111110111110111110011101111111001011111111100111110100111011101110100011111111101000110011101011111110101101101001110111111110101011111111111101111110111011111111101
000000000000000000000
000000000000000000000
000000000000000000000
000100000000000000000
000000000000000000000
000111111111000000000
000001111111100000000
000111111111110000000
000011011111111000000
000111111111111100000
000001110110111110000
000110111111111110000
000011011101110010000
000111111111110110000
000001110111011010000
000111111111110110000
000011111111110010000
000111111111111111000
000000000000000000000
000000000000000000000
000000000000000000000
#
It:344:Diff:44:PSOStep:7:Time:23.861378325:s:AutomataStep:7:Transition:01010111010101110111011110111010001010111101100111010111110111111111100011111101111111101101101110011101011111101111110101101011111110111000100111001111111110111110100111011111110111001111110011111111011101111111010100111111111011100111111111111000111110101011011101110111001110110111101111111111110011011110001110111101110101011100111011111010100010110111111011110011101011001001111111001100111100110111010101110110011110111001101111011111111111010111101101101110111111110101011111110110101111110111011111111111
000000000000000000000
000000000000000000000
000000000000000000000
000100000000000000000
000000000000000000000
000111111111000000000
000001111111100000000
000111111111110000000
000011111111111000000
000110111111111100000
000001110111111110000
000111111111111110000
000011111111111010000
000111111111110010000
000001110111011010000
000111111111000110000
000011100111100010000
000111111111111111000
000000000000000000000
000000000000000000000
000000000000000000000
#
It:456:Diff:43:PSOStep:7:Time:31.997763787:s:AutomataStep:7:Transition:01010111010111110111011110111110001010111101100111010111110111111111100111111101111111101111111110111101001111101111110001101111111111111010100111001111111110110110100111111111110111001111110011101111011101111111011110111111110011100111111111111010111110101011011111110111001010111111101111111111100001111010011110111101111111011100101011111111110010110111111011110011101111001011111111111100111010110111010101110110011110111001101111011101011111110101111101101110011111100101011111111110101111110111011111111111
000000000000000000000
000000000000000000000
000000000000000000000
000100000000000000000
000000000000000000000
000111111111000000000
000001111111100000000
000111111111110000000
000011111111111000000
000111111111111100000
000001001111111110000
000110000111111010000
000011011111111010000
000111111110110010000
000001110111111010000
000111111101110110000
000011111111100010000
000111111111111111000
000000000000000000000
000000000000000000000
000000000000000000000
end
