PSO TRACE
INIT:../../instances/fazia/init.csv
REF:../../instances/fazia/asm2.csv
DecodingPolicy:CPP
MutationPolicy:Null
ParticleNeighborhood:DynamicGeneralizedEuclideanDistance
ParticleDims:515
ParticleCount:100
AccP:2.0
AccG:2.0
AccL:1.5
AccI:2.3
Pos:0.0-3.0
Inertia:0.9-0.6
VeloMax:2.0
MaxPSOIteration:500
InertiaDecrFactor:6.000000000000001E-4
INIT
000000000000000000000
000000000000000000000
000000000000000000000
000000000000000000000
000000000000000000000
000000000000000000000
000000000000000000000
000000000000000000000
000000000000000000000
000000000000000000000
000000000010000000000
000000000000000000000
000000000000000000000
000000000000000000000
000000000000000000000
000000000000000000000
000000000000000000000
000000000000000000000
000000000000000000000
000000000000000000000
000000000000000000000
REF
000000000000000000000
000000000000000000000
000000000000000000000
000100000000000000000
000100000000000000000
000010111111000000000
000100001110100000000
000111111111010000000
000001100001011000000
000110101111010100000
000101101100111110000
000010100011110010000
000011111111110010000
000011000111110010000
000110110111011010000
000111101101110010000
000111100111100010000
000111111111111111000
000000000000000000000
000000000000000000000
000000000000000000000
Classic CPP Decoder
#
It:0:Diff:92:PSOStep:8:Time:0.142216246:s:AutomataStep:8:Transition:00010011111011111101101000001010101000011001101111101101011101110000111100111101101111100101111011111000111011111011100010100000111011110111111001111111111111000000110011101111111111011111111111011011111011011111111010111111111111111101111100111011111101111011101011101110111100110110100110101011011101111010111011001111011110000011010100000111101101110111111011111011101110111111011111110110111111111011111101111111101101100001111110101111111110111111101111111110111100111111001111111110111111011111110111111101
000000000000000000000
000000000000000000000
000000000000000000000
000000000111000000000
000000001010000000000
000000000111100000000
000000111111100000000
000000111111110000000
000011111111111000000
000111111100111000000
001110111111111100000
000110111111111100000
000011111111111000000
000001111111110010000
000000111111111011000
000000011111111101000
000000001111111110000
000000000111111111100
000000000011111111100
000000000000000000000
000000000000000000000
#
It:1:Diff:88:PSOStep:7:Time:0.301188578:s:AutomataStep:7:Transition:01010111100000110100111101000101111111101110001011111111111101110101111011101110010001110011001011111110011100111111101010101000011110010100111011111000000010110101011111110011101110111111110110111111100100000011111010111101101100010010110000111111110011110101011001011110111100100110011111010111100011011011111100111101110101111011010110111111110011010110110001111111011110111011011111010111111110011110111111010100011011001111111110101101111111001111100101111101110001111110011111111110101101010100011101011111
000000000000000000000
000000000000000000000
000000000000000000000
000100000000000000000
000101000000000000000
000110111111000000000
000000110111100000000
000111111110110000000
000100101111111000000
000111100010111100000
000111111011111101000
000011110010101000000
000000101011010000000
000000001111000000000
000000000110000000000
000000000000000000000
000000000000000000000
000000000000000000000
000000000000000000000
000000000000000000000
000000000000000000000
#
It:3:Diff:85:PSOStep:7:Time:0.563436294:s:AutomataStep:7:Transition:00000011011010111110110100101110000110000111011011001011100111111101100100100011110001000001001111101010000010110001000111011000100111011110111110000101010001101000101100010000110101110101001110011000011010100010001101110111000111111000111110011000111101011101010000001010001100000100110010110010001010110111011010100011101000110000100111100000101111110111010010011011111101010100111011001001001100010010010000001101110100010000010110101000010010011011100011111010000101111110001110111100110110001001110001010001
000000000000000000000
000000000000000000000
000000000000000000000
000000000000000000000
000000000000000000000
000000000000000000000
000000000000000000000
000000000000000000000
000000000001000000000
000000000111000000000
000000000101000000000
000000111000111110000
000001010001010110000
000000010011011110000
000000100101101000000
000001100011110110000
000001101101111110000
000111111111111111000
000000000000000000000
000000000000000000000
000000000000000000000
#
It:5:Diff:83:PSOStep:7:Time:0.813425765:s:AutomataStep:7:Transition:01000110111011111110100100110010111110000111011111001011101111111101100101101011100011000101101111111010010011111001100111011100111111111110011100001101011000111101100100010001110101111111001010111011111111111011001111111111100111011110011110110101011101011011010111010110001100011100110010110010110010111101111010110011001010011100111111100010011110110111110110111111111011110111011011001001111101010110010000010101111110011101011110101000010000011011101111111010100101111111001111110110110110101011110010010011
000000000000000000000
000000000000000000000
000000000000000000000
000100000000000000000
000111101000000000000
000101100000000000000
000001110011100000000
000111001111101000000
000101111001111000000
000101111111011000000
000011001111011011000
000110100111011000000
000100110111110111000
000111111101111100000
000001011100011111000
000111111110011100000
000101101110001111000
000111111111111111000
000000000000000000000
000000000000000000000
000000000000000000000
#
It:7:Diff:74:PSOStep:7:Time:1.039048674:s:AutomataStep:7:Transition:01000110011011111110110100110011110110000111011111001111111111111101101101111011100011100001111001010010010101111011100111011101100111011110011100101101011000111000110001010111110111101111101010010011111101111011101111111111100111011110111110100111010101110111010111010101011101011100100010110010010010111101111011110111001110011101111111101111011111010111110100101110111111110111011111011001111100011110011010010101011110011101011110001000111010111111101111100011000101111111001101111110100110101111110110010011
000000000000000000000
000000000000000000000
000000000000000000000
000100000000000000000
000011011000000000000
000111101110000000000
000010001110100000000
000111001110111000000
000001000101001000000
000111101111111100000
000001111111111111000
000111110111011110000
000001110110010100000
000111110110111000000
000001011000110000000
000111111111100000000
000001101011000000000
000111111110000000000
000000000000000000000
000000000000000000000
000000000000000000000
#
It:10:Diff:73:PSOStep:7:Time:1.274014173:s:AutomataStep:7:Transition:01000110111011111110111100110010110110000111011111101011111111111101100101111110101011100001111101010010010111111101101111011100100111111111111100111101011000111100110101010001110101101101101010010011111111111011001111111111101111111101111111101111010101111111010111010111011101011100110010110010011011111101111010110011101110011111111111100011011111110111110100111110111011110101011111011001101100110110011010110101010110111101011110001000010100011111111111110010100101011111001101111110110110101111110110010101
000000000000000000000
000000000000000000000
000000000000000000000
000100000000000000000
000111101000000000000
000110001110000000000
000000110001000000000
000111110110001000000
000111110110011000000
000110011111101000000
000011101111111011000
000111001011011000000
000101111111010111000
000111001111110100000
000001011111011111000
000111111111111100000
000101101110001111000
000111111111111111000
000000000000000000000
000000000000000000000
000000000000000000000
#
It:12:Diff:71:PSOStep:7:Time:1.439034374:s:AutomataStep:7:Transition:01010101111011111110101100011011000110000110011111101011101111111101110111111011111001111101101101111110011011110101101111011100101111110111111100010101011001111100111110000001110101111111101010111110111111111011101101110111101111111101011111011100010101111011000011011111011101111110111011111111011011111101111110111111111110111100011111100010011011111111110111011111111111111111011111011101111001010010111010110101111110111101111111111101110110011111101111110011110111011111101111111110110110101111111111110011
000000000000000000000
000000000000000000000
000000000000000000000
000100000000000000000
000111000000000000000
000101100000000000000
000111000000000000000
000101111111000000000
000111011111110000000
000111111110110000000
000101110111110000000
000111111111110000000
000111011110110000000
000111011111110000000
000111111011010000000
000111111011111100000
000101011101110110000
000111111111111111000
000000000000000000000
000000000000000000000
000000000000000000000
#
It:15:Diff:65:PSOStep:7:Time:1.65925175:s:AutomataStep:7:Transition:01000111111111111111111110010011111010001111111111101101111111111101110111111111111011111111111111111010101011110101111111011101111111111101111110010101111101111100011111110111110111011011111010111101111100111011001111110101100111111111111111111110110101111111011111011001111101111100111111100111111101111101011010111011101110111110011111111010111111111111111110111111111011111111011111101111101101011010110000111111111101110110011110111110011010011111111111101011110111111101111100111110000110111111110011101101
000000000000000000000
000000000000000000000
000000000000000000000
000100000000000000000
000110100000000000000
000110110100000000000
000111100110100000000
000111111100111000000
000110101111111000000
000110111111010100000
000111110101110111000
000111110111011110000
000111111111001101000
000111111111011110000
000111111111111111000
000111111111111100000
000111111111111111000
000111111111111111000
000000000000000000000
000000000000000000000
000000000000000000000
#
It:16:Diff:62:PSOStep:7:Time:1.739346401:s:AutomataStep:7:Transition:01000110111011111111111010010011011111101111001111111011011111111111101100111111100011000111111111000011011011111111110011001101101111111111111111010111011101111100100011110111110111111111111010110111111110111011001101111101101111011101110100100100111111111111011111010111011101011000011010110010111111111101111110101011001111011110111111111111110111011111110110101111111111110101011111011111101100011110111010111111111100110101011110101110010110111111101111100011101111101111011101110110010111111111110111101100
000000000000000000000
000000000000000000000
000000000000000000000
000100000000000000000
000110110000000000000
000010101110000000000
000111011111100000000
000111101111110000000
000011101111111000000
000110111011101000000
000111110011111000000
000010111110011100000
000011110101111100000
000010010011011100000
000111111111111010000
000111111111111010000
000110111001100110000
000111111111111111000
000000000000000000000
000000000000000000000
000000000000000000000
#
It:20:Diff:58:PSOStep:7:Time:2.063927976:s:AutomataStep:7:Transition:01000110110011111111111110011011011101101111001111011011111101111111011100111111110011000011111011011011011001011111010011011101101111111111111111011111011100111000110111110101110110101111111010110111111100111000001101111101101011000101110110100100111111111111011111010111001101011000011010100010111111111101111110001011011111010110111110101111110111011111100110101111111111111101011111001111101101011110011010111111111100110101011110101110010110011011101101100110101110111111011101100010011111101111101111101100
000000000000000000000
000000000000000000000
000000000000000000000
000100000000000000000
000110110000000000000
000010111110000000000
000111001101000000000
000111111011100000000
000011110111100000000
000110111101010000000
000111101110110000000
000001111010011000000
000011011111010000000
000010110011111100000
000110111111011100000
000111011001111110000
000111111011101110000
000111111111111111000
000000000000000000000
000000000000000000000
000000000000000000000
#
It:29:Diff:57:PSOStep:7:Time:2.769081731:s:AutomataStep:7:Transition:01010111110011111110111010011011011101001111001111111011111101111111001111111111111011000011111011011011011011011011000111011001111011111100011111111101111110110100111111110100110111111111101010110111111100111001001101111101111111111111110111110110111111111111111111010111011101111000011011000010011110101111111111111111001110101111111011101111111111111111101110111111100111101011011111001101101100011101011000111111111100101101011110101101110100111111110111110010110101111101011111100010011111101111100111110101
000000000000000000000
000000000000000000000
000000000000000000000
000100000000000000000
000110000000000000000
000110111100000000000
000111111010000000000
000111111110000000000
000111100111000000000
000111111111000000000
000111111111100000000
000110110111100000000
000111111111110000000
000111011111111000000
000111111111111000000
000110111111111100000
000111111111111110000
000111111111111111000
000000000000000000000
000000000000000000000
000000000000000000000
#
It:125:Diff:56:PSOStep:7:Time:9.804392986:s:AutomataStep:7:Transition:01010111111111111101111110011111011011111111011111111111011111111001010111111111110010010111101110100101011111110101110111011101101110011101111111111111111110111101111111110011110111110111101010111101001111111001010111111101101101010111110111101101011111111111111111001011101101111000010111011010110011011111001111011111101111110111111111101111111111110111110110110111111101111111011111001111000100111110111011011111101100110101111110101111010001111111111011101110110111101111111101110111010001011011110111111101
000000000000000000000
000000000000000000000
000000000000000000000
000100000000000000000
000111111110000000000
000111111111000000000
000110111111100000000
000111111111110000000
000111111111111000000
000111111111111100000
000110101111111110000
000111101110111110000
000111101111111110000
000111101111111110000
000110111111111110000
000111101110111010000
000110101010101010000
000111111111111111000
000000000000000000000
000000000000000000000
000000000000000000000
#
It:134:Diff:55:PSOStep:7:Time:10.452210187:s:AutomataStep:7:Transition:01010111111011101111011100111001011111101111011111111011011110111011011111101101110010010111101011011111010011111101110111011101101110011110111111111111011110111101111111110111110111111111101010100101011111111011010111111101011111010101100101001101111011111111111111011011101001111000001010001010010011111111101111111111011110111111111111101111111111110111110110110111011111111111001111001100010100101110111001111111001100110101101100111011110011111111111111101110110111101111010111110110010001111111010011111111
000000000000000000000
000000000000000000000
000000000000000000000
000100000000000000000
000110111100000000000
000111111110000000000
000111111110100000000
000111111111110000000
000111111101111000000
000111101111111100000
000111111111111110000
000111111111111110000
000111111111111110000
000111111111111110000
000111111111111110000
000111111111111110000
000111111111111110000
000111111111111111000
000000000000000000000
000000000000000000000
000000000000000000000
#
It:145:Diff:54:PSOStep:7:Time:11.269638123:s:AutomataStep:7:Transition:01010111111111111100110100011011011111101111011111111011111101111100101111100111111011010011111111101001011001010011100111011001111011111100111111111101110110111100111111110111110111111111101011111101101101111001111111111101101011111111110111110100111110111111111111010111111101111000011111010110011111101100111111111101101110011111111111110111011111111111101110111111000111111011001110001011101100111110111001111111111100111101111100111110010001111111100001111010110101101111111111010011011111101111110111111111
000000000000000000000
000000000000000000000
000000000000000000000
000100000000000000000
000101000000000000000
000110101111000000000
000111001111100000000
000111110111110000000
000111111111111000000
000111111111111100000
000111111111110100000
000111111111111100000
000111111111111010000
000111111111100100000
000111111111110010000
000111011101110010000
000110111011101110000
000111111111111111000
000000000000000000000
000000000000000000000
000000000000000000000
#
It:148:Diff:50:PSOStep:7:Time:11.503768083:s:AutomataStep:7:Transition:01010111110111111111111000001011011111101111101111011011101111111110100100110011100010011111101111001011011111110001100111011001101111011100011111111101010111111100111111110110110110110111101011110101101011111001001111111101111011010111110111110100111101111111111111000110111101111000011110110011111111111101111110111111001101011111011100110011111111011111110110110111000111101111011010001010111110111111111001111110111100101111011000101111010101111011101101110110110111101101111010110111101111101111110011101101
000000000000000000000
000000000000000000000
000000000000000000000
000100000000000000000
000110111100000000000
000011111110000000000
000100111111000000000
000111011111010000000
000011100101111000000
000110101110010100000
000100111010011100000
000010001000111000000
000001100111111110000
000001111111111100000
000111110011111010000
000111101011110010000
000110101010101010000
000111111111111111000
000000000000000000000
000000000000000000000
000000000000000000000
#
It:274:Diff:49:PSOStep:7:Time:20.721261506:s:AutomataStep:7:Transition:01000011110111111111101000101011011111101111101111111011111111111110010100110001110010111111101001001111011011110001111111011101110111011110011111101101011110111110110111110110110110100101101011111111000110111010100111101111100011011111110111111100111111101101111111000110011101111010011110110010111011111111111111101111101011111111111101111011111101111111100110111111100110111011111011001011111111111100111011111111111110111101111001101111010101111111101101101110110111011111111110101011111101101111111111101100
000000000000000000000
000000000000000000000
000000000000000000000
000100000000000000000
000110100000000000000
000010110100000000000
000101010110000000000
000101111111010000000
000011111111011000000
000111111111111100000
000101101110110100000
000011110111111100000
000001111111111110000
000011011011111100000
000111111011001110000
000111011101110010000
000110101010101010000
000111111111111111000
000000000000000000000
000000000000000000000
000000000000000000000
#
It:398:Diff:47:PSOStep:7:Time:29.829771696:s:AutomataStep:7:Transition:01010011110111101111000000001101011111101111100111101011010111011110001100110101100110110111101001111111011011011000101011001101110111011110011111111101110111111110110111110110110110001101101011110111000110110000100110111111101011010111110111111110111111111101111111000110011101111010011010111010111011111111111111100011100111111101111101110011110001111111100110011101110110111101011011011011111111111100111011100110111110111101011101001111010101111111100101111110101010011101111110111111111101101111111111001100
000000000000000000000
000000000000000000000
000000000000000000000
000100000000000000000
000110100000000000000
000010110011000000000
000101011100100000000
000110111011110000000
000011111101111000000
000110101101111100000
000111111100011110000
000010111010111010000
000010110101010110000
000011110101101010000
000111110101010010000
000111101001011010000
000101111011101110000
000111111111111111000
000000000000000000000
000000000000000000000
000000000000000000000
#
It:458:Diff:45:PSOStep:7:Time:34.21287185:s:AutomataStep:7:Transition:01010011110111101111101100001101011111101111111111011011111111111110000100110000101010110111101001111111111011110000111111011101111111011110011111010101111111111110111111110110110110101101101011110111000010111000000110101111100011111110110111111101111111111101011111000110011001111010001110111010011011111111111111100111101011011111111101111011111011111111100110010111110111111111011010001011111111111110111011110111111110111101011110011111010101111111101101111110111011011101011110111111111101101111111111101100
000000000000000000000
000000000000000000000
000000000000000000000
000100000000000000000
000110100000000000000
000010101111000000000
000101011111100000000
000111111111110000000
000011101111111000000
000110001110111100000
000101101100011110000
000011111101111110000
000000111101100110000
000011110001110110000
000111111111111010000
000111100101111010000
000101111011101110000
000111111111111111000
000000000000000000000
000000000000000000000
000000000000000000000
end
