PSO TRACE
INIT:../../instances/fazia/init.csv
REF:../../instances/fazia/asm2.csv
DecodingPolicy:CPP
MutationPolicy:Null
ParticleNeighborhood:DynamicGeneralizedEuclideanDistance
ParticleDims:515
ParticleCount:100
AccP:2.0
AccG:2.0
AccL:1.5
AccI:2.3
Pos:0.0-3.0
Inertia:0.9-0.6
VeloMax:2.0
MaxPSOIteration:500
InertiaDecrFactor:6.000000000000001E-4
INIT
000000000000000000000
000000000000000000000
000000000000000000000
000000000000000000000
000000000000000000000
000000000000000000000
000000000000000000000
000000000000000000000
000000000000000000000
000000000000000000000
000000000010000000000
000000000000000000000
000000000000000000000
000000000000000000000
000000000000000000000
000000000000000000000
000000000000000000000
000000000000000000000
000000000000000000000
000000000000000000000
000000000000000000000
REF
000000000000000000000
000000000000000000000
000000000000000000000
000100000000000000000
000100000000000000000
000010111111000000000
000100001110100000000
000111111111010000000
000001100001011000000
000110101111010100000
000101101100111110000
000010100011110010000
000011111111110010000
000011000111110010000
000110110111011010000
000111101101110010000
000111100111100010000
000111111111111111000
000000000000000000000
000000000000000000000
000000000000000000000
Classic CPP Decoder
#
It:0:Diff:81:PSOStep:7:Time:0.096553713:s:AutomataStep:7:Transition:01010111010110111011111111111100001011111101110100110110011111111100101011110000101001111111101001011001000001000011111110111111111011111011111111011000110111011100101011100111011010101111110110011111111110101001111111111010011110011101100111000101001011110111111111110101101100011110011111101111111111011111111111111110101111010110111011111011110111111011110011111100101101110110111101101101101110101111000110101101101000101101100100100001011011111110111011111110111111000010111010011100011011111110000111111100
000000000000000000000
000000000000000000000
000000000000000000000
000100000000000000000
000010000000000000000
000100101111000000000
000010111011100000000
000111011111110000000
000011110111111000000
000110111001101100000
000011111110111110000
000110111011011010000
000011101110100100000
000110110001111000000
000011111101100000000
000110111100000000000
000010110000000000000
000110000000000000000
000000000000000000000
000000000000000000000
000000000000000000000
#
It:2:Diff:78:PSOStep:7:Time:0.354828086:s:AutomataStep:7:Transition:01110111110110111101101111111100001011111111111100111110011101101101101011111010101001111111001101001001000001010011111110111111111011110110110010011100111101011111101011100011010000101110110111011111111110101000111111101111010110110100101111011101011011111011111111110101101100011111011011101111111111111111011111110011101110000110111001111011001011111011110011001011101111110110110101101101101000100111100110110111101000111101101001001001011011111111111010111110111111000111111010011101011111111110000011111110
000000000000000000000
000000000000000000000
000000000000000000000
000111111110000000000
000110001001000000000
000111110101100000000
000101110101110000000
000110110011111000000
000101111100011100000
000111110000011110000
000101101111111110000
000110110000110010000
000101111101110010000
000111110111111110000
000101111111111010000
000111010011101010000
000110111001011110000
000111011101110111000
000000000000000000000
000000000000000000000
000000000000000000000
#
It:5:Diff:70:PSOStep:7:Time:0.595310525:s:AutomataStep:7:Transition:00100111110011011101101111111101001011111101111100110110011111101001101011010000111101111111001001011011111111010011111110111111111011111110110110001101111101010111101001100011011001111111110100011111111110111101111111111101101111010111111111011101111011111111111110110100100101111111011111101111111111111111111111110110101111101110110101111011111011111101110011111111111001111110100101001111101010100111111111100110101010111111101011101011111010011111111010111111111111000111111010011101111111111110001011111111
000000000000000000000
000000000000000000000
000000000000000000000
000000000010000000000
000000000111000000000
000000000011100000000
000000011110110000000
000000001101111000000
000001111101101100000
000000101111111110000
000110111111111110000
000111110110111110000
000111111011111110000
000111111111111110000
000111111111001110000
000111111110111010000
000111111111011110000
000111111111111111000
000000000000000000000
000000000000000000000
000000000000000000000
#
It:7:Diff:69:PSOStep:7:Time:0.751414105:s:AutomataStep:7:Transition:00110011110011111101101111111111001011111101111100110110011100101101101011010000111001111111001110011011111011010011111110111111111011111010111111001001101101110110001001110011011001111111110110011111110010111101111110111101101110010111111111001101111011101111111101111101100101110101011110101111111111011111111110110110101111101110111001111011111011111101110011111111111001101110110111001111101110100111111111101110101010111111101011101011111010011010111010111111111101000111111010010101111111101110101011111111
000000000000000000000
000000000000000000000
000000000000000000000
000000000010000000000
000000000111000000000
000000001011100000000
000000011101110000000
000000101111111000000
000001111101101100000
000010111101110110000
000111110111111110000
000111110111110110000
000111111101111110000
000111111110011110000
000111111111110110000
000111111111111110000
000111111111111110000
000111111111111111000
000000000000000000000
000000000000000000000
000000000000000000000
#
It:8:Diff:68:PSOStep:7:Time:0.83141791:s:AutomataStep:7:Transition:00110110010111011111101101111100001001111101111100110110001100111001111011011110111001111111010100011011111011010011111010111110101011011010111111010011101101110111011100110011011001111111110110010111010010101000011010111111101111010100111011001111111011111101011111110101100101100101011110101111110111101111011110110111100110101110011111111011101011011101101001111101001011101110010011101111101110110111111111111111101000111111011011101011111011111010111010111111111101010111111011010101111111101011001011111011
000000000000000000000
000000000000000000000
000000000000000000000
000000000010000000000
000000000110000000000
000000001111000000000
000000011111000000000
000000111111100000000
000001111111100000000
000011111111110000000
000011111111110000000
000011111111111000000
000011111111111000000
000011111111111100000
000011111111111100000
000011111111111110000
000011111111111110000
000111111111111111000
000000000000000000000
000000000000000000000
000000000000000000000
#
It:15:Diff:64:PSOStep:7:Time:1.301629904:s:AutomataStep:7:Transition:00110111010111011111101001111101001011111101111100111111011111101111111011011110111001111101011111011011111111011011111011111111111010011110111110011001011110110100001000101011011001111111100111010111110111101001011011111111101111010111111111011111110111111111111110110110100100010111011011101111101111111111111110100111110111101110010001111011111011101101110011111111101011011110010110001111111010010111111111111111101011111111101011101011111011011111111011111111111101110111111110010101111111111111001011111011
000000000000000000000
000000000000000000000
000000000000000000000
000000000010000000000
000000000101000000000
000000001111100000000
000000011111110000000
000000111111111000000
000001111111111100000
000011111111111110000
000011111111111110000
000011111111111110000
000011111111111110000
000011111111111110000
000011111111111110000
000011111111111110000
000011111111111110000
000111111111111111000
000000000000000000000
000000000000000000000
000000000000000000000
#
It:25:Diff:56:PSOStep:7:Time:2.108255602:s:AutomataStep:7:Transition:01010111110111111101101110111111001111111101111100110111111111101111111111111011111111101101011111011111111011110110111110111111111111011111111010111001111001011110101111111111111011100111110111110111101111111100011111111111111111011111111111011101111111101111111111111100101110111111101011101111111111111111111111110111110111110110110111111011011111111111111111111101101111110111111000001111111110111111111111110111101010111111001111011011111011111111111111011111111101100111111011010111011111101111100010110011
000000000000000000000
000000000000000000000
000000000000000000000
000100000000000000000
000111111110000000000
000111111111000000000
000101101111100000000
000111101111110000000
000101100111111000000
000110101111111100000
000101111111111110000
000110011011101110000
000101111111110110000
000111111111010110000
000100011111111110000
000100101111111010000
000111111111111110000
000111011101110111000
000000000000000000000
000000000000000000000
000000000000000000000
#
It:175:Diff:55:PSOStep:7:Time:12.438276232:s:AutomataStep:7:Transition:00010110110111111111101101110111001111100101110100110111011111101111101110111010111101111101010111010111111011010111111111111110111100111111110110111101111001111100111111101011111010111111010101110111111111101001110011111101111111011110111101010111111011111101111111010110101011101001110010101111100111011111111110110111100110110110011011110111111011111111110011111111101111011111111100011100101011111101111110111111101011110111111111111001111001111111111110111111111111101111111101010111110111100110111011110111
000000000000000000000
000000000000000000000
000000000000000000000
000000000000000000000
000000000110000000000
000000001111000000000
000000011111100000000
000000101111110000000
000001000111111000000
000011011111111100000
000111111111011110000
000111111011111110000
000111111111111110000
000011111111111110000
000111111111011110000
000011111111111010000
000111111111111010000
000111111111111111000
000000000000000000000
000000000000000000000
000000000000000000000
#
It:191:Diff:54:PSOStep:7:Time:13.567479532:s:AutomataStep:7:Transition:01010110111111111101001111111111001111111101111110111111111111011101111000111101111010111111000111011111111011011111011111110111111110111111111110111111111011110100101111110111111000111110110110101111110111111010011011111111111111011011111001011101110010101111010101101110101110111111100111001110111111111111111011110011110111110111111001001111011111011110101011111110001001111111111011011111110111101101011111101110101010101111111111101011101011011111111011011110111111100011111011011111111111101110110010111110
000000000000000000000
000000000000000000000
000000000000000000000
000100000000000000000
000111101000000000000
000011111111000000000
000101011111100000000
000111000000110000000
000000100000111000000
000110111110010100000
000110111110110110000
000011101110000110000
000011100110110110000
000011100011111110000
000111000011111110000
000111111111110110000
000111111111111110000
000111111111111111000
000000000000000000000
000000000000000000000
000000000000000000000
#
It:206:Diff:49:PSOStep:7:Time:14.571234194:s:AutomataStep:7:Transition:01010110111111111101001101111111001111111111111000111111011111011101111000111101011011111111001011011110111011011111011111110111111111111111111110111011111011110111101111110101111011111100111110101011110111111010011011111011101111011011111001011101111000111111011101101111101111100111100111101110111111101111111011110011111111110111111011101111111111011110101011111100101001111111101011011111110110111001110010101100101010101111101011100011011011111111111011111010110111100111001010011111111110101110111010110110
000000000000000000000
000000000000000000000
000000000000000000000
000100000000000000000
000111101000000000000
000011111111000000000
000100011111100000000
000111111101110000000
000001101100111000000
000110111101000100000
000110111011101110000
000011101011000110000
000011011111011110000
000011001010100010000
000111111110010110000
000111111100100010000
000111111011101110000
000111111111111111000
000000000000000000000
000000000000000000000
000000000000000000000
#
It:302:Diff:47:PSOStep:7:Time:21.041470552:s:AutomataStep:7:Transition:01010110111111111101001101111111001111111111111000111111011111011100111000111101111001111111011011011110111011011111011111110110111011111110111110111011111011110101101111110101111011111100100110101011110111111010111011011011101111111011101001011111110000111111001101001111101111100011100111001110111111101111111010110001111101110111111011100111111101011110101011010100101101111111101011001111110001101001111010101100101010101111101011010011011011111111111011111010110111100111001110101111011110111110111010110110
000000000000000000000
000000000000000000000
000000000000000000000
000100000000000000000
000111101000000000000
000011111111000000000
000100001111100000000
000111101101110000000
000001111111001000000
000101101110110100000
000111001011011110000
000010101101010010000
000011110011010110000
000011111111111110000
000111111111010010000
000111111100110010000
000111111011101110000
000111111111111111000
000000000000000000000
000000000000000000000
000000000000000000000
#
It:343:Diff:40:PSOStep:7:Time:23.813414883:s:AutomataStep:7:Transition:01010110111111111101001101111111001111111111111000111111101111011100111000111101111001111111011011111110111011011111011111110111101011101110111110011011111010110101101111110101110011111100010110101011110111111010111011011011101111111011101001011101111000111011000101001111101110100011100111001110111111101111111011110011111001110111111011101111110001011110001011010100001101111111001011011111110010111001110010101100101010101111101011010001011011111110101011001010110111100111001100101111011110110110111010110111
000000000000000000000
000000000000000000000
000000000000000000000
000100000000000000000
000111101000000000000
000011111111000000000
000100011111100000000
000111111111010000000
000001101010011000000
000110111001010100000
000101011111111110000
000010111111110010000
000001110011110110000
000011111011111110000
000111111111010010000
000111111001110010000
000111111011101110000
000111111111111111000
000000000000000000000
000000000000000000000
000000000000000000000
end
