PSO TRACE
INIT:../../instances/fazia/init.csv
REF:../../instances/fazia/asm2.csv
DecodingPolicy:CPP
MutationPolicy:Null
ParticleNeighborhood:DynamicGeneralizedEuclideanDistance
ParticleDims:515
ParticleCount:100
AccP:2.0
AccG:2.0
AccL:1.5
AccI:2.3
Pos:0.0-3.0
Inertia:0.9-0.6
VeloMax:2.0
MaxPSOIteration:500
InertiaDecrFactor:6.000000000000001E-4
INIT
000000000000000000000
000000000000000000000
000000000000000000000
000000000000000000000
000000000000000000000
000000000000000000000
000000000000000000000
000000000000000000000
000000000000000000000
000000000000000000000
000000000010000000000
000000000000000000000
000000000000000000000
000000000000000000000
000000000000000000000
000000000000000000000
000000000000000000000
000000000000000000000
000000000000000000000
000000000000000000000
000000000000000000000
REF
000000000000000000000
000000000000000000000
000000000000000000000
000100000000000000000
000100000000000000000
000010111111000000000
000100001110100000000
000111111111010000000
000001100001011000000
000110101111010100000
000101101100111110000
000010100011110010000
000011111111110010000
000011000111110010000
000110110111011010000
000111101101110010000
000111100111100010000
000111111111111111000
000000000000000000000
000000000000000000000
000000000000000000000
Classic CPP Decoder
#
It:0:Diff:82:PSOStep:6:Time:0.13704491:s:AutomataStep:6:Transition:01110110111111111010101111011111111111010111111111101111110101011011111111101000101011111111011110111011110111101001000111111111001011111110111010111111101111101100111111111001111111111011110111010111011111011001111001110000010111011100111110011111011011111111111111111111110110111111101011101101111101111101101111110011110101111111111101111111110111111101100101111111111111001111101111011011101101111111111011101011111101110110111110111111111111101101001011100111111101011110110111101110110010111111011110100111
000000000000000000000
000000000000000000000
000000000000000000000
000000000000000000000
000011100110000000000
000011110110000000000
000011010111100000000
000011111101100000000
000011111111111000000
000011111111111000000
000011011111110110000
000011111011111110000
000011111111111110000
000011111111111110000
000011111111111110000
000011111111111110000
000010101010101010000
000000000000000000000
000000000000000000000
000000000000000000000
000000000000000000000
#
It:2:Diff:80:PSOStep:6:Time:0.444067196:s:AutomataStep:6:Transition:01010111111111101010101111011111111010010111011111101110110100011011011111101000101011101100011010110110101110001001000111110111101010111111101010111101101111101100101011111001111101111011110111010010011101011000111001110001010110001100011110011110010011111111011111000111110010110111101111100100011101111001001111100011111101111110111101101111110011111101100111111111100101001111101101010011101101010101101111001011101101111111111100111011011111101101011010100110111110010000100111101110100010111111011110100111
000000000000000000000
000000000000000000000
000000000000000000000
000000000000000000000
000010000000000000000
000010111111000000000
000011101101100000000
000011100111110000000
000011011111111000000
000011111111111000000
000011110011111010000
000010101110110100000
000011111111111110000
000010110110011100000
000011111111011110000
000010111011101010000
000011101110111010000
000000000000000000000
000000000000000000000
000000000000000000000
000000000000000000000
#
It:3:Diff:73:PSOStep:7:Time:0.566320664:s:AutomataStep:7:Transition:01110001111100100011111100010111100110011111101100111011011111011011101111001001100001101111110111110111101010011111110101101011100100111111101111101101100111110100101100111101001110000011110010111011111100111100111000110010101111011110011011010111011111011011010110111001000110111111111111111001011101111111001011110001110111111010111101011101011111111101110011001100110101011100111111111101011101111111111001011111111001111101011100111001111110111011010010110111101110111010101110001101111111110111011111111111
000000000000000000000
000000000000000000000
000000000000000000000
000110000000000000000
000101101100000000000
000101110100000000000
000101111110100000000
000111111101110000000
000111111110010000000
000111111111100100000
000101111111111111000
000111111111111111000
000111011111111111000
000111111111111101000
000101101111111111000
000111111111111111000
000101110111011101000
000111111111111111000
000000000000000000000
000000000000000000000
000000000000000000000
#
It:5:Diff:71:PSOStep:7:Time:0.72909778:s:AutomataStep:7:Transition:01010001111110100110111010110111101110011111101110110111111001111011101111011001111001101111111110101111101110111111111101011001100101111110111111111101111111110101101011011101101110111011010011111111111110111110110011110010100111101111111111111111111111010011011111001101100111111100111111111011011101111111111011110111110111010110111101011101111111011111110011110000110001011101101011111101111101111111111101111111111111111101001111111010111110111111001010101110101110110000100000001100111111101111110111111001
000000000000000000000
000000000000000000000
000000000000000000000
000100000000000000000
000100000000000000000
000110000000000000000
000111101000000000000
000111111110000000000
000111000101110000000
000111101100111100000
000111110111111101000
000111100011011110000
000111110011111000000
000111111011011000000
000111111110110000000
000111111101100000000
000111111111000000000
000111111110000000000
000000000000000000000
000000000000000000000
000000000000000000000
#
It:7:Diff:68:PSOStep:7:Time:0.900857659:s:AutomataStep:7:Transition:01010010111101100110101111111111111111101110110111111111111111111111111111111000111011101111010111111110111110011111111101001111111101101111111101101111110110101111111111111111111100000010110011111111101111111011110001110011011111111111111011110101111111010011010111100001100111111011111001110011011101111101110111110111110111011110101101011111111111111111110011111100110100111101111111100101011111111111101001011111111001110100001111111011111111101101001010101111111111111010001111111101111111111111011100110111
000000000000000000000
000000000000000000000
000000000000000000000
000100000000000000000
000100100000000000000
000101111110000000000
000111001110100000000
000111011101101000000
000111111001011100000
000111110100011110000
000111111101011111000
000111111111111010000
000111111111110100000
000111111111001000000
000111111111110000000
000111111110100000000
000100110111000000000
000111111110000000000
000000000000000000000
000000000000000000000
000000000000000000000
#
It:8:Diff:66:PSOStep:7:Time:0.993656704:s:AutomataStep:7:Transition:00100110111111101011111011111111011101111011110110101111111010011111111111111101100111111111111111111110111110111110101111111110111110111111101101101101110110111110111110100111011111110010111111111001101111110101110001111101010111011101111011111111111110111111111111010111110010111011111011111101001111111111011101101111111111100110111111011111111011110111111011111100110110110111100101111111011111101110011101001011111101110111000011111010101111110011111011111111111111111010111010111001111111111111110111111011
000000000000000000000
000000000000000000000
000000000000000000000
000000000010000000000
000000000110000000000
000000001111000000000
000000011010000000000
000000111111000000000
000001111111100000000
000011111111100000000
000111101110110000000
000111111011110000000
000111111111111000000
000111101011111000000
000110110101101100000
000111011111111010000
000111111111111010000
000110110110001111000
000000000000000000000
000000000000000000000
000000000000000000000
#
It:14:Diff:64:PSOStep:7:Time:1.463948354:s:AutomataStep:7:Transition:00100110111111001011111111111111011011111000110111101111011010011111111111111111100111111111100111111010111110111110100010110110111011111100001001101100110010101010111110100111011111110010111111110001111111111101101001110111011111010101111011111110111110011111111110110111110010101111111011111101001111111001111101011111111101100110110111010011111011111111111011111100100110111111100101011111111111101010101111101011111101110111100011110111101111110001111011011011111111101010110110111101110111011111111111011011
000000000000000000000
000000000000000000000
000000000000000000000
000000000010000000000
000000000111000000000
000000001111100000000
000000011111110000000
000000111111110000000
000001111011111000000
000011111011111100000
000111101110111110000
000111101111101110000
000111101110111110000
000111100100111010000
000110111111001110000
000110111111111010000
000111011111110110000
000110110110001111000
000000000000000000000
000000000000000000000
000000000000000000000
#
It:17:Diff:63:PSOStep:7:Time:1.71143766:s:AutomataStep:7:Transition:00110111111101101011001111101111010011111001111110101111011100111111111111111101110011111111111111111110111100101110110111100110111011110101111011100011110110101010111100110111011111100010111111100011111001111101111101111111011111011101111011111110111110111111111110110111100110101111001011011100101111111111110101011111111101111110110001011011110011110101110011111111100110111011110111011110011111111111011101101011111011110111000011111111101111110010110011011111111111101111111011111101110001011110101111011010
000000000000000000000
000000000000000000000
000000000000000000000
000000000010000000000
000000000111000000000
000000001111000000000
000000011101100000000
000000111101110000000
000001110100011000000
000011111111100000000
000111011110101110000
000110011010010110000
000110011110011110000
000110010110101110000
000110110111110110000
000110101111110110000
000111010111111010000
000111111111111111000
000000000000000000000
000000000000000000000
000000000000000000000
#
It:28:Diff:53:PSOStep:7:Time:2.568886693:s:AutomataStep:7:Transition:00110011111101101011000101110111010011111011111110111100011010011111010111001101111110111111111111110110111010011110110111010110111010011011111111000011111110001010101100100111011111100111111111101011100101111101111101111101111111011100111011001110110110111101111100010111100010111111001011011100011111111010110110001111111111110100110001011111110001111101110010101101101111111001101111111010011101111111011111100111111111110101001010011110001110111010110011001011111101011011111111111101110000111101111111011011
000000000000000000000
000000000000000000000
000000000000000000000
000000000010000000000
000000000100000000000
000000001111000000000
000000011111000000000
000000111110010000000
000001100100011000000
000011011111111100000
000111101101101010000
000111111111101110000
000111111110000010000
000111111111110010000
000110110011111110000
000111111101111110000
000111101010101010000
000111111111111111000
000000000000000000000
000000000000000000000
000000000000000000000
#
It:219:Diff:51:PSOStep:7:Time:17.196999371:s:AutomataStep:7:Transition:00110111111100101011000111101111010010111011111110111110111010111111010111111101110110111111011111110111111111011110110111010110111010110011111100100011111111101001111000100111111111110101110111001001100101111101111101111101111110011100111011101110110100111011111110110111000010111101011011011100111101111110110111000111111111111110100101010111110111011100010010101111111110111011101011011010011101111111011011101110110001110101101010011111001110110010100011011011011000011011111111111101100000111111111111111111
000000000000000000000
000000000000000000000
000000000000000000000
000000000010000000000
000000000100000000000
000000001111000000000
000000011110100000000
000000111111110000000
000001111111111000000
000011111110010100000
000111111110111110000
000111111110111110000
000111111111111110000
000111111111010110000
000111111111010010000
000111111101110010000
000111111111111110000
000111111111111111000
000000000000000000000
000000000000000000000
000000000000000000000
#
It:285:Diff:50:PSOStep:7:Time:22.220195111:s:AutomataStep:7:Transition:00110011111101101011000101110111010011111011100110111111111111001111010011011101110100111111111111110110111111011110110111010110111010111101111110000111111110001000101100110011011110100111011111101011111101110101111101111101101111111100111011111101111110111101101100010111001110111111011011011100010111011011011010111011111111111100111101011011111000111101110111101101101110111001111111011111011101011100011111101111111111110001101111011111101110011110110000011011111100011111111111100101110001111110001111111011
000000000000000000000
000000000000000000000
000000000000000000000
000000000010000000000
000000000100000000000
000000001111000000000
000000011111100000000
000000111110110000000
000001111101001000000
000011111111011100000
000111101110111110000
000111111111111010000
000111111111111110000
000111111111110010000
000110111111111110000
000111111111111110000
000111111111111110000
000111111111111111000
000000000000000000000
000000000000000000000
000000000000000000000
#
It:411:Diff:49:PSOStep:7:Time:31.877177531:s:AutomataStep:7:Transition:00110011111101101011000101110111010011101011110110110110111111011111010011001111111110111111111111111110111101011110110111010110111010111111111111000111111111001010101100100001011111100111111111100011100101011101111101111011111111111100111011111111111110111001101100010111001110111101001011011100011111011011010110111011111111111100111101011011111000111101110111001101101110111011111111111111011101011100011111101111111111110001101111011111111110011010110001011011111100011111110111111101110101111001011111111011
000000000000000000000
000000000000000000000
000000000000000000000
000000000010000000000
000000000100000000000
000000001111000000000
000000011101100000000
000000111111110000000
000001111111011000000
000011111111110100000
000111101110111110000
000111111111100010000
000111111111111110000
000111111111110010000
000110111111111110000
000111111111111010000
000111111111111110000
000111111111111111000
000000000000000000000
000000000000000000000
000000000000000000000
end
