PSO TRACE
INIT:../../instances/fazia/init.csv
REF:../../instances/fazia/asm2.csv
DecodingPolicy:CPP
MutationPolicy:Null
ParticleNeighborhood:DynamicGeneralizedEuclideanDistance
ParticleDims:515
ParticleCount:100
AccP:2.0
AccG:2.0
AccL:1.5
AccI:2.3
Pos:0.0-3.0
Inertia:0.9-0.6
VeloMax:2.0
MaxPSOIteration:500
InertiaDecrFactor:6.000000000000001E-4
INIT
000000000000000000000
000000000000000000000
000000000000000000000
000000000000000000000
000000000000000000000
000000000000000000000
000000000000000000000
000000000000000000000
000000000000000000000
000000000000000000000
000000000010000000000
000000000000000000000
000000000000000000000
000000000000000000000
000000000000000000000
000000000000000000000
000000000000000000000
000000000000000000000
000000000000000000000
000000000000000000000
000000000000000000000
REF
000000000000000000000
000000000000000000000
000000000000000000000
000100000000000000000
000100000000000000000
000010111111000000000
000100001110100000000
000111111111010000000
000001100001011000000
000110101111010100000
000101101100111110000
000010100011110010000
000011111111110010000
000011000111110010000
000110110111011010000
000111101101110010000
000111100111100010000
000111111111111111000
000000000000000000000
000000000000000000000
000000000000000000000
Classic CPP Decoder
#
It:0:Diff:97:PSOStep:6:Time:0.124980148:s:AutomataStep:6:Transition:01000110111001111111110010100001000100111001110111100011111101001111101100101110010101000110010011111111100010110111011101101101100111101101011001111100100101011110111110111110111111001100100000111101010110001001000011100011010110111111111011011111101010101010110111101011101110101101100100111111111011011001110100000000110011100111000111011111011001010111101010100001010100010010001111011111111100111001111010110110101000100000100000110111101101011110100110111001000100011111101011010111100111111100101110110111
000000000000000000000
000000000000000000000
000000000000000000000
000000000000000000000
000010000000000000000
000011100100000000000
000001011100000000000
000011100100000000000
000010011111000000000
000001101101100000000
000011111010000000000
000011111111110000000
000011101110100000000
000011110101101000000
000001110100011100000
000001011111111100000
000010111011101110000
000000000000000000000
000000000000000000000
000000000000000000000
000000000000000000000
#
It:1:Diff:90:PSOStep:7:Time:0.283167126:s:AutomataStep:7:Transition:00100111000000001010100000011110110000110101110001000010011111001101100011111101000100100100101001111001100101100100100100001111100001100000000001110101010100100100111011000100001011101001100110000110010100001111101100110110110111000011110101010000100110011011110010000001000000001100001101010101111011101101110000111000101000011011100100010010110100000011011110100100100000010010010011010011100100010000010000000100111110100100000001100001000010000101110000011010001110001101110001000100100011110110000101111100
000000000000000000000
000000000000000000000
000000000000000000000
000000000010000000000
000000000011000000000
000000000001000000000
000000000000000000000
000000001001000000000
000000000111100000000
000000011100100000000
000000001100110000000
000000111001001000000
000000101000111000000
000000010010000000000
000001100011110000000
000011001101000010000
000000100010000001000
000111111111111111000
000000000000000000000
000000000000000000000
000000000000000000000
#
It:2:Diff:75:PSOStep:7:Time:0.466322811:s:AutomataStep:7:Transition:00110111111111101111111110111110111101111000110111110111111101101110011111111111001111010111000101111111101111111111011101011001111011001101111111111101010101011101111011111111100111111110111011111101111111111001111101111111100110100011111111111110101011111010111111111111111011011111000111111111111101110011011110011111111011111011111111010111111111100111111111110111111111111111010111011111111100010101011100111111111001111111100111111111111011101001111100111111111110101111111111011111110101111100000111111111
000000000000000000000
000000000000000000000
000000000000000000000
000000000010000000000
000000000111000000000
000000001011000000000
000000011111100000000
000000111110100000000
000001111111110000000
000011111111110000000
000110111110111000000
000111111010101000000
000111111111111100000
000110111110111100000
000111011111111110000
000111111010101010000
000101111111111111000
000111111111111111000
000000000000000000000
000000000000000000000
000000000000000000000
#
It:9:Diff:71:PSOStep:7:Time:1.1602166:s:AutomataStep:7:Transition:00110111111111001111110010101110110111101110111111111111111101101110111011010111101111110101000101111111101111101111111101111101111001001101111111111110001101010101100011111111100011111110111111111111111111111000111111111111100110100001110111111110011011111011111110111111111011101111100111011111111101101011011100011111111001111111111111010110111111000001111111110111101111011111110111111111010100100101101100011110101001111111100111110111111010101101111110111111111111101111111111011111110111001100100111111111
000000000000000000000
000000000000000000000
000000000000000000000
000000000010000000000
000000000110000000000
000000001110100000000
000000011111110000000
000000111111110000000
000001111111111000000
000011111110011010000
000111110111111111000
000111111111111111000
000111111011111111000
000111101111111111000
000111111111111111000
000111111111111111000
000111111111111111000
000111111111111111000
000000000000000000000
000000000000000000000
000000000000000000000
#
It:12:Diff:69:PSOStep:7:Time:1.391972604:s:AutomataStep:7:Transition:00110110111111001111111100111100111101010011110101111111001110101110010111111111001111001111000110011111001111101110111101111111101111001101101011111111111101111101101111111111100111111110111011111101111111111001111101111111100100100011110111011110101011111100111110111110111011111111000111111111110101111011011110011011111001111011111101011111111111100111111111100111111111011111100110011111001100001101011100111101111011101111100111111111110010101001111100111111111111101111111111011111110100111001000101111011
000000000000000000000
000000000000000000000
000000000000000000000
000000000010000000000
000000000110000000000
000000001011000000000
000000011111000000000
000000111111100000000
000001111001110000000
000010111111010000000
000110110111111000000
000111111111111000000
000111111110101100000
000111011110111100000
000110111101111000000
000110110111111110000
000111010001100111000
000111111111111111000
000000000000000000000
000000000000000000000
000000000000000000000
#
It:13:Diff:66:PSOStep:7:Time:1.491832689:s:AutomataStep:7:Transition:00010111111111001111111101111110101101100111110101111111111101101110011111011110001111111011000101001111011111101010110101111101111011101100111010111101111101011101100010110110100111111110111011111101011101111001111111110111100100100001011011011111101011111100111110111110101001110111000111101111110101110011011100110011111101011011110101011110111110100101111011110111110111111111001110011111010100001001111000111110111011100111100111011111110010101001111110111111011100101111111111011111110111011100010111111011
000000000000000000000
000000000000000000000
000000000000000000000
000000000000000000000
000000000111000000000
000000001111000000000
000000011110100000000
000000110110100000000
000001101111110000000
000011111111010000000
000111100101111000000
000111111101111000000
000111111111110100000
000111011101111100000
000111101110111010000
000110101010101010000
000111111111111111000
000111111111111111000
000000000000000000000
000000000000000000000
000000000000000000000
#
It:20:Diff:65:PSOStep:7:Time:2.0534275:s:AutomataStep:7:Transition:00010111111111100111110111111100110101100101110101111110111101101011011101111111000101110010000101010111011111001011110111111101111111000101111000111101011101010101101010110111100111101000111011111101011101111001111101000011100110100001011010011111111011011100111110111110111010110111000111101111110101010011011100110111011100010010110101011110111110100101011011110101110101001111011110011110010100000001111101101100111010101111100111011101110010101001111110111111011100100111111110011111110110001100010101111011
000000000000000000000
000000000000000000000
000000000000000000000
000000000000000000000
000000000000000000000
000000000000000000000
000000011111100000000
000000111111100000000
000001101111110000000
000010001110010000000
000100111101111000000
000011111111111000000
000100111111111100000
000011001110010100000
000100011011111110000
000011010011011010000
000111111111100011000
000111111111111111000
000000000000000000000
000000000000000000000
000000000000000000000
#
It:40:Diff:64:PSOStep:7:Time:3.574462461:s:AutomataStep:7:Transition:01010111111111101111111111111101100101000011110101110110111100111111011100011111001011111111000111010111011111111011111101111111110111101101101011111100111101011101100111110111111101111110111011111101111101011101111101110111110100000111011110111011110011111100000110011010111111111011100111101111110101111011011110011111111101011010111101111111111111100001111111110110110111011111011100011110011101001101111000101111111010101111101110111101110110101001111110111111110111111111111111011111110111001101100101111011
000000000000000000000
000000000000000000000
000000000000000000000
000100000000000000000
000110100000000000000
000011110000000000000
000111111000000000000
000111111100000000000
000011111110000000000
000111111111000000000
000111101110100000000
000011110111110000000
000011111101111000000
000011110101110100000
000111111111111110000
000111111111101110000
000111101011111011000
000111011101110111000
000000000000000000000
000000000000000000000
000000000000000000000
#
It:59:Diff:62:PSOStep:7:Time:4.994837187:s:AutomataStep:7:Transition:01010110111111001111110001111110110101000111110111111111111101111110011100111111000101111111000101010111001111101011110111111101111111111101101010110100111101011101100010111110111111101110111011111101111101111001111101100111100010000101011110101011110010011010010110111010111000101011100101111111110101011011011110011111110100011010111101011111111101100111111110110111110110011111011110011111011101000101111100101110111000101111101111111111110110101001111110111111011111101111111111010111110110001100010101100011
000000000000000000000
000000000000000000000
000000000000000000000
000100000000000000000
000110100000000000000
000011100000000000000
000110101110000000000
000111111110000000000
000001010011100000000
000111111111100000000
000111111110101000000
000000111110111000000
000001110011111100000
000001000011110100000
000111111101100110000
000111101111111010000
000101110111111111000
000111111111111111000
000000000000000000000
000000000000000000000
000000000000000000000
#
It:66:Diff:61:PSOStep:7:Time:5.509459897:s:AutomataStep:7:Transition:01010110111111001111110001101110100101000011111101111111111101111110011100011110000101011111001100010111001111101011110111111101111111101101101000110110011101111101000011111010110111101110111011111111111101111101111101110111100000000101011110101011110010011010011110111010111000100111100101111111110101011011011110011111110101001011111101010111111101100101011110110110110111011111011110011111010001000101111100101110111000111111100111111111110110111001111100111111011001101111111111011111010111101100010101110011
000000000000000000000
000000000000000000000
000000000000000000000
000100000000000000000
000110100000000000000
000011100000000000000
000110101010000000000
000111111110000000000
000001110111000000000
000111111011000000000
000101011111110000000
000011110110110000000
000010111111111000000
000011110101111000000
000111111110011010000
000101010111111110000
000101111111111111000
000111111111111111000
000000000000000000000
000000000000000000000
000000000000000000000
#
It:70:Diff:60:PSOStep:7:Time:5.803736819:s:AutomataStep:7:Transition:01010110111101001111111101111101110101000111111111111110111101111110011100111110000101011111000101000111101111111101110011111101100110111101100000110110111101011101100111111111111111101110111011110111011101111001111101000101100100000101011011111011110010111100110110011010111101110011000101101111110101111011011110011101110100101011111111010111110111100011111110110111110110111111011111011111011001000101101100101110111010101111101111011111101110111001111100111110011001111111111111011011110110001100010101111011
000000000000000000000
000000000000000000000
000000000000000000000
000100000000000000000
000110100000000000000
000011110000000000000
000110111000000000000
000111111100000000000
000000111110000000000
000111111111000000000
000111111100100000000
000011101111110000000
000011111110110000000
000001111111110100000
000110011010111110000
000111101111110110000
000101110111111111000
000111111111111111000
000000000000000000000
000000000000000000000
000000000000000000000
#
It:84:Diff:59:PSOStep:7:Time:6.923042431:s:AutomataStep:7:Transition:01010111111101000111111101111111111101010111110111011111111101111110111100111111001101111111000100000111111111001000110111111111100101111101111000110100111101011101100110111111110101100110111011110111111101111001111101000111100110000101010010111011101011111100110110110010111100110011000111101111110101111111011110111111010100101010111111011110100101100011111111110111110100111111011111011011010101000111001100001101111010101111101011011111101110111001110110111110001101111111111111011011011110101110110111111011
000000000000000000000
000000000000000000000
000000000000000000000
000100000000000000000
000111111110000000000
000011111110000000000
000111111111000000000
000111111111000000000
000001111111100000000
000110111111100000000
000111101111110000000
000010101111110000000
000011011111111000000
000011011111111000000
000111011111111100000
000111111111111110000
000111111111111111000
000111111111111111000
000000000000000000000
000000000000000000000
000000000000000000000
#
It:109:Diff:57:PSOStep:7:Time:8.815747687:s:AutomataStep:7:Transition:01010111111101110111101101101111111101010101010111011111111101111111011100111111101111101111000101001011111111101011100101101111110011111101101111111101111101011001100110011111110111110110011011110011111101011001101101000111110101000101011110011011110010111100010111111010111010110111000111111111110101111011011110011011110100111011100111110111111111100101111111110111110100011111000110011010010111001101111100011111110110101111100111011101110110101101011110111110001101011111101111111101011110001111110101110011
000000000000000000000
000000000000000000000
000000000000000000000
000100000000000000000
000111111110000000000
000011111110000000000
000111111111000000000
000111111101000000000
000001111011110000000
000110101010110000000
000111101111111100000
000010110110110000000
000011110111011100000
000010000111110000000
000111011101111100000
000111110110111010000
000111111110100011000
000111111111111111000
000000000000000000000
000000000000000000000
000000000000000000000
#
It:126:Diff:54:PSOStep:7:Time:10.122695545:s:AutomataStep:7:Transition:01010111111101110111111101111111111101001111110111111110111101111111011100111101101111011111000101000011111111101101100101111111111101001101111011111111111101011101101011111111100111111110110011110111011101111001111101000111100101000101011110111010101011011100101110111010111010111111100111101111110101111011011010111111111100111011110111110111111111100111111111110111110111011111001111011010010011001111011000001111111110111111100011111111110010101101111110111110101101101111111111011111111110101110110101111011
000000000000000000000
000000000000000000000
000000000000000000000
000100000000000000000
000110100000000000000
000011011111000000000
000111011111000000000
000111111111100000000
000001001110100000000
000110011111010000000
000111011010010000000
000011110011111000000
000011111101111000000
000010011011100000000
000111110101010000000
000111111111111010000
000111000110100011000
000111111111111111000
000000000000000000000
000000000000000000000
000000000000000000000
#
It:213:Diff:53:PSOStep:7:Time:16.547639373:s:AutomataStep:7:Transition:01010111111101110011111101111110111101101111110111111110111101111111011000111101001111011111000100000011111111101101110101111111111101101101111011111101111101111101101011011111100111111110111011011111011101111001110101101101001101000101011110111010101011011100101110111010111010111111100111101111110101111111011010110111111100111011110111110111111111100111111111110111100111001110001111011011011010001111111000001111101110101111100011111111110010101101111110111110101111111111011111011001111111101110110101111011
000000000000000000000
000000000000000000000
000000000000000000000
000100000000000000000
000110111100000000000
000011110110000000000
000111111101100000000
000111101111100000000
000001100010010000000
000110101110010000000
000111011101111000000
000010111010101000000
000011111111011100000
000011011101110100000
000111010111011110000
000111111110111010000
000111000110100011000
000111111111111111000
000000000000000000000
000000000000000000000
000000000000000000000
#
It:252:Diff:52:PSOStep:7:Time:19.534956621:s:AutomataStep:7:Transition:01010111111101110011111101111111111101000111111111111110111101111111011100111101101111011111000100000011111111101101110101111101111101111101111000110110111101110101101111111110110111100110010011010111011101111001010101100111011101000101011110101011101011011100101110111010111010110111100111101111110101111011011010111111110100111010110111110101111111100111111111110111110111011110001111011011011011001101111000001111110110101101100111111111110110101101111110111110101111111111011111011101100111101111110101111011
000000000000000000000
000000000000000000000
000000000000000000000
000100000000000000000
000110100000000000000
000011110100000000000
000111100110000000000
000111111110100000000
000001101001100000000
000110111110010000000
000111011111010000000
000010100111111000000
000011110111111000000
000011010111100000000
000111111111110000000
000111100110111010000
000111111110100011000
000111111111111111000
000000000000000000000
000000000000000000000
000000000000000000000
#
It:400:Diff:51:PSOStep:7:Time:30.71877203:s:AutomataStep:7:Transition:01010111111101100111111101111010111101001111001111111110111001111111011100111110101111001111000100000011111101101101111101111100111101010101111010110110111101111101001111011111111111101110010011110111011101111001010101000101111111100101011110101011100011111000111110110010100011110111000111101101110101110011011010110101111101011010100111110101110111100111111110110111110111111101001111011011011010001101111001001111110110101111100111111111110110101101111110111110001101011101111111011101110111101111110101111011
000000000000000000000
000000000000000000000
000000000000000000000
000100000000000000000
000110100000000000000
000011110100000000000
000111101110000000000
000111101111000000000
000001111111100000000
000110101110110000000
000111011110011000000
000010111011101000000
000011111111100000000
000011010101100000000
000111010111110000000
000111101110111010000
000111000110100011000
000111111111111111000
000000000000000000000
000000000000000000000
000000000000000000000
end
