PSO TRACE
INIT:../../instances/fazia/init.csv
REF:../../instances/fazia/asvn3.csv
DecodingPolicy:CPP
MutationPolicy:Null
ParticleNeighborhood:DynamicGeneralizedEuclideanDistance
ParticleDims:515
ParticleCount:100
AccP:2.0
AccG:2.0
AccL:1.5
AccI:2.3
Pos:0.0-3.0
Inertia:0.9-0.6
VeloMax:2.0
MaxPSOIteration:500
InertiaDecrFactor:6.000000000000001E-4
INIT
000000000000000000000
000000000000000000000
000000000000000000000
000000000000000000000
000000000000000000000
000000000000000000000
000000000000000000000
000000000000000000000
000000000000000000000
000000000000000000000
000000000010000000000
000000000000000000000
000000000000000000000
000000000000000000000
000000000000000000000
000000000000000000000
000000000000000000000
000000000000000000000
000000000000000000000
000000000000000000000
000000000000000000000
REF
000000000000000000000
000000000000000000000
000000000000000000000
000000000010000000000
000000000111000000000
000000001011100000000
000000011111110000000
000000101011111000000
000001111111011100000
000010111110101110000
000111011101110111000
000010111011101110000
000001110111011100000
000000101110111000000
000000011101110000000
000000001011100000000
000000000111000000000
000000000010000000000
000000000000000000000
000000000000000000000
000000000000000000000
Classic CPP Decoder
#
It:0:Diff:65:PSOStep:5:Time:0.086075983:s:AutomataStep:5:Transition:00111011110010111111111111111111111011101101011101111110011101010110011111110111011111111101111011111111111111111111110110101001111111010111011111111101111101101111111111010111111100100110011111111111111111111111110101101110100011111111111111110011010110111000110111101001111011111111111101101111110001111011111110111101101110101000011111111110111111111110111011111111110101111101011111111110011111101111011111011000110100111111011110001110101111111111010111111011110111111011011110011011111110111111101110111010
000000000000000000000
000000000000000000000
000000000000000000000
000000000000000000000
000000000000000000000
000000000011111100000
000000000111111100000
000000000110101100000
000000000111111000000
000000111101111100000
000001101110111100000
000000110111011100000
000000011111111000000
000000001111111100000
000000000111111100000
000000000011111100000
000000000000000000000
000000000000000000000
000000000000000000000
000000000000000000000
000000000000000000000
#
It:1:Diff:63:PSOStep:6:Time:0.221488911:s:AutomataStep:6:Transition:00100011111010111110001111111101100001111111001001111100110111110110001010110101010101011100110011101111001000110111100110011000101111010111011010011110111111101010111001001111111011011110011101111111101111101111111000100000000111111110101111111110111011010010000110011011100111001110101011101110000100001111111111100111110101011100011110110100001110011111110001010110101101111101010001101100001101110100101111011111100010111110111111001110111101111110100011101111110111010011111010110011101110111111111010011010
000000000000000000000
000000000000000000000
000000000000000000000
000000000000000000000
000000000010000000000
000000000100000000000
000000000011100000000
000000011000110000000
000000110101111000000
000000010001011100000
000011111111011110000
000001011100001100000
000000011011011000000
000000010111110000000
000000001101100000000
000000000111000000000
000000000010000000000
000000000000000000000
000000000000000000000
000000000000000000000
000000000000000000000
#
It:2:Diff:62:PSOStep:6:Time:0.356078677:s:AutomataStep:6:Transition:00111111111010101100001110111101010000111101111000111010100111100101111010000101011111010101100111111111001100111111010110110010111001011111011011111111110111101010101010101110111111011111111111111111000111111001110100101000101111001111010111111110110001010111110010011111011111100110001011011011000011101111110111001101000101111100111110111111111110111111111011011111101111011100010010111111101101110000111111011110110010110111101101111111111111010100001000011011111010100011111111111111111110111001101110011111
000000000000000000000
000000000000000000000
000000000000000000000
000000000000000000000
000000000011111110000
000000000100100100000
000000000010111100000
000000011011110100000
000000000011111100000
000000101111111100000
000011010011011100000
000000111111111100000
000000111111111000000
000000011111110000000
000000001111100000000
000000000111000000000
000000000010000000000
000000000000000000000
000000000000000000000
000000000000000000000
000000000000000000000
#
It:3:Diff:56:PSOStep:7:Time:0.434158464:s:AutomataStep:7:Transition:00110101101110101000001110110111100000110001001000100000011111100100011000110101110101110001000011001001001100110101001000011010101111010010100010010100110101110011000100001010011001001111001010111101000111111011110010101000100111100100000110111100111001001101101110011010000011110101101010111001010100001010110101001010110101010100101010110010110110111111110011010001011001011101010010000101001101101000001111011101100110110110101101011110001111110110001000101111000110000011001111110011111000111010000110011000
000000000000000000000
000000000000000000000
000000000000000000000
000000000010000000000
000000000111000000000
000000001011100000000
000000011000110000000
000000100011010000000
000001101111101000000
000010101010101000000
000110010011110100000
000010000100101000000
000000110101000110000
000000111011111110000
000000001011010000000
000000000010001010000
000000000010100001000
000000000011101011000
000000000000000000000
000000000000000000000
000000000000000000000
#
It:5:Diff:50:PSOStep:7:Time:0.599674818:s:AutomataStep:7:Transition:00110111111111111011101110111111111110110101001011100011111111110100011101110111100111111111011011011001111111111111111010011010101111111110101111110100111111111011011101011011111011111111001011111111101111111111100111111101110111101110000111111110111011111111110110011011010111110111101111110011111110101010110111011111110111011100111110111110110111111111110111111111111110111111011100111101001101001111011111111101110111101110111111011110111111110010101111111011001111011011111111111010111011111100100110011100
000000000000000000000
000000000000000000000
000000000000000000000
000000000010000000000
000000000111000000000
000000001111100000000
000000011011110000000
000000110111011000000
000001111111111100000
000010011111101110000
000110000001110011000
000010100111000011000
000001011110011111000
000000101111111110000
000000010111110111000
000000001011111110000
000000000101010111000
000000000011111111000
000000000000000000000
000000000000000000000
000000000000000000000
#
It:7:Diff:40:PSOStep:7:Time:0.781751684:s:AutomataStep:7:Transition:00110111011111111100011111100101111101111011111011101111101111110010111010110111111111111111010111011001101111111111111110111011111111101011100111110110011111110111111101110111111011111111001011011111010111111111101110100011100111101111000111111111111011110111001110011010111111111110101111011111101111101101110111000101110111011100111010111010111110111111111110111011001110011101011110101101011101111111000111111100111110101110110111111110001101111110111111011011111111011011111110110010111111111001101110111100
000000000000000000000
000000000000000000000
000000000000000000000
000000000010000000000
000000000111000000000
000000001111100000000
000000011011110000000
000000010111011000000
000000001111111100000
000000001110011110000
000000011110111111000
000000010111001110000
000000010100001100000
000000011101111000000
000000010100110000000
000000000011100000000
000000000011000000000
000000000010000000000
000000000000000000000
000000000000000000000
000000000000000000000
#
It:9:Diff:25:PSOStep:7:Time:0.935771209:s:AutomataStep:7:Transition:00110111111111111111111111100111111000111011111101111111101111110100001110110101111111111111011110011011111010111111111110111011111111110111101110110111110111111111111101110011010011111111001111111111010111111111101110100111110111101111101111111111111011110111111110011010101111111111101111011111111111111101111111001111110111011110111110110010111100111110111111111011001111011111111110111101111111111111000101111101111110101110111111111110011111110110111111111011110110011111111110110010101111111001001111111110
000000000000000000000
000000000000000000000
000000000000000000000
000000000010000000000
000000000111000000000
000000001111100000000
000000011111110000000
000000111111111000000
000001110111111100000
000011111011001110000
000111111011110111000
000011100011111010000
000001111111111100000
000000111011101000000
000000011101110000000
000000001110100000000
000000000111000000000
000000000010000000000
000000000000000000000
000000000000000000000
000000000000000000000
#
It:12:Diff:21:PSOStep:7:Time:1.148191257:s:AutomataStep:7:Transition:00110111111111111100011010101101111110111001111111110111101111000001010010111111111111111111010110101011101110111111111110111010111101111111111010111111111101111111111101111111011011011110101011011101011111111111101110110111011111101111100111111101111001110101111111011010111111111110110111001111111111111101110111110111110011011111111110110010111111111111111111110010001001101111011001111111011111111101010111111101111111111110111111111110101111111011101111111011111110011111111110111010101111111001111010011011
000000000000000000000
000000000000000000000
000000000000000000000
000000000010000000000
000000000111000000000
000000001111100000000
000000011001110000000
000000101101111000000
000001111110111100000
000011111111111110000
000111101111111111000
000011110111111110000
000001110111111100000
000000101110111000000
000000011111110000000
000000001111100000000
000000000111000000000
000000000010000000000
000000000000000000000
000000000000000000000
000000000000000000000
#
It:16:Diff:20:PSOStep:7:Time:1.41396262:s:AutomataStep:7:Transition:00110111111111111111111111100111111111111111110111111111100111110010001010111111111101111111011111111111101111111111011111111011110111101111101111111111111111110111111101111111011011111111001101111111111111111111111111100111011111111111011111111101111011110111111111011111111111111111110111001101110011111101111111101111110101010110111110111110011111111111111111111011111111011101011110111111011111111101010101111100111110101111111111111110111101111110101111111011111110110111111110111111101111111001111111111111
000000000000000000000
000000000000000000000
000000000000000000000
000000000010000000000
000000000111000000000
000000001111100000000
000000011111110000000
000000111111111000000
000001111111111100000
000011111111111110000
000110111111111111000
000011111111111110000
000001111111111100000
000000111111111000000
000000011111110000000
000000001111100000000
000000000111000000000
000000000010000000000
000000000000000000000
000000000000000000000
000000000000000000000
#
It:23:Diff:16:PSOStep:7:Time:1.900177794:s:AutomataStep:7:Transition:00110111111011111111111111100111111101101111110001111010010011110001101010111110111011111111011111010111101111110111111111111011110111101111111110101111111111110111111111111111011011111111001111111101111001111111111011100011001111111111111111111111111111110111001110011111110111111111100111111111101111111111110111011111110101101110111110111110011111111111111110111111111111011101010110110111011101111100010101011100111111101110111111010110011101111110101111110111111110110011111110110111101111111001101101111111
000000000000000000000
000000000000000000000
000000000000000000000
000000000010000000000
000000000111000000000
000000001011100000000
000000001111110000000
000000011111111000000
000001111111111100000
000010111111111110000
000111111111111111000
000010111111111110000
000001111111111100000
000000101111111000000
000000011111110000000
000000001011100000000
000000000111000000000
000000000010000000000
000000000000000000000
000000000000000000000
000000000000000000000
#
It:24:Diff:15:PSOStep:7:Time:1.977567663:s:AutomataStep:7:Transition:00110111110011101101111111100111111101101111110011110011010001110001101010011110111111111111011110011111111111110111111111111001110111101111111010101111111011110101111111111111011011101111001111111101110011101111111011110011000111111111111111111111111111110110001110010111110111111111010111101101101111111111110111011101110101101110111110111111011111110111111110111111111100011011011100100111011101111100010101011100111110100110111111001110011110111110101111110101111110110011111100110010101011111001100001110111
000000000000000000000
000000000000000000000
000000000000000000000
000000000010000000000
000000000111000000000
000000001011100000000
000000011111110000000
000000100111111000000
000001111111111100000
000010011111111110000
000111111111111111000
000010111111111110000
000001111111111100000
000000101111111000000
000000011111110000000
000000001011100000000
000000000111000000000
000000000010000000000
000000000000000000000
000000000000000000000
000000000000000000000
#
It:70:Diff:13:PSOStep:7:Time:5.008486194:s:AutomataStep:7:Transition:00110111110011111101011111100111111001101010110001111110111111100001000010001111111011100111010110011111101000110111111111111011111110001111101100101101110011110111011110111111011010000111001101111101111101101110111110110011001101111110110110111101011111100001111110010011110111111110110111000111101110111101110111011111110101101010011010110111010111111011111010111110101101011111011100110101011101111100010101011100111010101110111111001110010101111100001111110001111110110011111110110010101011111001101101110110
000000000000000000000
000000000000000000000
000000000000000000000
000000000010000000000
000000000111000000000
000000001111100000000
000000011101110000000
000000101110111000000
000001011010011100000
000011111110111110000
000111111000110111000
000010111011101110000
000001111111011100000
000000101110111000000
000000011101110000000
000000001011100000000
000000000111000000000
000000000010000000000
000000000000000000000
000000000000000000000
000000000000000000000
#
It:103:Diff:12:PSOStep:7:Time:7.211888907:s:AutomataStep:7:Transition:00110111110011111101111111100111111001101011110001110100010111100001100010001110111111110111010110011110101010100111111111111010111100101111101010101101110011110111011110111111011010100111001101111100101101101110111111110011001111111110110111111001011111100110101110010011111111111111110111001111101111111101110101011111110101101110011010111111010101111111111010111110111101011101011100100101011001111101010101001100111010101110111111001110010111111100101111010011111110111011111110100010101011111001101010110110
000000000000000000000
000000000000000000000
000000000000000000000
000000000010000000000
000000000111000000000
000000001011100000000
000000011101110000000
000000100111111000000
000001111111111100000
000010111111111110000
000111111111110111000
000010111111001110000
000001110011011100000
000000100110111000000
000000011101110000000
000000001011100000000
000000000111000000000
000000000010000000000
000000000000000000000
000000000000000000000
000000000000000000000
#
It:164:Diff:11:PSOStep:7:Time:11.193163908:s:AutomataStep:7:Transition:00110111111111111001111111100111111001101011110001111111010101100001100010011110111111100111010010011111111000100111011111111000111111001111110010001101111111110101011111111111010010101111001101111101101011111111111111010011001111111110100111111101101101100111001110001010110111100111110111101101101111111101110101010111110001100010001110111111111101110111111110110111111101011001011110100111011101111100010101011101111100110110011110000110110001111100001111110111111110111011110110101010101111111001100111110111
000000000000000000000
000000000000000000000
000000000000000000000
000000000010000000000
000000000111000000000
000000001011100000000
000000011111110000000
000000101011111000000
000001111111111100000
000010111110111110000
000111111111111111000
000010111111111110000
000001111110111100000
000000101111111000000
000000011101110000000
000000001011100000000
000000000111000000000
000000000010000000000
000000000000000000000
000000000000000000000
000000000000000000000
#
It:225:Diff:10:PSOStep:7:Time:15.139270848:s:AutomataStep:7:Transition:00110110101111111001111111100111111100101011110001111101010111110000100010011110111101100111010000010111100000100111011111111000101111001111110000101101111011110101111111111111111010100111001101111101101111101100111111010111001110111110100111111101101111100110001110010011100111100110010111101111101111111101111101010111110001100010011010111101011101110111111100110110111000011001011110100111011000111101010101001101111110110111001110000010110001111100001111100111110110110001110110101010101111111001100011110111
000000000000000000000
000000000000000000000
000000000000000000000
000000000010000000000
000000000111000000000
000000001011100000000
000000011111110000000
000000101011111000000
000001111111111100000
000010111110111110000
000111111111111111000
000010111011111110000
000001111110111100000
000000101111111000000
000000011101110000000
000000001011100000000
000000000111000000000
000000000010000000000
000000000000000000000
000000000000000000000
000000000000000000000
#
It:231:Diff:9:PSOStep:7:Time:15.523161313:s:AutomataStep:7:Transition:00110111111111111011111111100111111101101011100001111111010111110000100010001110111101001111011000010111111110110111001111111001101010001111111100101101111011110111111111111110001010001111001101111101111011111111111111000011101111111010100110011111111111100111011110011011101111101111010111101111101111111101111111011101110101111010011110011111111101111111111000110110111100011001111110110101010001111101010101001101111110110111011110000010110101111100101111100111110110010001010110101010101111011001101010111111
000000000000000000000
000000000000000000000
000000000000000000000
000000000010000000000
000000000111000000000
000000001011100000000
000000011111110000000
000000101011111000000
000001111111111100000
000010111110111110000
000111111111111111000
000010111011111110000
000001110110111100000
000000101111111000000
000000011101110000000
000000001011100000000
000000000111000000000
000000000010000000000
000000000000000000000
000000000000000000000
000000000000000000000
end
