PSO TRACE
INIT:../../instances/fazia/init.csv
REF:../../instances/fazia/asvn3.csv
DecodingPolicy:CPP
MutationPolicy:Null
ParticleNeighborhood:DynamicGeneralizedEuclideanDistance
ParticleDims:515
ParticleCount:100
AccP:2.0
AccG:2.0
AccL:1.5
AccI:2.3
Pos:0.0-3.0
Inertia:0.9-0.6
VeloMax:2.0
MaxPSOIteration:500
InertiaDecrFactor:6.000000000000001E-4
INIT
000000000000000000000
000000000000000000000
000000000000000000000
000000000000000000000
000000000000000000000
000000000000000000000
000000000000000000000
000000000000000000000
000000000000000000000
000000000000000000000
000000000010000000000
000000000000000000000
000000000000000000000
000000000000000000000
000000000000000000000
000000000000000000000
000000000000000000000
000000000000000000000
000000000000000000000
000000000000000000000
000000000000000000000
REF
000000000000000000000
000000000000000000000
000000000000000000000
000000000010000000000
000000000111000000000
000000001011100000000
000000011111110000000
000000101011111000000
000001111111011100000
000010111110101110000
000111011101110111000
000010111011101110000
000001110111011100000
000000101110111000000
000000011101110000000
000000001011100000000
000000000111000000000
000000000010000000000
000000000000000000000
000000000000000000000
000000000000000000000
Classic CPP Decoder
#
It:0:Diff:64:PSOStep:4:Time:0.113750263:s:AutomataStep:4:Transition:01111101001111011101111010101111101111011111110111111101010011111010000110010111011111001011001011101110100111111111111111111110100111111101100111111101111011110101111100111110101010001100111111100101111110001110001110101011111011110011001011010110101011011010110101010110111101101101000111001111110110111011101111111111011011111111110010101011101111011011110101111000001101111111110110111111111010111110110001111111101110111000101111011110111001011101111110110110011001010101000111111111010111100011100111111011
000000000000000000000
000000000000000000000
000000000000000000000
000000000000000000000
000000000000000000000
000000000000000000000
000000111011101000000
000000000111111000000
000000011100111000000
000000011101111000000
000000001001101000000
000000000011001000000
000000011111111000000
000000011111111000000
000000111111111000000
000000000000000000000
000000000000000000000
000000000000000000000
000000000000000000000
000000000000000000000
000000000000000000000
#
It:1:Diff:61:PSOStep:4:Time:0.242114978:s:AutomataStep:4:Transition:01111101101111110001110110011111101111110111110111101101011011111010111111010111010111011011111111101111110110111111011111111010111111111101110111111111001111011111111100111111101111010101111111010111111111001111001111011011101011111011011111111110111011011011111111111111011111110111010110101111111111110011101111111110011111111111110011111010111111011111111111111110001111111111111100111111111111111110111111111110101111111101101111111111111111011111111110110111111001010111010111111111011111110111110000111011
000000000000000000000
000000000000000000000
000000000000000000000
000000000000000000000
000000000000000000000
000000000000000000000
000000111011101000000
000000011010111000000
000000111111111000000
000000110111011000000
000000101110101000000
000000001011111000000
000000111111111000000
000000101111111000000
000000111011101000000
000000000000000000000
000000000000000000000
000000000000000000000
000000000000000000000
000000000000000000000
000000000000000000000
#
It:3:Diff:58:PSOStep:4:Time:0.450721748:s:AutomataStep:4:Transition:01111101111111110101110110111111111011010111110111101111010011011011000111010111011111111111010111101110110111101111011111111110111101111101110111111101101011111100101101101111101001000101111111011111111111011110101110111011111111111111000111110111101111011011110111111111101111110101111111101111110101111011101111111110111111111101111010111011111011101011110110111011101111101111110111111111111111111111110111110110101110110111101111111111111111111101111111111110111101111111001111110101111110111110100010111111
000000000000000000000
000000000000000000000
000000000000000000000
000000000000000000000
000000000000000000000
000000000000000000000
000000111011101000000
000000111111111000000
000000111111101000000
000000111111111000000
000000110110011000000
000000111111101000000
000000101111101000000
000000111111111000000
000000111111111000000
000000000000000000000
000000000000000000000
000000000000000000000
000000000000000000000
000000000000000000000
000000000000000000000
#
It:7:Diff:56:PSOStep:4:Time:0.759157301:s:AutomataStep:4:Transition:01111101100111110001110110111111111011010111110111001111110011111011010011010111001111111111101111101110100011101111011110111110111111111101110110111101001011011100011101101111011111010100111111010110111111001110001010111011101100110011101110110111001111011010101111111010001101110101010111101111110110111111101011111010111011111101010000111010111111001011111111111011001101101111110111111111011110110110111111111110111110110111101011010110110111011100111110110010111101011111001110111101011110110011100011010110
000000000000000000000
000000000000000000000
000000000000000000000
000000000000000000000
000000000000000000000
000000000000000000000
000000111011101000000
000000011111101000000
000000111011011000000
000000111110101000000
000000111101101000000
000000011101101000000
000000101110111000000
000000101010101000000
000000111111111000000
000000000000000000000
000000000000000000000
000000000000000000000
000000000000000000000
000000000000000000000
000000000000000000000
#
It:13:Diff:54:PSOStep:4:Time:1.18781351:s:AutomataStep:4:Transition:01111101110110111101110110011111110011110111111111001011110011111011010011010111111101111101101111101110100101101110011110110110110011111101010110001001001001111111011100101111111011010100111011110010111111001110001110111011111100111010001110110111000111011011111111011111101111111101000111101111110101111011101010111011011001011101010010111010111111001011111111111010001101001111010110101111111110110110111011111110101111101111101011010111101111011000101111100110011101011110001110111111011110110011110111011111
000000000000000000000
000000000000000000000
000000000000000000000
000000000000000000000
000000000000000000000
000000000000000000000
000000111011101000000
000000111111101000000
000000111111011000000
000000111111001000000
000000111111101000000
000000111111111000000
000000111111111000000
000000111111111000000
000000111111111000000
000000000000000000000
000000000000000000000
000000000000000000000
000000000000000000000
000000000000000000000
000000000000000000000
#
It:15:Diff:53:PSOStep:4:Time:1.317337459:s:AutomataStep:4:Transition:01111001110110111001110110111111110011111111111101101011110111111001010011010111111101111111101011100110100111111100111010100110100111111111100110111000111100111011001001101111001001011100111011100110111111001110001110111111110101111011001010110111000101011001111110101011101011011101001011101111110111111011100111101011011001001101010000101010111111000011101110111010001111000111100110111011110100111110111111100100101111101111101011110111101100011000101111011110011101011110001010111111011000110001110111011111
000000000000000000000
000000000000000000000
000000000000000000000
000000000000000000000
000000000000000000000
000000000000000000000
000000111011101000000
000000111111111000000
000000111111011000000
000000111111001000000
000000111111101000000
000000111111111000000
000000111111111000000
000000111111111000000
000000111111111000000
000000000000000000000
000000000000000000000
000000000000000000000
000000000000000000000
000000000000000000000
000000000000000000000
#
It:16:Diff:49:PSOStep:4:Time:1.386689881:s:AutomataStep:4:Transition:01111111110110110101110111111111110111111110111111101111111011111111111011010111111101111111111111111110101111111111011111111110111111111101111111111100010111111111011111101111111111011100111111111110111111001111001110111111110101110010011110110111101111011111111111011010101101111111001111101111110110111011111010101111011111111101010110111011111111011011111111111111111111001111110111101111111111110110111111111110111111011111111111010111101111011100101110011011111111011111111110111111111111100101111111011111
000000000000000000000
000000000000000000000
000000000000000000000
000000000000000000000
000000000000000000000
000000000000000000000
000000111111111000000
000000111111111000000
000000111111111000000
000000111111111000000
000000111111111000000
000000111111111000000
000000110111111000000
000000101111111000000
000000111111111000000
000000000000000000000
000000000000000000000
000000000000000000000
000000000000000000000
000000000000000000000
000000000000000000000
#
It:69:Diff:48:PSOStep:4:Time:4.825429301:s:AutomataStep:4:Transition:01111111111110110001110110111111110011111110111111001011111011111011010011010111111101011111111111100110101111101111111010111110111111111101101110011110010101111011011100101110111011010100111111010110111111011111001110111111110101111010001110110111000111001001101110011011101111110111001111101111110110111011111000101010011001111101010010111010111111010011111110111011111101001111010111100111111110111110111111100110101111011111101011010111101111011100101110011010111101011110001110111111111001110111110111011111
000000000000000000000
000000000000000000000
000000000000000000000
000000000000000000000
000000000000000000000
000000000000000000000
000000111111111000000
000000111111101000000
000000111111111000000
000000111110111000000
000000111111111000000
000000111011101000000
000000111111111000000
000000101010111000000
000000111111111000000
000000000000000000000
000000000000000000000
000000000000000000000
000000000000000000000
000000000000000000000
000000000000000000000
#
It:182:Diff:47:PSOStep:4:Time:12.027345976:s:AutomataStep:4:Transition:01111111110110110101110111110111111011111111111111011001111011111011111011010111111101111111111111111110101111111111011110111110111011111001111110011100010000111111011100101111101011011101111111011110111111001111001110111111110101111010011110110111001111011111101110011010111101110111001111001111110110111011111011101111111011111101010010111010111111011011111111111111111111001111010111101111111111110110111111101110111011111111111111010111101111011100101110010111111111011110011110110111111101100011111111011111
000000000000000000000
000000000000000000000
000000000000000000000
000000000000000000000
000000000000000000000
000000000000000000000
000000111111111000000
000000111111101000000
000000111111011000000
000000111110111000000
000000111111011000000
000000111011101000000
000000110101111000000
000000101110111000000
000000111111111000000
000000000000000000000
000000000000000000000
000000000000000000000
000000000000000000000
000000000000000000000
000000000000000000000
#
It:267:Diff:45:PSOStep:4:Time:17.509860149:s:AutomataStep:4:Transition:01111111111110110111110110011111111011111111111111011011111011111011111011010111111101011111111111110110101111111111111110111110111111111001110110011110001111111110011100101111101001011101111011011110111111001111001110110111111101111111011110110111001101011001101010111010101101111111011111101101110110111011111110101010111011111101010010111011111011011011111111111011111111001111010111001111111100111110111111111110111111011111111011010111101111011100101111110110111101011111011110111101111011110111111110010111
000000000000000000000
000000000000000000000
000000000000000000000
000000000000000000000
000000000000000000000
000000000000000000000
000000111111111000000
000000101011101000000
000000111111111000000
000000111110111000000
000000111111111000000
000000111011101000000
000000111111111000000
000000101110111000000
000000111111111000000
000000000000000000000
000000000000000000000
000000000000000000000
000000000000000000000
000000000000000000000
000000000000000000000
end
