PSO TRACE
INIT:../../instances/fazia/init.csv
REF:../../instances/fazia/asvn3.csv
DecodingPolicy:CPP
MutationPolicy:Null
ParticleNeighborhood:DynamicGeneralizedEuclideanDistance
ParticleDims:515
ParticleCount:100
AccP:2.0
AccG:2.0
AccL:1.5
AccI:2.3
Pos:0.0-3.0
Inertia:0.9-0.6
VeloMax:2.0
MaxPSOIteration:500
InertiaDecrFactor:6.000000000000001E-4
INIT
000000000000000000000
000000000000000000000
000000000000000000000
000000000000000000000
000000000000000000000
000000000000000000000
000000000000000000000
000000000000000000000
000000000000000000000
000000000000000000000
000000000010000000000
000000000000000000000
000000000000000000000
000000000000000000000
000000000000000000000
000000000000000000000
000000000000000000000
000000000000000000000
000000000000000000000
000000000000000000000
000000000000000000000
REF
000000000000000000000
000000000000000000000
000000000000000000000
000000000010000000000
000000000111000000000
000000001011100000000
000000011111110000000
000000101011111000000
000001111111011100000
000010111110101110000
000111011101110111000
000010111011101110000
000001110111011100000
000000101110111000000
000000011101110000000
000000001011100000000
000000000111000000000
000000000010000000000
000000000000000000000
000000000000000000000
000000000000000000000
Classic CPP Decoder
#
It:0:Diff:68:PSOStep:5:Time:0.108268657:s:AutomataStep:5:Transition:00111011101101101111100000101111110011011111010010011101110101111100000011011011011111101010101010001011100101111001111101111101111011111110101110101101011000111010000011011100111101101110111111110001011111111011010111110011101110110101011111011111111111100101100010010111110101010001110110001101101011101111000100111110001110010111011110111111111101111001011100011001111100110011111111000111110100100101001010011111010010100101101101111011101111010111101000101000000111111011111000101010010010010111111110001001
000000000000000000000
000000000000000000000
000000000000000000000
000000000000000000000
000000000000000000000
000000000011111100000
000000000111110100000
000000001011111100000
000000010101111100000
000000001101111100000
000000111111010100000
000000110000101000000
000000001000000000000
000000011111000000000
000001111111000000000
000001101010000000000
000000000000000000000
000000000000000000000
000000000000000000000
000000000000000000000
000000000000000000000
#
It:1:Diff:60:PSOStep:7:Time:0.240004598:s:AutomataStep:7:Transition:00101011110101011011110011111111110011011101010110110011111111110111010011111011111111101110111111001111111101001111111101111011111111111111001011111101111100111010100101110100111111111111111111110111001100111011011010111111101100011111011111011111011111110111101111110101010111110111111110101111101011100101100111111111111110111110011111111011111111011010011111111101111011011111111011011111110101110101001110100111110010110111101001110011111011110111110111111000111001111011111001111010001110011111111100111101
000000000000000000000
000000000000000000000
000000000000000000000
000000000000000011000
000000000000001111000
000000000000111111000
000000000011111111000
000000001111011111000
000000111110101111000
000011111111111111000
000111111011111001000
000011111011111110000
000001111110101100000
000000111011011000000
000000011110110000000
000000001111100000000
000000000111000000000
000000000010000000000
000000000000000000000
000000000000000000000
000000000000000000000
#
It:2:Diff:53:PSOStep:7:Time:0.404006074:s:AutomataStep:7:Transition:00111011110101010011111001111111110011011111010111110010111111110111010010011011111101101010101010001111110111011111111101111011101111111100101111101101111100001010100110111100111111101111111111110111001010111011111010111010101101001101011111011111111111100101100011111111011111110111101110100101101010101101100101110010101110100100111111111011111111111100011100111101111001010011111011011110110101110101001111100011111010110111101001111111101011110101111010111000111111111110111010111011101111011011111100111101
000000000000000000000
000000000000000000000
000000000000000000000
000000000011111111000
000000000111111111000
000000000011101110000
000000011101111111000
000000101011111110000
000001111111111001000
000011111111011011000
000111010111110111000
000001011011101110000
000000101110101100000
000000100010011000000
000000010110110000000
000000000111100000000
000000000011000000000
000000000010000000000
000000000000000000000
000000000000000000000
000000000000000000000
#
It:4:Diff:41:PSOStep:7:Time:0.560748929:s:AutomataStep:7:Transition:00110011100001001111011101111111110011001111010110110010111111110111010011011010111101111110101011001111111101001011111101111011101111111010011111011110111100010010100101111100111111111110110111110111001010111011001100110110111100001111011111111111110111100101100111111011010111010101101010100111001010111111100110110010111100101100111111111011111111111100011010111111101011010111111011111111010110100101001111100111111010110111111001111011111111110111010110110000011001111011100011101010011110011111101000111111
000000000000000000000
000000000000000000000
000000000000000000000
000000000010000000000
000000000011000000000
000000001001100000000
000000001110110000000
000000011111111000000
000000001001111100000
000010111110101110000
000111111111101101000
000001000101111110000
000001111100000100000
000000011111110000000
000000000001110000000
000000001110100000000
000000000110000000000
000000000010000000000
000000000000000000000
000000000000000000000
000000000000000000000
#
It:8:Diff:36:PSOStep:7:Time:0.890942311:s:AutomataStep:7:Transition:00010111100101001011011011111111101011011101110110111011111111110110000100111011111110101011000011101111111101100001111100111010101011101011011111101110111011101110000101001101011111101011111111111011001000111111011010110110111100100100011111001111100111110101110110110011110110010101101111101011101011111111100001110010011111000100111110111111111011111011011001011101101001011111111111011100011110100101011110011111111110110111001011110011101010111101010000110100011101111010111000101110011111011011111101111101
000000000000000000000
000000000000000000000
000000000000000000000
000000000000000000000
000000000111000000000
000000001111000000000
000000000111010000000
000000110011110000000
000001100111111100000
000011111011101100000
000111111011101111000
000011111111111010000
000001110110011100000
000000100101101000000
000000000001110000000
000000000110100000000
000000000111000000000
000000000010000000000
000000000000000000000
000000000000000000000
000000000000000000000
#
It:18:Diff:34:PSOStep:7:Time:1.621878962:s:AutomataStep:7:Transition:00010011110101001011111011111111101011010101110110111011111111110101010100111110111110101011100011100111101101100001111100111011111011101110011111111111101010101110000100001101111110101010111111111011001000111111011100110010111100100101011111011111100101110101100110110010110111010101101000101011101011101111101001110010011101001110011000111010111111011010011011011101101101011111111011011100011110100100001110001011110100110110101011100011101010111101110111110100001101101010111000101110001011010001101101110101
000000000000000000000
000000000000000000000
000000000000000000000
000000000000000000000
000000000111000000000
000000001111000000000
000000000111110000000
000000111011110000000
000001011100101100000
000011111101001100000
000111001111111111000
000011111001101010000
000001111110111100000
000000111011101000000
000000001101110000000
000000000110100000000
000000000111000000000
000000000010000000000
000000000000000000000
000000000000000000000
000000000000000000000
#
It:19:Diff:27:PSOStep:7:Time:1.70123496:s:AutomataStep:7:Transition:00010011111101001111111001011111100011010101110110111011111111110111010100111111111100001011100011001111111100110101111100110011111011111111010111111111101110111110000101010101111110001011111111111011001010111011111100110110111100101101010111111111100101110111110110110110110111010001101000101011101011101111101001110011000101001110011000111010111111001010010000011101101101010011111001010100111110100100001010001011110100110010000011110011111011111011100110110101011101111010100000101110001111010111111101110101
000000000000000000000
000000000000000000000
000000000000000000000
000000000000000000000
000000000111000000000
000000001111000000000
000000010111110000000
000000101011110000000
000001011101111100000
000010011011101100000
000110001101100111000
000010111011110010000
000001110111100100000
000000111111011000000
000000001101010000000
000000001111100000000
000000000111000000000
000000000010000000000
000000000000000000000
000000000000000000000
000000000000000000000
#
It:26:Diff:25:PSOStep:7:Time:2.207847301:s:AutomataStep:7:Transition:00110011111101111011111101111111110011010101110110111001110101110101010011110110111100111111100011100101111111101111111001110111101011101110011111001111111111101111100111111100111011111110110110111111001011111011111110110110111101110101111111111111111111110101100111110111110111011011101100100111101010101111100011110010010101001100111101111011111111111010111100011111011111010111111011111110011110110101001111000111110110110101111011111011111110111011100110110100011101111100110100100110011111010111111100110101
000000000000000000000
000000000000000000000
000000000000000000000
000000000010000000000
000000000111000000000
000000001110100000000
000000010111110000000
000000101111111000000
000001101111010100000
000010101110110010000
000111100101110111000
000010111001011110000
000001101111111100000
000000111101111000000
000000011011110000000
000000001010100000000
000000000111000000000
000000000010000000000
000000000000000000000
000000000000000000000
000000000000000000000
#
It:28:Diff:24:PSOStep:7:Time:2.351567638:s:AutomataStep:7:Transition:00110011111101111011111111011111111011011101110111111000110111110110010111110100101100111111110010100111111111111111111001111111101010101111111111001111111111101111101111111000111011111111110101111111011011101111110100111111111101111001101110111110111111110101100111011011111111011001101011100111111010101101100110110010110101011000111101111111101111111110111100111111011001011011111011111110011111110101001111101011111110010010111011111011101111111111101110111101111110111110111100101111011110110111111100010101
000000000000000000000
000000000000000000000
000000000000000000000
000000000010000000000
000000000111000000000
000000001011100000000
000000011111110000000
000000101111111000000
000001101111001100000
000010111001111110000
000111100111111111000
000000011011111110000
000001011101011100000
000000011110111000000
000000001011110000000
000000000011100000000
000000000111000000000
000000000010000000000
000000000000000000000
000000000000000000000
000000000000000000000
#
It:29:Diff:20:PSOStep:7:Time:2.424181581:s:AutomataStep:7:Transition:00110011111101111011111101011101111011011101110111111011111111100100010111111111111100011111110010000101111111111111111001110111101011101111111111001110011111101111101011111101111011101110110100111111011011101111110100110101111001011001101111111111111111010101100001011011111110111011101111101111111011111111100111111010101101111000111101111111111111111111101100111111011001011111111011111110011100110101001111111111111110000110111011111011101110111011101110111101111111111110111100100111011111110111111100111101
000000000000000000000
000000000000000000000
000000000000000000000
000000000010000000000
000000000111000000000
000000001001100000000
000000011110110000000
000000100111111000000
000001011111111100000
000010011111111110000
000111011011110111000
000000110111111110000
000001111011011100000
000000001110111000000
000000011111110000000
000000000011100000000
000000000111000000000
000000000010000000000
000000000000000000000
000000000000000000000
000000000000000000000
#
It:30:Diff:17:PSOStep:7:Time:2.502506173:s:AutomataStep:7:Transition:00100010111111111011101111111111111011111111110111111011111111100101010110011111111100111111110011101100110001110111111001111011101011111111001111101100110111101111101101111100011001101011111110111111011011111111011000110100101111101001010111101101111111010101100000111011110100111111101111111111101011111001101101110001111111101000111001111010111110111011101110111111011001011111111111101110111101100101001111111110011110100110111011110111111011111001000110101101101111111110111100101111111110110011111101111101
000000000000000000000
000000000000000000000
000000000000000000000
000000000010000000000
000000000111000000000
000000001011100000000
000000011111110000000
000000101111111000000
000001111111111100000
000010010110111110000
000111111111110111000
000010111111111110000
000001100110111100000
000000100111111000000
000000011000110000000
000000001001100000000
000000000111000000000
000000000010000000000
000000000000000000000
000000000000000000000
000000000000000000000
#
It:101:Diff:14:PSOStep:7:Time:7.345241183:s:AutomataStep:7:Transition:00110011111111101111111100111101111011110111110111111011111111100101010110011111111100111111111011001100110111111101111101111101100011111111011111011110111011101010001111111101011011100011110110111011111011101111011100110101101101001011111111111111111101110101110110111011010111110011101111111001101011110001101111110001111101000000011101111010101011111011100110011111001001001111011111111111111111100101001111111111111010101110111011111010110011111011010111111101111101111010111100101111111110110001111100111101
000000000000000000000
000000000000000000000
000000000000000000000
000000000010000000000
000000000111000000000
000000001011100000000
000000011111110000000
000000101111111000000
000001111111111100000
000010111111111110000
000111111111011111000
000010111110111110000
000001111101011100000
000000101110111000000
000000011111110000000
000000001011100000000
000000000111000000000
000000000010000000000
000000000000000000000
000000000000000000000
000000000000000000000
#
It:127:Diff:13:PSOStep:7:Time:9.096448565:s:AutomataStep:7:Transition:00110111111100111000111111011101101011110101110111111010111111110101100110111101101100111111100010111101110110001011101101111001100011111111011111111110111011000110001111001101111001110011110110111011111011101111110110110101101101010101111110111100111101110101100110011010011111010111001011101001101011110111101101110011101101101100011001111111110110111011110101111111111001011111011110110110111101100101101110111110111110111110111011111010111011110011001011110101101111110000111100101111111111110011111001111111
000000000000000000000
000000000000000000000
000000000000000000000
000000000010000000000
000000000111000000000
000000001011100000000
000000011111110000000
000000101111111000000
000001111111111100000
000010111111111110000
000111111111111111000
000010111111111110000
000001111111111100000
000000101111111000000
000000011111110000000
000000001011100000000
000000000111000000000
000000000010000000000
000000000000000000000
000000000000000000000
000000000000000000000
#
It:446:Diff:12:PSOStep:7:Time:30.819535306:s:AutomataStep:7:Transition:00110111111111111010111101011101101011110101110111111011111111110101110110111111101100111111111010111101110111001111111001111101100011101111011111011110110011101110001111111100111011110011110110111111111011101101111010110101101101011111111111111111111111110101110100101111011101010111101011101101101010110111101111110001111101100100011001111111111110111011110111111011111001011111111111111111111111100101001111111111111000111110111011111010111011111011011110111101111101111010101000111111011111110001111101111111
000000000000000000000
000000000000000000000
000000000000000000000
000000000010000000000
000000000111000000000
000000001011100000000
000000011111110000000
000000101011111000000
000001111111111100000
000010111110111110000
000111111111111111000
000010111111101110000
000001011111111100000
000000101111111000000
000000010111110000000
000000001011100000000
000000000111000000000
000000000010000000000
000000000000000000000
000000000000000000000
000000000000000000000
end
