PSO TRACE
INIT:../../instances/fazia/init.csv
REF:../../instances/fazia/asvn3.csv
DecodingPolicy:CPP
MutationPolicy:Null
ParticleNeighborhood:DynamicGeneralizedEuclideanDistance
ParticleDims:515
ParticleCount:100
AccP:2.0
AccG:2.0
AccL:1.5
AccI:2.3
Pos:0.0-3.0
Inertia:0.9-0.6
VeloMax:2.0
MaxPSOIteration:500
InertiaDecrFactor:6.000000000000001E-4
INIT
000000000000000000000
000000000000000000000
000000000000000000000
000000000000000000000
000000000000000000000
000000000000000000000
000000000000000000000
000000000000000000000
000000000000000000000
000000000000000000000
000000000010000000000
000000000000000000000
000000000000000000000
000000000000000000000
000000000000000000000
000000000000000000000
000000000000000000000
000000000000000000000
000000000000000000000
000000000000000000000
000000000000000000000
REF
000000000000000000000
000000000000000000000
000000000000000000000
000000000010000000000
000000000111000000000
000000001011100000000
000000011111110000000
000000101011111000000
000001111111011100000
000010111110101110000
000111011101110111000
000010111011101110000
000001110111011100000
000000101110111000000
000000011101110000000
000000001011100000000
000000000111000000000
000000000010000000000
000000000000000000000
000000000000000000000
000000000000000000000
Classic CPP Decoder
#
It:0:Diff:69:PSOStep:6:Time:0.086769799:s:AutomataStep:6:Transition:00111111110011011101111111110111111100111000111101110111100110100010101011011110110110111111101000101110011001011010111111110110111101111101100110101110110101100111110111001010010101000000101100111010101001110110101110111000001011110011111110110011001000101011010111000111000011010011101110111001110101111101111101101101111111111001111011101111111010100101111110110011100001101111001111000111011111100111011011110010111001111010101111001011101101011100010111011101111011100111101110100110111000100001011011111110
000000000000000000000
000000000000000000000
000000000000000000000
000000000000000000000
000000000011111110000
000000000011110100000
000000001101010010000
000000001011111010000
000000111101101110000
000000101001111000000
000011010111110110000
000001100101101010000
000000111111111110000
000000010111101100000
000000000111101110000
000000000000110110000
000000000000000110000
000000000000000000000
000000000000000000000
000000000000000000000
000000000000000000000
#
It:1:Diff:51:PSOStep:7:Time:0.217996564:s:AutomataStep:7:Transition:00110111100010101101111111110111111100101000101111110111101111110000100001011110100111110111101000101110011001111010111110111110111111111101110010101110110001101111110110001010010101000000101100111010111001110100111010111100001011111011111101010011001010101111010111010111000111010011101110111001110101111101111100101111111101110011111010101111111010000100111110110010001011111111001111001100011111100111011111110010110100111010001101011011111101011101010111011101111011100111101110100111111100100001010111111110
000000000000000000000
000000000000000000000
000000000000000000000
000000000010000000000
000000000011000000000
000000001001100000000
000000001111110000000
000000001111111000000
000000111001010000000
000011101001011000000
000110011111110100000
000011100001011100000
000001110111111100000
000000101101111010000
000000001100111110000
000000000010100100000
000000000000011001000
000000000000000011000
000000000000000000000
000000000000000000000
000000000000000000000
#
It:10:Diff:49:PSOStep:7:Time:0.995366075:s:AutomataStep:7:Transition:00010111100111101111101101111111111101101110101100011111110111100010101101001111010010011111101010010110011111111001111111111110111001111001000011011110000110111100100101011111001110010001001001111110011011111110101001101000100010111111101010101001101110110110110111010101011001010011101110101010100101110101111011100101111111100001011010110110011010110110111110101111001011111011011101010110001111010111011001100010010101101110101001001110011000001111010111011110110010110111101011100110001001111111000110111110
000000000000000000000
000000000000000000000
000000000000000000000
000000000000000000000
000000000111000000000
000000001111100000000
000000011010110000000
000000010101011000000
000001100011111100000
000011111001100110000
000110000001111101000
000000001001110010000
000000011101011100000
000000000110110000000
000000000110100000000
000000000110000000000
000000000011000000000
000000000010000000000
000000000000000000000
000000000000000000000
000000000000000000000
#
It:14:Diff:40:PSOStep:7:Time:1.271789984:s:AutomataStep:7:Transition:00110111101111111111101111111111111101101111101111101111110111100001101101001111010010011111101110111110111111011101111111110110111101111001011001111111001110110100111101111111001111010011101101111110011111111110111001101001110010111111101111101111101110110011110011110101111001010111111110001011101101111101111010100101111111100001011010111110011110100110111110101111001111111111111111011110011111111111011011110010010011111110100111101110011001111111011111011111111011111111111111100110111001011111010111111110
000000000000000000000
000000000000000000000
000000000000000000000
000000000010000000000
000000000111000000000
000000001110100000000
000000011010110000000
000000111011111000000
000001110110111100000
000011010001111110000
000111010111111111000
000000001101101010000
000000010111101100000
000000000111111000000
000000000111010000000
000000000110100000000
000000000001000000000
000000000010000000000
000000000000000000000
000000000000000000000
000000000000000000000
#
It:15:Diff:21:PSOStep:7:Time:1.344808901:s:AutomataStep:7:Transition:00110111101111101111011111110011110100101111101110101111110111100101100101111011111110011111100010001110011111011101111111110111111101111001100011010111000111111100111101110011000111010111111101111110111111111100111011111000111011111110101110101011111110110011110111111111111101111011111111111011101101111111111111101101111111110001111111111110101110110111111110110011101111111011111111011111001111011111011111100010010001101110101011101110111101111111011111011111111011001111111011110110111111111111000111111111
000000000000000000000
000000000000000000000
000000000000000000000
000000000010000000000
000000000111000000000
000000001011100000000
000000011101110000000
000000101111111000000
000001111111011100000
000010111011111110000
000111111111111011000
000011111111110010000
000001111111111100000
000000111111111000000
000000011111110000000
000000001110100000000
000000000111000000000
000000000010000000000
000000000000000000000
000000000000000000000
000000000000000000000
#
It:18:Diff:17:PSOStep:7:Time:1.563665632:s:AutomataStep:7:Transition:00110111111111101111011111111011110100110111110101010111111111110011101011101011110111011111101010111110111111001101111111111110111101111111111111011110100101111010111101111110011110110001111101111110111011111111111011111101111011111101111101011011101110110011111111111001011001111011101111111010100111111111111111111101110111111011111011111111111110100111111110110111101111111111111011101110111011011111110011100011111001101110101001011010111101111101011111111111111011000111111111100111101011111111101111111111
000000000000000000000
000000000000000000000
000000000000000000000
000000000010000000000
000000000111000000000
000000001011100000000
000000011111110000000
000000101011111000000
000001011111111100000
000011111111111110000
000111111011111111000
000011110011111110000
000001110111111100000
000000111111111000000
000000011111110000000
000000001111100000000
000000000111000000000
000000000010000000000
000000000000000000000
000000000000000000000
000000000000000000000
#
It:29:Diff:11:PSOStep:7:Time:2.349893032:s:AutomataStep:7:Transition:00110111101111001111110011111011111100111111111101110101111111110111001101101011111111111111011010101110111111011111110111111111111111111111101101111110000111111111110101111111011110110101101101111100111111111111111111111110111111111111101111001011101110110011111111111111011101011011111111111010100110111111111111101101111111111101111111101111111111110111111110111111001111101111111111101111010011010111110101010111111010101111101010011010111101111111111111011111110011111111111111101111111011111111001011111011
000000000000000000000
000000000000000000000
000000000000000000000
000000000010000000000
000000000111000000000
000000001111100000000
000000011111110000000
000000111111111000000
000001111111011100000
000011111110111110000
000111111100110111000
000011111011101110000
000001110011011100000
000000111110111000000
000000011101110000000
000000001111100000000
000000000111000000000
000000000010000000000
000000000000000000000
000000000000000000000
000000000000000000000
#
It:183:Diff:10:PSOStep:7:Time:12.618315784:s:AutomataStep:7:Transition:00110111101111001111110011111011111100101111110101110101111111010111000101101011101101111111010010101110011111011111110111111111111111111111101101100110000111111111110101111111011110110101101101111100111111110111111111111111111111111111101111011011101110110011111111111101011101010011101111011010100110111111111111101101101111111001111110101111111111110011111100111011001111111111111111101111010011010111111101010011111110101111101010011010111101111101110111011111110011110111111111101111111011111111001011111011
000000000000000000000
000000000000000000000
000000000000000000000
000000000010000000000
000000000111000000000
000000001111100000000
000000011111110000000
000000111111111000000
000001111111011100000
000011111110111110000
000111111101110111000
000011111011101110000
000001110011011100000
000000111110111000000
000000011101110000000
000000001111100000000
000000000111000000000
000000000010000000000
000000000000000000000
000000000000000000000
000000000000000000000
#
It:268:Diff:9:PSOStep:7:Time:18.302436439:s:AutomataStep:7:Transition:00110011101111001111110010110011111101111111111101110101101101110111001111111011101111111111101110111110011101011111101111111111111101111111101111001110000111111011010111111111001111110101111101111100111111111111111111111111111011111111011111001011101110110011110111111111011111111011111111011011100110101111101111111111101101101111001101101111111110110011111110111111001111100111111111101011010011010111111001011111110111101111101110011010111110111111111111111111110011110111111111111110111011110111000010111011
000000000000000000000
000000000000000000000
000000000000000000000
000000000010000000000
000000000111000000000
000000001111100000000
000000011111110000000
000000111111111000000
000001111111011100000
000011111110111110000
000111111101110111000
000011111011101110000
000001110111011100000
000000111110111000000
000000011101110000000
000000001111100000000
000000000111000000000
000000000010000000000
000000000000000000000
000000000000000000000
000000000000000000000
#
It:413:Diff:8:PSOStep:7:Time:27.925816054:s:AutomataStep:7:Transition:00110011101111001110110011110011111101111111111101110101111100110111001101101011100101011011101010111110111101011111100111111111111101111111101111001111000111111111100101110111101111111101111101111100111111111111101111111110110011110111111111001011111110110011111111011111000110011011011111110010100110111110111111001101101110101111011110101111111111110111111110111011001111111110111101100011000010010111111001011111111111100101101110011010111100111101111111111100110111111011111111101110110111110111001010111011
000000000000000000000
000000000000000000000
000000000000000000000
000000000010000000000
000000000111000000000
000000001111100000000
000000011111110000000
000000111111111000000
000001111111011100000
000010111110111110000
000101111101110111000
000010111011101110000
000001110111011100000
000000101110011000000
000000010101110000000
000000001011100000000
000000000111000000000
000000000010000000000
000000000000000000000
000000000000000000000
000000000000000000000
end
