PSO TRACE
INIT:../../instances/fazia/init.csv
REF:../../instances/fazia/asvn2.csv
DecodingPolicy:CPP
MutationPolicy:Null
ParticleNeighborhood:Fixed
ParticleDims:515
ParticleCount:100
AccP:2.0
AccG:2.0
AccL:1.5
AccI:2.3
Pos:0.0-3.0
Inertia:0.9-0.6
VeloMax:2.0
MaxPSOIteration:500
InertiaDecrFactor:6.000000000000001E-4
INIT
000000000000000000000
000000000000000000000
000000000000000000000
000000000000000000000
000000000000000000000
000000000000000000000
000000000000000000000
000000000000000000000
000000000000000000000
000000000000000000000
000000000010000000000
000000000000000000000
000000000000000000000
000000000000000000000
000000000000000000000
000000000000000000000
000000000000000000000
000000000000000000000
000000000000000000000
000000000000000000000
000000000000000000000
REF
000000000000000000000
000000000000000000000
000000000000000000000
000000000010000000000
000000000101000000000
000000001000100000000
000000010100010000000
000000100010001000000
000001010001000100000
000010001010101010000
000100010001000101000
000010001000100010000
000001000100010100000
000000100010001000000
000000010001010000000
000000001000100000000
000000000101000000000
000000000010000000000
000000000000000000000
000000000000000000000
000000000000000000000
Classic CPP Decoder
0 :1,2,3,4,
1 :0,2,3,4,
2 :0,1,3,4,
3 :0,1,2,4,
4 :0,1,2,3,
5 :6,7,8,9,
6 :5,7,8,9,
7 :5,6,8,9,
8 :5,6,7,9,
9 :5,6,7,8,
10 :11,12,13,14,
11 :10,12,13,14,
12 :10,11,13,14,
13 :10,11,12,14,
14 :10,11,12,13,
15 :16,17,18,19,
16 :15,17,18,19,
17 :15,16,18,19,
18 :15,16,17,19,
19 :15,16,17,18,
20 :21,22,23,24,
21 :20,22,23,24,
22 :20,21,23,24,
23 :20,21,22,24,
24 :20,21,22,23,
25 :26,27,28,29,
26 :25,27,28,29,
27 :25,26,28,29,
28 :25,26,27,29,
29 :25,26,27,28,
30 :31,32,33,34,
31 :30,32,33,34,
32 :30,31,33,34,
33 :30,31,32,34,
34 :30,31,32,33,
35 :36,37,38,39,
36 :35,37,38,39,
37 :35,36,38,39,
38 :35,36,37,39,
39 :35,36,37,38,
40 :41,42,43,44,
41 :40,42,43,44,
42 :40,41,43,44,
43 :40,41,42,44,
44 :40,41,42,43,
45 :46,47,48,49,
46 :45,47,48,49,
47 :45,46,48,49,
48 :45,46,47,49,
49 :45,46,47,48,
50 :51,52,53,54,
51 :50,52,53,54,
52 :50,51,53,54,
53 :50,51,52,54,
54 :50,51,52,53,
55 :56,57,58,59,
56 :55,57,58,59,
57 :55,56,58,59,
58 :55,56,57,59,
59 :55,56,57,58,
60 :61,62,63,64,
61 :60,62,63,64,
62 :60,61,63,64,
63 :60,61,62,64,
64 :60,61,62,63,
65 :66,67,68,69,
66 :65,67,68,69,
67 :65,66,68,69,
68 :65,66,67,69,
69 :65,66,67,68,
70 :71,72,73,74,
71 :70,72,73,74,
72 :70,71,73,74,
73 :70,71,72,74,
74 :70,71,72,73,
75 :76,77,78,79,
76 :75,77,78,79,
77 :75,76,78,79,
78 :75,76,77,79,
79 :75,76,77,78,
80 :81,82,83,84,
81 :80,82,83,84,
82 :80,81,83,84,
83 :80,81,82,84,
84 :80,81,82,83,
85 :86,87,88,89,
86 :85,87,88,89,
87 :85,86,88,89,
88 :85,86,87,89,
89 :85,86,87,88,
90 :91,92,93,94,
91 :90,92,93,94,
92 :90,91,93,94,
93 :90,91,92,94,
94 :90,91,92,93,
95 :96,97,98,99,
96 :95,97,98,99,
97 :95,96,98,99,
98 :95,96,97,99,
99 :95,96,97,98,
#
It:0:Diff:45:PSOStep:4:Time:0.123706068:s:AutomataStep:4:Transition:00011010001011101100001011111110101001000110001000110011010011100110011100101000100100000101110101010001010111101001011000100000001000011011010001000111101100110001010010010010001010001110000101001010100101010010010111110100010000111000100001001001111100110000001001001001101101101001010010000101000000111110011110100000101100010100111001000010110001111001001101111000001100000001001101010100110011001111101001001100001100100000010101000100001110010110001000101001001010000100100010000110110011011001100000101010
000000000000000000000
000000000000000000000
000000000000000000000
000000000000000000000
000000000000000000000
000000000000000000000
000000000000001000000
000000000000100000000
000000000001001000000
000000000010100000000
000000000001001000000
000000000000000000000
000000000000000000000
000000000000000000000
000000000000000000000
000000000000000000000
000000000000000000000
000000000000000000000
000000000000000000000
000000000000000000000
000000000000000000000
#
It:2:Diff:44:PSOStep:1:Time:0.300038163:s:AutomataStep:1:Transition:00110000001000100110001000101110111100011100001111110010010000110000001011101101001110101101100100010000010011011100011010110101000101110100010001100001001100100001000110010010001100001111000010001011100000111110110000110001100010100000100011001101010100111001011011000101101101011101010110000001110000111111010000101001100100010110001001010010010001010111001001110001000111001101001001000000100010000111000000001010001100000111010010000101001010010110001110100001011010011100000000000110100101001000100011001010
000000000000000000000
000000000000000000000
000000000000000000000
000000000000000000000
000000000000000000000
000000000000000000000
000000000000000000000
000000000000000000000
000000000000000000000
000000000010000000000
000000000001000000000
000000000001000000000
000000000000000000000
000000000000000000000
000000000000000000000
000000000000000000000
000000000000000000000
000000000000000000000
000000000000000000000
000000000000000000000
000000000000000000000
#
It:6:Diff:43:PSOStep:1:Time:0.387353553:s:AutomataStep:1:Transition:00110000001000110100011000101010111110011101000011110010001001110001101011101001101110101001100000100101010111011100011000110101011111110100100010110111110100101000000010000010001100000110000100001011100000010100010101110101101100111000100111001100010100110101011010000101101101111000000110000010110000011110001000000000100101000110001001000010010000010101011000111010000001011111010101001000000010000101101001001000000010000111110010010100001011110110011101110001000010010100000000000010110101000100110101000110
000000000000000000000
000000000000000000000
000000000000000000000
000000000000000000000
000000000000000000000
000000000000000000000
000000000000000000000
000000000000000000000
000000000000000000000
000000000010000000000
000000000001000000000
000000000000000000000
000000000000000000000
000000000000000000000
000000000000000000000
000000000000000000000
000000000000000000000
000000000000000000000
000000000000000000000
000000000000000000000
000000000000000000000
#
It:7:Diff:42:PSOStep:3:Time:0.410391525:s:AutomataStep:3:Transition:00110100101000110101001100101110111100101111001110110010010001110000001101101010101110011001100100100000010001011100011011110100010111001011111001010001011100100000100010001110000010001011010010001010100000011100000001111001111010100000110101001100010100101000011011001101100101011100010110000000110001011110010101011001101000010110001000000010010000010100001010000000101001011101001101000000000011010101000001101010000110000011010010001101001010111110001110010101000000111101100000000010100101001100110000101010
000000000000000000000
000000000000000000000
000000000000000000000
000000000000000000000
000000000000000000000
000000000000000000000
000000000000000000000
000000000010000000000
000000000101000000000
000000000011100000000
000000011001000000000
000000001010000000000
000000000000010000000
000000000000010000000
000000000000000000000
000000000000000000000
000000000000000000000
000000000000000000000
000000000000000000000
000000000000000000000
000000000000000000000
#
It:14:Diff:41:PSOStep:3:Time:0.529533603:s:AutomataStep:3:Transition:00110000101000110111011000101010111100101110001110100000010001110000001101101010101110011001100100000000010001011100011011110100010001101011110001010001011100000000000110001110000010001011010110001010100100011100000101111001111110100000100001001100010100101100010011001101100101011101000110000000110000111010010101011001001000010110001000000010010101010110001010010000100001011101001001000000010010000001000000101010000110000011010010000101001010111110001110011001100000111001110000000010100101001000110000101010
000000000000000000000
000000000000000000000
000000000000000000000
000000000000000000000
000000000000000000000
000000000000000000000
000000000000000000000
000000000010000000000
000000000001000000000
000000000001100000000
000000011001000000000
000000001010100000000
000000000000010000000
000000000000010000000
000000000000000000000
000000000000000000000
000000000000000000000
000000000000000000000
000000000000000000000
000000000000000000000
000000000000000000000
#
It:41:Diff:40:PSOStep:3:Time:0.968662351:s:AutomataStep:3:Transition:00110100000000110011011100101110111100101110001010000010011011000000001101101011101100010110110000000000011001000101011011111110010011001011110001010001111111000000000010101110000111001000010110001010100100011110100101101001111010110000100001000100110100101000011011000101100100010101000110000000100110111010010100011001100001010010000100001010010101000110001010110000101001001101001001001000011010000101110100100010000110100011110010001100001010011110001111111001100010111001100000010010100101001000110000100110
000000000000000000000
000000000000000000000
000000000000000000000
000000000000000000000
000000000000000000000
000000000000000000000
000000000000000000000
000000000010000000000
000000000001000000000
000000000011100000000
000000000001000000000
000000000000100000000
000000000000010000000
000000000000010000000
000000000000000000000
000000000000000000000
000000000000000000000
000000000000000000000
000000000000000000000
000000000000000000000
000000000000000000000
#
It:45:Diff:32:PSOStep:7:Time:1.045796155:s:AutomataStep:7:Transition:00110000100001100001001001101110101100111111011110110100011010110000100101101010001100011011001000011000001000011100010010110100010100001001110100010101011100001000100010001110000010101010010000000010100000010110000011111000101100011000110111001100011100110100100011001101010000011100010110000010111000001010110101111001001000011011000000000010011001010110011011111100101011100000001001010001110011001000000100101000011111000011010000000101001010011010001100011101011010111110100000110111100101000000110001101010
000000000000000000000
000000000000000000000
000000000000000000000
000000000010000000000
000000000101000000000
000000001100100000000
000000010110010000000
000000111111001000000
000001010000100100000
000010001010000010000
000101010101010101000
000000000000000000000
000000000000000000000
000000000000000000000
000000000000000000000
000000000000000000000
000000000000000000000
000000000000000000000
000000000000000000000
000000000000000000000
000000000000000000000
#
It:50:Diff:29:PSOStep:7:Time:1.154771525:s:AutomataStep:7:Transition:00110000100001110011001001101110111000111111111010110110011010110000010101101110001100001000011000011000001010011101011010100100010001001011110010010101101100101100100100001110000110101010010000100010100100010110000011111101101011011100110011001100111100100100100110101101000011011100010110000010111000101010010101001001011000010011001000000010111101010110011011111110100011110000001001110001110011000010000100101000011010000011010010000111001010111010001101011001111010111101110000110001100001000000110000100010
000000000000000000000
000000000000000000000
000000000000000000000
000000000010000000000
000000000101000000000
000000001010100000000
000000010101110000000
000000100010011000000
000001010001001100000
000010101000101010000
000101010001011101000
000000000000000000000
000000000000000000000
000000000000000000000
000000000000000000000
000000000000000000000
000000000000000000000
000000000000000000000
000000000000000000000
000000000000000000000
000000000000000000000
#
It:61:Diff:27:PSOStep:7:Time:1.352657729:s:AutomataStep:7:Transition:00100000100000100001001001101110101010111111011011110110011010110000000101101110001100101000001000011100001010011100000010100100010000001001110010010101101100101000100000011110000010001010000000100010100100000110000111111001111001010100110011000100111100110100100011001101000011011100010110000010111000101010010101011001011000010011101000000010011101010110011011111010101011110000001001010001100011001010000000101011011010000111010000000110001010111010001101011001111000111101000000110011100000000000110000101010
000000000000000000000
000000000000000000000
000000000000000000000
000000000010000000000
000000000101000000000
000000001010100000000
000000010100110000000
000000100010011000000
000001010001000100000
000010101000011010000
000101010001000101000
000000000000000000000
000000000000000000000
000000000000000000000
000000000000000000000
000000000000000000000
000000000000000000000
000000000000000000000
000000000000000000000
000000000000000000000
000000000000000000000
#
It:104:Diff:26:PSOStep:7:Time:2.178590541:s:AutomataStep:7:Transition:00100000100001100001001001101100101010101111011010110110011010110000000101101111001110001001111000000100011000011101000010110100011000001001110010010111101101101000100000011110001110001011000000100011100100000110000011111001111010010000110001001100111100100100100011001101000011010100010110000010110101101010010101001001001001010010101000000010011101110010011010111010001011110100001001010001100001001011000101101000010110000101010000000100000010111010001100011001111000111111110000110010100000000000110000100010
000000000000000000000
000000000000000000000
000000000000000000000
000000000010000000000
000000000101000000000
000000001010100000000
000000010100110000000
000000100010011000000
000001010001000100000
000010101000111010000
000101010001000101000
000000000000000000000
000000000000000000000
000000000000000000000
000000000000000000000
000000000000000000000
000000000000000000000
000000000000000000000
000000000000000000000
000000000000000000000
000000000000000000000
#
It:165:Diff:25:PSOStep:7:Time:3.363511478:s:AutomataStep:7:Transition:00100000100000100001001001001100101000101111001010110100011010110000000100101111001100001000110000010100001000011100000010000100001000001001110010010100101110100000100000011110000110001010000000100011100100000110000011001001111000010000110101001100111100110110100010101101000011010100010010000010110100001000010101001001001001011010001000000010011101111010011000110011000011100000001001010001110011001011000001101011010110000111010000000100000010111010001110011001001000100111010000110010100000000000110000100010
000000000000000000000
000000000000000000000
000000000000000000000
000000000010000000000
000000000101000000000
000000001010100000000
000000010100110000000
000000100010011000000
000001010001000100000
000010101000101010000
000101010001000101000
000000000000000000000
000000000000000000000
000000000000000000000
000000000000000000000
000000000000000000000
000000000000000000000
000000000000000000000
000000000000000000000
000000000000000000000
000000000000000000000
#
It:282:Diff:24:PSOStep:7:Time:5.673966484:s:AutomataStep:7:Transition:00110000111001010001000001111110111000101110001010110111011010110000000001101111000100101000100000000001111000010100000010001000101001001001110010010100111000101000000010111110001010101010000100110010101100000011010110101100011111010000110011001100001110110110100011001101110000011000000010000011110000101000011101001011001000000010101101000000011101011110001010101111100011001100011101101000011011001001100101101000010110100001011010000101000111110010001100010000000000001101110000110011100000100001110010010010
000000000000000000000
000000000000000000000
000000000000000000000
000000000010000000000
000000000101000000000
000000001010100000000
000000010101010000000
000000101010101000000
000001010101010100000
000010101010101010000
000101000101010101000
000011101110101010000
000001000001010100000
000000111010101000000
000000010101010000000
000000001110100000000
000000000101000000000
000000000010000000000
000000000000000000000
000000000000000000000
000000000000000000000
#
It:283:Diff:23:PSOStep:7:Time:5.695314408:s:AutomataStep:7:Transition:00100000110001110001000001111110111010101110101010010111011011110000100000101011000100101110001001000001100111010100100010000000111011101001110010010100111000110000010010111110001010001010000110100010100000110010000010101000010101010000110111001100111110110110110011001001000100011000001010000001110000101000010101001011011000000010111111000000011101011110001011101110000011001111001101001000011001000011100001001000010000100001011010000110001110110010001000010000000001011101110000110011100000100001110000011110
000000000000000000000
000000000000000000000
000000000000000000000
000000000010000000000
000000000101000000000
000000001000100000000
000000010101010000000
000000100000001000000
000001010101010100000
000010000010100010000
000100110111101101000
000011100001011010000
000001000110000100000
000000110010111000000
000000010001010000000
000000001000100000000
000000000101000000000
000000000010000000000
000000000000000000000
000000000000000000000
000000000000000000000
#
It:322:Diff:22:PSOStep:7:Time:6.45414475:s:AutomataStep:7:Transition:00100000100000110001001001100110111100101111011110110000011000110100000101101010001100011000010000000000001010011100101010010100101000001001111010010101001110101000100000001110000110101110010000100111101100000111110001001000011010011100110011001100110100100110000011101101001010011100010110000010110000101010000101000001001001011010001000000010111101110010011010111101001011100000010001110011110001001010010101101001010111000011011000000110000010111010001110011000101000110111100001110111100000000000110000000010
000000000000000000000
000000000000000000000
000000000000000000000
000000000010000000000
000000000101000000000
000000001010100000000
000000010101010000000
000000101010101000000
000001010001010100000
000010101001101010000
000101010000101101000
000010100000100010000
000001010001000100000
000000100111001000000
000000010000010000000
000000001010100000000
000000000101000000000
000000000010000000000
000000000000000000000
000000000000000000000
000000000000000000000
#
It:390:Diff:20:PSOStep:7:Time:7.768096545:s:AutomataStep:7:Transition:00100000100000110001001001100110111100001111011110110001011001110100001101101010001100111000000000000000001011011100101010010100111000001001111000010100001111111000100000000110000110101010010000100011101101000111100001001000011110011100110001001100111100100100100010101101101010011110010110000010110001101010000111001001001001011010001000000000111101110010011010111001011011100000011101110011110000001010010101101001011111000001011000000110000011111010001010011000101000100111110001110111100000100000110000010010
000000000000000000000
000000000000000000000
000000000000000000000
000000000010000000000
000000000101000000000
000000001000000000000
000000010101010000000
000000101010001000000
000001010000001100000
000010101100101010000
000101011000001001000
000010101010100010000
000001010110010100000
000000100011001000000
000000010000010000000
000000001010100000000
000000000101000000000
000000000010000000000
000000000000000000000
000000000000000000000
000000000000000000000
#
It:409:Diff:19:PSOStep:7:Time:8.15576898:s:AutomataStep:7:Transition:00100000101000110001000001101110101100001011101010110111011010110100100001101011000010101010000000001000001011010100100010010101111001001001111010010101011111101000000011111110000110001100000100100111100111010110110110001000011110001000110101001100111100100100100011101001100100011000000110000001110001101000010101010001011001000010101000000000011111010110001001111001010001110000001101110000111000101011000101101000010000100111010010000111001010110010001000010000001001110101110000110101100100000000110000010010
000000000000000000000
000000000000000000000
000000000000000000000
000000000010000000000
000000000101000000000
000000001010100000000
000000010101010000000
000000101010101000000
000001010101010100000
000010101010101010000
000101010101010101000
000010101010101010000
000001010101010100000
000000101010101000000
000000010101010000000
000000001010100000000
000000000101000000000
000000000010000000000
000000000000000000000
000000000000000000000
000000000000000000000
end
