PSO TRACE
INIT:../../instances/fazia/init.csv
REF:../../instances/fazia/asvn4.csv
DecodingPolicy:Nibble
MutationPolicy:Std
ParticleNeighborhood:EDist
ParticleDims:146
ParticleCount:100
AccP:2.0
AccG:2.0
AccL:1.5
AccI:2.3
Pos:0.0-3.0
Inertia:0.9-0.6
VeloMax:2.0
MaxPSOIteration:500
InertiaDecrFactor:6.000000000000001E-4
INIT
000000000000000000000
000000000000000000000
000000000000000000000
000000000000000000000
000000000000000000000
000000000000000000000
000000000000000000000
000000000000000000000
000000000000000000000
000000000000000000000
000000000010000000000
000000000000000000000
000000000000000000000
000000000000000000000
000000000000000000000
000000000000000000000
000000000000000000000
000000000000000000000
000000000000000000000
000000000000000000000
000000000000000000000
REF
000000000000000000000
000000000000000000000
000000000000000000000
000000000010000000000
000000000111000000000
000000001011100000000
000000011011110000000
000000101111111000000
000001100001111100000
000010110010101110000
000110111101110111000
000010110111111010000
000001111111111100000
000000101110101000000
000000011111110000000
000000001010100000000
000000000111000000000
000000000010000000000
000000000000000000000
000000000000000000000
000000000000000000000
Nibble Decoder
#
It:0:Diff:74:PSOStep:4:Time:0.182403179:s:AutomataStep:4:Transition:01001110110001000000111000101100101001100110101000000010110010101110000000101010101000100010011010000000011011001100001000001010101011000010010010100000100000001100000010000110011010001100011011101110111011001010100011001100111001000010000000100110101011101010001000100100010000100010011010101110111010000110101010000010100001000110000011101010000011100100001010101010001000101000101000101100101001001010101010101010110011000100110010100000011010001000111001000110100011000010001010001100001000100000110001101000
000000000000000000000
000000000000000000000
000000000000000000000
000000000000000000000
000000000000000000000
000000000000000000000
000000101010101000000
000000100010100000000
000000001001101000000
000000111001011000000
000000110100011000000
000000011000010000000
000000000110001000000
000000011000011000000
000000111011101000000
000000000000000000000
000000000000000000000
000000000000000000000
000000000000000000000
000000000000000000000
000000000000000000000
#
It:1:Diff:73:PSOStep:6:Time:0.35810485:s:AutomataStep:6:Transition:00100100011001101110011011001100110011000110010010000110110011000110001011001010101000101000000011001100011001100110011001101100111000101110001011000110110011001100001011001010101011101100101001101010010011101010111001001110001010100100111000000010010001100110110000000000011011001100011000001010000001100100011010100100110011000110001000000010100011000110010001101010100010000110110010101110110011001010100011000000111010100110001001001100011000101110110000000110110000001000100001100000110001101110011011100010
000000000000000000000
000000000000000000000
000000000000000000000
000000000000000000000
000000000010000000000
000000000100000000000
000000001000100000000
000000010100000000000
000000010111110000000
000001010000111100000
000001010001111010000
000001100011010100000
000000011010011000000
000000000101110000000
000000000101100000000
000000000111000000000
000000000010000000000
000000000000000000000
000000000000000000000
000000000000000000000
000000000000000000000
#
It:3:Diff:71:PSOStep:5:Time:0.552921545:s:AutomataStep:5:Transition:00100000101001101100011011001010111011100000000010101110101000101010111010001000001011001000100011001110000011101110111010101010010000001110000011101010101011001100100000001010000010100100000011001100000010101010101000001010001010001000001000001000000011000100100010101110001010001000111011000100101010101110111011101100010001100000001010001100101010001110001001001010111001101010100011000100000001000000010001001110000011100000110000001110101000001010000010001100111011100010010010101010000001101010111010001000
000000000000000000000
000000000000000000000
000000000000000000000
000000000000000000000
000000000000000000000
000000000010000000000
000000000111000000000
000000000110100000000
000000001001110000000
000000000010001000000
000000011110001100000
000000011010010000000
000000000001100000000
000000001010000000000
000001111111000000000
000001000000000000000
000000000000000000000
000000000000000000000
000000000000000000000
000000000000000000000
000000000000000000000
#
It:7:Diff:68:PSOStep:7:Time:0.826012184:s:AutomataStep:7:Transition:00100010011001101110011010100110110001100110101000000100101001100000010010101110110000100010001001100110001001100110001010001010001000000110101011001000000010101010101010100010000000100010000011100110101001100110111001000110011000101000101010101010000001101010000001100110111010101010011010100100011001101100010011100010101000100100110010101010111000000100100011000110000010000000001000000100111011001010000001100110010001100110001011100000010000101010101010001110010001000000001001100010101001001000011010101000
000000000000000000000
000000000000000000000
000000000000000000000
000000000010000000000
000000000110000000000
000000000000100000000
000000001100000000000
000000110010010000000
000001100100001000000
000010010101101100000
000011001101011100000
000000111011010100000
000000101110101000000
000000001101101110000
000000001100000000000
000000000011101000000
000000000011111111000
000000000000000001000
000000000000000000000
000000000000000000000
000000000000000000000
#
It:15:Diff:61:PSOStep:7:Time:1.32643971:s:AutomataStep:7:Transition:00100110110010101110011010100110011011101110001001001110100010100110011010000010010001000000010000000110101001100110100001000010011000100110000010100010010011101100001001001010110001100010111001100110010011100110110001001010011000100100000001000010100001101100001001101010011000100100011000100110101001001010001001100110010011101010010000000010110000101000011010001100110000000110001001101110001000001110001010100110011001100110110010100110111010000010101010100110001011001010000001100010010010101110101000100010
000000000000000000000
000000000000000000000
000000000000000000000
000000000010000000000
000000000101000000000
000000001010100000000
000000011001000000000
000000000101010000000
000001100010010000000
000010110001001000000
000111101111100000000
000000011010011000000
000000011101011000000
000000000101111100000
000000000001110000000
000000000000010100000
000000000000000110000
000000000000000001000
000000000000000000000
000000000000000000000
000000000000000000000
#
It:25:Diff:45:PSOStep:7:Time:2.037746641:s:AutomataStep:7:Transition:00100110100001100100110000101100101011000110000011001100101010000110011000000110110001001010011010000000001011001100001011100000110010101100001000100000110001000010001010100010000011000000011001100010111011000110100000101100111010100000100001100100110011000110000001100000010000000000110010001110011011000110001011001000010000001010000000000000110010100110011010001000010001001100101011000110100001101100000011001110110011101110000001101100111001001000000001101100001010000110101011001100000001101110100001000010
000000000000000000000
000000000000000000000
000000000000000000000
000000000010000000000
000000000101000000000
000000000111100000000
000000011010110000000
000000100010001000000
000001010100000000000
000000010010001010000
000100101111001101000
000011110100101010000
000001101000010100000
000000100000101000000
000000011001110000000
000000001000100000000
000000000101000000000
000000000010000000000
000000000000000000000
000000000000000000000
000000000000000000000
#
It:367:Diff:41:PSOStep:7:Time:24.65156339:s:AutomataStep:7:Transition:00100110101010101100011001000110111011101110011001100110001011000110010001000010010011100010011000001010010001101010010001100100101001001010010001001110101001100010111011000100010010000110110001101010101010100000000001000110011000000100001000101010010001100110010010100100010001101000011010001100011001101010101001100100011010000100010011100100010011101010111011101110001011001010010010101010111001100000010011101010100001101100000000001100101010000000000001101010000000000110010001100110101011100110111001000010
000000000000000000000
000000000000000000000
000000000000000000000
000000000010000000000
000000000111000000000
000000001111100000000
000000000001110000000
000000000101111000000
000000000111011100000
000010000000000010000
000110000100011111000
000011110000001010000
000001110001111000000
000000110000101000000
000000010111100000000
000000001010100000000
000000000110000000000
000000000010000000000
000000000000000000000
000000000000000000000
000000000000000000000
end
