PSO TRACE
INIT:../../instances/fazia/init.csv
REF:../../instances/fazia/asvn4.csv
DecodingPolicy:CPP2:CDLE2
MutationPolicy:Null
ParticleNeighborhood:Fixed
ParticleDims:515
ParticleCount:100
AccP:2.0
AccG:2.0
AccL:1.5
AccI:2.3
Pos:0.0-3.0
Inertia:0.9-0.6
VeloMax:2.0
MaxPSOIteration:500
InertiaDecrFactor:6.000000000000001E-4
INIT
000000000000000000000
000000000000000000000
000000000000000000000
000000000000000000000
000000000000000000000
000000000000000000000
000000000000000000000
000000000000000000000
000000000000000000000
000000000000000000000
000000000010000000000
000000000000000000000
000000000000000000000
000000000000000000000
000000000000000000000
000000000000000000000
000000000000000000000
000000000000000000000
000000000000000000000
000000000000000000000
000000000000000000000
REF
000000000000000000000
000000000000000000000
000000000000000000000
000000000010000000000
000000000111000000000
000000001011100000000
000000011011110000000
000000101111111000000
000001100001111100000
000010110010101110000
000110111101110111000
000010110111111010000
000001111111111100000
000000101110101000000
000000011111110000000
000000001010100000000
000000000111000000000
000000000010000000000
000000000000000000000
000000000000000000000
000000000000000000000
Classic CPP Decoder
0 :1,2,3,4,
1 :0,2,3,4,
2 :0,1,3,4,
3 :0,1,2,4,
4 :0,1,2,3,
5 :6,7,8,9,
6 :5,7,8,9,
7 :5,6,8,9,
8 :5,6,7,9,
9 :5,6,7,8,
10 :11,12,13,14,
11 :10,12,13,14,
12 :10,11,13,14,
13 :10,11,12,14,
14 :10,11,12,13,
15 :16,17,18,19,
16 :15,17,18,19,
17 :15,16,18,19,
18 :15,16,17,19,
19 :15,16,17,18,
20 :21,22,23,24,
21 :20,22,23,24,
22 :20,21,23,24,
23 :20,21,22,24,
24 :20,21,22,23,
25 :26,27,28,29,
26 :25,27,28,29,
27 :25,26,28,29,
28 :25,26,27,29,
29 :25,26,27,28,
30 :31,32,33,34,
31 :30,32,33,34,
32 :30,31,33,34,
33 :30,31,32,34,
34 :30,31,32,33,
35 :36,37,38,39,
36 :35,37,38,39,
37 :35,36,38,39,
38 :35,36,37,39,
39 :35,36,37,38,
40 :41,42,43,44,
41 :40,42,43,44,
42 :40,41,43,44,
43 :40,41,42,44,
44 :40,41,42,43,
45 :46,47,48,49,
46 :45,47,48,49,
47 :45,46,48,49,
48 :45,46,47,49,
49 :45,46,47,48,
50 :51,52,53,54,
51 :50,52,53,54,
52 :50,51,53,54,
53 :50,51,52,54,
54 :50,51,52,53,
55 :56,57,58,59,
56 :55,57,58,59,
57 :55,56,58,59,
58 :55,56,57,59,
59 :55,56,57,58,
60 :61,62,63,64,
61 :60,62,63,64,
62 :60,61,63,64,
63 :60,61,62,64,
64 :60,61,62,63,
65 :66,67,68,69,
66 :65,67,68,69,
67 :65,66,68,69,
68 :65,66,67,69,
69 :65,66,67,68,
70 :71,72,73,74,
71 :70,72,73,74,
72 :70,71,73,74,
73 :70,71,72,74,
74 :70,71,72,73,
75 :76,77,78,79,
76 :75,77,78,79,
77 :75,76,78,79,
78 :75,76,77,79,
79 :75,76,77,78,
80 :81,82,83,84,
81 :80,82,83,84,
82 :80,81,83,84,
83 :80,81,82,84,
84 :80,81,82,83,
85 :86,87,88,89,
86 :85,87,88,89,
87 :85,86,88,89,
88 :85,86,87,89,
89 :85,86,87,88,
90 :91,92,93,94,
91 :90,92,93,94,
92 :90,91,93,94,
93 :90,91,92,94,
94 :90,91,92,93,
95 :96,97,98,99,
96 :95,97,98,99,
97 :95,96,98,99,
98 :95,96,97,99,
99 :95,96,97,98,
#
It:0:Diff:60:PSOStep:4:Time:2.456055487:s:AutomataStep:4:Transition:01101011100111111010011110110111110101111111011111111101101101011111111111111001010111111110110110111010111101101111011100101010111111101111111101011110111111110111111111111110011101111101011110001011111111110111111110110111110110111111111111101111110111111111111111111110111010111011011110011111011101111000000111111101111111110110111101011101111110111011110111111101111111111111011111110010001001110110111101111111111111111000010111111110101110111100111011010110111111111111101001000111011111111110111111101101
000000000000000000000
000000000000000000000
000000000000000000000
000000000000000000000
000000000000000000000
000000000000000000000
000000101110111000000
000000011111100000000
000000111111011000000
000000111111111000000
000000100011111000000
000000010111100000000
000000111111111000000
000000111111111000000
000000111111111000000
000000000000000000000
000000000000000000000
000000000000000000000
000000000000000000000
000000000000000000000
000000000000000000000
#
It:1:Diff:46:PSOStep:7:Time:3.155808436:s:AutomataStep:7:Transition:00100010100110101100111110011011100111011011100110110100101101010000000111100001011100110111110011111010011100110011111111011010011101001101100001000101111101111111000111101001011011011101000111000001101110110101000110100100000000001110011100100111010111101001111000110001011010110011010000111111111110110001001101111100011101010000110101111100100011100110010101110001000111110010010110000000011000001111110100011001100111011000011111111101101010111110010011110111011101010111001100010100001101101110111110011011
000000000000000000000
000000000000000000000
000000000000000000000
000000000010000000000
000000000111000000000
000000000111100000000
000000000011110000000
000000011111111000000
000001111111011100000
000010110010111110000
000111011010110111000
000011101001101001000
000001111111011001000
000000101011111101000
000000011111011110000
000000001110000101000
000000000111101001000
000000000000000001000
000000000000000000000
000000000000000000000
000000000000000000000
#
It:4:Diff:45:PSOStep:7:Time:5.047766059:s:AutomataStep:7:Transition:00100010101010101111111111001011100111010011100100110010100001010000000111100001011100110111110011111110111100110011111011011000001111000111110001000101001101111011110110101001001011101101010111000101101010110101111101100101001001111111010110110011010110000000111000111001011100100011010000111111100000110011101110110100011100110000110001111100111101100110010101110001000111101010011110010101011000001101100100011011100110001000010111111101101011111111010011110111111101111111011101010100001111101110111111011011
000000000000000000000
000000000000000000000
000000000000000000000
000000000010000000000
000000000011000000000
000000001001100000000
000000001111010000000
000000100010101000000
000000110010011100000
000010011011111010000
000111110101001111000
000001011111100110000
000001110000010100000
000000000011101000000
000000011110110000000
000000000110100000000
000000000111000000000
000000000000000000000
000000000000000000000
000000000000000000000
000000000000000000000
#
It:5:Diff:44:PSOStep:7:Time:5.618642974:s:AutomataStep:7:Transition:00100001110011011011101110100111111111111110010011010111101011000111111001100000010111101110001100110010110000101010101100101000111011101011011100011010111111110011001100010100011001000100001111001011001110000011101011010100010100111111011111101111010111010111001000011101111000011011010000001110010000100110001001111011111101110110110001010110101110110111010101000111101101101000010001100001001001111100111101100111100001011000010011101000110000011100101110010010001101011001011001010111111100111100011111000110
000000000000000000000
000000000000000000000
000000000000000000000
000000000010000000000
000000000111000000000
000000000011100000000
000000011111010000000
000000010011101000000
000000001001110100000
000000101101110110000
000111011101010111000
000011100010100010000
000001111111100000000
000000101101011000000
000000000001010000000
000000000000000000000
000000000111000000000
000000000010000000000
000000000000000000000
000000000000000000000
000000000000000000000
#
It:6:Diff:34:PSOStep:7:Time:6.108175918:s:AutomataStep:7:Transition:00100010100101111110111110011111111111111110110011011111101001100111010101110001011111111110111111111010111000110010101100111000111011101111011101011010111101111011001100111100011111011100001111000011101110100001111011111000010100000101011111001111010111110111011010111111111110111001010000001111011000100111001001111011011101010010110001111110111111110111010111110101000111101010010001110100011000101111110101111111110100011000011011111000111110111110111110010011011111011111111110010101111111110110110111011010
000000000000000000000
000000000000000000000
000000000000000000000
000000000010000000000
000000000111000000000
000000001101100000000
000000011111010000000
000000111101001000000
000001110011111100000
000011111010011010000
000110110110110111000
000011111011111110000
000001101001001100000
000000111010111000000
000000011101110000000
000000001111100000000
000000000101000000000
000000000010000000000
000000000000000000000
000000000000000000000
000000000000000000000
#
It:13:Diff:34:PSOStep:7:Time:9.916730752:s:AutomataStep:7:Transition:00110011110111111111111110111111111111111110110010110111101011110110011111101001110111101111111110111110111100101011111101101010111111101111111101011011111111111111111110111101011111011100001111001011101110110111111011111100010100111111011111111111010111110111011010111111111111111011010010011111111100110111001111111111011101111110110101111110111111111111010101110111101111111010010011001101001010111101110101111111110111011010011011111101110110111110111111010111011111111111011011010111111111111110110111111111
000000000000000000000
000000000000000000000
000000000000000000000
000000000010000000000
000000000111000000000
000000001101100000000
000000011111110000000
000000111111101000000
000001111111101100000
000011111101011010000
000111111111100111000
000011111011101110000
000001111110111100000
000000111101111000000
000000011111110000000
000000001111100000000
000000000101000000000
000000000010000000000
000000000000000000000
000000000000000000000
000000000000000000000
#
It:14:Diff:29:PSOStep:7:Time:10.323860941:s:AutomataStep:7:Transition:00110001100111111011111110111101111111111111110010111111101111010100111111101001110111101111111111111010111100111011111101101010111011101111111101001011111111111111111111111101011111011110001111000111101111110101001011110100010100111111011110111111010111110111101011111111111110101011010000011111111110100111101111111001111101011011110001111111111011111111000101011101101111111010010010000011001010111101110100111111110111011101011011111101110110111110111111010111011101111111111111010111111110111110110111111111
000000000000000000000
000000000000000000000
000000000000000000000
000000000010000000000
000000000111000000000
000000001111100000000
000000011110110000000
000000111111111000000
000001111110111100000
000011111110111110000
000110111111101011000
000011111110111010000
000001001101111100000
000000111111001000000
000000011101110000000
000000001110100000000
000000000101000000000
000000000010000000000
000000000000000000000
000000000000000000000
000000000000000000000
#
It:19:Diff:27:PSOStep:7:Time:12.667879768:s:AutomataStep:7:Transition:00110001100111111011111110111111111111111110110100111101100111010000010111100001110111101111111111111011110100110011111111101010111010101111111101000011111111011111111101101101011111011100000111001111101011110111001011110100010110111111011100111011010111100111101001110111011111100011010100011011011100110001101111111101011101011011110001111111111111111111000101111101101111111010011011000001001010011101110100111111100101001001011011101001100110111110111111010101011101111111011011010101111101111110110111111111
000000000000000000000
000000000000000000000
000000000000000000000
000000000010000000000
000000000111000000000
000000001101100000000
000000011111110000000
000000111011011000000
000001101111111100000
000011010011010110000
000111111011111111000
000011110011110010000
000001111110111100000
000000111110001000000
000000011111110000000
000000001110100000000
000000000101000000000
000000000010000000000
000000000000000000000
000000000000000000000
000000000000000000000
#
It:26:Diff:26:PSOStep:7:Time:16.14762486:s:AutomataStep:7:Transition:00110101111111101111111110111111111101111110111001111101101001010100010111111011011111101101111110111110110101111111111101111001111100111011111101010101111101011111011110011101011111011110100111001011001011111111011111111101010111111111011100100111010111100110001001110011111111100011111100011011110101110111101011111101111101111010110001011110111111111111110111011111101111111010010011000011101010111101110100111110100101111010111011111111110110111110110111010100111101111111111011110101111111111111010111011111
000000000000000000000
000000000000000000000
000000000000000000000
000000000010000000000
000000000111000000000
000000001100100000000
000000011111110000000
000000111101111000000
000001111011111100000
000011110001101010000
000111111011100111000
000011111101111010000
000001110111111100000
000000111011101000000
000000011011110000000
000000001110100000000
000000000111000000000
000000000010000000000
000000000000000000000
000000000000000000000
000000000000000000000
#
It:30:Diff:23:PSOStep:7:Time:18.09291099:s:AutomataStep:7:Transition:00110101110111111111011111100111111111111111101011111101101011010000111111101010111111111111111011111110110000101011111100110011111111111111011101011111111111111111111111111101011111011110100111011111111110110101011111111100010101101111010111011111010111100111101111111111111110100011111110011111111110101111111011111101011101111111111001111110111111111111000101010101101111111010011001100011101011011100110100111111100011011101011011111100100110111110111111110111011111111011111011011111101110110101111111111111
000000000000000000000
000000000000000000000
000000000000000000000
000000000010000000000
000000000111000000000
000000000111100000000
000000011011110000000
000000101111011000000
000001100111110100000
000010111111011110000
000110111111110111000
000011010111111110000
000001111011111100000
000000111111111000000
000000011110110000000
000000001111100000000
000000000101000000000
000000000010000000000
000000000000000000000
000000000000000000000
000000000000000000000
#
It:95:Diff:20:PSOStep:7:Time:49.495500627:s:AutomataStep:7:Transition:00110111100011111111111110111111101111111111111110011111111111010101111111100000111101001010111111111010001100100111111100110010111101111111111101011111110111111111110101111101111111111111101111010111101110100101111110110101010101111111011011101111011111000111111101111101011010100111010010011111111011101111111111111001001101111111111111111110101011111011010101011101101111111000000001100001101011111100110111111111110110011111011111111011101110111110111111100011111111111010111101111011101100110101111111110111
000000000000000000000
000000000000000000000
000000000000000000000
000000000010000000000
000000000011000000000
000000001011100000000
000000001011110000000
000000101111111000000
000000101011111100000
000010011111111110000
000111111100111111000
000010101111111110000
000001111111111100000
000000101011111000000
000000011111110000000
000000001011100000000
000000000111000000000
000000000010000000000
000000000000000000000
000000000000000000000
000000000000000000000
#
It:109:Diff:20:PSOStep:7:Time:55.835477456:s:AutomataStep:7:Transition:00100111111111111111111110111111101111111111111110011111011111010101111111110000100101001111101011111110011100100111111100111011111101111111001101011111110111111111111111111101011111110111101111110011101110100111101110110101010101111111011111101111011011000111111111111111111111001111111110011111111011101010111111111101001101110111111111111110011011111101000111001101101111100001011001110001001011011100110111111111110111001101111111111110100110111100111111100011101111111011101101011111101110111101111110110111
000000000000000000000
000000000000000000000
000000000000000000000
000000000010000000000
000000000111000000000
000000001011100000000
000000011111110000000
000000111101111000000
000001111011111100000
000010111100111110000
000111101111111111000
000010110111011110000
000001111111111100000
000000101111111000000
000000011011110000000
000000001011100000000
000000000111000000000
000000000010000000000
000000000000000000000
000000000000000000000
000000000000000000000
#
It:128:Diff:16:PSOStep:7:Time:64.530485044:s:AutomataStep:7:Transition:00110011101111111111111110110111100111111111111100011111111111010101111101110001101001001111111010111110111101111111111100110011111111111111011101011111110111111111110111111101011111111111101111110111101110100011111110110101010101111111011111001111011111100111111111111111110111000011111110011111011011111011111111111101011101110101111111111110111111111101000111011101001111100011011001110011001011111101010111111111110011011111011111111110100110111100111111110011100111010010101101011111111110111101111110111111
000000000000000000000
000000000000000000000
000000000000000000000
000000000010000000000
000000000111000000000
000000001011100000000
000000011111110000000
000000101101111000000
000001110111111100000
000010111110111110000
000111111111111111000
000010111111111110000
000001111111111100000
000000101111111000000
000000011111110000000
000000001011100000000
000000000111000000000
000000000010000000000
000000000000000000000
000000000000000000000
000000000000000000000
#
It:187:Diff:16:PSOStep:7:Time:91.864657728:s:AutomataStep:7:Transition:00110101111111111111011110110011111111111111111101111111110101010101101101111011101111001111111010111110001101110111111101111111111101101111111101011111110111111111111110111101011111010111101111111111111111100011111110110101010111111011011111101111011111100111101011111111111111001011101110011111101001111011011111111001011101110111111011111110110110011111010000010101001111101001010001000001101010111101110111111111110111101110111011111110100110111110111101110111101111111011101100111101111111111111111111111111
000000000000000000000
000000000000000000000
000000000000000000000
000000000010000000000
000000000111000000000
000000001011100000000
000000011111110000000
000000101111111000000
000001110011111100000
000010111111111110000
000111111111111111000
000010111111111110000
000001111111111100000
000000101010111000000
000000011111110000000
000000001111100000000
000000000111000000000
000000000010000000000
000000000000000000000
000000000000000000000
000000000000000000000
#
It:226:Diff:14:PSOStep:7:Time:109.033433763:s:AutomataStep:7:Transition:00110111111101111111001111110111111111111111111101111111111111010101101111101010111011101111111011111010001001111101111101111111111101101111111101011111110011101111110111111101011111010111001110011000101111110011101111110101010110001111011111101111011111100111111010010111111010001011001110011011111111101110011111111001010101110111110111111111111010011101000001011101001111101010010001000001101010111100110011111111110111101110011011111110111110111110111111110111101111111010101101111101111111111111011111110111
000000000000000000000
000000000000000000000
000000000000000000000
000000000010000000000
000000000111000000000
000000001011100000000
000000011111110000000
000000101111111000000
000001110011111100000
000010111110111110000
000111111111111111000
000010111111111110000
000001111111111100000
000000101111111000000
000000011111110000000
000000001011100000000
000000000111000000000
000000000010000000000
000000000000000000000
000000000000000000000
000000000000000000000
#
It:381:Diff:14:PSOStep:7:Time:176.443394805:s:AutomataStep:7:Transition:00110111111111111011001111110011111111111111111101111111110101010001111111111011101011000111111011111110101001111111111101110011111101101111110101011101110001101111111111111101011011110111101111011111101011110111111111110101010110111111011111101111011111100111111010111111110111001011001110011011011111101101110111111100000100111111110111111110111111010111000101011101001111101011010000110001101010111101110111101101110111101110011011111110101110111110111111111111101111110010101101111111111111111101111111111111
000000000000000000000
000000000000000000000
000000000000000000000
000000000010000000000
000000000111000000000
000000001011100000000
000000011111110000000
000000101111111000000
000001110111111100000
000010111010111110000
000111111111111111000
000010111111111110000
000001111111111100000
000000101111111000000
000000011111110000000
000000001011100000000
000000000111000000000
000000000010000000000
000000000000000000000
000000000000000000000
000000000000000000000
#
It:383:Diff:14:PSOStep:7:Time:177.367523914:s:AutomataStep:7:Transition:00100111111111111111001111111011111111111111111101111111110111010101111111111011111011001111111011111110001001111111111101111111111101101111111101011111110011111111111111111101011111010111101110111101101111110011111111110101010110011111111111101110011111100111111010111111110111001011101110011011111111111101110111111100000100110111111111111111110111010111000101011101001111101001010001010001101010111101010111111111110111101110011011111110101110111110111110110111101111111010101101111101111111111101111111111111
000000000000000000000
000000000000000000000
000000000000000000000
000000000010000000000
000000000111000000000
000000001011100000000
000000011111110000000
000000101111111000000
000001110111111100000
000010111010111110000
000111111111111111000
000010111111111110000
000001111111111100000
000000101111111000000
000000011111110000000
000000001011100000000
000000000111000000000
000000000010000000000
000000000000000000000
000000000000000000000
000000000000000000000
#
It:405:Diff:13:PSOStep:7:Time:186.907527791:s:AutomataStep:7:Transition:00110111111111011011001111111011111111111111011101111111111101010101101101111010101001100111011011111110101001111101111101110011111101101101110101000111110011101111111111111101011111010111101111011111101111110111111110110101010100111011111111101111011111100111101011111111010111001011001110011011011001111101011111111100011100110111010101111111110111110111000100000101001101111001010000100001101011111001010100101111110111101110111010111110101100111110111110110101101111111010100101101101111111111101110110110111
000000000000000000000
000000000000000000000
000000000000000000000
000000000010000000000
000000000111000000000
000000001011100000000
000000011111110000000
000000101101111000000
000001111111111100000
000010111010111110000
000111111111111111000
000010111111111010000
000001111111111100000
000000101111101000000
000000011111110000000
000000001010100000000
000000000111000000000
000000000010000000000
000000000000000000000
000000000000000000000
000000000000000000000
#
It:493:Diff:12:PSOStep:7:Time:224.477947983:s:AutomataStep:7:Transition:00110001111101111111001110011111111111111111011101111111101101010001111101101011101011000101011001111110001001111101011001110010111100101101111101010111110101101110111110110101011111010111101111011011101011100111101111110101010100110011111111101011011111000101101011011111010110001011101110011011111001111101010111111100000101010111011101111110111111010011000100010101101101001011010000100011101011111101010101111111110011001010011010111110101100111110111101110111101111110010100101101101101110111101111111111111
000000000000000000000
000000000000000000000
000000000000000000000
000000000010000000000
000000000111000000000
000000001011100000000
000000011111110000000
000000101111111000000
000001110111111100000
000010111000111110000
000111111111111111000
000010111111111010000
000001111111111100000
000000101111101000000
000000011111110000000
000000001010100000000
000000000111000000000
000000000010000000000
000000000000000000000
000000000000000000000
000000000000000000000
end
