PSO TRACE
INIT:../../instances/fazia/init.csv
REF:../../instances/fazia/asvn4.csv
DecodingPolicy:CPP2:CDLE2
MutationPolicy:Null
ParticleNeighborhood:Fixed
ParticleDims:515
ParticleCount:100
AccP:2.0
AccG:2.0
AccL:1.5
AccI:2.3
Pos:0.0-3.0
Inertia:0.9-0.6
VeloMax:2.0
MaxPSOIteration:500
InertiaDecrFactor:6.000000000000001E-4
INIT
000000000000000000000
000000000000000000000
000000000000000000000
000000000000000000000
000000000000000000000
000000000000000000000
000000000000000000000
000000000000000000000
000000000000000000000
000000000000000000000
000000000010000000000
000000000000000000000
000000000000000000000
000000000000000000000
000000000000000000000
000000000000000000000
000000000000000000000
000000000000000000000
000000000000000000000
000000000000000000000
000000000000000000000
REF
000000000000000000000
000000000000000000000
000000000000000000000
000000000010000000000
000000000111000000000
000000001011100000000
000000011011110000000
000000101111111000000
000001100001111100000
000010110010101110000
000110111101110111000
000010110111111010000
000001111111111100000
000000101110101000000
000000011111110000000
000000001010100000000
000000000111000000000
000000000010000000000
000000000000000000000
000000000000000000000
000000000000000000000
Classic CPP Decoder
0 :1,2,3,4,
1 :0,2,3,4,
2 :0,1,3,4,
3 :0,1,2,4,
4 :0,1,2,3,
5 :6,7,8,9,
6 :5,7,8,9,
7 :5,6,8,9,
8 :5,6,7,9,
9 :5,6,7,8,
10 :11,12,13,14,
11 :10,12,13,14,
12 :10,11,13,14,
13 :10,11,12,14,
14 :10,11,12,13,
15 :16,17,18,19,
16 :15,17,18,19,
17 :15,16,18,19,
18 :15,16,17,19,
19 :15,16,17,18,
20 :21,22,23,24,
21 :20,22,23,24,
22 :20,21,23,24,
23 :20,21,22,24,
24 :20,21,22,23,
25 :26,27,28,29,
26 :25,27,28,29,
27 :25,26,28,29,
28 :25,26,27,29,
29 :25,26,27,28,
30 :31,32,33,34,
31 :30,32,33,34,
32 :30,31,33,34,
33 :30,31,32,34,
34 :30,31,32,33,
35 :36,37,38,39,
36 :35,37,38,39,
37 :35,36,38,39,
38 :35,36,37,39,
39 :35,36,37,38,
40 :41,42,43,44,
41 :40,42,43,44,
42 :40,41,43,44,
43 :40,41,42,44,
44 :40,41,42,43,
45 :46,47,48,49,
46 :45,47,48,49,
47 :45,46,48,49,
48 :45,46,47,49,
49 :45,46,47,48,
50 :51,52,53,54,
51 :50,52,53,54,
52 :50,51,53,54,
53 :50,51,52,54,
54 :50,51,52,53,
55 :56,57,58,59,
56 :55,57,58,59,
57 :55,56,58,59,
58 :55,56,57,59,
59 :55,56,57,58,
60 :61,62,63,64,
61 :60,62,63,64,
62 :60,61,63,64,
63 :60,61,62,64,
64 :60,61,62,63,
65 :66,67,68,69,
66 :65,67,68,69,
67 :65,66,68,69,
68 :65,66,67,69,
69 :65,66,67,68,
70 :71,72,73,74,
71 :70,72,73,74,
72 :70,71,73,74,
73 :70,71,72,74,
74 :70,71,72,73,
75 :76,77,78,79,
76 :75,77,78,79,
77 :75,76,78,79,
78 :75,76,77,79,
79 :75,76,77,78,
80 :81,82,83,84,
81 :80,82,83,84,
82 :80,81,83,84,
83 :80,81,82,84,
84 :80,81,82,83,
85 :86,87,88,89,
86 :85,87,88,89,
87 :85,86,88,89,
88 :85,86,87,89,
89 :85,86,87,88,
90 :91,92,93,94,
91 :90,92,93,94,
92 :90,91,93,94,
93 :90,91,92,94,
94 :90,91,92,93,
95 :96,97,98,99,
96 :95,97,98,99,
97 :95,96,98,99,
98 :95,96,97,99,
99 :95,96,97,98,
#
It:0:Diff:64:PSOStep:4:Time:2.832819995:s:AutomataStep:4:Transition:01111010101111101111111111101110110111100111010110111110011111011111011111101111111111111001110110111111111101100011111011111101111011010111110111111111111111100111110101111111111011111011111111101111011101001111010110101011011111111111111110001111110111100100111111101110110111110110110011010010011000001111011110101100111111111010011110010111110111111110111111110111111111111111101110111110111011011101001111111101100111111110111111111101110110111101111110011110011111111111111101111011111101111011110111011100
000000000000000000000
000000000000000000000
000000000000000000000
000000000000000000000
000000000000000000000
000000000000000000000
000000110101011000000
000000000111111000000
000000101111111000000
000000101111111000000
000000111111011000000
000000011111110000000
000000101001100000000
000000111111000000000
000000111110000000000
000000000000000000000
000000000000000000000
000000000000000000000
000000000000000000000
000000000000000000000
000000000000000000000
#
It:2:Diff:63:PSOStep:7:Time:4.116847284:s:AutomataStep:7:Transition:01110010111111101111110110111110001111101100010000111010111111100011100111011111010111111001011111101111011111101001111110111111111011011110110111111111011111111111011000111111110111101110111111111111111111101111110111101011011111101111100010111110011111110001111111111110000111110110111101011101110000010010011011111001011011111111111101101111011101111100110101110001011101011011001111011100111110011100011111011111111111111111111011110011111111111011111111011011011111111110111010111110111111111001110101111100
000000000000000000000
000000000000000000000
000000000000000000000
000110101010000000000
000110000111000000000
000100101110100000000
000101011111000000000
000101011001110000000
000101100001010000000
000101111111111000000
000111101111100000000
000011111101110000000
000001110101000000000
000000111101100000000
000000011101000000000
000000001110000000000
000000000110000000000
000000000010000000000
000000000000000000000
000000000000000000000
000000000000000000000
#
It:3:Diff:55:PSOStep:7:Time:4.677471736:s:AutomataStep:7:Transition:01110001000101111011100110110100100011110000101000100100111110010011111111001100100010111001001000010010011110111001000110001110101101101011010000001010100111111001000100111001100111001110001100111111101010011111001001010111110111000101001111101110001000110010110011001010000010011000001110001000101011111001100011001101011100101101010011111001011101000100100001001011111001011010011010000101001111010010011111001111101110001000111001011111111110110101110001011100011000010110101010001110110011110001101011010101
000000000000000000000
000000000000000000000
000000000000000000000
000110000000000000000
000010011000000000000
000001011011000000000
000000010110010000000
000001011110111000000
000000101000001100000
000000011011100110000
000000100111110111000
000000000011110110000
000000001010010100000
000000000110101000000
000000001101110000000
000000000011100000000
000000000101000000000
000000000010000000000
000000000000000000000
000000000000000000000
000000000000000000000
#
It:5:Diff:55:PSOStep:7:Time:5.849404034:s:AutomataStep:7:Transition:01110001100101111111100110100100110011110000101101100100111110010011111111001100100011111101001000110011111110111011000110001110101101111011010000001010101111111011011100111001100111111110100101111001101010011111001001010111110111110001001111100111001100000010111010001110001011111000001111001011101011111001100011001101111100101111001011111001111111000110100001101111111111111110111111000101001111010010011111001111101110101100111011101111111100110101110001010100011101010110111011001111111111111001101011010111
000000000000000000000
000000000000000000000
000000000000000000000
000110000000000000000
000110110000000000000
000011000110000000000
000101111110110000000
000011101000111000000
000101111000011100000
000010100001111110000
000101001101001111000
000011010011001010000
000001100101111100000
000000111001101000000
000000011111110000000
000000001110100000000
000000000111000000000
000000000010000000000
000000000000000000000
000000000000000000000
000000000000000000000
#
It:9:Diff:51:PSOStep:7:Time:7.993518502:s:AutomataStep:7:Transition:01110010111111111111100110110110111011110111111111110101101111110011111111001101101011110111011100111011111111111111010111101111111111111111110101000110101111110011011101111011101111111111101011111111111001011111101001010111011111111101111111110111101111110111111111111110011111110100111111011001111011011001101111101001111111111011001110110101110110100110101111111111111011001110111111101101011101010110011111011111110111101110111111101111111110100101010011111110111111111100111111111111111111111001110011011111
000000000000000000000
000000000000000000000
000000000000000000000
000110101010000000000
000111111111000000000
000111010101100000000
000110111111110000000
000111111011011000000
000110111110111100000
000110111110110110000
000111111111111111000
000011111111111110000
000001110111111100000
000000111111111000000
000000011111110000000
000000001110100000000
000000000111000000000
000000000010000000000
000000000000000000000
000000000000000000000
000000000000000000000
#
It:10:Diff:50:PSOStep:7:Time:8.513772184:s:AutomataStep:7:Transition:01110011111101111111100110111110111011110110111101110111101111110011011111101101101011111111111100110111011111101111000111101110111111101111000100111110101111111111111101111111100111111101111111111111011011111111101000010111011111110001111010101111001110110101111111111110011111110000011111010001111010011011100111101000111110111111001110111101111110000110101111111111111011001110111111111110011111010110011101011111100111101100111111111001111110111101000111111110101011110110110011011111111110111001110011010111
000000000000000000000
000000000000000000000
000000000000000000000
000111111110000000000
000111111111000000000
000101111111100000000
000111011111110000000
000111111111111000000
000111101001111100000
000101110011011110000
000111111111010111000
000011001011111110000
000001101111111100000
000000111110111000000
000000011110110000000
000000001111100000000
000000000111000000000
000000000010000000000
000000000000000000000
000000000000000000000
000000000000000000000
#
It:12:Diff:26:PSOStep:7:Time:9.647386078:s:AutomataStep:7:Transition:00110001100101111111101110111100100011110011011001110111101111110011011111101100100011111111001100110111111110111111000110001110101111101111010000111011101111111100110100111001100111111110110101111111011011011111001001010111111111000001111111000111011100010010110110101110011011111100001101001011111011011011110101001011111110111111011010111001111101100110100001101011111010101110111111100111001111010010011111011111101111101100110111111101111110111111010101110100111111110110110011011110110011111001010011010111
000000000000000000000
000000000000000000000
000000000000000000000
000000000010000000000
000000000111000000000
000000001111100000000
000000011111110000000
000000111111111000000
000001101111111100000
000011100110111110000
000111111001011111000
000001111111110010000
000001110111110100000
000000111111101000000
000000010111010000000
000000000110100000000
000000000111000000000
000000000010000000000
000000000000000000000
000000000000000000000
000000000000000000000
#
It:19:Diff:23:PSOStep:7:Time:13.284685063:s:AutomataStep:7:Transition:00110000010111101111101111111111110111111000011011110100101110010111111111011100111010111111001010110011111110111101000110001110101101101111110100111010111110101101011111111011111111111010110100111011111010011111001101111111110011010001011011101101101110110011110010110111111011011100011101001010111011110011110101111011111100111111111011111011111101011110100100001011111111011010111111110101011111011010001111111111100011111111111011001111111110111101010111110100011101010111111010011111111111111001010101110111
000000000000000000000
000000000000000000000
000000000000000000000
000000000010000000000
000000000111000000000
000000001111100000000
000000010111110000000
000000111111111000000
000001011011111100000
000011111111111110000
000011111111111111000
000011111111111010000
000001111111111100000
000000111111101000000
000000011111110000000
000000001110100000000
000000000101000000000
000000000010000000000
000000000000000000000
000000000000000000000
000000000000000000000
#
It:31:Diff:21:PSOStep:7:Time:19.197482409:s:AutomataStep:7:Transition:00110000110111101111100110111111110011111000011101110110001111110111111110011100111010111101011010100010101110111101000010001110101101011011010101101011111111101101011111111111111111111010111100111011111000011111001101111111111111010011011110001101000110000011110110110110011011111100011101001110111011110011110101101011111110111011111010011111111101001110100101001101111111011110111111010101011101011110001111011111110111111110101011101111111111101111010111111110011101010101111110011111101011111011010101010111
000000000000000000000
000000000000000000000
000000000000000000000
000000000010000000000
000000000111000000000
000000001011100000000
000000000111110000000
000000100111111000000
000000110101111100000
000011110101100110000
000110111111111111000
000011111101111010000
000001111111111100000
000000111111101000000
000000011011110000000
000000001110100000000
000000000111000000000
000000000010000000000
000000000000000000000
000000000000000000000
000000000000000000000
#
It:45:Diff:20:PSOStep:7:Time:26.566570947:s:AutomataStep:7:Transition:00110010100001111111101110110101111111110010011011110110111111110011111111101000010111011011010100110011001111111110010010001111101111111011010111011010111111111111111111111111111011111110111100111011101000111111001100111011110111111001011010101101111111110111111101111110111111111100111101001001111010110011110101101111110110111111101011011101010111111111010100111111111011101010111111110101111111011010011111011111110111101111101111111110111111111101110111101100111101110101111011001111110111110101001111110111
000000000000000000000
000000000000000000000
000000000000000000000
000000000010000000000
000000000011000000000
000000001011100000000
000000001111110000000
000000101111111000000
000000110111111100000
000010100011111110000
000111111111111111000
000011111111111010000
000001111011111100000
000000110111101000000
000000011111110000000
000000001110100000000
000000000111000000000
000000000010000000000
000000000000000000000
000000000000000000000
000000000000000000000
#
It:50:Diff:20:PSOStep:7:Time:29.022557333:s:AutomataStep:7:Transition:00100000100111111111101110111111110010111000011011110110101110110011111111011100111110111111011110110011001111111110010010001111101101011011010011011010111111111111011111111111111110111010111100111011111000011111011101111111111110111001011110101101101110100111110011110110111111111100011101001000111011110011110101101111111110111111101011011101111111101110111001101111101011001110111111110101111111011110011111011111110011111111101111001111101111111111110111111110011101110101111111011011111111111001110111110111
000000000000000000000
000000000000000000000
000000000000000000000
000000000010000000000
000000000111000000000
000000001111100000000
000000011011110000000
000000111111111000000
000001101101111100000
000011111111111110000
000111110110111111000
000011111111111010000
000001111111011100000
000000111111101000000
000000011111110000000
000000001110100000000
000000000111000000000
000000000010000000000
000000000000000000000
000000000000000000000
000000000000000000000
#
It:58:Diff:17:PSOStep:7:Time:32.949880113:s:AutomataStep:7:Transition:00100000100111111111110110111100110111101000011001111110111110010011111111011110111110111101011110100010101110111100000010001111101100001111011101011110111111101111011111111001101010111010101001111001111000011111001001010001010110001101011111101101000111110111110010100010001111111110011100001010111011110011110101111001111100111111111111111111111101011100101111100001101110011010010111111101011101011100001111011111110010111110111111011101111100111011010011000110011101010111111010111111111011111001110111110111
000000000000000000000
000000000000000000000
000000000000000000000
000000000010000000000
000000000111000000000
000000001101100000000
000000011011110000000
000000111111111000000
000001101111111100000
000011110011111110000
000110110101111111000
000011101111111010000
000001111111111100000
000000111111101000000
000000011111110000000
000000001110100000000
000000000111000000000
000000000010000000000
000000000000000000000
000000000000000000000
000000000000000000000
#
It:217:Diff:17:PSOStep:7:Time:110.425820462:s:AutomataStep:7:Transition:00100000110111111111110111111101110011111000011011111110111111010111111111011100111110011101011110100011101110111011011111001111101101111011010101010011100111111111011011011101111110111110101100111111111000111111011001111001010111011111011111101100100100110110110010110011111111110110011101011010111111110011110101111001011100001111111111111111111111111110011101100101111110111010011111111101111101011100011111011111110010111110101111010101111101011111110011110110011100010111111110011110011110101011110101110111
000000000000000000000
000000000000000000000
000000000000000000000
000000000010000000000
000000000111000000000
000000001111100000000
000000011011110000000
000000111111111000000
000001110111111100000
000011110111111110000
000110111111111111000
000011111111111010000
000001101111111100000
000000111111101000000
000000011111110000000
000000001110100000000
000000000111000000000
000000000010000000000
000000000000000000000
000000000000000000000
000000000000000000000
#
It:258:Diff:17:PSOStep:7:Time:129.671407702:s:AutomataStep:7:Transition:00100000100111111111101111111110110011110010011011111110111111010011111111011100111110111111011110100111101111111111010111001111101101111011010101110011110111111111011111111101111110111110111100111111111000011111011001110011010111011111011111101100110110110111110010111010110110110110011100001000111011010011110101111111011100111111111111111101111111111110011101101101111110111010111111111101111101011110011111011111110010111111101111011101111111111111110111111110011100110111111111011111111110101011110101110111
000000000000000000000
000000000000000000000
000000000000000000000
000000000010000000000
000000000111000000000
000000001111100000000
000000011011110000000
000000111111111000000
000001110111111100000
000011110111111110000
000110111111111111000
000011111111111010000
000001101111111100000
000000111111101000000
000000011111110000000
000000001110100000000
000000000111000000000
000000000010000000000
000000000000000000000
000000000000000000000
000000000000000000000
#
It:265:Diff:16:PSOStep:7:Time:133.048547543:s:AutomataStep:7:Transition:00100000100111111111110111111110110111110000011011111110111111010011111111011100111011111111011110100011101111111111010111001110101101111111010101010011101111111111011111111100111110111110101100110111111000110111011001110011010110111001011111101100110100110111110010111001110110110110011101011010111011110011110101111111011100011111111111111011111111111110111111100011111110111010111111111101111101011110011111011111110010111111101111011101111110111111110101111110011101110111111111111110111110101001110111110111
000000000000000000000
000000000000000000000
000000000000000000000
000000000010000000000
000000000111000000000
000000001111100000000
000000011011110000000
000000111111111000000
000001110111111100000
000011110011111110000
000110111111111111000
000011111111111010000
000001101111111100000
000000111111101000000
000000011111110000000
000000001110100000000
000000000111000000000
000000000010000000000
000000000000000000000
000000000000000000000
000000000000000000000
#
It:288:Diff:16:PSOStep:7:Time:144.139396127:s:AutomataStep:7:Transition:00110000110011111111111111111110110111111000011011111110001111110011111111011100111110111111010100100011011111111111010011001110101101111111010111011011111111111110011111111101111110111110110100111111111000011111011001111011111111011011011111101100101100100111110011110011010111111100011101001000111011111011110101111111111110111111011111111011111101101110111111101001101111101010011111111101111101001010011111011111110011111111111111111110111111111110110111111110011101110111111110011011111111111001010111110111
000000000000000000000
000000000000000000000
000000000000000000000
000000000010000000000
000000000111000000000
000000001011100000000
000000011111110000000
000000111110111000000
000001110111111100000
000010110011111110000
000111111111111111000
000011110111111010000
000001110011111100000
000000111110101000000
000000011111110000000
000000001110100000000
000000000111000000000
000000000010000000000
000000000000000000000
000000000000000000000
000000000000000000000
#
It:371:Diff:16:PSOStep:7:Time:181.912243101:s:AutomataStep:7:Transition:00110010111111111011111111110111110111111010001011111010111111010111111111011110111111111101011100000111101111111111110010001111101011111111010101111010111111101111011101111101011010111111111100110111101100011111011101011111111111111111011110101111011110100111110011110100111111111111011101011010111010110011110101111101110111111111111111111111111101011110111111110111111111011010110111111101111101111110010111111111110111001111111111011101111111101111110111111110001101110111111111111101111111111011110111111111
000000000000000000000
000000000000000000000
000000000000000000000
000000000010000000000
000000000111000000000
000000001111100000000
000000011011110000000
000000111111111000000
000001101111111100000
000011111110100110000
000111100111111111000
000010111111111010000
000001111111111100000
000000101111101000000
000000011111110000000
000000001010100000000
000000000111000000000
000000000010000000000
000000000000000000000
000000000000000000000
000000000000000000000
#
It:421:Diff:16:PSOStep:7:Time:203.614203653:s:AutomataStep:7:Transition:00100001101111111111101111111111110011110000001011111111101110110011111111111100111110011111011010110111011111101111111011001011101011001011010101011111111111101111011010110101010011111110111000111101101000111111000010111111111111110011011110101111111111100101111011100100001011110111011101011010111011110011110101101101110101011111111111111011111101111110111101111111111111111010011111011111111110011010101111110111110111101110111011011111111111111011110011111110001101111111111111011111111111111011110110110111
000000000000000000000
000000000000000000000
000000000000000000000
000000000010000000000
000000000111000000000
000000001001100000000
000000011111110000000
000000101111111000000
000001101111111100000
000010010111011110000
000111111111111111000
000010111101111010000
000001111111111100000
000000101111101000000
000000011111110000000
000000001010100000000
000000000111000000000
000000000010000000000
000000000000000000000
000000000000000000000
000000000000000000000
#
It:455:Diff:15:PSOStep:7:Time:218.905296111:s:AutomataStep:7:Transition:00100010101111111111101111111111110011111000001011111111111110110001011111111110111110011111011010110111111111110111110011001111101011011011010101111010111111001111011010101101110111111111111001111101101000010111001000111111001111110111011110101110110111110100111011110100001011110111011101010010111011111111110101101111111101111111111011111011111101111110101111110111111110011110110111111111111101011111111111110101110011001111111111011111111111111011010111011110001101011110111011111111111011110011110110100111
000000000000000000000
000000000000000000000
000000000000000000000
000000000010000000000
000000000111000000000
000000001011100000000
000000010111110000000
000000111111111000000
000001110101011100000
000010111110111110000
000111111100111111000
000011111111111010000
000001111111111100000
000000101110101000000
000000011011110000000
000000001010100000000
000000000111000000000
000000000010000000000
000000000000000000000
000000000000000000000
000000000000000000000
end
