PSO TRACE
INIT:../../instances/fazia/init.csv
REF:../../instances/fazia/asvn4.csv
DecodingPolicy:CPP2:CDLE2
MutationPolicy:Null
ParticleNeighborhood:Fixed
ParticleDims:515
ParticleCount:100
AccP:2.0
AccG:2.0
AccL:1.5
AccI:2.3
Pos:0.0-3.0
Inertia:0.9-0.6
VeloMax:2.0
MaxPSOIteration:500
InertiaDecrFactor:6.000000000000001E-4
INIT
000000000000000000000
000000000000000000000
000000000000000000000
000000000000000000000
000000000000000000000
000000000000000000000
000000000000000000000
000000000000000000000
000000000000000000000
000000000000000000000
000000000010000000000
000000000000000000000
000000000000000000000
000000000000000000000
000000000000000000000
000000000000000000000
000000000000000000000
000000000000000000000
000000000000000000000
000000000000000000000
000000000000000000000
REF
000000000000000000000
000000000000000000000
000000000000000000000
000000000010000000000
000000000111000000000
000000001011100000000
000000011011110000000
000000101111111000000
000001100001111100000
000010110010101110000
000110111101110111000
000010110111111010000
000001111111111100000
000000101110101000000
000000011111110000000
000000001010100000000
000000000111000000000
000000000010000000000
000000000000000000000
000000000000000000000
000000000000000000000
Classic CPP Decoder
0 :1,2,3,4,
1 :0,2,3,4,
2 :0,1,3,4,
3 :0,1,2,4,
4 :0,1,2,3,
5 :6,7,8,9,
6 :5,7,8,9,
7 :5,6,8,9,
8 :5,6,7,9,
9 :5,6,7,8,
10 :11,12,13,14,
11 :10,12,13,14,
12 :10,11,13,14,
13 :10,11,12,14,
14 :10,11,12,13,
15 :16,17,18,19,
16 :15,17,18,19,
17 :15,16,18,19,
18 :15,16,17,19,
19 :15,16,17,18,
20 :21,22,23,24,
21 :20,22,23,24,
22 :20,21,23,24,
23 :20,21,22,24,
24 :20,21,22,23,
25 :26,27,28,29,
26 :25,27,28,29,
27 :25,26,28,29,
28 :25,26,27,29,
29 :25,26,27,28,
30 :31,32,33,34,
31 :30,32,33,34,
32 :30,31,33,34,
33 :30,31,32,34,
34 :30,31,32,33,
35 :36,37,38,39,
36 :35,37,38,39,
37 :35,36,38,39,
38 :35,36,37,39,
39 :35,36,37,38,
40 :41,42,43,44,
41 :40,42,43,44,
42 :40,41,43,44,
43 :40,41,42,44,
44 :40,41,42,43,
45 :46,47,48,49,
46 :45,47,48,49,
47 :45,46,48,49,
48 :45,46,47,49,
49 :45,46,47,48,
50 :51,52,53,54,
51 :50,52,53,54,
52 :50,51,53,54,
53 :50,51,52,54,
54 :50,51,52,53,
55 :56,57,58,59,
56 :55,57,58,59,
57 :55,56,58,59,
58 :55,56,57,59,
59 :55,56,57,58,
60 :61,62,63,64,
61 :60,62,63,64,
62 :60,61,63,64,
63 :60,61,62,64,
64 :60,61,62,63,
65 :66,67,68,69,
66 :65,67,68,69,
67 :65,66,68,69,
68 :65,66,67,69,
69 :65,66,67,68,
70 :71,72,73,74,
71 :70,72,73,74,
72 :70,71,73,74,
73 :70,71,72,74,
74 :70,71,72,73,
75 :76,77,78,79,
76 :75,77,78,79,
77 :75,76,78,79,
78 :75,76,77,79,
79 :75,76,77,78,
80 :81,82,83,84,
81 :80,82,83,84,
82 :80,81,83,84,
83 :80,81,82,84,
84 :80,81,82,83,
85 :86,87,88,89,
86 :85,87,88,89,
87 :85,86,88,89,
88 :85,86,87,89,
89 :85,86,87,88,
90 :91,92,93,94,
91 :90,92,93,94,
92 :90,91,93,94,
93 :90,91,92,94,
94 :90,91,92,93,
95 :96,97,98,99,
96 :95,97,98,99,
97 :95,96,98,99,
98 :95,96,97,99,
99 :95,96,97,98,
#
It:0:Diff:63:PSOStep:4:Time:2.743617927:s:AutomataStep:4:Transition:01001110001111011011011010001011110011111110101010111001111111111111101110000111000010110010010001110011110001001111110111110110100001110001011110101101111010010001101001101111001011100100100110101001001011010111010000011000110111111001001101010011101110101111010001001110011011101100100111111100011111100001000000101110011101101011111011101100010000100100101111000101111111111101110111100010100101101000000000011111111111110011000110110011010001011011011011011110011111101111111111110011001110111111010000100110
000000000000000000000
000000000000000000000
000000000000000000000
000000000000000000000
000000000000000000000
000000000000000000000
000000101010101000000
000000000110011000000
000000100011011000000
000000000101111000000
000000101110111000000
000000001011111000000
000000111110011000000
000000001001111000000
000000111111111000000
000000000000000000000
000000000000000000000
000000000000000000000
000000000000000000000
000000000000000000000
000000000000000000000
#
It:3:Diff:63:PSOStep:6:Time:4.570140295:s:AutomataStep:6:Transition:00100101100011111001011000011011111111101110101010100111111101111111111101001111110110111011011000111010010011001111111111011100110000010111011010001010111110110101000000111101000000100000100111111001001011111111010001111001111111111001001111100111101110100111000001001111001001011100100111100110000011101011110010001000010101001011100010101100110100000101100111000110101101111101100101110111110101001000011000011101111010011110000111111000010111101111011011011010111010111111000111100101101110110011110100110001
000000000000000000000
000000000000000000000
000000000000000000000
000000000000000000000
000000000010000000000
000000000011000000000
000000000011100000000
000000000110110000000
000000001011111000000
000000001101001100000
000000010110100110000
000000011111100100000
000000001110010000000
000000101010110000000
000001011110100000000
000000010010000000000
000011000000000000000
000000000000000000000
000000000000000000000
000000000000000000000
000000000000000000000
#
It:4:Diff:62:PSOStep:7:Time:5.191257639:s:AutomataStep:7:Transition:01110101000110101100001011001101111111001111001110010111100001100100110011011110100111101100011000110001000010111010000111011111100000001011000110010011001100101100000000111110110000110000100110010111011010111101110101110000111101000001001001110111100111100111110011011110001010001101101111010111011100111011011001001000000011000011100000111110111100101111100100000011001111101111101100110100100000011000101001001000010000100001000111110100011000001100111101100111010010011100010111110101111111110011111100110111
000000000000000000000
000000000000000000000
000000000000000000000
000110000000000000000
000011000000000000000
000010011000000000000
000011111100000000000
000011100000100000000
000011010000011000000
000011010111000110000
000011111100010111000
000011100011111010000
000001110111000000000
000000001100000000000
000000011001110000000
000000000110100000000
000000000011000000000
000000000010000000000
000000000000000000000
000000000000000000000
000000000000000000000
#
It:5:Diff:59:PSOStep:5:Time:5.774293262:s:AutomataStep:5:Transition:00100101110111111100011001011011111111101010011100100111011001100101111001011111110111011111001101010010101001011011010111001100110011011001111111111100101111100111001000111001010011100010100011111001011011111001010101010101010111101011001111110110101001111111111111001110000011011110101111100110011011111001110111011001101100101011100010110100111000110101101111100111001101101111100110110101111101001011101110011101011010101000000111001001111111100011111110011100011110111011110111100111000101010011011010110111
000000000000000000000
000000000000000000000
000000000000000000000
000000000000000000000
000000000000000000000
000000000010000000000
000000000011000000000
000000001111100000000
000000000000110000000
000000100011111000000
000001110111110100000
000000110010100000000
000000001111011000000
000000001100001000000
000000000011111100000
000000000010001100000
000000000000000000000
000000000000000000000
000000000000000000000
000000000000000000000
000000000000000000000
#
It:6:Diff:52:PSOStep:7:Time:6.21928363:s:AutomataStep:7:Transition:00110001100111111111111011111111101011111010011100100111111110101001111110101111111110111111111101010010101100111111111110001111110011011111111010110100101011100111111100111111110011110111100101111111011011011111111001110101011110100101001111100101111001110111111101001110100010111110001010100110011011011101011110011101111011101011110011111000111100101101100111100111111111111111010101100111111101011011111111010101111000111000010011111101111011110110111001010100110110111111011111101001011111110111111110111111
000000000000000000000
000000000000000000000
000000000000000000000
000000000010000000000
000000000011000000000
000000000111100000000
000000001111110000000
000000001101111000000
000000011111111100000
000000011111111110000
000000011111111111000
000000011111111100000
000001111111111100000
000001111111100000000
000010011111000000000
000011011000000000000
000111110000000000000
000110000000000000000
000000000000000000000
000000000000000000000
000000000000000000000
#
It:11:Diff:27:PSOStep:7:Time:8.831365391:s:AutomataStep:7:Transition:00100100111111111111111101110111111111110010111000100111111010100001111110111111111111111111111111111000001011110111111111011111110011111110101010010101101111101111011101111110110010110111100111010111111010111111110000110101011110110111111111110001111101110101111101111110100110011011011010110110111010111101101111111011111011101111111111111010111000010011101011101111101111101111110110110111100101011011111111010101011111001100111111111111110011101111111101111001111110111111011111111001111111110111111010111011
000000000000000000000
000000000000000000000
000000000000000000000
000000000010000000000
000000000111000000000
000000001111100000000
000000011111110000000
000000111111111000000
000001111010111100000
000011111011011110000
000111111011000111000
000011110111100110000
000001110111111100000
000000111110011000000
000000011111110000000
000000001111100000000
000000000111000000000
000000000010000000000
000000000000000000000
000000000000000000000
000000000000000000000
#
It:24:Diff:25:PSOStep:7:Time:15.031235206:s:AutomataStep:7:Transition:00110100111111111111111100110111101101110010110000101001111011000000111110111110011111111011111111011000001111110101111011011111110011011111101010011001011110100111011101111100010010010111000010110111111010111110010000111101011110110101110011010100111101110101111101111110100111011111011011110110110111011111101101011001110001001111010111010100011000010101011011011110101111101111110110110001101101110011011111010001011111101100011111111111110011101110111101111000001110111111011011101001100111010111111010101010
000000000000000000000
000000000000000000000
000000000000000000000
000000000010000000000
000000000111000000000
000000001101100000000
000000011011110000000
000000111011111000000
000001101010111100000
000011111100101110000
000111101111111111000
000011010111011110000
000001111101110100000
000000101010011000000
000000011111110000000
000000001011100000000
000000000111000000000
000000000010000000000
000000000000000000000
000000000000000000000
000000000000000000000
#
It:58:Diff:25:PSOStep:7:Time:32.532200316:s:AutomataStep:7:Transition:00100100111111111110111111110011111101100010011010111011001011110000110111011111111111101111111110011010011011110011111111011111110011011111101010011101010111101111010101111110000011110011100111010111101011011111110100111101111010111101011011110010111101010101101101001110100111111110011011110110111011111111111110111011000111001111011110010100111001000011101011101110001111101111011110110101100111111010111111010111111011001110011111111111111011101110111001111001101110111011011011111100010101110111011010110011
000000000000000000000
000000000000000000000
000000000000000000000
000000000010000000000
000000000111000000000
000000001111100000000
000000011111110000000
000000110011111000000
000001101111011100000
000011000101011110000
000111111101111111000
000010111011110010000
000001111111110100000
000000101010111000000
000000011111110000000
000000001010100000000
000000000111000000000
000000000010000000000
000000000000000000000
000000000000000000000
000000000000000000000
#
It:60:Diff:21:PSOStep:7:Time:33.496088639:s:AutomataStep:7:Transition:00110001110111111111111111110011111111111110111010111111001011110000111111111111101011100111010101111011011111100111101111111111110001111010110010011101111111111111011101111110100101110010000111010111101011011111110011101101111110111101010011110011111101110101111111100111100101111110001011110111110110111111110100111111001111101111111111001100111100011001111011101111111101101011111111110100110111111010111111010101111011101111111111111101101011111110101101111100111010111000011011111101110110111111011100111111
000000000000000000000
000000000000000000000
000000000000000000000
000000000010000000000
000000000111000000000
000000001111100000000
000000011111110000000
000000111111111000000
000001111111111100000
000011111111111110000
000111111111111111000
000010111111111010000
000001110011111100000
000000111111101000000
000000010111110000000
000000001010100000000
000000000111000000000
000000000010000000000
000000000000000000000
000000000000000000000
000000000000000000000
#
It:67:Diff:21:PSOStep:7:Time:36.859431731:s:AutomataStep:7:Transition:00110000111111111111111101110011111101111100111110111111001011110000101111111111101011100111110101010010011111100011111111101111110001111110111010111001011101111111011101110100100111110110100101010011101011011011110001101001011110111101010011100011111101110101111111100110101101111110011011110111110110011111100110111111001111101111111111001100111100011001011011101111101101101111111111110101101111111101111111010001111111101110011111111111011011110110101100111100101100110000011011111111110110111111011000111011
000000000000000000000
000000000000000000000
000000000000000000000
000000000010000000000
000000000111000000000
000000001111100000000
000000011111110000000
000000111011111000000
000001111101001100000
000011101011101110000
000111011101100111000
000010111111010010000
000001111011111100000
000000101110101000000
000000011011110000000
000000001010100000000
000000000111000000000
000000000010000000000
000000000000000000000
000000000000000000000
000000000000000000000
#
It:100:Diff:20:PSOStep:7:Time:52.911627858:s:AutomataStep:7:Transition:00110000110011111111011101110011111111100100111110111111001011110000101111111111101011100111010101101011011111100111101111110111110001111010111010011101011001111111011101110100110111110010100100010011101011111011110000101101101110111101010011010011111101110101111111100110100101111110011011110111110110101111100110001111001111101011111111001100111101011001101011101111101101101011111111100100100111111110111111010001111111101111111111110101001011111110101111011000101110110000011011101111010110111111011100111001
000000000000000000000
000000000000000000000
000000000000000000000
000000000010000000000
000000000111000000000
000000001111100000000
000000011111110000000
000000111101111000000
000001100001011100000
000011111111111110000
000111110111111111000
000010111111100010000
000001110111111100000
000000101000101000000
000000011111110000000
000000001010100000000
000000000111000000000
000000000010000000000
000000000000000000000
000000000000000000000
000000000000000000000
#
It:109:Diff:19:PSOStep:7:Time:57.352433581:s:AutomataStep:7:Transition:00110000110111011111111101110011101111111100111010111111101000110000111110111111101011100111110101011011011111100011111111111111110001111010111010111001111010111111011101110100110111110110100111010011101010011111110000101101111110111101010010100111111100110101111111100110100101111110011011110111010110011111100111111101011111101111111111001100111101011001011011101111101111101111101011100100101101011110111111010101111111101110111111110111001111111110101110111101101100110100011011111111110110111111011100111101
000000000000000000000
000000000000000000000
000000000000000000000
000000000010000000000
000000000111000000000
000000001111100000000
000000011111110000000
000000111111111000000
000001111011111100000
000011111100111110000
000111111111111111000
000011111111111010000
000001111111111100000
000000111110001000000
000000011111110000000
000000001110100000000
000000000111000000000
000000000010000000000
000000000000000000000
000000000000000000000
000000000000000000000
#
It:135:Diff:19:PSOStep:7:Time:69.400354105:s:AutomataStep:7:Transition:00110000110100111111011111110011101111111000111100110111101001110000111110101111111011100111011101011010011111100111111111010111110011111010111010011111111011111111011101100100110101110110100111110011101010011111110000111101111110111101010010100011111001110101011111100111001001011110010011110111110110101111111110111101001111101111111111001100111101011011011011101111110110101111101111110100101101110011111111010101111111101100111110111111001011111110101101111001100100111001011011111111110110111101001100111101
000000000000000000000
000000000000000000000
000000000000000000000
000000000010000000000
000000000111000000000
000000001111100000000
000000011111110000000
000000111111111000000
000001111101111100000
000011110110111110000
000111010111111111000
000010100111111010000
000001111111111100000
000000101111001000000
000000011110010000000
000000001010100000000
000000000111000000000
000000000010000000000
000000000000000000000
000000000000000000000
000000000000000000000
#
It:154:Diff:19:PSOStep:7:Time:78.411438774:s:AutomataStep:7:Transition:00110000110101011111111111110011101101111100110100111111111100110000101110111111111011100111011101011010011111100011111111110111110001011011111010011101010110111111010101110100110111110111100111110011101010011111100001101101011110111101010011000111111100110101011111101110001101111110010011110111110111011111110111111101001111101111111111001100111101011001011011101111100111101011000111000100101101111111111111010101111111101111111111110110001111111110101101111101101100110001011011101111110110111111001100111101
000000000000000000000
000000000000000000000
000000000000000000000
000000000010000000000
000000000111000000000
000000001111100000000
000000011111110000000
000000111111111000000
000001111011111100000
000011111110111110000
000111111111101111000
000010100111111010000
000001110100111100000
000000101111101000000
000000011111110000000
000000001010100000000
000000000111000000000
000000000010000000000
000000000000000000000
000000000000000000000
000000000000000000000
#
It:173:Diff:19:PSOStep:7:Time:87.283236076:s:AutomataStep:7:Transition:00110100110111111011111111110011101101101100110100111111111000110001111110111111101011100111011101011010011111100111111111111111100001011011111010011101101101111111010101110100110111110110100111110011101010111111100000101101011111111101010011000111111100010001011111100110001101111110010011110011111110011110110111111101011111101111111111001100111101011011111011101111100110101011100011110101101101111111111111010101111111101101111111110111001111111110111101111101100100110001011011111111110110111101011100111101
000000000000000000000
000000000000000000000
000000000000000000000
000000000010000000000
000000000111000000000
000000001111100000000
000000011111110000000
000000111111111000000
000001111011111100000
000011111110111110000
000111111100101111000
000010100111011010000
000001111110011100000
000000101111101000000
000000011111110000000
000000001010100000000
000000000111000000000
000000000010000000000
000000000000000000000
000000000000000000000
000000000000000000000
#
It:187:Diff:19:PSOStep:7:Time:93.663322248:s:AutomataStep:7:Transition:00110100110111111111111101110011101101111100110100110111001110110000101110111011111011100111010101011010011101100011111110110111100001011011110010011101111100111111011101110100110111110111100110110111101010011011110000101101111110111101010011000111111100010001011111101110001101101110110011110111110111011111110111111101011011101111111111011100110100011001011111101111101111111010100111100111101100011111111111010101111111001111111111110111101111111110111101011100101100110011011011111111110110111101001000111101
000000000000000000000
000000000000000000000
000000000000000000000
000000000010000000000
000000000111000000000
000000001111100000000
000000011111110000000
000000111111111000000
000001111011111100000
000011111110111110000
000111111110111111000
000010100111111010000
000001110111011100000
000000101111001000000
000000011111110000000
000000001010100000000
000000000111000000000
000000000010000000000
000000000000000000000
000000000000000000000
000000000000000000000
#
It:200:Diff:17:PSOStep:7:Time:99.796071472:s:AutomataStep:7:Transition:00110100110111111111111111101011111101111100110100111111011010110000111110011011111011100111010101010010011111111011111111010101100011011111111010011101010100111111011101011110110101111110101111010111101010011011010000111001011110101101110010000110111100110101011111101111100001101110110011110001100111111111110101111101000111101111011111001100110101011011011011101111100110101011000110100100101100011011111111010101111111001110111111110110001111111110101101111101101100110011011011111111110110111111010000111101
000000000000000000000
000000000000000000000
000000000000000000000
000000000010000000000
000000000111000000000
000000001111100000000
000000011111110000000
000000111111111000000
000001111011111100000
000011111011111110000
000111111100111111000
000010100110111010000
000001111111111100000
000000100110001000000
000000011111110000000
000000001010100000000
000000000111000000000
000000000010000000000
000000000000000000000
000000000000000000000
000000000000000000000
#
It:209:Diff:17:PSOStep:7:Time:104.095828772:s:AutomataStep:7:Transition:00110100111011111111101111111011111101111100110100110111101010110001111111011011111011100110110111010010011111111011111111010111110011011110111010111001000100111111011101110110110101111111100111110111101010011011110000101000111110101101011011100111111100110101111111101111001001001110110011110001100110011111111111111001010111101011111110001100110101011011111011101111100110111011010111110100101101111011111111010101111111101110111111110100011111111110101101011001101100110011011111111111110110111111011010111111
000000000000000000000
000000000000000000000
000000000000000000000
000000000010000000000
000000000111000000000
000000001011100000000
000000011101110000000
000000101101111000000
000001111101111100000
000011111111111110000
000110011111111111000
000010111011101010000
000001111111111100000
000000101110101000000
000000011111110000000
000000001010100000000
000000000111000000000
000000000010000000000
000000000000000000000
000000000000000000000
000000000000000000000
#
It:217:Diff:14:PSOStep:7:Time:107.698639747:s:AutomataStep:7:Transition:00100101111111111110101111110011111101111010110100011111101010010000111111111011111010110111111101010011011110110011111111110111110001111111111010111101100101011111011101111100110011111110100111100000111010111011010000111001011110111101010011100011111101010101111111101111101011011110110111110110010110011111100100111101011111001111111110001100111101011001111011101111111101101011110111010110101110111110111111010101111110001111111110110010111111111110101111011101101100110011010011111111000110111111011010111101
000000000000000000000
000000000000000000000
000000000000000000000
000000000010000000000
000000000111000000000
000000001111100000000
000000011111110000000
000000111111111000000
000001111011111100000
000011111010101110000
000111111101110111000
000010100111111010000
000001111111111100000
000000101010001000000
000000011010110000000
000000001010100000000
000000000111000000000
000000000010000000000
000000000000000000000
000000000000000000000
000000000000000000000
#
It:292:Diff:14:PSOStep:7:Time:141.294721959:s:AutomataStep:7:Transition:00100101111111111111101111110011111101111110111100011111101010110000111111111011111011100111011101010011011111110011111011110111110001011010111011111101111011011111011101111100110111111110100111110010101010111011110000111101011100110101010011100111111101010101111101101110101111011110110111110110110111011111100101111101001111001111111110001100111101011001101011101111111100101011111010110101101110110110110111010101111110001101111111111100111111110110101111111101101100110011011011111111100110111111011010111101
000000000000000000000
000000000000000000000
000000000000000000000
000000000010000000000
000000000111000000000
000000001111100000000
000000011111110000000
000000111111111000000
000001111011111100000
000011111010101110000
000111111101110111000
000010100110111010000
000001111011111100000
000000101010101000000
000000011011110000000
000000001010100000000
000000000111000000000
000000000010000000000
000000000000000000000
000000000000000000000
000000000000000000000
#
It:337:Diff:13:PSOStep:7:Time:162.167091395:s:AutomataStep:7:Transition:00100001100111111111101111100011111101111110111100011111001010010000111111111011111011100111011101010011011111111010111011100111110001011110101010111101111011011111011101111100110101111110100111110011101010111011110000111101011110110101000011000111111100010101111111101111101111011100110111110110100110011111100101111101001111001111111110001100111101011001011011100111100100101011110010110101101110111011110111010101111110001100111111111100111111110110101111111100101100110011011011111111110110111111011010111101
000000000000000000000
000000000000000000000
000000000000000000000
000000000010000000000
000000000111000000000
000000001111100000000
000000011111110000000
000000111111111000000
000001111011111100000
000011111010101110000
000111111101110111000
000010100111111010000
000001110111111100000
000000101010101000000
000000011011110000000
000000001010100000000
000000000111000000000
000000000010000000000
000000000000000000000
000000000000000000000
000000000000000000000
#
It:421:Diff:13:PSOStep:7:Time:201.165409606:s:AutomataStep:7:Transition:00100101100111111111111111100111111101111110111100011111001010010000111111111011111011100111111101010011011111111011111011100111110001011011011010111101111011011111011101111101110101111110100111110111111010111011100000111101011110110101000011100111111100110101111111101111100111011110101111110110100111011111100100111101001111101111111110001100111101011001111111100111110100101011110010110100101110111011111111010101111110001010111111111100111111110010101111111101101100110011011011111111110110111111011010111101
000000000000000000000
000000000000000000000
000000000000000000000
000000000010000000000
000000000111000000000
000000001111100000000
000000011111110000000
000000111111111000000
000001111011111100000
000011111010101110000
000111111101110111000
000010100111111010000
000001110111111100000
000000101010101000000
000000011011110000000
000000001010100000000
000000000111000000000
000000000010000000000
000000000000000000000
000000000000000000000
000000000000000000000
#
It:454:Diff:13:PSOStep:7:Time:216.570543215:s:AutomataStep:7:Transition:00100101110111111111101111110111111101111110111100011111001010010000111111111011111011110111101101010011011111111011111111110111110001011111011010111101101111011111011101111100110101111110100111110111111010111011100000111101011110110101010111100111111100010101111111101010100111011110101111110110000111011111100101111101011111101111111110001100111101001001111011101111110100101011010110110110101110111111110111010101111110001111111111111100111111111010101111111101101100110011011011111111110110111111011010111101
000000000000000000000
000000000000000000000
000000000000000000000
000000000010000000000
000000000111000000000
000000001111100000000
000000011111110000000
000000111111111000000
000001111011111100000
000011111010101110000
000111111101110111000
000010100110111010000
000001111111111100000
000000101010101000000
000000011011110000000
000000001010100000000
000000000111000000000
000000000010000000000
000000000000000000000
000000000000000000000
000000000000000000000
#
It:456:Diff:12:PSOStep:7:Time:217.547126421:s:AutomataStep:7:Transition:00100101111111111111101111110011111101101110111100011111101010010000101111111011111111110111011101010011011111111011111111110111110000111111111010111001101111011111011101111100110111111110100111110011111010111011110000111001011110110101000011100011111101010101111111101111000111011110110111110111110111011111100101111101011111001111111110001100111101001001111011101111110100101011010111110110111110111111110111010100111110001111111111111100101111111110101111111101101100110010011011111110110110111111011010111101
000000000000000000000
000000000000000000000
000000000000000000000
000000000010000000000
000000000111000000000
000000001111100000000
000000011111110000000
000000111111111000000
000001111011111100000
000011111010101110000
000111111101110111000
000010100111111010000
000001111111111100000
000000101010101000000
000000011011110000000
000000001010100000000
000000000111000000000
000000000010000000000
000000000000000000000
000000000000000000000
000000000000000000000
#
It:464:Diff:12:PSOStep:7:Time:221.227488299:s:AutomataStep:7:Transition:00100101111111111111101111110011111101111110111100111111101010010000111111111011111011110111011101010011011110111011111111111111110001111111111010111001101111111111011101111100100111111110100111100011111010111011010000111001011110110101010011100111111101010101111111101111101111011110110111111110010111011111100100111101011111101111111110001100111101001001111011101111111100101011010111110110101110111110110111010101111110001111111111111000111111111010101111111101101100110011010011111111110110111111011010111101
000000000000000000000
000000000000000000000
000000000000000000000
000000000010000000000
000000000111000000000
000000001111100000000
000000011111110000000
000000111111111000000
000001111011111100000
000011111010101110000
000111111101110111000
000010100111111010000
000001111111111100000
000000101010101000000
000000011011110000000
000000001010100000000
000000000111000000000
000000000010000000000
000000000000000000000
000000000000000000000
000000000000000000000
end
