PSO TRACE
INIT:../../instances/fazia/init.csv
REF:../../instances/fazia/asm2.csv
DecodingPolicy:Nibble:CDLE2
MutationPolicy:Std
ParticleNeighborhood:Fixed
ParticleDims:146
ParticleCount:100
AccP:2.0
AccG:2.0
AccL:1.5
AccI:2.3
Pos:0.0-3.0
Inertia:0.9-0.6
VeloMax:2.0
MaxPSOIteration:500
InertiaDecrFactor:6.000000000000001E-4
INIT
000000000000000000000
000000000000000000000
000000000000000000000
000000000000000000000
000000000000000000000
000000000000000000000
000000000000000000000
000000000000000000000
000000000000000000000
000000000000000000000
000000000010000000000
000000000000000000000
000000000000000000000
000000000000000000000
000000000000000000000
000000000000000000000
000000000000000000000
000000000000000000000
000000000000000000000
000000000000000000000
000000000000000000000
REF
000000000000000000000
000000000000000000000
000000000000000000000
000100000000000000000
000100000000000000000
000010111111000000000
000100001110100000000
000111111111010000000
000001100001011000000
000110101111010100000
000101101100111110000
000010100011110010000
000011111111110010000
000011000111110010000
000110110111011010000
000111101101110010000
000111100111100010000
000111111111111111000
000000000000000000000
000000000000000000000
000000000000000000000
Nibble Decoder
0 :1,2,3,4,
1 :0,2,3,4,
2 :0,1,3,4,
3 :0,1,2,4,
4 :0,1,2,3,
5 :6,7,8,9,
6 :5,7,8,9,
7 :5,6,8,9,
8 :5,6,7,9,
9 :5,6,7,8,
10 :11,12,13,14,
11 :10,12,13,14,
12 :10,11,13,14,
13 :10,11,12,14,
14 :10,11,12,13,
15 :16,17,18,19,
16 :15,17,18,19,
17 :15,16,18,19,
18 :15,16,17,19,
19 :15,16,17,18,
20 :21,22,23,24,
21 :20,22,23,24,
22 :20,21,23,24,
23 :20,21,22,24,
24 :20,21,22,23,
25 :26,27,28,29,
26 :25,27,28,29,
27 :25,26,28,29,
28 :25,26,27,29,
29 :25,26,27,28,
30 :31,32,33,34,
31 :30,32,33,34,
32 :30,31,33,34,
33 :30,31,32,34,
34 :30,31,32,33,
35 :36,37,38,39,
36 :35,37,38,39,
37 :35,36,38,39,
38 :35,36,37,39,
39 :35,36,37,38,
40 :41,42,43,44,
41 :40,42,43,44,
42 :40,41,43,44,
43 :40,41,42,44,
44 :40,41,42,43,
45 :46,47,48,49,
46 :45,47,48,49,
47 :45,46,48,49,
48 :45,46,47,49,
49 :45,46,47,48,
50 :51,52,53,54,
51 :50,52,53,54,
52 :50,51,53,54,
53 :50,51,52,54,
54 :50,51,52,53,
55 :56,57,58,59,
56 :55,57,58,59,
57 :55,56,58,59,
58 :55,56,57,59,
59 :55,56,57,58,
60 :61,62,63,64,
61 :60,62,63,64,
62 :60,61,63,64,
63 :60,61,62,64,
64 :60,61,62,63,
65 :66,67,68,69,
66 :65,67,68,69,
67 :65,66,68,69,
68 :65,66,67,69,
69 :65,66,67,68,
70 :71,72,73,74,
71 :70,72,73,74,
72 :70,71,73,74,
73 :70,71,72,74,
74 :70,71,72,73,
75 :76,77,78,79,
76 :75,77,78,79,
77 :75,76,78,79,
78 :75,76,77,79,
79 :75,76,77,78,
80 :81,82,83,84,
81 :80,82,83,84,
82 :80,81,83,84,
83 :80,81,82,84,
84 :80,81,82,83,
85 :86,87,88,89,
86 :85,87,88,89,
87 :85,86,88,89,
88 :85,86,87,89,
89 :85,86,87,88,
90 :91,92,93,94,
91 :90,92,93,94,
92 :90,91,93,94,
93 :90,91,92,94,
94 :90,91,92,93,
95 :96,97,98,99,
96 :95,97,98,99,
97 :95,96,98,99,
98 :95,96,97,99,
99 :95,96,97,98,
#
It:0:Diff:101:PSOStep:7:Time:5.939665079:s:AutomataStep:7:Transition:01001110100010001000001011000000101001001100000010100110100001101010011000001000111001000000000010101110000000000010011001001000010011000100100010100100011000000000100011000000100011000000110010001100011011001100010010100000110000001000100010001100001001001010011000001010110011100110110011101110010010100000111010100000100011101110101001000110010010000000011000000100110001100010010001001100001010001000100010101110001011000110111011100100101000001100111011001110100001101000110011001010001001101110011010001010
000000000000000000000
000000000000000000000
000000000000000000000
000101010101010101000
000111000010110001000
000110010010100000000
000000000010000010000
000100011101000001000
000100010011000011000
000110100011110100000
000000010001110010000
000100110110111001000
000110111100111001000
000100000010110110000
000000101010111010000
000101110100000001000
000111010101010111000
000101010101010101000
000000000000000000000
000000000000000000000
000000000000000000000
#
It:1:Diff:96:PSOStep:7:Time:7.561007078:s:AutomataStep:7:Transition:01001010111001001000101011001000101001001110110001001010111000101100111000100010111001101100001000101010100011000010100001101110111000000110000011001100101011100100000010100110101000001100000010100110110000001000010010100000011000100110111001101000001000101100111000000010011010101010100011100000000010100110001000000100100010101000010010000010001011000100000001101110000011100110111000001000111000100000100000001010001011001100111011001110100001100110100000000100010000000010010010000000000000000000101000000000
000000000000000000000
000000000000000000000
000000000000000000000
000101010101010101000
000101010100111111000
000010001000010101000
000111001100011001000
000111001101100010000
000010100010001000000
000111110111000000000
000100010111010111000
000010111111000001000
000001001010101000000
000011110101110111000
000110110101111001000
000101100100010010000
000111010101000101000
000110110110001111000
000000000000000000000
000000000000000000000
000000000000000000000
#
It:2:Diff:95:PSOStep:4:Time:8.878922083:s:AutomataStep:4:Transition:01001110111010101100001000100010110011000000011011101110110000001100111011100010010011000010110000001100010001100000111010101110101010001110011001101100110000001000000011100110110000000000110011100000001010101110000001001100010000001110000001101010111010100000111011100110010011101110011011100010110001001100111001001010100011001010110000000010111001100000110001101100101010001000110010000110110000000100010000000100010000001010101010101110111001101000100001101010100000001010000001000110000000001010111010100000
000000000000000000000
000000000000000000000
000000000000000000000
000000000000000000000
000000000000000000000
000000000000000000000
000000101010101000000
000000100100011000000
000000100001011000000
000000101101001000000
000000101100001000000
000000100000110000000
000000100011000000000
000000101110000000000
000000111110000000000
000000000000000000000
000000000000000000000
000000000000000000000
000000000000000000000
000000000000000000000
000000000000000000000
#
It:5:Diff:87:PSOStep:7:Time:12.314367938:s:AutomataStep:7:Transition:00100110111011100010101001101010111000100100101011000100011011001100001011100010100010000100011010100110000000100110010011100110100001100110000000101000001010000110101011101110111010100010010000001010001010001110010000100110110010100100100001101010001011001010001010101110000001000000111001100010010010100000111001101010111010000110101010100010011010001100001011100000001011101110111011100100010001100000001010100010110000000010001001100100111011000010111011100110001001100010001001001000001010001010111011001110
000000000000000000000
000000000000000000000
000000000000000000000
000000000010000000000
000000000101000000000
000000000011100000000
000000000011010000000
000000100111101000000
000000000001011100000
000011111111011010000
000100101000000100000
000111001111100010000
000100010101111100000
000111100101000010000
000110001010000000000
000111000010011010000
000101000110010001000
000111100011011011000
000000000000000000000
000000000000000000000
000000000000000000000
#
It:45:Diff:86:PSOStep:7:Time:58.226260951:s:AutomataStep:7:Transition:01000100010000001010101010100010011000101000011011100010101001101010101001101010001001000010011010101010001000001010100000000110100011001100110001001010110001000100001001001110010001001010101001000110000010101110101010101100111010100100111011000000100000001010010001001000100000100000111010100100110011100100010000000110111001001010110011001010001001001010111000001110001010000010000001000000000001000100111011000010100000101110011011101010111000101110010001000110101011000100011001000100001011100010100010101010
000000000000000000000
000000000000000000000
000000000000000000000
000100000000000000000
000011000000000000000
000111100000000000000
000001010100000000000
000101100011000000000
000010000000100000000
000110101011110000000
000001010011100000000
000100100000000000000
000011000000010000000
000110001011011100000
000000011111010100000
000100101110101010000
000010011100100110000
000111111111111111000
000000000000000000000
000000000000000000000
000000000000000000000
#
It:114:Diff:81:PSOStep:7:Time:133.590126199:s:AutomataStep:7:Transition:01000110010010101010110010100100011001101000010011001010101000101010101011000110001010101110101010101010010011001010010011101010001000101110101001000010101001000100011001001100010011101010111001001000101010101100010010101110001001101000010000101010001010101010010001000000111001100100110010100100101010100100010001101010010010001010011001100110000001001010101010001010100001000000111011101110101010100110000010101100111010101000101000001010000010100110010010001010101010101110101001100100110011000110010010101010
000000000000000000000
000000000000000000000
000000000000000000000
000100000000000000000
000011010000000000000
000100100100000000000
000000010110000000000
000111110101000000000
000011110110100000000
000100101011010000000
000000101000110000000
000100000101101000000
000011110100000000000
000100000111011000000
000001001010000000000
000110100101010110000
000010110101100110000
000101010101010101000
000000000000000000000
000000000000000000000
000000000000000000000
#
It:163:Diff:79:PSOStep:7:Time:187.525666978:s:AutomataStep:7:Transition:01100100101011000010010001001100110000100000000000101110101000101100000011001010100010101000010010101100100010001010101001101000101010101100001010100110110010001010100010101100101010001010100001101000000010001010010001001010110011001000110011000010100010101010101010001000101010001110110001101010001010101000111001001010110000001010101010001010110010101010101011001100000010100100100010001010000001100000101010101000101010101100101010001010110000001010101001101010101010001000011010001010111010101110011000001100
000000000000000000000
000000000000000000000
000000000000000000000
000110000000000000000
000101100000000000000
000111011000000000000
000000000100000000000
000101010000000000000
000110110111100000000
000101011101010000000
000000111000101000000
000101100100100100000
000111101101110100000
000111101110110100000
000010110110000110000
000110000100110010000
000111101111111111000
000111011101110111000
000000000000000000000
000000000000000000000
000000000000000000000
#
It:169:Diff:77:PSOStep:7:Time:194.678133356:s:AutomataStep:7:Transition:01000100010010101010011010100010100000100100111011101010101010101010011010101010011000000100101010101010010011001010010001001000110000000100101001001010101001000010000011001010010001001010010001001100101010101010011010101000100001100000101011101000011011001010010001001100000001000000101010100100101011101000010010101010101000001010111011101010010001101100101010001010100001001000001000100110101010101110101010101110001000100010100010001010000011001010010000101100101010100100110001100100011010101010100010101010
000000000000000000000
000000000000000000000
000000000000000000000
000100000000000000000
000011000000000000000
000111100000000000000
000000101000000000000
000100011001000000000
000011000101010000000
000111111101110000000
000001000100001110000
000100100110000100000
000011110110011010000
000111101100101000000
000000000001111010000
000100011001111100000
000010101010000011000
000111111111111111000
000000000000000000000
000000000000000000000
000000000000000000000
#
It:206:Diff:77:PSOStep:7:Time:234.954109787:s:AutomataStep:7:Transition:01000100111011101010101010100100101001001100001001001100101010101010101000101000010000000100101010101010010010101010010000000100101001000010101001101100101001000100000001001010010000101010010001001110011010101010110010100010111010100000101010101010010011001010010010101000110001001000111010100100101010100000010011101100101001001100011010101010010000101010101001100010101001001110010001000100101010101010110010101100010000100100101001001010101010001010010000101010101010100100110011100100110001001100001010101010
000000000000000000000
000000000000000000000
000000000000000000000
000100000000000000000
000110000000000000000
000001000000000000000
000100000000000000000
000110011010000000000
000111111001000000000
000100100111010000000
000000000110111000000
000010000000010000000
000100001100000000000
000111000100101010000
000110001010000110000
000111000110011110000
000100101010101001000
000111111111111111000
000000000000000000000
000000000000000000000
000000000000000000000
#
It:232:Diff:76:PSOStep:7:Time:263.480428636:s:AutomataStep:7:Transition:01000100110010001010101010100100101001001100001001001000101010101010101010001100011000100100101010101010010010101010010000100100101010101110101001101100101010100100111001001010010011101010010001000100100011101010110010100000000010100000011011101010010011101010010010100110011001000110010010100100111010101110010011001100110001000000100011001100010010001010101011101000111001001110010001000110101011001010000010100110010000000110101001001010011011101010010011001010101010100100010011100100011001000110001010101010
000000000000000000000
000000000000000000000
000000000000000000000
000100000000000000000
000110000000000000000
000101000000000000000
000000001000000000000
000111110100000000000
000000000010100000000
000110011111010000000
000000000111110000000
000111110000000000000
000000110001101000000
000111010111111110000
000000101011000010000
000110000001110010000
000110101010101101000
000111111111111111000
000000000000000000000
000000000000000000000
000000000000000000000
#
It:456:Diff:72:PSOStep:7:Time:504.236155709:s:AutomataStep:7:Transition:01000100010000001010101010101110101010101000101010101000101010101010110010100110110010100100101010101000001010100000111000000000110011101110101001101000101011100110111001001010010000001000100001000010101010100100110010101000100010100000101011001100010011101010010000100100111000100110011010100100011010000000010011001100110001001110001001001000010001101010110011101100010001000100011001000110110011001010100001001100010001001110110000101110000000001100010010101100010010100100000000001110100000101100100010101010
000000000000000000000
000000000000000000000
000000000000000000000
000100000000000000000
000011000000000000000
000111010000000000000
000000001100000000000
000101011100000000000
000011100010000000000
000111101110000000000
000000111101011111000
000101001100011100000
000011100000000011000
000111100101110010000
000000110011001111000
000101001011101010000
000011100111101001000
000111111111111111000
000000000000000000000
000000000000000000000
000000000000000000000
end
