PSO TRACE
INIT:../../instances/fazia/init.csv
REF:../../instances/fazia/asm2.csv
DecodingPolicy:Nibble:CDLE2
MutationPolicy:Std
ParticleNeighborhood:Fixed
ParticleDims:146
ParticleCount:100
AccP:2.0
AccG:2.0
AccL:1.5
AccI:2.3
Pos:0.0-3.0
Inertia:0.9-0.6
VeloMax:2.0
MaxPSOIteration:500
InertiaDecrFactor:6.000000000000001E-4
INIT
000000000000000000000
000000000000000000000
000000000000000000000
000000000000000000000
000000000000000000000
000000000000000000000
000000000000000000000
000000000000000000000
000000000000000000000
000000000000000000000
000000000010000000000
000000000000000000000
000000000000000000000
000000000000000000000
000000000000000000000
000000000000000000000
000000000000000000000
000000000000000000000
000000000000000000000
000000000000000000000
000000000000000000000
REF
000000000000000000000
000000000000000000000
000000000000000000000
000100000000000000000
000100000000000000000
000010111111000000000
000100001110100000000
000111111111010000000
000001100001011000000
000110101111010100000
000101101100111110000
000010100011110010000
000011111111110010000
000011000111110010000
000110110111011010000
000111101101110010000
000111100111100010000
000111111111111111000
000000000000000000000
000000000000000000000
000000000000000000000
Nibble Decoder
0 :1,2,3,4,
1 :0,2,3,4,
2 :0,1,3,4,
3 :0,1,2,4,
4 :0,1,2,3,
5 :6,7,8,9,
6 :5,7,8,9,
7 :5,6,8,9,
8 :5,6,7,9,
9 :5,6,7,8,
10 :11,12,13,14,
11 :10,12,13,14,
12 :10,11,13,14,
13 :10,11,12,14,
14 :10,11,12,13,
15 :16,17,18,19,
16 :15,17,18,19,
17 :15,16,18,19,
18 :15,16,17,19,
19 :15,16,17,18,
20 :21,22,23,24,
21 :20,22,23,24,
22 :20,21,23,24,
23 :20,21,22,24,
24 :20,21,22,23,
25 :26,27,28,29,
26 :25,27,28,29,
27 :25,26,28,29,
28 :25,26,27,29,
29 :25,26,27,28,
30 :31,32,33,34,
31 :30,32,33,34,
32 :30,31,33,34,
33 :30,31,32,34,
34 :30,31,32,33,
35 :36,37,38,39,
36 :35,37,38,39,
37 :35,36,38,39,
38 :35,36,37,39,
39 :35,36,37,38,
40 :41,42,43,44,
41 :40,42,43,44,
42 :40,41,43,44,
43 :40,41,42,44,
44 :40,41,42,43,
45 :46,47,48,49,
46 :45,47,48,49,
47 :45,46,48,49,
48 :45,46,47,49,
49 :45,46,47,48,
50 :51,52,53,54,
51 :50,52,53,54,
52 :50,51,53,54,
53 :50,51,52,54,
54 :50,51,52,53,
55 :56,57,58,59,
56 :55,57,58,59,
57 :55,56,58,59,
58 :55,56,57,59,
59 :55,56,57,58,
60 :61,62,63,64,
61 :60,62,63,64,
62 :60,61,63,64,
63 :60,61,62,64,
64 :60,61,62,63,
65 :66,67,68,69,
66 :65,67,68,69,
67 :65,66,68,69,
68 :65,66,67,69,
69 :65,66,67,68,
70 :71,72,73,74,
71 :70,72,73,74,
72 :70,71,73,74,
73 :70,71,72,74,
74 :70,71,72,73,
75 :76,77,78,79,
76 :75,77,78,79,
77 :75,76,78,79,
78 :75,76,77,79,
79 :75,76,77,78,
80 :81,82,83,84,
81 :80,82,83,84,
82 :80,81,83,84,
83 :80,81,82,84,
84 :80,81,82,83,
85 :86,87,88,89,
86 :85,87,88,89,
87 :85,86,88,89,
88 :85,86,87,89,
89 :85,86,87,88,
90 :91,92,93,94,
91 :90,92,93,94,
92 :90,91,93,94,
93 :90,91,92,94,
94 :90,91,92,93,
95 :96,97,98,99,
96 :95,97,98,99,
97 :95,96,98,99,
98 :95,96,97,99,
99 :95,96,97,98,
#
It:0:Diff:101:PSOStep:7:Time:3.685652323:s:AutomataStep:7:Transition:00000110100000100000110010100100101011101000001000101100110011101010011011101110111000100100101011101010011011001100110010000010110001001100111000100100110001001110111010101110001011101110100010101110101000101000100000101000111011001000110001000010000011100110100000100100111000001000110010000010000001000010111000101010010001101000010010100010001000001100000010101100000011100100101010001110000000100000101000000100110010100000111010101010100011101110100000101000101010000110001001000110110011001000000001001000
000000000000000000000
000000000000000000000
000000000000000000000
000000000000000000000
000000000000000000000
000000000000000000000
000000000000000000000
000000000000000000000
000000000000000000000
000000000000010010000
000000000101101011000
000000011000011110000
000000001101100100000
000001010100101000000
000001111000110000000
000000000001100000000
000101010101000000000
000111111110000000000
000000000000000000000
000000000000000000000
000000000000000000000
#
It:1:Diff:96:PSOStep:7:Time:4.790830768:s:AutomataStep:7:Transition:00000010110010000100101010000000110001000100100000001000011011101000000011001100111000001010111010001110010010100000100010001000100000000010111001100010110000100000110010101100000000100010010001000110011010101000100010001110101011001000000010001100000010000100010001100010000000101010100011101000101000001100001010100100100010001000101010000000100011101110101010100110011000101110111001000010001000000010111011100000110010001110000000101100011001101010001000000100100010100100000000001010010001001000000000101110
000000000000000000000
000000000000000000000
000000000000000000000
000000000000000000000
000000000000000000000
000000000000000000000
000000000000000000000
000000000000000000000
000000000000000000000
000000001001000000000
000100000010011101000
000110000001110110000
000110100011001000000
000110010011110000000
000100001101000000000
000100110100000000000
000111100000000000000
000110000000000000000
000000000000000000000
000000000000000000000
000000000000000000000
#
It:2:Diff:91:PSOStep:7:Time:5.618704176:s:AutomataStep:7:Transition:01100110101011100010101001100110110010101100100001101000010011101100011000101110111000101010101001001010111011101110111011101010100001101100110010000000011011000110011010000100011000000010110011001000001010001110101011001010001011001110011001100010011011101100110011100110010001101110101010001100101001100110011011100110000000001000011011100000011001101010001000001100101001100010110010000110011010001010111001100110000000100000110001101010100001001110100001101000010010100110001001101010001000101110011010100110
000000000000000000000
000000000000000000000
000000000000000000000
000111111110000000000
000100000001000000000
000110000111000000000
000010001010010000000
000101111010000000000
000101001001010100000
000101000011011010000
000011110000100011000
000111011000010011000
000100011010111011000
000110000111101011000
000011100110111111000
000100000000000011000
000100010001000101000
000111111111111111000
000000000000000000000
000000000000000000000
000000000000000000000
#
It:14:Diff:90:PSOStep:7:Time:16.302949955:s:AutomataStep:7:Transition:01100010100011101000110001000100011010001000100001101000000011101000011000100010111001101010101011001100111010001110111011101110100010101110111001100010011010000010100010000010011000100100100011101100011000001110010001100000000011101110111011000110111000101110111011101010000000100010100011000010000001100110011011101000110011100010011000101000100000100110110000101110111010000110001011000110111011100010111001100010110001101000111001001000101010001110001001101000000010100110111001100110101001101110011001101010
000000000000000000000
000000000000000000000
000000000000000000000
000110101010000000000
000111110001000000000
000111110101100000000
000001110011110000000
000100000101000000000
000101000011001000000
000111110100000000000
000000100010010000000
000110100110001010000
000111000000010000000
000110000100110010000
000000101110111010000
000100000000000010000
000101010101010100000
000111111111111111000
000000000000000000000
000000000000000000000
000000000000000000000
#
It:18:Diff:88:PSOStep:7:Time:19.366331611:s:AutomataStep:7:Transition:01100100011001000110110010001000001001100100000001101010011010101010011011100100101011100000000011100110110010101110101010001110011001101100101011101110011000100100111010101110011011000110000010001010000010101010001011000000100000001010000011000000111010101110101010101010111000101010101010100000010001101100011000100100000001000010001010101010100001000010101000000110011010101010110001101110011001001010011010000110011001101010101011100110100010100000111000100000010010000000001010101000011010000100000010000100
000000000000000000000
000000000000000000000
000000000000000000000
000110000000000000000
000011000000000000000
000111101100000000000
000011100000000000000
000110011010000000000
000000100010000000000
000100110111000000000
000001100010000000000
000110100011100000000
000010010000000000000
000110010001100000000
000010010100011000000
000110111011101110000
000000000000000000000
000101010101010101000
000000000000000000000
000000000000000000000
000000000000000000000
#
It:21:Diff:87:PSOStep:7:Time:21.618265926:s:AutomataStep:7:Transition:00100100101010101110100010101100101000100110101010101000101001101100101000100010011011001000111011100010011011001100110001001100101000101010111011001010111001100100110011000100101001101010100001100010011000101100110001101010111010000110110011100110011001101100011011000110011000101100110010100010001010101110000001101010110011000010001011000100100010001110011010100110111001101100101011101010111011001100101010100000011011101100011010100000101010000110110011001100011010101010111001100000111011100110011000000110
000000000000000000000
000000000000000000000
000000000000000000000
000000000010000000000
000000000111000000000
000000000111100000000
000000000010100000000
000000000000010000000
000000000000010000000
000000000001111000000
000000001011101000000
000000111000100100000
000001111010010100000
000001000011001110000
000000100100011010000
000010100010010000000
000111110110110011000
000111100011011011000
000000000000000000000
000000000000000000000
000000000000000000000
#
It:24:Diff:86:PSOStep:7:Time:24.164181026:s:AutomataStep:7:Transition:00100100111011100100101001101000010001100000011001101100110011101100011011001010011001100110001001101100101010101100011011001100000010001010011010100100000001101100000011100110010001000110100001100010110001101100101011000000101011001100011001101000110011101100000000001100111011000000111001101000110001101010011011001100101000100010000001100000110000001110011001100110011011000100100000000100010001101100111011000000110001101100000000101100001010001010011011001110011011000110000001101010001011001100110011001010
000000000000000000000
000000000000000000000
000000000000000000000
000000000010000000000
000000000100000000000
000000001110000000000
000000010000000000000
000000101011000000000
000001101000000000000
000011111001010000000
000101000101010000000
000111111010000000000
000110101011001000000
000111001100101000000
000100111111000000000
000100110101011110000
000110101010101100000
000101010101010101000
000000000000000000000
000000000000000000000
000000000000000000000
#
It:28:Diff:83:PSOStep:7:Time:27.422262561:s:AutomataStep:7:Transition:01000010000010000010010010100010001010101000101010101110001010001000101000001000100010101100101000000100010010001010100010000010101000101000001000000000000010001000100000101000110011001010001010101010000010100000011010001010010010001000101010001100000010101110000010001110110011101000101001101010000000000100001010001010110010000100001001000010001000000110111010001110100000101000010010000000101010100110111000101110000000100010100010101100001001101010100001001100001011101010011000101010110001001110000010100010
000000000000000000000
000000000000000000000
000000000000000000000
000100000000000000000
000000000000000000000
000111100000000000000
000010001000000000000
000100001000000000000
000011000000000000000
000110111111000000000
000010001100000000000
000100000111000000000
000010100100110000000
000111100011011100000
000010000000001000000
000100000000000010000
000011111011011100000
000111111111111111000
000000000000000000000
000000000000000000000
000000000000000000000
#
It:38:Diff:79:PSOStep:7:Time:35.388114507:s:AutomataStep:7:Transition:00000100111010101110000010101000100000001010011010101100100001101010011000000110110010000000010000001000000001000110110000000010101000000100011011000000101001000000101001001010000000001110101001100010111011100000101001100100111000001010011011100010001010100000001011000110111000000110110010101000011001100110001001101010101010100100011011000000101000000010110001001100100010100110000011001000000011001010010001000100000011001010011010100000111000000100011000000010110000001010101010101010001011000000000000100010
000000000000000000000
000000000000000000000
000000000000000000000
000000000000000000000
000000000000000000000
000000000000000000000
000000000000000000000
000000000000000000000
000000000000000000000
000000000001000000000
000111101011101111000
000010100011011010000
000111111111011100000
000010111011111000000
000111110110110000000
000010100111100000000
000111111111000000000
000111111110000000000
000000000000000000000
000000000000000000000
000000000000000000000
#
It:145:Diff:72:PSOStep:7:Time:131.640671211:s:AutomataStep:7:Transition:01100100111011001100001010001000101000101100100010001100100011001100010000101000110010001000001000101000111011101100010011100010101011001010001010000000100000100010110010101100100001000110110010001110001011000010101001101000111000101010001010001010010001001000001010001000001000100010110011101110101000001000100010000010100011001110100011101110110000101100111010001000001000001000000010001000111011001100101000100010111010000010100011000000110000101110001000101100111000100010110010000100001011001110111000100010
000000000000000000000
000000000000000000000
000000000000000000000
000110000000000000000
000100111000000000000
000011111000000000000
000111111011110000000
000100001111111000000
000011100011101000000
000110100011100000000
000101110101011100000
000001100011100100000
000011110101111000000
000011111111111110000
000111001001001010000
000100000000000000000
000111111011011011000
000111111111111111000
000000000000000000000
000000000000000000000
000000000000000000000
#
It:146:Diff:71:PSOStep:7:Time:132.576636433:s:AutomataStep:7:Transition:01100000010011001000101001101100110000101100000001101100011011001100011001101000110011001100100010100110110001000100001001100110110000100110001010000010100011000110011011001100011011100110110001001010110000101000110011000110110001001100110010000010011011101110100011000110110001001100111011001000110001100110010011000010100001001100010011101100000011000000110001100110000011001000001010000110000011000100011001100110110001100100110011001110110001101100110010001100100001101100001011000010111011001100110011001000
000000000000000000000
000000000000000000000
000000000000000000000
000110000000000000000
000000000000000000000
000110100011000000000
000010001101100000000
000111011110000000000
000010100000001000000
000111000001111000000
000010101001011000000
000111100101000000000
000011001100010010000
000110001011011110000
000011100100010000000
000111001100110000000
000011001010100011000
000111011101110111000
000000000000000000000
000000000000000000000
000000000000000000000
end
