PSO TRACE
INIT:../../instances/fazia/init.csv
REF:../../instances/fazia/asm4.csv
DecodingPolicy:Nibble
MutationPolicy:Std
ParticleNeighborhood:EDist
ParticleDims:146
ParticleCount:100
AccP:2.0
AccG:2.0
AccL:1.5
AccI:2.3
Pos:0.0-3.0
Inertia:0.9-0.6
VeloMax:2.0
MaxPSOIteration:500
InertiaDecrFactor:6.000000000000001E-4
INIT
000000000000000000000
000000000000000000000
000000000000000000000
000000000000000000000
000000000000000000000
000000000000000000000
000000000000000000000
000000000000000000000
000000000000000000000
000000000000000000000
000000000010000000000
000000000000000000000
000000000000000000000
000000000000000000000
000000000000000000000
000000000000000000000
000000000000000000000
000000000000000000000
000000000000000000000
000000000000000000000
000000000000000000000
REF
000000000000000000000
010000000000000000010
001011111111111111110
000000000000000000000
001011111111111110100
001011111111111110100
001011111111111110100
001011111111111110100
001011111011111110100
001011111101111110100
001011000101111110100
001011000110111110100
001011110111111110100
001011111111111110100
001011111111111110100
001011111111111110100
001011111111111110100
010100000000000001100
001011111111111110010
010000000000000001000
000000000000000000000
Nibble Decoder
#
It:0:Diff:160:PSOStep:9:Time:0.171142527:s:AutomataStep:9:Transition:00100110110010001100101001001100010011001000111011000000000001000110111011100010101010001010101000101010000011101100101010000110011000001100010010001000110000000010010000000000010000000100000011100010100011000010110010100000001001000110111011000110010001001110001000001000011001100000110010101110100001000010101000000000001011000000100000001000000001001010100011101010010000000010100010100000110000101010101010000010011010001100101001101110000000001100101001001110010000100100110001000000011010000110100001001010
000000000000000000000
000000000010000000000
000000000100000000000
000000000111100000000
000000000110010000000
000000100100000000000
000000000001111100000
000011100010011010000
000100110101101110000
000100011111111001100
011011001111001100100
001011100101011001100
000111010001011100100
000011001000110001100
000001110101011000100
000000110001111011100
000000011000001101100
000000001001000110100
000000000111111000100
000000000000000000010
000000000000000000000
#
It:1:Diff:154:PSOStep:8:Time:0.370125015:s:AutomataStep:8:Transition:01001110101000000000111011001110101011100100110010000100010001001010011011101010111011100010111010101010110011100100101001001100001001100000101001100110000010100100011011001100101010100010111011101010000010000010111011100100101010100010100011100110000010100100110010101010000001101010111001101010100001001100110011000110010000100010001001000110110011101110111011101010010010100100000010100000010010101110110011100110101001101010100010101000000010101100101011001100010011101100111000000000111010100110100001001010
000000000000000000000
000000000000000000000
001010101010101010100
000010101010101010100
001011111010110110000
001010001000110110000
001000111011111100000
000010010001011100000
001011101101010000000
001010000000010000000
001001100110001000000
000010010000001000000
001011000110110000000
001010011001100000000
001000101110000000000
000010110100000000000
001110100000000000000
001010000000000000000
001000000000000000000
000000000000000000000
000000000000000000000
#
It:12:Diff:152:PSOStep:8:Time:1.207803669:s:AutomataStep:8:Transition:01001110001011000010011001101110010000100010000001101000110011001100101011101000110010000010010010100010001011000010010001001000111011001000000011000110001011001100001011001110100001000010011001100100001011000010110000001100010000100010001010101110110011001100011011000100110001100100110000100100111001000010110000100010101000100010111011001100000000001100011011100010001001000010110001001000001011001110101010000100001000100010011001000010001011000100010000101100100011100100111011000000110000001010001011000010
000000000000000000000
000000000000000000000
001010101010101010100
000000000000000000000
001011000000000000000
000000010100101010000
001001011111000110000
000011111001000100000
001001101101010000000
000000110011101000000
001001000010100110000
000001010111000100000
001001001110010000000
000011111001111100000
001001001001110000000
000000100010000100000
001000000100010000000
000001000000111100000
001000100010001000100
000000000000000000000
000000000000000000000
#
It:25:Diff:143:PSOStep:8:Time:2.109519455:s:AutomataStep:8:Transition:01100010110011000010111010001110100010001010110010000010100011101000010011100010100010101110100011101000100011100000100000100000100001001110000010001100101000000000111011101110100010001100111011101000111010000110111011101010100011100010100011101110100011101110100010001100101000001000111010001000010001001110001011100110100010001100111001001010100001100110111011101100101010000000000010000010101011001000101011101110100001100010111001101000111010101000100010001110110011100010000001101000111010001110110000000110
000000000000000000000
000000000000000000000
001010101010000000000
001000100010000000000
001100110110000000000
001111111010000000000
001011010100000000000
001000010001010000000
001101001001011000000
001111001111000000000
001010110000111011100
001000110100000110100
001100011110000110100
001111011000101010100
001011111011101110100
001001010111010100100
001000000000000000100
001101010101010101100
001111111111111111100
000000000000000000000
000000000000000000000
#
It:34:Diff:141:PSOStep:8:Time:2.719217438:s:AutomataStep:8:Transition:01101110100010101010111010101110101000001110011010000100010011100100101011001110001010101010101011100010100011100000101000001010000000000000110011101010101011101110101011101110101010101010101011101010100001101010100011100110101011100000111000001110111010001000100001001100011010101000101010101010111001000010111010000000100000100100111011100000101010100000001011101010101010101010111001100000000000001110001011101010110010100100111010101010000011101010101010101110111010100000111000000100011010101110101001000110
000000000000000000000
000000000000000000000
001000110101101101100
000000001000000000000
001101111110110111100
001101101101011111100
001000000000011000100
000001001100010000000
001111110011101111100
001111111101011111100
001110100111001000100
000000101100110000000
000011000110011111100
000001001101111111100
000000011000011000100
000000000000000000000
000000001110110111100
000000000111111111100
000000000000000000100
000000000000000000000
000000000000000000000
#
It:44:Diff:138:PSOStep:8:Time:3.393585652:s:AutomataStep:8:Transition:01001110001001000100111011001010010001101010011011100010111011101100100001100000011010101000010001101010110011000100010011001100000011000100010011100000110001101100110001101110010001001100011011100100110010101010111001100100001001100000011000001100110001101100111001100100110011000100110011000100111001000110111011101010110001100100111000000110110001001010111011101100010001001100111001000000000011001110110011101100010001001000110001001100101001100100110000000000000011101100011011001100100001000100010011101110
000000000000000000000
000000000000000000000
001010101010101010100
000010101010101010000
001010000000100010100
000000011101011010000
001011100000100010100
000011110000011100000
001010111011100110100
000000010000011010000
001011001011000010100
000011101010010000000
001010000101011010100
000000101011011110000
001010000110010010100
000010011110100100000
001011101111111010100
000011111111111110000
001010101010101010100
000000000000000000000
000000000000000000000
#
It:59:Diff:134:PSOStep:8:Time:4.42311384:s:AutomataStep:8:Transition:01001100011001100100111000000100101010101010101000100110111001001010110010100100111011000010010011001000010011100100010011000000101000100010101011100010011011101100001001001110010010101110100011100100100010001010001010100100100000001100010011100000000010101110111001001010000010000110110001000100111001001010111011101110010011001000111011000100100001000100111011100100110000101110000001101110101011101110101011101000010001001110111001000100011001001010111001000100111011101110010011101110011001000100101011101100
000000000000000000000
000000000000000000000
001010101010101010100
000000100010001000100
000010000001111111000
000010111011001101100
000110000101100101100
000011100010110110000
000000010100110101100
000011011011110001100
000101011100000100000
000010000110001110100
000011101011010010000
000000000111010110100
000111010011011000100
000011101110101110000
000001110111011101000
000010001000100010000
001110111011101110100
000000000000000000000
000000000000000000000
#
It:88:Diff:128:PSOStep:8:Time:6.376769282:s:AutomataStep:8:Transition:01001110111001000100111010100010010011100010111000000100111000001110100011100100010001101110010011100000100011101110010010101110000001100100011011001110010011101010111010101110111001001000111011100100010010100000111001000010101011100010010010001100111001001010111000001010000011100100101011101110111001001110000010001110110001001010111000101010111001001010000000101010010011100100111001100100100011101110010011101110010010101110111001100100001000100100010010000100111011101000110001100000101001000100111000001110
000000000000000000000
000000000000000000000
001010101010101010100
001010101010101010000
001000110011001100100
001010111010110110000
001001010001001110100
001011100100001110000
001011010000100000100
001000111001011110000
001000001001110110100
001010100001110010000
001010101000100000100
001010000111100110000
001010000011111110100
001000111110100010000
001000111100001000100
001101010101001110000
001010101010101010100
000000000000000000000
000000000000000000000
#
It:169:Diff:125:PSOStep:8:Time:11.613235983:s:AutomataStep:8:Transition:01001110000001000100111001000010101011100110110000000000000011001110010001000100101010100100010011101010100011100110010010101110010000001100010011100100010011100100100000001110010001000100111011100100010011000110011001000000110011100010101010001000111001001010111001000100110000001010101011001000111001001100101010101110111001000110111011100100011001001110110011100100010011000100111010100000010011001110101011100000010010001110111001000000111011000000100001000100110000000100110010000100010001000100110001000000
000000000000000000000
000000000000000000000
001010101010101010100
000010101010101010100
001011011011011111100
000011111011100011100
001010110101101011100
000010011010011011100
001010100011101011100
000010000101010000100
001010100001110010100
000010100110010011100
001010111110001000100
000010001111111110100
001010110000010111100
000010100011000100100
001011000010111010100
000011110111011101100
001010101010101010100
000000000000000000000
000000000000000000000
#
It:229:Diff:122:PSOStep:8:Time:15.757229734:s:AutomataStep:8:Transition:01001110100001000100111001000000111011100100110011100000111011101110010001000100001001100100010011101110010011100100010000101110010011101000010011101000010011100100010011101110100001000100111011100100010011100100101001000110001011100010001001001010111001001100111001000100111010000000111011101000111001001000110000101110111001000100111011100100011001001010101011100100010010100100111011101110010001101110111011100100010001101110111010001010111000000000001011000100111000000100000001100100010001000100001011000000
000000000000000000000
000000000000000000000
001010101010101010100
000010101010101010100
001101111111111111100
001011101111010011100
001011000100011011100
001001000101000000100
001100100100101110100
001001110001000111100
001000100100001100100
001011100100111010100
001110000011010001100
001001101111110010100
001011100111110111100
001011011100001000100
001100100010100110100
000110011001101101100
001010101010101010100
000000000000000000000
000000000000000000000
#
It:243:Diff:118:PSOStep:8:Time:16.668433409:s:AutomataStep:8:Transition:01001110110001000100111011000100110011000100111011001100111000101100010011001100110010001100001000101100110011101100010001001110010011001110100011001100000011100010000011000000010001000100110011101000110010000110111011001000010011001010110001101100111011001100111001001010000011001110010011001100111011001100110001001110110001000100111011100110101001000110110011001100010011001100111011001100010010001110110011101100110010101100111001000100110011000100011010100100110011001100001000000010010011000100010011000000
000000000000000000000
000000000000000000000
001010101010101010100
001010101010101010100
001010101010101010100
001010101111101010100
001010101010101010100
001010101101001010100
001010101111001010100
001010111101001010100
001010101001101010100
001010101001010010100
001010101100000010100
001011101111111010100
001010100000111010100
001011011101010100100
001011111010101010100
001111111111111111100
001010101010101010100
000000000000000000000
000000000000000000000
#
It:366:Diff:116:PSOStep:8:Time:24.737282094:s:AutomataStep:8:Transition:01001110111000000100111011001100010011100010001011100110101001101100010011100110010010101110010011000100111010000100010000001110011011001000010001101010011010100100010001001110001000000100100011100000011010000110011001101000010011001000101001101000101001001110111001100100111001000110010010100110111001000100010011001110110000001110111011100110000001101100111010000100101011100110111001000100011000101110110011101110010010101000111001000110111010000100101001000100111001000100010001000100011000000010110001000010
000000000000000000000
000000000000000000000
001010101010101010100
001000000000000000000
001110101101101011100
001000110110110001000
001011110011011110100
001111111100100010000
001111111000110110100
001000101110101010000
001000010000111110100
001101000101100010000
001100011110101110100
001011100001101110000
001001000100110000100
001111111111101011000
001111011101110111100
001010101010101010000
001010101010101010100
000000000000000000000
000000000000000000000
end
