PSO TRACE
INIT:../../instances/fazia/init.csv
REF:../../instances/fazia/asvn4.csv
DecodingPolicy:CPP
MutationPolicy:Null
ParticleNeighborhood:Fixed
ParticleDims:515
ParticleCount:100
AccP:2.0
AccG:2.0
AccL:1.5
AccI:2.3
Pos:0.0-3.0
Inertia:0.9-0.6
VeloMax:2.0
MaxPSOIteration:500
InertiaDecrFactor:6.000000000000001E-4
INIT
000000000000000000000
000000000000000000000
000000000000000000000
000000000000000000000
000000000000000000000
000000000000000000000
000000000000000000000
000000000000000000000
000000000000000000000
000000000000000000000
000000000010000000000
000000000000000000000
000000000000000000000
000000000000000000000
000000000000000000000
000000000000000000000
000000000000000000000
000000000000000000000
000000000000000000000
000000000000000000000
000000000000000000000
REF
000000000000000000000
000000000000000000000
000000000000000000000
000000000010000000000
000000000111000000000
000000001011100000000
000000011011110000000
000000101111111000000
000001100001111100000
000010110010101110000
000110111101110111000
000010110111111010000
000001111111111100000
000000101110101000000
000000011111110000000
000000001010100000000
000000000111000000000
000000000010000000000
000000000000000000000
000000000000000000000
000000000000000000000
Classic CPP Decoder
0 :1,2,3,4,
1 :0,2,3,4,
2 :0,1,3,4,
3 :0,1,2,4,
4 :0,1,2,3,
5 :6,7,8,9,
6 :5,7,8,9,
7 :5,6,8,9,
8 :5,6,7,9,
9 :5,6,7,8,
10 :11,12,13,14,
11 :10,12,13,14,
12 :10,11,13,14,
13 :10,11,12,14,
14 :10,11,12,13,
15 :16,17,18,19,
16 :15,17,18,19,
17 :15,16,18,19,
18 :15,16,17,19,
19 :15,16,17,18,
20 :21,22,23,24,
21 :20,22,23,24,
22 :20,21,23,24,
23 :20,21,22,24,
24 :20,21,22,23,
25 :26,27,28,29,
26 :25,27,28,29,
27 :25,26,28,29,
28 :25,26,27,29,
29 :25,26,27,28,
30 :31,32,33,34,
31 :30,32,33,34,
32 :30,31,33,34,
33 :30,31,32,34,
34 :30,31,32,33,
35 :36,37,38,39,
36 :35,37,38,39,
37 :35,36,38,39,
38 :35,36,37,39,
39 :35,36,37,38,
40 :41,42,43,44,
41 :40,42,43,44,
42 :40,41,43,44,
43 :40,41,42,44,
44 :40,41,42,43,
45 :46,47,48,49,
46 :45,47,48,49,
47 :45,46,48,49,
48 :45,46,47,49,
49 :45,46,47,48,
50 :51,52,53,54,
51 :50,52,53,54,
52 :50,51,53,54,
53 :50,51,52,54,
54 :50,51,52,53,
55 :56,57,58,59,
56 :55,57,58,59,
57 :55,56,58,59,
58 :55,56,57,59,
59 :55,56,57,58,
60 :61,62,63,64,
61 :60,62,63,64,
62 :60,61,63,64,
63 :60,61,62,64,
64 :60,61,62,63,
65 :66,67,68,69,
66 :65,67,68,69,
67 :65,66,68,69,
68 :65,66,67,69,
69 :65,66,67,68,
70 :71,72,73,74,
71 :70,72,73,74,
72 :70,71,73,74,
73 :70,71,72,74,
74 :70,71,72,73,
75 :76,77,78,79,
76 :75,77,78,79,
77 :75,76,78,79,
78 :75,76,77,79,
79 :75,76,77,78,
80 :81,82,83,84,
81 :80,82,83,84,
82 :80,81,83,84,
83 :80,81,82,84,
84 :80,81,82,83,
85 :86,87,88,89,
86 :85,87,88,89,
87 :85,86,88,89,
88 :85,86,87,89,
89 :85,86,87,88,
90 :91,92,93,94,
91 :90,92,93,94,
92 :90,91,93,94,
93 :90,91,92,94,
94 :90,91,92,93,
95 :96,97,98,99,
96 :95,97,98,99,
97 :95,96,98,99,
98 :95,96,97,99,
99 :95,96,97,98,
#
It:0:Diff:53:PSOStep:4:Time:0.193886248:s:AutomataStep:4:Transition:01111111111111111111111110111110111100111011111111111110110011111111111111111010101111111011111110110111111111111111010010111011111111111011111111101011110100010111111100111011100111111111101111111111111110110010111111111111110001111011011110111111110101011111111011111101111110110011111111110010110101101111111111110110011111111000111110111111110111011011101101110011111110111110110011011111011111111111100111011110111111111011111111111111111011111111111101010110111110111010111011111111110111111111101111001111
000000000000000000000
000000000000000000000
000000000000000000000
000000000000000000000
000000000000000000000
000000000000000000000
000000111111111000000
000000111111110000000
000000111111110000000
000000111111110000000
000000111111111000000
000000111111111000000
000000111111110000000
000000111111111000000
000000111111111000000
000000000000000000000
000000000000000000000
000000000000000000000
000000000000000000000
000000000000000000000
000000000000000000000
#
It:8:Diff:51:PSOStep:4:Time:0.501280256:s:AutomataStep:4:Transition:01111111111110111111111111011010111100111111111111111111011101111111111111111110111111111111111110110111011111111111111010110101111111111111111111111111110100111111101110111011101111111111111111001111011110111010111111011111111001111111011110111111110101111111111111101101110110110011101111101111110101111110111111110110011111011000111111111111111111111011111101110111101101111111111011111111011011111011000111111111110101111011111111111111111011111111111111010111111110111010111111111111011111111111101111101111
000000000000000000000
000000000000000000000
000000000000000000000
000000000000000000000
000000000000000000000
000000000000000000000
000000111111111000000
000000111111110000000
000000111111111000000
000000111111111000000
000000111111111000000
000000111111110000000
000000111111111000000
000000111111111000000
000000111111111000000
000000000000000000000
000000000000000000000
000000000000000000000
000000000000000000000
000000000000000000000
000000000000000000000
#
It:19:Diff:49:PSOStep:7:Time:0.707654249:s:AutomataStep:7:Transition:00100011100110101000110100000010111101000111110100101010010010110111011101100111001011001101001111111101101011001110011000111100000001101011100101001000000011111001011110110100100100011101101110101100110000110001000100110101010000001100001011101000101110100000001000011101011000100011101000110100001000001010110110100101010111101111110100101101110100101110100100010010100101110100010010000100010001000011110101011100011101001010000011001110110010111110100000011100111100010111100001000000001010000011100000011011
000000000000000000000
000000000000000000000
000000000000000000000
000000000010000000000
000000000110000000000
000000000111100000000
000000001100110000000
000000111001000000000
000001100111011100000
000011000010111010000
000111101011000011000
000011100100011100000
000001111111010000000
000000110100001000000
000000011100010000000
000000001001000000000
000000000111000000000
000000000000000000000
000000000000000000000
000000000000000000000
000000000000000000000
#
It:21:Diff:38:PSOStep:7:Time:0.759778283:s:AutomataStep:7:Transition:00010011111111001101111111101011011111111111100101111110011001010111111011111110111111111111011110111111001110111101110110111110110111110110110101111011111111101101110001111101101111110111111110001111111110110111111001011101111111111111111111111111101011110110111001110101111111111100101111011111111101001011001111101101110111011010110011101101101111111111101001111011101101111110110001110110010011101011100111011100110011011011101110011101111010111111111011010110001110011001110101011000111111001101101011110111
000000000000000000000
000000000000000000000
000000000000000000000
000000000000000000000
000000000110000000000
000000001101000000000
000000011111100000000
000000111110110000000
000001111001111000000
000011111101111100000
000111011111111110000
000010111111111110000
000001111111111100000
000000110100011000000
000000011100110000000
000000001101100000000
000000000101000000000
000000000010000000000
000000000000000000000
000000000000000000000
000000000000000000000
#
It:46:Diff:31:PSOStep:7:Time:1.256772817:s:AutomataStep:7:Transition:00110111110101111101101111001011111111100111110111001110010011110111111111111110111111111011011110111111111111001111110110111110011101011010110101111010111111111101010101111101111111010101111110001111111110110011111111011101111001010111010111110111100001110000011011111101111111111111101111011011110101111011111011111101110111001010111011111101111111110110111000111111101100111111110011111111001001011011100111010111111111011010111111011111011011111111111111001111111110011101110000000101110111111111101011011111
000000000000000000000
000000000000000000000
000000000000000000000
000000000010000000000
000000000111000000000
000000001111100000000
000000011101110000000
000000111111011000000
000001111011111100000
000000111101010110000
000111111111011111000
000011111111111110000
000001110111011100000
000000111111111000000
000000011111110000000
000000001111100000000
000000000111000000000
000000000000000000000
000000000000000000000
000000000000000000000
000000000000000000000
#
It:69:Diff:29:PSOStep:7:Time:1.695349605:s:AutomataStep:7:Transition:00110011100111111101111111101110111111101101110111101111011111010111111111111111111111101001111110111111101111001111110111111111011111111011110111011110111111111101110101101101011101001101111111011011111111110011110100011101111011100011010111111111101001110000001011111110111110111111101001011011111101011000110101110101110111011111111111111101111111110110111000111101001111011110101011111110111101011011100111010110111101011010101111111011111001111011001011101111111111011101111001010110010101111111111001110111
000000000000000000000
000000000000000000000
000000000000000000000
000000000010000000000
000000000111000000000
000000001111100000000
000000001011110000000
000000100101111000000
000000111111111100000
000001011011011110000
000111111111111111000
000011110111111110000
000001111111111100000
000000110111111000000
000000011111110000000
000000001101100000000
000000000111000000000
000000000000000000000
000000000000000000000
000000000000000000000
000000000000000000000
#
It:73:Diff:27:PSOStep:7:Time:1.778700507:s:AutomataStep:7:Transition:00110111101111111101101111101110111111101101110101101111010011110111111011111111111111111001111110111111111111001111110111111111111111011010110111111110111111111101010101101101111111011110111110001111111110110011111110011101101011110111010111111111111001110000011111111100111111111101101111011111110101111011111011111101110111011110111110101101111111110111111000110111101111111111101011011110011101010011100110010111111111011010111111011110011010111111111111101111111110011101111100000111000111111111101011011111
000000000000000000000
000000000000000000000
000000000000000000000
000000000010000000000
000000000111000000000
000000001111100000000
000000011111110000000
000000111110111000000
000001110111110100000
000011011011010010000
000111111101111111000
000010111110101110000
000001111111111100000
000000101111111000000
000000011111110000000
000000001101100000000
000000000111000000000
000000000010000000000
000000000000000000000
000000000000000000000
000000000000000000000
#
It:90:Diff:25:PSOStep:7:Time:2.085334062:s:AutomataStep:7:Transition:00110111100111110101101110111110111110101100110101001111011011010111111111111111111111111001011110111111111111101111110111111111111111111010110110111110111111111101111111101101111111111110111111001011111110110011110110011111101011111111110111111111111001110001111011111110111111111101101111011111110101111011100111011101110111011010111110101101111110110111011010111101001111111111100011111111011101000011110110011111111111011010111111111011111010111011111111101110100111110101111110000101110111111111111111010111
000000000000000000000
000000000000000000000
000000000000000000000
000000000010000000000
000000000111000000000
000000001111100000000
000000010011110000000
000000111111111000000
000001001111111100000
000011110111111110000
000100110111111111000
000011110111111110000
000001011001111100000
000000111111111000000
000000010111110000000
000000001011100000000
000000000111000000000
000000000010000000000
000000000000000000000
000000000000000000000
000000000000000000000
#
It:103:Diff:22:PSOStep:7:Time:2.345662427:s:AutomataStep:7:Transition:00110101100111111111011111001111101101101101111111111111011111110111111111111110111111101111011110111111111111111111010110111110110111111011110111111110111111101001111011111011111110111111111110101101111110110111111111110101101011111001101001110111101101110001111111111101101111100101111101111111110100111101111111111101111111001001111100101111111110110111101110101111100101111111111011111111011111111011110111001111111101111011111111011101111001101011111111101110101111110110111111010101110111111111101111011111
000000000000000000000
000000000000000000000
000000000000000000000
000000000010000000000
000000000111000000000
000000001111100000000
000000011111110000000
000000111111111000000
000001111101111100000
000011111110101110000
000111111111111111000
000011111111110110000
000001110010111100000
000000111111101000000
000000011111110000000
000000001110100000000
000000000111000000000
000000000010000000000
000000000000000000000
000000000000000000000
000000000000000000000
#
It:107:Diff:20:PSOStep:7:Time:2.41973102:s:AutomataStep:7:Transition:00110111101111111101111111101001111111100111111111101111000101110111111111111110111111011010111110111110111111101111100111111110111111111010111111111011111111111101110111111111111111111111111010000111111110110111111110011101111011011111010011110111110001110001111101111100111111110101101111011011010100111111111111111111110111011100110110101111101110011111111101110111000100111111101001111011011101010011110110101111100111011010111111111010111011011011101111001100111101110011111010000101110111111111111111001111
000000000000000000000
000000000000000000000
000000000000000000000
000000000010000000000
000000000111000000000
000000001111100000000
000000011111110000000
000000111101111000000
000001110101111100000
000011110111101110000
000111111011111111000
000010111111010010000
000001011111111100000
000000101101111000000
000000011111110000000
000000001010100000000
000000000111000000000
000000000010000000000
000000000000000000000
000000000000000000000
000000000000000000000
#
It:168:Diff:19:PSOStep:7:Time:3.617517265:s:AutomataStep:7:Transition:00110111101111101100111111100011110111100111111011101110000101110011110101111110111111011011011110111110111110001111100000111110111111011010111111111010011111111101011011101111111110101101111110100111011110110000111110011101111011011111010011110101010011110001111111111110101111100111111111011011010100101111111101110111110111011110110110101111101100111111111101110111000100111111101001110011011001010011010110001111101111010011111111111010111011011010101110001100001011110111101000000101110101111011100111001111
000000000000000000000
000000000000000000000
000000000000000000000
000000000010000000000
000000000111000000000
000000001111100000000
000000011111110000000
000000111111111000000
000001100000111100000
000010110111111110000
000111111110101111000
000010101101111010000
000001111101110100000
000000101110101000000
000000011101110000000
000000001011100000000
000000000111000000000
000000000010000000000
000000000000000000000
000000000000000000000
000000000000000000000
#
It:276:Diff:17:PSOStep:7:Time:5.76440129:s:AutomataStep:7:Transition:00110011101111101100111111000011110111100111111111101110000100010011110101111111111111011011011110111110111110001011100010101110111111011010111111111010011111111101011011101111111110101101111110100111011110110000111110011101111011011111000010110101110011110001111111111110101101100111111111001001110100101111111101110111110101010110110100101111101100111111101010010111000100111111100001110011011001010011010100000111101101011011111111111010101011011100101110000100001011110111111000000101110101111111100011001111
000000000000000000000
000000000000000000000
000000000000000000000
000000000010000000000
000000000111000000000
000000001111100000000
000000011111110000000
000000111111111000000
000001100000111100000
000010110110110110000
000111111110010111000
000010100111111010000
000001111100111100000
000000101111101000000
000000011111010000000
000000001011100000000
000000000111000000000
000000000010000000000
000000000000000000000
000000000000000000000
000000000000000000000
#
It:335:Diff:16:PSOStep:7:Time:6.902541353:s:AutomataStep:7:Transition:00110011101111101100111111100001110111100111111111101110000101010011110111111110111111011011011110111110111110001011100000101110111111011010111111111010011111111000010011101111111110101101111110100111011110110000111110011101111011011111010010110101110011110001111111111110101111100111111111001011110100101111111101110111110111010100110110101111101100111111101010010111000100111111101001110011011001000011010110000111101101011011011111111010111011011000101110000100001011110111111000000101110101111011100011000111
000000000000000000000
000000000000000000000
000000000000000000000
000000000010000000000
000000000111000000000
000000001111100000000
000000011111110000000
000000111111111000000
000001100000111100000
000010110110011110000
000111111110110111000
000010100011111010000
000001111111111100000
000000101101101000000
000000011111010000000
000000001011100000000
000000000111000000000
000000000010000000000
000000000000000000000
000000000000000000000
000000000000000000000
#
It:443:Diff:14:PSOStep:7:Time:8.975630914:s:AutomataStep:7:Transition:00110011101111101100111111100001110111100111111111101110000101010011110101111110111111011001011110111110111110001011100000101110111111011010111111111010011111111100011011101111111110101101111110100111011110110001111110011101111011011111000010110101110011110001111111111110101101100111111111001011110100101111111101110111110111010100110110101111101100111011101010010111000100111111101001110011011001000011010110000111101101011011011111111010111011011000101110000100001011110111111000000101110101111111100011001111
000000000000000000000
000000000000000000000
000000000000000000000
000000000010000000000
000000000111000000000
000000001111100000000
000000011111110000000
000000111111111000000
000001100000111100000
000010110110111110000
000111111110110111000
000010100011111010000
000001111111111100000
000000101111101000000
000000011111010000000
000000001011100000000
000000000111000000000
000000000010000000000
000000000000000000000
000000000000000000000
000000000000000000000
end
