PSO TRACE
INIT:../../instances/fazia/init.csv
REF:../../instances/fazia/asvn4.csv
DecodingPolicy:CPP
MutationPolicy:Null
ParticleNeighborhood:Fixed
ParticleDims:515
ParticleCount:100
AccP:2.0
AccG:2.0
AccL:1.5
AccI:2.3
Pos:0.0-3.0
Inertia:0.9-0.6
VeloMax:2.0
MaxPSOIteration:500
InertiaDecrFactor:6.000000000000001E-4
INIT
000000000000000000000
000000000000000000000
000000000000000000000
000000000000000000000
000000000000000000000
000000000000000000000
000000000000000000000
000000000000000000000
000000000000000000000
000000000000000000000
000000000010000000000
000000000000000000000
000000000000000000000
000000000000000000000
000000000000000000000
000000000000000000000
000000000000000000000
000000000000000000000
000000000000000000000
000000000000000000000
000000000000000000000
REF
000000000000000000000
000000000000000000000
000000000000000000000
000000000010000000000
000000000111000000000
000000001011100000000
000000011011110000000
000000101111111000000
000001100001111100000
000010110010101110000
000110111101110111000
000010110111111010000
000001111111111100000
000000101110101000000
000000011111110000000
000000001010100000000
000000000111000000000
000000000010000000000
000000000000000000000
000000000000000000000
000000000000000000000
Classic CPP Decoder
0 :1,2,3,4,
1 :0,2,3,4,
2 :0,1,3,4,
3 :0,1,2,4,
4 :0,1,2,3,
5 :6,7,8,9,
6 :5,7,8,9,
7 :5,6,8,9,
8 :5,6,7,9,
9 :5,6,7,8,
10 :11,12,13,14,
11 :10,12,13,14,
12 :10,11,13,14,
13 :10,11,12,14,
14 :10,11,12,13,
15 :16,17,18,19,
16 :15,17,18,19,
17 :15,16,18,19,
18 :15,16,17,19,
19 :15,16,17,18,
20 :21,22,23,24,
21 :20,22,23,24,
22 :20,21,23,24,
23 :20,21,22,24,
24 :20,21,22,23,
25 :26,27,28,29,
26 :25,27,28,29,
27 :25,26,28,29,
28 :25,26,27,29,
29 :25,26,27,28,
30 :31,32,33,34,
31 :30,32,33,34,
32 :30,31,33,34,
33 :30,31,32,34,
34 :30,31,32,33,
35 :36,37,38,39,
36 :35,37,38,39,
37 :35,36,38,39,
38 :35,36,37,39,
39 :35,36,37,38,
40 :41,42,43,44,
41 :40,42,43,44,
42 :40,41,43,44,
43 :40,41,42,44,
44 :40,41,42,43,
45 :46,47,48,49,
46 :45,47,48,49,
47 :45,46,48,49,
48 :45,46,47,49,
49 :45,46,47,48,
50 :51,52,53,54,
51 :50,52,53,54,
52 :50,51,53,54,
53 :50,51,52,54,
54 :50,51,52,53,
55 :56,57,58,59,
56 :55,57,58,59,
57 :55,56,58,59,
58 :55,56,57,59,
59 :55,56,57,58,
60 :61,62,63,64,
61 :60,62,63,64,
62 :60,61,63,64,
63 :60,61,62,64,
64 :60,61,62,63,
65 :66,67,68,69,
66 :65,67,68,69,
67 :65,66,68,69,
68 :65,66,67,69,
69 :65,66,67,68,
70 :71,72,73,74,
71 :70,72,73,74,
72 :70,71,73,74,
73 :70,71,72,74,
74 :70,71,72,73,
75 :76,77,78,79,
76 :75,77,78,79,
77 :75,76,78,79,
78 :75,76,77,79,
79 :75,76,77,78,
80 :81,82,83,84,
81 :80,82,83,84,
82 :80,81,83,84,
83 :80,81,82,84,
84 :80,81,82,83,
85 :86,87,88,89,
86 :85,87,88,89,
87 :85,86,88,89,
88 :85,86,87,89,
89 :85,86,87,88,
90 :91,92,93,94,
91 :90,92,93,94,
92 :90,91,93,94,
93 :90,91,92,94,
94 :90,91,92,93,
95 :96,97,98,99,
96 :95,97,98,99,
97 :95,96,98,99,
98 :95,96,97,99,
99 :95,96,97,98,
#
It:0:Diff:69:PSOStep:6:Time:0.146929426:s:AutomataStep:6:Transition:00100001010101011110000110000101111110101011101001001010010011111101110111111010111101100000100110111110110101101101010001100100100011101001111010110101111010101011010111111011011110111110110111010101111101101101110111111111000110101111001110010110111101110000011101100101001010111010010011010110101111010110000111010111100111010100110110010011100011011010110110001111010110111101101111111011111011001110101110110110111011111101000111001111111101111111011100011001101110100101111111010111011000110101110101010110
000000000000000000000
000000000000000000000
000000000000000000000
000000000000000000000
000000000010000000000
000000000001000000000
000000001110100000000
000000001011110000000
000000001110011000000
000001100110010100000
000001010111001010000
000001101111111100000
000001110010111000000
000001001110110000000
000001111111100000000
000000111111000000000
000011111110000000000
000000000000000000000
000000000000000000000
000000000000000000000
000000000000000000000
#
It:1:Diff:49:PSOStep:7:Time:0.209356613:s:AutomataStep:7:Transition:00110011111101001100100111110011011110011011101001011000111110110001111111101001111111110100110011111110100111111101110001101001000001101001100011110101101110100111011111111010001010110110110111100101001101110111110011111111010100101111001110000110111001111101011101100111011111111011101011111110111110010100000111101111110001011100011111110100110011111111100101111111010110111111101111101111111010011110101100111110111111011111000111001111111111111110111100111100011111111111000111100111111011011101110111011111
000000000000000000000
000000000000000000000
000000000000000000000
000000000010000000000
000000000101000000000
000000001101100000000
000000011010100000000
000000111001001000000
000001101011001000000
000010111101111010000
000110111011111110000
000001111111111010000
000000001000111110000
000000001111101000000
000000011011110000000
000000001111111100000
000000000111111010000
000000000000000001000
000000000000000000000
000000000000000000000
000000000000000000000
#
It:2:Diff:45:PSOStep:7:Time:0.250322281:s:AutomataStep:7:Transition:00110001010100101111101110011110111110111011101011011010001110111111111111101101111101111111110010111110110110101111111111100101000011101011111010111101111111101111011111110010011011111110101111000011101101111111110011111011101101101111001100101110111101110100011111001111000111110010110010110111001110011111010111111110110100010101110111100001111111010110110111111111011111111110101011111110111011001110101100111110111101101111100111101111111001111111011000111101100110111110101001110011111011111101110111111011
000000000000000000000
000000000000000000000
000000000000000000000
000000000010000000000
000000000111000000000
000000001001100000000
000000010100110000000
000000010111111000000
000001100111111100000
000011100111111110000
000011111101111101000
000011111011111110000
000011111111111100000
000011111111111000000
000011111111110000000
000011111111100000000
000011111111000000000
000100000000000000000
000000000000000000000
000000000000000000000
000000000000000000000
#
It:6:Diff:41:PSOStep:7:Time:0.338815153:s:AutomataStep:7:Transition:00110111011111111011111111010111010111101111100011001001111111110011110110011011111111111111100110011110110110100110110101101101010101110010101011101001111111100110000110011011101110110110111111110011111001110110111001111111001111100111001011000110111011100100111001110101001110010010010011110111011111101110111111111110100110010100111011110001110111111111100111111011111111011111101111111111011101011110101110111110011011110111100111011011101001111000111101111101000111111101000001111111011011101101111011110111
000000000000000000000
000000000000000000000
000000000000000000000
000000000010000000000
000000000111000000000
000000001111100000000
000000010011110000000
000000110011111000000
000001111011110100000
000011111010111110000
000010111101110110000
000001111010111100000
000000111011100000000
000000011111100000000
000000001011100000000
000000000111000000000
000000000000000000000
000000000000000000000
000000000000000000000
000000000000000000000
000000000000000000000
#
It:9:Diff:34:PSOStep:7:Time:0.401623555:s:AutomataStep:7:Transition:00110011011110111110111111011100010111101011101001001011111111010111101111011011111111111101110111111110101110100110111101100111110001100000111001011101101111111110011110011010111110110110110111100001111111110100111011011010001111110101001110010110111001100101011111100101001100111010100011111100111110100101011111101110110101010101111111110000110111111111100001110111011110111110101111110110111111010110101110111110111011110010100110000101101011110110101101111100001111111011011111101111011010001101111010111011
000000000000000000000
000000000000000000000
000000000000000000000
000000000010000000000
000000000111000000000
000000001111100000000
000000011011110000000
000000111010011000000
000001101101111000000
000011011000111110000
000011110010001110000
000011110111111010000
000001111111011100000
000000111010011000000
000000010101110000000
000000001111100000000
000000000011000000000
000000000010000000000
000000000000000000000
000000000000000000000
000000000000000000000
#
It:11:Diff:30:PSOStep:7:Time:0.448681011:s:AutomataStep:7:Transition:00100111011111111111111100011010100111111101111001010010001110110111101111111011111111101101100111111110100111100111111111110111101011101010111001011101101111111110011111011010111110110110101011110101111111111101111011011010101111111111001110001110111011110111011111000111011111111010110010111111101111100101111011111111110101010101111111111001110111111111010101110111010100111110101111110110111111000100111100111010111011111111001110010111101011111111111101111100111111111011111101110110111010001101111011111111
000000000000000000000
000000000000000000000
000000000000000000000
000000000010000000000
000000000111000000000
000000001100100000000
000000011111110000000
000000111101001000000
000001110011111100000
000011111101100010000
000011111111111111000
000011111111111110000
000001111111111100000
000000111111111000000
000000011101110000000
000000001111100000000
000000000111000000000
000000000010000000000
000000000000000000000
000000000000000000000
000000000000000000000
#
It:16:Diff:28:PSOStep:7:Time:0.571370927:s:AutomataStep:7:Transition:00110111010111111111111101011010101111111101111001101011101111110111101111101011111111101101100111111110001101100110111111111111101111101101111001011101101111111110111111110010111110110110111111110101111111111101111111011010001111111111001111011111111010110011011111101111011101110010100111101011111111100111101001111111111101010111111111011001110111111110010101110111010100111100101111110110111111010100111110111000111011111111101110010111101011111111111111111110101110111011111111110111111010001101011111111111
000000000000000000000
000000000000000000000
000000000000000000000
000000000010000000000
000000000111000000000
000000001110100000000
000000011111110000000
000000111111111000000
000001111111000100000
000011111111111010000
000011111111111111000
000011111111111010000
000001011111110100000
000000111100101000000
000000011111110000000
000000001110100000000
000000000111000000000
000000000010000000000
000000000000000000000
000000000000000000000
000000000000000000000
#
It:19:Diff:27:PSOStep:7:Time:0.645145237:s:AutomataStep:7:Transition:00110110010111111111101101010010100111001111111011010010001110100101111111100101111110101111110111111100100111110101111111010111101101101010111001111111001111011010111111110010011011110110111101101011101111101010111011011000111111111111101101111010111101110011001111001111010111101011110011101011111101111101101001011111110101100001011011011101010111110111010110111111011111111100101100110110110111000100111100111000111010101101001111010111101101111101110101111100111110011111011111100111111011011101111011110111
000000000000000000000
000000000000000000000
000000000000000000000
000000000010000000000
000000000111000000000
000000001111100000000
000000011111110000000
000000111111111000000
000001111111110100000
000011111110110110000
000011110101101101000
000011111111111110000
000001111111111100000
000000111111111000000
000000011111110000000
000000001111100000000
000000000111000000000
000000000010000000000
000000000000000000000
000000000000000000000
000000000000000000000
#
It:22:Diff:25:PSOStep:7:Time:0.730851897:s:AutomataStep:7:Transition:00100111011111101111101100011110101111001111111001011011111110110011111111101101111110101111110111101110100111101110111111010101101101101010111001011110111111111011111111110010011110010110101101111011101111101111111011011110111111111111101100011110111111110111011111001111011111111011100011111011110111011100101111011111100101100001011011011101010111110110010111111111011101111100101110111110111111000100111100111100111011011101001110010111101000111111111101111101111110111111011111101111101011011101011011111111
000000000000000000000
000000000000000000000
000000000000000000000
000000000010000000000
000000000111000000000
000000001111100000000
000000011111110000000
000000111111111000000
000001111111011100000
000011111111011110000
000011111101111111000
000011111111111010000
000001111111101100000
000000110111101000000
000000010111110000000
000000001110100000000
000000000111000000000
000000000010000000000
000000000000000000000
000000000000000000000
000000000000000000000
#
It:29:Diff:24:PSOStep:7:Time:0.904544549:s:AutomataStep:7:Transition:00110111011111111111101111011111100111001001111011001011101010110110111111101011111111100111000111111110110111100110111111010111100101101010111000011100001011111011111111010010110111010110101101010111101101101111111111011111101111111111101100001011110001110010001100001111011101111010100011111011011011010101101101011111100101000001011111011001011111001010010111111111010111111111101111111110110111010100101110111011111011001101100111011011101000111111110101011100111111111111001111101110101010001111111111111111
000000000000000000000
000000000000000000000
000000000000000000000
000000000010000000000
000000000111000000000
000000001111100000000
000000011111110000000
000000111111111000000
000001111111110100000
000011111111101110000
000011111111111111000
000011111111111110000
000001111111111100000
000000111111111000000
000000011111110000000
000000001111100000000
000000000111000000000
000000000010000000000
000000000000000000000
000000000000000000000
000000000000000000000
#
It:30:Diff:23:PSOStep:7:Time:0.935938123:s:AutomataStep:7:Transition:00110111011111111111111111011111100111011011101011101011101011110110101111110011111111111111110011111111100111100110011111011110100101101001111000011100001111111111111111110110111111011110101101110111101111111101111111011011101111111111101110011111110101110110001111001111010101111010100111011011011111110101111001011111100101101001111111111001011111011010010101111111001101111110101111111110111111010100101110111011111011101101100111011111101101111110111101111110111111111111011111100111111010101111111111111111
000000000000000000000
000000000000000000000
000000000000000000000
000000000010000000000
000000000111000000000
000000001111100000000
000000011111110000000
000000111111111000000
000001101111111100000
000011111111111110000
000011111111111111000
000011111111111110000
000001111111111100000
000000111111111000000
000000011111110000000
000000001111100000000
000000000111000000000
000000000010000000000
000000000000000000000
000000000000000000000
000000000000000000000
#
It:48:Diff:21:PSOStep:7:Time:1.322627816:s:AutomataStep:7:Transition:00110111011110111111111111010111100111011111101001101011001111110110111111110011111111110000100011111111101111100110011111011111101101101001111001001101011111111111111001110110011111011110111101100011101111111101110011011011101110100111101000010110110001110111111111001111010101111010100111111011111111110101111111111111100100000101111111111001011011011111010101110011001101011110111111111110111101010100111110111001111111111111101110010111001001111111011101110110111111111100111111101111111010101101110111111011
000000000000000000000
000000000000000000000
000000000000000000000
000000000010000000000
000000000111000000000
000000001011100000000
000000011111110000000
000000111111111000000
000001110101111100000
000010111101111110000
000011111111111111000
000011111111111110000
000001111111111100000
000000111111111000000
000000011111110000000
000000001111100000000
000000000111000000000
000000000010000000000
000000000000000000000
000000000000000000000
000000000000000000000
#
It:60:Diff:20:PSOStep:7:Time:1.572943759:s:AutomataStep:7:Transition:00110111011110111111111101010111100111011111101011001011001111110110111111110010111110110000110001111110101111110110011101011110101101101101111000011101011011111111111111111010111111011110101111000111101111011001110011011011100101110111100110001111110001110111111011001111010101111010110101011011111111111101111101011111100101010001111111111001011111011111010100110011001101111110111111111110111101010100111100111011101111111011001111011111101001110111011101111101111010111100111111100011111011101101110101110111
000000000000000000000
000000000000000000000
000000000000000000000
000000000010000000000
000000000111000000000
000000001011100000000
000000011011110000000
000000101111111000000
000001111001111100000
000010010111111110000
000011011111111111000
000011111011111110000
000001101111111100000
000000101111111000000
000000011111110000000
000000001111100000000
000000000111000000000
000000000010000000000
000000000000000000000
000000000000000000000
000000000000000000000
#
It:109:Diff:18:PSOStep:7:Time:2.550019754:s:AutomataStep:7:Transition:00110110011101011100111101011110101111111111101011100010001011110010101111111011101010110111110101101110100111111110011111011100101101001010110101011101011111111011011111111010011111010111101101100011101111101111110011011000100111110011101100100111111011110010111111000101110110111001100011011111111111111101010101110111110100110111101111100000011011010111010100110010001101111100101111101110111101010000111001111001101111111010001111010110101001110101101101111111011111111111111101111101111011111101110101111111
000000000000000000000
000000000000000000000
000000000000000000000
000000000010000000000
000000000111000000000
000000001111100000000
000000011011110000000
000000110111111000000
000001110011111100000
000010111111111110000
000011111111111111000
000011111111111010000
000001111111111100000
000000111110101000000
000000011111110000000
000000001110100000000
000000000101000000000
000000000010000000000
000000000000000000000
000000000000000000000
000000000000000000000
#
It:297:Diff:17:PSOStep:7:Time:6.43951612:s:AutomataStep:7:Transition:00110110011101111000111101010110111111101011111011111010101011110110101111101111101010111111110101101110101101111110111111011100101101001010111001011001011111111011111111111010011111010111101111100011101111101111110111011000000111101011101100100111111011110110111111011111110110111011110111011111111110111101010101111111010001110111101111111000011111011010110101110010001001111110101111101111111101010000111100110011101111111100001111010101101001110110000101111111111110111111101101111101001011111111110111111111
000000000000000000000
000000000000000000000
000000000000000000000
000000000010000000000
000000000111000000000
000000001111100000000
000000011011110000000
000000110111111000000
000001110011111100000
000010111111111110000
000011111111111111000
000011111111111010000
000001111111111100000
000000111110101000000
000000011111110000000
000000001110100000000
000000000111000000000
000000000010000000000
000000000000000000000
000000000000000000000
000000000000000000000
#
It:345:Diff:16:PSOStep:7:Time:7.411696073:s:AutomataStep:7:Transition:00100110011101111100111101011110111111111011111111101010101111100010101111111011101010111111110101101101111001111110111111011100101101000010101001011101111111111011111111111010011010010011101111101111111111111111110111011000101111101111101110100111111011110010111110010111110110111010100111011010011111111100010101111111110001110111101111100001111011010010100101111110001001111110101111111111111111010000111001111011110011111100101111010110101101111010001101111111111110111111111111111101011011111101110111110111
000000000000000000000
000000000000000000000
000000000000000000000
000000000010000000000
000000000111000000000
000000001111100000000
000000011011110000000
000000110111111000000
000001100011111100000
000010111111111110000
000011111111111111000
000011111111111010000
000001111111111100000
000000111110101000000
000000011111110000000
000000001110100000000
000000000111000000000
000000000010000000000
000000000000000000000
000000000000000000000
000000000000000000000
end
