PSO TRACE
INIT:../../instances/fazia/init.csv
REF:../../instances/fazia/asvn4.csv
DecodingPolicy:CPP
MutationPolicy:Null
ParticleNeighborhood:Fixed
ParticleDims:515
ParticleCount:100
AccP:2.0
AccG:2.0
AccL:1.5
AccI:2.3
Pos:0.0-3.0
Inertia:0.9-0.6
VeloMax:2.0
MaxPSOIteration:500
InertiaDecrFactor:6.000000000000001E-4
INIT
000000000000000000000
000000000000000000000
000000000000000000000
000000000000000000000
000000000000000000000
000000000000000000000
000000000000000000000
000000000000000000000
000000000000000000000
000000000000000000000
000000000010000000000
000000000000000000000
000000000000000000000
000000000000000000000
000000000000000000000
000000000000000000000
000000000000000000000
000000000000000000000
000000000000000000000
000000000000000000000
000000000000000000000
REF
000000000000000000000
000000000000000000000
000000000000000000000
000000000010000000000
000000000111000000000
000000001011100000000
000000011011110000000
000000101111111000000
000001100001111100000
000010110010101110000
000110111101110111000
000010110111111010000
000001111111111100000
000000101110101000000
000000011111110000000
000000001010100000000
000000000111000000000
000000000010000000000
000000000000000000000
000000000000000000000
000000000000000000000
Classic CPP Decoder
0 :1,2,3,4,
1 :0,2,3,4,
2 :0,1,3,4,
3 :0,1,2,4,
4 :0,1,2,3,
5 :6,7,8,9,
6 :5,7,8,9,
7 :5,6,8,9,
8 :5,6,7,9,
9 :5,6,7,8,
10 :11,12,13,14,
11 :10,12,13,14,
12 :10,11,13,14,
13 :10,11,12,14,
14 :10,11,12,13,
15 :16,17,18,19,
16 :15,17,18,19,
17 :15,16,18,19,
18 :15,16,17,19,
19 :15,16,17,18,
20 :21,22,23,24,
21 :20,22,23,24,
22 :20,21,23,24,
23 :20,21,22,24,
24 :20,21,22,23,
25 :26,27,28,29,
26 :25,27,28,29,
27 :25,26,28,29,
28 :25,26,27,29,
29 :25,26,27,28,
30 :31,32,33,34,
31 :30,32,33,34,
32 :30,31,33,34,
33 :30,31,32,34,
34 :30,31,32,33,
35 :36,37,38,39,
36 :35,37,38,39,
37 :35,36,38,39,
38 :35,36,37,39,
39 :35,36,37,38,
40 :41,42,43,44,
41 :40,42,43,44,
42 :40,41,43,44,
43 :40,41,42,44,
44 :40,41,42,43,
45 :46,47,48,49,
46 :45,47,48,49,
47 :45,46,48,49,
48 :45,46,47,49,
49 :45,46,47,48,
50 :51,52,53,54,
51 :50,52,53,54,
52 :50,51,53,54,
53 :50,51,52,54,
54 :50,51,52,53,
55 :56,57,58,59,
56 :55,57,58,59,
57 :55,56,58,59,
58 :55,56,57,59,
59 :55,56,57,58,
60 :61,62,63,64,
61 :60,62,63,64,
62 :60,61,63,64,
63 :60,61,62,64,
64 :60,61,62,63,
65 :66,67,68,69,
66 :65,67,68,69,
67 :65,66,68,69,
68 :65,66,67,69,
69 :65,66,67,68,
70 :71,72,73,74,
71 :70,72,73,74,
72 :70,71,73,74,
73 :70,71,72,74,
74 :70,71,72,73,
75 :76,77,78,79,
76 :75,77,78,79,
77 :75,76,78,79,
78 :75,76,77,79,
79 :75,76,77,78,
80 :81,82,83,84,
81 :80,82,83,84,
82 :80,81,83,84,
83 :80,81,82,84,
84 :80,81,82,83,
85 :86,87,88,89,
86 :85,87,88,89,
87 :85,86,88,89,
88 :85,86,87,89,
89 :85,86,87,88,
90 :91,92,93,94,
91 :90,92,93,94,
92 :90,91,93,94,
93 :90,91,92,94,
94 :90,91,92,93,
95 :96,97,98,99,
96 :95,97,98,99,
97 :95,96,98,99,
98 :95,96,97,99,
99 :95,96,97,98,
#
It:0:Diff:60:PSOStep:4:Time:0.12922843:s:AutomataStep:4:Transition:01111111100011111010111000101011101110110111111111101101000101111110100111011101110001101101110111111011111010001110100111111111111000010100101110100011111111011111110011110111111110101011101100011110101111110111100111100001110111111111111101111001011111101011001101110101110111101110000111101110111011111110111111110001110011111010101110000111010111101111111111000010110101101010011011001011001011011101011011011011100011110101011101010110010010111111001111010111011111110011111111111111110010101111111111110111
000000000000000000000
000000000000000000000
000000000000000000000
000000000000000000000
000000000000000000000
000000000000000000000
000000111111111000000
000000010001101000000
000000111111111000000
000000111011111000000
000000101001111000000
000000011111111000000
000000110100011000000
000000111010101000000
000000101110111000000
000000000000000000000
000000000000000000000
000000000000000000000
000000000000000000000
000000000000000000000
000000000000000000000
#
It:3:Diff:55:PSOStep:4:Time:0.307309055:s:AutomataStep:4:Transition:01111111110101111110111111111010101011110011111110111100011111111111101111101111111111011101101111111111111111011111111111111101111111011111011110110111111111111111110101110111111111101111111111011011111110111111110111111101111101111111111111110011110011101111011110110111111111111111110111110011111011111110111111010111111111111011111111111111110111111110101111011111111111111110011111111011111011111111111010011011111011111111011111110110111010111011011111011111111111010111101111011111101000111111111100111111
000000000000000000000
000000000000000000000
000000000000000000000
000000000000000000000
000000000000000000000
000000000000000000000
000000111111111000000
000000111111101000000
000000111111110000000
000000111111111000000
000000111111110000000
000000111111101000000
000000111111110000000
000000110000011000000
000000111111111000000
000000000000000000000
000000000000000000000
000000000000000000000
000000000000000000000
000000000000000000000
000000000000000000000
#
It:7:Diff:51:PSOStep:4:Time:0.387680845:s:AutomataStep:4:Transition:01111011101111110111111111101010111110010111111111111101011101111110101111010101111011101101101111101111111001111111111111111111111111110011111110110111111101011111110001110111111111111001101111001110111111110111110111100011010111111011111101111011011010101111010110111111111111110111011011111111111011110111001111111011111111111001111101110111110111111111001111010111111111111110011111111111011011111111111011111010111111110100001111100010111111101111011001111111111111011111111111101111101110111111110110110111
000000000000000000000
000000000000000000000
000000000000000000000
000000000000000000000
000000000000000000000
000000000000000000000
000000111111111000000
000000001111111000000
000000101111111000000
000000111110111000000
000000111111111000000
000000001101111000000
000000111011111000000
000000111111111000000
000000111111111000000
000000000000000000000
000000000000000000000
000000000000000000000
000000000000000000000
000000000000000000000
000000000000000000000
#
It:11:Diff:48:PSOStep:4:Time:0.464237298:s:AutomataStep:4:Transition:01111111110111111111011111111010111111101111111110111110011111011111111011111111111111111111101111111111111111010111111111111110111011111111111110010111111111111111111101110111111111001011111111011111111110110111110101111101110111111111111111110011010010101111011101110111111111111111110111111111011111110111111110110011111111111011111101111111100101111110101111010111010111111110111111111111111110111111111010011011111011111111011111101110110110111011011111111111110111111111101111011111101010111111111110111101
000000000000000000000
000000000000000000000
000000000000000000000
000000000000000000000
000000000000000000000
000000000000000000000
000000111111111000000
000000111111111000000
000000111111111000000
000000111111111000000
000000111111111000000
000000111011111000000
000000111111111000000
000000101110111000000
000000111111111000000
000000000000000000000
000000000000000000000
000000000000000000000
000000000000000000000
000000000000000000000
000000000000000000000
#
It:16:Diff:47:PSOStep:4:Time:0.562374149:s:AutomataStep:4:Transition:01111111111101111111111111111010101111101011101110101110011111011111111011111111110111110111101111111001111111010111111011111110111011111110111110010111111110111111111101110111111011010101011110011111111110110111110101111100111110101110011101110011010010101110011101110111111111111111110110111111001110110111111110111001111111101011111001001011100101111110101111010110010111001100110111111001111110011111111010010011111011111111011101100111110110011011011110111111110111110111101111011101101010001001111110111001
000000000000000000000
000000000000000000000
000000000000000000000
000000000000000000000
000000000000000000000
000000000000000000000
000000111111111000000
000000111111111000000
000000111111111000000
000000110010111000000
000000111000111000000
000000111111011000000
000000111011011000000
000000101110101000000
000000111111111000000
000000000000000000000
000000000000000000000
000000000000000000000
000000000000000000000
000000000000000000000
000000000000000000000
#
It:30:Diff:46:PSOStep:4:Time:0.847908489:s:AutomataStep:4:Transition:01111111110101111111111111111010101111101011101110100110001111011100011011101111110101110111101111110111101111010011111011011111111111111110011110010111111111101111111101110111111111111101011110011111101110110111000101111110101110101011111111111111110011101111001101100111011111111111110111111011001111111111111110111001111111111001111011101011100111011110101111010100010111100110111111111111010010111111111010010011111011111111111101100111110100001110011101110111111111110101101111011101001001011011111110110101
000000000000000000000
000000000000000000000
000000000000000000000
000000000000000000000
000000000000000000000
000000000000000000000
000000111111111000000
000000111111111000000
000000111111111000000
000000111111111000000
000000111111111000000
000000110111111000000
000000111111111000000
000000101010101000000
000000111111111000000
000000000000000000000
000000000000000000000
000000000000000000000
000000000000000000000
000000000000000000000
000000000000000000000
#
It:93:Diff:45:PSOStep:4:Time:1.941122497:s:AutomataStep:4:Transition:01111111110101101111100110101010111110101110111111100110011111111111111111001111011011011110101111101111100001111011011011111011111101111111110010000111111101111110111111110111111101110101011110011101111101110110100001100110111110101011011110111111010011101101011101011111010101111111011111101111011011011111111110110011111111111001111111011011100101111110111101010101010101101100101111010100111010011111111010010011101111101111111101010110111111001011111111111111111010111110110111011001101111111011111111111111
000000000000000000000
000000000000000000000
000000000000000000000
000000000000000000000
000000000000000000000
000000000000000000000
000000111111111000000
000000101111111000000
000000101111111000000
000000111110101000000
000000111001111000000
000000101011111000000
000000111110111000000
000000101110101000000
000000111111111000000
000000000000000000000
000000000000000000000
000000000000000000000
000000000000000000000
000000000000000000000
000000000000000000000
#
It:116:Diff:35:PSOStep:7:Time:2.388588891:s:AutomataStep:7:Transition:00110011110101111011101010111010101110111011101110100100011111010111111111101011110111111111101111110111111111011111111111110111111111100110101010010111111100111111111101110111111001011011011110011101111011110101000100101100110000101011010001111011100011000010001100100110011010001101110110101011011010110111111010011001111101110011011011101001100111011110101111010101000101111100111011101111001011011111111010010010111011111110011101010111110101101010001011111001111111111100111011011100111010101011110110110111
000000000000000000000
000000000000000000000
000000000000000000000
000000000010000000000
000000000001000000000
000000001110100000000
000000011111010000000
000000111111101000000
000001110101110100000
000011001010011010000
000110011111110111000
000011101110011110000
000001010111011100000
000000101011011000000
000000011111110000000
000000001111100000000
000000000111000000000
000000000010000000000
000000000000000000000
000000000000000000000
000000000000000000000
#
It:122:Diff:27:PSOStep:7:Time:2.507221608:s:AutomataStep:7:Transition:00110011111101111111101110111010111110111111100110101100011111110111111111101011110101110111101111010111111111110111111111110111111111100110111010010111111101111111111101110111111001011111011110010101111010110111000101101100110100101110010111011111110011000110000100100111111011001111110110111011001010111011111110011011111101110011011011111001100111010110101111010101011101111100111111111111100010011011011011010011111011111101011101000111110100111000011111110011111111110111111111011100111011101011110110111111
000000000000000000000
000000000000000000000
000000000000000000000
000000000010000000000
000000000111000000000
000000001111100000000
000000011011110000000
000000110111111000000
000001101111111100000
000011011101111110000
000110110110111111000
000011110111111110000
000001111010111100000
000000111111011000000
000000011111110000000
000000001111100000000
000000000111000000000
000000000010000000000
000000000000000000000
000000000000000000000
000000000000000000000
#
It:125:Diff:25:PSOStep:7:Time:2.575206651:s:AutomataStep:7:Transition:00110111111101011011011111111010101110111110101110100110011111010110011111101111010101110100101111110111111111110111111111111111111111111110011010010111111110111111111101110111101001010111011110001101111110110111100101011100111011101011010000111011100010000010000101100111011111111111110110111011011011111011111110110101111111111011111011101111100111010111101111010101011101111110111111111111100010011011011011010011111111111111001101100111110100111010001111110101110111111100101111011101111011101111110110111111
000000000000000000000
000000000000000000000
000000000000000000000
000000000010000000000
000000000111000000000
000000001111100000000
000000011011110000000
000000111101111000000
000001111101111100000
000011111110111110000
000110111010111111000
000011111111011110000
000001111110111100000
000000111111011000000
000000011111110000000
000000001111100000000
000000000111000000000
000000000010000000000
000000000000000000000
000000000000000000000
000000000000000000000
#
It:127:Diff:24:PSOStep:7:Time:2.620304418:s:AutomataStep:7:Transition:00110111111101011011011111111010101110101110101110110110011111010111011110011101010111111100111111110111111011110111111111111111111110111110111110110111111110101111111111110111111001011111011110011101111110110111110101111010111011101111010001111011110010000010011100010111011111111111110110111111011011111011111111110101111111111111111011101111100101110111101111011101101111111100111111111011000010011011111111010011111111111111001101110111110110111011101111111011110111111101101111011111111111111111110111111101
000000000000000000000
000000000000000000000
000000000000000000000
000000000010000000000
000000000111000000000
000000001111100000000
000000011011110000000
000000111111111000000
000001101101111100000
000011111111111110000
000110111110011111000
000011111110111110000
000001111001111100000
000000111111111000000
000000011111110000000
000000001111100000000
000000000111000000000
000000000010000000000
000000000000000000000
000000000000000000000
000000000000000000000
#
It:149:Diff:21:PSOStep:7:Time:3.045988773:s:AutomataStep:7:Transition:00110111111101011011011111111010101110101110101110110110011101010111011110011101110111100100111110110111111111110111111111111111111111111110111110010111111110101111111111110111111001011011011110011101101110110111110101011000101011101111010001111011110010000010011011000111011111101111110110111011011011111111111111110101110111110011111011101111100101110111101111011101101101111100111111111111000010011011111111010011111011111111001101000111110110111011100111110001110111111101101111011101111011111111110111110111
000000000000000000000
000000000000000000000
000000000000000000000
000000000010000000000
000000000111000000000
000000001111100000000
000000011011110000000
000000111111111000000
000001101101111100000
000011111111111110000
000110111110111111000
000011111111111110000
000001111011111100000
000000111111111000000
000000011111110000000
000000001111100000000
000000000111000000000
000000000010000000000
000000000000000000000
000000000000000000000
000000000000000000000
#
It:265:Diff:20:PSOStep:7:Time:5.485086714:s:AutomataStep:7:Transition:00110111110101011001001111110010101110101011001110110110011101010111011010011101010110110101111111111111111111110111011111101111111111101110011110010111111101101111111101110111011001011110101110011011101000110111000101011010111011101111010000011011010010000010011110101111011111101111110110110011011011111011111110010101110111110111101011101111100101111111101111011101101101111100111111110111000010011011111111010110111111001111101100010111110111011011100111111101110111111100101111011111111011001111010111100101
000000000000000000000
000000000000000000000
000000000000000000000
000000000010000000000
000000000111000000000
000000001111100000000
000000011011110000000
000000110111111000000
000001100100111100000
000011110010101110000
000110111100101011000
000011111111011010000
000001101111111100000
000000111111101000000
000000011101010000000
000000001100100000000
000000000111000000000
000000000010000000000
000000000000000000000
000000000000000000000
000000000000000000000
#
It:275:Diff:19:PSOStep:7:Time:5.697606634:s:AutomataStep:7:Transition:00110111111101011001101110110010101110101111001110110110011111010111011010011101010110110101111111101111111111110111011111001111111111101110011110010111111101101111111001110111111001010110111110011011101000110111000101111110111011101111010001010011010010000000011110101111011111101111010110110011011011111011110110110101110111110111101011101111100101111111101111011101101101111100111111111111000010010011111111010110111111001111101100010111110111011011101111111001110111111001101111011110011111001111010111100101
000000000000000000000
000000000000000000000
000000000000000000000
000000000010000000000
000000000111000000000
000000001111100000000
000000011011110000000
000000111110111000000
000001100011111100000
000011010110101110000
000110011111101011000
000010110111111010000
000001010011111100000
000000111100101000000
000000011110010000000
000000001010100000000
000000000111000000000
000000000010000000000
000000000000000000000
000000000000000000000
000000000000000000000
#
It:357:Diff:18:PSOStep:7:Time:7.403221062:s:AutomataStep:7:Transition:00110011110101011001111111111010101110101111101110110110011111010110011110001101110110111111111111000111111001110111011111111111111111101110011010000111111111101111111101110111111001010010101110011001101110110101110101111110110001101111110001110011010010000010111010011111011111101101110110111011011011111101101110110101110111111111111011101111100111110111101111011101111111111110111111111111100011011011111111010110111111001101101100010111110111111011001110110101110111111100101111111110101111111111010111110101
000000000000000000000
000000000000000000000
000000000000000000000
000000000010000000000
000000000111000000000
000000001111100000000
000000011011110000000
000000111111111000000
000001101101111100000
000011111000111110000
000110111101111111000
000011101011101010000
000001111111110100000
000000111110101000000
000000011111010000000
000000001110100000000
000000000111000000000
000000000010000000000
000000000000000000000
000000000000000000000
000000000000000000000
#
It:414:Diff:17:PSOStep:7:Time:8.615815352:s:AutomataStep:7:Transition:00110111100101011011011111111010101110101001101110101110011111010111011110111001110111110101111111110111111101110111011111111011111110111000011110110111111110101111111111110111101111010110111110011001101100110101110100111000111101111111010000111011010010000110010111011111011111110111110110111111011000111011111111110101101110111111001001101111100101111111111111011111111101111110111111011111100011011011111111010011111111101111000100110111110110101011001111111011110110111001111111011101111111111111010111111101
000000000000000000000
000000000000000000000
000000000000000000000
000000000010000000000
000000000111000000000
000000001111100000000
000000011010110000000
000000111101011000000
000001100111011100000
000011010110101110000
000110110111110011000
000010110111111110000
000001111111111100000
000000111110001000000
000000011111110000000
000000001010100000000
000000000111000000000
000000000010000000000
000000000000000000000
000000000000000000000
000000000000000000000
end
