PSO TRACE
INIT:../../instances/fazia/init.csv
REF:../../instances/fazia/asvn4.csv
DecodingPolicy:CPP
MutationPolicy:Null
ParticleNeighborhood:Fixed
ParticleDims:515
ParticleCount:100
AccP:2.0
AccG:2.0
AccL:1.5
AccI:2.3
Pos:0.0-3.0
Inertia:0.9-0.6
VeloMax:2.0
MaxPSOIteration:500
InertiaDecrFactor:6.000000000000001E-4
INIT
000000000000000000000
000000000000000000000
000000000000000000000
000000000000000000000
000000000000000000000
000000000000000000000
000000000000000000000
000000000000000000000
000000000000000000000
000000000000000000000
000000000010000000000
000000000000000000000
000000000000000000000
000000000000000000000
000000000000000000000
000000000000000000000
000000000000000000000
000000000000000000000
000000000000000000000
000000000000000000000
000000000000000000000
REF
000000000000000000000
000000000000000000000
000000000000000000000
000000000010000000000
000000000111000000000
000000001011100000000
000000011011110000000
000000101111111000000
000001100001111100000
000010110010101110000
000110111101110111000
000010110111111010000
000001111111111100000
000000101110101000000
000000011111110000000
000000001010100000000
000000000111000000000
000000000010000000000
000000000000000000000
000000000000000000000
000000000000000000000
Classic CPP Decoder
0 :1,2,3,4,
1 :0,2,3,4,
2 :0,1,3,4,
3 :0,1,2,4,
4 :0,1,2,3,
5 :6,7,8,9,
6 :5,7,8,9,
7 :5,6,8,9,
8 :5,6,7,9,
9 :5,6,7,8,
10 :11,12,13,14,
11 :10,12,13,14,
12 :10,11,13,14,
13 :10,11,12,14,
14 :10,11,12,13,
15 :16,17,18,19,
16 :15,17,18,19,
17 :15,16,18,19,
18 :15,16,17,19,
19 :15,16,17,18,
20 :21,22,23,24,
21 :20,22,23,24,
22 :20,21,23,24,
23 :20,21,22,24,
24 :20,21,22,23,
25 :26,27,28,29,
26 :25,27,28,29,
27 :25,26,28,29,
28 :25,26,27,29,
29 :25,26,27,28,
30 :31,32,33,34,
31 :30,32,33,34,
32 :30,31,33,34,
33 :30,31,32,34,
34 :30,31,32,33,
35 :36,37,38,39,
36 :35,37,38,39,
37 :35,36,38,39,
38 :35,36,37,39,
39 :35,36,37,38,
40 :41,42,43,44,
41 :40,42,43,44,
42 :40,41,43,44,
43 :40,41,42,44,
44 :40,41,42,43,
45 :46,47,48,49,
46 :45,47,48,49,
47 :45,46,48,49,
48 :45,46,47,49,
49 :45,46,47,48,
50 :51,52,53,54,
51 :50,52,53,54,
52 :50,51,53,54,
53 :50,51,52,54,
54 :50,51,52,53,
55 :56,57,58,59,
56 :55,57,58,59,
57 :55,56,58,59,
58 :55,56,57,59,
59 :55,56,57,58,
60 :61,62,63,64,
61 :60,62,63,64,
62 :60,61,63,64,
63 :60,61,62,64,
64 :60,61,62,63,
65 :66,67,68,69,
66 :65,67,68,69,
67 :65,66,68,69,
68 :65,66,67,69,
69 :65,66,67,68,
70 :71,72,73,74,
71 :70,72,73,74,
72 :70,71,73,74,
73 :70,71,72,74,
74 :70,71,72,73,
75 :76,77,78,79,
76 :75,77,78,79,
77 :75,76,78,79,
78 :75,76,77,79,
79 :75,76,77,78,
80 :81,82,83,84,
81 :80,82,83,84,
82 :80,81,83,84,
83 :80,81,82,84,
84 :80,81,82,83,
85 :86,87,88,89,
86 :85,87,88,89,
87 :85,86,88,89,
88 :85,86,87,89,
89 :85,86,87,88,
90 :91,92,93,94,
91 :90,92,93,94,
92 :90,91,93,94,
93 :90,91,92,94,
94 :90,91,92,93,
95 :96,97,98,99,
96 :95,97,98,99,
97 :95,96,98,99,
98 :95,96,97,99,
99 :95,96,97,98,
#
It:0:Diff:69:PSOStep:4:Time:0.128566956:s:AutomataStep:4:Transition:01111111101101011111111001110101111101001011111010111101111111100101111011111111100101100101111010110110011111111111100111010011101111111111100111110111111101101111111011111111011111101011011111110001101111110101011011110110000110110111010101101101011111111101111111101110010110111010011100111111111011111111111111111001111111101011101110111111111011111111111111111111110001111011101111111110101001101111111011011111011111110111101111111011111111111111010111111111111100111111111101111011101101110111111101000111
000000000000000000000
000000000000000000000
000000000000000000000
000000000000000000000
000000000000000000000
000000000000000000000
000000111111111000000
000000010000000000000
000000111110111000000
000000111111011000000
000000110111111000000
000000011011111000000
000000001101111000000
000000000110010000000
000000000011111000000
000000000000000000000
000000000000000000000
000000000000000000000
000000000000000000000
000000000000000000000
000000000000000000000
#
It:1:Diff:68:PSOStep:8:Time:0.216523374:s:AutomataStep:8:Transition:01000001100111010000001001110101111110001110100110001110001000000101010101100111000111101101111000110100010101011100110111101111011111100001100111010110001111011111010000000101111011110101011111011000110010110111000000110100100011000111010011011000110011100110100100101000111011100010011001111011111000110111111010011010111011101010101111000011001100111101101010010101101100111000101011111111100010101101111111101111010111101110101110101010101110111110010100111110111100011001111001001001110101110100110101101011
000000000000000000000
000000000000000000000
001000000000000000000
000000000000000000000
000110100000000000000
000000100000000000000
000011101010000000000
000001100100100000000
000011110101011000000
000011101001101000000
000000110111010110100
000001110010110110000
000000010000001100000
000000111110001000000
000000000010110000000
000000001111100000000
000000000111000000000
000000000000000000000
000000000000000000000
000000000000000000000
000000000000000000000
#
It:2:Diff:66:PSOStep:4:Time:0.253531056:s:AutomataStep:4:Transition:01110011111011011100111111110101111110101111111111111111111111101111011111111111001101111101011100111000010111111110110111110101111000111101100111110111111111111111011001010110111011100111011111010011100111110111011001110111101111100111111011011001111111110111111101101110111011111010101100111111111001110110110001011111111111111011110010100111011010111111110111111111111101111100101111111111111011101010111111011111011110111101111101111001111111111111010111101011110100111011111000100101011111111111011101101111
000000000000000000000
000000000000000000000
000000000000000000000
000000000000000000000
000000000000000000000
000000000000000000000
000000111110000000000
000000111111000000000
000000111111100000000
000000111111110000000
000000111111011000000
000000111111110000000
000000111101100000000
000000100000000000000
000000111110000000000
000000000000000000000
000000000000000000000
000000000000000000000
000000000000000000000
000000000000000000000
000000000000000000000
#
It:4:Diff:58:PSOStep:4:Time:0.304314696:s:AutomataStep:4:Transition:01111001111011011000010011110111111110111011110111110110011111111101111100111111111011110111111111011110011011011100111111110110111100111111101111110110111111101111010001011101011101100111111111010001011111111111011011100111111111100111111111001101111111011100101111101110111010111001110101111111111111111111100101111110011011111111100110101101011011101101110111111111111011111100101110101110111111111011101111011111011110110101101101011001111111101110110101101010110100011111111000010101010001111110110101111111
000000000000000000000
000000000000000000000
000000000000000000000
000000000000000000000
000000000000000000000
000000000000000000000
000000111011101000000
000000111101111000000
000000011111111000000
000000110111100000000
000000111101011000000
000000010111101000000
000000011111001000000
000000010001100000000
000000111111111000000
000000000000000000000
000000000000000000000
000000000000000000000
000000000000000000000
000000000000000000000
000000000000000000000
#
It:6:Diff:57:PSOStep:4:Time:0.344598995:s:AutomataStep:4:Transition:01111011111111111000110111110101110110101111000100111111111111011110111111111111111001111111111111010100001001111110111111111000101101111111110100110111111101001111111010111101010101101011111110110001011111111001011001110010111111110111101110100101110111011111111111110111100111111010100100111101111111111010111101111100101111101111101110101111011010110101001111011011101001110101011110111110011110011110101111101101011010110100001101100101101001100110100111101101101111011001111110110101110011111110000111100101
000000000000000000000
000000000000000000000
000000000000000000000
000000000000000000000
000000000000000000000
000000000000000000000
000000111111111000000
000000111111111000000
000000111010101000000
000000111111000000000
000000111111111000000
000000111111111000000
000000111011111000000
000000101111000000000
000000110000011000000
000000000000000000000
000000000000000000000
000000000000000000000
000000000000000000000
000000000000000000000
000000000000000000000
#
It:7:Diff:53:PSOStep:4:Time:0.367034554:s:AutomataStep:4:Transition:01111001111111111100110011100111110100101111000000111111111110011100111111111111101001111111110111011101001011101010111111101010101101111111110100110111100111010110111011111101011101100111111011110011111101111111011010110001111111110111001111111101110111111110110011110111110111001011101001101111111111111111111101111110111111101111101100001111011011111111011011111011111011101111011111111111101010101111111011111101001100110101101111100111111111101111110111111111111111011010111110110101111111111110001011111111
000000000000000000000
000000000000000000000
000000000000000000000
000000000000000000000
000000000000000000000
000000000000000000000
000000111011101000000
000000100101010000000
000000110101111000000
000000110101111000000
000000111111111000000
000000111101111000000
000000111101111000000
000000111111110000000
000000111111111000000
000000000000000000000
000000000000000000000
000000000000000000000
000000000000000000000
000000000000000000000
000000000000000000000
#
It:11:Diff:46:PSOStep:4:Time:0.443252589:s:AutomataStep:4:Transition:01111001111111111000110011100111110100111111000000111111111111111110111111111111111001110111110111011101001111101110101111100010101101111111111110110111111111010110111011111101011100101111111111100011101111111111011010110001111111110111001111011101110111111110111011110111110111001011111101101111111111111011100101111100111111101111101100111111011011111111001011111011111011111111011111101111101110101111111011111101011100110101001111001011111111101110110111111111111111011101111110110101011101111110001011011110
000000000000000000000
000000000000000000000
000000000000000000000
000000000000000000000
000000000000000000000
000000000000000000000
000000111011101000000
000000101111010000000
000000110001111000000
000000110010111000000
000000111101111000000
000000110111111000000
000000110110011000000
000000111111110000000
000000111111111000000
000000000000000000000
000000000000000000000
000000000000000000000
000000000000000000000
000000000000000000000
000000000000000000000
#
It:54:Diff:45:PSOStep:4:Time:1.291862819:s:AutomataStep:4:Transition:01111011111111111010110011101111111100111111000100101111111111111111111111011111111101110111110111011101011011001111101111111110100101110111101110110111110111011110111010111101011101111111111111100001010000111011011010110011111111100111001111001101110111011110111011110111111111001011101001101111101111111011111100111100111111101111101110111111001011111111000111111011101011110111011111111111101110101111111011111101000110110101001111101111011001001110110111011111101110011001111100100101011100111110011011111110
000000000000000000000
000000000000000000000
000000000000000000000
000000000000000000000
000000000000000000000
000000000000000000000
000000111111111000000
000000101111110000000
000000110011111000000
000000110010111000000
000000111101111000000
000000110101111000000
000000110111111000000
000000111100110000000
000000111111111000000
000000000000000000000
000000000000000000000
000000000000000000000
000000000000000000000
000000000000000000000
000000000000000000000
#
It:119:Diff:37:PSOStep:7:Time:2.52420858:s:AutomataStep:7:Transition:00110101111111111111110110111111100111111111010100110111111111010011101111011110001001111111110111010100011011111111101111111110111111110111111110110111111111011010110011111111011111010011011110010011110100111111011001010011110111111111111101101101110111110110111001111111110110011111100000111101111111111011010101101110111111111111101111111111001111011111110110001111111111011101011111110111111111101111111101101001101101110101110100001111111011111110101101111110101111011101111100100101111111111110110010011010
000000000000000000000
000000000000000000000
000000000000000000000
000000000010000000000
000000000111000000000
000000001111000000000
000000011111110000000
000000111011101000000
000001110100111000000
000011101000011100000
000111011010100011000
000011010101101110000
000001111101111100000
000000111101111000000
000000011111110000000
000000001101100000000
000000000111000000000
000000000010000000000
000000000000000000000
000000000000000000000
000000000000000000000
#
It:123:Diff:32:PSOStep:7:Time:2.620383067:s:AutomataStep:7:Transition:00110101111111111111110110110110111111111111011110110111111100110010101111001111111101110111110111010100110011011111111111101010111111011111110110110110111101111111011110101111011111101011111100110111110100111111010001110111110111111111111111111101100111110111111001101111111011011111101101111111111110111011011101111111111011111111101111010111011101101111111110000111111111111111101111111111111111101111001111101101101110010101111101001111111001111110101111111110101011011100111111011101111111111111110111011010
000000000000000000000
000000000000000000000
000000000000000000000
000000000010000000000
000000000111000000000
000000001111100000000
000000011101110000000
000000111010011000000
000001110001011100000
000011100010011110000
000111000011011111000
000011100011111110000
000001110011111100000
000000111111111000000
000000011111110000000
000000001111100000000
000000000111000000000
000000000010000000000
000000000000000000000
000000000000000000000
000000000000000000000
#
It:133:Diff:31:PSOStep:7:Time:2.818911207:s:AutomataStep:7:Transition:00110101111111111111110110110110101111111111011011101111111111100110111111011110011101111111100101110100101011011111101111111010000111010111111110110111111101011011111111111111011111010011111110110111110100011111011001110111110111110111101111111111000111010011111001110111111011001011100101111101111110110011111101101111111011111111101010011111011011001111011110011110111111111111101111101111110111101011011100101101101101010101110100001111110011101110100111111110101111011101101101100101101110110111110110010010
000000000000000000000
000000000000000000000
000000000000000000000
000000000010000000000
000000000111000000000
000000001011100000000
000000011111110000000
000000111110011000000
000001010011111100000
000011110110111010000
000111010101101111000
000010110110011110000
000000111010101100000
000000111001101000000
000000011011110000000
000000001111100000000
000000000111000000000
000000000000000000000
000000000000000000000
000000000000000000000
000000000000000000000
#
It:135:Diff:29:PSOStep:7:Time:2.856496071:s:AutomataStep:7:Transition:00100101110111111111010110111110110111110111111011110111111101100011111111011110011001111111110000011101110010111111101111101010100111110111100100110010111001010101011110101111010110000011011110010111110100011110011000110001110101110110111101110011110111100010111001001111011011111011100101111111111111110011111101101111111011111101101111010111011101111101111010111110110111101111111111100101011101101111111111101111100110010101111100010111110001101111111111111001111111010101111111010101101110101111100111111010
000000000000000000000
000000000000000000000
000000000000000000000
000000000010000000000
000000000111000000000
000000000111100000000
000000011111110000000
000000101011111000000
000001000011011100000
000010101001001110000
000111001010110111000
000011110111101110000
000001111001011100000
000000111110111000000
000000011101110000000
000000001111100000000
000000000111000000000
000000000010000000000
000000000000000000000
000000000000000000000
000000000000000000000
#
It:176:Diff:28:PSOStep:7:Time:3.625265455:s:AutomataStep:7:Transition:00100001111111111111010111110111110101110111011011111111111100100111111111110111111001111111110011011101110011111010101111101010111111110011100100110110011111010001011110101101011011011111111111110111110101101110011000111001111111110111111111110001110111100110111001110111011011111010101100111101111111111110111101111111111111111101111110010111011101111101011010111110010101001111110111111111111111101111111111011101100100010111111111011111011111100110110011011100111111011110111111111111111111011111100111111011
000000000000000000000
000000000000000000000
000000000000000000000
000000000010000000000
000000000111000000000
000000001011100000000
000000011001100000000
000000100110110000000
000001111110111100000
000010110011010110000
000111111110111111000
000011111101011110000
000001111111111100000
000000111111111000000
000000011111110000000
000000001111100000000
000000000111000000000
000000000010000000000
000000000000000000000
000000000000000000000
000000000000000000000
#
It:179:Diff:26:PSOStep:7:Time:3.691677367:s:AutomataStep:7:Transition:00100001110111111100010111111100110111111111011111111111111101110011111111010111110101111111110011011101111010111010101111101010110111111111111100110110111101010011011110111111011111111011111111010111110101111110011011111001111011111111111111011101110111100110111001100011011011111111100100111111111111111111111101101111111011111101101110111111011111111111011110111110110111101111111111101111011111101111011101001111100100110101111101100111111011111110110111111100101111011100101100111101111110110111101111111110
000000000000000000000
000000000000000000000
000000000000000000000
000000000010000000000
000000000111000000000
000000000111100000000
000000011111110000000
000000101101111000000
000001011111111100000
000010011111011110000
000111001111110111000
000011110111111110000
000001111111111100000
000000111110111000000
000000011101110000000
000000001111100000000
000000000111000000000
000000000010000000000
000000000000000000000
000000000000000000000
000000000000000000000
#
It:187:Diff:25:PSOStep:7:Time:3.884209163:s:AutomataStep:7:Transition:00110101111111111111111100111110111111111111010101101111111111100111101101010110011101111111110010111101100011111111101111101010110111110111111110110111111101010111010110111111011110001111111000010011110110011110011010110111111111111110111111111111010111010011111001111010111111001011100101111101111111110011111101101111111010111111101111101111011001101111011010111111111111111111111111111111111111101011111100101111101111010101111100011111110001111110110111111011111111010100111101111101110110111111110111110011
000000000000000000000
000000000000000000000
000000000000000000000
000000000010000000000
000000000111000000000
000000001001100000000
000000010111110000000
000000100011111000000
000001001111111100000
000010111101111110000
000111111111111111000
000011111111111110000
000001111111111100000
000000111111111000000
000000011111110000000
000000001111100000000
000000000111000000000
000000000010000000000
000000000000000000000
000000000000000000000
000000000000000000000
#
It:189:Diff:20:PSOStep:7:Time:3.934186333:s:AutomataStep:7:Transition:00110101111111111111111110111110111111110111110111111111110111100111110111011111011001111111100010111101111010101011101111111010110111111111111110110110111101010111010110111111001110111011111111000111110100111110011011111111111111111111111111000101010111110111101001001011011111111101100101111101111111111011101101101101111001111101101111111111011101111111111110111111110111111001110111100110111111101111111100001111101101001101001101111010111001110110110111011110111111111100111101110101101110111111111111110111
000000000000000000000
000000000000000000000
000000000000000000000
000000000010000000000
000000000111000000000
000000001011100000000
000000011111110000000
000000101111111000000
000001111111111100000
000010111111111110000
000111111111111111000
000011111111111110000
000001111111111100000
000000111111111000000
000000011111110000000
000000001111100000000
000000000111000000000
000000000010000000000
000000000000000000000
000000000000000000000
000000000000000000000
#
It:199:Diff:18:PSOStep:7:Time:4.158818116:s:AutomataStep:7:Transition:00110111111111111111010110011110110111111111111111101111111011100111101111111101011001111111100011011101111001011111101111101010110101111111111100111110111101011111011110111111011010111010111111110111110100111110010010111111111111100111111110001101110111100111111101111111111111101001100010111001111111111011101111111101111011111111101111011011101100111111110110111111110011100011110110110110011111111111111110001001001111001101001111111111111011110111110111111011111111011011110111110101100111100111111110110111
000000000000000000000
000000000000000000000
000000000000000000000
000000000010000000000
000000000111000000000
000000001001100000000
000000011111110000000
000000101111111000000
000001111011111100000
000010101011111110000
000111111011111111000
000010110111111010000
000001111111111100000
000000101100011000000
000000011101110000000
000000001000100000000
000000000111000000000
000000000010000000000
000000000000000000000
000000000000000000000
000000000000000000000
#
It:287:Diff:17:PSOStep:7:Time:5.993217319:s:AutomataStep:7:Transition:00110111111111011111010110011110110111111111111111111111111011100111111111111111011001011111100011111101111011001111111110101010110101111101111100111010111101011111011110110011011000111011111111010111110100011110010010111111111111100111111101101100110111010111101101111011111111101001100111111101111111111111111111111101111011111111101111111111111101111111111110111101110011101111110110111110111111011111111110001001001110001101001111111111101011110111110111111111111111011111111111110101100101100111111111111111
000000000000000000000
000000000000000000000
000000000000000000000
000000000010000000000
000000000111000000000
000000001011100000000
000000011111110000000
000000101111111000000
000001111111111100000
000010110111111110000
000111111011111111000
000011111111111010000
000001111111111100000
000000111111101000000
000000011111110000000
000000001110100000000
000000000111000000000
000000000010000000000
000000000000000000000
000000000000000000000
000000000000000000000
#
It:322:Diff:16:PSOStep:7:Time:6.744209842:s:AutomataStep:7:Transition:00110111101111111111110110001110110111111111110111101111111111100111100111111111011001111111100011111101111011001111101110101010110101111101111100111110111101011111010110111011011000100011111111010111111100011110010011111111111111100111101111101101100111010111101100111111111111101101100111111101111111111111111111111101111011111111101111011111111101111111111110111111110011101111111110111110111111011111101110011001001110001101001011111101111011110111110111111111111011011111111101110101100101100111111111111111
000000000000000000000
000000000000000000000
000000000000000000000
000000000010000000000
000000000111000000000
000000001011100000000
000000011111110000000
000000101111111000000
000001111111111100000
000010111111111110000
000111111101111111000
000011111111111010000
000001111111111100000
000000111111101000000
000000011111110000000
000000001110100000000
000000000111000000000
000000000010000000000
000000000000000000000
000000000000000000000
000000000000000000000
#
It:337:Diff:15:PSOStep:7:Time:7.060198079:s:AutomataStep:7:Transition:00110111111111111111110110111110111111111100110101100111011111100111100111111101011001011111100011111100111011010111111111101010111101111101101100111110110101011111010110011111011100100011111111010111111100011110010011111111111011100111011100001101100111000101111100111111101111101111100011111101111111111111111110111101111011111111101111111111111101111110110110101111010011101111111110111110111111011111111110011001001110001101000111111101101011010111110111111101111011011111111111110101100111100111111111111111
000000000000000000000
000000000000000000000
000000000000000000000
000000000010000000000
000000000111000000000
000000001011100000000
000000011111110000000
000000101111111000000
000001111101111100000
000010111010111110000
000111110111111111000
000011111011111010000
000001111111111100000
000000111110101000000
000000011111110000000
000000001110100000000
000000000111000000000
000000000010000000000
000000000000000000000
000000000000000000000
000000000000000000000
#
It:443:Diff:13:PSOStep:7:Time:9.204401486:s:AutomataStep:7:Transition:00110111101111111111111110011110111111111110111111111111111111110111111101111101011001111111100010111100111001111101111111101010100101111111111100111110111101011011010110111011000011101011111111010111111100111110010011111111111010100111111110001101000101000111101100111111011111111101110111111101111111111011111111111111111110111111111110111111110101111111111100111111110011111011111111111110111101011111101110011001001010001101100111111101011011010111110111111111111111011011111101110101100111100111101111111111
000000000000000000000
000000000000000000000
000000000000000000000
000000000010000000000
000000000111000000000
000000001011100000000
000000011111110000000
000000101111111000000
000001111101111100000
000010110110111110000
000111111111111111000
000010111011111010000
000001111101111100000
000000101111101000000
000000011111110000000
000000001010100000000
000000000111000000000
000000000010000000000
000000000000000000000
000000000000000000000
000000000000000000000
end
