PSO TRACE
INIT:../../instances/fazia/init.csv
REF:../../instances/fazia/asvn3.csv
DecodingPolicy:Nibble
MutationPolicy:Std
ParticleNeighborhood:EDist
ParticleDims:146
ParticleCount:100
AccP:2.0
AccG:2.0
AccL:1.5
AccI:2.3
Pos:0.0-3.0
Inertia:0.9-0.6
VeloMax:2.0
MaxPSOIteration:500
InertiaDecrFactor:6.000000000000001E-4
INIT
000000000000000000000
000000000000000000000
000000000000000000000
000000000000000000000
000000000000000000000
000000000000000000000
000000000000000000000
000000000000000000000
000000000000000000000
000000000000000000000
000000000010000000000
000000000000000000000
000000000000000000000
000000000000000000000
000000000000000000000
000000000000000000000
000000000000000000000
000000000000000000000
000000000000000000000
000000000000000000000
000000000000000000000
REF
000000000000000000000
000000000000000000000
000000000000000000000
000000000010000000000
000000000111000000000
000000001011100000000
000000011111110000000
000000101011111000000
000001111111011100000
000010111110101110000
000111011101110111000
000010111011101110000
000001110111011100000
000000101110111000000
000000011101110000000
000000001011100000000
000000000111000000000
000000000010000000000
000000000000000000000
000000000000000000000
000000000000000000000
Nibble Decoder
#
It:0:Diff:69:PSOStep:7:Time:0.235682572:s:AutomataStep:7:Transition:00100110010011101000111000100010001011001110001000101010010011101000011011100010100001001100001010100010111001001100100011100000011001001110100011100100101001000010001011100110001011100100100001101010000011101110011011100000101001001000010011100010011011000100100010100000111000000010001010100000010001000010010010001110100000101100001000100100100010100010100011001010101000101100101011001010110000100000001010001000101011000110100000100110101011101110011011101000100010101000000011001110001000101010101010100110
000000000000000000000
000000000000000000000
000000000000000000000
000000000010000000000
000000000011000000000
000000001000100000000
000000001110010000000
000000101111000000000
000000110001000000000
000010010001000010000
000011000101111010000
000010010001011100000
000010000000100000000
000011110111100000000
000011011101100000000
000010000000000000000
000010000000000000000
000100000000000000000
000000000000000000000
000000000000000000000
000000000000000000000
#
It:8:Diff:67:PSOStep:7:Time:0.981514036:s:AutomataStep:7:Transition:00100010101010100010111001100010001011100100100000101110100011100010001000000110111010100010001010000110111011001000001011101100100011101010111011101110010011001000001010101000001001000110111000101110101011100000001001101010010011100100111011100010001000001110111000001110101000001100011001001110100010100010111010001110010000100110111001100010000000100110011011101100110001000110001010101010101011000000001011001110001001000010110000101100111011101110001011101010011011100010101010001110001010000000111010000110
000000000000000000000
000000000000000000000
000000000000000000000
000000000010000000000
000000000001000000000
000000000110100000000
000000000011110000000
000000010111100000000
000000011110001000000
000010110100110000000
000100011011001100000
000011101011011100000
000000111011000100000
000000001100011000000
000000000011000000000
000000000000111010000
000000000000001100000
000000000000000011000
000000000000000000000
000000000000000000000
000000000000000000000
#
It:10:Diff:56:PSOStep:7:Time:1.117605671:s:AutomataStep:7:Transition:00100010111011100110000010001010111001100100011010101110101000000010001000001110111011100010001010000000111000100010100011100010110000001110111011001110000011100010000010000100001011100100011001101110000001001110000010101000100000001110111011100000000011000100111000001110100010100010001000001100101000101010111011100100000000100010001011001010010000101010100011100000111000001000111001000010001011100000101001000000011001100110010010101110001011100010011011101000001011101110111000000010001001001110101001000110
000000000000000000000
000000000000000000000
000000000000000000000
000000000010000000000
000000000101000000000
000000001110100000000
000000001001010000000
000000001110101000000
000001001000010100000
000010010101011010000
000101010010001011000
000010111011100000000
000000101010001000000
000000101001110000000
000000010110000000000
000000000001000000000
000000000101000000000
000000000010000000000
000000000000000000000
000000000000000000000
000000000000000000000
#
It:15:Diff:52:PSOStep:7:Time:1.442962106:s:AutomataStep:7:Transition:00100010101011100010110000100010100010101110101001001110110010100010001010101110111011100010001011100000111000000110001011101000110000100100111010001110110011100110001011101000101010101000100000101110101011001110001011101100011000000100111011101000000010100000111001001110011010100010001010101010110011000000111011001110101000100110001010101010100010100010011011101010111010101110000001101110100010101010000010001010001010100010011011101010100011100110001011100110001011101010110000000000001010101110111010000110
000000000000000000000
000000000000000000000
000000000000000000000
000000000010000000000
000000000100000000000
000000000010100000000
000000010011010000000
000000100110111000000
000000110000010000000
000011101111100000000
000101000011011101000
000011001110110110000
000001101100100000000
000000101111110000000
000000011011110000000
000000000010100000000
000000000111000000000
000000000010000000000
000000000000000000000
000000000000000000000
000000000000000000000
#
It:18:Diff:48:PSOStep:7:Time:1.635238496:s:AutomataStep:7:Transition:00100010101011001110100000100100111011001100010011101100111001100010001010101100110001101110001011001010110001100010001010000000110001101000100000101100111011000010011011000010101010001000011001101100011011001100001000000000011000101100110011100100000001000010110001101100001011100010100000101110101000000100111011001100001011100010001011001000001001101000001011000100110000100000111000000100001001000010000000100010000000100010001011001000111011000010001011100100001011000110011000100000100001001100111000000010
000000000000000000000
000000000000000000000
000000000000000000000
000000000010000000000
000000000111000000000
000000000000100000000
000000010101110000000
000000011011010000000
000000111110010000000
000011011000110010000
000111100010100111000
000010000000011000000
000001101111110100000
000000000110101000000
000000010111010000000
000000000011000000000
000000000111000000000
000000000010000000000
000000000000000000000
000000000000000000000
000000000000000000000
#
It:32:Diff:46:PSOStep:7:Time:2.563232285:s:AutomataStep:7:Transition:00100010111000001000001000100100101000001110111010001110000000100010110010000000100000000010001010100010100000100010001010000110100000100000111000101000001001000110001010100100110010001000011000001010001010101010001001101100001000101010100001100000001000100000111000001110001001000010001010101100100000101000100000100010111000101100001000000000000001001000001001001000100000100000011000000110010010000010100000101010001000100010110010000100110010000010001000100000001000000010011000000010000010001000010010000000
000000000000000000000
000000000000000000000
000000000000000000000
000000000010000000000
000000000111000000000
000000000000100000000
000000010111110000000
000000110001101000000
000001110010101100000
000011101011110010000
000111010001001011000
000010110011000100000
000000010001001100000
000000001000000000000
000000011100000000000
000000001010000000000
000000000111000000000
000000000010000000000
000000000000000000000
000000000000000000000
000000000000000000000
#
It:52:Diff:44:PSOStep:7:Time:3.878213175:s:AutomataStep:7:Transition:00100010110010001110001000100100101010100000110011101010001000100010011010001100010001100010001000000010101000100010001010101010101001100100010000101010000000100000001011101100010010101010010010101010001000100100001000000010001000100100101001001100110001000100101001100010111011000010001011100010101010001010101001000000001000101010001001101000011010101010111010101010100000100010001001100100110010100010101000101110111000100010111010101000110010100010001001001110001011001110001011001000100000101010011000100100
000000000000000000000
000000000000000000000
000000000000000000000
000000000010000000000
000000000111000000000
000000000001100000000
000000010101110000000
000000001001111000000
000000111100011100000
000010111011000010000
000111001000000111000
000011011100111110000
000001010000000000000
000000110100000000000
000000010010110000000
000000001111000000000
000000000111000000000
000000000010000000000
000000000000000000000
000000000000000000000
000000000000000000000
#
It:58:Diff:42:PSOStep:7:Time:4.303105486:s:AutomataStep:7:Transition:00100010110000100010001001100000111001101100100011101110010001100010001010001100010001000010001001101110111001000010011001000010110000101110111000101110001011100010001011000100111011100100100011001110111000101100001011100010110010001110111001000010001011100010111001001010111001000010100010001110111011101100111011101100011000100010100011100100111000001110101011000010101001001000001010001000000011001010101000100000001001100010001001001110100011100010001011001100001011100010010000100000001000101110110000100010
000000000000000000000
000000000000000000000
000000000000000000000
000000000010000000000
000000000101000000000
000000000111100000000
000000000001110000000
000000100010001000000
000001111111001100000
000000010000000010000
000110110001101011000
000010001110001110000
000001011111111100000
000000100010001000000
000000011110110000000
000000001111100000000
000000000111000000000
000000000010000000000
000000000000000000000
000000000000000000000
000000000000000000000
#
It:62:Diff:38:PSOStep:7:Time:4.579266361:s:AutomataStep:7:Transition:00100010110011001110010000101000110011001100110010001100110001000010001011001100110001000010001000100000110000000010001011001110110010101110110000101100100011000010111011000010110011001100000011101010111001101100001011101000001000100000110011001100100000100010010000101100111000100010001010001100110000001100110011001100001010101110000010001110000010001100111010101100110011101110110000100010110011001000110010000010000000100010101011001100111011000000001011001110001011000110111000101110001011101100001001000000
000000000000000000000
000000000000000000000
000000000000000000000
000000000010000000000
000000000111000000000
000000001010100000000
000000011000010000000
000000101000001000000
000001100001111100000
000010100110000010000
000110111010110111000
000011111001101000000
000001100110011100000
000000101010100000000
000000010011110000000
000000001111000000000
000000000111000000000
000000000010000000000
000000000000000000000
000000000000000000000
000000000000000000000
#
It:65:Diff:33:PSOStep:7:Time:4.773754315:s:AutomataStep:7:Transition:00100110110011001110001000101010101000101110111010100010110010000010101001001010101001000010001011001110101000101000101010100110111011001010000010101010110010001100100001001100000010101110110011100100001000101010001000000010001010001100101000000100001010100110010011001010111001000010001011100010101010100000110001001010001001101100101000100010101001000110110000101000101001100010100000001100000001001100101011101010100000100010110010101000000010100110110010100110001010100000000000100000011010101010110010100010
000000000000000000000
000000000000000000000
000000000000000000000
000000000010000000000
000000000111000000000
000000001111100000000
000000011101110000000
000000000111111000000
000000110111011100000
000011000000110010000
000111111011010011000
000010111000011010000
000001111100000100000
000000101100011000000
000000011101110000000
000000001011100000000
000000000111000000000
000000000010000000000
000000000000000000000
000000000000000000000
000000000000000000000
#
It:149:Diff:32:PSOStep:7:Time:10.258093804:s:AutomataStep:7:Transition:00100010111001001110001011101110001010101010001000101100101010100110010010001000101010100110001001101110101011100100001010100010111001001010110001101010111010101010111010101100010010100100011011101010001010101110001000000010110000101010101010100000110010100110010000101010010001001110001011001010101000100010111011101000101000100100001010101110000001101110100001000010101000101010010011101000001000101010001000100000101000100010001010000100000010100010111000100010011010101010010000101010001001001010000010100110
000000000000000000000
000000000000000000000
000000000000000000000
000000000010000000000
000000000101000000000
000000001111100000000
000000000011110000000
000000010111111000000
000001111001000100000
000000100011011110000
000111010111110110000
000010000011101110000
000001101101011100000
000000101110111000000
000000010111110000000
000000001111100000000
000000000111000000000
000000000010000000000
000000000000000000000
000000000000000000000
000000000000000000000
#
It:413:Diff:30:PSOStep:7:Time:27.292473395:s:AutomataStep:7:Transition:00100010100001001100001011000010111011001100001000101110001011100010001010000100111011100010001000101110111001100010001011100010110001101110111001000000011011101110111011101100000011101000101011000010001011101000001000000110111000100100111011100010110010000010001000101110010001101000001000001110111000100010100001101110111000100010001011100010010000101110001010101110111000101110101010100010001000101100100000101000100000100010001001001010111011100010011000100010001011101110000001001110001011001000101010100010
000000000000000000000
000000000000000000000
000000000000000000000
000000000010000000000
000000000111000000000
000000001010100000000
000000011110110000000
000000101010101000000
000001110111011100000
000010110001010010000
000111011101100111000
000010010001100110000
000001101011101100000
000000101010101000000
000000001101010000000
000000000110100000000
000000000111000000000
000000000010000000000
000000000000000000000
000000000000000000000
000000000000000000000
#
It:472:Diff:29:PSOStep:7:Time:31.27199856:s:AutomataStep:7:Transition:00100010101001101010001000000010110011001100001000101100001011000010001011100110011011000010001000101100110000100010001011000010110001001100110011000000011011001100110011000000110011000100101010000010001011001110001010000000110000100100110001000010101001000010000000101100001000101100001011001100110000100010000011001100110000100010001011000010000000000000001011001100110000101100000010000010001000100000101000100100110000100010000011001100110011000010000000100110001011001100110001101100001000100100000011000010
000000000000000000000
000000000000000000000
000000000000000000000
000000000010000000000
000000000111000000000
000000001010100000000
000000011110110000000
000000101011101000000
000001111011011100000
000010101100001010000
000111011101100101000
000010101100001110000
000001000010100100000
000000100100101000000
000000010101010000000
000000001101100000000
000000000111000000000
000000000010000000000
000000000000000000000
000000000000000000000
000000000000000000000
#
It:475:Diff:26:PSOStep:7:Time:31.477039661:s:AutomataStep:7:Transition:00100010111011101110001011100010111001001110001000101010001011100010011010101000111010100010001000101110111011100010001011100010111001101110111010001110011011101110111011100010001011101000011010000010011011101110001000100000111000100110111001000010010001100010000000101110001000101010001011001110111011100010000000001110111000100010001011100010001000100000001010001110010000101110010000000010001001101110100000101000101000100010001011101010110011100010011000100010001011101110011000001110001000001010000011000110
000000000000000000000
000000000000000000000
000000000000000000000
000000000010000000000
000000000111000000000
000000001010100000000
000000010001010000000
000000111000101000000
000001111001010100000
000010101010101010000
000111011100110101000
000010101010101010000
000001110101010100000
000000101011101000000
000000011101010000000
000000001011100000000
000000000111000000000
000000000010000000000
000000000000000000000
000000000000000000000
000000000000000000000
end
