PSO TRACE
INIT:../../instances/fazia/init.csv
REF:../../instances/fazia/asvn2.csv
DecodingPolicy:CPP2:CDLE2
MutationPolicy:Std
ParticleNeighborhood:Fixed
ParticleDims:515
ParticleCount:100
AccP:2.0
AccG:2.0
AccL:1.5
AccI:2.3
Pos:0.0-3.0
Inertia:0.9-0.6
VeloMax:2.0
MaxPSOIteration:500
InertiaDecrFactor:6.000000000000001E-4
INIT
000000000000000000000
000000000000000000000
000000000000000000000
000000000000000000000
000000000000000000000
000000000000000000000
000000000000000000000
000000000000000000000
000000000000000000000
000000000000000000000
000000000010000000000
000000000000000000000
000000000000000000000
000000000000000000000
000000000000000000000
000000000000000000000
000000000000000000000
000000000000000000000
000000000000000000000
000000000000000000000
000000000000000000000
REF
000000000000000000000
000000000000000000000
000000000000000000000
000000000010000000000
000000000101000000000
000000001000100000000
000000010100010000000
000000100010001000000
000001010001000100000
000010001010101010000
000100010001000101000
000010001000100010000
000001000100010100000
000000100010001000000
000000010001010000000
000000001000100000000
000000000101000000000
000000000010000000000
000000000000000000000
000000000000000000000
000000000000000000000
Classic CPP Decoder
0 :1,2,3,4,
1 :0,2,3,4,
2 :0,1,3,4,
3 :0,1,2,4,
4 :0,1,2,3,
5 :6,7,8,9,
6 :5,7,8,9,
7 :5,6,8,9,
8 :5,6,7,9,
9 :5,6,7,8,
10 :11,12,13,14,
11 :10,12,13,14,
12 :10,11,13,14,
13 :10,11,12,14,
14 :10,11,12,13,
15 :16,17,18,19,
16 :15,17,18,19,
17 :15,16,18,19,
18 :15,16,17,19,
19 :15,16,17,18,
20 :21,22,23,24,
21 :20,22,23,24,
22 :20,21,23,24,
23 :20,21,22,24,
24 :20,21,22,23,
25 :26,27,28,29,
26 :25,27,28,29,
27 :25,26,28,29,
28 :25,26,27,29,
29 :25,26,27,28,
30 :31,32,33,34,
31 :30,32,33,34,
32 :30,31,33,34,
33 :30,31,32,34,
34 :30,31,32,33,
35 :36,37,38,39,
36 :35,37,38,39,
37 :35,36,38,39,
38 :35,36,37,39,
39 :35,36,37,38,
40 :41,42,43,44,
41 :40,42,43,44,
42 :40,41,43,44,
43 :40,41,42,44,
44 :40,41,42,43,
45 :46,47,48,49,
46 :45,47,48,49,
47 :45,46,48,49,
48 :45,46,47,49,
49 :45,46,47,48,
50 :51,52,53,54,
51 :50,52,53,54,
52 :50,51,53,54,
53 :50,51,52,54,
54 :50,51,52,53,
55 :56,57,58,59,
56 :55,57,58,59,
57 :55,56,58,59,
58 :55,56,57,59,
59 :55,56,57,58,
60 :61,62,63,64,
61 :60,62,63,64,
62 :60,61,63,64,
63 :60,61,62,64,
64 :60,61,62,63,
65 :66,67,68,69,
66 :65,67,68,69,
67 :65,66,68,69,
68 :65,66,67,69,
69 :65,66,67,68,
70 :71,72,73,74,
71 :70,72,73,74,
72 :70,71,73,74,
73 :70,71,72,74,
74 :70,71,72,73,
75 :76,77,78,79,
76 :75,77,78,79,
77 :75,76,78,79,
78 :75,76,77,79,
79 :75,76,77,78,
80 :81,82,83,84,
81 :80,82,83,84,
82 :80,81,83,84,
83 :80,81,82,84,
84 :80,81,82,83,
85 :86,87,88,89,
86 :85,87,88,89,
87 :85,86,88,89,
88 :85,86,87,89,
89 :85,86,87,88,
90 :91,92,93,94,
91 :90,92,93,94,
92 :90,91,93,94,
93 :90,91,92,94,
94 :90,91,92,93,
95 :96,97,98,99,
96 :95,97,98,99,
97 :95,96,98,99,
98 :95,96,97,99,
99 :95,96,97,98,
#
It:0:Diff:44:PSOStep:7:Time:1.791133151:s:AutomataStep:7:Transition:00010000101000100010000110000100001010101100010100110010010100100101100111010000010111010101100000011000001100011010010100110001001001111101100110001011010001011100001010100001001011000111100101110010100111000100110110110010001000001000001011011110010100110011000010001100001011010010101010100010100111000110110100000000110000000001011011000010000110100001100001001011001100110010111101111100101000010110100100001000000110000101111000110100110001110010111000000100100001000001100100011010000110010000100001010001
000000000000000000000
000000000000000000000
000000000000000000000
000000000000000000000
000000000000000000000
000000000000000000000
000000000000000000000
000000000000000000000
000000000000000000000
000000000000000000000
000100000000000000000
000000000000000000000
000000000000000000000
000000000000000000000
000000000000000000000
000000000000000000000
000000000000000000000
000000000000000000000
000000000000000000000
000000000000000000000
000000000000000000000
#
It:1:Diff:43:PSOStep:5:Time:2.151855419:s:AutomataStep:5:Transition:00000111011001111010100111110101111010001101001101110010001001000100100000110001000000110001001001010001001110110010000100111011000001011110110011000111011010010010000000010000001001010111110000010111100111001000010111110000111000100111100011110110011101110011000110001111001100100000100010110000100010100010011010100000111101110011011011100110100011001010001101000111001101111010001000111100101101110001001010110111001111011110011110010110100001100110100101000110010000001101100111000011000111011010100001011101
000000000000000000000
000000000000000000000
000000000000000000000
000000000000000000000
000000000000000000000
000000000000000000000
000000000000000000000
000000000000000000000
000000000000000000000
000000000000101000000
000000000001000100000
000000000001010000000
000000000000000000000
000000000000000000000
000000000000000000000
000000000000000000000
000000000000000000000
000000000000000000000
000000000000000000000
000000000000000000000
000000000000000000000
#
It:4:Diff:42:PSOStep:3:Time:2.920655354:s:AutomataStep:3:Transition:00100011110001001000100111110101110110000100001110110001001000000001101010110001101000110000000101000001100011100010000100011111000001010100010011100111000011010000001011010000001001010111100100000111101101011001010010100010100001101001010011011001101111010011001010100111001100100100111010101000100010000100100010100101111001110010111111110110000001100010011000000110000111111010001001001100110100110001001010000101001011010100010110110110101000100111100101000010010001000111100101000010100001011011011010001100
000000000000000000000
000000000000000000000
000000000000000000000
000000000000000000000
000000000000000000000
000000000000000000000
000000000000000000000
000000000010000000000
000000000101000000000
000000001010100000000
000000011001110000000
000000000000000000000
000000000000000000000
000000000000000000000
000000000000000000000
000000000000000000000
000000000000000000000
000000000000000000000
000000000000000000000
000000000000000000000
000000000000000000000
#
It:9:Diff:37:PSOStep:7:Time:3.927479698:s:AutomataStep:7:Transition:00100010001111110000000001001101100100100010010111010010000100010100111111110001110000111100110101010011111010011000001100100100000011110100011110000111000000011010001101110111001001010111100100000110101101110000110101101011100001101001011010110000000111010011001100100111001100110001010010111000010001000110100100100010110001110010100011001010100001101000110100000111100100001010101100101100110001100001010010000000010110110000110110010101110000000100110000010011111001010001101100000010100001010111011010011101
000000000000000000000
000000000000000000000
000000000000000000000
000000000010000000000
000000000001000000000
000000000000100000000
000000000000010000000
000000000000001000000
000000000000000100000
000000000000000010000
000000000000000001000
000000000000000000000
000000000000000000000
000000000000000000000
000000000000000000000
000000000000000000000
000000000000000000000
000000000000000000000
000000000000000000000
000000000000000000000
000000000000000000000
#
It:10:Diff:37:PSOStep:7:Time:4.14976609:s:AutomataStep:7:Transition:00100010001101110000000011001111100100100010000111010010000100000100001110111001111000111100100101010011111010011001001110101100000001110101010110000111000000000000001000110110000001010111100100000000001101110000100001100011000001101001001010110000010111010011001100100000001010100001010010111000010011000110000100100110110001100010100011011000100001101000110100000111000100001000110100101100110001100001010000000000000110111000011100010101100000001000111000010001101001010001101100000010100001010111011010011101
000000000000000000000
000000000000000000000
000000000000000000000
000000000010000000000
000000000001000000000
000000000000100000000
000000000000010000000
000000000000001000000
000000000000000100000
000000000000000010000
000000000000000001000
000000000000000000000
000000000000000000000
000000000000000000000
000000000000000000000
000000000000000000000
000000000000000000000
000000000000000000000
000000000000000000000
000000000000000000000
000000000000000000000
#
It:14:Diff:37:PSOStep:7:Time:4.995786189:s:AutomataStep:7:Transition:00100110010101100000100011001111100110100000000101110010000000000100001100110001011001111000100001010011111011100000000100000101010110110101011110000111010101000100001000100100000001000111010101001000101001111000110011010010000000101101001010110000001111010000010010100110000100100000110000111000000011000100110000100010111111011010000011010000000101100011000011000010001110110110111100101100110101100001001100101101000110110000010110010110000001000000111011000110111001010011010101000011010001010110011010001111
000000000000000000000
000000000000000000000
000000000000000000000
000000000010000000000
000000000001000000000
000000000000100000000
000000000000010000000
000000000000001000000
000000000000000100000
000000000000000010000
000000000000000001000
000000000000000000000
000000000000000000000
000000000000000000000
000000000000000000000
000000000000000000000
000000000000000000000
000000000000000000000
000000000000000000000
000000000000000000000
000000000000000000000
#
It:16:Diff:36:PSOStep:7:Time:5.417216888:s:AutomataStep:7:Transition:00100100011100101010101100001111111110100000000100010110101000100101000011110101011110010001100011001010101010110001000100000011010010010101111100001101010110001000101111100000011001000111000100010100000010101000110001001010000001101000101011100011101111010011010010100100000000101010100110111000110001000101110000101111101001011010010111011010000010110010010001001010000000010111111100001110100000101101101100111101010110100100110110110100101001011000011101000100110001000011111100000011010110010010000011010010
000000000000000000000
000000000000000000000
000000000000000000000
000000000010000000000
000000000101000000000
000000001000100000000
000000010100010000000
000000111110001000000
000001000101000100000
000011001101000010000
000010010101000001000
000000010100000000000
000000000000000000000
000000000000000000000
000000000000000000000
000000000000000000000
000000000000000000000
000000000000000000000
000000000000000000000
000000000000000000000
000000000000000000000
#
It:39:Diff:34:PSOStep:7:Time:10.250903683:s:AutomataStep:7:Transition:00100000111000111110100110011101111010100001000001111100001000000111001111100001110010100001100001001000101111100000001100010001010010100101010000001101011000100000001100010100011000000101110110011110000010111001110010000000100000101100110011101101000101110010010110100111001100100100110010011010000001011000010010011101111001011010110100011110000000100110010111000010000011010010011000011101110100110000001000011001000010101010011110111110111001001000000111000010110001000001100100000011010000011010000100001000
000000000000000000000
000000000000000000000
000000000000000000000
000000000010000000000
000000000101000000000
000000001000100000000
000000010000010000000
000000110010001000000
000001000001110100000
000010000011101010000
000110110001110111000
000000011100100100000
000000011000110000000
000000100101000000000
000000010000000000000
000000000000000000000
000000000000000000000
000000000000000000000
000000000000000000000
000000000000000000000
000000000000000000000
#
It:97:Diff:32:PSOStep:7:Time:23.557892984:s:AutomataStep:7:Transition:00100010010100111000100011101111101000100011000101100011000000000000001110110101000000111000101101000001111011100001000100000011010100110101010010001111000011010000001000110101000100000110010101000000101001111000110011000010000000101101111110100000001101110010011010100110000100100000110100011000000011000100010000100110110001010000000001000100000100110010000010000010001111110110110101001100100001100001001100001000000110011000010110011110100001001010111101000010111101010111010101000011110011010111011010001111
000000000000000000000
000000000000000000000
000000000000000000000
000000000010000000000
000000000001000000000
000000001000100000000
000000000100010000000
000000100010001000000
000000010001000100000
000010001000100010000
000011000100010001000
000000000000000000000
000000000000000000000
000000000000000000000
000000000000000000000
000000000000000000000
000000000000000000000
000000000000000000000
000000000000000000000
000000000000000000000
000000000000000000000
#
It:119:Diff:32:PSOStep:7:Time:28.330502845:s:AutomataStep:7:Transition:00100010010100111000100111111111101000100001000101100010000000000000001110110101000000111000100001001001111011100001000100000011010101110101010010001111000011110000001000110101000100010110010101000000101001111000110011000010000000101101111110100000001101110010011010100110000100110000110100011000100001000100010000100110111000011010000011000100000110110011000010000010001110110110110101011100100001100001000100001000000110011000110110010110110001011010111101000010111101011101010100000011010011010111011110001011
000000000000000000000
000000000000000000000
000000000000000000000
000000000010000000000
000000000001000000000
000000001000100000000
000000000100010000000
000000100010001000000
000000010001000100000
000010001000100010000
000011000100010001000
000000000000000000000
000000000000000000000
000000000000000000000
000000000000000000000
000000000000000000000
000000000000000000000
000000000000000000000
000000000000000000000
000000000000000000000
000000000000000000000
#
It:247:Diff:32:PSOStep:7:Time:55.243566967:s:AutomataStep:7:Transition:00100010001100101000010111101110101000100011000100010010000000000000001110110101000000110000101001011001110011100001000100100111100000010101010010001111000011010000001010110100000100010110010000000000001001110000110001000010000000101101001011101000100101110010011010110110001101110000110100001001100011000100010000100110110011011000010011000100000000111010000101000110000110000110110100011100100001110001000000101000000100010000010110010110100000001010111111010010110001011101101101000011010011010111010010001111
000000000000000000000
000000000000000000000
000000000000000000000
000000000010000000000
000000000001000000000
000000000000100000000
000000000100010000000
000000000010001000000
000000000001000100000
000000000000100010000
000000000000010001000
000000000010001010000
000000000001010100000
000000000000000000000
000000000100010000000
000000000010100000000
000000000001000000000
000000000010000000000
000000000000000000000
000000000000000000000
000000000000000000000
#
It:250:Diff:31:PSOStep:7:Time:55.847317229:s:AutomataStep:7:Transition:00100000011101011000100111111111101010100000001001100010000000000000001010010001000000110000001001001011101111110000000100000011010101110101010110001111010010110000111000100101000110010110000101001000101011101000110011100011100000101101111110000000101101110010101010100110001100111000100100001000101001000000010010100111011000011011000011000100100101000011100010000010001010110110110000011100110001100000000100000100000101011000000100001110110001001010011000000010011001000111010100000111100001011010001110001011
000000000000000000000
000000000000000000000
000000000000000000000
000000000010000000000
000000000101000000000
000000001000100000000
000000010000010000000
000000100010001000000
000001001001000100000
000010001100100010000
000011010000010001000
000000000000000000000
000000000000000000000
000000000000000000000
000000000000000000000
000000000000000000000
000000000000000000000
000000000000000000000
000000000000000000000
000000000000000000000
000000000000000000000
#
It:280:Diff:29:PSOStep:7:Time:62.239546011:s:AutomataStep:7:Transition:00100011011101111100100111111111101010101001000100100010000010000000001111110100110000101000101001010001011011000011001100100011010111110101010010000111010011000010001101110100000110010111010101001001001001111000110110110010000000001101111110100000101101110010101010100111000100100100111100001000100001000100011000101001111001100011000111001000100110010010000010000010001110110110010100011101110001110001101100000000000111111010110110000110110001011000110111000010011101011101000101000011110000010011001110001110
000000000000000000000
000000000000000000000
000000000000000000000
000000000010000000000
000000000101000000000
000000001000100000000
000000010100010000000
000000100010001000000
000001010001000100000
000010001000100010000
000011000100010001000
000000000000000000000
000000000000000000000
000000000000000000000
000000000000000000000
000000000000000000000
000000000000000000000
000000000000000000000
000000000000000000000
000000000000000000000
000000000000000000000
#
It:293:Diff:29:PSOStep:7:Time:64.975521157:s:AutomataStep:7:Transition:00100000011100111100100111111111101010100010000101101011000000000000001011110100100000111001001101000011111111100000000100000011011101110101010110001111011011000010101100100100000110010111000100001000001011101000110010100110100000101101111110000000101101110010101010100110001100101100111100001000100001000000011000100111110000111011000011000100100111010010000010000011101010110110010000011101110001100000001100000100000111001010010100001110110001011100111111000110011001001111010101000111110001011111011110001011
000000000000000000000
000000000000000000000
000000000000000000000
000000000010000000000
000000000101000000000
000000001000100000000
000000010100010000000
000000100010001000000
000001010001000100000
000010001000100010000
000011000100010001000
000000000000000000000
000000000000000000000
000000000000000000000
000000000000000000000
000000000000000000000
000000000000000000000
000000000000000000000
000000000000000000000
000000000000000000000
000000000000000000000
#
It:303:Diff:26:PSOStep:7:Time:66.923131045:s:AutomataStep:7:Transition:00100001011101111000100111001110111010101010000100001011000010000100000011010111110000100000101101010001101111100000000100000001011110010101010000001010010011000010111001000000000001000111010001001000001011001000110010100010100000101101111010000100100101110110111111100110000110110000100100001000100001000110010001101101010001000011000011100000000010100010000110000011000110101110100100011111100001100010101100100100000111101000010100110110010001011001111001010010011001000101000101000011100101101111011110001110
000000000000000000000
000000000000000000000
000000000000000000000
000000000010000000000
000000000101000000000
000000001000100000000
000000010100010000000
000000100010001000000
000001010001000100000
000010001000100010000
000010000000000001000
000000000000000000000
000000000000000000000
000000000000000000000
000000000000000000000
000000000000000000000
000000000000000000000
000000000000000000000
000000000000000000000
000000000000000000000
000000000000000000000
#
It:316:Diff:26:PSOStep:7:Time:69.759944952:s:AutomataStep:7:Transition:00100000011101011100100111011111101010101000000100001011000000000000001010010101100000110000101001000001101111110000000100000001011100110101010000001011010010000010101000010001000100010111010101001000001011011000110011100010100000101101111010101000000101110010101111100110000100100000110100001000100001000000010000100111010001001011000011000100000101110010100011000011000010100110100100011100110001100011001100000100000100101000010100111110110001011010011101000010011001000101010100000111100000011010011010001011
000000000000000000000
000000000000000000000
000000000000000000000
000000000010000000000
000000000101000000000
000000001000100000000
000000010100010000000
000000100010001000000
000001010001000100000
000010001000100010000
000010000000000001000
000000000000000000000
000000000000000000000
000000000000000000000
000000000000000000000
000000000000000000000
000000000000000000000
000000000000000000000
000000000000000000000
000000000000000000000
000000000000000000000
#
It:321:Diff:26:PSOStep:7:Time:70.789158974:s:AutomataStep:7:Transition:00100100011101001000100111101110111010100000000101000010001000000001000010010111100000110000101001000011111111110000000100000001011111010101010000001010011011010010101101110101000010000111010100001000101011001000100011110111100001001101011111000000001101110010111110100110001100101000110100011000100001000001010000100111010000011011001111010100000000110010000010000011000010111110100001011110110001110001011100100001000100101000010100111110110001111000011101000110111001001111000100000011110001001011011110001110
000000000000000000000
000000000000000000000
000000000000000000000
000000000010000000000
000000000101000000000
000000001000100000000
000000010100010000000
000000100010001000000
000001010001000100000
000010001000100010000
000010000000000001000
000000000000000000000
000000000000000000000
000000000000000000000
000000000000000000000
000000000000000000000
000000000000000000000
000000000000000000000
000000000000000000000
000000000000000000000
000000000000000000000
#
It:350:Diff:26:PSOStep:7:Time:76.711763218:s:AutomataStep:7:Transition:00100100011101001000100111101111101010100000000101010010001000000001000110010101100000110000101001000011101011100000000100000001011111010101010001001010011011110010101100110101000111100111000100001000001111001000110011110111100001000101011011000000101101110110101110100111001100101001110100111000101001000001010000100101010001111000011111000100000000110010000110000010000010111110001000011110110001110001111100100001000100101000100110010110100001111000011111010100111001000101010101000011110000001011011110001110
000000000000000000000
000000000000000000000
000000000000000000000
000000000010000000000
000000000101000000000
000000001000100000000
000000010100010000000
000000100010001000000
000001010001000100000
000010001000100010000
000010000000000001000
000000000000000000000
000000000000000000000
000000000000000000000
000000000000000000000
000000000000000000000
000000000000000000000
000000000000000000000
000000000000000000000
000000000000000000000
000000000000000000000
#
It:356:Diff:26:PSOStep:7:Time:77.896699875:s:AutomataStep:7:Transition:00100000011001001000100111101111111010100000000101100010001000000000000110010101100000110000100101000011101011000000000100000001010111010101010001001011010011110010101101110100000011100111000100001000001010001000110001110111000000001101011011000000101101110110101110100111001100101001110100111000101001000101010000100110010001011000011111000000000000100010000110000011000010111110101001011010110001110001101100100001000100101000100110010110100001111000011101000100111001000101010101000011110000001011011110001110
000000000000000000000
000000000000000000000
000000000000000000000
000000000010000000000
000000000101000000000
000000001000100000000
000000010100010000000
000000100010001000000
000001010001000100000
000010001000100010000
000010000000000001000
000000000000000000000
000000000000000000000
000000000000000000000
000000000000000000000
000000000000000000000
000000000000000000000
000000000000000000000
000000000000000000000
000000000000000000000
000000000000000000000
#
It:381:Diff:26:PSOStep:7:Time:83.011563476:s:AutomataStep:7:Transition:00100100011101001000100111001110101010100000000101100010001000000001000110010101100000110000101001000011101111100000000100000001011111010101010001001010010011110010101100110101000010100111000100001000001011001000100011100111100000000101011011000000000101110110101110100110000100101001110100111000101001000001010000100101010000011000010111000000000001110010000010000011001010111110101000011110110001110001011100100001000100101000100110110110100001111000011101010110111001001101010101000011110000001011011110001010
000000000000000000000
000000000000000000000
000000000000000000000
000000000010000000000
000000000101000000000
000000001000100000000
000000010100010000000
000000100010001000000
000001010001000100000
000010001000100010000
000010000000000001000
000000000000000000000
000000000000000000000
000000000000000000000
000000000000000000000
000000000000000000000
000000000000000000000
000000000000000000000
000000000000000000000
000000000000000000000
000000000000000000000
#
It:452:Diff:26:PSOStep:7:Time:97.686042983:s:AutomataStep:7:Transition:00100100011001001000000111111111111010100000000101110010001000000000001010110111100100111000001001001011101010100001000100101111011111110101011001000010010000010010101001110000000010010111000100001000001111001000110111000110100001000001011010000000011101110110101010100110000100100000100000001110001001000011011001100111010001111010011001100100000101110011000110000010001111110110101001011111100001110001101100010101000000101000000100100110100001111010111010010110011001000101010111000010111100011011011110001010
000000000000000000000
000000000000000000000
000000000000000000000
000000000010000000000
000000000101000000000
000000001000100000000
000000010100010000000
000000100010001000000
000001010001000100000
000010001000100010000
000010000000000001000
000000000000000000000
000000000000000000000
000000000000000000000
000000000000000000000
000000000000000000000
000000000000000000000
000000000000000000000
000000000000000000000
000000000000000000000
000000000000000000000
#
It:456:Diff:26:PSOStep:7:Time:98.614712466:s:AutomataStep:7:Transition:00100101011001001000000111111111101010100000000101101010001000000000000110010111100100110000101001000011101011100000000100000001011111110101010001000010010011110010111000110101000011000111000100001000001101001000100011100110100001000101011011000100101101110100100110100110000100110000100100011010101001000001011001100110010000011010010101100000000000110010000010000010001011100110100001011110100001110001101100100001000100101000100110100110010001111000011011010110011001010101010100000011110000001011011110001110
000000000000000000000
000000000000000000000
000000000000000000000
000000000010000000000
000000000101000000000
000000001000100000000
000000010100010000000
000000100010001000000
000001010001000100000
000010001000100010000
000010000000000001000
000000000000000000000
000000000000000000000
000000000000000000000
000000000000000000000
000000000000000000000
000000000000000000000
000000000000000000000
000000000000000000000
000000000000000000000
000000000000000000000
#
It:499:Diff:26:PSOStep:7:Time:107.935574503:s:AutomataStep:7:Transition:00100100011001001000100111111111111010100000000101111010001000000100000010010101100000110000101101001011101011100001000100000011011111110101011001001110011001010010101100110001000010010111000100001000001111001000100011100110100001000101011010000000001101110010101010100111001100100000110000001000001001000001011000000110010001111010011001100100000001110010000010000010000011110110111001011010100001100001101100100101000100101000110110100110100001111010011011010110011001010101010101000011110000001011011110001010
000000000000000000000
000000000000000000000
000000000000000000000
000000000010000000000
000000000101000000000
000000001000100000000
000000010100010000000
000000100010001000000
000001010001000100000
000010001000100010000
000010000000000001000
000000000000000000000
000000000000000000000
000000000000000000000
000000000000000000000
000000000000000000000
000000000000000000000
000000000000000000000
000000000000000000000
000000000000000000000
000000000000000000000
end
