PSO TRACE
INIT:../../instances/fazia/init.csv
REF:../../instances/fazia/asvn2.csv
DecodingPolicy:CPP2:CDLE2
MutationPolicy:Std
ParticleNeighborhood:Fixed
ParticleDims:515
ParticleCount:100
AccP:2.0
AccG:2.0
AccL:1.5
AccI:2.3
Pos:0.0-3.0
Inertia:0.9-0.6
VeloMax:2.0
MaxPSOIteration:500
InertiaDecrFactor:6.000000000000001E-4
INIT
000000000000000000000
000000000000000000000
000000000000000000000
000000000000000000000
000000000000000000000
000000000000000000000
000000000000000000000
000000000000000000000
000000000000000000000
000000000000000000000
000000000010000000000
000000000000000000000
000000000000000000000
000000000000000000000
000000000000000000000
000000000000000000000
000000000000000000000
000000000000000000000
000000000000000000000
000000000000000000000
000000000000000000000
REF
000000000000000000000
000000000000000000000
000000000000000000000
000000000010000000000
000000000101000000000
000000001000100000000
000000010100010000000
000000100010001000000
000001010001000100000
000010001010101010000
000100010001000101000
000010001000100010000
000001000100010100000
000000100010001000000
000000010001010000000
000000001000100000000
000000000101000000000
000000000010000000000
000000000000000000000
000000000000000000000
000000000000000000000
Classic CPP Decoder
0 :1,2,3,4,
1 :0,2,3,4,
2 :0,1,3,4,
3 :0,1,2,4,
4 :0,1,2,3,
5 :6,7,8,9,
6 :5,7,8,9,
7 :5,6,8,9,
8 :5,6,7,9,
9 :5,6,7,8,
10 :11,12,13,14,
11 :10,12,13,14,
12 :10,11,13,14,
13 :10,11,12,14,
14 :10,11,12,13,
15 :16,17,18,19,
16 :15,17,18,19,
17 :15,16,18,19,
18 :15,16,17,19,
19 :15,16,17,18,
20 :21,22,23,24,
21 :20,22,23,24,
22 :20,21,23,24,
23 :20,21,22,24,
24 :20,21,22,23,
25 :26,27,28,29,
26 :25,27,28,29,
27 :25,26,28,29,
28 :25,26,27,29,
29 :25,26,27,28,
30 :31,32,33,34,
31 :30,32,33,34,
32 :30,31,33,34,
33 :30,31,32,34,
34 :30,31,32,33,
35 :36,37,38,39,
36 :35,37,38,39,
37 :35,36,38,39,
38 :35,36,37,39,
39 :35,36,37,38,
40 :41,42,43,44,
41 :40,42,43,44,
42 :40,41,43,44,
43 :40,41,42,44,
44 :40,41,42,43,
45 :46,47,48,49,
46 :45,47,48,49,
47 :45,46,48,49,
48 :45,46,47,49,
49 :45,46,47,48,
50 :51,52,53,54,
51 :50,52,53,54,
52 :50,51,53,54,
53 :50,51,52,54,
54 :50,51,52,53,
55 :56,57,58,59,
56 :55,57,58,59,
57 :55,56,58,59,
58 :55,56,57,59,
59 :55,56,57,58,
60 :61,62,63,64,
61 :60,62,63,64,
62 :60,61,63,64,
63 :60,61,62,64,
64 :60,61,62,63,
65 :66,67,68,69,
66 :65,67,68,69,
67 :65,66,68,69,
68 :65,66,67,69,
69 :65,66,67,68,
70 :71,72,73,74,
71 :70,72,73,74,
72 :70,71,73,74,
73 :70,71,72,74,
74 :70,71,72,73,
75 :76,77,78,79,
76 :75,77,78,79,
77 :75,76,78,79,
78 :75,76,77,79,
79 :75,76,77,78,
80 :81,82,83,84,
81 :80,82,83,84,
82 :80,81,83,84,
83 :80,81,82,84,
84 :80,81,82,83,
85 :86,87,88,89,
86 :85,87,88,89,
87 :85,86,88,89,
88 :85,86,87,89,
89 :85,86,87,88,
90 :91,92,93,94,
91 :90,92,93,94,
92 :90,91,93,94,
93 :90,91,92,94,
94 :90,91,92,93,
95 :96,97,98,99,
96 :95,97,98,99,
97 :95,96,98,99,
98 :95,96,97,99,
99 :95,96,97,98,
#
It:0:Diff:44:PSOStep:1:Time:1.713435635:s:AutomataStep:1:Transition:00110111001111101010001011001000110011101110010110111101100001110100010011101101100111001110110110010100011001111010100011000000001001110010010000111000000011000101110101111011011111000111111110110100000101010011010010100100100011001101000000101110000011110011111110010010100000110010000000110000101011111001010100100110000101100100110010000100010000010011000100111011110010001111011101100110100011001111100100001001010011011110000011100001111001111010111100000110110010101001001100001011000010001110100000010011
000000000000000000000
000000000000000000000
000000000000000000000
000000000000000000000
000000000000000000000
000000000000000000000
000000000000000000000
000000000000000000000
000000000000000000000
000000000010000000000
000000000011000000000
000000000000000000000
000000000000000000000
000000000000000000000
000000000000000000000
000000000000000000000
000000000000000000000
000000000000000000000
000000000000000000000
000000000000000000000
000000000000000000000
#
It:1:Diff:43:PSOStep:1:Time:2.159961815:s:AutomataStep:1:Transition:00110111000100100010001011011001100111101110010010111100100001110100010011101101000111101110111111010101011001101010100111000100001001100010010000111000000011001101111101011011011111000111111100100111010101110011010010100101100111001101000000101011000011110001111000110010100000101010000000110000101010111101000110100110000101101100011110000101110000000011100101111011110011001011111101100011100011011111100001001000001011010110110010100001111000111010111100001110000110101111001000001011000011001111110000010110
000000000000000000000
000000000000000000000
000000000000000000000
000000000000000000000
000000000000000000000
000000000000000000000
000000000000000000000
000000000000000000000
000000000000000000000
000000000010000000000
000000000001000000000
000000000000000000000
000000000000000000000
000000000000000000000
000000000000000000000
000000000000000000000
000000000000000000000
000000000000000000000
000000000000000000000
000000000000000000000
000000000000000000000
#
It:2:Diff:43:PSOStep:1:Time:2.409344688:s:AutomataStep:1:Transition:00100111000100100010001011011001100011100010010010111100100001110100010010101001000111101100111111010101011001101000100111000100001001100010010000111000000011000101111101011010011111000101111100100111010101110011010010100100100101001101000000101011000011110001111000100010100000101010000000110000000010111101000110100110000101101100011110000101110000000011100101111011110010001011111101100011000011011111100000001000001010010110000010100000111000111010111100000100000110101111001000001011000010001111110000010010
000000000000000000000
000000000000000000000
000000000000000000000
000000000000000000000
000000000000000000000
000000000000000000000
000000000000000000000
000000000000000000000
000000000000000000000
000000000010000000000
000000000001000000000
000000000000000000000
000000000000000000000
000000000000000000000
000000000000000000000
000000000000000000000
000000000000000000000
000000000000000000000
000000000000000000000
000000000000000000000
000000000000000000000
#
It:3:Diff:43:PSOStep:1:Time:2.5500351:s:AutomataStep:1:Transition:00100101001010110010000010011100100010101000010010000100010001110100000011101001100101100100110110010101001101100010000001000000001001100000011000101000000011100101110100111011010111001110111100000001100100110000100010100011100111000101000000101011110011010001010001100010101000110000000000101000101010101001000100100110010001001000111111000101110000000001100101111011110010000111011101100100000011001110101001001001001100110100000001100001110000110100011100001110011110101111001000001010101011000110110000010000
000000000000000000000
000000000000000000000
000000000000000000000
000000000000000000000
000000000000000000000
000000000000000000000
000000000000000000000
000000000000000000000
000000000000000000000
000000000010000000000
000000000001000000000
000000000000000000000
000000000000000000000
000000000000000000000
000000000000000000000
000000000000000000000
000000000000000000000
000000000000000000000
000000000000000000000
000000000000000000000
000000000000000000000
#
It:7:Diff:43:PSOStep:1:Time:3.432531887:s:AutomataStep:1:Transition:00100101000010100000000011011001100000100000010010101100110000110100000111000001100001110100110101011100001000110010000101101001011001100000101000101000000011100101110100010011010111001101111000010001100100110000011010100011100111000101000000100010110011010001010001111010000100011010000000110000100010101101110110100010010111101001111000000000110000001010110111001011101110000001010001100101001011010001000000001001011110111101010001100001010000100110011100111100001110101110000001100110001101101001100001010000
000000000000000000000
000000000000000000000
000000000000000000000
000000000000000000000
000000000000000000000
000000000000000000000
000000000000000000000
000000000000000000000
000000000000000000000
000000000010000000000
000000000001000000000
000000000000000000000
000000000000000000000
000000000000000000000
000000000000000000000
000000000000000000000
000000000000000000000
000000000000000000000
000000000000000000000
000000000000000000000
000000000000000000000
#
It:8:Diff:43:PSOStep:3:Time:3.703157542:s:AutomataStep:3:Transition:00100001101101100010000000011101000001101000010010101100010001010100000011101001000001000101111101000000001100001000000001100000001000100000011001011010000011100101110100111011010010001110101100100001000000100010000000100101100101011111000000101001010010110101000001010010100010010001000000110000001000111001000100100100100101001000111110000001110000000001100101011011110110001111010101000100100010011010100000001001001100100110000000100001011000000101000100101110100110111111000001001010100101000110110100000001
000000000000000000000
000000000000000000000
000000000000000000000
000000000000000000000
000000000000000000000
000000000000000000000
000000000000000000000
000000000010000000000
000000000100000000000
000000001000000000000
000000010000000000000
000000000000000000000
000000000000000000000
000000000000000000000
000000000000000000000
000000000000000000000
000000000000000000000
000000000000000000000
000000000000000000000
000000000000000000000
000000000000000000000
#
It:13:Diff:42:PSOStep:3:Time:4.756594683:s:AutomataStep:3:Transition:00000101000111110000000011011101101000001010010010100000000001010100000011100101110011111010100110010000000000101010000000001001101000100010010000001000000111101101000110011011110001000000010001100010010100110010110000001111000110010101000000111010010011010000011101000000001000110010101010010000101010100101000111100100100001001100101110100010110000000011100101010000001010000111010100000011000011001110000100101000001110111110010000100000010001000100011100000101010010111001101000001010110010110101010000010111
000000000000000000000
000000000000000000000
000000000000000000000
000000000000000000000
000000000000000000000
000000000000000000000
000000000000000000000
000000000000000000000
000000000000000000000
000000000000000000000
000000000001010000000
000000000000100000000
000000000100000000000
000000000010000000000
000000000000000000000
000000000000000000000
000000000000000000000
000000000000000000000
000000000000000000000
000000000000000000000
000000000000000000000
#
It:17:Diff:42:PSOStep:3:Time:5.592466438:s:AutomataStep:3:Transition:00000101000111110010000011011101100010101010100010000010000001010100000011100101110001001010100010000100000000101010000000001000101000100010010000001000000111101101010110011010110001000000010101000010010100110011100000001111010110010101000000111000010011110000111100000010000100110010000010000000001010101101000110100100100000001100111110101010110010000010100111010000001010000111010100000010000010001111000000101100011111111111010001110000010001000110011100000100010010111000101000001010100000010101010001010111
000000000000000000000
000000000000000000000
000000000000000000000
000000000000000000000
000000000000000000000
000000000000000000000
000000000000000000000
000000000000000000000
000000000000000000000
000000000000000000000
000000000001010000000
000000000000100000000
000000000100000000000
000000000010000000000
000000000000000000000
000000000000000000000
000000000000000000000
000000000000000000000
000000000000000000000
000000000000000000000
000000000000000000000
#
It:20:Diff:41:PSOStep:7:Time:6.256452956:s:AutomataStep:7:Transition:00100111010110110100100011011101100011001010101000001010010110010100000111100100110101000000110111000100001001111010101101001001010000110010010001001001000010100101111110011011000001000100010001110110100010100010110100000110100110011101100001101111010011000001100100010100011010110010100011110000000000000101010001100000100011101110010010101010111010001011101001010110010110111111010100100000010000001011100001001111111011111110010011100000011101100110001000000111010000101010100001001000110010010100110001001000
000000000000000000000
000000000000000000000
000000000000000000000
000000000010000000000
000000000101000000000
000000001001100000000
000000000110110000000
000000100011101000000
000001010000000100000
000001011100000110000
000000000111110001000
000000000000000000000
000000000000000000000
000000000000000000000
000000000000000000000
000000000000000000000
000000000000000000000
000000000000000000000
000000000000000000000
000000000000000000000
000000000000000000000
#
It:22:Diff:37:PSOStep:7:Time:6.61092704:s:AutomataStep:7:Transition:00100110001100100001010010011101100001001010111000101100000100010100000101111000000001000100110111100000001001011010100000101000000010110000011001101001000000100101111100100011000100001101011100001011100000100010100000100010100111011101000000101011010010110001100000010010011010110011000011110000001100101001000000100000000010001000110010100000110100000010101001110010110110011011010100000000100010001000100001001000001100110000010001100000011101000010001010010110101110111110000000000000101011000100110001000001
000000000000000000000
000000000000000000000
000000000000000000000
000000000010000000000
000000000001000000000
000000000000100000000
000000000000010000000
000000000000001000000
000000000000000100000
000000000000000010000
000000000000000001000
000000000000000000000
000000000000000000000
000000000000000000000
000000000000000000000
000000000000000000000
000000000000000000000
000000000000000000000
000000000000000000000
000000000000000000000
000000000000000000000
#
It:32:Diff:35:PSOStep:7:Time:8.588786073:s:AutomataStep:7:Transition:00100111101100100101010010011101110101101101101000001110110111010100000100110001000000000111010100100100100000001011101100100011000001100011010001100001010010000101011101001011001010000111110000011101000010101010100110000100011110001110110011100011011010100001000010000010010000010001101001100000001110100101100111100110000110010010000110101000110110010111001001010011110001111010110100010010100000001101100110001111011011001110000010000000001100100011101011110100010100100110101001001100000010000100101000101001
000000000000000000000
000000000000000000000
000000000000000000000
000000000010000000000
000000000101000000000
000000001000100000000
000000010001010000000
000000101001000000000
000001000011000000000
000010000110110110000
000100000000000101000
000000000000000000000
000000000000000000000
000000000000000000000
000000000000000000000
000000000000000000000
000000000000000000000
000000000000000000000
000000000000000000000
000000000000000000000
000000000000000000000
#
It:48:Diff:32:PSOStep:7:Time:12.284055236:s:AutomataStep:7:Transition:00110110100100100000000010010101110001000000101000101100110111010000000100010001000000101111010111100100001101001000101100100100000000100010000110111101000011000101011100011011001101001111011000111101000110000010100110000100011010001110000100100010011011110101110000001111010000110100000010111100001110100101100111101110000101110001000111001001110101001111101100110010110111111010010100000000100000001111101001000110011011000110010001100100000100101000001011100101010100100111000000100000010010000000100010000001
000000000000000000000
000000000000000000000
000000000000000000000
000000000010000000000
000000000101000000000
000000001001100000000
000000010101010000000
000000100000011000000
000001010000010100000
000010011000100110000
000101010101010101000
000000000000000000000
000000000000000000000
000000000000000000000
000000000000000000000
000000000000000000000
000000000000000000000
000000000000000000000
000000000000000000000
000000000000000000000
000000000000000000000
#
It:53:Diff:30:PSOStep:7:Time:13.356333747:s:AutomataStep:7:Transition:00110110100100100100000010011101100001000000101010001110110011010000000100000000000100001111110101100100000101010000100001100100000000100010011101110101000001001101011100011111001011001101010000110101000100001100000110000100010110101110000100100010010011100001100001001110011000110110100011111000001110101101100111101110001100110000100101101001110111001111100010110110010111011001000100100011100000101111101011000110011011000111000000100000000000111000001110100110010000100001110010000000010010000000000000100001
000000000000000000000
000000000000000000000
000000000000000000000
000000000010000000000
000000000101000000000
000000001000100000000
000000010101010000000
000000100000001000000
000001010001011100000
000010001011010010000
000101010100000101000
000000000000000000000
000000000000000000000
000000000000000000000
000000000000000000000
000000000000000000000
000000000000000000000
000000000000000000000
000000000000000000000
000000000000000000000
000000000000000000000
#
It:61:Diff:28:PSOStep:7:Time:15.032256224:s:AutomataStep:7:Transition:00100111100100110100000000001101100000100000100100101110111100010000000100000111000000000110010100011100011101000000001001100000000000110000000001000010000001000100011100001010000000001101010000100011000000010101010000010100001110000101010000001110011001110001101010001011000010110101100010110100001010101000100111100110000000010000101000100100110011000110100101100111010111011111000101000111101000011000101011000100010011010010000000000000001000000000001010110100010001100011100000100001000010011110000001100001
000000000000000000000
000000000000000000000
000000000000000000000
000000000010000000000
000000000101000000000
000000001000100000000
000000010101010000000
000000100000001000000
000001010000010100000
000010001000100010000
000101010101010101000
000000000000000000000
000000000000000000000
000000000000000000000
000000000000000000000
000000000000000000000
000000000000000000000
000000000000000000000
000000000000000000000
000000000000000000000
000000000000000000000
#
It:67:Diff:24:PSOStep:7:Time:16.23222294:s:AutomataStep:7:Transition:00100001110100010000011001011101100000000010110000100000001011000000000100010000000101111100011001010100010001000010000000001011100100000100100010000011010100110011010111001011011011001011101100001001001001010101010110100011100010000000011110011110011100110000011010100001000101110100101100001001000000111001011000101101000000001100011000110000111101100101001111000110000010010111110001101101101011111000101101110011001010000001010000001101011000110001111100001101100100110001101011110110101011000000010111000110
000000000000000000000
000000000000000000000
000000000000000000000
000000000010000000000
000000000100000000000
000000001000100000000
000000010100000000000
000000100001101000000
000001000001000000000
000010011000011010000
000100001000000101000
000010000000000010000
000001011000010100000
000000100100101000000
000000010101010000000
000000001010100000000
000000000101000000000
000000000010000000000
000000000000000000000
000000000000000000000
000000000000000000000
#
It:84:Diff:23:PSOStep:7:Time:19.831133:s:AutomataStep:7:Transition:00100101100100010000100000011100100000000000000000001000001010010000000000000001100001110100110001011100011001000001100000000111100001110000100011000010010100110000011101000111011010001101001000010001001001010101000100000000000110000100001100001110010100110000111010101001000000110001000100001000001010000000001000101100000000001100101000100000111001001100101111000010010110100111010100101011101011011000101101000010000110011011000000101000011000100000111000000101000000100001100001000000000011000000000111100000
000000000000000000000
000000000000000000000
000000000000000000000
000000000010000000000
000000000101000000000
000000000000100000000
000000010011010000000
000000000110001000000
000000010000110100000
000010111010001010000
000100000001010101000
000010001010101010000
000001001101010100000
000000101010101000000
000000010101010000000
000000001010100000000
000000000101000000000
000000000010000000000
000000000000000000000
000000000000000000000
000000000000000000000
#
It:89:Diff:13:PSOStep:7:Time:20.916305444:s:AutomataStep:7:Transition:00100101100000010001000010011101101000101011010000100000001011000000000100010000000000110100111101011100011011100000000000100110101001100000011011000011010100111011011100001111011110001111001100110010001111010101010100110100100100000100000100001110010100110000101110000111001000110001001110000010000010010101110100111111000100100101100100110100111101000100000100100000010010100001110001101011001011111000000001000100001100001011000001101011111000110011101100000101000100100001000011011010001000000001010111010101
000000000000000000000
000000000000000000000
000000000000000000000
000000000010000000000
000000000101000000000
000000001000100000000
000000010100010000000
000000000010001000000
000001011001000100000
000010001000100010000
000101001100010001000
000010001010100010000
000001010100010100000
000000100010001000000
000000010001010000000
000000001000100000000
000000000101000000000
000000000010000000000
000000000000000000000
000000000000000000000
000000000000000000000
#
It:128:Diff:10:PSOStep:7:Time:28.93375803:s:AutomataStep:7:Transition:00100101100010010010000000011100111000101010010000100000000011100000000000000010000000111000111101001100010011000000100100110011100001000000101011000011000100111011011100100111011011001111101100110000101111010001011100110100110100010001001100011100010110110000001110000001001000110000001111001110000010011001111100011101000100101100000100110000111101000000000110100010000010100001111001001101000111000000000111010100001110100011001011101111110000110010101100001101000100100011000011011010101010010001100110000100
000000000000000000000
000000000000000000000
000000000000000000000
000000000010000000000
000000000101000000000
000000001000100000000
000000010100010000000
000000000010001000000
000000010001000100000
000011000000100010000
000100011101010101000
000010001000100010000
000001010100010100000
000000100010001000000
000000010001010000000
000000001000100000000
000000000101000000000
000000000010000000000
000000000000000000000
000000000000000000000
000000000000000000000
#
It:141:Diff:9:PSOStep:7:Time:31.595279455:s:AutomataStep:7:Transition:00100100100000010001001010011101101010001010010000100000000111000000000000000000000001111000111101011100100001100010000100110110101000100000111011000010000100111011111101100111011110001111001100111010011101111000011100110100100110010101000100011101110110110000011111000001001000110101001010001011000110000001111100000101000100100101000100110100111001100000010010100001010010000101111001001101001011101000000011000100001010100011001011101011010000110010101100000101000110100011000011011000001000010001100110000100
000000000000000000000
000000000000000000000
000000000000000000000
000000000010000000000
000000000101000000000
000000001000100000000
000000010100010000000
000000100010001000000
000001000101000100000
000010001100100010000
000101000001010101000
000010001000100010000
000001010100010100000
000000100010001000000
000000010001010000000
000000001000100000000
000000000101000000000
000000000010000000000
000000000000000000000
000000000000000000000
000000000000000000000
#
It:224:Diff:7:PSOStep:7:Time:48.83900314:s:AutomataStep:7:Transition:00100100100100010010000000011101101000001010010000100100001111000000000000010000000001101000110001010100011001100010000101100111100001000000000111000011000100101011111100100111011010001101001000110010001101010000010010100000100110000001000100011100010110110000011111000011001000110101101111001010000110010001011000010101000000001101000100110000111101100100000000000000010010100101111001101101001011101000000011000100001100100011001011000101110000110010101100000101000110100011000010010000001001010000110110110100
000000000000000000000
000000000000000000000
000000000000000000000
000000000010000000000
000000000101000000000
000000001000100000000
000000010100010000000
000000100010001000000
000001010000000100000
000010001001100010000
000101010001010101000
000010001000100010000
000001010100010100000
000000100010001000000
000000010001010000000
000000001000100000000
000000000101000000000
000000000010000000000
000000000000000000000
000000000000000000000
000000000000000000000
#
It:263:Diff:7:PSOStep:7:Time:56.972275005:s:AutomataStep:7:Transition:00100101110000000010000000011101111010101010011000100000001011000000000000100011000001111000111001001100011011110010000100100110101000000000110010001010000100111011011100001011011101001101001100011010101001011001011100100110001111010100001100001110010110100000001100000000001000010000101101001110000010010000011000111111000000101101010100110000011101000000100110100010010010100001111101001111001011110000001011010100011110101011000001100101110000100011101100101101000110100001000011000010001000010101110111000100
000000000000000000000
000000000000000000000
000000000000000000000
000000000010000000000
000000000101000000000
000000001000100000000
000000010100010000000
000000100010001000000
000001010001000100000
000010001010100010000
000101010010010001000
000010000000100010000
000001000100010100000
000000100010001000000
000000010001010000000
000000001000100000000
000000000101000000000
000000000010000000000
000000000000000000000
000000000000000000000
000000000000000000000
#
It:266:Diff:7:PSOStep:7:Time:57.648885631:s:AutomataStep:7:Transition:00100101110000000011000000011101111010101110011000100000001011000000000000000011000001111000111001011100011011110010000100100110100000000000110010001010000100111011011100000011011101001101001100011010101001011001011100100110001111010100000100001110010110100000001100000000001000010000001101001110000010010000011000111111000000101100011100110000011101000000000010100010010010100001111101001111001111100000001011010100011110101011000011001111110000100011101100101101000110100001000011000010001000010101110111000100
000000000000000000000
000000000000000000000
000000000000000000000
000000000010000000000
000000000101000000000
000000001000100000000
000000010100010000000
000000100010001000000
000001010001000100000
000010001010100010000
000101010010010001000
000010000000100010000
000001000100010100000
000000100010001000000
000000010001010000000
000000001000100000000
000000000101000000000
000000000010000000000
000000000000000000000
000000000000000000000
000000000000000000000
#
It:267:Diff:6:PSOStep:7:Time:57.844139317:s:AutomataStep:7:Transition:00100101100000010010000010011101101010001010011000100000000111000000000000000010000001111000111001010100011001100011100100100110100000000100010011001010000100111011111100100011010011001101001100011010001101011001010100110010110110010100001100011110010110110000011101000001001000010101101011001110000010010000011000111101000100001100011100110000111101100000100010100010010010000101111001001111001011101000001111010100001100100011001001000101010000110010101100001101100100100001000010110010101000010000110111100100
000000000000000000000
000000000000000000000
000000000000000000000
000000000010000000000
000000000101000000000
000000001000100000000
000000010100010000000
000000100010001000000
000001010001000100000
000010001000100010000
000101010101010101000
000010001000100010000
000001010100010100000
000000100010001000000
000000010001010000000
000000001000100000000
000000000101000000000
000000000010000000000
000000000000000000000
000000000000000000000
000000000000000000000
#
It:279:Diff:6:PSOStep:7:Time:60.266157321:s:AutomataStep:7:Transition:00100100100000010010000010011101111010001110010000100000000011000000000000000010000001110000110101010100010011000010000100100011100000100000111111001011000100111011111100100111001011001101001100010010001001011001011100110010110110010000001111001110010110110000001110000000001000010000101011001010000010000000011000010101000100001100001100110000011101000000100010100000000010000101101001001101000011001000001111000010001110100011001001001011010000110010101100001101100100100001000010010100101010010100100111100100
000000000000000000000
000000000000000000000
000000000000000000000
000000000010000000000
000000000101000000000
000000001000100000000
000000010100010000000
000000100010001000000
000001010001000100000
000010001000100010000
000101010101010101000
000010001000100010000
000001010100010100000
000000100010001000000
000000010001010000000
000000001000100000000
000000000101000000000
000000000010000000000
000000000000000000000
000000000000000000000
000000000000000000000
#
It:290:Diff:6:PSOStep:7:Time:62.56801399:s:AutomataStep:7:Transition:00100000100000000010000001001100111010001110010000100000000011000000000000000010000101101000110001001100011011110111110100110000100000000000110111001000000100101011111100100011010111001101101101011000101101111001011101100110011111010000001010001111110110100000001000001000001000010001100111001000000010011000001010011111000000001101011100110000011101000101100010100011010010000000111101001111001011100100001111010100011110100011000011000101010000000100101100000101100110110011000000010000001000010101100001100010
000000000000000000000
000000000000000000000
000000000000000000000
000000000010000000000
000000000101000000000
000000001000100000000
000000010100010000000
000000100010001000000
000001010001000100000
000010001000100010000
000101010101010101000
000010001000100010000
000001010100010100000
000000100010001000000
000000010001010000000
000000001000100000000
000000000101000000000
000000000010000000000
000000000000000000000
000000000000000000000
000000000000000000000
#
It:301:Diff:6:PSOStep:7:Time:64.780883986:s:AutomataStep:7:Transition:00100000100000000010000001011101101010001010010000100000000011000000000000000010000001111000111001010100110011100011100100110011100000000000110111001010000100111011111100100011001111001101001100010000101001111001001111110010110110010000001111001100010110100000011100000001001000010001100111001010000010000000011000110101000100001110000100110000011101000000100010100011010010000000111001001111000011000000000111010000001110100011001001001000010000110011101100001101100100100001000011010000001000010001100101000100
000000000000000000000
000000000000000000000
000000000000000000000
000000000010000000000
000000000101000000000
000000001000100000000
000000010100010000000
000000100010001000000
000001010001000100000
000010001000100010000
000101010101010101000
000010001000100010000
000001010100010100000
000000100010001000000
000000010001010000000
000000001000100000000
000000000101000000000
000000000010000000000
000000000000000000000
000000000000000000000
000000000000000000000
#
It:346:Diff:4:PSOStep:7:Time:73.700889267:s:AutomataStep:7:Transition:00100000100000010000000001011101101010000010010000100000000011000000000000000010000101111000111101010100011001100010100000110011100000000000110111001010000100111011111100100111011011001101001101010010111001011000001110100110000111010000001001001101010110110000011101000001001000010000101110000000000010000000011101110101000100001110000100110000110101000000000000000011000010000000111001001100001011100000001111010100001010001011001001001001010000110010101100001101100100100001000010111000001000010001000111000100
000000000000000000000
000000000000000000000
000000000000000000000
000000000010000000000
000000000101000000000
000000001000100000000
000000010100010000000
000000100110001000000
000001010001000100000
000010001000100010000
000100010001000101000
000010001000100010000
000001010100010100000
000000100010001000000
000000010001010000000
000000001000100000000
000000000101000000000
000000000010000000000
000000000000000000000
000000000000000000000
000000000000000000000
#
It:357:Diff:3:PSOStep:7:Time:76.039925465:s:AutomataStep:7:Transition:00100000100000010001000000011101101000000010011010100000001011100000000000100000000001111000111001010100011001100011000100110100100000000000110001001010000100101011111100100011011111001101001000010110101101011000000000100110101111010000001000001110010110100000001100000001001000010100001110000000000010000000001000011111000000001110000100110000011101000000000010000001001010000000111001001101001011100000001111010100001010000011000001001001010000100101101100100101000000100001000011010000001001010101001111000100
000000000000000000000
000000000000000000000
000000000000000000000
000000000010000000000
000000000101000000000
000000001000100000000
000000010100010000000
000000100010001000000
000001010001000100000
000010001000100010000
000100010001000101000
000010001000100010000
000001010100010100000
000000100010001000000
000000010001010000000
000000001000100000000
000000000101000000000
000000000010000000000
000000000000000000000
000000000000000000000
000000000000000000000
#
It:375:Diff:3:PSOStep:7:Time:79.811625353:s:AutomataStep:7:Transition:00100000100000010001000000011101101010000010011000100000001011100010000000000000000101111000111001010100011001100111000100110111100000000000101111000010000100101011111100100011011111001101001100010010111101011000010100110110100111011000001001001100010110100000001101000011001000010101001011001000000010000000011100111101000000101111000100110000011101000000100110100001000010000000101001001111001011100000001111000000001010100011000001001001010000110010101100101101100110100001000011010000001000010001010111000100
000000000000000000000
000000000000000000000
000000000000000000000
000000000010000000000
000000000101000000000
000000001000100000000
000000010100010000000
000000100010001000000
000001010001000100000
000010001000100010000
000100010001000101000
000010001000100010000
000001010100010100000
000000100010001000000
000000010001010000000
000000001000100000000
000000000101000000000
000000000010000000000
000000000000000000000
000000000000000000000
000000000000000000000
#
It:403:Diff:3:PSOStep:7:Time:85.722830485:s:AutomataStep:7:Transition:00100000100000000000000010011101101010000010010000100100000011000000000000000000000001110100111101010100011011000010100100110010100000000000101101000010000100101010011100100011011111001101001000110000001100010000001100100100010110010000001100000100010110100000001001000011001000010001101110000101000010001000001100011111000100000000010100100000111101100000000010000000000010000101110001001111001111000000000011010000000010100011000101001000010000110010101100001101000100100001000010010000000000010001100101000100
000000000000000000000
000000000000000000000
000000000000000000000
000000000010000000000
000000000101000000000
000000001000100000000
000000010100010000000
000000100010001000000
000001010001000100000
000010001000100010000
000100010001000101000
000010001000100010000
000001010100010100000
000000100010001000000
000000010001010000000
000000001000100000000
000000000101000000000
000000000010000000000
000000000000000000000
000000000000000000000
000000000000000000000
#
It:414:Diff:3:PSOStep:7:Time:88.011744283:s:AutomataStep:7:Transition:00100000100000000000000010011101101000000010110010100100000011000000000100100000000000111000111101010100010011100110100000100001100000000000101001000010000100111011011100100011001111001101001000111000101110011001001101100110010110010000001010001100010111100000001001000010001000010000001111000100000110001000001010011111000100001000000100100000111101000000001010000011000110000101111001101111101011100000000101010100000010000011000001001000111000110000101100000101000100100011000010010000000000010001000101000100
000000000000000000000
000000000000000000000
000000000000000000000
000000000010000000000
000000000101000000000
000000001000100000000
000000010100010000000
000000100010001000000
000001010001000100000
000010001000100010000
000100010001000101000
000010001000100010000
000001010100010100000
000000100010001000000
000000010001010000000
000000001000100000000
000000000101000000000
000000000010000000000
000000000000000000000
000000000000000000000
000000000000000000000
end
