PSO TRACE
INIT:../../instances/fazia/init.csv
REF:../../instances/fazia/asvn1.csv
DecodingPolicy:CPPNot:CDLE2
MutationPolicy:Std10
ParticleNeighborhood:Fixed
ParticleDims:515
ParticleCount:100
AccP:2.0
AccG:2.0
AccL:1.5
AccI:2.3
Pos:0.0-3.0
Inertia:0.9-0.6
VeloMax:2.0
MaxPSOIteration:250
InertiaDecrFactor:0.0012000000000000001
INIT
000000000000000000000
000000000000000000000
000000000000000000000
000000000000000000000
000000000000000000000
000000000000000000000
000000000000000000000
000000000000000000000
000000000000000000000
000000000000000000000
000000000010000000000
000000000000000000000
000000000000000000000
000000000000000000000
000000000000000000000
000000000000000000000
000000000000000000000
000000000000000000000
000000000000000000000
000000000000000000000
000000000000000000000
REF
000000000000000000000
000000000000000000000
000000000000000000000
000000000010000000000
000000000111000000000
000000001010100000000
000000011100110000000
000000101001101000000
000001111001111100000
000010111111111010000
000111011111110111000
000000000000000000000
000000000000000000000
000000000000000000000
000000000000000000000
000000000000000000000
000000000000000000000
000000000000000000000
000000000000000000000
000000000000000000000
000000000000000000000
Classic CPP Decoder + Not Test
0 :1,2,3,4,
1 :0,2,3,4,
2 :0,1,3,4,
3 :0,1,2,4,
4 :0,1,2,3,
5 :6,7,8,9,
6 :5,7,8,9,
7 :5,6,8,9,
8 :5,6,7,9,
9 :5,6,7,8,
10 :11,12,13,14,
11 :10,12,13,14,
12 :10,11,13,14,
13 :10,11,12,14,
14 :10,11,12,13,
15 :16,17,18,19,
16 :15,17,18,19,
17 :15,16,18,19,
18 :15,16,17,19,
19 :15,16,17,18,
20 :21,22,23,24,
21 :20,22,23,24,
22 :20,21,23,24,
23 :20,21,22,24,
24 :20,21,22,23,
25 :26,27,28,29,
26 :25,27,28,29,
27 :25,26,28,29,
28 :25,26,27,29,
29 :25,26,27,28,
30 :31,32,33,34,
31 :30,32,33,34,
32 :30,31,33,34,
33 :30,31,32,34,
34 :30,31,32,33,
35 :36,37,38,39,
36 :35,37,38,39,
37 :35,36,38,39,
38 :35,36,37,39,
39 :35,36,37,38,
40 :41,42,43,44,
41 :40,42,43,44,
42 :40,41,43,44,
43 :40,41,42,44,
44 :40,41,42,43,
45 :46,47,48,49,
46 :45,47,48,49,
47 :45,46,48,49,
48 :45,46,47,49,
49 :45,46,47,48,
50 :51,52,53,54,
51 :50,52,53,54,
52 :50,51,53,54,
53 :50,51,52,54,
54 :50,51,52,53,
55 :56,57,58,59,
56 :55,57,58,59,
57 :55,56,58,59,
58 :55,56,57,59,
59 :55,56,57,58,
60 :61,62,63,64,
61 :60,62,63,64,
62 :60,61,63,64,
63 :60,61,62,64,
64 :60,61,62,63,
65 :66,67,68,69,
66 :65,67,68,69,
67 :65,66,68,69,
68 :65,66,67,69,
69 :65,66,67,68,
70 :71,72,73,74,
71 :70,72,73,74,
72 :70,71,73,74,
73 :70,71,72,74,
74 :70,71,72,73,
75 :76,77,78,79,
76 :75,77,78,79,
77 :75,76,78,79,
78 :75,76,77,79,
79 :75,76,77,78,
80 :81,82,83,84,
81 :80,82,83,84,
82 :80,81,83,84,
83 :80,81,82,84,
84 :80,81,82,83,
85 :86,87,88,89,
86 :85,87,88,89,
87 :85,86,88,89,
88 :85,86,87,89,
89 :85,86,87,88,
90 :91,92,93,94,
91 :90,92,93,94,
92 :90,91,93,94,
93 :90,91,92,94,
94 :90,91,92,93,
95 :96,97,98,99,
96 :95,97,98,99,
97 :95,96,98,99,
98 :95,96,97,99,
99 :95,96,97,98,
#
It:0:Diff:43:PSOStep:3:Time:3.729406:s:AutomataStep:3:Transition:01101000001100001110100101011111001000011110100000110111111001000011011000011101100000001000111000001011001101100000000000000010001011000100110111100001010000011110011001100100010011111100000010010000110111000100100100010101001010011010000101010011110011000001100011110100001001110111111110000100100011100111000111110111100001100011101101111111011000011000001000001001101001001110011001001101011001101101000000001001001010001101101111000000010111000111100110101110101111110100100010110110011111000001011001110010
000000000000000000000
000000000000000000000
000000000000000000000
000000000000000000000
000000000000000000000
000000000000000000000
000000000000000000000
000000011101110000000
000000001000100000000
000000001111000000000
000000000011000000000
000000000100000000000
000000000000000000000
000000000000000000000
000000000000000000000
000000000000000000000
000000000000000000000
000000000000000000000
000000000000000000000
000000000000000000000
000000000000000000000
#
It:1:Diff:40:PSOStep:3:Time:5.508678:s:AutomataStep:3:Transition:01111110101111001011101001111111011111011100100111111111111101000010011110011101111101111101110110001011001101010000110000001110001111101101000111100111000011110110010101110100111011111111001101011100110111000110100111010100010101100010010001010111111001010011100101110100010011111011110110010100110011111011011011010111101001100111101111011110011100111001000110111001011001101111111111101111001101111100010110001111101011001111111111001011111111111011110100101110111111100100101110110101001111111001011101010111
000000000000000000000
000000000000000000000
000000000000000000000
000000000000000000000
000000000000000000000
000000000000000000000
000000000000000000000
000000011111110000000
000000011101100000000
000000001110100000000
000000011111100000000
000000000011000000000
000000000000000000000
000000000000000000000
000000000000000000000
000000000000000000000
000000000000000000000
000000000000000000000
000000000000000000000
000000000000000000000
000000000000000000000
#
It:3:Diff:35:PSOStep:7:Time:8.422953:s:AutomataStep:7:Transition:00111100111110000001000000111110001011000000110110001001101001000011101000101000001100011000000001000110111001000000010010000000001110101101000100100111000010110101011111011000000000011000010001011111111011000100111010110011101111011010111011000111110100010110100101111100101001111011100011001110100111100010111101101011010001010011101011000111110110010010000000101011100010001101101001100000001000101011010000010111110011011010010011110000010110110111000100011100100101010111101000011100111011010001111011001011
000000000000000000000
000000000000000000000
000000000000000000000
000000000011111111000
000000000100000000000
000000001000001100000
000000010110100000000
000000100010011100000
000001011000100100000
000010110111101100000
000101111101110100000
000000000000000000000
000000000000000000000
000000000000000000000
000000000000000000000
000000000000000000000
000000000000000000000
000000000000000000000
000000000000000000000
000000000000000000000
000000000000000000000
#
It:10:Diff:35:PSOStep:5:Time:18.434713:s:AutomataStep:5:Transition:00100100101100000100100000100110001110001001110110001001100011000100001000101000000100000000011001101111010011110011100000000000011100001111100001101110010010110011111110011001100101011000000000110111011111010101101000101110101101001010110011111101100101100110100001000100111001011011100010000111100111100010101100001010000100011101101001100111100000000000101000001010100010000000001000100000010000111011000000000101010011011011010011010001110101110111001000101110100001010100001010001100111010000001101111001010
000000000000000000000
000000000000000000000
000000000000000000000
000000000000000000000
000000000000000000000
000000000010000000000
000000000101000000000
000000001001100000000
000000010111010000000
000000101010110000000
000001011101000000000
000000000000000000000
000000000000000000000
000000000000000000000
000000000000000000000
000000000000000000000
000000000000000000000
000000000000000000000
000000000000000000000
000000000000000000000
000000000000000000000
#
It:13:Diff:25:PSOStep:7:Time:22.54636:s:AutomataStep:7:Transition:00110110111111000110100000010110001010111001010110001001001000010010101000101100001001011010010001000000111000000000000010000000001111110100000100100111000010011100111111010000000000001110110001011001011011000100111000010011101011011010011110000111110100010100100001111110101000111010000011001111100101111011111101101001011100100011101011000101100110011011001011001010100010001001111001101000000000101011010000000110110010010110011011111000000110000011000000101110001111110101101000110101011010010001011001001010
000000000000000000000
000000000000000000000
000000000000000000000
000000000010000000000
000000000101000000000
000000001000100000000
000000010000010000000
000000101110101000000
000001010111101100000
000011011011110100000
000101110011110100000
000000000000000000000
000000000000000000000
000000000000000000000
000000000000000000000
000000000000000000000
000000000000000000000
000000000000000000000
000000000000000000000
000000000000000000000
000000000000000000000
#
It:25:Diff:23:PSOStep:7:Time:43.092487:s:AutomataStep:7:Transition:00110110111011000110110010011110101100110100010010000011010011010101101000101100011001010001001100000001111100110000000010000000001111111100000101101111000000111100100110011000000010011111110100010001011011000000111110010101101011011010010110000101010100010100100001110110101000011010000011101111100101111001101100100000000000000011111011000101100000010011101111000010100111001000111001101000100000100010010010000110110000000110010111111000011100000010110000101110010111010111011111100100000010110001011111100010
000000000000000000000
000000000000000000000
000000000000000000000
000000000010000000000
000000000001000000000
000000001011100000000
000000000100110000000
000000010110111000000
000000100001001100000
000010111011111110000
000101011011010011000
000000000000000000000
000000000000000000000
000000000000000000000
000000000000000000000
000000000000000000000
000000000000000000000
000000000000000000000
000000000000000000000
000000000000000000000
000000000000000000000
#
It:33:Diff:23:PSOStep:7:Time:56.541523:s:AutomataStep:7:Transition:00110110111101000110100010011110001110111101010110001001011011010000101010101100001101011010011000000111111101110000000111000001001111111101000100100111000000011100111111011001100000011111110001011001011011010100111100010111101111011010010111010001110000010100101001011111111000111010000011111101100101111001111101101001000100000011111011000101100110010011101111001010100010000100111001101000100000101011010000000100010010010110000011011010010110000111101100101110101111110111111000111100010010110001011110001110
000000000000000000000
000000000000000000000
000000000000000000000
000000000010000000000
000000000101000000000
000000001011100000000
000000011000010000000
000000101111111000000
000001011100111100000
000011011011011100000
000101111011101100000
000000000000000000000
000000000000000000000
000000000000000000000
000000000000000000000
000000000000000000000
000000000000000000000
000000000000000000000
000000000000000000000
000000000000000000000
000000000000000000000
#
It:52:Diff:21:PSOStep:7:Time:85.294868:s:AutomataStep:7:Transition:00110110111111000110011010110110101110110101010110011011111011010010111100101000011101111011011001011001101101110101000110000000011110111101000100101111110000111101111101011001100000011010111000011001111011010100111111010101101101011110111110000011110100010101100101111101101001111011100011001111100111111110111111101011010101011111101011100101100100011010101111111110101011000101111001101100100000101011010010011111110010010111010011111000010100010011100101101110110111110110111000110100111010110011110011101010
000000000000000000000
000000000000000000000
000000000000000000000
000000000010000000000
000000000101000000000
000000001001100000000
000000010000110000000
000000111000001000000
000001111110001100000
000010011110011110000
000101000110110111000
000000000000000000000
000000000000000000000
000000000000000000000
000000000000000000000
000000000000000000000
000000000000000000000
000000000000000000000
000000000000000000000
000000000000000000000
000000000000000000000
#
It:71:Diff:18:PSOStep:7:Time:111.591423:s:AutomataStep:7:Transition:00110110111111000110011011111111101110110101010110011011111011010010111100101100011101111011011101011001101101110101000110000000011111011101000100101111110000111101111101011101100000011110111000011010111011010100111110010100101101011110011110000011110100010101100101111100101011111011100011001111100111011110111111101001011101011111111011100101100100011010101111111110101011001101011001101100100000101011010010011111110110010111010011111000010110110011100101101110110111110110111100110100111010110011110011101110
000000000000000000000
000000000000000000000
000000000000000000000
000000000010000000000
000000000101000000000
000000001110100000000
000000011101110000000
000000101110001000000
000001101101111100000
000010101100010110000
000101011111011111000
000000000000000000000
000000000000000000000
000000000000000000000
000000000000000000000
000000000000000000000
000000000000000000000
000000000000000000000
000000000000000000000
000000000000000000000
000000000000000000000
#
It:86:Diff:17:PSOStep:7:Time:131.840981:s:AutomataStep:7:Transition:00110110111111000110111010110100101110111101010110000011011011000011111000101100011101000011011000010001111101110100000010000000001110010100000100101011010000111101111101011001100000011011110001011001111010010100111100010110101101011110011111001011110100010100100101011111101001111010000011001100100111011010011111101001001101001011101011100001100100011011000111001110101011000000101001111100100000101111010010011011110010010111010010111000010100010011101100001010100111110100101001110101011010110000110010101010
000000000000000000000
000000000000000000000
000000000000000000000
000000000010000000000
000000000101000000000
000000001110100000000
000000010100110000000
000000111011001000000
000001011101101100000
000010001011101110000
000101011110010111000
000000000000000000000
000000000000000000000
000000000000000000000
000000000000000000000
000000000000000000000
000000000000000000000
000000000000000000000
000000000000000000000
000000000000000000000
000000000000000000000
#
It:92:Diff:17:PSOStep:7:Time:140.591845:s:AutomataStep:7:Transition:00110010111011001110011010110110101110111100010110011011011001010011001100101000111101100001000000010001101101100101000010000001001110011101000101100011110000111100111110011000000000011011111000011001011010011100111110011100100001011010011110001001110100010100101001111110101110101000000011001111100101111011111111101011000100011011101011000001100100000011000111011110101011000000111001101000000000001010010000011011110111000011010011111000010110010011100100101111111111100101101000110100010110010001010010100010
000000000000000000000
000000000000000000000
000000000000000000000
000000000010000000000
000000000111000000000
000000001010100000000
000000011111110000000
000000110110101000000
000001111100110100000
000010101001001010000
000111011001110111000
000000000000000000000
000000000000000000000
000000000000000000000
000000000000000000000
000000000000000000000
000000000000000000000
000000000000000000000
000000000000000000000
000000000000000000000
000000000000000000000
#
It:101:Diff:15:PSOStep:7:Time:154.365284:s:AutomataStep:7:Transition:00110110111010001010011000110110101110101000010110010011111001010010001110101000010100000001000001011001111101100001010110000001001110111100000101101111011010110101111110011000000000011010110001011011011010010100010100011100100101011110011110000010010100010100101001111110101110101000000111001111100101111010011111101010010000011001101011000001101100010010001011111010101011000000111101101000000010001010010000010010010110000011010010111000011110000011100100101110101110100111101001110101110010000000110011100110
000000000000000000000
000000000000000000000
000000000000000000000
000000000010000000000
000000000111000000000
000000001010100000000
000000011000010000000
000000101000101000000
000001100000010100000
000010101001100010000
000111011010110111000
000000000000000000000
000000000000000000000
000000000000000000000
000000000000000000000
000000000000000000000
000000000000000000000
000000000000000000000
000000000000000000000
000000000000000000000
000000000000000000000
#
It:103:Diff:14:PSOStep:7:Time:157.476684:s:AutomataStep:7:Transition:00110110110001001100000000010110101000101100110010000001011001010010101010111100000000010100011001001101110101000000000110000000001111111101010101101111001000010001001100001000000000011010000001011001011010000100110100010111101101010010011110010100100001010001101000111110111100111100000111011100110100100000111110110010010000101001101011110001101000011010001010111010100010001010110001101100000000101010010100010110010110001010011010111010000010000001100000101110100100100111001001010101011010100000111011001110
000000000000000000000
000000000000000000000
000000000000000000000
000000000010000000000
000000000111000000000
000000001000100000000
000000011100110000000
000000101111001000000
000001110001101100000
000010100101010010000
000111011111101011000
000000000000000000000
000000000000000000000
000000000000000000000
000000000000000000000
000000000000000000000
000000000000000000000
000000000000000000000
000000000000000000000
000000000000000000000
000000000000000000000
#
It:214:Diff:13:PSOStep:7:Time:331.356074:s:AutomataStep:7:Transition:00110110110001001110001000010110101110101000110010000001010001010010101010111100010000000000010001010001110101100100000010000000001101111101000101001011001010110001001100011000000000111010000001011001011010000100110000011101101101011010011110010100100101010001101001111110101100111100000111001000100101110010011110111001000001011001101011100101101000010010001110011010100011001010011001101000000000101100101010110010010110001011010011111011001010100011100000101110101100110111001101010101010010100000011010001110
000000000000000000000
000000000000000000000
000000000000000000000
000000000010000000000
000000000111000000000
000000001000100000000
000000011000110000000
000000110001111000000
000001111000001100000
000010110101011010000
000111011111010011000
000000000000000000000
000000000000000000000
000000000000000000000
000000000000000000000
000000000000000000000
000000000000000000000
000000000000000000000
000000000000000000000
000000000000000000000
000000000000000000000
end
