PSO TRACE
INIT:../../instances/fazia/init.csv
REF:../../instances/fazia/asvn1.csv
DecodingPolicy:CPPNot:CDLE2
MutationPolicy:Std10
ParticleNeighborhood:Fixed
ParticleDims:515
ParticleCount:100
AccP:2.0
AccG:2.0
AccL:1.5
AccI:2.3
Pos:0.0-3.0
Inertia:0.9-0.6
VeloMax:2.0
MaxPSOIteration:250
InertiaDecrFactor:0.0012000000000000001
INIT
000000000000000000000
000000000000000000000
000000000000000000000
000000000000000000000
000000000000000000000
000000000000000000000
000000000000000000000
000000000000000000000
000000000000000000000
000000000000000000000
000000000010000000000
000000000000000000000
000000000000000000000
000000000000000000000
000000000000000000000
000000000000000000000
000000000000000000000
000000000000000000000
000000000000000000000
000000000000000000000
000000000000000000000
REF
000000000000000000000
000000000000000000000
000000000000000000000
000000000010000000000
000000000111000000000
000000001010100000000
000000011100110000000
000000101001101000000
000001111001111100000
000010111111111010000
000111011111110111000
000000000000000000000
000000000000000000000
000000000000000000000
000000000000000000000
000000000000000000000
000000000000000000000
000000000000000000000
000000000000000000000
000000000000000000000
000000000000000000000
Classic CPP Decoder + Not Test
0 :1,2,3,4,
1 :0,2,3,4,
2 :0,1,3,4,
3 :0,1,2,4,
4 :0,1,2,3,
5 :6,7,8,9,
6 :5,7,8,9,
7 :5,6,8,9,
8 :5,6,7,9,
9 :5,6,7,8,
10 :11,12,13,14,
11 :10,12,13,14,
12 :10,11,13,14,
13 :10,11,12,14,
14 :10,11,12,13,
15 :16,17,18,19,
16 :15,17,18,19,
17 :15,16,18,19,
18 :15,16,17,19,
19 :15,16,17,18,
20 :21,22,23,24,
21 :20,22,23,24,
22 :20,21,23,24,
23 :20,21,22,24,
24 :20,21,22,23,
25 :26,27,28,29,
26 :25,27,28,29,
27 :25,26,28,29,
28 :25,26,27,29,
29 :25,26,27,28,
30 :31,32,33,34,
31 :30,32,33,34,
32 :30,31,33,34,
33 :30,31,32,34,
34 :30,31,32,33,
35 :36,37,38,39,
36 :35,37,38,39,
37 :35,36,38,39,
38 :35,36,37,39,
39 :35,36,37,38,
40 :41,42,43,44,
41 :40,42,43,44,
42 :40,41,43,44,
43 :40,41,42,44,
44 :40,41,42,43,
45 :46,47,48,49,
46 :45,47,48,49,
47 :45,46,48,49,
48 :45,46,47,49,
49 :45,46,47,48,
50 :51,52,53,54,
51 :50,52,53,54,
52 :50,51,53,54,
53 :50,51,52,54,
54 :50,51,52,53,
55 :56,57,58,59,
56 :55,57,58,59,
57 :55,56,58,59,
58 :55,56,57,59,
59 :55,56,57,58,
60 :61,62,63,64,
61 :60,62,63,64,
62 :60,61,63,64,
63 :60,61,62,64,
64 :60,61,62,63,
65 :66,67,68,69,
66 :65,67,68,69,
67 :65,66,68,69,
68 :65,66,67,69,
69 :65,66,67,68,
70 :71,72,73,74,
71 :70,72,73,74,
72 :70,71,73,74,
73 :70,71,72,74,
74 :70,71,72,73,
75 :76,77,78,79,
76 :75,77,78,79,
77 :75,76,78,79,
78 :75,76,77,79,
79 :75,76,77,78,
80 :81,82,83,84,
81 :80,82,83,84,
82 :80,81,83,84,
83 :80,81,82,84,
84 :80,81,82,83,
85 :86,87,88,89,
86 :85,87,88,89,
87 :85,86,88,89,
88 :85,86,87,89,
89 :85,86,87,88,
90 :91,92,93,94,
91 :90,92,93,94,
92 :90,91,93,94,
93 :90,91,92,94,
94 :90,91,92,93,
95 :96,97,98,99,
96 :95,97,98,99,
97 :95,96,98,99,
98 :95,96,97,99,
99 :95,96,97,98,
#
It:0:Diff:44:PSOStep:3:Time:1.532704:s:AutomataStep:3:Transition:01100010111011101111011111110111101110111100100101001000111110110011111011101011011110001111101011011001111011110111010111101101011110111001001011111001111101011111111101101111111101111000110000100101110101101000111110111001101011010010100011101011011111011100010111010101111101111110110111101111011011010101100110100011011100111101110011001101111111011111111110101100111001101010011010011101110011010101110110100111111011101101100100100101111011000001110011111111110011011010010100101111110111001111010011110101
000000000000000000000
000000000000000000000
000000000000000000000
000000000000000000000
000000000000000000000
000000000000000000000
000000000000000000000
000000011010000000000
000000011011000000000
000000011011100000000
000000011111110000000
000000000100110000000
000000000001110000000
000000000000010000000
000000000000000000000
000000000000000000000
000000000000000000000
000000000000000000000
000000000000000000000
000000000000000000000
000000000000000000000
#
It:3:Diff:43:PSOStep:3:Time:4.279804:s:AutomataStep:3:Transition:00001100110011010010100010101000111001000101011000110011001101010100010100110100100101010011110100100100010110000000100000001110000101000000110100000100000011011010001010001010100001010011001111111011001111000111100011100111000110011000011100001011000000110101011000001001000000010100001010010110110110011010111010011101100010110011010100011000000000111000000001101011001010110001101101100010010100111111001010000101110110100011001000001110001000100000000000100000001111100010001101000101000111010000000100000000
000000000000000000000
000000000000000000000
000000000000000000000
000000000000000000000
000000000000000000000
000000000000000000000
000000000000000000000
000000000000010000000
000000000000110000000
000000000110100000000
000000010010010000000
000000000000000000000
000000000000000000000
000000000000000000000
000000000000000000000
000000000000000000000
000000000000000000000
000000000000000000000
000000000000000000000
000000000000000000000
000000000000000000000
#
It:4:Diff:42:PSOStep:7:Time:5.220987:s:AutomataStep:7:Transition:00100000010011110001110010101000111001000101001110101011001001110110010100111101100000000101101101100000101000000000000000000110000001000001010001101000000000001000000010000011010011100000101111110000100111000011100001100111000110001000011110101001010000110101111000101001000111000100010111001011111001001010000010001100101110110011011010000000001000100100010001000001011010100001001101110010110100110110111111100101011110000111000000000100010010100000000000100010000111000110101101010111000111010100000100000000
000000000000000000000
000000000000000000000
000000000000000000000
000000000010000000000
000000000001000000000
000000000000100000000
000000000000010000000
000000000000001000000
000000000000000100000
000000000000000010000
000000000000000001000
000000000000000000000
000000000000000000000
000000000000000000000
000000000000000000000
000000000000000000000
000000000000000000000
000000000000000000000
000000000000000000000
000000000000000000000
000000000000000000000
#
It:5:Diff:40:PSOStep:3:Time:6.165563:s:AutomataStep:3:Transition:01000111111110100110010010100010111100010111110101100010011111000101111111101100111010111010110011100110001111111110101001110001010111101110110100110001101101010110001001011000100100011011011111111101001001111011001010011011011011101011110000011110100111100001111111111011110001011010111011010010110110110100111101101011010001111001101100110001100101110111001111110010000000011111110111111110011100010100000011001110101101111001011110111010101101011101000111001101110100001001011010001000000111100011110100001110
000000000000000000000
000000000000000000000
000000000000000000000
000000000000000000000
000000000000000000000
000000000000000000000
000000000000000000000
000000010000000000000
000000010000000000000
000000011111000000000
000000011110010000000
000000000000000000000
000000000000000000000
000000000000000000000
000000000000000000000
000000000000000000000
000000000000000000000
000000000000000000000
000000000000000000000
000000000000000000000
000000000000000000000
#
It:6:Diff:39:PSOStep:3:Time:6.990478:s:AutomataStep:3:Transition:01000110111110100111010010100010111100010111110101100010011111000101111111101100111000111010110011100110001111111010100001110000010111100110110101110100101101010110001001011001110110011011011111111101000001011011000010111011011011101011010000011100100110100001111111111001110001011010011011010000100110110100111101001001000001111001101100110001100101010111001111110010000000011101111111111110011100010110000010000110101101111001011100011010101101011100000011001101110100001001011010001000000111100010110100001110
000000000000000000000
000000000000000000000
000000000000000000000
000000000000000000000
000000000000000000000
000000000000000000000
000000000000000000000
000000010000000000000
000000011000000000000
000000011111000000000
000000011110010000000
000000000000000000000
000000000000000000000
000000000000000000000
000000000000000000000
000000000000000000000
000000000000000000000
000000000000000000000
000000000000000000000
000000000000000000000
000000000000000000000
#
It:8:Diff:37:PSOStep:7:Time:8.563192:s:AutomataStep:7:Transition:00100101110011000000010011110100111100110111110001100010011011010110010001001101000011000001111001100000101001010000000110010010010010000101010101000000000000010110001000000000000110111001001111100010100010010111000001000011000100000000010100010001001010110001011010100001000000001010110011010001101101000000101010000000010000001010001010100011000101010100001110000010000000011000000110110110010100000110100011100111000100001011011000000000010010010100000000101011001100000010011001000100000000010000010100101010
000000000000000000000
000000000000000000000
000000000000000000000
000000000010000000000
000000000101000000000
000000001100100000000
000000010010010000000
000000010000001000000
000000000000000100000
000010011010000010000
000101100000000001000
000000000000000000000
000000000000000000000
000000000000000000000
000000000000000000000
000000000000000000000
000000000000000000000
000000000000000000000
000000000000000000000
000000000000000000000
000000000000000000000
#
It:10:Diff:30:PSOStep:7:Time:9.935421:s:AutomataStep:7:Transition:00110101111111000000010010100000111100010111110101100010011011010110010101001101000011000001111001100000001001010000000010010100010011000101010101000000001001010110001000000001000100011001001111110000100000010111000001100011001110000000110100011001000010110001011011111001000000011010110011010001101100000000101000000000000001101000001010100011000001000100001100000010010000011000000111111110010100100100000010100110001100001001011000000000000110010100000010101001010100001100011111000100100100000000011000001010
000000000000000000000
000000000000000000000
000000000000000000000
000000000010000000000
000000000101000000000
000000001000000000000
000000011010010000000
000000110001111000000
000001001101100100000
000011101000100010000
000100010000010001000
000000000000000000000
000000000000000000000
000000000000000000000
000000000000000000000
000000000000000000000
000000000000000000000
000000000000000000000
000000000000000000000
000000000000000000000
000000000000000000000
#
It:11:Diff:28:PSOStep:7:Time:10.744422:s:AutomataStep:7:Transition:00100110101011000000010000110010101100100101010101100010000000000100011101101101000011110011110101000000010010001110000111110111001111010100001100110001000010010111001110001110100000111010011101110000100001111110000001100011001101101010100000011101001010000101111010110001110000101000110011010011101011000100110110000011000101001000100111111011000001010011101011010010100110001000101010000001010100010101100010010111001000001010001011000001010010010100100010010011010110100001000101000000000001000010011110010010
000000000000000000000
000000000000000000000
000000000000000000000
000000000010000000000
000000000101000000000
000000001010100000000
000000000110110000000
000000010011011000000
000000011000001100000
000010110111100010000
000101010001110001000
000000010011000100000
000000000000000000000
000000000000000000000
000000000000000000000
000000000000000000000
000000000000000000000
000000000000000000000
000000000000000000000
000000000000000000000
000000000000000000000
#
It:22:Diff:28:PSOStep:7:Time:18.669739:s:AutomataStep:7:Transition:00100100100011001000010000010010111101110100010000100000000001010100010101001101000010000101001001000001100000001111000100110110001001000001001000000001000000000000001100001100000101110010010100000010000100011110000100000011100100010000010000010011001010000101001010100011000010100000000010010011101001001000101100000000010100001000000011100001101001000100101111000000100000000000000000000010010101110101001010110010001000000100101100100000000010010000110110000011000101100010010101100010000000000110000010010010
000000000000000000000
000000000000000000000
000000000000000000000
000000000010000000000
000000000011000000000
000000001000100000000
000000000000010000000
000000000000001000000
000001000001000100000
000010000000100010000
000111111010110011000
000000000000000000000
000000000000000000000
000000000000000000000
000000000000000000000
000000000000000000000
000000000000000000000
000000000000000000000
000000000000000000000
000000000000000000000
000000000000000000000
#
It:25:Diff:27:PSOStep:7:Time:20.428284:s:AutomataStep:7:Transition:00100000100011001000010000000000100101000100110000100000010000000100000111000111000000000000001001000001101000000010000110010110001000000001011001000001000000000100001000001100000000100010010101000110001100011101000000000001000000010000000000000000101010000101011010110111000010100000000000010011100001001000001010010001011100000010001001000101100101010100001110000000100000000000001000000010010101000100000011000000001000000100100000100000000010010000100010000011000101100000000101100000000001010010000100100010
000000000000000000000
000000000000000000000
000000000000000000000
000000000010000000000
000000000111000000000
000000001001000000000
000000011110000000000
000000100000000000000
000001110000000000000
000010000000110010000
000111111010100111000
000000000000000000000
000000000000000000000
000000000000000000000
000000000000000000000
000000000000000000000
000000000000000000000
000000000000000000000
000000000000000000000
000000000000000000000
000000000000000000000
#
It:31:Diff:23:PSOStep:7:Time:24.097682:s:AutomataStep:7:Transition:00100000100011001000010001000000100100000100010000100000011000000100000110000101000000000100001001000001101010000110000110010110011000000000011000000001000010000100000000001100000000110010010100000100011100011101000000000000000100000000000000001101000010000001110010110011000000100000000010010011100011001000001000010001011100000000000001000101100001010110001010000000000000000000101000000000010101000111000010010010000000000110100100100000000010010000100010010011000111100000100101100000000001000010000100010010
000000000000000000000
000000000000000000000
000000000000000000000
000000000010000000000
000000000111000000000
000000000101100000000
000000011001000000000
000000101001000000000
000001111100011000000
000010110100100010000
000111100101110111000
000000000000000000000
000000000000000000000
000000000000000000000
000000000000000000000
000000000000000000000
000000000000000000000
000000000000000000000
000000000000000000000
000000000000000000000
000000000000000000000
#
It:49:Diff:20:PSOStep:7:Time:34.398555:s:AutomataStep:7:Transition:00100000100011001000011010000000110000000111010000101000001010000100000001100101000000000010000001000001101010000100000110010110011000000000011000000001000010000100001000010100010100010010010101000110010100011111000000001000000110010111001010001101001011100001111010110010000110101100000000000011101011000000001010110000011100001000100001000001000001011110000110001000100000000100101000000000010101010111100011100000000000000010000101010000000010010000010010000011000110000010100001000000000000100010001100010010
000000000000000000000
000000000000000000000
000000000000000000000
000000000010000000000
000000000111000000000
000000001000100000000
000000011101110000000
000000100001111000000
000001110001010100000
000010011010000010000
000111000000000111000
000000000000000000000
000000000000000000000
000000000000000000000
000000000000000000000
000000000000000000000
000000000000000000000
000000000000000000000
000000000000000000000
000000000000000000000
000000000000000000000
#
It:69:Diff:16:PSOStep:7:Time:44.751463:s:AutomataStep:7:Transition:00100000100011001000011010100010110100000100010000101000001000010100000101101101000110000001000001000001101010000100000100110110011000000010010000000001000000000100001000010000000100110010010100000110011100011010000101000001100100000010001010001101001010000000011010100011000010100100000010010011100011000000001000110000011100101000101111100101100011011110000110000000000010000110001000010000010111101100000010010000001000000100100111110000000010010000010010001011100111000011010001100010000000100010001101110110
000000000000000000000
000000000000000000000
000000000000000000000
000000000010000000000
000000000111000000000
000000001000100000000
000000011101110000000
000000100001111000000
000001110001101100000
000010011010110010000
000111000000111111000
000000000000000000000
000000000000000000000
000000000000000000000
000000000000000000000
000000000000000000000
000000000000000000000
000000000000000000000
000000000000000000000
000000000000000000000
000000000000000000000
#
It:71:Diff:16:PSOStep:7:Time:45.87927:s:AutomataStep:7:Transition:00100000100011001000001010000000110000000100010000100000001000000100000101100100000100000000000001000001101000001100000100010110011000000001010000000101000000000100000000000000000100010000010100000110010100010000000100000000100110000110000000001101001011000000011010100011000010100000000000010011100011000000001000110000011000001000101111100001100001010110000110000000000000000100001000010000010101000100101010000000000000010000100001110000000010010000010010010011000110000110010001100000000000100010010101010010
000000000000000000000
000000000000000000000
000000000000000000000
000000000010000000000
000000000111000000000
000000001000100000000
000000011101110000000
000000100001111000000
000001110001101100000
000010011010110010000
000111000000111111000
000000000000000000000
000000000000000000000
000000000000000000000
000000000000000000000
000000000000000000000
000000000000000000000
000000000000000000000
000000000000000000000
000000000000000000000
000000000000000000000
#
It:90:Diff:15:PSOStep:7:Time:54.424625:s:AutomataStep:7:Transition:00100000100011001000000010000010110000000100010000100000001000110100000101000100000101000000000001010001101000001000000101110110011000000011010000000001000000000100001000010000000100010000110100000111010100000000000100001000110010000100000000001101010010100001001010100011000010100000000000010011100011000000001010010000011000110000101110000001100001010010000100000000000000000100001000010000001101001100110110010000000000110000000101111000000010010000010010010011100100000110010001100000001000000010010101010010
000000000000000000000
000000000000000000000
000000000000000000000
000000000010000000000
000000000111000000000
000000001000100000000
000000011101110000000
000000100001101000000
000001110001101100000
000010011010110010000
000111000000111111000
000000000000000000000
000000000000000000000
000000000000000000000
000000000000000000000
000000000000000000000
000000000000000000000
000000000000000000000
000000000000000000000
000000000000000000000
000000000000000000000
#
It:103:Diff:15:PSOStep:7:Time:60.723513:s:AutomataStep:7:Transition:00100000100011001000001010000010110000000100010000100000001000010100000011000100000101000000000001010001101000011010000100110110011000010001010000100001000000000100000000011000000100010000110100000111010100010010000000001000100010000100000000001101010011000001001010100011000010100000000000010011100011000000001010110000011000110000101111000011100001010100000110000000000000000110001000010000000101001100100010010000000000111100000001111000000010010000010010011011100110110111110001100000001000000010100100010010
000000000000000000000
000000000000000000000
000000000000000000000
000000000010000000000
000000000111000000000
000000001000100000000
000000011101110000000
000000100001101000000
000001110001101100000
000010011010110010000
000111000000111111000
000000000000000000000
000000000000000000000
000000000000000000000
000000000000000000000
000000000000000000000
000000000000000000000
000000000000000000000
000000000000000000000
000000000000000000000
000000000000000000000
#
It:105:Diff:14:PSOStep:7:Time:61.62535:s:AutomataStep:7:Transition:00100010100011001000011000000010110000011101010000100000000000000100000101000110000100100010001001100101001100010010000000010110011000000000011001000001000100000100001000001000100100011000010100000110000100010011000000000001100010000110000000000001001010000000011010110110000110100000000001000010100011010100001000000000011100001010001011000001001001010100000110000000000000010110001000000000010100000110000010010010100000010000100010100001001000000001010010000011100110000101000001000000000000010010100100010010
000000000000000000000
000000000000000000000
000000000000000000000
000000000010000000000
000000000111000000000
000000001011100000000
000000011111110000000
000000101000001000000
000001111100011100000
000010101110101110000
000111111111111111000
000000000000000000000
000000000000000000000
000000000000000000000
000000000000000000000
000000000000000000000
000000000000000000000
000000000000000000000
000000000000000000000
000000000000000000000
000000000000000000000
#
It:110:Diff:13:PSOStep:7:Time:63.833039:s:AutomataStep:7:Transition:00100000100010001000011001000010110010001100110000100000000000000100000001001100010100000010000001000101011100000110000100010110011000000100010000000101000110000000001000100010110100011000010000000110001000011000000000000001100110000010001000000100000010000000011010010010000110100000000001000010100011110000001001000000011000001010000001000011100011000100010110100000000000010100001000010000011100000110000010010010100000011000000111100001001001000100010010001001100110000100100001000000001010010010100010010110
000000000000000000000
000000000000000000000
000000000000000000000
000000000010000000000
000000000111000000000
000000001011100000000
000000011111110000000
000000101011001000000
000001111111111100000
000010101011011110000
000111111111111111000
000000000000000000000
000000000000000000000
000000000000000000000
000000000000000000000
000000000000000000000
000000000000000000000
000000000000000000000
000000000000000000000
000000000000000000000
000000000000000000000
#
It:116:Diff:12:PSOStep:7:Time:66.396934:s:AutomataStep:7:Transition:00100000100010001100011001010000110010001100010000100000100010000110000001001100010100100010000001000101011110010110000100011010001000100101000001000011101110000001001111000110110100111010010001000010000000011000100000001001110111000010011000011100001010000000011010010000000110100010000101000110101011010100001001001001011000011010000001010011000011010110010110111000000000010110101001000000011100111111101010010001101000011010000011101001001001100111010010011001100111000100100010000000101010010110100010100110
000000000000000000000
000000000000000000000
000000000000000000000
000000000010000000000
000000000111000000000
000000001011100000000
000000011111110000000
000000101001001000000
000001111111111100000
000010101011011110000
000111111111111111000
000000000000000000000
000000000000000000000
000000000000000000000
000000000000000000000
000000000000000000000
000000000000000000000
000000000000000000000
000000000000000000000
000000000000000000000
000000000000000000000
#
It:118:Diff:12:PSOStep:7:Time:67.288681:s:AutomataStep:7:Transition:00100000100000001000011001010000110010001000010000000000100010000110000001001100000100100000000001000001010010010010000100011000001000100101000001001011101100000001001111000110100100111000010001000010001000011000100000001001010111000010011000011000001010000000011010010000000110000010000101000110101010010100001001001001011000011010000001010011100011010110010110111010000000010010101001000000011000101111101010010001101000011010000011101001001001100011010010011001000011000100100011000010101010000110100110110110
000000000000000000000
000000000000000000000
000000000000000000000
000000000010000000000
000000000111000000000
000000001011100000000
000000011111110000000
000000101001001000000
000001111111111100000
000010101011011110000
000111111111111111000
000000000000000000000
000000000000000000000
000000000000000000000
000000000000000000000
000000000000000000000
000000000000000000000
000000000000000000000
000000000000000000000
000000000000000000000
000000000000000000000
#
It:132:Diff:11:PSOStep:7:Time:73.892649:s:AutomataStep:7:Transition:00100000100000001000010001000000110000001001010000100000000010000110000001101100000100100000001001000101101010011010000100010000011000100000010001000101100100000001001000000010100100011000110001101010000000010100000000001001110010010000000000000000001010000000111010110010000010000110000001000110101010010100000001000001011000001110100001000011100011011100010110001000100000000010001000000000010000000010101011000001101000011010000010100000001001000000010010010001001001100100000001000000100000010110100110011110
000000000000000000000
000000000000000000000
000000000000000000000
000000000010000000000
000000000111000000000
000000001011100000000
000000011111110000000
000000101011001000000
000001111111111100000
000010101111111110000
000111111111111111000
000000000000000000000
000000000000000000000
000000000000000000000
000000000000000000000
000000000000000000000
000000000000000000000
000000000000000000000
000000000000000000000
000000000000000000000
000000000000000000000
#
It:152:Diff:10:PSOStep:7:Time:83.27683:s:AutomataStep:7:Transition:00100000100000001000000001000000110000001001010000100000101010000110100001100100010101000000001001000101101010111010000100010000001000000000011000100101100000000000001000000010100100001000110000100010000010000100000000001000110010010000000000000000001010010000111010110010000110100100000000000011101010010100001001000000011000001100101001000011100011011100010110000000000000010010001000000000011000001010101010000001101000011010000000100000001000000000010010010001000001000100001001000000000000000010000110010110
000000000000000000000
000000000000000000000
000000000000000000000
000000000010000000000
000000000111000000000
000000001011100000000
000000011111110000000
000000101001001000000
000001111111111100000
000010101111111110000
000111111111111111000
000000000000000000000
000000000000000000000
000000000000000000000
000000000000000000000
000000000000000000000
000000000000000000000
000000000000000000000
000000000000000000000
000000000000000000000
000000000000000000000
#
It:170:Diff:10:PSOStep:7:Time:91.856458:s:AutomataStep:7:Transition:00100000100010001000000001000000110000001100010000000000101000000100100001000100010100000000001001000101101010011010000100010000001000000000011000000101100110000000001000000010000100011000010000100010000000000100000000001000110010000000000000001000001010000000111010110010000110100000000000000010101011010100001001000010011000001000000001000011100011011000010110000000000000010010001000000000011000001010101010000000100000011000010000100001001000000000010010000001000000000100110001000000001000000010000111010110
000000000000000000000
000000000000000000000
000000000000000000000
000000000010000000000
000000000111000000000
000000001011100000000
000000011111110000000
000000101001001000000
000001111111111100000
000010101111111110000
000111111111111111000
000000000000000000000
000000000000000000000
000000000000000000000
000000000000000000000
000000000000000000000
000000000000000000000
000000000000000000000
000000000000000000000
000000000000000000000
000000000000000000000
#
It:188:Diff:10:PSOStep:7:Time:100.374212:s:AutomataStep:7:Transition:00100000100010001000000001000000110000001100110000100000001010100100100001100100000100100000000000000001101010011000000100010000001000000001011010000011100111000000001010000010100100001000110001000010100000011100000000000000110010000100000000001000001010000000111010000010000010000000000000000110101011010100001001000000011000000000000001000011100011010000010110011000000000000010001000000000010000000010101010000001101000011000000000100001001000000000010010010001000011000100001001000000000000000110000110010110
000000000000000000000
000000000000000000000
000000000000000000000
000000000010000000000
000000000111000000000
000000001011100000000
000000011111110000000
000000101001001000000
000001111111111100000
000010101111111110000
000111111111111111000
000000000000000000000
000000000000000000000
000000000000000000000
000000000000000000000
000000000000000000000
000000000000000000000
000000000000000000000
000000000000000000000
000000000000000000000
000000000000000000000
#
It:202:Diff:10:PSOStep:7:Time:107.250549:s:AutomataStep:7:Transition:00100000100011001100000001000000110000001100110001000000000000100100100001001100010100100000000001100101001010000010000100010010011010100000011001000111010110000000001010000010000100011000010000000010000000011101000000000001110110000000000000000000000010000000110010110010000110100011000001000110100011110000001001000000011000001010101001000011100011010100010110011000000100010010001001000000010000000111100010010001101000011010000010100001001011100101010010000001000110000100001001000000001000010010100110010110
000000000000000000000
000000000000000000000
000000000000000000000
000000000010000000000
000000000111000000000
000000001011100000000
000000011111110000000
000000101011101000000
000001111111111100000
000010101111111110000
000111111111111111000
000000000000000000000
000000000000000000000
000000000000000000000
000000000000000000000
000000000000000000000
000000000000000000000
000000000000000000000
000000000000000000000
000000000000000000000
000000000000000000000
#
It:204:Diff:10:PSOStep:7:Time:108.131529:s:AutomataStep:7:Transition:00100000100011001000010011000010100000001000010000000000000000000100000001001000010100100000000001100000000010000010000000010010011010000100011000101110000010000000001011001000100000011000010000000010001000001100100000000001010100000000000000000000000011000000110010110010000110000010000001000100100010100000001000000010011000001000100001000011000001011110000010001000000000000000001001000000010000000100000111000000101000010000000001100001001010100100010010000001000010000000100001000000001000000010100011010110
000000000000000000000
000000000000000000000
000000000000000000000
000000000010000000000
000000000111000000000
000000001011100000000
000000011111110000000
000000101011101000000
000001111111111100000
000010101111111110000
000111111111111111000
000000000000000000000
000000000000000000000
000000000000000000000
000000000000000000000
000000000000000000000
000000000000000000000
000000000000000000000
000000000000000000000
000000000000000000000
000000000000000000000
#
It:211:Diff:9:PSOStep:7:Time:111.303483:s:AutomataStep:7:Transition:00100000100010001000010001000000110000001100010000000000000000000100100001000100010100100000000001000101001010000010000100010000001010100000011000101111100011000000001010000000100100011000010001000010000000011100100000001001110110000000000000000000001010000000111010010010000110100100000000000110100011000100001001000000011000001000100001000001100011010100000110001000000000010010001100000000010000000011100111000001101000011010000000100000001010000001010010000001000000000000101001000000001000000010100110010010
000000000000000000000
000000000000000000000
000000000000000000000
000000000010000000000
000000000111000000000
000000001011100000000
000000011111110000000
000000101001101000000
000001111111111100000
000010101111111110000
000111111111111111000
000000000000000000000
000000000000000000000
000000000000000000000
000000000000000000000
000000000000000000000
000000000000000000000
000000000000000000000
000000000000000000000
000000000000000000000
000000000000000000000
end
