PSO TRACE
INIT:../../instances/fazia/init.csv
REF:../../instances/fazia/asm1.csv
DecodingPolicy:Nibble
MutationPolicy:Null
ParticleNeighborhood:EDist
ParticleDims:146
ParticleCount:100
AccP:2.0
AccG:2.0
AccL:1.5
AccI:2.3
Pos:0.0-3.0
Inertia:0.9-0.6
VeloMax:2.0
MaxPSOIteration:500
InertiaDecrFactor:6.000000000000001E-4
INIT
000000000000000000000
000000000000000000000
000000000000000000000
000000000000000000000
000000000000000000000
000000000000000000000
000000000000000000000
000000000000000000000
000000000000000000000
000000000000000000000
000000000010000000000
000000000000000000000
000000000000000000000
000000000000000000000
000000000000000000000
000000000000000000000
000000000000000000000
000000000000000000000
000000000000000000000
000000000000000000000
000000000000000000000
REF
000000000000000000000
000000000000000000000
000000000000000000000
000110000000000000000
000111000000000000000
000011010000000000000
000010110100000000000
000011111101100000000
000010011011100000000
000001101110111100000
000001111101001010000
000000110111111110000
000001110110101110000
000000110111010010000
000000011111011010000
000000001101110110000
000000000110101110000
000000000011110111000
000000000000000000000
000000000000000000000
000000000000000000000
Nibble Decoder
#
It:0:Diff:78:PSOStep:8:Time:0.09958093:s:AutomataStep:8:Transition:01000000000011000010101001100010110000100010001000100110110011000010101010001010110010001010010001000010111001101100110011101000010011100110101010100010000001001110010011001100101001101100101010101110111011001100100010001100101000101010110001000010101001001010111000100110010001101010010000000000011010000110000010101100001010001100011010001100101001100100000001101010101001101010100000101000001001001000101000001000000010101100110011000100110000101100100011100000111011001100000000000000101011001010010011000110
000000000000000000000
000000000000000000000
001000000000000000000
000010000000000000000
000000100000000000000
000000001000000000000
000001001110000000000
000000010010100000000
000000011000010000000
000000011110010000000
000000010100110000000
000000010110111000000
000000001100001000000
000000000111010000000
000000000000000010000
000000000101100000000
000000000011111001000
000000000000010111000
000000000000000000100
000000000000000000000
000000000000000000000
#
It:4:Diff:71:PSOStep:6:Time:0.533019559:s:AutomataStep:6:Transition:01000010111011101100010001000000111001101010001001000100101000100000110000001000111000001110001001000000101000000100010000100100100001001110001000001010100000100100001001001100010000001000010010100000101001101010101010100100010000101010101000100000001000100000001010100110000011101110011000101100000000101010001000100110100010000000101011100100101010000010110011101110010010101010000010100010010000100110111000001010001001001010110000100010001010000100101000001110000000001010010000100010001001000010010001001010
000000000000000000000
000000000000000000000
000000000000000000000
000000000000000000000
000010000000000000000
000010010000000000000
000000010010000000000
000001000110100000000
000001010110011000000
000001101000000100000
000000100101100010000
000000100101011000000
000000111100101000000
000000010110100000000
000000001100000000000
000000000101000000000
000000000010000000000
000000000000000000000
000000000000000000000
000000000000000000000
000000000000000000000
#
It:82:Diff:68:PSOStep:7:Time:10.412405494:s:AutomataStep:7:Transition:01000010111000001010110001101110001011101110011011101110111000100000111001000110110011101110111011001110111011101110111011100110111011100100111011100110111000101110001010001000100011101110001010101110101001101010111010001110001011101100111011100010111011101010010011101110000011101110000011001110011010101110111010001010110000101010111000001000111000100010011001101110011010100110010011101110011011101100001010000100101010000010000011101110111011101110011010100010111010101110000010001110111010101110101010100010
000000000000000000000
000000000000000000000
000000000000000000000
000100000000000000000
000111010000000000000
000010010100000000000
000010001110000000000
000001001000010000000
000001101111011000000
000000010110110100000
000001000001110110000
000000101001100110000
000000111111110110000
000000011100000110000
000000001000000110000
000000000100000010000
000000000111111110000
000000000011111111000
000000000000000000000
000000000000000000000
000000000000000000000
#
It:151:Diff:66:PSOStep:8:Time:19.460521256:s:AutomataStep:8:Transition:01000100011011001000001011000100001011100110111001101110011011100100100000000110011011001100110011100010100000000110100011001100110001100100110011000010111011000110101000000110001011001100000000100110111001000110011001101100101011001010011011001110110011001100100001101110111010001100000000100010110011000110111010000010101011001100011011000110000000001000111000101100010001001110000001101110111011001110011010100010110001100100101011001010110011001100111011100010000010000110010010000000110001101100100011001000
000000000000000000000
000000000000000000000
001000000000000000000
000010000000000000000
000101100000000000000
000011110000000000000
000011111000000000000
000001100111000000000
000001011000100000000
000000111010110000000
000000110101110100000
000000010111001000000
000000011111110110000
000000000111111110000
000000000111110100000
000000000011100110000
000000000011001101000
000000000000000110000
000000000000000000100
000000000000000000000
000000000000000000000
#
It:182:Diff:59:PSOStep:7:Time:23.883148379:s:AutomataStep:7:Transition:01000010011001101010100010100010011000100110001010000100011011000110101011000110001010101010101010100000000000101000101010100010101001100100101010101110001011100000101000100110101010101010011000100110110001100110011011100110000010100110011010100000101010101100010001101010010001001010010011000100111010100110000000100110000010101010011010101110011011001010101010101010001001100000001001101100100010100100111001001000101001100000010010101010101010101100101011001000000011000110101011000000101000001010011010101100
000000000000000000000
000000000000000000000
000000000000000000000
000100000000000000000
000011000000000000000
000001010000000000000
000010100010000000000
000011101101000000000
000010010001100000000
000010011111010000000
000011001101100000000
000010110000010000000
000001010110101000000
000000011000010000000
000000011111010100000
000000001100101000000
000000000000011010000
000000000000000011000
000000000000000000000
000000000000000000000
000000000000000000000
#
It:185:Diff:56:PSOStep:7:Time:24.338750615:s:AutomataStep:7:Transition:01000110011010001000011011101100011010100100011001100110011010100110101010100110111001001100111001100110100010101010101011100000101001101010100010101010101010100110110001000110011010101100101010101110000001100110011011000110011011000110010011001010101010001010100001000110011011001010000001001010010010100010011011000110000010101010101000001100000000001000100011001100011010101000010001101010101001100100011001100000101001001110111011101100011010100110101001100000101010100110011010101100101001101010011010101010
000000000000000000000
000000000000000000000
000000000000000000000
000100000000000000000
000011010000000000000
000011011100000000000
000011010101000000000
000011101100100000000
000010000101100000000
000001100110010100000
000001111111011000000
000000100100100000000
000000111100000110000
000000001011100110000
000000000110000000000
000000001110101110000
000000000100100010000
000000000010101011000
000000000000000000000
000000000000000000000
000000000000000000000
end
