PSO TRACE
INIT:../../instances/fazia/init.csv
REF:../../instances/fazia/asm1.csv
DecodingPolicy:Nibble
MutationPolicy:Null
ParticleNeighborhood:EDist
ParticleDims:146
ParticleCount:100
AccP:2.0
AccG:2.0
AccL:1.5
AccI:2.3
Pos:0.0-3.0
Inertia:0.9-0.6
VeloMax:2.0
MaxPSOIteration:500
InertiaDecrFactor:6.000000000000001E-4
INIT
000000000000000000000
000000000000000000000
000000000000000000000
000000000000000000000
000000000000000000000
000000000000000000000
000000000000000000000
000000000000000000000
000000000000000000000
000000000000000000000
000000000010000000000
000000000000000000000
000000000000000000000
000000000000000000000
000000000000000000000
000000000000000000000
000000000000000000000
000000000000000000000
000000000000000000000
000000000000000000000
000000000000000000000
REF
000000000000000000000
000000000000000000000
000000000000000000000
000110000000000000000
000111000000000000000
000011010000000000000
000010110100000000000
000011111101100000000
000010011011100000000
000001101110111100000
000001111101001010000
000000110111111110000
000001110110101110000
000000110111010010000
000000011111011010000
000000001101110110000
000000000110101110000
000000000011110111000
000000000000000000000
000000000000000000000
000000000000000000000
Nibble Decoder
#
It:0:Diff:82:PSOStep:5:Time:0.11008111:s:AutomataStep:5:Transition:01100100101010001000101010100110100010000110010000001000100011101000101011001100011011000000001011000000010011001100100001101000010000101110100010000010011010000010001000000100111010001110110011101100010000001110101001101100100010101100111001001100101011101010110000001010101001100010111011100010100000000110010010000000000011001100101010000110101000101110011001001110101011100110001001100110110001101000000000100000110000100010101010101110011011001000111010000000011010101010101011100100011000000010000001101110
000000000000000000000
000000000000000000000
000000000000000000000
000000000000000000000
000000000000000000000
000001100000000000000
000001110000000000000
000000010110000000000
000000000110000000000
000001101100000000000
000001110101100100000
000000000111101000000
000000010011001000000
000001100000001000000
000001110100111100000
000001010000010100000
000000000000000000000
000000000000000000000
000000000000000000000
000000000000000000000
000000000000000000000
#
It:1:Diff:78:PSOStep:5:Time:0.250891502:s:AutomataStep:5:Transition:01001100101001000100111011100110100001000110001001000100011001001100111010100010101010100010010011100100010011001000101001000110010000101110101010101010010011000010000011101000001001001010010001100100010010001110011011000110110001000100100011101100000001101010110001101110111010101110010001001100101011101100010001101000111010100010100011001010100011100100000011100000010000100110101000100100011001100110100000101000111010001110111011001100101001000010010010000010100000101100011001101000110001000100010010001000
000000000000000000000
000000000000000000000
000000000000000000000
000000000000000000000
000000000000000000000
000001010101010100000
000001000001000100000
000001011000001100000
000000011010000000000
000001001110000100000
000000110110001100000
000001100100001100000
000001000000001000000
000000111011010100000
000001111111010100000
000001010101010100000
000000000000000000000
000000000000000000000
000000000000000000000
000000000000000000000
000000000000000000000
#
It:11:Diff:76:PSOStep:6:Time:0.699542913:s:AutomataStep:6:Transition:01000100001000101100001010000100101011000010010001000010110001000010100000001010110010101110111001001100010011000000100011001110000001000000100010101110011011100100011001001010001010000010111011000000000010100000110011100100110010100000111011001100101010001110111000100110010000100100110010000100001001001010010001100110000011100010010001100110101001001110001010001000110000001100110011001100110000001110000001000100110011101010100011101010101010000110010011000010110011101000010000100110100010000100000000001100
000000000000000000000
000000000000000000000
000000000000000000000
000000000000000000000
000010000000000000000
000001000000000000000
000000100000000000000
000000011100000000000
000000001010100000000
000000000100000000000
000000000001000010000
000000000001010110000
000000000000000100000
000000000000000000000
000000000000001110000
000000000000000110000
000000000000000010000
000000000000000000000
000000000000000000000
000000000000000000000
000000000000000000000
#
It:18:Diff:73:PSOStep:7:Time:0.98030362:s:AutomataStep:7:Transition:01000100111001001010010011000110011011101110010001000100011010001110001000001110000001001010011001000000010001100000111001101010000001000100011011100100001011001100000001101110011000001110110000000010010011101110110001000100001010000000111011101110010000001110011001100010010000100100111010100100001001001110011011101110011001000110010000001110111001100010111010001110010001001110101011100000001001000100100000000100000001101010000000101110010011100000010001100110100001001100010001001110110010100100010001000010
000000000000000000000
000000000000000000000
000000000000000000000
000100000000000000000
000111000000000000000
000010010000000000000
000100111100000000000
000110000000000000000
000011010000010000000
000100001000111000000
000101001110100100000
000011010101111100000
000000110000100110000
000000011011010000000
000110000100101000000
000100001000101010000
000100000111001010000
000101010101010101000
000000000000000000000
000000000000000000000
000000000000000000000
#
It:19:Diff:72:PSOStep:5:Time:1.029486332:s:AutomataStep:5:Transition:01000100001001001100011011000000111010101010010001000100111001101110011011101100110000001000011001001110010011101100001011000100010001000110001000100100111001100110011001101110100010101110001011000110011011101010110001100110101001001100111000100000011000001110011001101010010001101000111001100100111001000110000011101010110001001110110001100110111011000110111011000010000001001100001011101100110001100000010001000100110001001010110011001110000000101010010011101110111010100100010001001100110001101000010010100100
000000000000000000000
000000000000000000000
000000000000000000000
000000000000000000000
000000000000000000000
000001000000000000000
000000110000000000000
000001000000000000000
000000000000000000000
000001100011110000000
000000111101011100000
000001001101010000000
000000000100101100000
000001110100110000000
000000110111011100000
000001010101010100000
000000000000000000000
000000000000000000000
000000000000000000000
000000000000000000000
000000000000000000000
#
It:26:Diff:63:PSOStep:7:Time:1.30866499:s:AutomataStep:7:Transition:01100100011000101000010010000100010011100110101010101010011001100110111001101110010010101010101010100110110001100110001001101010101001000100011010001010001011100110011011000110010001001110010010100110001001100110011001000010111001001110011001000110010001001110011011101100101001000100000010001010110001001110010011000110111001000110010011100000100001001000101010101000010010101010010011101010101010000100010001000100111010100000110001000110101011101110010000101010111001001010101000101110011010000100000010100000
000000000000000000000
000000000000000000000
000000000000000000000
000110000000000000000
000011000000000000000
000011111100000000000
000000111000000000000
000001011010000000000
000000111001110000000
000000010111110110000
000000000100011010000
000000011101011010000
000000000101010110000
000000001111100010000
000000000011100010000
000000000000000010000
000000000011101110000
000000000011111111000
000000000000000000000
000000000000000000000
000000000000000000000
#
It:32:Diff:62:PSOStep:7:Time:1.544852069:s:AutomataStep:7:Transition:01000100100011100100010001000100010011100100111011100000000011100000111001101110010010001110111011101110101000001000010000001110111001001000010000001010010011101110010011100110010001001110010011101010111000101110111001000100111001001110111000101000010001001010010000001000010001000010111001001110010001001110010000101110101001000100010011100000010000001110111011101100010001100000000000001100001001001010010001000100111011100010000001000100011011100110010000100010111000001100011001000010111001000100111001001110
000000000000000000000
000000000000000000000
000000000000000000000
000100000000000000000
000101000000000000000
000010000000000000000
000010000000000000000
000011011100000000000
000001111110000000000
000000100000100000000
000001000010100000000
000001000111010000000
000000111100110100000
000000000110010000000
000000001100001100000
000000001011100100000
000000000111101100000
000000000011111111000
000000000000000000000
000000000000000000000
000000000000000000000
#
It:82:Diff:60:PSOStep:7:Time:3.424886465:s:AutomataStep:7:Transition:01000100010010100010001000100100010011101000101011100000010011100010111000101110110001001110011011100100110011101010010000101110111001000100010000001000010011100010010011101110010001001110010011101000111011101110111001000100000011001110111000101100010001001110001011100100010001000100111001001110010001001110010001001110111001000100010011101010010001001110111011100010010010100010111010001000100001001100010001000100111011100010100001000100100011100000010010100010000011100100101001001100111011000100011001001110
000000000000000000000
000000000000000000000
000000000000000000000
000100000000000000000
000000000000000000000
000011000000000000000
000000100000000000000
000001101000000000000
000000110000000000000
000000100110000000000
000000000101000000000
000000010001011110000
000000000100001010000
000000001011011010000
000000000111001010000
000000000101010010000
000000000000010110000
000000000011101011000
000000000000000000000
000000000000000000000
000000000000000000000
#
It:86:Diff:53:PSOStep:7:Time:3.58728372:s:AutomataStep:7:Transition:01000100110011001100011011000100011011101000111011100010011011100010111001001110010010101110110011100100000011101010011000101110111001000100010000100010010011101100001011101010010001001110010011101010101010001110111001000100111001001110100001000000010001001010000011101100011001000100111001001110011001001110010000101110111001000100010011101110010001101000101010100100010011001000101010000010000011001100010001000100111011101010011001100100001011100000010010001000001000001000110001001100111000100100100001001110
000000000000000000000
000000000000000000000
000000000000000000000
000100000000000000000
000101000000000000000
000001010000000000000
000010001000000000000
000010010100000000000
000000101001110000000
000001101100000100000
000001011101111110000
000000110111110010000
000000101100001110000
000000011010001110000
000000001110101110000
000000000001110010000
000000000000100110000
000000000011101011000
000000000000000000000
000000000000000000000
000000000000000000000
#
It:91:Diff:50:PSOStep:7:Time:3.791008824:s:AutomataStep:7:Transition:01000100100011000100010001100100010011100010111011101100010011100000111001001110011010101110001011101100010011001110100011001110111001001010010000001110010011101010101011100110010001001110010011100000000010001110111001000100111000101110111011001010010001001010110010100100010001000100111001001110010001001010010000001110101001000100010011101110010001101110111011101000010011100110111011100000101001000100010001000100111011101110011001000100000011101110010000100000111011100000101001000100111001000100011001001110
000000000000000000000
000000000000000000000
000000000000000000000
000100000000000000000
000101000000000000000
000011010000000000000
000010110100000000000
000011011100000000000
000001010001000000000
000000100100000000000
000001011000001000000
000000100001101010000
000000110000110110000
000000000001111010000
000000001110000010000
000000000100000010000
000000000101001110000
000000000011111111000
000000000000000000000
000000000000000000000
000000000000000000000
#
It:100:Diff:47:PSOStep:7:Time:4.166424284:s:AutomataStep:7:Transition:01000100100010100100010011000100010011101010101011101110000011100100111001001110010010101110111011101110011011101100010011101110111001000010010001001110100011101100111000001110010001001110010011101000110001001110111001000100111001001110011000101000010001001110010001101010010001001110111001001110001001001000010010001110010001000100010011101110010001001110110011001000010011101010010011100110010001000100010001000100111011100100010011100100100011101110010011100100111011101010001001000100111001000100111001001110
000000000000000000000
000000000000000000000
000000000000000000000
000100000000000000000
000101000000000000000
000011010000000000000
000010110100000000000
000001111001000000000
000001010000000000000
000001111011100000000
000001011101001000000
000000100011100010000
000000111000001010000
000000010001111010000
000000001110110110000
000000001100000010000
000000000110110110000
000000000011111111000
000000000000000000000
000000000000000000000
000000000000000000000
#
It:252:Diff:45:PSOStep:7:Time:9.9810145:s:AutomataStep:7:Transition:01000100101010000100010010100100010011101000011011100010010011100100111001001110010010100000111011101110001011101110010011101110101001001110010010001110011011101110111011101110010011001110010011101010111001001110111001000100111001001000110011101110010001001110010011100100010001000100111001001110101001001110010011001110010001000100011011101110010010001110111011100100010011101000010011101010010001000100101001000100111011100100010011100100111011101110010011100100111011100110001001000100111001000010111010101110
000000000000000000000
000000000000000000000
000000000000000000000
000100000000000000000
000101000000000000000
000011010000000000000
000010110100000000000
000011001101000000000
000001011001000000000
000001001111100000000
000001011110001000000
000000110011111010000
000000111100010110000
000000010100111010000
000000001010110110000
000000001100000010000
000000000100110110000
000000000011111111000
000000000000000000000
000000000000000000000
000000000000000000000
#
It:253:Diff:44:PSOStep:7:Time:10.035798891:s:AutomataStep:7:Transition:01000100101011100100010001101000010011100100111011101110010011100100111001001110001010000000111010101110010010100010010011001110100001001110010000001110010011101110111001101010010000101110110011101110111001001110111001000010111001001110101010001100010001001110010011100110011001001000111001001110100001001110010010001110011001000100011011101110010010001110001011100100010011101100010011100000110000100100100001000110111011100100100011100100111011101110010010100100111010000100110001000100111001000000111000001110
000000000000000000000
000000000000000000000
000000000000000000000
000100000000000000000
000101000000000000000
000011010000000000000
000010010100000000000
000011011100000000000
000001011111000000000
000001001000100000000
000001011001101000000
000000110010101010000
000000111101101010000
000000010101011010000
000000001110010110000
000000001100000010000
000000000100110110000
000000000011111111000
000000000000000000000
000000000000000000000
000000000000000000000
end
