PSO TRACE
INIT:../../instances/fazia/init.csv
REF:../../instances/fazia/asvn4.csv
DecodingPolicy:CPPNot
MutationPolicy:Std10
ParticleNeighborhood:Fixed
ParticleDims:515
ParticleCount:100
AccP:2.0
AccG:2.0
AccL:1.5
AccI:2.3
Pos:0.0-3.0
Inertia:0.9-0.6
VeloMax:2.0
MaxPSOIteration:250
InertiaDecrFactor:0.0012000000000000001
INIT
000000000000000000000
000000000000000000000
000000000000000000000
000000000000000000000
000000000000000000000
000000000000000000000
000000000000000000000
000000000000000000000
000000000000000000000
000000000000000000000
000000000010000000000
000000000000000000000
000000000000000000000
000000000000000000000
000000000000000000000
000000000000000000000
000000000000000000000
000000000000000000000
000000000000000000000
000000000000000000000
000000000000000000000
REF
000000000000000000000
000000000000000000000
000000000000000000000
000000000010000000000
000000000111000000000
000000001011100000000
000000011011110000000
000000101111111000000
000001100001111100000
000010110010101110000
000110111101110111000
000010110111111010000
000001111111111100000
000000101110101000000
000000011111110000000
000000001010100000000
000000000111000000000
000000000010000000000
000000000000000000000
000000000000000000000
000000000000000000000
Classic CPP Decoder + Not Test
0 :1,2,3,4,
1 :0,2,3,4,
2 :0,1,3,4,
3 :0,1,2,4,
4 :0,1,2,3,
5 :6,7,8,9,
6 :5,7,8,9,
7 :5,6,8,9,
8 :5,6,7,9,
9 :5,6,7,8,
10 :11,12,13,14,
11 :10,12,13,14,
12 :10,11,13,14,
13 :10,11,12,14,
14 :10,11,12,13,
15 :16,17,18,19,
16 :15,17,18,19,
17 :15,16,18,19,
18 :15,16,17,19,
19 :15,16,17,18,
20 :21,22,23,24,
21 :20,22,23,24,
22 :20,21,23,24,
23 :20,21,22,24,
24 :20,21,22,23,
25 :26,27,28,29,
26 :25,27,28,29,
27 :25,26,28,29,
28 :25,26,27,29,
29 :25,26,27,28,
30 :31,32,33,34,
31 :30,32,33,34,
32 :30,31,33,34,
33 :30,31,32,34,
34 :30,31,32,33,
35 :36,37,38,39,
36 :35,37,38,39,
37 :35,36,38,39,
38 :35,36,37,39,
39 :35,36,37,38,
40 :41,42,43,44,
41 :40,42,43,44,
42 :40,41,43,44,
43 :40,41,42,44,
44 :40,41,42,43,
45 :46,47,48,49,
46 :45,47,48,49,
47 :45,46,48,49,
48 :45,46,47,49,
49 :45,46,47,48,
50 :51,52,53,54,
51 :50,52,53,54,
52 :50,51,53,54,
53 :50,51,52,54,
54 :50,51,52,53,
55 :56,57,58,59,
56 :55,57,58,59,
57 :55,56,58,59,
58 :55,56,57,59,
59 :55,56,57,58,
60 :61,62,63,64,
61 :60,62,63,64,
62 :60,61,63,64,
63 :60,61,62,64,
64 :60,61,62,63,
65 :66,67,68,69,
66 :65,67,68,69,
67 :65,66,68,69,
68 :65,66,67,69,
69 :65,66,67,68,
70 :71,72,73,74,
71 :70,72,73,74,
72 :70,71,73,74,
73 :70,71,72,74,
74 :70,71,72,73,
75 :76,77,78,79,
76 :75,77,78,79,
77 :75,76,78,79,
78 :75,76,77,79,
79 :75,76,77,78,
80 :81,82,83,84,
81 :80,82,83,84,
82 :80,81,83,84,
83 :80,81,82,84,
84 :80,81,82,83,
85 :86,87,88,89,
86 :85,87,88,89,
87 :85,86,88,89,
88 :85,86,87,89,
89 :85,86,87,88,
90 :91,92,93,94,
91 :90,92,93,94,
92 :90,91,93,94,
93 :90,91,92,94,
94 :90,91,92,93,
95 :96,97,98,99,
96 :95,97,98,99,
97 :95,96,98,99,
98 :95,96,97,99,
99 :95,96,97,98,
#
It:0:Diff:65:PSOStep:5:Time:0.201235899:s:AutomataStep:5:Transition:00100111010111111111110100101110110111100100101011111111101111010111111011111010100110101001111101000111111111000100100101110111111111100001111111110101011011001110010100000110101011110110011100111111100111100101111110010001111010111101101111000000110000010001101010011100111111010101000001101001101111110110101101111111110010000010010100100101010101001011111010111011111101111111100011110111101110011111111110111101000100011101011001011010001111101101001000010101111111001111110100111000111001110101010011111101
000000000000000000000
000000000000000000000
000000000000000000000
000000000000000000000
000000000000000000000
000000000010000000000
000000000111000000000
000000001111100000000
000000001110110000000
000000111011111000000
000000111001111100000
000000101111000000000
000000011001100000000
000000000011100000000
000000000011000000000
000000000010000000000
000000000000000000000
000000000000000000000
000000000000000000000
000000000000000000000
000000000000000000000
#
It:1:Diff:39:PSOStep:7:Time:0.242959254:s:AutomataStep:7:Transition:00110111111101111111110110011110111011100100110011111110101111010111011011111010100110101100111010010111110101011011101101110111111011100101010011110111011111001110011110100011101110011110011100001111100110100110111111010011111111101101101111010010010110110001111010110100001111110001001101101001111111110111110100111111111010000110010100110101011111001011111111111111101101111101000011110111011110010000101001110101001101111011011101111110001111101111011000010111111111101101110110111100110111110101110011111101
000000000000000000000
000000000000000000000
000000000000000000000
000000000010000000000
000000000111000000000
000000001101100000000
000000010101110000000
000000110101111000000
000001101010101100000
000010000110111110000
000110111011010111000
000011101010110110000
000001111001011100000
000000111011100000000
000000011111000000000
000000001110000000000
000000000100000000000
000000000010000000000
000000000000000000000
000000000000000000000
000000000000000000000
#
It:2:Diff:37:PSOStep:7:Time:0.282484275:s:AutomataStep:7:Transition:00110111111101111111110000111110100011000100110011111111101011010111011011111100100110111100111010110110010100001011101101111111111011110100100011110011011111001110010000100011111010000111011100100111100110100110111111010011111011101101100111010010010010010001111010000100111111110011001101101000111011010111110001101100111010000110010100110101011111001011111111111011110101111101000010110111011110010000101100110101101101111001011001111011001111101101001001010101101111101101110110011010111011011101110000110000
000000000000000000000
000000000000000000000
000000000000000000000
000000000010000000000
000000000111000000000
000000001000100000000
000000011001110000000
000000110110101000000
000001100000011100000
000011010101101010000
000110110110110011000
000010110001100110000
000001110010010100000
000000111011111000000
000000011101010000000
000000001111100000000
000000000111000000000
000000000010000000000
000000000000000000000
000000000000000000000
000000000000000000000
#
It:14:Diff:36:PSOStep:7:Time:0.524915661:s:AutomataStep:7:Transition:00110111011101111111110000111110100011100101110011111110101011010111011011111100100110111100111011010010010101000001101001111011111001110100100010111111111111001110000000000001110000011110011100110011100010100110111110110011110110101101100011010010110010010001111010011100111101100001011001101000111011010111110001101111111110000110010001110101010011001011110111111011110101110101110011110111011110010001101000111101001101111001010001111010000111110101011001000000101110101101110110011110101001010101110001101100
000000000000000000000
000000000000000000000
000000000000000000000
000000000010000000000
000000000101000000000
000000001010100000000
000000011011110000000
000000111111101000000
000001101001100100000
000010001011110110000
000011111001110101000
000011101100111110000
000000111111110000000
000000100101111000000
000000000101100000000
000000001011100000000
000000000011000000000
000000000010000000000
000000000000000000000
000000000000000000000
000000000000000000000
#
It:15:Diff:33:PSOStep:7:Time:0.554645507:s:AutomataStep:7:Transition:00110111111101111111110100111010110011100101111011111111101011010101011011110000100110111100111111100010000101000001101101111011111011110100000011111001110110001111010000100101110000010111001101110001100010001110010111111011110111101101100011010000010110010001111010011100111110100001001001101001111011010111110001101100110110000110010001110101011011001011111111111111110001111101100011010110101110010000101101110101100001111000010001111011000111111101011000000000101100001101110110011110101011111101010001101100
000000000000000000000
000000000000000000000
000000000000000000000
000000000010000000000
000000000111000000000
000000001110100000000
000000011011110000000
000000110100011000000
000001101101011000000
000011011011101110000
000111111101001011000
000011111011110010000
000001101010111100000
000000111100001000000
000000011110110000000
000000001100100000000
000000000111000000000
000000000010000000000
000000000000000000000
000000000000000000000
000000000000000000000
#
It:31:Diff:30:PSOStep:7:Time:0.981292574:s:AutomataStep:7:Transition:00110111011101111011100100111010110110110000100011101111101111010111011011110000100110111010111110100000010101001011100101111111111010110111110001110101011011001111010011110000100110000101011100000001101110001000100010010001110011101101101011010010110000110001101010101100111110100001010101101000011010110101110110101100111010000110010100100110110011001011111011111111101101110101011110010000100110010000101001010101101100111001011001111000111011101101001101000010011010101101100110011110101011111101010001110110
000000000000000000000
000000000000000000000
000000000000000000000
000000000010000000000
000000000111000000000
000000001111100000000
000000011111110000000
000000110111111000000
000001111100011100000
000011101100001110000
000010110101111111000
000010110010111010000
000001111010110100000
000000011111101000000
000000010111110000000
000000000011100000000
000000000101000000000
000000000010000000000
000000000000000000000
000000000000000000000
000000000000000000000
#
It:44:Diff:29:PSOStep:7:Time:1.256244712:s:AutomataStep:7:Transition:00110111011101111011100100111110110110110000100011111110101111010111011011110000100110110110111110100110010101001011100101100111111110110111110001110101111111001111011111110001100110010111011101100011101110001010000111110001110111111101100011110010110000110001101011111100111111000001011101101000111011110111110111101100111010100110010101110100111011001011111011111111100101011101011110010110000110010001101001010101101100111000010001111001110111110101001100000100111011101101110110011100101011111101110001111100
000000000000000000000
000000000000000000000
000000000000000000000
000000000010000000000
000000000111000000000
000000001111100000000
000000011011110000000
000000111101111000000
000001110100111100000
000010111110101110000
000011010111111111000
000011110010100110000
000001111110110100000
000000111101111000000
000000011111010000000
000000001111100000000
000000000111000000000
000000000010000000000
000000000000000000000
000000000000000000000
000000000000000000000
#
It:79:Diff:28:PSOStep:7:Time:1.99933179:s:AutomataStep:7:Transition:00100011111111011111100110011010101111101100100011111010111111000111011010110000100110111110011111100110001101001010100001011011111010011111110010000101101111001111011010100001000000110100011100100111101110000110100110011001110100111101101101001010110110110001111000011100111101000001001101001001111101010101010111011001110010010111010101100111001000001011111011111011100011010101011110110100000110010010101101010101001110111010010001111011100111101111001000000110011001111101100110111000100011111001111010110101
000000000000000000000
000000000000000000000
000000000000000000000
000000000010000000000
000000000111000000000
000000001111100000000
000000011110110000000
000000111111011000000
000001111101111100000
000011110101110110000
000110010101110011000
000010111100111010000
000001110101101100000
000000101111111000000
000000011101000000000
000000001010100000000
000000000111000000000
000000000010000000000
000000000000000000000
000000000000000000000
000000000000000000000
#
It:95:Diff:26:PSOStep:7:Time:2.335399657:s:AutomataStep:7:Transition:00110011111111001111110010011010101111011100110011111010111011010111011011110100100110101010011110110010001001001000101101011011111011111010110010000111101011001110010010100001000100110110011101101111101110000110111111011011110100111101101101011010110110110001111000011000111101110001001101101001111111111101010101011101110010010111010101110100011101001011111111111011100010111101010010110100111110011010101100110101001110111011011001111011100111101111001000010111011101111100110110111100100011111001101010111001
000000000000000000000
000000000000000000000
000000000000000000000
000000000010000000000
000000000111000000000
000000001001100000000
000000011110110000000
000000101110111000000
000001010001111100000
000011011001110110000
000100101100111111000
000010111011111110000
000001110111110000000
000000101110111000000
000000011010110000000
000000001010100000000
000000000111000000000
000000000010000000000
000000000000000000000
000000000000000000000
000000000000000000000
#
It:151:Diff:22:PSOStep:7:Time:3.491404452:s:AutomataStep:7:Transition:00100011011111011111100100001010101110101100111011111010111111000111011011111000101110101110110111100010000101001000101001000011111010111111100010110111101111001111011010100001000010110100011100110111101010100110100111011001110100111101110101101010110010110001111100011000111101000101011101101000111111010101010101011101110010000111010100100111111001001011011011111011000111110101011010110100010110010010101101010101001110111111010011111011101111101111001000000110001101111100100110111100100011111001111010110101
000000000000000000000
000000000000000000000
000000000000000000000
000000000010000000000
000000000111000000000
000000001011100000000
000000011011110000000
000000111110111000000
000001110101111100000
000010110011001110000
000010111101101011000
000011010101101010000
000001100111011100000
000000101010001000000
000000011110000000000
000000001010100000000
000000000111000000000
000000000010000000000
000000000000000000000
000000000000000000000
000000000000000000000
end
