PSO TRACE
INIT:../../instances/fazia/init.csv
REF:../../instances/fazia/asm1.csv
DecodingPolicy:CPPNot
MutationPolicy:Null
ParticleNeighborhood:Fixed
ParticleDims:515
ParticleCount:100
AccP:2.0
AccG:2.0
AccL:1.5
AccI:2.3
Pos:0.0-3.0
Inertia:0.9-0.6
VeloMax:2.0
MaxPSOIteration:250
InertiaDecrFactor:0.0012000000000000001
INIT
000000000000000000000
000000000000000000000
000000000000000000000
000000000000000000000
000000000000000000000
000000000000000000000
000000000000000000000
000000000000000000000
000000000000000000000
000000000000000000000
000000000010000000000
000000000000000000000
000000000000000000000
000000000000000000000
000000000000000000000
000000000000000000000
000000000000000000000
000000000000000000000
000000000000000000000
000000000000000000000
000000000000000000000
REF
000000000000000000000
000000000000000000000
000000000000000000000
000110000000000000000
000111000000000000000
000011010000000000000
000010110100000000000
000011111101100000000
000010011011100000000
000001101110111100000
000001111101001010000
000000110111111110000
000001110110101110000
000000110111010010000
000000011111011010000
000000001101110110000
000000000110101110000
000000000011110111000
000000000000000000000
000000000000000000000
000000000000000000000
Classic CPP Decoder + Not Test
0 :1,2,3,4,
1 :0,2,3,4,
2 :0,1,3,4,
3 :0,1,2,4,
4 :0,1,2,3,
5 :6,7,8,9,
6 :5,7,8,9,
7 :5,6,8,9,
8 :5,6,7,9,
9 :5,6,7,8,
10 :11,12,13,14,
11 :10,12,13,14,
12 :10,11,13,14,
13 :10,11,12,14,
14 :10,11,12,13,
15 :16,17,18,19,
16 :15,17,18,19,
17 :15,16,18,19,
18 :15,16,17,19,
19 :15,16,17,18,
20 :21,22,23,24,
21 :20,22,23,24,
22 :20,21,23,24,
23 :20,21,22,24,
24 :20,21,22,23,
25 :26,27,28,29,
26 :25,27,28,29,
27 :25,26,28,29,
28 :25,26,27,29,
29 :25,26,27,28,
30 :31,32,33,34,
31 :30,32,33,34,
32 :30,31,33,34,
33 :30,31,32,34,
34 :30,31,32,33,
35 :36,37,38,39,
36 :35,37,38,39,
37 :35,36,38,39,
38 :35,36,37,39,
39 :35,36,37,38,
40 :41,42,43,44,
41 :40,42,43,44,
42 :40,41,43,44,
43 :40,41,42,44,
44 :40,41,42,43,
45 :46,47,48,49,
46 :45,47,48,49,
47 :45,46,48,49,
48 :45,46,47,49,
49 :45,46,47,48,
50 :51,52,53,54,
51 :50,52,53,54,
52 :50,51,53,54,
53 :50,51,52,54,
54 :50,51,52,53,
55 :56,57,58,59,
56 :55,57,58,59,
57 :55,56,58,59,
58 :55,56,57,59,
59 :55,56,57,58,
60 :61,62,63,64,
61 :60,62,63,64,
62 :60,61,63,64,
63 :60,61,62,64,
64 :60,61,62,63,
65 :66,67,68,69,
66 :65,67,68,69,
67 :65,66,68,69,
68 :65,66,67,69,
69 :65,66,67,68,
70 :71,72,73,74,
71 :70,72,73,74,
72 :70,71,73,74,
73 :70,71,72,74,
74 :70,71,72,73,
75 :76,77,78,79,
76 :75,77,78,79,
77 :75,76,78,79,
78 :75,76,77,79,
79 :75,76,77,78,
80 :81,82,83,84,
81 :80,82,83,84,
82 :80,81,83,84,
83 :80,81,82,84,
84 :80,81,82,83,
85 :86,87,88,89,
86 :85,87,88,89,
87 :85,86,88,89,
88 :85,86,87,89,
89 :85,86,87,88,
90 :91,92,93,94,
91 :90,92,93,94,
92 :90,91,93,94,
93 :90,91,92,94,
94 :90,91,92,93,
95 :96,97,98,99,
96 :95,97,98,99,
97 :95,96,98,99,
98 :95,96,97,99,
99 :95,96,97,98,
#
It:0:Diff:72:PSOStep:4:Time:0.166231016:s:AutomataStep:4:Transition:01101011111011111101111111111111111101101111101111111111110111011101111111111111101111111111110111111111111111111101111011011011101101101111111111100111111111111101111001111111101111111111111111111111111111010111110110111111110111111111111011111011111111101111110111111110011111111111110001011011110101111011111111110011011011001111111110011111111111100111111100111110111100111101111011111111111111111011101111111101101111111111011111110101111110101111111111111111111110111101101011111110110111111011111111011111
000000000000000000000
000000000000000000000
000000000000000000000
000000000000000000000
000000000000000000000
000000000000000000000
000000101110111000000
000000111011110000000
000000111010001000000
000000111110001000000
000000110111101000000
000000111110101000000
000000111000101000000
000000111111110000000
000000111111111000000
000000000000000000000
000000000000000000000
000000000000000000000
000000000000000000000
000000000000000000000
000000000000000000000
#
It:4:Diff:67:PSOStep:6:Time:0.254628911:s:AutomataStep:6:Transition:00000110110000011110111100001111101111000001011011011001111011110010101011111101000001010111010110010110000101101111010101010000110110011000001111001000111100101110011101111001110011100010001011111000111100000100111101001110110111000011011110001101001010111010111010010100111000001001010110110011101101111111001110001111011111000110010110110110111100010010110011001111101001100011101011101100111000101001000110100110101111110010100101101101111101000100010101010011011000011101000111010100101111101001010101010010
000000000000000000000
000000000000000000000
000000000000000000000
000000000000000000000
000000000000000000000
000000000000000000000
000000000000000000000
000000000000010000000
000000001011110000000
000000111110110100000
000010111110100110000
000001110111001110000
000000101101101000000
000000010011011100000
000000001000101010000
000000000110110010000
000000000010101110000
000000000000000000000
000000000000000000000
000000000000000000000
000000000000000000000
#
It:17:Diff:66:PSOStep:6:Time:0.449222554:s:AutomataStep:6:Transition:00000111110001010110111110011111101111000001111011111001111001110010110010111111000000010111110111010110010100101011010101110100111110011100101111011000111100101111010101111111010011100110001011101100111101001000111111001111110111010011011110001101010110111010111111111101111011001011110011100011101101111111001110001111111101100111111011110111111111001011110111001111111001100111111111101100011000101001100010101111110111111010101101011101111101010111010101010011001101011111000111011100101101111100000100010100
000000000000000000000
000000000000000000000
000000000000000000000
000000000000000000000
000000000000000000000
000000000000000000000
000000000000000000000
000000000001100000000
000000000111001000000
000000111111111100000
000011111110000110000
000001100100111110000
000000101011111000000
000000010001110000000
000000001100111110000
000000000101110010000
000000000011001110000
000000000000000000000
000000000000000000000
000000000000000000000
000000000000000000000
#
It:20:Diff:61:PSOStep:7:Time:0.501445191:s:AutomataStep:7:Transition:01010101000011101110011100101111101011011011011011101010111001110101100111011111100010000111000110000001011100111011100101100110111100011111111011001011101110011111011001101111001011101001001011110101110110011010011100100111110111011111111100011101010111110111011100101111111111101010010111100000000111111110001010111001001101111101000011001010001011000001101011001001010011101011101111100111110011111101100100100110100101110011111101111100001011111101001101000001011001111010111111011100101111111101110100000101
000000000000000000000
000000000000000000000
000000000000000000000
000100000000000000000
000011000000000000000
000011110000000000000
000010001000000000000
000011110011000000000
000011111011110000000
000010111110111100000
000011111000100011000
000010101111010110000
000001011111010100000
000000101111111000000
000000010011010000000
000000001011100000000
000000000101000000000
000000000010000000000
000000000000000000000
000000000000000000000
000000000000000000000
#
It:21:Diff:60:PSOStep:7:Time:0.535191655:s:AutomataStep:7:Transition:01110101000011111110001100001111101011011011011011101010111001110101000111011110101010000011100110100001011100111111000101100110111100011011101001011011100110011111010101101111001011001001001011110111110110011011011100100011010111010100011101011101110111111111011100101111110111101010010101100001000111111101001010111101000100111101000011001010001111000001011001000001010010101000101111101111111011111100100100100111000101110011110111111101001011111000001100110001011001111010111111011110101111111100111100000101
000000000000000000000
000000000000000000000
000000000000000000000
000110000000000000000
000001100000000000000
000011110000000000000
000001111100000000000
000011011100000000000
000000010101101000000
000001010011010000000
000000011010011011000
000000100101010110000
000000100111011111000
000000011101110110000
000000000111100111000
000000001101011110000
000000000101110111000
000000000011111111000
000000000000000000000
000000000000000000000
000000000000000000000
#
It:24:Diff:58:PSOStep:6:Time:0.583684066:s:AutomataStep:6:Transition:01010111000010111100000100001001100011011010011011001001011001010101011111000110001010011111100000110001011100011111000001110101101100011011110111011011100110110101010100001011010111001011001011110101110110100110110110000111101111010100011101010101110111111111011111110011101111101011010101100001000011111111001010011111101111111111000011001110001111001011011001000011111100101000101111101111011010111100110100101111000111100100101111111101001011111001001101110001011001101010111111011100100101101100111100000101
000000000000000000000
000000000000000000000
000000000000000000000
000000000000000000000
000010000000000000000
000001010000000000000
000000101000000000000
000001110100100000000
000001011011011000000
000001111110111000000
000000100111100110000
000000100101010000000
000000001110001110000
000000010101011100000
000000001101011010000
000000000101101100000
000000000011111110000
000000000000000000000
000000000000000000000
000000000000000000000
000000000000000000000
#
It:26:Diff:55:PSOStep:6:Time:0.619836906:s:AutomataStep:6:Transition:01010011000010111100000100001001101011011010011011001001111001010101011111011100001010011111100000110001011100011111000101110101111101011011100111011011100110110101110100001010000111001001001011110101110110101110111111000111101111010101011101010101111111111111011111110011101111101011010101100011000011111101001010011111100111111110000001001110000111001011011001000001111100101010101111101111011010111100110100100111000111100101011111111001001011111001000101110001011001101010111111011100100101101100111100000100
000000000000000000000
000000000000000000000
000000000000000000000
000000000000000000000
000010000000000000000
000001010000000000000
000000101000000000000
000001011100000000000
000001011001111000000
000001111011101000000
000000101101011110000
000000110111010100000
000000011111001110000
000000010111011100000
000000001110011010000
000000000101101100000
000000000011111110000
000000000000000000000
000000000000000000000
000000000000000000000
000000000000000000000
#
It:30:Diff:54:PSOStep:7:Time:0.677717798:s:AutomataStep:7:Transition:01010011110001011111010001101101000011011000011010111011011000110000100010000101100101010110110101000001111011101011110011111101111110011010110111001000110010011001100001000011111000101010010011010010111100100110011111011110000111000011011111110101111000111110111110110100001011101010011110111111111111010110011100101110011100000111000011110100101101010110001001111111111110101101111011011000101000110001000001101011000011011010010110000010000101010101001101000000000111011101101111000101101101100110010100100111
000000000000000000000
000000000000000000000
000000000000000000000
000100000000000000000
000110000000000000000
000001000000000000000
000111110000000000000
000011111110000000000
000110001011000000000
000011101001111000000
000111111001101000000
000010100011010110000
000001110111100010000
000000101101011110000
000000010000001010000
000000001011001110000
000000000101111010000
000000000010101011000
000000000000000000000
000000000000000000000
000000000000000000000
#
It:42:Diff:53:PSOStep:7:Time:0.850546996:s:AutomataStep:7:Transition:01010000001110111101100100001101100010011010011011101011101001010101000111100110000000001110100101000011011100011011100101110111101101011111000001001010100110111111011100101110000110000011001110110100100100100110011110110011000011010101010101010101110111111111011111100111111111101001011101101011000011011110101110011100110110010011000010001111001001000011011001000001011100101010111011100101011011111101010100100111100011101000100111110101001111111001001001110001111101111001101111011000101101101110111100000101
000000000000000000000
000000000000000000000
000000000000000000000
000100000000000000000
000010000000000000000
000011100000000000000
000011000000000000000
000011111100000000000
000011101100000000000
000011110101010100000
000011101101011011000
000010010111111110000
000001101111100111000
000000101101111110000
000000011001011111000
000000001001111110000
000000000110011011000
000000000011111111000
000000000000000000000
000000000000000000000
000000000000000000000
#
It:74:Diff:47:PSOStep:7:Time:1.262778195:s:AutomataStep:7:Transition:01010001000000001100001100001101101010101010011010111010001000010111000010100110100000000111000101000001011111011111110111100110111101011110110101101010100110011110010100001010001000000010001010100100101100001110000100010011110011010010011001010101001011101100011101100111000111101011011101101011010011011100111110000100101100010111001010001110001101011011011001000001010110101000111011000101011011111101000100111111000111100110001111110100001111001100001001100001110001111001111110011100101101101110110100010100
000000000000000000000
000000000000000000000
000000000000000000000
000100000000000000000
000011000000000000000
000011010000000000000
000000111100000000000
000011111100000000000
000011011010110000000
000001111011011100000
000001000011001011000
000000100101100010000
000000110110000111000
000000001100011110000
000000011000111111000
000000001001100110000
000000000100101011000
000000000011111111000
000000000000000000000
000000000000000000000
000000000000000000000
#
It:87:Diff:45:PSOStep:7:Time:1.441334841:s:AutomataStep:7:Transition:01010001000000001100001100001101101010101010011010111010001000010111000010100110000000011111100101000001011111011111110111100100111101011110111101101000100010011110010100101110011100000000001010111100101100001110000100010011110011010010010111010101000011101101011101100111010111101011011001111111100011011100011110001000101100010011001010110111101101010001011011000001010110101000111011000101011010111101000100111111000111100110001111110100001111001000001001000001100001111001111110011000000101101110110100000100
000000000000000000000
000000000000000000000
000000000000000000000
000100000000000000000
000011000000000000000
000011010000000000000
000000000100000000000
000011111101000000000
000010101110110000000
000001011110111100000
000000011101100011000
000000101101111000000
000000101001110111000
000000011011010000000
000000010111000011000
000000001001111110000
000000000110101011000
000000000011111111000
000000000000000000000
000000000000000000000
000000000000000000000
#
It:146:Diff:44:PSOStep:7:Time:2.22167901:s:AutomataStep:7:Transition:01010001001110011100001100101001101010101010011011111010001000010111000111100110100000000110100101000001111111001110110111101110111101011110110001101000100110011110010110101110001000000010001110100100101100001110011100011011110011010110010001010101011010111110011101110111101111101011011101101011110011111100101110010000111100010101001011000111001101011011011001000001010100101010111011100101011011111101000100111111000111100110001111110101001111011100001001100001110101111000111111011010000111101110111100010110
000000000000000000000
000000000000000000000
000000000000000000000
000100000000000000000
000011000000000000000
000011010000000000000
000010001100000000000
000011111100000000000
000010110111000000000
000011101111100100000
000010100001010011000
000011110010111110000
000001011001101111000
000000111101000110000
000000011111111111000
000000001101110110000
000000000100101011000
000000000011111111000
000000000000000000000
000000000000000000000
000000000000000000000
end
