PSO TRACE
INIT:../../instances/fazia/init.csv
REF:../../instances/fazia/asvn1.csv
DecodingPolicy:Nibble
MutationPolicy:Std
ParticleNeighborhood:Fixed
ParticleDims:146
ParticleCount:100
AccP:2.0
AccG:2.0
AccL:1.5
AccI:2.3
Pos:0.0-3.0
Inertia:0.9-0.6
VeloMax:2.0
MaxPSOIteration:500
InertiaDecrFactor:6.000000000000001E-4
INIT
000000000000000000000
000000000000000000000
000000000000000000000
000000000000000000000
000000000000000000000
000000000000000000000
000000000000000000000
000000000000000000000
000000000000000000000
000000000000000000000
000000000010000000000
000000000000000000000
000000000000000000000
000000000000000000000
000000000000000000000
000000000000000000000
000000000000000000000
000000000000000000000
000000000000000000000
000000000000000000000
000000000000000000000
REF
000000000000000000000
000000000000000000000
000000000000000000000
000000000010000000000
000000000111000000000
000000001010100000000
000000011100110000000
000000101001101000000
000001111001111100000
000010111111111010000
000111011111110111000
000000000000000000000
000000000000000000000
000000000000000000000
000000000000000000000
000000000000000000000
000000000000000000000
000000000000000000000
000000000000000000000
000000000000000000000
000000000000000000000
Nibble Decoder
0 :1,2,3,4,
1 :0,2,3,4,
2 :0,1,3,4,
3 :0,1,2,4,
4 :0,1,2,3,
5 :6,7,8,9,
6 :5,7,8,9,
7 :5,6,8,9,
8 :5,6,7,9,
9 :5,6,7,8,
10 :11,12,13,14,
11 :10,12,13,14,
12 :10,11,13,14,
13 :10,11,12,14,
14 :10,11,12,13,
15 :16,17,18,19,
16 :15,17,18,19,
17 :15,16,18,19,
18 :15,16,17,19,
19 :15,16,17,18,
20 :21,22,23,24,
21 :20,22,23,24,
22 :20,21,23,24,
23 :20,21,22,24,
24 :20,21,22,23,
25 :26,27,28,29,
26 :25,27,28,29,
27 :25,26,28,29,
28 :25,26,27,29,
29 :25,26,27,28,
30 :31,32,33,34,
31 :30,32,33,34,
32 :30,31,33,34,
33 :30,31,32,34,
34 :30,31,32,33,
35 :36,37,38,39,
36 :35,37,38,39,
37 :35,36,38,39,
38 :35,36,37,39,
39 :35,36,37,38,
40 :41,42,43,44,
41 :40,42,43,44,
42 :40,41,43,44,
43 :40,41,42,44,
44 :40,41,42,43,
45 :46,47,48,49,
46 :45,47,48,49,
47 :45,46,48,49,
48 :45,46,47,49,
49 :45,46,47,48,
50 :51,52,53,54,
51 :50,52,53,54,
52 :50,51,53,54,
53 :50,51,52,54,
54 :50,51,52,53,
55 :56,57,58,59,
56 :55,57,58,59,
57 :55,56,58,59,
58 :55,56,57,59,
59 :55,56,57,58,
60 :61,62,63,64,
61 :60,62,63,64,
62 :60,61,63,64,
63 :60,61,62,64,
64 :60,61,62,63,
65 :66,67,68,69,
66 :65,67,68,69,
67 :65,66,68,69,
68 :65,66,67,69,
69 :65,66,67,68,
70 :71,72,73,74,
71 :70,72,73,74,
72 :70,71,73,74,
73 :70,71,72,74,
74 :70,71,72,73,
75 :76,77,78,79,
76 :75,77,78,79,
77 :75,76,78,79,
78 :75,76,77,79,
79 :75,76,77,78,
80 :81,82,83,84,
81 :80,82,83,84,
82 :80,81,83,84,
83 :80,81,82,84,
84 :80,81,82,83,
85 :86,87,88,89,
86 :85,87,88,89,
87 :85,86,88,89,
88 :85,86,87,89,
89 :85,86,87,88,
90 :91,92,93,94,
91 :90,92,93,94,
92 :90,91,93,94,
93 :90,91,92,94,
94 :90,91,92,93,
95 :96,97,98,99,
96 :95,97,98,99,
97 :95,96,98,99,
98 :95,96,97,99,
99 :95,96,97,98,
#
It:0:Diff:39:PSOStep:7:Time:0.440361441:s:AutomataStep:7:Transition:00101110100000000010000010001100001000001010010001101000101011100000001001101000110000101010100000101000100000101000001011100100010011100010111001101110101010101010010001101010111001000010000000001110001001001100100000100000010001100100010010101010111001100100010010000000001001001110011011001110111000000010111001000110100001101110001001101000010000000110011011001100000000101100011000101100011010101010000010101000110000101110010011000010110010001100011001001010010011000110100001100000100001100000010000000000
000000000000000000000
000000000000000000000
000000000000000000000
000000000000000011000
000000000000000100000
000000000000000000000
000000000000111000000
000000000011110000000
000000011001000000000
000000101101100000000
000111000011100000000
000000001000000000000
000000000000000000000
000000000000000000000
000000000000000000000
000000000000000000000
000000000000000000000
000000000000000000000
000000000000000000000
000000000000000000000
000000000000000000000
#
It:45:Diff:38:PSOStep:7:Time:3.550437265:s:AutomataStep:7:Transition:00100010101010001110111011101100011010101000111001100100011000100100001011001100110010001110100001001010100011001100111010101110011001001010111001000100111011101110010001001010011011000010110001001100101001100000110001100100100011000100110001100100010001000100110010101100101011000110011010100010010010100100111011001010110010000100001011100010010000001110001010100100010000100010010000001100111011101110010010101010101001100110111011001010111010000000010011000100101001000100100001100010110011100100110011001110
000000000000000000000
000000000000000000000
000000000000000000000
000000000010000000000
000000000001000000000
000000001111100000000
000000000010010000000
000000000001101000000
000000000001010100000
000000001111000010000
000110110000111010000
000000011110100000000
000000000000100000000
000000000000000000000
000000000000000000000
000000000000000000000
000000000000000000000
000000000000000000000
000000000000000000000
000000000000000000000
000000000000000000000
#
It:57:Diff:32:PSOStep:7:Time:4.444369679:s:AutomataStep:7:Transition:00100110000011101010110011101110101000001110100001001110110010100110011011100100101010101100111011101110101000000000110011000000011011000010100000001000000001100110000011000110110011100110111000001100111001101110000000101110000011101100011010101100000000000000000010101110011001100100011011000110111001100000011000000000011011101100000011101100000011001010110000101110111011001100111001101110110000101010111001000110011010101110001011000000110011000110111011000010101001001110101011001000001000001100111011100110
000000000000000000000
000000000000000000000
000000000000000000000
000000000010000000000
000000000011000000000
000000000110100000000
000000000100000000000
000000000111100000000
000000000000100100000
000000011000011010000
000000011110101011000
000000000000000000000
000000000000000000000
000000000000000000000
000000000000000000000
000000000000000000000
000000000000000000000
000000000000000000000
000000000000000000000
000000000000000000000
000000000000000000000
#
It:81:Diff:23:PSOStep:7:Time:6.083009703:s:AutomataStep:7:Transition:00100000101001101010101011100100111011101010001010100100000011100100000010001000011010101010100001100100010011100100101000000110010001001100010001001110000010100110010010100010111001100100010001101010000000000100011011100100010001000100100010101110101010000000001010100100101010101010011000100100010001000110011000001100011000101010101011100110101000100000101001000100001010000100111000100100101010101010100001000000101001100100101001001010001010000100111000100100010010101000101001100110101010101010100001000110
000000000000000000000
000000000000000000000
000000000000000000000
000000000010000000000
000000000101000000000
000000001010100000000
000000011111010000000
000000000001001000000
000001100001110100000
000000100110000010000
000111100000110111000
000000000000000000000
000000000000000000000
000000000000000000000
000000000000000000000
000000000000000000000
000000000000000000000
000000000000000000000
000000000000000000000
000000000000000000000
000000000000000000000
end
