PSO TRACE
INIT:../../instances/fazia/init.csv
REF:../../instances/fazia/asvn1.csv
DecodingPolicy:Nibble
MutationPolicy:Std
ParticleNeighborhood:Fixed
ParticleDims:146
ParticleCount:100
AccP:2.0
AccG:2.0
AccL:1.5
AccI:2.3
Pos:0.0-3.0
Inertia:0.9-0.6
VeloMax:2.0
MaxPSOIteration:500
InertiaDecrFactor:6.000000000000001E-4
INIT
000000000000000000000
000000000000000000000
000000000000000000000
000000000000000000000
000000000000000000000
000000000000000000000
000000000000000000000
000000000000000000000
000000000000000000000
000000000000000000000
000000000010000000000
000000000000000000000
000000000000000000000
000000000000000000000
000000000000000000000
000000000000000000000
000000000000000000000
000000000000000000000
000000000000000000000
000000000000000000000
000000000000000000000
REF
000000000000000000000
000000000000000000000
000000000000000000000
000000000010000000000
000000000111000000000
000000001010100000000
000000011100110000000
000000101001101000000
000001111001111100000
000010111111111010000
000111011111110111000
000000000000000000000
000000000000000000000
000000000000000000000
000000000000000000000
000000000000000000000
000000000000000000000
000000000000000000000
000000000000000000000
000000000000000000000
000000000000000000000
Nibble Decoder
0 :1,2,3,4,
1 :0,2,3,4,
2 :0,1,3,4,
3 :0,1,2,4,
4 :0,1,2,3,
5 :6,7,8,9,
6 :5,7,8,9,
7 :5,6,8,9,
8 :5,6,7,9,
9 :5,6,7,8,
10 :11,12,13,14,
11 :10,12,13,14,
12 :10,11,13,14,
13 :10,11,12,14,
14 :10,11,12,13,
15 :16,17,18,19,
16 :15,17,18,19,
17 :15,16,18,19,
18 :15,16,17,19,
19 :15,16,17,18,
20 :21,22,23,24,
21 :20,22,23,24,
22 :20,21,23,24,
23 :20,21,22,24,
24 :20,21,22,23,
25 :26,27,28,29,
26 :25,27,28,29,
27 :25,26,28,29,
28 :25,26,27,29,
29 :25,26,27,28,
30 :31,32,33,34,
31 :30,32,33,34,
32 :30,31,33,34,
33 :30,31,32,34,
34 :30,31,32,33,
35 :36,37,38,39,
36 :35,37,38,39,
37 :35,36,38,39,
38 :35,36,37,39,
39 :35,36,37,38,
40 :41,42,43,44,
41 :40,42,43,44,
42 :40,41,43,44,
43 :40,41,42,44,
44 :40,41,42,43,
45 :46,47,48,49,
46 :45,47,48,49,
47 :45,46,48,49,
48 :45,46,47,49,
49 :45,46,47,48,
50 :51,52,53,54,
51 :50,52,53,54,
52 :50,51,53,54,
53 :50,51,52,54,
54 :50,51,52,53,
55 :56,57,58,59,
56 :55,57,58,59,
57 :55,56,58,59,
58 :55,56,57,59,
59 :55,56,57,58,
60 :61,62,63,64,
61 :60,62,63,64,
62 :60,61,63,64,
63 :60,61,62,64,
64 :60,61,62,63,
65 :66,67,68,69,
66 :65,67,68,69,
67 :65,66,68,69,
68 :65,66,67,69,
69 :65,66,67,68,
70 :71,72,73,74,
71 :70,72,73,74,
72 :70,71,73,74,
73 :70,71,72,74,
74 :70,71,72,73,
75 :76,77,78,79,
76 :75,77,78,79,
77 :75,76,78,79,
78 :75,76,77,79,
79 :75,76,77,78,
80 :81,82,83,84,
81 :80,82,83,84,
82 :80,81,83,84,
83 :80,81,82,84,
84 :80,81,82,83,
85 :86,87,88,89,
86 :85,87,88,89,
87 :85,86,88,89,
88 :85,86,87,89,
89 :85,86,87,88,
90 :91,92,93,94,
91 :90,92,93,94,
92 :90,91,93,94,
93 :90,91,92,94,
94 :90,91,92,93,
95 :96,97,98,99,
96 :95,97,98,99,
97 :95,96,98,99,
98 :95,96,97,99,
99 :95,96,97,98,
#
It:0:Diff:45:PSOStep:3:Time:0.389477279:s:AutomataStep:3:Transition:01100010111001100100110011000000110011001000011001000000001000101000000000001110111011101000110010101000111010001100101001001110010001100000100011100010110000100110111010000110010010101010011001100100001001000010010001001100011011000000110000001100111001100110110011000010001000101100110000101000011000101010010011001100011000100100111010100100110011000010010000000110001010000110101001000110100011000010101010101110000001001100001000000100111001001000111001001110110000000000010010100100011010000100101011101100
000000000000000000000
000000000000000000000
000000000000000000000
000000000000000000000
000000000000000000000
000000000000000000000
000000000000000000000
000000011010000000000
000000010001000000000
000000001101100000000
000000010111010000000
000000010001000000000
000000011000000000000
000000010000000000000
000000000000000000000
000000000000000000000
000000000000000000000
000000000000000000000
000000000000000000000
000000000000000000000
000000000000000000000
#
It:1:Diff:38:PSOStep:7:Time:0.802987946:s:AutomataStep:7:Transition:00100010011010100010001011100010101010000110111010001010101001100110100010100100001001101010111001100110010010100010101000100010001011100100111001001010001001100110100000100000001000100110111001100010011001100010001010000010011010101010000001000110011001100100011010001110100000101110001010100000010010000110000000100110001011101100100010101100010001100010110011101000011010000100101001001000010011100110011001100100111001001010001000101000001011000110001000000110001010101010001000001110101010001000011011000110
000000000000000000000
000000000000000000000
000000000000000000000
000000000010000000000
000000000001000000000
000000000100100000000
000000001100000000000
000000000001011000000
000000011110111100000
000000000100000110000
000000001000000001000
000000000000000000000
000000000000000000000
000000000000000000000
000000000000000000000
000000000000000000000
000000000000000000000
000000000000000000000
000000000000000000000
000000000000000000000
000000000000000000000
#
It:11:Diff:22:PSOStep:7:Time:1.584673928:s:AutomataStep:7:Transition:00100010101000100010001011100010100010101010101000001010011010100000001010000010001010101110101010100110001000100100110000101000010010100010101000100010001011101110001000101000101000000110111010100010101010100010100010101000111010101100111001001010101000000010101010100110011000100110010000100110001011001000101000101010001001100100010000000100001010100010000001100100100001000010011000001010100011101010001010100010100000100100001000100110001000101100001010001010001000101110001001100000101011100000101001101010
000000000000000000000
000000000000000000000
000000000000000000000
000000000010000000000
000000000101000000000
000000001010100000000
000000001110110000000
000000101001001000000
000000111100010100000
000010100011101010000
000101101110000101000
000000001010000000000
000000000000000000000
000000000000000000000
000000000000000000000
000000000000000000000
000000000000000000000
000000000000000000000
000000000000000000000
000000000000000000000
000000000000000000000
#
It:336:Diff:21:PSOStep:7:Time:26.918364697:s:AutomataStep:7:Transition:00100010101000100010001011000100101010101010101000001010101010100110000010000010001010101010100010101010010000101010000000101000001010100010101000100010001011001010001011101010011000001010010001100010101010100110101010100010101000001010011001101010101001100010011010101010011010101010010000100110001001100000101000101010001010100010110000100110110010100010100000100000010010100010011000101010001000101010001010100010111011000010001000101010001000100110001000100100010001100010001010100110101010101000001000101010
000000000000000000000
000000000000000000000
000000000000000000000
000000000010000000000
000000000101000000000
000000001010100000000
000000000111010000000
000000101000101000000
000001011000010100000
000010111010001010000
000101010101000101000
000000000000000000000
000000000000000000000
000000000000000000000
000000000000000000000
000000000000000000000
000000000000000000000
000000000000000000000
000000000000000000000
000000000000000000000
000000000000000000000
#
It:354:Diff:19:PSOStep:7:Time:28.406364034:s:AutomataStep:7:Transition:00100010101000100010001001100010111010101010000000001010101010100010001011000010001010101010100010101100001000100010101000101100001011101000101000100010001010001010001000101010101011101010010001100010101011100010100010100010001010101110101011101010101001000010101010101010101000101010010000100010001000001010101000101010001010100010110000100100001010100010001000101100101000100010111000101010001000101010001011100010001000100010001000101110011000101010001010000000011011100010001010100100101001101100000000101010
000000000000000000000
000000000000000000000
000000000000000000000
000000000010000000000
000000000101000000000
000000001010100000000
000000011000010000000
000000101100101000000
000000010010110100000
000010101111010010000
000101000110110011000
000000000000000000000
000000000000000000000
000000000000000000000
000000000000000000000
000000000000000000000
000000000000000000000
000000000000000000000
000000000000000000000
000000000000000000000
000000000000000000000
end
