PSO TRACE
INIT:../../instances/fazia/init.csv
REF:../../instances/fazia/asvn1.csv
DecodingPolicy:Nibble
MutationPolicy:Std
ParticleNeighborhood:Fixed
ParticleDims:146
ParticleCount:100
AccP:2.0
AccG:2.0
AccL:1.5
AccI:2.3
Pos:0.0-3.0
Inertia:0.9-0.6
VeloMax:2.0
MaxPSOIteration:500
InertiaDecrFactor:6.000000000000001E-4
INIT
000000000000000000000
000000000000000000000
000000000000000000000
000000000000000000000
000000000000000000000
000000000000000000000
000000000000000000000
000000000000000000000
000000000000000000000
000000000000000000000
000000000010000000000
000000000000000000000
000000000000000000000
000000000000000000000
000000000000000000000
000000000000000000000
000000000000000000000
000000000000000000000
000000000000000000000
000000000000000000000
000000000000000000000
REF
000000000000000000000
000000000000000000000
000000000000000000000
000000000010000000000
000000000111000000000
000000001010100000000
000000011100110000000
000000101001101000000
000001111001111100000
000010111111111010000
000111011111110111000
000000000000000000000
000000000000000000000
000000000000000000000
000000000000000000000
000000000000000000000
000000000000000000000
000000000000000000000
000000000000000000000
000000000000000000000
000000000000000000000
Nibble Decoder
0 :1,2,3,4,
1 :0,2,3,4,
2 :0,1,3,4,
3 :0,1,2,4,
4 :0,1,2,3,
5 :6,7,8,9,
6 :5,7,8,9,
7 :5,6,8,9,
8 :5,6,7,9,
9 :5,6,7,8,
10 :11,12,13,14,
11 :10,12,13,14,
12 :10,11,13,14,
13 :10,11,12,14,
14 :10,11,12,13,
15 :16,17,18,19,
16 :15,17,18,19,
17 :15,16,18,19,
18 :15,16,17,19,
19 :15,16,17,18,
20 :21,22,23,24,
21 :20,22,23,24,
22 :20,21,23,24,
23 :20,21,22,24,
24 :20,21,22,23,
25 :26,27,28,29,
26 :25,27,28,29,
27 :25,26,28,29,
28 :25,26,27,29,
29 :25,26,27,28,
30 :31,32,33,34,
31 :30,32,33,34,
32 :30,31,33,34,
33 :30,31,32,34,
34 :30,31,32,33,
35 :36,37,38,39,
36 :35,37,38,39,
37 :35,36,38,39,
38 :35,36,37,39,
39 :35,36,37,38,
40 :41,42,43,44,
41 :40,42,43,44,
42 :40,41,43,44,
43 :40,41,42,44,
44 :40,41,42,43,
45 :46,47,48,49,
46 :45,47,48,49,
47 :45,46,48,49,
48 :45,46,47,49,
49 :45,46,47,48,
50 :51,52,53,54,
51 :50,52,53,54,
52 :50,51,53,54,
53 :50,51,52,54,
54 :50,51,52,53,
55 :56,57,58,59,
56 :55,57,58,59,
57 :55,56,58,59,
58 :55,56,57,59,
59 :55,56,57,58,
60 :61,62,63,64,
61 :60,62,63,64,
62 :60,61,63,64,
63 :60,61,62,64,
64 :60,61,62,63,
65 :66,67,68,69,
66 :65,67,68,69,
67 :65,66,68,69,
68 :65,66,67,69,
69 :65,66,67,68,
70 :71,72,73,74,
71 :70,72,73,74,
72 :70,71,73,74,
73 :70,71,72,74,
74 :70,71,72,73,
75 :76,77,78,79,
76 :75,77,78,79,
77 :75,76,78,79,
78 :75,76,77,79,
79 :75,76,77,78,
80 :81,82,83,84,
81 :80,82,83,84,
82 :80,81,83,84,
83 :80,81,82,84,
84 :80,81,82,83,
85 :86,87,88,89,
86 :85,87,88,89,
87 :85,86,88,89,
88 :85,86,87,89,
89 :85,86,87,88,
90 :91,92,93,94,
91 :90,92,93,94,
92 :90,91,93,94,
93 :90,91,92,94,
94 :90,91,92,93,
95 :96,97,98,99,
96 :95,97,98,99,
97 :95,96,98,99,
98 :95,96,97,99,
99 :95,96,97,98,
#
It:0:Diff:47:PSOStep:1:Time:0.39416687:s:AutomataStep:1:Transition:00100000111001101010100000101010100000001100100000001010010011100010100011001010011011100010000001101110101010101100110011000100000000001010110000100000101011101100100011001000100011000010110000101000101011100010110001000010000001001110010001000010111010001110011011100010100000100110011010001010111000000000010001101100101011100100010001000000110001100110010010000100011001000100111011001010111001001010111001000000000000100000110010101010010010100110110001001010100001001100011010101010101000101100110000100010
000000000000000000000
000000000000000000000
000000000000000000000
000000000000000000000
000000000000000000000
000000000000000000000
000000000000000000000
000000000000000000000
000000000000000000000
000000000010000000000
000000000111000000000
000000000001000000000
000000000000000000000
000000000000000000000
000000000000000000000
000000000000000000000
000000000000000000000
000000000000000000000
000000000000000000000
000000000000000000000
000000000000000000000
#
It:1:Diff:45:PSOStep:2:Time:0.660736253:s:AutomataStep:2:Transition:00101010010011100100000011101000000010100000000010101000010011100010010001101000010010001100010010000010000010000110010010100110000000000100000001000000110000100010001000000100010001100000010000100100101001001010000010000110000000001100000000000110100001000100100000100010010001001110011001100100010010101110011001000010100001000010000001000100011010000000100001100110111000001000110010101100011010001100111010100100001000001010110001000000100011000100010001101100010010000100111001001000011001100110000010101010
000000000000000000000
000000000000000000000
000000000000000000000
000000000000000000000
000000000000000000000
000000000000000000000
000000000000000000000
000000000000000000000
000000000001100000000
000000000011000000000
000000000001000000000
000000000000000000000
000000000000000000000
000000000000000000000
000000000000000000000
000000000000000000000
000000000000000000000
000000000000000000000
000000000000000000000
000000000000000000000
000000000000000000000
#
It:4:Diff:38:PSOStep:7:Time:0.957328282:s:AutomataStep:7:Transition:00100000100001001110100011101010000010001110010010000000110000000100011001101010010001001010010001001110011001000110101011001010001001101000110000101010101001000100111001000110011001100000001000000010101001000000101010101010110000100010110010000110010001000100100001000110000000001110010001001010000001001110000011001000100001000100000010101000110011000000011001000010010010101010110010001010011000101110110000001100010010101000110011001000101011001100101011100000101010100010000000100100100011101110110001101000
000000000000000000000
000000000000000000000
000000000000000000000
000000000010000000000
000000000110000000000
000000000010000000000
000000001100110000000
000000000001100000000
000000000000000000000
000000000101100000000
000111001111000000000
000001010011000000000
000000010110000000000
000000000010000000000
000000000000000000000
000000000000000000000
000000000000000000000
000000000000000000000
000000000000000000000
000000000000000000000
000000000000000000000
#
It:38:Diff:32:PSOStep:7:Time:3.5091813:s:AutomataStep:7:Transition:00100000101001100010011001101010110000100000101000000110110001000000011000001100011001100000001001100000101010101010101000000100010010100110010010101010101000000000011001100110011011000110001001100000010001101110101000001010010001000100011010100000000001100000110001100100101001101100101001100010011010001100011011101100011011100110010010001100010000000000110001100100001001100000101001101010011010101010011010001010101000100100111010101010101001101110111010100110000010100110101010101010101000000000010000000110
000000000000000000000
000000000000000000000
000000000000000000000
000000000010000000000
000000000010000000000
000000000010000000000
000000010001010000000
000000110000010000000
000001001101101100000
000010000011010010000
000100000000110101000
000000000000000000000
000000000000000000000
000000000000000000000
000000000000000000000
000000000000000000000
000000000000000000000
000000000000000000000
000000000000000000000
000000000000000000000
000000000000000000000
#
It:40:Diff:27:PSOStep:7:Time:3.657431664:s:AutomataStep:7:Transition:00100100111011001000110000101110110010100000111001100000101010000110100000101110011001101110011001101110110011101110101010100110011011100000111011101010111011100110001011101000011011001100001001101110111001100010111011100100111011001100100001101110011010100000010001100100100011001100011001101010111001101010001001100110001001100000011011001000001010001110110001100000011010101110000001101110111011100100011001001110111010100110100010101010111001100100111011101100111010100110111011101100111001100100000000100110
000000000000000000000
000000000000000000000
000000000000000000000
000000000010000000000
000000000111000000000
000000001010000000000
000000001001010000000
000000000000111000000
000001000010100000000
000011100101000010000
000111011110011111000
000000000000000000000
000000000000000000000
000000000000000000000
000000000000000000000
000000000000000000000
000000000000000000000
000000000000000000000
000000000000000000000
000000000000000000000
000000000000000000000
#
It:279:Diff:24:PSOStep:7:Time:21.411319292:s:AutomataStep:7:Transition:00100100101011101100111010101110110010101000110001101000111010000100010010100000011001100100011001101000101011001010001000100110011011001000101000001110110011100110000010101110011011100010000001101110110001101100000011001110000010101110100010001110011011100100111001100000010000101010011001101010001001001010110001100100101001101100011000001000000001101110001001101000011011000000100001101100110011000100011001101100111011101110001000100010110001100000010011001010110001000110000011001110110001101010001000000110
000000000000000000000
000000000000000000000
000000000000000000000
000000000010000000000
000000000011000000000
000000000110000000000
000000000001110000000
000000100001001000000
000001101011110000000
000010000111011010000
000111110111111111000
000000011100000000000
000000000000000000000
000000000000000000000
000000000000000000000
000000000000000000000
000000000000000000000
000000000000000000000
000000000000000000000
000000000000000000000
000000000000000000000
end
