PSO TRACE
INIT:../../instances/fazia/init.csv
REF:../../instances/fazia/asvn1.csv
DecodingPolicy:Nibble
MutationPolicy:Std
ParticleNeighborhood:Fixed
ParticleDims:146
ParticleCount:100
AccP:2.0
AccG:2.0
AccL:1.5
AccI:2.3
Pos:0.0-3.0
Inertia:0.9-0.6
VeloMax:2.0
MaxPSOIteration:500
InertiaDecrFactor:6.000000000000001E-4
INIT
000000000000000000000
000000000000000000000
000000000000000000000
000000000000000000000
000000000000000000000
000000000000000000000
000000000000000000000
000000000000000000000
000000000000000000000
000000000000000000000
000000000010000000000
000000000000000000000
000000000000000000000
000000000000000000000
000000000000000000000
000000000000000000000
000000000000000000000
000000000000000000000
000000000000000000000
000000000000000000000
000000000000000000000
REF
000000000000000000000
000000000000000000000
000000000000000000000
000000000010000000000
000000000111000000000
000000001010100000000
000000011100110000000
000000101001101000000
000001111001111100000
000010111111111010000
000111011111110111000
000000000000000000000
000000000000000000000
000000000000000000000
000000000000000000000
000000000000000000000
000000000000000000000
000000000000000000000
000000000000000000000
000000000000000000000
000000000000000000000
Nibble Decoder
0 :1,2,3,4,
1 :0,2,3,4,
2 :0,1,3,4,
3 :0,1,2,4,
4 :0,1,2,3,
5 :6,7,8,9,
6 :5,7,8,9,
7 :5,6,8,9,
8 :5,6,7,9,
9 :5,6,7,8,
10 :11,12,13,14,
11 :10,12,13,14,
12 :10,11,13,14,
13 :10,11,12,14,
14 :10,11,12,13,
15 :16,17,18,19,
16 :15,17,18,19,
17 :15,16,18,19,
18 :15,16,17,19,
19 :15,16,17,18,
20 :21,22,23,24,
21 :20,22,23,24,
22 :20,21,23,24,
23 :20,21,22,24,
24 :20,21,22,23,
25 :26,27,28,29,
26 :25,27,28,29,
27 :25,26,28,29,
28 :25,26,27,29,
29 :25,26,27,28,
30 :31,32,33,34,
31 :30,32,33,34,
32 :30,31,33,34,
33 :30,31,32,34,
34 :30,31,32,33,
35 :36,37,38,39,
36 :35,37,38,39,
37 :35,36,38,39,
38 :35,36,37,39,
39 :35,36,37,38,
40 :41,42,43,44,
41 :40,42,43,44,
42 :40,41,43,44,
43 :40,41,42,44,
44 :40,41,42,43,
45 :46,47,48,49,
46 :45,47,48,49,
47 :45,46,48,49,
48 :45,46,47,49,
49 :45,46,47,48,
50 :51,52,53,54,
51 :50,52,53,54,
52 :50,51,53,54,
53 :50,51,52,54,
54 :50,51,52,53,
55 :56,57,58,59,
56 :55,57,58,59,
57 :55,56,58,59,
58 :55,56,57,59,
59 :55,56,57,58,
60 :61,62,63,64,
61 :60,62,63,64,
62 :60,61,63,64,
63 :60,61,62,64,
64 :60,61,62,63,
65 :66,67,68,69,
66 :65,67,68,69,
67 :65,66,68,69,
68 :65,66,67,69,
69 :65,66,67,68,
70 :71,72,73,74,
71 :70,72,73,74,
72 :70,71,73,74,
73 :70,71,72,74,
74 :70,71,72,73,
75 :76,77,78,79,
76 :75,77,78,79,
77 :75,76,78,79,
78 :75,76,77,79,
79 :75,76,77,78,
80 :81,82,83,84,
81 :80,82,83,84,
82 :80,81,83,84,
83 :80,81,82,84,
84 :80,81,82,83,
85 :86,87,88,89,
86 :85,87,88,89,
87 :85,86,88,89,
88 :85,86,87,89,
89 :85,86,87,88,
90 :91,92,93,94,
91 :90,92,93,94,
92 :90,91,93,94,
93 :90,91,92,94,
94 :90,91,92,93,
95 :96,97,98,99,
96 :95,97,98,99,
97 :95,96,98,99,
98 :95,96,97,99,
99 :95,96,97,98,
#
It:0:Diff:45:PSOStep:2:Time:0.507003619:s:AutomataStep:2:Transition:01001000001010101100101001001000101001101110101000000000000010101000100010101110110010100010011001000010110010101000011000101010011000001110100011100000101010100010101000001010010001101010010001100010100011001100101001101100010001001100110011000110011011000010010011101110011000101010111011000000000010101100101001000100010010000010101010000100010011000100011000001100101001001100011000101110001011000000011001000110100011000100010010001100010010000000000010100010110011001000100010001000110000000100010010000000
000000000000000000000
000000000000000000000
000000000000000000000
000000000000000000000
000000000000000000000
000000000000000000000
000000000000000000000
000000000000000000000
000000001000100000000
000000000101000000000
000000000110100000000
000000000100000000000
000000001000000000000
000000000000000000000
000000000000000000000
000000000000000000000
000000000000000000000
000000000000000000000
000000000000000000000
000000000000000000000
000000000000000000000
#
It:1:Diff:42:PSOStep:6:Time:0.912876328:s:AutomataStep:6:Transition:10000000011011001100111001000000010010100000111001000000011001100100101001101000011000100010010011000010000001101110101011100000101011100100000010101100000001000010110001101100010000000000000000000010000011100000111000000000010011101110100011101100101000000000010000000000001001001110110001100010010011000000111011001110111010001010011011000000000001000100111010101110100000001100101010100010000011000010011001000110010010001000111001000000000000000110011001000110000001000000011011100110111010101000111000000100
000000000000000000000
000000000000000000000
000000000000000000000
000000000000000000000
000000000000000000000
000000000000000000000
000000000000000000000
000011101101000000000
000001100101100000000
000001010000010000000
000001101001110000000
000000000000000000000
000000000000000000000
000000000000000000000
000000000000000000000
000000000000000000000
000000000000000000000
000000000000000000000
000000000000000000000
000000000000000000000
000000000000000000000
#
It:4:Diff:40:PSOStep:4:Time:1.179414336:s:AutomataStep:4:Transition:11000100010011000110001000100100000001101100000000001100001011000010010011101100110011001100000000101110000000100100110001100010001001101000111011000010010011001100110001101100101011000000001000000110011000100010011000000010110001101100001011101000011011000100001000101000110011000110110001101110011001101010111010000110011010101100110000001110110010100010110011100110001001000010100011001100010000101110110001101100110000100010111000101000011001000100001011000110100011000010111011100010111011100110010001100010
000000000000000000000
000000000000000000000
000000000000000000000
000000000000000000000
000000000000000000000
000000000000000000000
000000001010100000000
000000010101100000000
000000110000000000000
000000011110000000000
000000000101100000000
000000000000000000000
000000000000000000000
000000000000000000000
000000000000000000000
000000000000000000000
000000000000000000000
000000000000000000000
000000000000000000000
000000000000000000000
000000000000000000000
#
It:20:Diff:37:PSOStep:6:Time:2.280680576:s:AutomataStep:6:Transition:00100010011011001100001011100110110010000110111011001100101011000010000010001100101011000110110010100010110001100100011001100000011001101110111011001100011001000000110000101100000001101010001000100010011011101110011000100010110010001110011001101100011011000100110000101010111011100110110011000110110011001100111011100110011011001000111011000010110001101010001011100110010010101000110000100100001011001000001001100100100001001110101000001100110011000100001011001100010001101110100000101110100001101100100010101100
000000000000000000000
000000000000000000000
000000000000000000000
000000000000000000000
000000000010000000000
000000000100000000000
000000001111100000000
000000011100000000000
000000101001111000000
000001000000000000000
000001011111101110000
000000000000000000000
000000000000000000000
000000000000000000000
000000000000000000000
000000000000000000000
000000000000000000000
000000000000000000000
000000000000000000000
000000000000000000000
000000000000000000000
#
It:91:Diff:31:PSOStep:7:Time:7.166509119:s:AutomataStep:7:Transition:00100100111000001100011000001010000011100110100011100000001000000000001000000000111000101110000010000100111011000000111011101110000001000000100001000000111000000010000011100000111011000010001000000010111011101110111000101000000000001110000011101100111000000000100000000110111001100000001000001110111000100000111001101000111000001110110001101000000011000110101011101110110011000110001001001100111000000100111011100110110011101000001011000000101000000010011011101110001011101100110000101110000011100010111000101110
000000000000000000000
000000000000000000000
000000000000000000000
000000000010000000000
000000000110000000000
000000001110000000000
000000001100000000000
000000101000000000000
000001110100110000000
000010010101010000000
000111001100100000000
000001100100000000000
000000001000000000000
000000000000000000000
000000000000000000000
000000000000000000000
000000000000000000000
000000000000000000000
000000000000000000000
000000000000000000000
000000000000000000000
#
It:211:Diff:30:PSOStep:7:Time:15.73521081:s:AutomataStep:7:Transition:00100100111000100010100011101110110001101000011000100110111000100110110001100110001000000010000010100110001010100110100001100110000001101100011010000000000000101100001001000010000011101010000000100100000010000110011011101000001001101100011011100110011000100110011000001000001000100110110010001010001000100110011010100110011000100010101000100000100000000110010001100110011011100000101000000100110000000110001001101000001010100000000000000000001000001010001000100010010010100010111001100110001000000010101000100100
000000000000000000000
000000000000000000000
000000000000000000000
000000000010000000000
000000000001000000000
000000001010100000000
000000000010100000000
000000111100100000000
000001101001000100000
000010100000000110000
000101001100010101000
000000000000000000000
000000000000000000000
000000000000000000000
000000000000000000000
000000000000000000000
000000000000000000000
000000000000000000000
000000000000000000000
000000000000000000000
000000000000000000000
#
It:226:Diff:29:PSOStep:7:Time:16.883246689:s:AutomataStep:7:Transition:00100100101010101010000000000010110000100000111000000000001001100010001000100110000000100000000000000010110011001000001000101100000000100010101000001000001000100010000001101000110001000010000000001100110000000010100011001100000000100010000000100110001000000000000000001010000011100000000000000010011000001100001001100010001000100000001001101100000000101110000000100010001000100010001000101010101000101100110001100100101000000100000000100010001000000000111010100100001010100010000000100010100001000000011001100010
000000000000000000000
000000000000000000000
000000000000000000000
000000000010000000000
000000000100000000000
000000001000100000000
000000010000000000000
000000100000001000000
000001000001010000000
000010000000100010000
000111001000110011000
000000000000000000000
000000000000000000000
000000000000000000000
000000000000000000000
000000000000000000000
000000000000000000000
000000000000000000000
000000000000000000000
000000000000000000000
000000000000000000000
#
It:380:Diff:25:PSOStep:7:Time:28.567279911:s:AutomataStep:7:Transition:00100010111001000010000000000010101000100000110000000000001011100010001000101010000000100000000000000010101001001100001000101100000000100010101000001000001000100010000011100000110000100010000000001100100000000010100011001000000000100010000000100010001000000000000010001110100001001000000000000010001000000100001000100010001000100000001000101100000000100100000000100010001000100010001000101010011000100010000001000010001010001100000000100010010000000000101000101100001000100010000000100010100000100000111000100010
000000000000000000000
000000000000000000000
000000000000000000000
000000000010000000000
000000000101000000000
000000001010100000000
000000010000010000000
000000101000111000000
000001010101010100000
000010000010100010000
000101000001110001000
000000000000000000000
000000000000000000000
000000000000000000000
000000000000000000000
000000000000000000000
000000000000000000000
000000000000000000000
000000000000000000000
000000000000000000000
000000000000000000000
#
It:439:Diff:24:PSOStep:7:Time:33.175422413:s:AutomataStep:7:Transition:00100010110001000110000000000010111001000000110011001100011001000010010000101100000010101000000011100010010010001000001000100000000001100100000011001010001010100010000001100000110000100110000011001100111000000010100001100000000000100010110000100010001010000000001011101110000011001100110000000100001000001000010000101010001000100000001001100000100000101100111000100010001000100010011000101110101001101100101000100110001000001100000000100100010000000000010000100010001000100010000000100110100000101100010001101010
000000000000000000000
000000000000000000000
000000000000000000000
000000000010000000000
000000000111000000000
000000001000100000000
000000010100010000000
000000100001001000000
000001110101100100000
000010000110010010000
000101000001000001000
000000000000000000000
000000000000000000000
000000000000000000000
000000000000000000000
000000000000000000000
000000000000000000000
000000000000000000000
000000000000000000000
000000000000000000000
000000000000000000000
end
