PSO TRACE
INIT:../../instances/fazia/init.csv
REF:../../instances/fazia/asvn1.csv
DecodingPolicy:Nibble
MutationPolicy:Std
ParticleNeighborhood:Fixed
ParticleDims:146
ParticleCount:100
AccP:2.0
AccG:2.0
AccL:1.5
AccI:2.3
Pos:0.0-3.0
Inertia:0.9-0.6
VeloMax:2.0
MaxPSOIteration:500
InertiaDecrFactor:6.000000000000001E-4
INIT
000000000000000000000
000000000000000000000
000000000000000000000
000000000000000000000
000000000000000000000
000000000000000000000
000000000000000000000
000000000000000000000
000000000000000000000
000000000000000000000
000000000010000000000
000000000000000000000
000000000000000000000
000000000000000000000
000000000000000000000
000000000000000000000
000000000000000000000
000000000000000000000
000000000000000000000
000000000000000000000
000000000000000000000
REF
000000000000000000000
000000000000000000000
000000000000000000000
000000000010000000000
000000000111000000000
000000001010100000000
000000011100110000000
000000101001101000000
000001111001111100000
000010111111111010000
000111011111110111000
000000000000000000000
000000000000000000000
000000000000000000000
000000000000000000000
000000000000000000000
000000000000000000000
000000000000000000000
000000000000000000000
000000000000000000000
000000000000000000000
Nibble Decoder
0 :1,2,3,4,
1 :0,2,3,4,
2 :0,1,3,4,
3 :0,1,2,4,
4 :0,1,2,3,
5 :6,7,8,9,
6 :5,7,8,9,
7 :5,6,8,9,
8 :5,6,7,9,
9 :5,6,7,8,
10 :11,12,13,14,
11 :10,12,13,14,
12 :10,11,13,14,
13 :10,11,12,14,
14 :10,11,12,13,
15 :16,17,18,19,
16 :15,17,18,19,
17 :15,16,18,19,
18 :15,16,17,19,
19 :15,16,17,18,
20 :21,22,23,24,
21 :20,22,23,24,
22 :20,21,23,24,
23 :20,21,22,24,
24 :20,21,22,23,
25 :26,27,28,29,
26 :25,27,28,29,
27 :25,26,28,29,
28 :25,26,27,29,
29 :25,26,27,28,
30 :31,32,33,34,
31 :30,32,33,34,
32 :30,31,33,34,
33 :30,31,32,34,
34 :30,31,32,33,
35 :36,37,38,39,
36 :35,37,38,39,
37 :35,36,38,39,
38 :35,36,37,39,
39 :35,36,37,38,
40 :41,42,43,44,
41 :40,42,43,44,
42 :40,41,43,44,
43 :40,41,42,44,
44 :40,41,42,43,
45 :46,47,48,49,
46 :45,47,48,49,
47 :45,46,48,49,
48 :45,46,47,49,
49 :45,46,47,48,
50 :51,52,53,54,
51 :50,52,53,54,
52 :50,51,53,54,
53 :50,51,52,54,
54 :50,51,52,53,
55 :56,57,58,59,
56 :55,57,58,59,
57 :55,56,58,59,
58 :55,56,57,59,
59 :55,56,57,58,
60 :61,62,63,64,
61 :60,62,63,64,
62 :60,61,63,64,
63 :60,61,62,64,
64 :60,61,62,63,
65 :66,67,68,69,
66 :65,67,68,69,
67 :65,66,68,69,
68 :65,66,67,69,
69 :65,66,67,68,
70 :71,72,73,74,
71 :70,72,73,74,
72 :70,71,73,74,
73 :70,71,72,74,
74 :70,71,72,73,
75 :76,77,78,79,
76 :75,77,78,79,
77 :75,76,78,79,
78 :75,76,77,79,
79 :75,76,77,78,
80 :81,82,83,84,
81 :80,82,83,84,
82 :80,81,83,84,
83 :80,81,82,84,
84 :80,81,82,83,
85 :86,87,88,89,
86 :85,87,88,89,
87 :85,86,88,89,
88 :85,86,87,89,
89 :85,86,87,88,
90 :91,92,93,94,
91 :90,92,93,94,
92 :90,91,93,94,
93 :90,91,92,94,
94 :90,91,92,93,
95 :96,97,98,99,
96 :95,97,98,99,
97 :95,96,98,99,
98 :95,96,97,99,
99 :95,96,97,98,
#
It:0:Diff:44:PSOStep:2:Time:0.391936757:s:AutomataStep:2:Transition:00101000001011100010111011100110110010000000000001101010000001001110111010100010100001100010011000001000011010101000010000000000001010000100001010100110100000101110110001000000011010000110111011000010110010001000000010000000101001100110010010100010010001000000011001001000010010100000111010101010110000000110100010001110000011101010100001100110000001000010111011100110110010001010100010101000010001000010110011101010011011101010000001101000011010100010100001100100011000101100010010000110110001101010110011000110
000000000000000000000
000000000000000000000
000000000000000000000
000000000000000000000
000000000000000000000
000000000000000000000
000000000000000000000
000000000000000000000
000000000000100000000
000000000011100000000
000000000110100000000
000000000000000000000
000000001000000000000
000000000000000000000
000000000000000000000
000000000000000000000
000000000000000000000
000000000000000000000
000000000000000000000
000000000000000000000
000000000000000000000
#
It:2:Diff:43:PSOStep:4:Time:0.826005124:s:AutomataStep:4:Transition:10101110000001101110101010000000101011001010011001101100011001001010001000100110100010100100101010100010100001100010011000100110101001101100011000100110011001001000000000000110111001101000111001100010010000101010010000100100110000000010101001100000000001100010101001000110010011001100011001101100000010100110000011000110011000000110110011000010100010101100110010001100011000100010000000101000111010100100010011000000011001101100100000100100101001101010011011000110010011001010111001101010110001000110000001101100
000000000000000000000
000000000000000000000
000000000000000000000
000000000000000000000
000000000000000000000
000000000000000000000
000000001000000000000
000000001000000000000
000000001000000000000
000000000110000000000
000000000001100000000
000000000000000000000
000000000000000000000
000000000000000000000
000000000000000000000
000000000000000000000
000000000000000000000
000000000000000000000
000000000000000000000
000000000000000000000
000000000000000000000
#
It:8:Diff:39:PSOStep:7:Time:1.241997276:s:AutomataStep:7:Transition:00000110010000101000111000101000111000101110111011101000010011100100001000101110010011001110101000000100100000101010111000100010001000101110001010101110001001100010111001001100011000101010001011101100100000100100010001001100010011100110100011101000001011100010000010001110111010000010001000101000000001100100001001100010111000100010010000100100001011101100001000101110000000100100010001100100011011100100111001001110001000100100010000101110111011100000111000001110111010101000010000101000100011100010000011101010
000000000000000000000
000000000000000000000
000000000000000000000
000000000000000000000
000000000000000000000
000000000000000000000
000000000000000000000
000000000000000000000
000000000001010100000
000000000100110010000
000000000101100101000
000000000000000000000
000000000000010000000
000000000000000000000
000000000000000000000
000000000000000000000
000000000000000000000
000000000000000000000
000000000000000000000
000000000000000000000
000000000000000000000
#
It:15:Diff:35:PSOStep:7:Time:1.785091165:s:AutomataStep:7:Transition:00100110111011100000010001101000111001100010010001000110000001000110111010100100010001000100100010000110101001100110010001100110000001100010011010000100111001000110000000100100011011001010010001000100010011000100011000000100111011100110110001000110001000000110010001000000001001000110011001100110010000100110011001100000010001101000010000000000000001000000000001100010001000100000010010001010011011001010101001001110000000000110011011100100010001000100010011000100010000000110011001100100101001000110000001000000
000000000000000000000
000000000000000000000
000000000000000000000
000000000010000000000
000000000101000000000
000000000000100000000
000000011011110000000
000000110000001000000
000001000000000100000
000010011000001110000
000100000000000001000
000000000000000000000
000000000000000000000
000000000000000000000
000000000000000000000
000000000000000000000
000000000000000000000
000000000000000000000
000000000000000000000
000000000000000000000
000000000000000000000
#
It:60:Diff:32:PSOStep:7:Time:4.848094873:s:AutomataStep:7:Transition:00100010011011001100100001101000110001000000100010000100011010000010011011001000000011101110110011001110100001100110110010000110000001001100011000001000011010100110110001101000110010001000001010000000100011000000010001100100001011000110011010000100110000100110000000000010100001100010110010001000010010101100100001100110010010001100010010100000100010001100101011100100100011100000100001101100100010101110100000001110000011001110110000001000011010000010100011001000100010100110011001101000001010000110011010000010
000000000000000000000
000000000000000000000
000000000000000000000
000000000010000000000
000000000111000000000
000000000000100000000
000000000101010000000
000000100001111000000
000001110011011100000
000010100011001010000
000010010101100111000
000001000000011000000
000000100101100000000
000000011110000000000
000000000000000000000
000000000000000000000
000000000000000000000
000000000000000000000
000000000000000000000
000000000000000000000
000000000000000000000
#
It:82:Diff:31:PSOStep:7:Time:6.398285906:s:AutomataStep:7:Transition:00100110011010101100110001100110101010101010100010000110011010000110100010101000111000001000101000101010000001000110100010000110011001001100011001001000000001001110000000001000000010100010110010001010010000000110100011101000001000100110011010000110111000000100110000101010000010000000110011101010110010100110010001001010001001001010010001000110100000100010010001101000001000001110000001101010011011100100010011100110110010100000101011100000001010000110100010101000100010100000011001100100010010000110011010000110
000000000000000000000
000000000000000000000
000000000000000000000
000000000010000000000
000000000111000000000
000000000100100000000
000000010100110000000
000000001101101000000
000000110010001100000
000010000011101010000
000011100001011001000
000000100000100000000
000000000001000000000
000000000100000000000
000000000000000000000
000000000000000000000
000000000000000000000
000000000000000000000
000000000000000000000
000000000000000000000
000000000000000000000
#
It:278:Diff:29:PSOStep:7:Time:20.36754943:s:AutomataStep:7:Transition:00100100011001001000010011101110100001100000000000100010011000100110111010001000011001101110100000100000100010100110001000100110001001101000011010000010010000101110010011000010011001001010000000100010001001100110100001101000100000100110101000101010100011000110110000100000001001000110101001100110010010001110011001101110001010101110001010000110100000100010101001100110001010001100011001100000011001101110101001100110110001000110001011100010011000100110001000000010001010000110011001101000101000100110010010100110
000000000000000000000
000000000000000000000
000000000000000000000
000000000010000000000
000000000110000000000
000000001100100000000
000000000010100000000
000000001101000000000
000001110110110000000
000011010010111010000
000011010011101011000
000000000000000000000
000000000000000000000
000000000000000000000
000000000000000000000
000000000000000000000
000000000000000000000
000000000000000000000
000000000000000000000
000000000000000000000
000000000000000000000
end
