PSO TRACE
INIT:../../instances/fazia/init.csv
REF:../../instances/fazia/asvn4.csv
DecodingPolicy:CPP2:CDLE2
MutationPolicy:Repr
ParticleNeighborhood:Fixed
ParticleDims:515
ParticleCount:100
AccP:2.0
AccG:2.0
AccL:1.5
AccI:2.3
Pos:0.0-3.0
Inertia:0.9-0.6
VeloMax:2.0
MaxPSOIteration:500
InertiaDecrFactor:6.000000000000001E-4
INIT
000000000000000000000
000000000000000000000
000000000000000000000
000000000000000000000
000000000000000000000
000000000000000000000
000000000000000000000
000000000000000000000
000000000000000000000
000000000000000000000
000000000010000000000
000000000000000000000
000000000000000000000
000000000000000000000
000000000000000000000
000000000000000000000
000000000000000000000
000000000000000000000
000000000000000000000
000000000000000000000
000000000000000000000
REF
000000000000000000000
000000000000000000000
000000000000000000000
000000000010000000000
000000000111000000000
000000001011100000000
000000011011110000000
000000101111111000000
000001100001111100000
000010110010101110000
000110111101110111000
000010110111111010000
000001111111111100000
000000101110101000000
000000011111110000000
000000001010100000000
000000000111000000000
000000000010000000000
000000000000000000000
000000000000000000000
000000000000000000000
Classic CPP Decoder
0 :1,2,3,4,
1 :0,2,3,4,
2 :0,1,3,4,
3 :0,1,2,4,
4 :0,1,2,3,
5 :6,7,8,9,
6 :5,7,8,9,
7 :5,6,8,9,
8 :5,6,7,9,
9 :5,6,7,8,
10 :11,12,13,14,
11 :10,12,13,14,
12 :10,11,13,14,
13 :10,11,12,14,
14 :10,11,12,13,
15 :16,17,18,19,
16 :15,17,18,19,
17 :15,16,18,19,
18 :15,16,17,19,
19 :15,16,17,18,
20 :21,22,23,24,
21 :20,22,23,24,
22 :20,21,23,24,
23 :20,21,22,24,
24 :20,21,22,23,
25 :26,27,28,29,
26 :25,27,28,29,
27 :25,26,28,29,
28 :25,26,27,29,
29 :25,26,27,28,
30 :31,32,33,34,
31 :30,32,33,34,
32 :30,31,33,34,
33 :30,31,32,34,
34 :30,31,32,33,
35 :36,37,38,39,
36 :35,37,38,39,
37 :35,36,38,39,
38 :35,36,37,39,
39 :35,36,37,38,
40 :41,42,43,44,
41 :40,42,43,44,
42 :40,41,43,44,
43 :40,41,42,44,
44 :40,41,42,43,
45 :46,47,48,49,
46 :45,47,48,49,
47 :45,46,48,49,
48 :45,46,47,49,
49 :45,46,47,48,
50 :51,52,53,54,
51 :50,52,53,54,
52 :50,51,53,54,
53 :50,51,52,54,
54 :50,51,52,53,
55 :56,57,58,59,
56 :55,57,58,59,
57 :55,56,58,59,
58 :55,56,57,59,
59 :55,56,57,58,
60 :61,62,63,64,
61 :60,62,63,64,
62 :60,61,63,64,
63 :60,61,62,64,
64 :60,61,62,63,
65 :66,67,68,69,
66 :65,67,68,69,
67 :65,66,68,69,
68 :65,66,67,69,
69 :65,66,67,68,
70 :71,72,73,74,
71 :70,72,73,74,
72 :70,71,73,74,
73 :70,71,72,74,
74 :70,71,72,73,
75 :76,77,78,79,
76 :75,77,78,79,
77 :75,76,78,79,
78 :75,76,77,79,
79 :75,76,77,78,
80 :81,82,83,84,
81 :80,82,83,84,
82 :80,81,83,84,
83 :80,81,82,84,
84 :80,81,82,83,
85 :86,87,88,89,
86 :85,87,88,89,
87 :85,86,88,89,
88 :85,86,87,89,
89 :85,86,87,88,
90 :91,92,93,94,
91 :90,92,93,94,
92 :90,91,93,94,
93 :90,91,92,94,
94 :90,91,92,93,
95 :96,97,98,99,
96 :95,97,98,99,
97 :95,96,98,99,
98 :95,96,97,99,
99 :95,96,97,98,
#
It:0:Diff:65:PSOStep:5:Time:4.553971041:s:AutomataStep:5:Transition:01111111111111101101111111111111110111011111101100111111000111010111011101111011101110111111111111111111110110011111110111111100001110101010110101111111111010101011011111111111111010111111000111001111111101111010111111111111111111111100011001111111101111100111011111110010111111111111101111110011111101111111111011111111111011111111111010101111111110111110101111111111010110111100111111111111010110111111011111111110111111101111111110111101101110111011101101111101111111111111111001011111111111101111101100101101
000000000000000000000
000000000000000000000
000000000000000000000
000000000000000000000
000000000000000000000
000001111111111100000
000001111111111100000
000000111111100000000
000000111111011100000
000000011111111000000
000000011111111100000
000000001011111000000
000000001111110000000
000000000110100000000
000000000111000000000
000000000000000000000
000000000000000000000
000000000000000000000
000000000000000000000
000000000000000000000
000000000000000000000
#
It:1:Diff:56:PSOStep:7:Time:5.641321124:s:AutomataStep:7:Transition:01100111101111101001111111111101111011111111111110011111010110000111110101110001000101111111110011110111110110001111111110101101111111101110101101111111101110101110111111111011111010110111001101011111011111111011100111111111111111000101110100011101011111000111000111111110110101111100010111101010111011011111011111111010111111111111011010101111011100000110110011101101111111111101110111001011111101011111101111111000111101111011111111111111101110111011111111111111111111111111111110001101011111111111101101001000
000000000000000000000
000000000000000000000
000000000000000000000
000111011110000000000
000101111111000000000
000010011111100000000
000010111111110000000
000001110110111000000
000001110111111100000
000000110111111110000
000000011010111101000
000000011111111110000
000000011110001100000
000000001011111000000
000000000110110000000
000000000111100000000
000000000011000000000
000000000010000000000
000000000000000000000
000000000000000000000
000000000000000000000
#
It:4:Diff:54:PSOStep:7:Time:8.085289808:s:AutomataStep:7:Transition:01100111101111111001111101111101111010111011111110011111010110000011110001101101000111111101110010000001110110001111111100101100100101100100101101011010101010111110111111101011111010110101001101011111011111111111000111111001111011100101110100011100011101100111000101101110110101011101000101111010110011011111111111111001111101111111011011001111011100000110110010001101111111111101110111011001101111011111101111000000011100101011111011110111111110110011101110111011111111011111111111011101011111111111101100011000
000000000000000000000
000000000000000000000
000000000000000000000
000111011110000000000
000101111111000000000
000010011111100000000
000000110111110000000
000000111011111000000
000000111101011100000
000001110000111110000
000000110011110111000
000000010111111110000
000000001101001000000
000000001011111000000
000000000101000000000
000000000010000000000
000000000111000000000
000000000010000000000
000000000000000000000
000000000000000000000
000000000000000000000
#
It:5:Diff:45:PSOStep:7:Time:8.867798675:s:AutomataStep:7:Transition:00110111101111101001101111111101111011111011111110010111010110000001010101100000000100111110110111000111110010001111110100101000101000010110101111011011101110010110111100101011111010110011000101111011011111111111100011111001111011000101110100011101011101110110000110101000110001111001000111111000111011011111111110111010110111111111010011011110011100000110100010001001111111111101110111000001101101001111101111010000011100111011111011110111101110010011101101111011111000111111110111011101011111111111101101010000
000000000000000000000
000000000000000000000
000000000000000000000
000000000010000000000
000000000111000000000
000000001111100000000
000000011101110000000
000000111110011000000
000001110101101100000
000011110011100110000
000111011110011111000
000001011001001110000
000000001110101100000
000000001101111000000
000000001000110000000
000000000101100000000
000000000011000000000
000000000010000000000
000000000000000000000
000000000000000000000
000000000000000000000
#
It:6:Diff:38:PSOStep:7:Time:9.877962893:s:AutomataStep:7:Transition:00100111100111100001001101111101111010111011110110010111010110000101110101101000000101111101010011000101110000101101110100101000101100100100001110011010111010010110111001101011111110110011000101111011010101110111000111111001111011100101110110011101111000110011000110101111110000010001000111111110101011010111110111110000110100011101010010111011000100000110010011001011111111111101110111100000101101001111110111001000011101011011111101100101111111010001101000111001101110111111110011011101011111110111101110010000
000000000000000000000
000000000000000000000
000000000000000000000
000000000010000000000
000000000101000000000
000000000111100000000
000000001110110000000
000000101111111000000
000000001010101100000
000011011010110110000
000101010110110111000
000010011011101010000
000000110111101100000
000000100101111000000
000000010111110000000
000000001100100000000
000000000011000000000
000000000010000000000
000000000000000000000
000000000000000000000
000000000000000000000
#
It:7:Diff:35:PSOStep:7:Time:10.75125465:s:AutomataStep:7:Transition:00100111110111111100001110111111011011111011111110010111010111000111110001101001001101111101110011111100011110101111111110101000111111100100101101011010111010111110111111101010111010110111000101111011010111111111101111111001111111000101110100011101010101100111000111001101110101011000010111101010111111010111111111111010111110111111010010111010001100000110010011001011111111111101110101000001111111001111111111101011011101111011111101110111101111111011111001111011111110111111111110001111001111111111100110001100
000000000000000000000
000000000000000000000
000000000000000000000
000000000010000000000
000000000111000000000
000000000111100000000
000000011111110000000
000000110011111000000
000000010101011100000
000011110111101110000
000110011110100110000
000001110111110010000
000000011111101000000
000000001110110000000
000000000111110000000
000000000110100000000
000000000010000000000
000000000010000000000
000000000000000000000
000000000000000000000
000000000000000000000
#
It:18:Diff:30:PSOStep:7:Time:19.683047795:s:AutomataStep:7:Transition:00100111111101100101011111101101111011111111111111110111011111010111110101101001010101111111111110000111110110111011111101101100111101110110101111011011101010010011111110111010111010111111001101111101111111101111111111110101101111000101011000011101011100100010100111001110110100010111010111101010111111011111110111111100111110111111010011111010011101101110111010011110101111111101000101110111101101111111101111010001111001011011111101010111101111111011111111111010111000111111110110011101001011011111110111001011
000000000000000000000
000000000000000000000
000000000000000000000
000000000010000000000
000000000111000000000
000000001111100000000
000000011001110000000
000000111010111000000
000001101101111100000
000011011111111110000
000111010101111111000
000001111111111110000
000000111111111100000
000000011110111000000
000000001111110000000
000000000111100000000
000000000011000000000
000000000010000000000
000000000000000000000
000000000000000000000
000000000000000000000
#
It:26:Diff:28:PSOStep:7:Time:26.063566799:s:AutomataStep:7:Transition:00100111111111111101001111111111111011111011111111010111010111010111110101111001000101111111111111110101111100000101111111111100101100110110101111011011101010011111111111111011101010111111001101111011111111111111111111110111111111101101110100011101011001110011000111001111110100011101010111101010101011011111111011101110111110111111010011111111001101100110110011011111111111111101010101001011111101101111111111001101011101111111111101111111101111110011101111111011111111111111111110011101011111110111111111011001
000000000000000000000
000000000000000000000
000000000000000000000
000000000010000000000
000000000111000000000
000000001110100000000
000000011111110000000
000000111111111000000
000001111111111100000
000011110011111110000
000110111111011011000
000011111001110100000
000001111111111100000
000000111111101000000
000000011111010000000
000000001111000000000
000000000111000000000
000000000010000000000
000000000000000000000
000000000000000000000
000000000000000000000
#
It:34:Diff:27:PSOStep:7:Time:31.857823112:s:AutomataStep:7:Transition:00100111111111111101001111111101011011111111110111111111010111000111110101111000000101011111111111010111011100001111111101111101101101110100001111011011101010111111111010111011101010111111000101111111111111110111111111110111101111100101110000011101011001110111000111001111110101111001010111111010111111010111111111101111111111101101010011111111001101100110110011010111111111111101010101101011101101001111111111111110011101111111101111101111111111111011101011111011111111111111111111011101011111110111110110011001
000000000000000000000
000000000000000000000
000000000000000000000
000000000010000000000
000000000111000000000
000000001111100000000
000000011111110000000
000000111111111000000
000001110001111100000
000011111111111110000
000110111011011110000
000011110111111110000
000001111110101000000
000000111111111000000
000000011111100000000
000000001101100000000
000000000110000000000
000000000010000000000
000000000000000000000
000000000000000000000
000000000000000000000
#
It:41:Diff:25:PSOStep:7:Time:37.277699766:s:AutomataStep:7:Transition:00100111101111101101111110111111011011111011110111011111010100000111110001111000011101011111111011010100011100101111111101111101111100110100101111011011111010111110111010111011101010110111000101111011111111110111010111111011101111010101110100011101010001000111001111001111110101111000010111101010110011011111110111111011111110101111010011111011011101100110010011010111111111111101010101001010101111001111111111111110001101111111111111100111111110111011010001111011111111111111111111011101001111100111101110011101
000000000000000000000
000000000000000000000
000000000000000000000
000000000010000000000
000000000111000000000
000000001011100000000
000000011011110000000
000000101111111000000
000001101111111100000
000010111111111010000
000110111110111110000
000011110110110010000
000001111110101000000
000000111111111000000
000000011111100000000
000000001100100000000
000000000110000000000
000000000010000000000
000000000000000000000
000000000000000000000
000000000000000000000
#
It:43:Diff:21:PSOStep:7:Time:38.76688801:s:AutomataStep:7:Transition:00100111111111101101111110111100011111111111110110111111010100000111110001101001011001011111111010110101110110101011111100111100111110111110101101011011111110111111111010111011111010110111000111111011111111111011010111111011101001010111110101011101110001100011011111101111110101010100010111101010111011011111110111111010111010101111010011110011011101000110010011011011111101111101010101001111101111001111111111011110011001111110101111100011111111111011100011111011111111110111111110011101001111101111101111011111
000000000000000000000
000000000000000000000
000000000000000000000
000000000010000000000
000000000111000000000
000000001011100000000
000000011011110000000
000000101111111000000
000001101111111100000
000010111101111010000
000110111100111110000
000011110111110010000
000001111011111000000
000000111111101000000
000000011111010000000
000000001110100000000
000000000110000000000
000000000010000000000
000000000000000000000
000000000000000000000
000000000000000000000
#
It:56:Diff:20:PSOStep:7:Time:48.477034558:s:AutomataStep:7:Transition:00100111111111101101011111111101011111111111111111111111010101000111110001111001001101011111111010110101111110101111111101111100101100110100101111011011101010101110111010111011111010111111000101111011111111111111010111111011111101010101110100011101011001110111001111101111110101111101010111111010111011011111110111111111111110101111010011111111011101100110111011011111111101111101010101101111101111001111111111111111011101111111101111101111111110111011100011111111111111111111111111011101011111101111111111111111
000000000000000000000
000000000000000000000
000000000000000000000
000000000010000000000
000000000111000000000
000000001011100000000
000000011011110000000
000000101111111000000
000001101011111100000
000010111011111010000
000110111111111110000
000011111111111110000
000001111111111000000
000000111111111000000
000000011111100000000
000000001111100000000
000000000110000000000
000000000010000000000
000000000000000000000
000000000000000000000
000000000000000000000
#
It:89:Diff:20:PSOStep:7:Time:72.406447914:s:AutomataStep:7:Transition:00100111111101101101111110111101111111111111111101011111010101010111110001101001000101011111111010110101110110111111111101101000111100100100101101011001001110101110011010111011111010110111000001111011111011110111000011011111111101010101110000111111011001100011001111001111110101111100110111111010101011110111110111110111111110111101010011110110011101101110111001001100111101101101010101101011110111001111100111111011111100111011001111111011111110111011001011111111111111111111111101011101011111101111111110011111
000000000000000000000
000000000000000000000
000000000000000000000
000000000010000000000
000000000111000000000
000000001001100000000
000000011011110000000
000000101110111000000
000001100011111100000
000010111110011110000
000110011110111111000
000011110111111110000
000001111111111100000
000000111111111000000
000000011101110000000
000000001101100000000
000000000111000000000
000000000010000000000
000000000000000000000
000000000000000000000
000000000000000000000
#
It:96:Diff:19:PSOStep:7:Time:77.496911238:s:AutomataStep:7:Transition:00100111111101111111111110111101011011111001111111011111010101010111110001101001000100011111111010100110110110111111111111101000111101110110101101011011001110110110011110111111111010110111001101111011111111111001100111111111111111010101110000110111011001110111001111001111110101111100110111111010110111111111110111110110111110111111010011110111011101101110111001000101111111101101100001101011111111001111101111111111111000111011101111111111111110111011111011111111111111111111111111011101011111100111110110111111
000000000000000000000
000000000000000000000
000000000000000000000
000000000010000000000
000000000111000000000
000000001011100000000
000000011011110000000
000000101111111000000
000001100111111100000
000010110011111010000
000110111001101110000
000011111101101110000
000001111110111100000
000000111110111000000
000000011111110000000
000000001111100000000
000000000111000000000
000000000010000000000
000000000000000000000
000000000000000000000
000000000000000000000
#
It:104:Diff:19:PSOStep:7:Time:83.026529102:s:AutomataStep:7:Transition:00100111101111101101111110111100111111111111111111011111010111010111100101101001001001111111110100111100110110101111111101011100101101111110100111011011111110011111110011111111111010110111001111111011110111111011110111111011111011010111110001111111011101110111001111001111110101111100110111101010111010011111010111111110111110111101000011111111011101101010111010001011111101111101000101011111111111101111110111110110111101111111111111101111101111011011110011111001111111011111111110011101001111101010111111111111
000000000000000000000
000000000000000000000
000000000000000000000
000000000010000000000
000000000111000000000
000000001111100000000
000000011111110000000
000000111111111000000
000001111111111100000
000011111110101110000
000111111111111101000
000011111111111010000
000001111111111100000
000000111111101000000
000000011111110000000
000000001110100000000
000000000111000000000
000000000010000000000
000000000000000000000
000000000000000000000
000000000000000000000
#
It:202:Diff:18:PSOStep:7:Time:151.731506394:s:AutomataStep:7:Transition:00100111101101101101111111111100111111111111111111011111010101000111111101101011011101111111110011011111110110101111111101111001111101111110000101011011111110101111110011111111111010110111001101111011111111110111011111111011111001010110110100010111011101110101101011011111010101011100110111111010111010011111110111111110111110101111010011111111001101001010110010001111101101111101110111001010100111101111111011011110011001111111111111101111111111001111111001111001111111110111111111011101011111111011111111001111
000000000000000000000
000000000000000000000
000000000000000000000
000000000010000000000
000000000111000000000
000000001011100000000
000000010101110000000
000000101111111000000
000001011001101100000
000010111010111110000
000111111111111111000
000011111011111010000
000001111111111100000
000000111110111000000
000000011111110000000
000000001110100000000
000000000111000000000
000000000010000000000
000000000000000000000
000000000000000000000
000000000000000000000
#
It:252:Diff:17:PSOStep:7:Time:187.773441772:s:AutomataStep:7:Transition:00100111101101101101111110111100111111111111110111011101010101000111100001101001010100011111111010111111110110011111111111101001101101111110101101011001010010110011010111111111111010110111001101111011110111111001111111011011111101010110010000110111011001010111100111011111110101111100110111111010101111011111111111111100111110101111010011111111011101000010111011001111111101111101010111000010101111101111111111111011011001111111011111101111111111111111010011111111111111110111111111011101011111110011111111111111
000000000000000000000
000000000000000000000
000000000000000000000
000000000010000000000
000000000111000000000
000000001011100000000
000000011011110000000
000000101111111000000
000001101111111100000
000010111111111110000
000110111111111111000
000011111111110010000
000001111111111100000
000000111111111000000
000000011111110000000
000000001111100000000
000000000111000000000
000000000010000000000
000000000000000000000
000000000000000000000
000000000000000000000
#
It:257:Diff:17:PSOStep:7:Time:191.171758743:s:AutomataStep:7:Transition:00100111111101101100111110111101101101111001111101011111010110010111111001101001011100011111110010111111110110011001111111101001101111111110101011011001001110110011011111101111101010110111001101111011111111111111100111111011111101010100110101111101011000010111001111001110110100111100000111111010101110011111111111101110101110001111000011110111011111100110001010001101111111111101110011001011111111001111100111111111101001111111111101101111111111111011110001111101111111111111111010011111111111101111111111111011
000000000000000000000
000000000000000000000
000000000000000000000
000000000010000000000
000000000111000000000
000000001011100000000
000000011011110000000
000000101111111000000
000001100011111100000
000010111101111110000
000110111011111111000
000011111111111110000
000001111111111100000
000000111111111000000
000000011111110000000
000000001111100000000
000000000111000000000
000000000010000000000
000000000000000000000
000000000000000000000
000000000000000000000
#
It:266:Diff:16:PSOStep:7:Time:197.299794341:s:AutomataStep:7:Transition:00100111111101101101101110111101101111111101111101010111010110010111111101101011011100111111111011111111110110101001111101101001111111111110001111011001111010100111011111101111101010110111001101111011111111111111111111111011111111010100110101010101011100110111101001011111110100111110010111111010111110111111111111111010111110101111000011111111011101001110001010001111101111111101010111000011111111001111111110101001111001111111111101101111111110111111110011111101111111111111111010011101111111101111111111111111
000000000000000000000
000000000000000000000
000000000000000000000
000000000010000000000
000000000111000000000
000000001011100000000
000000011011110000000
000000101111111000000
000001110011111100000
000010111001001110000
000111111101111111000
000011111111111110000
000001111111111100000
000000111111111000000
000000011111110000000
000000001111100000000
000000000111000000000
000000000010000000000
000000000000000000000
000000000000000000000
000000000000000000000
#
It:307:Diff:16:PSOStep:7:Time:225.731465669:s:AutomataStep:7:Transition:00100111111101111101111110111101111111111111111111011111010101010111111101101001011101011111110010111111110110010111111111111101101101101100000111011011101010110111111011111011111010110111001101111011111111111001111111111011111111110101110100010100111001010111100011001111110101111100000110111010101110011111110111111110111111001111010011110111011111101010111010000101110111111101110011101011100111001111111111111110111101111111111011101111111110111111110001111111111111011111111110011111011111101111111111111111
000000000000000000000
000000000000000000000
000000000000000000000
000000000010000000000
000000000111000000000
000000001011100000000
000000011011110000000
000000101111111000000
000001100011111100000
000010111111111110000
000110111011111111000
000011111111111110000
000001111111111100000
000000111111111000000
000000011111110000000
000000001111100000000
000000000111000000000
000000000010000000000
000000000000000000000
000000000000000000000
000000000000000000000
#
It:312:Diff:15:PSOStep:7:Time:229.249058686:s:AutomataStep:7:Transition:00100111111101111101101110111101101111111111110111011111010111000111111101101001011100011111110010111111110110011001111110101001101101111110001011011001000010110111111011101011111010110111001101111011110111111001011111011111111101010110110100100110011001010111100111011111110101111100110111111010001110011111111111111110110111101111010011111111011101001010101010001111111111111101010011001011101111101111111111111011001001111111111111111111111110111111110011111111111111111111111110011101011111101111111111011111
000000000000000000000
000000000000000000000
000000000000000000000
000000000010000000000
000000000111000000000
000000001011100000000
000000011011110000000
000000101111111000000
000001101111111100000
000010111011111110000
000110111101111111000
000011100110111110000
000001111111111100000
000000111011101000000
000000011111110000000
000000001110100000000
000000000111000000000
000000000010000000000
000000000000000000000
000000000000000000000
000000000000000000000
#
It:392:Diff:15:PSOStep:7:Time:287.648798441:s:AutomataStep:7:Transition:00100111111101101101101110111101101111111111111111011111010111000111111101101011011101011111110010111110110110011101111101111001111101111110000111011001110010101111111011111111111010110111001101111011111111110111011111111001111101010100110100100111011001010101100011011111110101111100110111111010001110011111110111111110110111001111010011111111011101001010101010001111111101111101010011001010100111101111111111011011011001111111111111111111111111111111110011111011111111110111111111011101011111101011111001001111
000000000000000000000
000000000000000000000
000000000000000000000
000000000010000000000
000000000111000000000
000000001011100000000
000000011011110000000
000000101111111000000
000001101001111100000
000010101010101110000
000110111101110111000
000011111111101110000
000001101110101100000
000000111101101000000
000000011101110000000
000000001110100000000
000000000111000000000
000000000010000000000
000000000000000000000
000000000000000000000
000000000000000000000
#
It:420:Diff:14:PSOStep:7:Time:307.651093309:s:AutomataStep:7:Transition:00100111111101101101111110111101111111111111111111011111010111000111110101111001011101011111110010011111110110101111111101111000101111111110101111011011011010101111111111111011111010110111001101111011110111111011011111111011111111010100110100011101011001110101101111011111110101111001000111111010101111011111010111101111111110101111010011111111001101101110111010001101111101111101010011001011110111001111111111111011111001111011111111101111111110111101100001111111111111111111111111011101011111101111111110011111
000000000000000000000
000000000000000000000
000000000000000000000
000000000010000000000
000000000111000000000
000000001011100000000
000000011011110000000
000000101111111000000
000001100011111100000
000010111111111110000
000110111011111101000
000011111111111010000
000001111111111100000
000000111111101000000
000000011111110000000
000000001110100000000
000000000111000000000
000000000010000000000
000000000000000000000
000000000000000000000
000000000000000000000
#
It:429:Diff:14:PSOStep:7:Time:314.116903885:s:AutomataStep:7:Transition:00100111111101101101111110111101111111111111111111011111010111000111110101111000000101011111110010011111110110111111111101111000101101111100101111011011111110101111011010111011111010110111001101111111110111110111010111110011111101010110111000011101011001110111101111111111110111111000010111111010111111111111010111101101111110101111010011110111101101101110111011001001111101111101010011001011110111101111101111111111111001111111011111101111111110111111100011111111111011111111111111011101011111100111111111011101
000000000000000000000
000000000000000000000
000000000000000000000
000000000010000000000
000000000111000000000
000000001011100000000
000000011011110000000
000000101111111000000
000001100011111100000
000010111110111110000
000110111001011111000
000011111111011010000
000001111111111100000
000000111101101000000
000000011111110000000
000000001110100000000
000000000111000000000
000000000010000000000
000000000000000000000
000000000000000000000
000000000000000000000
#
It:488:Diff:14:PSOStep:7:Time:355.496978946:s:AutomataStep:7:Transition:00100111111101101101110110111101101011111111111111011111010111000111101101111000011101011111110010111111110110100111111101111000101001111110101111011010110110101111011011111011111010110111000101111111110111110011011111110011111101010110110001010101011001000111101111111111110111011000010110111010101011111111010111101101111110001111010011110111001101101010101010001101111101111101010011000011110111100111111111111011111001111111111111001111111110111111100001111011111111110111111111011101011111100011111110011101
000000000000000000000
000000000000000000000
000000000000000000000
000000000010000000000
000000000111000000000
000000001011100000000
000000011011110000000
000000101111111000000
000001100011111100000
000010111010111110000
000110110101011111000
000011110111011010000
000001110101111100000
000000111101101000000
000000011111110000000
000000001110100000000
000000000111000000000
000000000010000000000
000000000000000000000
000000000000000000000
000000000000000000000
end
