PSO TRACE
INIT:../../instances/fazia/init.csv
REF:../../instances/fazia/asvn2.csv
DecodingPolicy:Nibble:CDLE2
MutationPolicy:Std
ParticleNeighborhood:Fixed
ParticleDims:146
ParticleCount:100
AccP:2.0
AccG:2.0
AccL:1.5
AccI:2.3
Pos:0.0-3.0
Inertia:0.9-0.6
VeloMax:2.0
MaxPSOIteration:500
InertiaDecrFactor:6.000000000000001E-4
INIT
000000000000000000000
000000000000000000000
000000000000000000000
000000000000000000000
000000000000000000000
000000000000000000000
000000000000000000000
000000000000000000000
000000000000000000000
000000000000000000000
000000000010000000000
000000000000000000000
000000000000000000000
000000000000000000000
000000000000000000000
000000000000000000000
000000000000000000000
000000000000000000000
000000000000000000000
000000000000000000000
000000000000000000000
REF
000000000000000000000
000000000000000000000
000000000000000000000
000000000010000000000
000000000101000000000
000000001000100000000
000000010100010000000
000000100010001000000
000001010001000100000
000010001010101010000
000100010001000101000
000010001000100010000
000001000100010100000
000000100010001000000
000000010001010000000
000000001000100000000
000000000101000000000
000000000010000000000
000000000000000000000
000000000000000000000
000000000000000000000
Nibble Decoder
0 :1,2,3,4,
1 :0,2,3,4,
2 :0,1,3,4,
3 :0,1,2,4,
4 :0,1,2,3,
5 :6,7,8,9,
6 :5,7,8,9,
7 :5,6,8,9,
8 :5,6,7,9,
9 :5,6,7,8,
10 :11,12,13,14,
11 :10,12,13,14,
12 :10,11,13,14,
13 :10,11,12,14,
14 :10,11,12,13,
15 :16,17,18,19,
16 :15,17,18,19,
17 :15,16,18,19,
18 :15,16,17,19,
19 :15,16,17,18,
20 :21,22,23,24,
21 :20,22,23,24,
22 :20,21,23,24,
23 :20,21,22,24,
24 :20,21,22,23,
25 :26,27,28,29,
26 :25,27,28,29,
27 :25,26,28,29,
28 :25,26,27,29,
29 :25,26,27,28,
30 :31,32,33,34,
31 :30,32,33,34,
32 :30,31,33,34,
33 :30,31,32,34,
34 :30,31,32,33,
35 :36,37,38,39,
36 :35,37,38,39,
37 :35,36,38,39,
38 :35,36,37,39,
39 :35,36,37,38,
40 :41,42,43,44,
41 :40,42,43,44,
42 :40,41,43,44,
43 :40,41,42,44,
44 :40,41,42,43,
45 :46,47,48,49,
46 :45,47,48,49,
47 :45,46,48,49,
48 :45,46,47,49,
49 :45,46,47,48,
50 :51,52,53,54,
51 :50,52,53,54,
52 :50,51,53,54,
53 :50,51,52,54,
54 :50,51,52,53,
55 :56,57,58,59,
56 :55,57,58,59,
57 :55,56,58,59,
58 :55,56,57,59,
59 :55,56,57,58,
60 :61,62,63,64,
61 :60,62,63,64,
62 :60,61,63,64,
63 :60,61,62,64,
64 :60,61,62,63,
65 :66,67,68,69,
66 :65,67,68,69,
67 :65,66,68,69,
68 :65,66,67,69,
69 :65,66,67,68,
70 :71,72,73,74,
71 :70,72,73,74,
72 :70,71,73,74,
73 :70,71,72,74,
74 :70,71,72,73,
75 :76,77,78,79,
76 :75,77,78,79,
77 :75,76,78,79,
78 :75,76,77,79,
79 :75,76,77,78,
80 :81,82,83,84,
81 :80,82,83,84,
82 :80,81,83,84,
83 :80,81,82,84,
84 :80,81,82,83,
85 :86,87,88,89,
86 :85,87,88,89,
87 :85,86,88,89,
88 :85,86,87,89,
89 :85,86,87,88,
90 :91,92,93,94,
91 :90,92,93,94,
92 :90,91,93,94,
93 :90,91,92,94,
94 :90,91,92,93,
95 :96,97,98,99,
96 :95,97,98,99,
97 :95,96,98,99,
98 :95,96,97,99,
99 :95,96,97,98,
#
It:0:Diff:45:PSOStep:1:Time:6.286348022:s:AutomataStep:1:Transition:01000000011000000000000001101100110011000110110001101000110011000110001001000010001001100110000001101010101011000010011010101100010000101110000001000110000001000110111011000100100011100100011011000000001011000110100010000110100010100010100001001000100000100100101011100000110010100010001000001000011000101100011001101000010000001000100000101100011011101110010010000000001011101000001001000000111011001110010001001010110011001010100001000000010000101000101001101010000001101110001011000100111000101110101000001000
000000000000000000000
000000000000000000000
000000000000000000000
000000000000000000000
000000000000000000000
000000000000000000000
000000000000000000000
000000000000000000000
000000000000000000000
000000000100000000000
000000000001000000000
000000000000000000000
000000000000000000000
000000000000000000000
000000000000000000000
000000000000000000000
000000000000000000000
000000000000000000000
000000000000000000000
000000000000000000000
000000000000000000000
#
It:3:Diff:45:PSOStep:6:Time:9.740414696:s:AutomataStep:6:Transition:11101100000011001100110000001110000000100000000011001110001000101100000000101100111000101000111000001100111000001100011011000100110000001100111011000110111011000000111000001100000001000100011000101000111000100010110001101100100011001100111001101110111000001010111011000110001011100110000011101100000000100000000011001110010010101110110001100000000010101100110011001110010010101000000010001010110000101100111001000110001000001110111001001100001000101100111000000110111000101100010011001100101011001100100001100000
000000000000000000001
000000000000000000000
000000000000000000000
000000000000000000000
000000000000000000000
000000000000000000000
000000000000000000000
000000000010000000000
000000000000000000000
000000000000000000000
000000000000000000000
000000000000000000000
000000000000000000000
000000000000000000000
000000000000000000000
000000000000000000000
000000000000000000000
000000000000000000000
000000000000000000000
000000000000000000000
000000000000000000000
#
It:4:Diff:43:PSOStep:1:Time:10.893158691:s:AutomataStep:1:Transition:00100010001011100010001000001010101001000000001000001110111011000000000011100010010000100010111010101000111000000000011000101000011000000000001000100000110001100010100000000010000011000010100000001010101000001010010011101100101010101100111010001110111000000010111011001000001010101010111010001110000000000010000010000010010001000110001001100000000000100010111000100110111000101010110010000110001010000010010001000110111011100110000010100010011010101110111001100000000000000010100010101100110011101100001001101010
000000000000000000000
000000000000000000000
000000000000000000000
000000000000000000000
000000000000000000000
000000000000000000000
000000000000000000000
000000000000000000000
000000000000000000000
000000000010000000000
000000000001000000000
000000000000000000000
000000000000000000000
000000000000000000000
000000000000000000000
000000000000000000000
000000000000000000000
000000000000000000000
000000000000000000000
000000000000000000000
000000000000000000000
#
It:9:Diff:40:PSOStep:3:Time:15.751391889:s:AutomataStep:3:Transition:00001000111001000110000001100110000000001000001001001110111011100000000011100110001000101010111011000100100000000000011000101100111001100000100001100110010010001110101001101000000001000000000010101110001000101010011000001110010010001110111000001110111000000100100000000000010001000110000011101110000000000000000010101110001010101010100000000000011000001010011000001010011000100010000010001010110001001000000010101110111000100000000001101100111011000000111000100000000000001110111001000000111010001010000011101010
000000000000000000000
000000000000000000000
000000000000000000000
000000000000000000000
000000000000000000000
000000000000000000000
000000000000000000000
000000000000010000000
000000000001000000000
000000000010100000000
000000010000000000000
000000001001000000000
000000000100000000000
000000000010000000000
000000000000000000000
000000000000000000000
000000000000000000000
000000000000000000000
000000000000000000000
000000000000000000000
000000000000000000000
#
It:12:Diff:39:PSOStep:7:Time:18.543488889:s:AutomataStep:7:Transition:00000000100010000000000000001110000001100000000001001110111011100000000011100010011001001000100001100010010000000000000001000010111000000000000000000000000000001110110011100010000000000110000010001110101000101100001001100010000000101110111000101110111000000100111000001000111011001110011011101110000000000000000011001110001000001110000000000000000000100010000000100010000001000010100000101110001001101000000010001110111001001100000000001010111011100000111000000010000000101110111001100010111010101010000001101000
000000000000000000000
000000000000000000000
000000000000000000000
000000000000000000000
000000000000000000000
000000000000000000000
000000000000000000000
000000000000000000000
000000000000000000000
000000000000000000000
000100000000000000000
000010000000000000000
000001010000000000000
000000100000000000000
000000010010000000000
000000001100000000000
000000000101000000000
000000000010000000000
000000000000000000000
000000000000000000000
000000000000000000000
#
It:14:Diff:32:PSOStep:7:Time:20.467966769:s:AutomataStep:7:Transition:00100110101000000100000000101010100011000010100000001100100011000000000001000000101001100000000011000100001000001110001011001000111011101000111000001110011011001010011001100100000011100010000001001100011000100100100001101010111010101100110010101100110000000010011010100000110011001100111011000110011000000000011010000100011001001000000001001110111001100000101000101100011000000000110011001100000011000010111011000110110000001000111000001010110001100000001000001110101001101100001010100000110011000000000000000110
000000000000000000000
000000000000000000000
000000000000000000000
000000000010000000000
000000000101000000000
000000001110100000000
000000010101010000000
000000100100111000000
000001001000000100000
000010100010111010000
000100000000001111000
000011111010010110000
000000000000010100000
000000100010101000000
000000001011010000000
000000000010100000000
000000000101000000000
000000000010000000000
000000000000000000000
000000000000000000000
000000000000000000000
#
It:115:Diff:30:PSOStep:7:Time:115.443397269:s:AutomataStep:7:Transition:00100000101000000000011010101010111010100110011000001010110010100000000001100000011000100000000000100010010000000010101010101010001000100000001000000010100010101010011001100010000010101110011010101010011010100100000001001010001001001010101000101010101000000010000011001110001010100010011010101100101000000010010000000100000010100000000010101110011011100000111000000010101000001010001010101010011010100100110011100010101000000100110000000010101001100000011000001010001000101010000000000100101001100000010010000000
000000000000000000000
000000000000000000000
000000000000000000000
000000000010000000000
000000000101000000000
000000001000100000000
000000011100010000000
000000100011001000000
000001001101000100000
000010110010000010000
000100010001000001000
000000000000000000000
000000000000000000000
000000000000000000000
000000000000000000000
000000000000000000000
000000000000000000000
000000000000000000000
000000000000000000000
000000000000000000000
000000000000000000000
#
It:229:Diff:24:PSOStep:7:Time:224.427288982:s:AutomataStep:7:Transition:00100000111000000000100001101110111001100110000000001110110011100000000010000000000000000000000000100100000000000010111011101110100001000000101000001110000011101110100010001110000011101100111011101110100000101100000011001010111010001110110000001100111010000000000001100000111001000000100011101010111001001000011010001110000011100110000010100000001000000010001000001110111000001110111011101110110010101000000010101110111010001110110001100100001010000000000000000110101011000100111000100010111001101100000011000000
000000000000000000000
000000000000000000000
000000000000000000000
000000000010000000000
000000000101000000000
000000001011100000000
000000010100110000000
000000101010001000000
000001010100000100000
000010101011001010000
000101010100000001000
000010001010011010000
000000010100010100000
000000101000101000000
000000010001010000000
000000001010100000000
000000000111000000000
000000000010000000000
000000000000000000000
000000000000000000000
000000000000000000000
#
It:311:Diff:24:PSOStep:7:Time:307.184662594:s:AutomataStep:7:Transition:00100000111000000000101001001110111001101000000000001110111011100000000000100000000000100000000011100100010000001110111011101110100011100000010000001110000010001110010000101110000011101110000011101110111000100010000001000000111011001110101001001110111001000000000000000000111011101110000011101000001001001110010010001100000011100110000000100000101000001010001000001110111000101110111011101110101010101010000000101110111011101110101001100100110011000000011000001000011000000110111011100110111001001000000011100000
000000000000000000000
000000000000000000000
000000000000000000000
000000000010000000000
000000000101000000000
000000001000100000000
000000010000010000000
000000100111001000000
000001010111100100000
000010100010000010000
000100000001011101000
000011011001101010000
000000011100000100000
000000100110001000000
000000010101010000000
000000001010100000000
000000000101000000000
000000000010000000000
000000000000000000000
000000000000000000000
000000000000000000000
end
