PSO TRACE
INIT:../../instances/fazia/init.csv
REF:../../instances/fazia/asvn2.csv
DecodingPolicy:Nibble:CDLE2
MutationPolicy:Std
ParticleNeighborhood:Fixed
ParticleDims:146
ParticleCount:100
AccP:2.0
AccG:2.0
AccL:1.5
AccI:2.3
Pos:0.0-3.0
Inertia:0.9-0.6
VeloMax:2.0
MaxPSOIteration:500
InertiaDecrFactor:6.000000000000001E-4
INIT
000000000000000000000
000000000000000000000
000000000000000000000
000000000000000000000
000000000000000000000
000000000000000000000
000000000000000000000
000000000000000000000
000000000000000000000
000000000000000000000
000000000010000000000
000000000000000000000
000000000000000000000
000000000000000000000
000000000000000000000
000000000000000000000
000000000000000000000
000000000000000000000
000000000000000000000
000000000000000000000
000000000000000000000
REF
000000000000000000000
000000000000000000000
000000000000000000000
000000000010000000000
000000000101000000000
000000001000100000000
000000010100010000000
000000100010001000000
000001010001000100000
000010001010101010000
000100010001000101000
000010001000100010000
000001000100010100000
000000100010001000000
000000010001010000000
000000001000100000000
000000000101000000000
000000000010000000000
000000000000000000000
000000000000000000000
000000000000000000000
Nibble Decoder
0 :1,2,3,4,
1 :0,2,3,4,
2 :0,1,3,4,
3 :0,1,2,4,
4 :0,1,2,3,
5 :6,7,8,9,
6 :5,7,8,9,
7 :5,6,8,9,
8 :5,6,7,9,
9 :5,6,7,8,
10 :11,12,13,14,
11 :10,12,13,14,
12 :10,11,13,14,
13 :10,11,12,14,
14 :10,11,12,13,
15 :16,17,18,19,
16 :15,17,18,19,
17 :15,16,18,19,
18 :15,16,17,19,
19 :15,16,17,18,
20 :21,22,23,24,
21 :20,22,23,24,
22 :20,21,23,24,
23 :20,21,22,24,
24 :20,21,22,23,
25 :26,27,28,29,
26 :25,27,28,29,
27 :25,26,28,29,
28 :25,26,27,29,
29 :25,26,27,28,
30 :31,32,33,34,
31 :30,32,33,34,
32 :30,31,33,34,
33 :30,31,32,34,
34 :30,31,32,33,
35 :36,37,38,39,
36 :35,37,38,39,
37 :35,36,38,39,
38 :35,36,37,39,
39 :35,36,37,38,
40 :41,42,43,44,
41 :40,42,43,44,
42 :40,41,43,44,
43 :40,41,42,44,
44 :40,41,42,43,
45 :46,47,48,49,
46 :45,47,48,49,
47 :45,46,48,49,
48 :45,46,47,49,
49 :45,46,47,48,
50 :51,52,53,54,
51 :50,52,53,54,
52 :50,51,53,54,
53 :50,51,52,54,
54 :50,51,52,53,
55 :56,57,58,59,
56 :55,57,58,59,
57 :55,56,58,59,
58 :55,56,57,59,
59 :55,56,57,58,
60 :61,62,63,64,
61 :60,62,63,64,
62 :60,61,63,64,
63 :60,61,62,64,
64 :60,61,62,63,
65 :66,67,68,69,
66 :65,67,68,69,
67 :65,66,68,69,
68 :65,66,67,69,
69 :65,66,67,68,
70 :71,72,73,74,
71 :70,72,73,74,
72 :70,71,73,74,
73 :70,71,72,74,
74 :70,71,72,73,
75 :76,77,78,79,
76 :75,77,78,79,
77 :75,76,78,79,
78 :75,76,77,79,
79 :75,76,77,78,
80 :81,82,83,84,
81 :80,82,83,84,
82 :80,81,83,84,
83 :80,81,82,84,
84 :80,81,82,83,
85 :86,87,88,89,
86 :85,87,88,89,
87 :85,86,88,89,
88 :85,86,87,89,
89 :85,86,87,88,
90 :91,92,93,94,
91 :90,92,93,94,
92 :90,91,93,94,
93 :90,91,92,94,
94 :90,91,92,93,
95 :96,97,98,99,
96 :95,97,98,99,
97 :95,96,98,99,
98 :95,96,97,99,
99 :95,96,97,98,
#
It:0:Diff:46:PSOStep:2:Time:5.743164772:s:AutomataStep:2:Transition:10101100110000000010100000100010011011000100010000000000001011100010001000101100101000001010010001101100011001000110011000000100100011101100000011001100011001001110000000100100001010001100111010100000010000001110011000100000111010001000101011001010111001101100110011101010000001100000011010001000101000000100010010000000111000000010010010000100111001000010010011000010011000000010011011001000101000000110101001000100011001000000110000000000110001001000010011101010111000000110111000101000100011001000100000000110
000000000000000000000
000000000000000000000
000000000000000000000
000000000000000000000
000000000000000000000
000000000000000000000
000000000000000000000
000000000000000000000
000000001100000000000
000000000010000000000
000000000000000000000
000000000000000000000
000000000000000000000
000000000000000000000
000000000000000000000
000000000000000000000
000000000000000000000
000000000000000000000
000000000000000000000
000000000000000000000
000000000000000000000
#
It:1:Diff:45:PSOStep:1:Time:7.193235829:s:AutomataStep:1:Transition:00100100000010001010111001100100111010101000001011001000000010001100001000101010000011001000111000000010001000100100011010001000001011100110010010101010110001000100001000000110010010001110010000100010101000101010001010101100011010101000001000101000000000100110010001000110001001000100110011001100010011101000111000100000100011001100011010100010001001001000101010101000010001100010010000000100011010100110001011000100001000100000110011101010111010001010010000101000100000001110101000001010111001000000100011000000
000000000000000000000
000000000000000000000
000000000000000000000
000000000000000000000
000000000000000000000
000000000000000000000
000000000000000000000
000000000000000000000
000000000000000000000
000000000010000000000
000000000011000000000
000000000100000000000
000000000000000000000
000000000000000000000
000000000000000000000
000000000000000000000
000000000000000000000
000000000000000000000
000000000000000000000
000000000000000000000
000000000000000000000
#
It:2:Diff:45:PSOStep:1:Time:8.327758146:s:AutomataStep:1:Transition:00100010100010100000101000101100111011001000001010101100001010100010011000001000010010000110101001100000010000101110001010000010101000101100101010101100010001101000001010001110000010001000001000100010000010001000100001000110001000101000000000101010101000100000010010000110111000101110001010001000110011000000110000000010100000000010101010001010001001001010100001001100001000100000010010001000000000101010001000100100001000101010100001001110000000001000001001001000100010000010100000100110001000101010100000100010
000000000000000000000
000000000000000000000
000000000000000000000
000000000000000000000
000000000000000000000
000000000000000000000
000000000000000000000
000000000000000000000
000000000000000000000
000000000010000000000
000000000101000000000
000000000010000000000
000000000000000000000
000000000000000000000
000000000000000000000
000000000000000000000
000000000000000000000
000000000000000000000
000000000000000000000
000000000000000000000
000000000000000000000
#
It:3:Diff:44:PSOStep:1:Time:9.270685916:s:AutomataStep:1:Transition:00100010100010100000000001000110110001101000001010001000111010000010011000101000001010001100100001100010110000101110001010000110011000001110101010001000001001001010001010001100110010001000011000100100001011101000100011100010000001001000101000101000101000100110111010000100001000100010010010000000111000000000000001101110100001000100111010001000000011100000100011101010001001001000001010001000000000001000001000100100010000101000100000100110010010000110001000101000000010000010100000100100001000101110100000100010
000000000000000000000
000000000000000000000
000000000000000000000
000000000000000000000
000000000000000000000
000000000000000000000
000000000000000000000
000000000000000000000
000000000000000000000
000000000010000000000
000000000101000000000
000000000000000000000
000000000000000000000
000000000000000000000
000000000000000000000
000000000000000000000
000000000000000000000
000000000000000000000
000000000000000000000
000000000000000000000
000000000000000000000
#
It:4:Diff:39:PSOStep:7:Time:10.419748121:s:AutomataStep:7:Transition:00100100100010000000100001000110101010100110010010001000001010000100010000101000011010000000011010001110110001001000001010000100100001000010101010001000010001000010001010000000011010000000100000100100001010100110011001100100010000001000100001001000111000000110011010101100010000000110110010001000100010101010011011100010100001000100100010001100001000101000100000100100010001001100010010001000101001001000010001000100000001001000100001000110001010101000010001001010101000100100110001000010011001000100100000100000
000000000000000000000
000000000000000000000
000000000000000000000
000000000010000000000
000000000101000000000
000000000011100000000
000000000001010000000
000000000010001000000
000000000000001100000
000010000000001110000
000101110000100101000
000010100010001110000
000000000100100100000
000000010000001000000
000000001000110000000
000000001110100000000
000000000011000000000
000000000010000000000
000000000000000000000
000000000000000000000
000000000000000000000
#
It:16:Diff:34:PSOStep:7:Time:22.609929187:s:AutomataStep:7:Transition:00100010100010000100001000100000100001100000001011001000010011000010000000001000001011001010000010100100100000101100010010000100100000101010000010001100001000100110000010000010101010000110100011100010000011100000011001100010001000001000110001101000000000000110000000000010011001000000110010001000100000001010011000001110100000000010010010001100011011101100100000100010001000000000001010001100000010100100101010100010011000101000100000101010010010101100011010101000101011100010101000101100011000101010100011001110
000000000000000000000
000000000000000000000
000000000000000000000
000000000010000000000
000000000101000000000
000000000101100000000
000000000010010000000
000000100010000000000
000001000101101000000
000010000001001010000
000110010101000001000
000011100000001010000
000000010000001100000
000000101010001000000
000000011010010000000
000000001000100000000
000000000001000000000
000000000010000000000
000000000000000000000
000000000000000000000
000000000000000000000
#
It:28:Diff:31:PSOStep:7:Time:34.441806278:s:AutomataStep:7:Transition:00100110111010000010010001101010100011101010011010001000011010100110011010000100001000001010101011100100100001101110100011101110100001101110011010001000011000100110011010001110011010000100111011100110111000001010001001000010011010101000100000001010011011100100001011001000101000000010101010001000110000001000001001100100100000100110100010000010101000001110100001101010001011100110101010001010100010100110101010100110011000101000100001100110011011100100011001101000010010100110111001101000001011000010100010101100
000000000000000000000
000000000000000000000
000000000000000000000
000000000010000000000
000000000001000000000
000000001000100000000
000000011100110000000
000000110011001000000
000001011011100100000
000010010111000010000
000100001010101101000
000010000010000010000
000001000110010100000
000000101000111000000
000000010000010000000
000000001011100000000
000000000101000000000
000000000010000000000
000000000000000000000
000000000000000000000
000000000000000000000
#
It:62:Diff:31:PSOStep:7:Time:69.453549463:s:AutomataStep:7:Transition:00100010000000000000000010100100100001101100001010000000010001000010001001000000001010000000101010000110001000100000010001000000110000100110010000000000001000100000001001000000101000001100001010000010001011001000100001000100011011000000010011001000100000000010001000000010001000100100000000000000110000000000100000100010000001000110010000001000111011100000000001101110100001101110011000000010010001100100101011000010101011100000000000101100001010100100001000100000110010100010101000101110011011101100000000101100
000000000000000000000
000000000000000000000
000000000000000000000
000000000010000000000
000000000001000000000
000000000000100000000
000000000001010000000
000000000010101000000
000000000000100100000
000000000001111010000
000000000001000001000
000000000000100010000
000000000000010000000
000000000000000000000
000000000000010000000
000000000000100000000
000000000001000000000
000000000010000000000
000000000000000000000
000000000000000000000
000000000000000000000
#
It:86:Diff:31:PSOStep:7:Time:93.493870355:s:AutomataStep:7:Transition:00100010000000001000000011000010101001101000001001001000110011000010010000000000001000000000010000100010001000100000111000100100111000101100111000000000001000101100001011000000111000001010001010001010001000000000111001001110110000100000010000000000110010000010001000000010001000100110000000000000000000000000010000100010000010100010100000000000111000100000000011000110001000101100000000101100110001001000101001000010110011100000000000100000001010100000001000100000100001000010000000100010001000001100000011001010
000000000000000000000
000000000000000000000
000000000000000000000
000000000010000000000
000000000001000000000
000000000000100000000
000000000000010000000
000000000000001000000
000000000001000100000
000000000001001010000
000000000000010001000
000000000010100010000
000000000001000100000
000000000000001000000
000000000000010000000
000000000000100000000
000000000001000000000
000000000010000000000
000000000000000000000
000000000000000000000
000000000000000000000
#
It:96:Diff:29:PSOStep:7:Time:103.013830605:s:AutomataStep:7:Transition:00100010000000000000000000001100111001001000001010101000011011000010101010001010001000000010101000000010011000100000111011001010110000101100010000001100011000101110111010100000011000001000001011000100001001101010110011100100011000100010101011100000101010100010001000100110001000101110101000000000000000000000101000100010000010100010001000100100110000101100001000101000110011100100111000101100011001000010110001000010110000000000000001101100000010100000001000100000101010100010001000100010011001001010101001000100
000000000000000000000
000000000000000000000
000000000000000000000
000000000010000000000
000000000001000000000
000000000010100000000
000000000000010000000
000000000000101000000
000000000001000100000
000000000010001010000
000000000000010001000
000000000000100010000
000000000001000100000
000000000010001000000
000000000000010000000
000000000000100000000
000000000001000000000
000000000010000000000
000000000000000000000
000000000000000000000
000000000000000000000
#
It:99:Diff:26:PSOStep:7:Time:106.020353805:s:AutomataStep:7:Transition:00100010110000000010000000001000101000101000001010101010010001100010001000000100101000001110010011100000011000101110000000100010111000100010000011100000001000100000001001100000011000000100100000101100000001001100011010101000000010000100101000101000101011100010001000001010100000101000111000000100000001100000001000000110000011000010000001000100011011100110101011101010011011101110001000001100001001100100111000100010101010100000010000001000001001100000001010100000110000000010000000101100011000101110001001100100
000000000000000000000
000000000000000000000
000000000000000000000
000000000010000000000
000000000101000000000
000000001010100000000
000000010110010000000
000000100000001000000
000001001000100100000
000010000010100010000
000100001010000101000
000010001000100110000
000000100100010100000
000000101111011000000
000000000101010000000
000000000110000000000
000000000101000000000
000000000010000000000
000000000000000000000
000000000000000000000
000000000000000000000
#
It:108:Diff:26:PSOStep:7:Time:115.130468455:s:AutomataStep:7:Transition:00100010111000000000000011100000101010101000001011000110001001000010100000000000000000001010000010100010011000101010111010101110111000101110010010100000011000100010001000100000010000000010011000000010001000001000110000000000110000100000011000100000110010100010110010000010001000101010001000000000000001000000000000100010000000000010000000000100001001001100100011000000001000101010001000001110000011001010000000000010111001001000000000100000001010000000001010000000000011100010000000101110001011101010001000100000
000000000000000000000
000000000000000000000
000000000000000000000
000000000010000000000
000000000101000000000
000000001010100000000
000000010100010000000
000000100010101000000
000001000101000100000
000010110010101010000
000101010011100001000
000010110101101010000
000001000010010100000
000000100001001000000
000000010010000000000
000000001010000000000
000000000101000000000
000000000010000000000
000000000000000000000
000000000000000000000
000000000000000000000
#
It:136:Diff:26:PSOStep:7:Time:142.981750967:s:AutomataStep:7:Transition:00100010101000100010001001100010110010001010001011000010001000000010010000100010001000101000001010101010001000101000010010001100010000100100110001000010111000100100001000100010011000101010111000000100001001100110001001000100001010100010111000100010001010100010001000101110001000101010100001100010001010000010111001100010001000100010100000000010111011100000100000100010010000100010111000101100101001001000001010000010101010000110001000000100110010101000001000000010100001100010001000101100110000100100011000000110
000000000000000000000
000000000000000000000
000000000000000000000
000000000010000000000
000000000101000000000
000000001000100000000
000000010001010000000
000000100010001000000
000001000101010100000
000010001000100010000
000100010001000101000
000000000000000000000
000000000000000000000
000000000000000000000
000000000000000000000
000000000000000000000
000000000000000000000
000000000000000000000
000000000000000000000
000000000000000000000
000000000000000000000
#
It:139:Diff:17:PSOStep:7:Time:146.09779065:s:AutomataStep:7:Transition:00100010110000100010001011000010110000101010001011000010001011000010101000100010001000100010001011000100000000100110011000101010110000100000111011000010101000101110001000100010101000101100000010100110001000000010101010101000000000100010011000100010001001000010001000100010001000101000100000100010001010100010011000100010001000100010100001100010111010101100011000100010101000100010110000100110100011001000001010100010101000000100001000101100111000100100001010100010010011100010001000101100000000100110001001100010
000000000000000000000
000000000000000000000
000000000000000000000
000000000010000000000
000000000101000000000
000000001000100000000
000000010101010000000
000000100000101000000
000001010100010100000
000010001000001010000
000101010000010101000
000010000100010010000
000001010100010100000
000000101010001000000
000000010001010000000
000000001000100000000
000000000101000000000
000000000010000000000
000000000000000000000
000000000000000000000
000000000000000000000
#
It:168:Diff:16:PSOStep:7:Time:174.666294789:s:AutomataStep:7:Transition:00100010101000100010001011000100101001001110001001000010001011100010001000100010001000100010001011100010110000100010110000101110111000101000001011000010111000101110001000100010001000101010000010100010001001000010111001000010000000100010111000100010001010100010001000100010001000101010010000100010001011100010001000100010001000100010001001000000001000001010101000100010001000100010100000101110001011100100001011000010000011100010001000101010100001100100001000000010001010000010001000101010101000101110001000100010
000000000000000000000
000000000000000000000
000000000000000000000
000000000010000000000
000000000101000000000
000000001010100000000
000000010101010000000
000000100110101000000
000001010001010100000
000010101010101010000
000100010101010101000
000010001001101010000
000000000100010100000
000000000010101000000
000000010101010000000
000000000010100000000
000000000101000000000
000000000010000000000
000000000000000000000
000000000000000000000
000000000000000000000
#
It:459:Diff:15:PSOStep:7:Time:434.212127069:s:AutomataStep:7:Transition:00100010101000100010001001000010111000100010001001100010001000100010001000100010001000100010001000101100100000100010001000100010101000100100001010100010001000101010001000100010001000100000100000000010001011100010101000100010000000100110111000100010001010100010001000100010001000100000001000100010001000100010001000100010001000100010011000100010001000100010011000100010001000100010000000101010001010100010001011000010100000100010001000101000010000000010001010100010001001000010001000100010110000100100001000100010
000000000000000000000
000000000000000000000
000000000000000000000
000000000010000000000
000000000101000000000
000000001010100000000
000000010001010000000
000000101000101000000
000001000100010100000
000010100010001010000
000100010001000101000
000010001000100010000
000001010100010100000
000000101010001000000
000000010001010000000
000000001000100000000
000000000101000000000
000000000010000000000
000000000000000000000
000000000000000000000
000000000000000000000
end
