PSO TRACE
INIT:../../instances/fazia/init.csv
REF:../../instances/fazia/asvn2.csv
DecodingPolicy:Nibble:CDLE2
MutationPolicy:Std
ParticleNeighborhood:Fixed
ParticleDims:146
ParticleCount:100
AccP:2.0
AccG:2.0
AccL:1.5
AccI:2.3
Pos:0.0-3.0
Inertia:0.9-0.6
VeloMax:2.0
MaxPSOIteration:500
InertiaDecrFactor:6.000000000000001E-4
INIT
000000000000000000000
000000000000000000000
000000000000000000000
000000000000000000000
000000000000000000000
000000000000000000000
000000000000000000000
000000000000000000000
000000000000000000000
000000000000000000000
000000000010000000000
000000000000000000000
000000000000000000000
000000000000000000000
000000000000000000000
000000000000000000000
000000000000000000000
000000000000000000000
000000000000000000000
000000000000000000000
000000000000000000000
REF
000000000000000000000
000000000000000000000
000000000000000000000
000000000010000000000
000000000101000000000
000000001000100000000
000000010100010000000
000000100010001000000
000001010001000100000
000010001010101010000
000100010001000101000
000010001000100010000
000001000100010100000
000000100010001000000
000000010001010000000
000000001000100000000
000000000101000000000
000000000010000000000
000000000000000000000
000000000000000000000
000000000000000000000
Nibble Decoder
0 :1,2,3,4,
1 :0,2,3,4,
2 :0,1,3,4,
3 :0,1,2,4,
4 :0,1,2,3,
5 :6,7,8,9,
6 :5,7,8,9,
7 :5,6,8,9,
8 :5,6,7,9,
9 :5,6,7,8,
10 :11,12,13,14,
11 :10,12,13,14,
12 :10,11,13,14,
13 :10,11,12,14,
14 :10,11,12,13,
15 :16,17,18,19,
16 :15,17,18,19,
17 :15,16,18,19,
18 :15,16,17,19,
19 :15,16,17,18,
20 :21,22,23,24,
21 :20,22,23,24,
22 :20,21,23,24,
23 :20,21,22,24,
24 :20,21,22,23,
25 :26,27,28,29,
26 :25,27,28,29,
27 :25,26,28,29,
28 :25,26,27,29,
29 :25,26,27,28,
30 :31,32,33,34,
31 :30,32,33,34,
32 :30,31,33,34,
33 :30,31,32,34,
34 :30,31,32,33,
35 :36,37,38,39,
36 :35,37,38,39,
37 :35,36,38,39,
38 :35,36,37,39,
39 :35,36,37,38,
40 :41,42,43,44,
41 :40,42,43,44,
42 :40,41,43,44,
43 :40,41,42,44,
44 :40,41,42,43,
45 :46,47,48,49,
46 :45,47,48,49,
47 :45,46,48,49,
48 :45,46,47,49,
49 :45,46,47,48,
50 :51,52,53,54,
51 :50,52,53,54,
52 :50,51,53,54,
53 :50,51,52,54,
54 :50,51,52,53,
55 :56,57,58,59,
56 :55,57,58,59,
57 :55,56,58,59,
58 :55,56,57,59,
59 :55,56,57,58,
60 :61,62,63,64,
61 :60,62,63,64,
62 :60,61,63,64,
63 :60,61,62,64,
64 :60,61,62,63,
65 :66,67,68,69,
66 :65,67,68,69,
67 :65,66,68,69,
68 :65,66,67,69,
69 :65,66,67,68,
70 :71,72,73,74,
71 :70,72,73,74,
72 :70,71,73,74,
73 :70,71,72,74,
74 :70,71,72,73,
75 :76,77,78,79,
76 :75,77,78,79,
77 :75,76,78,79,
78 :75,76,77,79,
79 :75,76,77,78,
80 :81,82,83,84,
81 :80,82,83,84,
82 :80,81,83,84,
83 :80,81,82,84,
84 :80,81,82,83,
85 :86,87,88,89,
86 :85,87,88,89,
87 :85,86,88,89,
88 :85,86,87,89,
89 :85,86,87,88,
90 :91,92,93,94,
91 :90,92,93,94,
92 :90,91,93,94,
93 :90,91,92,94,
94 :90,91,92,93,
95 :96,97,98,99,
96 :95,97,98,99,
97 :95,96,98,99,
98 :95,96,97,99,
99 :95,96,97,98,
#
It:0:Diff:44:PSOStep:1:Time:4.899897677:s:AutomataStep:1:Transition:00100000011011000000110011101110000011101000110001101010001010000100111011101010100011000000001011001010010011001100110001001010010000101110010010100010111001001100111001101000110000001000100011100010011000101010010001100000111011000000000011101100010011000100001001000100010001100010110011000000000000101010001011100110000010100100111010101100010000000000110001101100011010001100000001001010101001001110011011001000000011000100001000101010101011101000101010100100010010101110000001101100001010000100011001100110
000000000000000000000
000000000000000000000
000000000000000000000
000000000000000000000
000000000000000000000
000000000000000000000
000000000000000000000
000000000000000000000
000000000000000000000
000000000010000000000
000000000000000000000
000000000000000000000
000000000000000000000
000000000000000000000
000000000000000000000
000000000000000000000
000000000000000000000
000000000000000000000
000000000000000000000
000000000000000000000
000000000000000000000
#
It:1:Diff:44:PSOStep:2:Time:6.32827939:s:AutomataStep:2:Transition:11100000111010000000111010000110010010001110100011000110111000000000100010000100000010000000110000100110100000100000001010000000011001101100110001101100100000001010001001001110010010101000110010001100010010000000011000000100100000100110011010001100101001100110001010101100101001000110000011101010000011000110111010000110000011100110110001100010100000000100110000001000000010101110110001101010011011001010010011100110000000100010110000000000101001101110000000001100111000000100001001101000000010001010111001000100
000000000000000000001
000000000000000000000
000000000000000000000
000000000000000000000
000000000000000000000
000000000000000000000
000000000000000000000
000000000000000000000
000000000001000000000
000000000010000000000
000000000101000000000
000000000000000000000
000000000000000000000
000000000000000000000
000000000000000000000
000000000000000000000
000000000000000000000
000000000000000000000
000000000000000000000
000000000000000000000
000000000000000000000
#
It:4:Diff:43:PSOStep:3:Time:9.724316206:s:AutomataStep:3:Transition:00100000001000101000001000101000111000101100001011100110000001100110010000101010110000101110100010001110000010101000001010101110010000001000011010001110000000001000111011000100001000100000001000100100111000000000111011101110100001000000111001001110000000100110111000101010010011001110010001000010111011101110110010001110101010100000100011101000010011100000101011100110110000100010000010100100001000100010010001100110110010101010001011101010111010001000010000001010001001000100111011001010100011001010001011001110
000000000000000000000
000000000000000000000
000000000000000000000
000000000000000000000
000000000000000000000
000000000000000000000
000000000000000000000
000000000010000000000
000000000001000000000
000000000000100000000
000000000000110000000
000000000000100000000
000000000000000000000
000000000000000000000
000000000000000000000
000000000000000000000
000000000000000000000
000000000000000000000
000000000000000000000
000000000000000000000
000000000000000000000
#
It:8:Diff:40:PSOStep:7:Time:13.846610896:s:AutomataStep:7:Transition:00100000001010000000110000100100111000100100100001000100010011100110000000100000100000101110100010001110000011100110100011100100111000100000000011000010010010001010111011100000000001000010001010001110010001000000111011001110001011001000111001001110111000100000111011101000110011001110011011000010111011101110001000001110001010000110101011100010110001000100010011101000101000100010110000000110010010101100011010001010100010101000001011100100001010100010000011001010010011100100001001101000001010001100001001000100
000000000000000000000
000000000000000000000
000000000000000000000
000000000010000000000
000000000001000000000
000000000100100000000
000000000000010000000
000000001010001000000
000000000000100100000
000000000100000010000
000000001001011001000
000000000010000110000
000000000101111100000
000000000100111000000
000000000001010000000
000000000000100000000
000000000001000000000
000000000010000000000
000000000000000000000
000000000000000000000
000000000000000000000
#
It:24:Diff:37:PSOStep:7:Time:31.065326367:s:AutomataStep:7:Transition:00000000000000000010111000000010110011001000001011100010101000100110011000001010011000000110010010000110110000001100111011101100100011001100010001001100100011001000111011001010000011101100000000001110111011101010011001101110111010100010111010101110010000000000111011100000111011000110111001100000111011101110111000000010110000001110110001101100011001101010000001100000110000000000000000001110111011001100010000001100111010101100110011101010000011001110111011001000111011101110011011100010100001101100000011101110
000000000000000000000
000000000000000000000
000000000000000000000
000000000000000000000
000000000000000000000
000000000000000000000
000000000000000000000
000000000000000000000
000000000000000000000
000000000000000000000
000000000000000001000
000000000000000010000
000000000000000100000
000000000000001000000
000000000000010000000
000000000000100000000
000000000001000000000
000000000010000000000
000000000000000000000
000000000000000000000
000000000000000000000
#
It:96:Diff:37:PSOStep:7:Time:100.755485425:s:AutomataStep:7:Transition:00000000000000000100010000000000110000100000101000001010101011100010001000001010001000000010001011001100000000001110010000100110100011000000110010101110101000101010010001100000000011101000000000000000011010101010001011001110110010100000000000001110101000000000000010100000110000100010010001000000000010101010001000000100100011100000001000100100001000100000000000100000111000000000000000000100111011101110011000001000111000000110110010101000101010000000001000100000101000101010001000001010000000100110100000100000
000000000000000000000
000000000000000000000
000000000000000000000
000000000000000000000
000000000000000000000
000000000000000000000
000000000000000000000
000000000000000000000
000000000000000000000
000000000000000000000
000000000000000001000
000000000000000010000
000000000000000100000
000000000000001000000
000000000000010000000
000000000000100000000
000000000001000000000
000000000010000000000
000000000000000000000
000000000000000000000
000000000000000000000
#
It:124:Diff:33:PSOStep:7:Time:126.10053859:s:AutomataStep:7:Transition:00100110100000100000001000100010101000000010001000001010000010000110011000100110011000100110010001001100000000101010010001101110011001100000011000101000000001100110010001101110001000100100001000101110110011100110011010101000000011101110000000001000011000100010001011100010000011000110001010101000100000101010000000101110011000000010001001101010011001100010001001100010010010100000001000100010100001100010001000100000011000101100110000100010011001100000110010101110001011000010011010101000100010100000001000100010
000000000000000000000
000000000000000000000
000000000000000000000
000000000010000000000
000000000101000000000
000000001000100000000
000000000000010000000
000000010010001000000
000001011101000100000
000010101000100010000
000101000000010001000
000000000000000000000
000000000000000000000
000000000000000000000
000000000000000000000
000000000000000000000
000000000000000000000
000000000000000000000
000000000000000000000
000000000000000000000
000000000000000000000
#
It:244:Diff:32:PSOStep:7:Time:241.099272336:s:AutomataStep:7:Transition:00100010100000100110100000100010100011101100001010101010111011000010001000100010001000100010001001001010010000100010001000100100001000100010001000100010001000101000001000100110001000100000001000101000001011100010001001100100000000000110100001100100001010000010001010100010011001000010001000101000100000100010001000100100001010100010001000101100001000100010001000100010000000100010001010100010111000101010001000101010001000100010000000000010110000100100010000100010001000100010001000001000101010000000001000100010
000000000000000000000
000000000000000000000
000000000000000000000
000000000010000000000
000000000101000000000
000000001000100000000
000000010110110000000
000000100011101000000
000001010001011100000
000010001001001010000
000101010000010101000
000000000001101000000
000000000000000000000
000000000000000000000
000000000000000000000
000000000000000000000
000000000000000000000
000000000000000000000
000000000000000000000
000000000000000000000
000000000000000000000
#
It:264:Diff:30:PSOStep:7:Time:260.165880547:s:AutomataStep:7:Transition:00100010111000100010001000100000101001001100111011000010001001000100010000100100010000101010000000101110100011100010111001001110100000001010000000100000101001000000101011100010001010000100001000100110101000000100011011100010001011100010100011000000111000100010001000000010011010100100001000100010001011100100101000101110010010000010001001000110010000000010001001100010010001000010111000100010001001001010000000100010110000100110000000000010101000001010110001100010100010100010010011100110001010100110001010001000
000000000000000000000
000000000000000000000
000000000000000000000
000000000010000000000
000000000101000000000
000000001010100000000
000000010010010000000
000000101010100000000
000001000001000000000
000010010001000010000
000101010000100101000
000011100001110010000
000001100101000000000
000000110010100000000
000000010001010000000
000000001010100000000
000000000101000000000
000000000010000000000
000000000000000000000
000000000000000000000
000000000000000000000
#
It:293:Diff:29:PSOStep:7:Time:288.794819954:s:AutomataStep:7:Transition:00100010111000100000001000100110101010001000100011101110101010100000000000100000000010101100001000000010111010000110111000001000110000000110000001001110111000001110000011101010001000101110001000101100111011000000000001000010110010001100000001001100001000100010101010100010000001100000010001001010100010101000110000101100000011101010101000000100000000001010001000000010110000000000111010001010001011101110111000101000111000100010000000100100111000101000000000101000001011101000000011101110100011001110001010100100
000000000000000000000
000000000000000000000
000000000000000000000
000000000010000000000
000000000101000000000
000000001000000000000
000000010001110000000
000000000010001000000
000001000000100100000
000010000101001110000
000101000010000101000
000010111000101010000
000001010001110100000
000000101010101000000
000000010101010000000
000000001010100000000
000000000101000000000
000000000010000000000
000000000000000000000
000000000000000000000
000000000000000000000
#
It:295:Diff:20:PSOStep:7:Time:290.700125391:s:AutomataStep:7:Transition:00100010111000100000001000101000101011100110101011101010101010000010001000100010001000100000000000100110010000100010010000100110111000101010001010000010111000100100111011100100001001000000001000101110011011000010001011001010100000001100011011101110001000100010101000100010001000000010100000100100010000100110011000100010001001100100010000101000001000000100001000100010110000100010010010000100101011101100010000100010110000101100001011100010000010000010001000100010001000001010001001100110101011000100001011001000
000000000000000000000
000000000000000000000
000000000000000000000
000000000010000000000
000000000101000000000
000000001010100000000
000000010101010000000
000000101010101000000
000001011001010100000
000010001010000010000
000101000101010101000
000010001001110010000
000001000100010100000
000000100011001000000
000000010111000000000
000000001010000000000
000000000101000000000
000000000010000000000
000000000000000000000
000000000000000000000
000000000000000000000
#
It:393:Diff:20:PSOStep:7:Time:385.938462994:s:AutomataStep:7:Transition:00100010111000100010001000100110111000101110101001001010010010100010001000100010001000100110001000100000111000100010111000100110100000000010110001000010001000100110000000100110001010101110010000100010110000000010000010101010000000000100101000000010001000100010001001100010001000000010001000101100011000100000001000100010001000000110110000100010001000100100010000100010000000100010101010001000011011101000011000100010010000101110000001000010110001001010000010100100001001000100001001100010101011000010001010100010
000000000000000000000
000000000000000000000
000000000000000000000
000000000010000000000
000000000101000000000
000000001010100000000
000000010000010000000
000000101000101000000
000001000101000100000
000010100010001010000
000100010000010001000
000010101000101010000
000001000101000100000
000000101010101000000
000000010000010000000
000000001000100000000
000000000101000000000
000000000010000000000
000000000000000000000
000000000000000000000
000000000000000000000
#
It:417:Diff:19:PSOStep:7:Time:408.042389667:s:AutomataStep:7:Transition:00100110111000100010001000100100110011000110100011001100101011000010001000100010001000101100001000101010100000101010111000100010100000000110001001101010001000101100000000001010001010100110001000101000001011000010100010100110010000001100100000100010111000100010001011000010001000100010011000101110000000100000110001101000001000101010101000100000001000100010001000000010000000000000111000100010110011001010110000100100101001001100000000100010011000101000001011000010001011100100001010100110011010100010001000101010
000000000000000000000
000000000000000000000
000000000000000000000
000000000010000000000
000000000101000000000
000000001010100000000
000000010101010000000
000000101010101000000
000001010101010100000
000010101010101010000
000101010101010101000
000010101010101010000
000001010101010100000
000000101010101000000
000000010101010000000
000000001010100000000
000000000101000000000
000000000010000000000
000000000000000000000
000000000000000000000
000000000000000000000
#
It:436:Diff:17:PSOStep:7:Time:426.518397984:s:AutomataStep:7:Transition:00100010110000100010001000100010100010000010000000000000001000100010001000100010001000100110001000101100111010101010100000000010110000101100001000101010001000100010001000101010001001000010001000101100000011100010010001001000011000101000000000000010010000100010001000000010001000100010101000101110001000101000101000100000001000101100110000100010001000100010001000000010001000100010001000100010110000000010011000100010001000101010001000100010001000101110001000000010001010100100001011000010001010100010001000101010
000000000000000000000
000000000000000000000
000000000000000000000
000000000010000000000
000000000101000000000
000000001000100000000
000000010001010000000
000000100010001000000
000001000100000100000
000010000010001010000
000101010001010001000
000010101000100010000
000001010100000100000
000000101010001000000
000000010100010000000
000000001010100000000
000000000101000000000
000000000010000000000
000000000000000000000
000000000000000000000
000000000000000000000
#
It:453:Diff:16:PSOStep:7:Time:442.835812155:s:AutomataStep:7:Transition:00100010100000100000001000100100110010001000001011000000001010000010001000100000001000100100000000000010100000100100011011101100110000001100001000100010001000101100010000000010001000101100001000100010001011000010001001001010100011001000111000100010100000100010001010100010001000100010001000101100010001100010001000100010001001001100101000000010110011100110001001100010000000000000010001001100010011101000101000100010001000101100001011001000000000101010001000100010001000101000001001100100000011000000011000100010
000000000000000000000
000000000000000000000
000000000000000000000
000000000010000000000
000000000101000000000
000000001010100000000
000000010000010000000
000000101010101000000
000001000101000100000
000010100000001010000
000100010000010001000
000010001000100010000
000001000101000100000
000000100010001000000
000000010000010000000
000000001000100000000
000000000101000000000
000000000010000000000
000000000000000000000
000000000000000000000
000000000000000000000
end
