PSO TRACE
INIT:../../instances/fazia/init.csv
REF:../../instances/fazia/asvn2.csv
DecodingPolicy:Nibble:CDLE2
MutationPolicy:Std
ParticleNeighborhood:Fixed
ParticleDims:146
ParticleCount:100
AccP:2.0
AccG:2.0
AccL:1.5
AccI:2.3
Pos:0.0-3.0
Inertia:0.9-0.6
VeloMax:2.0
MaxPSOIteration:500
InertiaDecrFactor:6.000000000000001E-4
INIT
000000000000000000000
000000000000000000000
000000000000000000000
000000000000000000000
000000000000000000000
000000000000000000000
000000000000000000000
000000000000000000000
000000000000000000000
000000000000000000000
000000000010000000000
000000000000000000000
000000000000000000000
000000000000000000000
000000000000000000000
000000000000000000000
000000000000000000000
000000000000000000000
000000000000000000000
000000000000000000000
000000000000000000000
REF
000000000000000000000
000000000000000000000
000000000000000000000
000000000010000000000
000000000101000000000
000000001000100000000
000000010100010000000
000000100010001000000
000001010001000100000
000010001010101010000
000100010001000101000
000010001000100010000
000001000100010100000
000000100010001000000
000000010001010000000
000000001000100000000
000000000101000000000
000000000010000000000
000000000000000000000
000000000000000000000
000000000000000000000
Nibble Decoder
0 :1,2,3,4,
1 :0,2,3,4,
2 :0,1,3,4,
3 :0,1,2,4,
4 :0,1,2,3,
5 :6,7,8,9,
6 :5,7,8,9,
7 :5,6,8,9,
8 :5,6,7,9,
9 :5,6,7,8,
10 :11,12,13,14,
11 :10,12,13,14,
12 :10,11,13,14,
13 :10,11,12,14,
14 :10,11,12,13,
15 :16,17,18,19,
16 :15,17,18,19,
17 :15,16,18,19,
18 :15,16,17,19,
19 :15,16,17,18,
20 :21,22,23,24,
21 :20,22,23,24,
22 :20,21,23,24,
23 :20,21,22,24,
24 :20,21,22,23,
25 :26,27,28,29,
26 :25,27,28,29,
27 :25,26,28,29,
28 :25,26,27,29,
29 :25,26,27,28,
30 :31,32,33,34,
31 :30,32,33,34,
32 :30,31,33,34,
33 :30,31,32,34,
34 :30,31,32,33,
35 :36,37,38,39,
36 :35,37,38,39,
37 :35,36,38,39,
38 :35,36,37,39,
39 :35,36,37,38,
40 :41,42,43,44,
41 :40,42,43,44,
42 :40,41,43,44,
43 :40,41,42,44,
44 :40,41,42,43,
45 :46,47,48,49,
46 :45,47,48,49,
47 :45,46,48,49,
48 :45,46,47,49,
49 :45,46,47,48,
50 :51,52,53,54,
51 :50,52,53,54,
52 :50,51,53,54,
53 :50,51,52,54,
54 :50,51,52,53,
55 :56,57,58,59,
56 :55,57,58,59,
57 :55,56,58,59,
58 :55,56,57,59,
59 :55,56,57,58,
60 :61,62,63,64,
61 :60,62,63,64,
62 :60,61,63,64,
63 :60,61,62,64,
64 :60,61,62,63,
65 :66,67,68,69,
66 :65,67,68,69,
67 :65,66,68,69,
68 :65,66,67,69,
69 :65,66,67,68,
70 :71,72,73,74,
71 :70,72,73,74,
72 :70,71,73,74,
73 :70,71,72,74,
74 :70,71,72,73,
75 :76,77,78,79,
76 :75,77,78,79,
77 :75,76,78,79,
78 :75,76,77,79,
79 :75,76,77,78,
80 :81,82,83,84,
81 :80,82,83,84,
82 :80,81,83,84,
83 :80,81,82,84,
84 :80,81,82,83,
85 :86,87,88,89,
86 :85,87,88,89,
87 :85,86,88,89,
88 :85,86,87,89,
89 :85,86,87,88,
90 :91,92,93,94,
91 :90,92,93,94,
92 :90,91,93,94,
93 :90,91,92,94,
94 :90,91,92,93,
95 :96,97,98,99,
96 :95,97,98,99,
97 :95,96,98,99,
98 :95,96,97,99,
99 :95,96,97,98,
#
It:0:Diff:44:PSOStep:6:Time:6.28386051:s:AutomataStep:6:Transition:10101000010000001110000000101100010000001110001001101000101010100110101001101010011011101100100011001110100001000000100010100110100000001000010001001010011011001100100010100100111000000010010010100110000010000100011001001110011010100000010001000100101010100010110000000010111011000010001011000010001011100000011011000100101010101000000010101000001010000000101011001100100001000000001011100010101001000000101011000110011011101010111001001100101000001110001010001010010000100000110001101010011000001000110001100000
000000000000000000000
000000000000000000000
000000000000000000000
000000000000000000000
000000000000000000000
000000000000000000000
000000000000000000000
000000000000000000000
000000000000000000000
000000000000000000000
000000010000000000000
000000000000000000000
000000000000000000000
000000000000000000000
000000000000000000000
000000000000000000000
000000000000000000000
000000000000000000000
000000000000000000000
000000000000000000000
000000000000000000000
#
It:4:Diff:44:PSOStep:3:Time:11.158426626:s:AutomataStep:3:Transition:00100010100010100100111000100110100011101100100011100100111000000110111010100100111000000100010001000110010000000110010001001000010010101010101011000110110010101100001011101010010000100110101000000100001011101100011010101000110001000110000011100110101011101000001011101010111011001010001000001010000001000000100001100110001010000100100000000000000010100100010001101000010001001010001001001010111011001110001001000100101001101100001001101110010010100010000010001010101011100100111000001010001011000100010010101110
000000000000000000000
000000000000000000000
000000000000000000000
000000000000000000000
000000000000000000000
000000000000000000000
000000000000000000000
000000000010000000000
000000000001000000000
000000000000100000000
000000010011010000000
000000000010100000000
000000000001110000000
000000000000010000000
000000000000000000000
000000000000000000000
000000000000000000000
000000000000000000000
000000000000000000000
000000000000000000000
000000000000000000000
#
It:6:Diff:42:PSOStep:3:Time:13.203638885:s:AutomataStep:3:Transition:00001000100000100110100001101110001000001000110011101110000001100100000000000000001001101110110000001110010011001000111000101110101000100100001011101110000000000100001011101010000000001110001011100100001001000010111011001010111011101100100011101110010000000010011011100100001010100010001001100010100011101110010001100010101000101100010011101100010000100000101000101010011000100010001000100010011010100000001000001110001000101100011011100000011011001010111000001010011001001110001000100000000000100100011000101110
000000000000000000000
000000000000000000000
000000000000000000000
000000000000000000000
000000000000000000000
000000000000000000000
000000000000000000000
000000000000010000000
000000000001000000000
000000000010100000000
000000010100000000000
000000001011000000000
000000000100000000000
000000000010000000000
000000000000000000000
000000000000000000000
000000000000000000000
000000000000000000000
000000000000000000000
000000000000000000000
000000000000000000000
#
It:40:Diff:41:PSOStep:7:Time:45.380856077:s:AutomataStep:7:Transition:00000110000010100100111001100110111001101110011001100110101001000110000010100100111000000110011001101010110001000110111001100110101001100110100001100110011011100110000001100110011010001000010011001100011000101110011001100110010001100110110001100010011000100110111001000100011011100110111001100110011001000110001001001110011001000110010010101110011001100110010010001000011001101110011001001110011001100110100011100110010001100110110000100110100001000000011011100110011001001010010011101110110011101110011001100100
000000000000000000000
000000000000000000000
000000000000000000000
000000000000000000000
000000000000000000000
000000000000000000000
000000000000000000000
000000000000000000000
000000000000001100000
000000000000001110000
000000000000001101000
000000000000100010000
000000000010111000000
000000000011001000000
000000000100010000000
000000001101000000000
000000000001000000000
000000000010000000000
000000000000000000000
000000000000000000000
000000000000000000000
#
It:43:Diff:41:PSOStep:3:Time:48.311915754:s:AutomataStep:3:Transition:00100100100001000000100000100000001011000010110000000010101011100110001011100100110000000000001011101110001010100010011010000000110000100010111000001110010010100100100011100010100010000010001001100010001010101000000001001010011000001000011000000110100001100010000011101110111010101010001000000010111001000000100001000010111000101110111001101110110001100000101010101000000000101110011010000010000000101110101000100000001000100100111011000100111011100010001010000010001001000000111000101110101000101110110000101110
000000000000000000000
000000000000000000000
000000000000000000000
000000000000000000000
000000000000000000000
000000000000000000000
000000000000000000000
000000000010000000000
000000000001000000000
000000000010000000000
000000010000000000000
000000000011000000000
000000000100000000000
000000000010000000000
000000000000000000000
000000000000000000000
000000000000000000000
000000000000000000000
000000000000000000000
000000000000000000000
000000000000000000000
#
It:52:Diff:38:PSOStep:7:Time:56.598161658:s:AutomataStep:7:Transition:00100010100001101100000000101100110010000010100011000010100010100000001011101100000011000010001011101000001010101000100010000000110000100010011001101000111001001110001011000010111000100010001011000110001010101000110000000010000001100010111011001110001000100010110011001000101001000100001011000010001011001100101001100100101011101100001011000000100000101100010011101000110000101110001001000010110000101100100010001100001010001100111010101100110011000010001001100010001011000110101000001010000000101110010000101000
000000000000000000000
000000000000000000000
000000000000000000000
000000000010000000000
000000000111000000000
000000001010100000000
000000011110010000000
000000100000001000000
000001100010010100000
000010000100000010000
000111011110100111000
000011000000001000000
000001000100111100000
000000111011010000000
000000010101010000000
000000001010100000000
000000000111000000000
000000000010000000000
000000000000000000000
000000000000000000000
000000000000000000000
#
It:57:Diff:37:PSOStep:7:Time:61.197517625:s:AutomataStep:7:Transition:00000010111000000000011000100110110000100000100001100000110001100110111000100110011001100000011000001000110001001000101001101010101000000100010001101110010010000100100001100010011010000010001001101000001001100010011001100000011001100000001001101100000010100010011001101010011011001000001000000010100001100110000001101000011011100110100001100110110000101010110000100000011000101110001010000010000000100100001000000110001000100110011011101010011001100000000000100010010001100110100010000000010000100010101000101010
000000000000000000000
000000000000000000000
000000000000000000000
000000000000000000000
000000000000000000000
000000000000000000000
000000000000000000000
000000000000000000000
000000000000000000000
000000000000000000000
000101010101010101000
000010010100100110000
000001011010010100000
000000100000111000000
000000010000010000000
000000000000100000000
000000000101000000000
000000000010000000000
000000000000000000000
000000000000000000000
000000000000000000000
#
It:78:Diff:35:PSOStep:7:Time:80.926848579:s:AutomataStep:7:Transition:00100010001011000000110001101100111000101110111001000010110000100110001001100100100000001110111000100110000001101010000000000010110010000010010011000110001010101100100010000100110011000010001011000010001001000010010011001100110011001000001011000100111000100010110011001010001000101100001011000010001011001100111011000010100010001100000011001100001000101110110000101110110000101100001011000010110000101100001010101100001010101100100000001100110011000100001000100010001011001100001001100100001000100000010000100100
000000000000000000000
000000000000000000000
000000000000000000000
000000000010000000000
000000000001000000000
000000000000100000000
000000000100010000000
000000000010101000000
000000000000000100000
000000000000010010000
000000000010000001000
000000001000001010000
000000000111010000000
000000001000101000000
000000000000010000000
000000000010100000000
000000000001000000000
000000000010000000000
000000000000000000000
000000000000000000000
000000000000000000000
#
It:83:Diff:34:PSOStep:7:Time:85.915139069:s:AutomataStep:7:Transition:00100010111001000100100000000100111000100110110010101110100010000000001010000110110010100010101001101110000010101010111011001110111001001010100001001010110010000100110011100110010001001100100001000010111011100010000001000100010001001100100001000100110000100010010001000100100011101100001001000010011010000100101001001100001011000100000001000100111000101110000000100000010000100100001011100010010000100100001011100100001000100100010001000100010001001110011001101110011001001110010011100100110010001110010000101100
000000000000000000000
000000000000000000000
000000000000000000000
000000000010000000000
000000000101000000000
000000000100100000000
000000010000010000000
000000100101111000000
000001011001011100000
000001101000111010000
000100010010100101000
000011001001110010000
000001100111000000000
000000110010011000000
000000011011010000000
000000001110100000000
000000000111000000000
000000000010000000000
000000000000000000000
000000000000000000000
000000000000000000000
#
It:111:Diff:30:PSOStep:7:Time:111.988559823:s:AutomataStep:7:Transition:00100110110010000000001000100000111000100010001000001000010000000110001010101110000000000000101000100000001010100100101000101010000010100010000000000010111010000000001010100110000011001010001011101100010011000010100000001110000000000110001000000000100000100010000011100010001000100010001011000010001011100000001001000010001010001110111000001110101001000010100000100010000000100000001010100010100000101110110010100000001000100000101000001110000000000110000010100010001000000010101000101000101000101110111000101010
000000000000000000000
000000000000000000000
000000000000000000000
000000000010000000000
000000000101000000000
000000001010100000000
000000010101010000000
000000000110101000000
000001010001010100000
000010000110001010000
000100000000000101000
000000000000000000000
000000000000000000000
000000000000000000000
000000000000000000000
000000000000000000000
000000000000000000000
000000000000000000000
000000000000000000000
000000000000000000000
000000000000000000000
#
It:134:Diff:30:PSOStep:7:Time:132.941633344:s:AutomataStep:7:Transition:00100100111010100000101000100110101000100010001001100000111000000110001011100100000001100100010000101010111001000110010000101000011011000010011001100010100011100110111000001010011011101110001010101010101011100010011001100010011001100010001001100110000000100010011011000010001000100010001011100010011001000110011000000000001010000100111001100100110010100010011000100110011000100110001011000010011000101100001010000110001000100110111001101100011001100010011011100010001001101010001000101000111000100100000000100010
000000000000000000000
000000000000000000000
000000000000000000000
000000000010000000000
000000000101000000000
000000001000100000000
000000010000010000000
000000100000001000000
000001000000000100000
000010000000000010000
000100000000000001000
000000000000000000000
000000000000000000000
000000000000000000000
000000000000000000000
000000000000000000000
000000000000000000000
000000000000000000000
000000000000000000000
000000000000000000000
000000000000000000000
#
It:153:Diff:28:PSOStep:7:Time:149.01979313:s:AutomataStep:7:Transition:00100110111000000000001000100000101000100010001000001010001000000000001000000100010000000100000000101100001011100010000000100000000010000010000000000010001000001000001001100010000000101100001010100010010001100010000000001000111000000010001000000000011000100010000000100010000000100010001000101010001000100000001000100010001000000010001000000010001000101010000000100010000001100000001011100010100000101100111000000000001000101010010000001110000010001100111010100010001000001100001010101000101000100110101000101100
000000000000000000000
000000000000000000000
000000000000000000000
000000000010000000000
000000000101000000000
000000001000100000000
000000010100010000000
000000100010001000000
000001010101000100000
000010000000100010000
000101000000010001000
000000000000000000000
000000000000000000000
000000000000000000000
000000000000000000000
000000000000000000000
000000000000000000000
000000000000000000000
000000000000000000000
000000000000000000000
000000000000000000000
#
It:218:Diff:26:PSOStep:7:Time:207.203161351:s:AutomataStep:7:Transition:00100110111011100000000000101110100000101000001000000000001000000000001011100010001011100000101001001110111010100010111010000110111000001000000000000010010011100000001001001000000000000010001010000010001000000010000000000010000011000010001000000110000000100010010011101000001000101000001000101000001001100000100000001100100011001000000001101100100010000000001000100010100000001110001000000010000010100010100010100000001010000010000010001110011000000000110001100010001011100010101010000000110000100010110000100000
000000000000000000000
000000000000000000000
000000000000000000000
000000000010000000000
000000000101000000000
000000000100100000000
000000011011010000000
000000100101111000000
000000110000000100000
000011000100010010000
000100010001000101000
000010001010001010000
000001000001010100000
000000100010001000000
000000010001010000000
000000001000100000000
000000000101000000000
000000000010000000000
000000000000000000000
000000000000000000000
000000000000000000000
#
It:304:Diff:24:PSOStep:7:Time:283.442222931:s:AutomataStep:7:Transition:00100010111011100000000000101010111000101010001000000000001000000000001010000110001000100000000000000010011010000010111000001010101000001100000000000010010001000000001000001110000011000010001011000010111000000010111000000000000000100010001000001100000001000010100011000000001000101100001000101110001000100000111000101110111001100110000001100000010000000110011000100010010011100010001000000010000000000010000000000000001011100110110010001110101000001110010001100010001000100010111000000000111000100010111000100000
000000000000000000000
000000000000000000000
000000000000000000000
000000000010000000000
000000000101000000000
000000001000100000000
000000010010010000000
000000100100101000000
000001001001010100000
000010000010010010000
000100000011100101000
000010000000101010000
000001100111010100000
000000100110101000000
000000011001010000000
000000001010100000000
000000000101000000000
000000000010000000000
000000000000000000000
000000000000000000000
000000000000000000000
#
It:367:Diff:24:PSOStep:7:Time:337.304816359:s:AutomataStep:7:Transition:00100110110011100000000000101100100000100100001000000000011011000000001001001110001011100000000011000010011001000010000000101000110000001000000000000010010011100000001001000110000011100010001000101010111000000010010000000100000000100010001000001000110000100010000010101000001000100010001000100010001000100000011000000110001001101010000001100000001000000010101000100010111011101110001000000010000010000010000011100000001001000110000000101100101000000010111000100010001011100010010001000000101000100010001000100000
000000000000000000000
000000000000000000000
000000000000000000000
000000000010000000000
000000000101000000000
000000001010100000000
000000010010010000000
000000000001001000000
000000011010000100000
000011001000100010000
000100010010000101000
000010000100001010000
000001001001010100000
000000100010010000000
000000010001010000000
000000001000100000000
000000000101000000000
000000000010000000000
000000000000000000000
000000000000000000000
000000000000000000000
#
It:387:Diff:23:PSOStep:7:Time:354.698216415:s:AutomataStep:7:Transition:00100010111001100000000000100110110000101110001000000000101010000000001000001010001000000000000010100100101000000010100010000000111000001000000000000010110010000000001011101110000011101100001000000000001000000010010000000000000000100010001000000010100011000010000011101000001000100010001000100010001000100000001000101010001011100100000010000000000000000010010000100100110010001100001011000010000011100010110001000000001011101010100011101000001000001100010010100010001001000010100011100000100000100010000000101110
000000000000000000000
000000000000000000000
000000000000000000000
000000000010000000000
000000000101000000000
000000001000100000000
000000010110010000000
000000100001001000000
000001010000110100000
000010001010100010000
000100010101010101000
000010100110011010000
000001010100000000000
000000100010101000000
000000010101010000000
000000001010000000000
000000000101000000000
000000000010000000000
000000000000000000000
000000000000000000000
000000000000000000000
#
It:450:Diff:20:PSOStep:7:Time:411.003212048:s:AutomataStep:7:Transition:00100010110011100000001000100110110000101100001000000000001000000000001011000010001001101000000010000110001000100010111000000010101000001110101010000010001001100000001011001000000011000010001011000110111000000010000000001110000001100010001000001100100000000010101001100000001000100000001000100010011001000000000010001100000001100010110000101100011011001100001000100010001000100100001000001010000000000010000000000000001000101110000011101000101000001110011011000010001011000010100000100000111000100010111000100000
000000000000000000000
000000000000000000000
000000000000000000000
000000000010000000000
000000000101000000000
000000001010100000000
000000010100010000000
000000010011001000000
000001001010000100000
000010101010100010000
000100010001010101000
000010001000010010000
000001000100101000000
000000100011000000000
000000010001000000000
000000001000100000000
000000000101000000000
000000000010000000000
000000000000000000000
000000000000000000000
000000000000000000000
#
It:456:Diff:19:PSOStep:7:Time:416.361194107:s:AutomataStep:7:Transition:00100010100001000000000000100100110000101110001000000000001000000000001001001010001000001110000000000010010011100010000010000100110000000110000000000010100000000000001000000100000001000010001000001110110000000010100000000000000000100100001000000010000000100010000000001110001000100010001000101110001000100000001000000010010001000010000000000000000010000010000000100110010010001110001011000010000000000010100001000000001011000010000001000000001000000000010000100010001000100010101010100000000000100010111000100000
000000000000000000000
000000000000000000000
000000000000000000000
000000000010000000000
000000000101000000000
000000001010100000000
000000010101010000000
000000101010101000000
000001010101010100000
000010101010101010000
000101010101010101000
000010101010101010000
000001010101010100000
000000101010101000000
000000010101010000000
000000001010100000000
000000000101000000000
000000000010000000000
000000000000000000000
000000000000000000000
000000000000000000000
end
