PSO TRACE
INIT:../../instances/fazia/init.csv
REF:../../instances/fazia/asm3.csv
DecodingPolicy:Nibble:CDLE2
MutationPolicy:Std
ParticleNeighborhood:Fixed
ParticleDims:146
ParticleCount:100
AccP:2.0
AccG:2.0
AccL:1.5
AccI:2.3
Pos:0.0-3.0
Inertia:0.9-0.6
VeloMax:2.0
MaxPSOIteration:500
InertiaDecrFactor:6.000000000000001E-4
INIT
000000000000000000000
000000000000000000000
000000000000000000000
000000000000000000000
000000000000000000000
000000000000000000000
000000000000000000000
000000000000000000000
000000000000000000000
000000000000000000000
000000000010000000000
000000000000000000000
000000000000000000000
000000000000000000000
000000000000000000000
000000000000000000000
000000000000000000000
000000000000000000000
000000000000000000000
000000000000000000000
000000000000000000000
REF
000000000000000000000
000000000000000000000
000000000000000000000
000111111111111111000
000011000011011110000
000111011110111101000
000000110111100010000
000111101011011111000
000010011111010110000
000111101110110001000
000001011001011110000
000111111110111111000
000011100010101010000
000111110011101101000
000000110011101110000
000111101110011111000
000010010101110110000
000111001100110011000
000000000000000000000
000000000000000000000
000000000000000000000
Nibble Decoder
0 :1,2,3,4,
1 :0,2,3,4,
2 :0,1,3,4,
3 :0,1,2,4,
4 :0,1,2,3,
5 :6,7,8,9,
6 :5,7,8,9,
7 :5,6,8,9,
8 :5,6,7,9,
9 :5,6,7,8,
10 :11,12,13,14,
11 :10,12,13,14,
12 :10,11,13,14,
13 :10,11,12,14,
14 :10,11,12,13,
15 :16,17,18,19,
16 :15,17,18,19,
17 :15,16,18,19,
18 :15,16,17,19,
19 :15,16,17,18,
20 :21,22,23,24,
21 :20,22,23,24,
22 :20,21,23,24,
23 :20,21,22,24,
24 :20,21,22,23,
25 :26,27,28,29,
26 :25,27,28,29,
27 :25,26,28,29,
28 :25,26,27,29,
29 :25,26,27,28,
30 :31,32,33,34,
31 :30,32,33,34,
32 :30,31,33,34,
33 :30,31,32,34,
34 :30,31,32,33,
35 :36,37,38,39,
36 :35,37,38,39,
37 :35,36,38,39,
38 :35,36,37,39,
39 :35,36,37,38,
40 :41,42,43,44,
41 :40,42,43,44,
42 :40,41,43,44,
43 :40,41,42,44,
44 :40,41,42,43,
45 :46,47,48,49,
46 :45,47,48,49,
47 :45,46,48,49,
48 :45,46,47,49,
49 :45,46,47,48,
50 :51,52,53,54,
51 :50,52,53,54,
52 :50,51,53,54,
53 :50,51,52,54,
54 :50,51,52,53,
55 :56,57,58,59,
56 :55,57,58,59,
57 :55,56,58,59,
58 :55,56,57,59,
59 :55,56,57,58,
60 :61,62,63,64,
61 :60,62,63,64,
62 :60,61,63,64,
63 :60,61,62,64,
64 :60,61,62,63,
65 :66,67,68,69,
66 :65,67,68,69,
67 :65,66,68,69,
68 :65,66,67,69,
69 :65,66,67,68,
70 :71,72,73,74,
71 :70,72,73,74,
72 :70,71,73,74,
73 :70,71,72,74,
74 :70,71,72,73,
75 :76,77,78,79,
76 :75,77,78,79,
77 :75,76,78,79,
78 :75,76,77,79,
79 :75,76,77,78,
80 :81,82,83,84,
81 :80,82,83,84,
82 :80,81,83,84,
83 :80,81,82,84,
84 :80,81,82,83,
85 :86,87,88,89,
86 :85,87,88,89,
87 :85,86,88,89,
88 :85,86,87,89,
89 :85,86,87,88,
90 :91,92,93,94,
91 :90,92,93,94,
92 :90,91,93,94,
93 :90,91,92,94,
94 :90,91,92,93,
95 :96,97,98,99,
96 :95,97,98,99,
97 :95,96,98,99,
98 :95,96,97,99,
99 :95,96,97,98,
#
It:0:Diff:128:PSOStep:5:Time:4.679231901:s:AutomataStep:5:Transition:01101110010001100110111001101010111001101000010011000010001000001000000010101100101001100100100011001110110001100000011010100110010011001100010001001100001000100000000000000110101000000110110011000010101011101010000010100100110001001100000001101010100011101000010010101100000000000000011011001110111010000100000010000110110001000100010001100110011000100110000001000100001001101000001001101110000010101000001011000100010000101000010001000100010011101010011011101010101010100000110010000110011000101010000000001110
000000000000000000000
000000000000000000000
000000000000000000000
000000000000000000000
000000000000000000000
000001110101101100000
000000011011010100000
000001010110000000000
000000010111010000000
000000000110110100000
000000010000000100000
000000001000110000000
000000010001011000000
000001111010010100000
000000010000000100000
000001010101010100000
000000000000000000000
000000000000000000000
000000000000000000000
000000000000000000000
000000000000000000000
#
It:1:Diff:99:PSOStep:7:Time:6.387493113:s:AutomataStep:7:Transition:01101010111011100000001000100110011001101110000001001100100011101000000001101100001011101100101001101010010000101000001010000110011001001110101000001010010001100110111000000110011010100000010010000100011001100010001000000110110001101100111011101100111000101110101001000010001001000100111010000100111011100110011000100110101010100110101000001010101000100010001011100110101011101110100000101100000010000000101001000110111011100110000001001000100011000110011001000000011011001110011000101010100011100110101010001110
000000000000000000000
000000000000000000000
000000000000000000000
000111111001111011000
000100011011001000000
000101001001110001000
000001110011001000000
000000101111001111000
000100111000111000000
000101010001110001000
000000101001001000000
000000001110001011000
000100000010001000000
000100010000010001000
000000010101100100000
000000111110100111000
000100010001000100000
000101010101010101000
000000000000000000000
000000000000000000000
000000000000000000000
#
It:4:Diff:98:PSOStep:7:Time:10.545772029:s:AutomataStep:7:Transition:01101110101011001100110001001000111000101110000010001000010010101110010011001100111011001110000000101110111000001010110010101000110010001000110011100100111011101000111000001100100001001100101011101100011000001010100011001000110011101100111011101100100000101110100010100110111000101000001010000010100010101110110011001100011010001000001001001110100000001110110001001000100001101100010011001010110000101100001011101110101010001100100010101000101011100000110011001000100010001100101001001110110011100000010011101100
000000000000000000000
000000000000000000000
000000000000000000000
000111100011011011000
000111100011011011000
000100110010110111000
000000111110010011000
000110011110000000000
000111011111011000000
000100101100110000000
000000100000001111000
000111001100100011000
000111010000111000000
000100101100111111000
000000000000000011000
000100000000000000000
000110111111111111000
000111010101010111000
000000000000000000000
000000000000000000000
000000000000000000000
#
It:12:Diff:94:PSOStep:7:Time:21.373673196:s:AutomataStep:7:Transition:01001000001011001100101011001010001000001010010001101010010011101100101010101100111011000100110010101110100001101110000010101010110010001010001010101010010000100010111010001000101010101000111010100110100011000010000011001010110011101000110001001100100010101100101000100110000011000110110010101010101010100000000011001100101011000110111011001010001001101010110011001010101001101100001011001010010011101000101001100100011011000110101001001010101001000000110011001010000010101000100001100100110010001000100000101100
000000000000000000000
000000000000000000000
000000000000000000000
000101010101010101000
000010001000100010000
000111101110001011000
000010110011111000000
000111000011000011000
000011000101100100000
000111100011011011000
000011010000100000000
000111111011100011000
000011111010100100000
000111001001111011000
000010000000001100000
000101110010011011000
000011111011110000000
000111111111111111000
000000000000000000000
000000000000000000000
000000000000000000000
#
It:23:Diff:93:PSOStep:7:Time:34.727155646:s:AutomataStep:7:Transition:01101010001011001100001011000010111011001110110001001110011000001100001000101100010001100010111000100110111011000010110000100010011001100010110011100010011011001000010011001110001011101100001000100000011011001010110011001010110010100010110000101100110010101100011000001110000011000000110011100010110000100100010011001100010000000100010011000010010011100010011001100010001000101100010011000010010000101100001011101000101011001000001010001010001000101100110011000010100000101010001011000000011000100010110011101100
000000000000000000000
000000000000000000000
000000000000000000000
000111111001111011000
000011111011011011000
000100001000101011000
000000000011010000000
000110001111011101000
000011111000001100000
000101011000100111000
000000111111011110000
000110100110010011000
000011100011111010000
000100010101100111000
000000101101110000000
000110001101101101000
000011101110011011000
000101010101010101000
000000000000000000000
000000000000000000000
000000000000000000000
#
It:82:Diff:91:PSOStep:7:Time:107.795139202:s:AutomataStep:7:Transition:01001010001011001100001011000010000011000100110000001110010001101100001010101100101011000010001000101100100011000010110000100010110000000010011000100010011011000000011011000010001011101100001000100100011011001110110011000010110010100010110000101100110001001100011011001000101011001100110010000010111000100110111011001100111011000100101011000010010001100010110000000010001001001100111011000010011000101100001000100100101011000000001000000010001010101100110011000010000000100010001011000000110000101000110011101100
000000000000000000000
000000000000000000000
000000000000000000000
000101010101010101000
000010101010101010000
000111001100111001000
000010101001100110000
000101111101010011000
000010000000011100000
000110000000100001000
000011010000000110000
000101000001001011000
000010010001100000000
000110101000100101000
000010100101100000000
000100001000000011000
000011010101010100000
000111011101110111000
000000000000000000000
000000000000000000000
000000000000000000000
#
It:85:Diff:88:PSOStep:7:Time:111.435783036:s:AutomataStep:7:Transition:01101010001011001100000011001000001010101010001011000000100001101100111001101100001011000000001010001100111011000010000000100010000010101000100000100000100010001000110011000010001010001100001000101000110011000010100011000100110000100010110010001100011011101100110001101000101001000000100000101010001011101100101011001100011011000110100001000000110000101110101011001000001011100110001001001000101001001100101011101110011010100000100011000010000001001100110011000010100000101000001011001000110000101100101010100000
000000000000000000000
000000000000000000000
000000000000000000000
000111111001111011000
000011111100010110000
000100111000001001000
000000011101000000000
000100000111000011000
000011011011111110000
000100000110011001000
000001001100000000000
000101011111000011000
000010111010001110000
000101100001000001000
000001010000001000000
000101100110011011000
000011000100000110000
000101010101010101000
000000000000000000000
000000000000000000000
000000000000000000000
#
It:137:Diff:85:PSOStep:7:Time:172.846988975:s:AutomataStep:7:Transition:01101110001011001100110011000010100000100010100011000010001000001100011010101100001011000110001011100100111011000010110000100010110000101010100000100000001000100100110011000010001000001100001000100000110011000010110011000110110010101010110011001100010000101100110011001110010011001000010000101110001010001100101011001100000011000000101001100110110000101000101000001000001001100100001001101000001001101100000000101010001010000000101011000010001001001100110011000010101000100110001011000110110000101100011000100100
000000000000000000000
000000000000000000000
000000000000000000000
000111100011011011000
000010000010000001000
000111111110110001000
000001100011000111000
000100001101110111000
000010010111101111000
000100011101000001000
000001101001100111000
000110110110000001000
000011011010100111000
000110110110111111000
000000011010011111000
000101111110011101000
000010000101110101000
000110110111011011000
000000000000000000000
000000000000000000000
000000000000000000000
#
It:191:Diff:83:PSOStep:7:Time:238.003527077:s:AutomataStep:7:Transition:01001010001011001100110011000100001000100110110011000100110011001100010010001100101011001110001010000000001011000110011000100010100011101010001000100100001000100100110011001000001000001100001000100100110011000010100011001110110000101000110001001100101010101100000011000010011000000010001000101000011001001100101011001100101011000000101000001000000001101010101011000010001010000000001011000110101010001100010000100010000010100110111011000010110000001100010011001110000000100000001011000010010000101100100000100100
000000000000000000000
000000000000000000000
000000000000000000000
000101010101010101000
000010001001100010000
000110111010001001000
000000100001000010000
000110010000000011000
000000001100010110000
000110110000101001000
000000011010001100000
000110110101011101000
000000100001011110000
000110110011011001000
000000000001000100000
000110000100010011000
000011010101010110000
000111011101110111000
000000000000000000000
000000000000000000000
000000000000000000000
#
It:203:Diff:83:PSOStep:7:Time:252.340495811:s:AutomataStep:7:Transition:01101010001011001100110011000100000010100010110001001110000001101100111010101100001011000010100001100100100011000110000000100010011010100010101000100100101001100000110011000110001011101100001000101000000011000010011011000010110001101110110011001100111010101100010011000100010000000110100000101110010000101100001011001000101011001100100011101110000000101010001011001010001001000000001001001100101011000000010001001000111000101110100011000110111001001100100011001110010000100110001011000100110000101100011010000000
000000000000000000000
000000000000000000000
000000000000000000000
000111111001111011000
000010101100101010000
000110000010100101000
000001101100100000000
000111100000010101000
000010000100100010000
000110000101000001000
000001011000001110000
000111010110111011000
000010110100110100000
000110001001001111000
000000010111111100000
000111001100111101000
000011001100110010000
000101010101010101000
000000000000000000000
000000000000000000000
000000000000000000000
#
It:260:Diff:78:PSOStep:7:Time:319.514967932:s:AutomataStep:7:Transition:01101010001011001100001011000110011010101010011001001110000000001100101000101100001000001110100000100100100011000010110000101010011010000010010000100010010001100100111011001110101010000000001000101100110011001010110011001010110010101010000001001100000001001100000010000010000011000010001000101000001000101100110011000000101000001000110000001010011011001010001011100010001001101100001000001000001001101100010010101000010011101110001000000010101000101100110011000010010000101010001001100110000000100110111000101110
000000000000000000000
000000000000000000000
000000000000000000000
000111111001111011000
000011111100011010000
000111011110100101000
000000000110101110000
000111000011110011000
000000011000111010000
000111000101011001000
000000001010110110000
000111101001111011000
000000111100000110000
000111010011001101000
000001011001101110000
000110001100010011000
000011000110110010000
000101010101010101000
000000000000000000000
000000000000000000000
000000000000000000000
#
It:416:Diff:74:PSOStep:7:Time:505.570987776:s:AutomataStep:7:Transition:01101110001011001100101011000110011001101110001011100010110001101100001011101100001011001000001000100000101011000010110000101110100011000010101011100010010000001100100011001010001000101100001000101100100011001010110011000010100011100010110010101100110000101100110011000100110011000110110000100010001000101000000011001100101011000100100011001010011011000010010000100010001010001100111011001000011001000000100011101000100010000100001011001110111000101100110011001110010000101110001011000000000000100110011011101100
000000000000000000000
000000000000000000000
000000000000000000000
000111100011011011000
000011110011001110000
000111000100111001000
000000010100100010000
000111011101001001000
000000001111010010000
000111110110111001000
000000000110010010000
000111110111010001000
000000011010000010000
000111100111100001000
000000001011100010000
000111001100110001000
000000110011001110000
000111011101110111000
000000000000000000000
000000000000000000000
000000000000000000000
end
