PSO TRACE
INIT:../../instances/fazia/init.csv
REF:../../instances/fazia/asm3.csv
DecodingPolicy:Nibble:CDLE2
MutationPolicy:Std
ParticleNeighborhood:Fixed
ParticleDims:146
ParticleCount:100
AccP:2.0
AccG:2.0
AccL:1.5
AccI:2.3
Pos:0.0-3.0
Inertia:0.9-0.6
VeloMax:2.0
MaxPSOIteration:500
InertiaDecrFactor:6.000000000000001E-4
INIT
000000000000000000000
000000000000000000000
000000000000000000000
000000000000000000000
000000000000000000000
000000000000000000000
000000000000000000000
000000000000000000000
000000000000000000000
000000000000000000000
000000000010000000000
000000000000000000000
000000000000000000000
000000000000000000000
000000000000000000000
000000000000000000000
000000000000000000000
000000000000000000000
000000000000000000000
000000000000000000000
000000000000000000000
REF
000000000000000000000
000000000000000000000
000000000000000000000
000111111111111111000
000011000011011110000
000111011110111101000
000000110111100010000
000111101011011111000
000010011111010110000
000111101110110001000
000001011001011110000
000111111110111111000
000011100010101010000
000111110011101101000
000000110011101110000
000111101110011111000
000010010101110110000
000111001100110011000
000000000000000000000
000000000000000000000
000000000000000000000
Nibble Decoder
0 :1,2,3,4,
1 :0,2,3,4,
2 :0,1,3,4,
3 :0,1,2,4,
4 :0,1,2,3,
5 :6,7,8,9,
6 :5,7,8,9,
7 :5,6,8,9,
8 :5,6,7,9,
9 :5,6,7,8,
10 :11,12,13,14,
11 :10,12,13,14,
12 :10,11,13,14,
13 :10,11,12,14,
14 :10,11,12,13,
15 :16,17,18,19,
16 :15,17,18,19,
17 :15,16,18,19,
18 :15,16,17,19,
19 :15,16,17,18,
20 :21,22,23,24,
21 :20,22,23,24,
22 :20,21,23,24,
23 :20,21,22,24,
24 :20,21,22,23,
25 :26,27,28,29,
26 :25,27,28,29,
27 :25,26,28,29,
28 :25,26,27,29,
29 :25,26,27,28,
30 :31,32,33,34,
31 :30,32,33,34,
32 :30,31,33,34,
33 :30,31,32,34,
34 :30,31,32,33,
35 :36,37,38,39,
36 :35,37,38,39,
37 :35,36,38,39,
38 :35,36,37,39,
39 :35,36,37,38,
40 :41,42,43,44,
41 :40,42,43,44,
42 :40,41,43,44,
43 :40,41,42,44,
44 :40,41,42,43,
45 :46,47,48,49,
46 :45,47,48,49,
47 :45,46,48,49,
48 :45,46,47,49,
49 :45,46,47,48,
50 :51,52,53,54,
51 :50,52,53,54,
52 :50,51,53,54,
53 :50,51,52,54,
54 :50,51,52,53,
55 :56,57,58,59,
56 :55,57,58,59,
57 :55,56,58,59,
58 :55,56,57,59,
59 :55,56,57,58,
60 :61,62,63,64,
61 :60,62,63,64,
62 :60,61,63,64,
63 :60,61,62,64,
64 :60,61,62,63,
65 :66,67,68,69,
66 :65,67,68,69,
67 :65,66,68,69,
68 :65,66,67,69,
69 :65,66,67,68,
70 :71,72,73,74,
71 :70,72,73,74,
72 :70,71,73,74,
73 :70,71,72,74,
74 :70,71,72,73,
75 :76,77,78,79,
76 :75,77,78,79,
77 :75,76,78,79,
78 :75,76,77,79,
79 :75,76,77,78,
80 :81,82,83,84,
81 :80,82,83,84,
82 :80,81,83,84,
83 :80,81,82,84,
84 :80,81,82,83,
85 :86,87,88,89,
86 :85,87,88,89,
87 :85,86,88,89,
88 :85,86,87,89,
89 :85,86,87,88,
90 :91,92,93,94,
91 :90,92,93,94,
92 :90,91,93,94,
93 :90,91,92,94,
94 :90,91,92,93,
95 :96,97,98,99,
96 :95,97,98,99,
97 :95,96,98,99,
98 :95,96,97,99,
99 :95,96,97,98,
#
It:0:Diff:116:PSOStep:6:Time:5.791676104:s:AutomataStep:6:Transition:01101110111000100110000011100000101000100010000000100110011011000010010001101100100001000100110011101100000011100110100000001010101010101010000001000100000000100110001000101110111010100100010010001100010011101100001000100000010011101000110000000010101011101000001001000110101001001110111010001010110010000010110001000100011001100110101000001010100000001100110000001010010011101110011010001000100010001100011010001000100011001000111010001100100000101100111000101000110000100000000011000100111000101000110001000000
000000000000000000000
000000000000000000000
000000000000000000000
000000000000000000000
000010011110110110000
000011101010001100000
000001110000100110000
000001101000110110000
000000000110011110000
000001011100000000000
000001110000010110000
000000010001110110000
000000010011101110000
000000001000110000000
000000000100000110000
000000000000111110000
000000000011111110000
000000000000000000000
000000000000000000000
000000000000000000000
000000000000000000000
#
It:1:Diff:104:PSOStep:7:Time:7.615230101:s:AutomataStep:7:Transition:01100110001000000110011000001110110010101010000001101110011010101000011011101100110011100010111011100000010001100100111000001100110011101100000000100100000010001100100011000110000000001100111011101100111001101110101010100010011000001100000000100110100000001010110010000110101001101110110000000010101000001110011000000100011001001110110011101100100010000110011011101100111010100100110011100110011010001100010010001010000000101010110010001010100000101100000000000000110001101100011011000010111011100000110001100100
000000000000000000000
000000000000000000000
000000000000000000000
000111111110000000000
000000100001000000000
000111010101000000000
000001100000100000000
000101001001001000000
000000111101111100000
000111100011101010000
000000000110010101000
000110110010110111000
000001000000110001000
000111010001110011000
000001111111101101000
000100000000000011000
000000000000000001000
000111111111111111000
000000000000000000000
000000000000000000000
000000000000000000000
#
It:2:Diff:98:PSOStep:7:Time:9.053869021:s:AutomataStep:7:Transition:01101100011011000100011001101010110010100110000011001010100001101100101011101110110001100110010010101000111001000110100010001110101011001110111011101000000010001110000011001010001011000000011001001110011001101110000011100110111010100110110011101110110001101010110000001100110000001010010000000010011000000010010010101010000001100010110011000110101000001100111001101100011000000110011010100010001010100010000001100100001010100100011001100000111001001110101011100100110001101010010011001010001010101010001001101010
000000000000000000000
000000000000000000000
000000000000000000000
000111011101110111000
000001001010000101000
000111011010001010000
000001111111000111000
000111010010110001000
000001111001101110000
000111010000110001000
000001000111000011000
000111010111000000000
000001000111111000000
000111100101011100000
000001010010001011000
000111001000100001000
000001110001101111000
000110011001100111000
000000000000000000000
000000000000000000000
000000000000000000000
#
It:3:Diff:96:PSOStep:7:Time:10.373451007:s:AutomataStep:7:Transition:01101010111010001110011011100000101011100000001011000000111001101010111010001110000001100010000000001100101000000110011001001010101011101010010010001110011001101110010010101000011001100110111000001100111001101000110011100110011010100100110000101010000001101110101000000100101000000110111000100110101010000000000011100110011000000000100011101110101001000010010011101010010001100000110000101110101001101010000011100100011010000000011001100100111010101010111010001110111000001010010010100100000001101110110001001000
000000000000000000000
000000000000000000000
000000000000000000000
000111111001111011000
000111111001111101000
000110101101110110000
000000000101011011000
000111101110001111000
000000000000011110000
000111111100001011000
000001101101001111000
000111000100001010000
000000000111101010000
000110100000010110000
000000110110100111000
000111111000101011000
000110100110101011000
000110110111011011000
000000000000000000000
000000000000000000000
000000000000000000000
#
It:11:Diff:94:PSOStep:7:Time:20.026897043:s:AutomataStep:7:Transition:01001110010011101010010001001110001011100110010001101000100011101110101001101110011010101010000000101100111001100100111001001110100010101110011011101010010001001110010011101110010001000100110000000100101001001010111010100100010001100110011001101010000001001000111001000100111001000100101001001110111010100000011010000100111001100110111011100100111000101110101010101110011001000110010010101110111010101000011001001110010010000110110001101100100011101110011011101110100001001110011011100110110010000110101001101100
000000000000000000000
000000000000000000000
000000000000000000000
000101010101010101000
000011000001011010000
000100000100011101000
000001101111000010000
000101011001111011000
000011110000001010000
000101000100001001000
000010000011000110000
000100000011011011000
000000010000001100000
000110011101011011000
000010101110111100000
000111001100010011000
000001010000010100000
000111011101110111000
000000000000000000000
000000000000000000000
000000000000000000000
#
It:15:Diff:92:PSOStep:7:Time:24.93669389:s:AutomataStep:7:Transition:01001110010011100100010001000100100011001010011011100000111010001110010011001110111000001100100001001110111001000010111001001110101010101110010011100100010001001100001011101110010001001100111001101100101000101110100001001000010001001100111010000000110001001110101011000100001001001100010011101110111010101010111011100100111001000110111011101100011011001110010010101110100010000110011010101000110000001110010001001110100011100010100011001100111011101000100011101000110001000010001011100110010000001110100001001100
000000000000000000000
000000000000000000000
000000000000000000000
000101010101010101000
000001000100010001000
000110110101111111000
000000010000010111000
000110100001010111000
000000111101100111000
000111101111011001000
000000010011011101000
000110011000001011000
000000110000000001000
000111010101010101000
000001011011110111000
000110000100010001000
000001000100010001000
000111011101110111000
000000000000000000000
000000000000000000000
000000000000000000000
#
It:18:Diff:89:PSOStep:7:Time:29.079482914:s:AutomataStep:7:Transition:01101110001011100110011001100110000011101010011011000010010000101110011001101110100000101110001001101110100001100100110000001110111001101110010010000000011000001110001011101110001000101100111000101110010001101100111001100110011001100010111010101000101001101100111001100110111001001110011010101110111000000000111011100110110000000010101001101000111010101110000010000000001001000110100011100110111010001000011001101010001011100100111001100000110011101000011011100110101001100100000011100010011011101110011001101110
000000000000000000000
000000000000000000000
000000000000000000000
000111100011011011000
000000001011101100000
000111111101000011000
000000101100000010000
000111011101111011000
000000100000001100000
000111001111110011000
000000010111101110000
000111111111001011000
000001000111111100000
000110001001000011000
000000111100110010000
000111001100010011000
000001110100010100000
000111011101110111000
000000000000000000000
000000000000000000000
000000000000000000000
#
It:27:Diff:81:PSOStep:7:Time:40.977478719:s:AutomataStep:7:Transition:01101100001011101000001010001000110011001110110001000110001000101110001000000010100011101110011010000000110010001000000010000010111011101110101011000100001000101010001011001100100010000110111000000110000000100110111010000010100010001110110011001100011000101000110011100010001010000010001000101110111011100010101011100000111010001010110001000110110011101110100010001100100010001000101011101010110001101100100011101100001000100110111001101100111011001000111001000010111010000110100000001110111010101010110011101110
000000000000000000000
000000000000000000000
000000000000000000000
000111011101110111000
000011101100111011000
000111011011100001000
000000001100000110000
000110100100011011000
000011010010010011000
000111111101110011000
000000101001010110000
000110010100010011000
000011011011000011000
000111101000101111000
000000110010000110000
000110000000010011000
000011011111111101000
000111011101110111000
000000000000000000000
000000000000000000000
000000000000000000000
#
It:88:Diff:81:PSOStep:7:Time:113.724506083:s:AutomataStep:7:Transition:01101100011000101110011011000110010011001110000011100110011011101100011001001100011001100110011001001100110001101100001000001100111010101010100011000110011011101100011011001000001011000000011011001110111001101100011010100110110011001010110011000100111001101100100001100100110010100010011001100110011000000110110011001100001011100110110000000000110011000010111000101100111000100110110000001100110001101100101001100000111011000010010001101100101011001000010011100110110011001110110011001000000011000110110011101110
000000000000000000000
000000000000000000000
000000000000000000000
000111011101110111000
000010000010000010000
000110100000011111000
000001111100000010000
000111110101110111000
000010101011000010000
000111011101000111000
000001111111101100000
000111100010101011000
000010010000011110000
000111100010001111000
000001100000011110000
000100010011001111000
000010111100000110000
000111001100110011000
000000000000000000000
000000000000000000000
000000000000000000000
#
It:92:Diff:78:PSOStep:7:Time:118.344567259:s:AutomataStep:7:Transition:01101110011010101100011011001000000010101110010011000110000001101010100010100100100001000010100001100000101001101010101011101010000011100000100011100000011010000110011011101010111010001000011000101010101001101110001001100110000001001110111010100000010001101110011000101100111010000110011010000010100001001110101011101010111001100110111011100110111000001110100011100000011001100110000010101010000001100000111001100100001000100010010010000100101010100110100010000110101011101110101011000010101011100110111000100110
000000000000000000000
000000000000000000000
000000000000000000000
000111100011011011000
000010000011111110000
000100100010011111000
000000000110110110000
000110101101011101000
000010101110100110000
000101001110100101000
000001100011010110000
000111001101100011000
000011110110101010000
000100011101100111000
000000011001100110000
000111111010111101000
000011101110111010000
000101010101010101000
000000000000000000000
000000000000000000000
000000000000000000000
#
It:144:Diff:72:PSOStep:7:Time:180.184563116:s:AutomataStep:7:Transition:01001010010010101100010011100010011001101110011000100100101001001100011001001110100001001100110001001110111001000100110011101000101001101010010011101000010011001010010010001110111000001000000001000100010001001100001001000100111011100000111010001110000001001110111001001100111011100100010001000100111001000100010000100100111001001100111011100010000011100110011001101100010001000100010001001110010001001000001001001010100000100100000000001110011001000100110010000100110000100010001011101110010011101110001000100010
000000000000000000000
000000000000000000000
000000000000000000000
000101010101010101000
000010100010010110000
000110010010101111000
000000110101001110000
000110000011001011000
000000010001000000000
000110101001101011000
000001100101011000000
000111100010111101000
000001100010000010000
000111010001101111000
000001100111001110000
000111101101000111000
000011111000110010000
000111011101110111000
000000000000000000000
000000000000000000000
000000000000000000000
end
