PSO TRACE
INIT:../../instances/fazia/init.csv
REF:../../instances/fazia/asm3.csv
DecodingPolicy:Nibble:CDLE2
MutationPolicy:Std
ParticleNeighborhood:Fixed
ParticleDims:146
ParticleCount:100
AccP:2.0
AccG:2.0
AccL:1.5
AccI:2.3
Pos:0.0-3.0
Inertia:0.9-0.6
VeloMax:2.0
MaxPSOIteration:500
InertiaDecrFactor:6.000000000000001E-4
INIT
000000000000000000000
000000000000000000000
000000000000000000000
000000000000000000000
000000000000000000000
000000000000000000000
000000000000000000000
000000000000000000000
000000000000000000000
000000000000000000000
000000000010000000000
000000000000000000000
000000000000000000000
000000000000000000000
000000000000000000000
000000000000000000000
000000000000000000000
000000000000000000000
000000000000000000000
000000000000000000000
000000000000000000000
REF
000000000000000000000
000000000000000000000
000000000000000000000
000111111111111111000
000011000011011110000
000111011110111101000
000000110111100010000
000111101011011111000
000010011111010110000
000111101110110001000
000001011001011110000
000111111110111111000
000011100010101010000
000111110011101101000
000000110011101110000
000111101110011111000
000010010101110110000
000111001100110011000
000000000000000000000
000000000000000000000
000000000000000000000
Nibble Decoder
0 :1,2,3,4,
1 :0,2,3,4,
2 :0,1,3,4,
3 :0,1,2,4,
4 :0,1,2,3,
5 :6,7,8,9,
6 :5,7,8,9,
7 :5,6,8,9,
8 :5,6,7,9,
9 :5,6,7,8,
10 :11,12,13,14,
11 :10,12,13,14,
12 :10,11,13,14,
13 :10,11,12,14,
14 :10,11,12,13,
15 :16,17,18,19,
16 :15,17,18,19,
17 :15,16,18,19,
18 :15,16,17,19,
19 :15,16,17,18,
20 :21,22,23,24,
21 :20,22,23,24,
22 :20,21,23,24,
23 :20,21,22,24,
24 :20,21,22,23,
25 :26,27,28,29,
26 :25,27,28,29,
27 :25,26,28,29,
28 :25,26,27,29,
29 :25,26,27,28,
30 :31,32,33,34,
31 :30,32,33,34,
32 :30,31,33,34,
33 :30,31,32,34,
34 :30,31,32,33,
35 :36,37,38,39,
36 :35,37,38,39,
37 :35,36,38,39,
38 :35,36,37,39,
39 :35,36,37,38,
40 :41,42,43,44,
41 :40,42,43,44,
42 :40,41,43,44,
43 :40,41,42,44,
44 :40,41,42,43,
45 :46,47,48,49,
46 :45,47,48,49,
47 :45,46,48,49,
48 :45,46,47,49,
49 :45,46,47,48,
50 :51,52,53,54,
51 :50,52,53,54,
52 :50,51,53,54,
53 :50,51,52,54,
54 :50,51,52,53,
55 :56,57,58,59,
56 :55,57,58,59,
57 :55,56,58,59,
58 :55,56,57,59,
59 :55,56,57,58,
60 :61,62,63,64,
61 :60,62,63,64,
62 :60,61,63,64,
63 :60,61,62,64,
64 :60,61,62,63,
65 :66,67,68,69,
66 :65,67,68,69,
67 :65,66,68,69,
68 :65,66,67,69,
69 :65,66,67,68,
70 :71,72,73,74,
71 :70,72,73,74,
72 :70,71,73,74,
73 :70,71,72,74,
74 :70,71,72,73,
75 :76,77,78,79,
76 :75,77,78,79,
77 :75,76,78,79,
78 :75,76,77,79,
79 :75,76,77,78,
80 :81,82,83,84,
81 :80,82,83,84,
82 :80,81,83,84,
83 :80,81,82,84,
84 :80,81,82,83,
85 :86,87,88,89,
86 :85,87,88,89,
87 :85,86,88,89,
88 :85,86,87,89,
89 :85,86,87,88,
90 :91,92,93,94,
91 :90,92,93,94,
92 :90,91,93,94,
93 :90,91,92,94,
94 :90,91,92,93,
95 :96,97,98,99,
96 :95,97,98,99,
97 :95,96,98,99,
98 :95,96,97,99,
99 :95,96,97,98,
#
It:0:Diff:115:PSOStep:7:Time:5.41226081:s:AutomataStep:7:Transition:01101000111011100000011010000110111010100000001001101110111000101010100000001100001011001000111001001100100000101010101001101110001011100110001000101110010000101000101001001100100010000100001010100000110011100000100000100100101011101110010010000100110010101000011010000000000010100100101000001010000010000110111001100100011011000100000000000010000000000110011010100100011010001110110010100100001011100110101011000100011000100010110000000000001000000110000011100100011011101000001001000100111000001110111001000000
000000000000000000000
000000000000000000000
000000000000000000000
000111011101110111000
000101111001011011000
000000110000011001000
000100000000010100000
000111101011010010000
000100000001101011000
000101110111000001000
000000101000001100000
000001000001101000000
000110100100010011000
000100001110100001000
000101111001000000000
000111001001100110000
000100010001000101000
000101010101010101000
000000000000000000000
000000000000000000000
000000000000000000000
#
It:1:Diff:112:PSOStep:7:Time:6.879934412:s:AutomataStep:7:Transition:01100100011001000110111010101110001010101000011010101000111010001000100011001000011010001110101001000110101001100110001010101110111010101100000000101110101011100010000001001100000001001110100001001010011001101110001001100010010001101110111010001000011001001110010011000110101010001010110001100100011000101100001011100110111011000110000011000110011000101010111000001010010011001000011001101110011011000100101000100010011001000000101011001010000000100000100010000110011001001110010011101110100011101110110000001010
000000000000000000000
000000000000000000000
000000000000000000000
000110000000000000000
000010000000000000000
000111100000000000000
000011000000000000000
000111111110000000000
000010001101000000000
000110111110001000000
000010000111100000000
000110000011000000000
000010010111000100000
000111110101000100000
000000000000100100000
000111101000011010000
000000010101000010000
000111011101110111000
000000000000000000000
000000000000000000000
000000000000000000000
#
It:12:Diff:98:PSOStep:7:Time:21.335383684:s:AutomataStep:7:Transition:01101110011000001100011000101100101011101100101001101110100010001110101001001110000010001110000010100000001000000000001010101110111001101010000001001110001010101110010010101110100010101110001000101100111000101100011000100110000001000110011001001000011010001100101010001100110001100000101001100000010000000100110001100110111001100110010011000010011000100110011011000110101001000010010011100100101001101000101001100000101000000100011000100110100001101010010011100110110001000000010011101110100011001000010011100010
000000000000000000000
000000000000000000000
000000000000000000000
000111100011011011000
000011111101111011000
000111101110110000000
000011100001000011000
000110110100001011000
000001001111000010000
000110101001100001000
000001100010000011000
000111001111000010000
000011101111000110000
000111010011011110000
000010101110110001000
000110001000110001000
000000000101011101000
000111011101110111000
000000000000000000000
000000000000000000000
000000000000000000000
#
It:17:Diff:93:PSOStep:7:Time:26.867837818:s:AutomataStep:7:Transition:01101000101001101110110011000010011011100100101000101000100000001000100001101000111011101010111010001010011011001100011001101000110011001100011011000010110011100000011011100110111000101000101001100110001011001000111010001010011011001100011010000100011000101100100010000100111001001100011001101000110000001100000000101010100000001100100011100110011001000100010001100000100011001100100001001000110011001100011011000010111011101000001000100110111010101010011011000110101001001100011010000100101010001110010011001100
000000000000000000000
000000000000000000000
000000000000000000000
000111011101110111000
000110111011101110000
000001001111010011000
000110010111100100000
000110010010011011000
000011010111101110000
000101000110011001000
000111111000101110000
000110110011000001000
000000111011100110000
000111100101111011000
000110000000000100000
000001101000001111000
000111111111111110000
000111111111111111000
000000000000000000000
000000000000000000000
000000000000000000000
#
It:24:Diff:88:PSOStep:7:Time:35.000932813:s:AutomataStep:7:Transition:01101110011010100110111001101000010001001110011011001000011011001100100000101000011010001010111001100100001001100010011011101000111011100100101000101000011010000100000001000100010011001000110011000110011001101000010000100110010001000010111000101100011010101000100011100110001010001010101001101000011011100100010011100110100010100110101001000110011010000110100011001100010000100000010010001000101001001000010001100100011010001000011001100100100000101000000011000110111001101010100010001000010001101000100010001000
000000000000000000000
000000000000000000000
000000000000000000000
000111100011011011000
000000111011011110000
000111011001010011000
000000111001001000000
000111000110010111000
000000111001010110000
000111100110101001000
000000001100111100000
000111100010100011000
000000111000001000000
000111011111101011000
000000110000000010000
000100000000000001000
000000110011001100000
000111111111111111000
000000000000000000000
000000000000000000000
000000000000000000000
#
It:44:Diff:83:PSOStep:7:Time:59.711418441:s:AutomataStep:7:Transition:01101000011001100110011001101000111001000110011010101110101010001100111010101000011011101010000001001100110001101010011001101000111000101010101010101000001011100100000000101110111011101000111010000110000001101000011000100110111010000110010001001000011000001110100000100110000011101100101001100010011010000100111011000110100011000110110011100110011000100110111011001010000001001100101000101000101000001000001001100100011010101100011000001010110001101100100011000110000001101010100010101000011001101000100010001000
000000000000000000000
000000000000000000000
000000000000000000000
000111011101110111000
000001110111011101000
000111110111011101000
000001000110101010000
000111111101001111000
000001111011011111000
000111100000101101000
000001001000011100000
000111100000101111000
000001011010110101000
000111101111001101000
000000110101110000000
000100000001000011000
000001100001111001000
000111011101110111000
000000000000000000000
000000000000000000000
000000000000000000000
#
It:408:Diff:82:PSOStep:7:Time:488.1977555:s:AutomataStep:7:Transition:01101100010011101100110011100010001011001100110011000010111000101100110000000010011000101100100010101000011001100010011001101100110011001110001000101100001000101100001000000100001000101100011011001100110001100010110001100110001000101100010011000010011001101100001011000100110000100110101001101110011011100110001001100110001011000110100011000110011010000110001010100110100001101100100000100010101000100010011001101100011011000000011011001100110000101100110011000010011001101100100011000010101001101110111000100010
000000000000000000000
000000000000000000000
000000000000000000000
000111011101110111000
000010010010101110000
000111100000111111000
000011011101110000000
000110100011111011000
000010010000010010000
000110111101010111000
000010101110011000000
000111011001111001000
000011000101100010000
000110011000010001000
000010010010110100000
000100110001001111000
000010100101110110000
000111001100110011000
000000000000000000000
000000000000000000000
000000000000000000000
end
