PSO TRACE
INIT:../../instances/fazia/init.csv
REF:../../instances/fazia/asm3.csv
DecodingPolicy:Nibble:CDLE2
MutationPolicy:Std
ParticleNeighborhood:Fixed
ParticleDims:146
ParticleCount:100
AccP:2.0
AccG:2.0
AccL:1.5
AccI:2.3
Pos:0.0-3.0
Inertia:0.9-0.6
VeloMax:2.0
MaxPSOIteration:500
InertiaDecrFactor:6.000000000000001E-4
INIT
000000000000000000000
000000000000000000000
000000000000000000000
000000000000000000000
000000000000000000000
000000000000000000000
000000000000000000000
000000000000000000000
000000000000000000000
000000000000000000000
000000000010000000000
000000000000000000000
000000000000000000000
000000000000000000000
000000000000000000000
000000000000000000000
000000000000000000000
000000000000000000000
000000000000000000000
000000000000000000000
000000000000000000000
REF
000000000000000000000
000000000000000000000
000000000000000000000
000111111111111111000
000011000011011110000
000111011110111101000
000000110111100010000
000111101011011111000
000010011111010110000
000111101110110001000
000001011001011110000
000111111110111111000
000011100010101010000
000111110011101101000
000000110011101110000
000111101110011111000
000010010101110110000
000111001100110011000
000000000000000000000
000000000000000000000
000000000000000000000
Nibble Decoder
0 :1,2,3,4,
1 :0,2,3,4,
2 :0,1,3,4,
3 :0,1,2,4,
4 :0,1,2,3,
5 :6,7,8,9,
6 :5,7,8,9,
7 :5,6,8,9,
8 :5,6,7,9,
9 :5,6,7,8,
10 :11,12,13,14,
11 :10,12,13,14,
12 :10,11,13,14,
13 :10,11,12,14,
14 :10,11,12,13,
15 :16,17,18,19,
16 :15,17,18,19,
17 :15,16,18,19,
18 :15,16,17,19,
19 :15,16,17,18,
20 :21,22,23,24,
21 :20,22,23,24,
22 :20,21,23,24,
23 :20,21,22,24,
24 :20,21,22,23,
25 :26,27,28,29,
26 :25,27,28,29,
27 :25,26,28,29,
28 :25,26,27,29,
29 :25,26,27,28,
30 :31,32,33,34,
31 :30,32,33,34,
32 :30,31,33,34,
33 :30,31,32,34,
34 :30,31,32,33,
35 :36,37,38,39,
36 :35,37,38,39,
37 :35,36,38,39,
38 :35,36,37,39,
39 :35,36,37,38,
40 :41,42,43,44,
41 :40,42,43,44,
42 :40,41,43,44,
43 :40,41,42,44,
44 :40,41,42,43,
45 :46,47,48,49,
46 :45,47,48,49,
47 :45,46,48,49,
48 :45,46,47,49,
49 :45,46,47,48,
50 :51,52,53,54,
51 :50,52,53,54,
52 :50,51,53,54,
53 :50,51,52,54,
54 :50,51,52,53,
55 :56,57,58,59,
56 :55,57,58,59,
57 :55,56,58,59,
58 :55,56,57,59,
59 :55,56,57,58,
60 :61,62,63,64,
61 :60,62,63,64,
62 :60,61,63,64,
63 :60,61,62,64,
64 :60,61,62,63,
65 :66,67,68,69,
66 :65,67,68,69,
67 :65,66,68,69,
68 :65,66,67,69,
69 :65,66,67,68,
70 :71,72,73,74,
71 :70,72,73,74,
72 :70,71,73,74,
73 :70,71,72,74,
74 :70,71,72,73,
75 :76,77,78,79,
76 :75,77,78,79,
77 :75,76,78,79,
78 :75,76,77,79,
79 :75,76,77,78,
80 :81,82,83,84,
81 :80,82,83,84,
82 :80,81,83,84,
83 :80,81,82,84,
84 :80,81,82,83,
85 :86,87,88,89,
86 :85,87,88,89,
87 :85,86,88,89,
88 :85,86,87,89,
89 :85,86,87,88,
90 :91,92,93,94,
91 :90,92,93,94,
92 :90,91,93,94,
93 :90,91,92,94,
94 :90,91,92,93,
95 :96,97,98,99,
96 :95,97,98,99,
97 :95,96,98,99,
98 :95,96,97,99,
99 :95,96,97,98,
#
It:0:Diff:114:PSOStep:7:Time:5.693677524:s:AutomataStep:7:Transition:01001100001010101100110000000100001000101110100010000010010011100100111010100010100011101100101001001010111001001010011011000100011010101100111010000000001010000000101000100010110011000100110000001000001010101100101000100110101000100110110010001010001000001100000011101000100011101100010010100000100001100000101001001010110011100010111011001000101000000100011000001010010011000110000011000010110001001100010011000100101001000010001000100010000010001100001001000100110010100000111011001100000010101100110011001010
000000000000000000000
000000000000000000000
000000000000000000000
000101010101010101000
000010000000000010000
000011110000000101000
000011101110110000000
000001010111000011000
000010110011110010000
000001010011001101000
000000111101100100000
000000001000000011000
000000000100100010000
000000000010110111000
000000000001100100000
000000000000010011000
000000000000000110000
000000000000000001000
000000000000000000000
000000000000000000000
000000000000000000000
#
It:7:Diff:100:PSOStep:7:Time:14.677690771:s:AutomataStep:7:Transition:01101000100011101100101010000110100000000000000010001010001001101000000010000000101010000000100001000110110000100000000010101000110010001100000011101000100001101000101011101000101001101000011010000100010000001000100000000010100010000000100000000010101000101010011001101000001001100100011000001110101011101110100011000110100001101110100011000000011010000000111010000000001011001000001001100010011001100110011001100110100001100110100001000000100001100010100001100110110001100010011001000100011000000010101001100010
000000000000000000000
000000000000000000000
000000000000000000000
000111011101110111000
000111100010001011000
000111100000011000000
000111111011100001000
000111010000001011000
000111001010001100000
000001101001100011000
000001101000001111000
000110100101110001000
000111100111101110000
000111001011001111000
000111110011110111000
000000001000001000000
000111011011111111000
000110110110001111000
000000000000000000000
000000000000000000000
000000000000000000000
#
It:13:Diff:93:PSOStep:7:Time:21.527844159:s:AutomataStep:7:Transition:01101100110000101100110000000110011000000110101010100110001010001100110001000000110011000100111011001000110011001000011011101110111011001110110011001100101011000010010001101100011010001110100011100110001001101100001010000100010010000100011000100110010011001100101011000110011011001100110011000010110011000000110011000100011011100000100010101100100010100110110000000000110010101010011010100110101011000000011001001100011011101000011001101110010010000110101011000000110011001010110011001100010011001100110001101100
000000000000000000000
000000000000000000000
000000000000000000000
000111011101110111000
000100011010000110000
000101000100000001000
000010100100000110000
000100111011001111000
000100010011101010000
000101000010110001000
000010111011001010000
000100011010000111000
000101110001110110000
000101100011011001000
000010000001110010000
000100001100000011000
000100000100011010000
000111010101010111000
000000000000000000000
000000000000000000000
000000000000000000000
#
It:19:Diff:93:PSOStep:7:Time:28.41196678:s:AutomataStep:7:Transition:01101000001000101100110001000100010011000100101010000100011011101100110011000100111011001110111011000010000010001100010011101100111011001100110011000100001011000100010001001100010011000110110011001010101010001100010000100010110010000100010001100100001011101100001011000100010011001100110011100100110001000000110001000100001001100100110001001100100001000100110011000100110010101100010010000100010011001100111001001100010011101010101001001100001000001110010001001100110011000100110001001100001011001100010001000010
000000000000000000000
000000000000000000000
000000000000000000000
000111011101110111000
000010000111100010000
000100000001010011000
000011111110001000000
000111001101000101000
000010111111100110000
000100001111010011000
000011000010011100000
000111110111000001000
000010110111001010000
000101010101001001000
000010011001100100000
000100000000000011000
000010001000100010000
000111111111111111000
000000000000000000000
000000000000000000000
000000000000000000000
#
It:54:Diff:89:PSOStep:7:Time:68.004935336:s:AutomataStep:7:Transition:01101010101010101100110001100100010011000100100011000100011001101100110011000010111011000100010011000100110011001100010011101100000011001100110011000100100011001110010011101100010011000100110000000100101010101100010011001010001000000100010000100010110000001100001011000100010011001100110011101000110010100000110001001100110011100100110001001100101001000100110011000100010001001000010011000100010011001000011001001100010011100100011001000000110010001110010010001100110011000100110010001100001011001100011011000100
000000000000000000000
000000000000000000000
000000000000000000000
000111111001111011000
000111110101111010000
000100111000111011000
000000101001010100000
000101110110111011000
000110111000110110000
000100000100110001000
000000010011010100000
000101111110011011000
000110010010001110000
000101000100011011000
000000010001101000000
000101110111011011000
000110001011110010000
000101010101010101000
000000000000000000000
000000000000000000000
000000000000000000000
#
It:59:Diff:79:PSOStep:7:Time:73.815620866:s:AutomataStep:7:Transition:01101000000001101110111010101100011011100110110011100110101011001110111010100100000010100000101010100110111011101010011001001100101011101110111011100110101011100010000001101100110010101100111010101100110001101110010001100110101000001000110001001100001010101110000011100110001001101110111010100110111011001010101001101000011000000110111010001110100001101100101011101100111011001010010011101000001011101010101000001110110000100000000001101010000011100110011011001110111011100110101011001110101011100110110011001100
000000000000000000000
000000000000000000000
000000000000000000000
000111011101110111000
000011101001111010000
000111111110011111000
000011110001010110000
000110011110100011000
000010011110100110000
000110000011101111000
000010000001011110000
000110011100011111000
000010001110000010000
000110100000101111000
000010110001100110000
000100100011111011000
000011001111111010000
000111010101010111000
000000000000000000000
000000000000000000000
000000000000000000000
#
It:215:Diff:76:PSOStep:7:Time:255.335695724:s:AutomataStep:7:Transition:01101100100001101110111000101100011011100110010011100110000000101110111000000100100011000110010010000110111011100100011011000010101011101110111011100110100001001100100010101010010001001100110001001100110001101110101001100000000001001010110010000100010001101110010011100110001011101110111011000110111000000100011001100000011000100110111010000010011001101110000010100100101010000000000011101010111011100110000001001110111011000110100001101010101011100110011011001110111011100110110001001110111011101110111001001100
000000000000000000000
000000000000000000000
000000000000000000000
000111011101110111000
000111111101111010000
000111111011111111000
000001101111011000000
000111111111110001000
000110110011110000000
000111111100100111000
000001010011101110000
000110111000111111000
000110100011000010000
000111111001001111000
000001111111101110000
000110101101011001000
000111100001101110000
000111111001111011000
000000000000000000000
000000000000000000000
000000000000000000000
#
It:233:Diff:72:PSOStep:7:Time:276.691742825:s:AutomataStep:7:Transition:01101110010001101110111001101110011011100110111011100110011011101110010001101110000000000010111011100110111010100110011001101010101011101110111011100110110011100000110001101100011000101010111001000110001001101110101001100110110001101100011011101000011010101110111011100110011011101110111010100110111011000110101001100010100001000110111000000100001001100010000011000110011001100110111011100110111011101110110001001110001001100110011001100000011001000110011001001110111011100110101001101110111011101110111000001100
000000000000000000000
000000000000000000000
000000000000000000000
000111100011011011000
000010111110011110000
000111101110111011000
000001110110000110000
000111010011011011000
000011011011111110000
000111011000100011000
000001011101001110000
000111100011011011000
000010110000001110000
000111100001111011000
000001101010101110000
000110000011011011000
000011110100010110000
000111100011011011000
000000000000000000000
000000000000000000000
000000000000000000000
end
