PSO TRACE
INIT:../../instances/fazia/init.csv
REF:../../instances/fazia/asm3.csv
DecodingPolicy:Nibble:CDLE2
MutationPolicy:Std
ParticleNeighborhood:Fixed
ParticleDims:146
ParticleCount:100
AccP:2.0
AccG:2.0
AccL:1.5
AccI:2.3
Pos:0.0-3.0
Inertia:0.9-0.6
VeloMax:2.0
MaxPSOIteration:500
InertiaDecrFactor:6.000000000000001E-4
INIT
000000000000000000000
000000000000000000000
000000000000000000000
000000000000000000000
000000000000000000000
000000000000000000000
000000000000000000000
000000000000000000000
000000000000000000000
000000000000000000000
000000000010000000000
000000000000000000000
000000000000000000000
000000000000000000000
000000000000000000000
000000000000000000000
000000000000000000000
000000000000000000000
000000000000000000000
000000000000000000000
000000000000000000000
REF
000000000000000000000
000000000000000000000
000000000000000000000
000111111111111111000
000011000011011110000
000111011110111101000
000000110111100010000
000111101011011111000
000010011111010110000
000111101110110001000
000001011001011110000
000111111110111111000
000011100010101010000
000111110011101101000
000000110011101110000
000111101110011111000
000010010101110110000
000111001100110011000
000000000000000000000
000000000000000000000
000000000000000000000
Nibble Decoder
0 :1,2,3,4,
1 :0,2,3,4,
2 :0,1,3,4,
3 :0,1,2,4,
4 :0,1,2,3,
5 :6,7,8,9,
6 :5,7,8,9,
7 :5,6,8,9,
8 :5,6,7,9,
9 :5,6,7,8,
10 :11,12,13,14,
11 :10,12,13,14,
12 :10,11,13,14,
13 :10,11,12,14,
14 :10,11,12,13,
15 :16,17,18,19,
16 :15,17,18,19,
17 :15,16,18,19,
18 :15,16,17,19,
19 :15,16,17,18,
20 :21,22,23,24,
21 :20,22,23,24,
22 :20,21,23,24,
23 :20,21,22,24,
24 :20,21,22,23,
25 :26,27,28,29,
26 :25,27,28,29,
27 :25,26,28,29,
28 :25,26,27,29,
29 :25,26,27,28,
30 :31,32,33,34,
31 :30,32,33,34,
32 :30,31,33,34,
33 :30,31,32,34,
34 :30,31,32,33,
35 :36,37,38,39,
36 :35,37,38,39,
37 :35,36,38,39,
38 :35,36,37,39,
39 :35,36,37,38,
40 :41,42,43,44,
41 :40,42,43,44,
42 :40,41,43,44,
43 :40,41,42,44,
44 :40,41,42,43,
45 :46,47,48,49,
46 :45,47,48,49,
47 :45,46,48,49,
48 :45,46,47,49,
49 :45,46,47,48,
50 :51,52,53,54,
51 :50,52,53,54,
52 :50,51,53,54,
53 :50,51,52,54,
54 :50,51,52,53,
55 :56,57,58,59,
56 :55,57,58,59,
57 :55,56,58,59,
58 :55,56,57,59,
59 :55,56,57,58,
60 :61,62,63,64,
61 :60,62,63,64,
62 :60,61,63,64,
63 :60,61,62,64,
64 :60,61,62,63,
65 :66,67,68,69,
66 :65,67,68,69,
67 :65,66,68,69,
68 :65,66,67,69,
69 :65,66,67,68,
70 :71,72,73,74,
71 :70,72,73,74,
72 :70,71,73,74,
73 :70,71,72,74,
74 :70,71,72,73,
75 :76,77,78,79,
76 :75,77,78,79,
77 :75,76,78,79,
78 :75,76,77,79,
79 :75,76,77,78,
80 :81,82,83,84,
81 :80,82,83,84,
82 :80,81,83,84,
83 :80,81,82,84,
84 :80,81,82,83,
85 :86,87,88,89,
86 :85,87,88,89,
87 :85,86,88,89,
88 :85,86,87,89,
89 :85,86,87,88,
90 :91,92,93,94,
91 :90,92,93,94,
92 :90,91,93,94,
93 :90,91,92,94,
94 :90,91,92,93,
95 :96,97,98,99,
96 :95,97,98,99,
97 :95,96,98,99,
98 :95,96,97,99,
99 :95,96,97,98,
#
It:0:Diff:121:PSOStep:6:Time:4.765285569:s:AutomataStep:6:Transition:00101010100000101100000010100010100001101110001001000010100001001100110001100100110000100100011001000010100001000000111010000110111010001100011011100000000001100110111010001110100000101100011000001010011010100110010000000000011000100000100011001110100010101000000000001100010011100100110010101000001000000100010010100000010000000100001011001100101001001010000010000110011000100010000001100110010010100100110011101110100000001000011011101000000000000100000011101010001001000110001010001100101001000010011011001100
000000000000000000000
000000000000000000000
000000000000000000000
000000000000000000000
000000000000000110000
000000000000010000000
000000000001100110000
000000000001001010000
000000000001111010000
000000001011010000000
000000001101011010000
000000001011101010000
000000011100000010000
000000010000101000000
000000000011000010000
000000111000001110000
000010001000100010000
000000000000000000000
000000000000000000000
000000000000000000000
000000000000000000000
#
It:2:Diff:108:PSOStep:7:Time:6.87019824:s:AutomataStep:7:Transition:01101010110011100000101011100010001000001010110001000100011011000000110011001100000011101000000000000100101011101110101000100010001011100000111000001000000010101010011011101110110000001110000001001110100000000100000011101010000010001110111011101110111000001110000011001110011000100010010011100100011011100000101001100000111000001110000011101110001011100010011011100000000000100000101000001110101010101110000011101010001011001100000011101010000001101110110000000100000011000000111011101100000011001100000000000000
000000000000000000000
000000000000000000000
000000000000000000000
000111111001111011000
000100110001001000000
000100101111101101000
000101100000101000000
000100010011111011000
000100010101011000000
000101100001011001000
000101010000010000000
000001010111101111000
000000010100000100000
000000000101110001000
000000000001001000000
000000000000010111000
000000000000000100000
000000000000000001000
000000000000000000000
000000000000000000000
000000000000000000000
#
It:6:Diff:104:PSOStep:7:Time:10.821538774:s:AutomataStep:7:Transition:01001110110011100010111011101010110000101110101001100010010010100010110011001000001010101010001000100100101011101110111010001100111011100010111000101000001011001110001011101110100000101110001000101110110000101100001011101010001010001110111011101110111001101110001000101110001001100100001011101110001011100010101001100000111011101110001011101110000011101100010011100010001010000010101000101010101010101110001011101000011010001110001011101110001000001110101000100110001011000010111011100010001000000000001000100010
000000000000000000000
000000000000000000000
000000000000000000000
000101010101010101000
000101110111110111000
000111110111111110000
000100011110010010000
000110010111011011000
000100000000111111000
000110101011000000000
000111000001000010000
000011110011100011000
000000110010000111000
000000000101101000000
000000000010011010000
000000000001011111000
000000000000110111000
000000000000000011000
000000000000000000000
000000000000000000000
000000000000000000000
#
It:9:Diff:88:PSOStep:7:Time:14.044589415:s:AutomataStep:7:Transition:01101100110010100010101010101010001000101010011010000010001010001000101010000100010011101010001000101000100010101010101000100100001001001010101001101000010010101000001001001110011010101010001001000010101010001010010010001100000000101010010010001100110010001110000010000000100000000110100000100100100010100010101000000100101000101010010010101100110010101000110010100010010001000010011000101100011010100000000011101110100001001010001011101000100011000100100000101110001000100000111001000110001000001100010010000010
000000000000000000000
000000000000000000000
000000000000000000000
000111011101110111000
000100011001000110000
000110111111110101000
000010001100100000000
000110011000001001000
000010000011011110000
000101100000010111000
000010110100101010000
000100010001101111000
000010000010001010000
000111000001100101000
000011011000101100000
000101111111111111000
000101010101010100000
000101010101010101000
000000000000000000000
000000000000000000000
000000000000000000000
#
It:66:Diff:79:PSOStep:7:Time:64.77874205:s:AutomataStep:7:Transition:01101100011010100110111000101110000001001110011010000110001000101000110011001000001010101100001001100110001011101110010001100010110011101010011010101100000011100000011011001110101011001110001001101100001000001110010000100010001011001110100000101100000010001110001001101110001001100110001011000010011011100110010001100000111000001110010010101010000000100010100011100110010010000110110010000010110011101010011011100000010001100010000011101000001001100010100011001000011010001010101001000010011001100010110011000110
000000000000000000000
000000000000000000000
000000000000000000000
000111011101110111000
000000101000101110000
000111101100011101000
000000110100111100000
000111000111011001000
000000111010111100000
000111110110000011000
000000000001110000000
000111111000111111000
000000100000111110000
000111100001001101000
000000111101001100000
000111100010001011000
000000100100011000000
000111100011011011000
000000000000000000000
000000000000000000000
000000000000000000000
end
