PSO TRACE
INIT:../../instances/fazia/init.csv
REF:../../instances/fazia/asm2.csv
DecodingPolicy:CPP2:CDLE2
MutationPolicy:Null
ParticleNeighborhood:Fixed
ParticleDims:515
ParticleCount:100
AccP:2.0
AccG:2.0
AccL:1.5
AccI:2.3
Pos:0.0-3.0
Inertia:0.9-0.6
VeloMax:2.0
MaxPSOIteration:500
InertiaDecrFactor:6.000000000000001E-4
INIT
000000000000000000000
000000000000000000000
000000000000000000000
000000000000000000000
000000000000000000000
000000000000000000000
000000000000000000000
000000000000000000000
000000000000000000000
000000000000000000000
000000000010000000000
000000000000000000000
000000000000000000000
000000000000000000000
000000000000000000000
000000000000000000000
000000000000000000000
000000000000000000000
000000000000000000000
000000000000000000000
000000000000000000000
REF
000000000000000000000
000000000000000000000
000000000000000000000
000100000000000000000
000100000000000000000
000010111111000000000
000100001110100000000
000111111111010000000
000001100001011000000
000110101111010100000
000101101100111110000
000010100011110010000
000011111111110010000
000011000111110010000
000110110111011010000
000111101101110010000
000111100111100010000
000111111111111111000
000000000000000000000
000000000000000000000
000000000000000000000
Classic CPP Decoder
0 :1,2,3,4,
1 :0,2,3,4,
2 :0,1,3,4,
3 :0,1,2,4,
4 :0,1,2,3,
5 :6,7,8,9,
6 :5,7,8,9,
7 :5,6,8,9,
8 :5,6,7,9,
9 :5,6,7,8,
10 :11,12,13,14,
11 :10,12,13,14,
12 :10,11,13,14,
13 :10,11,12,14,
14 :10,11,12,13,
15 :16,17,18,19,
16 :15,17,18,19,
17 :15,16,18,19,
18 :15,16,17,19,
19 :15,16,17,18,
20 :21,22,23,24,
21 :20,22,23,24,
22 :20,21,23,24,
23 :20,21,22,24,
24 :20,21,22,23,
25 :26,27,28,29,
26 :25,27,28,29,
27 :25,26,28,29,
28 :25,26,27,29,
29 :25,26,27,28,
30 :31,32,33,34,
31 :30,32,33,34,
32 :30,31,33,34,
33 :30,31,32,34,
34 :30,31,32,33,
35 :36,37,38,39,
36 :35,37,38,39,
37 :35,36,38,39,
38 :35,36,37,39,
39 :35,36,37,38,
40 :41,42,43,44,
41 :40,42,43,44,
42 :40,41,43,44,
43 :40,41,42,44,
44 :40,41,42,43,
45 :46,47,48,49,
46 :45,47,48,49,
47 :45,46,48,49,
48 :45,46,47,49,
49 :45,46,47,48,
50 :51,52,53,54,
51 :50,52,53,54,
52 :50,51,53,54,
53 :50,51,52,54,
54 :50,51,52,53,
55 :56,57,58,59,
56 :55,57,58,59,
57 :55,56,58,59,
58 :55,56,57,59,
59 :55,56,57,58,
60 :61,62,63,64,
61 :60,62,63,64,
62 :60,61,63,64,
63 :60,61,62,64,
64 :60,61,62,63,
65 :66,67,68,69,
66 :65,67,68,69,
67 :65,66,68,69,
68 :65,66,67,69,
69 :65,66,67,68,
70 :71,72,73,74,
71 :70,72,73,74,
72 :70,71,73,74,
73 :70,71,72,74,
74 :70,71,72,73,
75 :76,77,78,79,
76 :75,77,78,79,
77 :75,76,78,79,
78 :75,76,77,79,
79 :75,76,77,78,
80 :81,82,83,84,
81 :80,82,83,84,
82 :80,81,83,84,
83 :80,81,82,84,
84 :80,81,82,83,
85 :86,87,88,89,
86 :85,87,88,89,
87 :85,86,88,89,
88 :85,86,87,89,
89 :85,86,87,88,
90 :91,92,93,94,
91 :90,92,93,94,
92 :90,91,93,94,
93 :90,91,92,94,
94 :90,91,92,93,
95 :96,97,98,99,
96 :95,97,98,99,
97 :95,96,98,99,
98 :95,96,97,99,
99 :95,96,97,98,
#
It:0:Diff:91:PSOStep:7:Time:1.876775154:s:AutomataStep:7:Transition:01010100001100100101000010011110011001010010011101110000100011001101000101110110101001111010100110100010101100101101111100010000101010010000111101010000000111110011000111101001010001010001110011100111010010111011000001101011000001111111001101100010101011011011011100010010111000100010110010111111110011000111101110010010100000001100101101001100001110110001000111000111101011101110110001011001100011111101111101010111100001011110101010001001010100101011101111011100001001001010001100011010111001011101100101111010
000000000000000000000
000000000000000000000
000000000000000000000
000100000000000000000
000000000000000000000
000111000000000000000
000010000000000000000
000100010000000000000
000001110000000000000
000101011100000000000
000010100000000000000
000110001111000000000
000001001100000000000
000110101100110000000
000010000100001000000
000101010101111100000
000011110101010100000
000111011101110111000
000000000000000000000
000000000000000000000
000000000000000000000
#
It:2:Diff:77:PSOStep:7:Time:2.680702109:s:AutomataStep:7:Transition:01000101011100110111100110011110111101111111110111111101110111111011010111110110111101011111100110111011101110101101111101110000101011011010111100010011010111110111110111011101111001110111110111101111111011111111111111101011101011111111001111101010101011011110011111111010111001101110110011111111110011011111111110110010111100101101101111011110011110111101110111011111101111111110111111110110111011111001111111010101000011111111111010001001111101101111111111011001001011111110001100011110111001011111111101111010
000000000000000000000
000000000000000000000
000000000000000000000
000100000000000000000
000001000000000000000
000111010000000000000
000011111100000000000
000111101111000000000
000011111000000000000
000111111110110000000
000000111100111000000
000111101101111000000
000010010010111100000
000111111111011100000
000011010111001100000
000111111101011000000
000010111101011111000
000111111111111111000
000000000000000000000
000000000000000000000
000000000000000000000
#
It:3:Diff:67:PSOStep:7:Time:2.976432611:s:AutomataStep:7:Transition:01010111110111000101000110010110011010111011010101101000110011111000100101011010101011011101011100010101011111101111001001100111101011111100111110110000000111110001111111001001010111110110010111100111011111111011101011100011101000100111110111101011101011101010011111111001111011111011110110111101000010010011110110010010000110000101100100001110011110111101011111001101101111111110101111111001100111111001110110010101101001100111111000101001010100101010101000001101001111111011101111011111111001111110101101011010
000000000000000000000
000000000000000000000
000000000000000000000
000100000000000000000
000100000000000000000
000111111111000000000
000001000110100000000
000001001111110000000
000110001011011000000
000110001101000100000
000011111100110100000
000001111110110000000
000111101100101100000
000100111110011000000
000010001101011100000
000011111100011010000
000110101010100100000
000111111111111111000
000000000000000000000
000000000000000000000
000000000000000000000
#
It:5:Diff:57:PSOStep:7:Time:3.62041062:s:AutomataStep:7:Transition:01010111110110110101000100111110001011111011110101101000110011111100100111011011111011011101011101010101011110101111001011100111111011101100101100110000000010110101111101010101011101110110010111100111011011111011111010110110001100110111000111001011111101101011011101111001111011010010110110111111001000110011110110110010011110100111100100001010011111110110111111000100101111111111101111010101110111111011110110111001101101110111110001101101010100101000111000001111011111111011101111001011011001110110101101011010
000000000000000000000
000000000000000000000
000000000000000000000
000100000000000000000
000101000000000000000
000111111111000000000
000100100111100000000
000111111111110000000
000101011001001000000
000111111011110100000
000100001110111100000
000111101111110100000
000101111011101100000
000111111111111100000
000100110011001100000
000111111111111110000
000101010101010100000
000111111111111111000
000000000000000000000
000000000000000000000
000000000000000000000
#
It:23:Diff:51:PSOStep:7:Time:8.820375989:s:AutomataStep:7:Transition:01010111110110110101010100111010011011111011111111100001110011111101100111011011111011011101011111010101011110101111101110100111101111101100101110110011000110110101111111011101111111011111110111100101011011111011101011100111101100111110100111101011111111101011011101111111111011110110110010111111111001010111111110110110001110100111101111011011011111111001111111000101111111111111101111111001110011111110110110110011111001110111111000101101011101111000111000101111011111111011101111011011111111100110100101111111
000000000000000000000
000000000000000000000
000000000000000000000
000100000000000000000
000101000000000000000
000111111111000000000
000100101110100000000
000110111011110000000
000100111111111000000
000110111111111100000
000100111110111110000
000110101111111010000
000100110111011010000
000111011011111010000
000101011011111010000
000110110110110110000
000101101101100000000
000111111111111111000
000000000000000000000
000000000000000000000
000000000000000000000
#
It:46:Diff:50:PSOStep:7:Time:15.352358326:s:AutomataStep:7:Transition:01010111110110110101000110111010001010111011101111101000110011111101100111001001111011011101111101010101011110101111001000100011101001100100101100110011000010110101011101010001111111010110010111100101011011111011111000101111001100001110000111001011110110101011011101111011111011010010110010111111001000110011111010110010001100000111100110011011011101110000111111000011101111111011101111010111110111101011110100111010101101110101111000101101010110101100100000101111011111111011101101011011011000100110100101011111
000000000000000000000
000000000000000000000
000000000000000000000
000100000000000000000
000100000000000000000
000111111111000000000
000101000110100000000
000111001111010000000
000101111001111000000
000110111111110100000
000101100011110110000
000111110110111010000
000100011111010010000
000111011111111010000
000101011010001010000
000110110110010110000
000101101101100000000
000111111111111111000
000000000000000000000
000000000000000000000
000000000000000000000
#
It:87:Diff:49:PSOStep:7:Time:27.185951441:s:AutomataStep:7:Transition:01010111110111110001001110010110011010110011110011101100100111111100100111100111111011011111111101010101011110111111001110100111101110100100100110110000010011110111011111111100111111111111110111100101011011111111101110111110001101011111100111111011111101111011111111101111111011010010111010011111101010110111111011110110001101111011101110011111011101111001010101000011111111101011101111110111100111111001111110111001101011110101000000101001111101111000111100101111011100111001111110111011111001111110010101011011
000000000000000000000
000000000000000000000
000000000000000000000
000100000000000000000
000100000000000000000
000111111111000000000
000100101111100000000
000111111100010000000
000101100000111000000
000111111101101100000
000101011111111110000
000111111111111010000
000100101111111010000
000111111111111110000
000100110011111010000
000111111111111110000
000101111111000100000
000111111111111111000
000000000000000000000
000000000000000000000
000000000000000000000
#
It:96:Diff:48:PSOStep:7:Time:29.628170879:s:AutomataStep:7:Transition:01010111110111110101001110110111001010111011101111111001100111111100101111001100111011011111111101010101111110101111001111110111101101110000111111111001111011110101011111001101111111011111110111100101001011111011111010111111001101001111110110111011110101111111011111111111111111110010110010111111001000011110110010110110011110101111000101001111111101011101111111000001111111111110101111111111110111111011110100111011110011100111110000101101010100111100110101101111011101111001101110111011111001110110110111111111
000000000000000000000
000000000000000000000
000000000000000000000
000100000000000000000
000100000000000000000
000111111111000000000
000101101111100000000
000111111111110000000
000111111101101000000
000111111111110100000
000101111111101010000
000111111111100110000
000111111011111010000
000111111111111010000
000101110011111010000
000111111111111110000
000111101110111010000
000111111111111111000
000000000000000000000
000000000000000000000
000000000000000000000
#
It:114:Diff:46:PSOStep:7:Time:34.545610892:s:AutomataStep:7:Transition:01010111110111110101001110111111011010111011111111111000100111111000101011001100111011011111111111000111111110101111011011110111101101110001111110101001111111110111111111011001111111011111110111101101001111111010111010111111001101001111010110011011010101111101011111111111111111110110110010111111001000011111110010011110011110110111101101011111111111011111100101011011110111111111101111110111110111111001111000011011100011100110110001111101011001111110100111101111011001111111101100111011111000111110010111111111
000000000000000000000
000000000000000000000
000000000000000000000
000100000000000000000
000100000000000000000
000110111111000000000
000101101111100000000
000111111111110000000
000101111100101000000
000111111111111100000
000100111111110110000
000111111111111010000
000111111111111010000
000111111111110110000
000111111111111110000
000111111111111110000
000111101011111010000
000111111111111111000
000000000000000000000
000000000000000000000
000000000000000000000
#
It:134:Diff:45:PSOStep:7:Time:39.680607571:s:AutomataStep:7:Transition:01010111110111110001011110110111011010111111011111101000101011111100111011011101111001110111111111100111110110101111011011110111101101010100101110101001110111100111111111000001111111011111110111100001011010011010101010111111001100011111100110011011110110111011011101111111111111110010110011111111001000110111111110111110001100110111101101001011111101011111111111011011101111111111101111011101111011111000110010111010100011100100110000111101010100101110110111110111011001111101101100111011011000110110110110101011
000000000000000000000
000000000000000000000
000000000000000000000
000100000000000000000
000100000000000000000
000110111111000000000
000101001110100000000
000111111011110000000
000111001101011000000
000111101111101100000
000100111101100110000
000111111111010010000
000111111111000010000
000110111111101010000
000111110111001010000
000111111111111110000
000111101110111000000
000111111111111111000
000000000000000000000
000000000000000000000
000000000000000000000
#
It:153:Diff:45:PSOStep:7:Time:44.787039196:s:AutomataStep:7:Transition:01010111110111110001011110110111011010111111011111101000101111111100111111001101111001110111111111000111110110101111011011110111101101010100101110101001110111100111111111110001111111011111110111100001011010011010101010111111001100011111100110001011110100111011011111111111111111110010110011111111001000110111111110111110011100110111011101011011111101011111111111011011101111111111101111011101111011111000110010111010100011100100110000111101010101101110110111110111011001111101101100111111011001111110110110101011
000000000000000000000
000000000000000000000
000000000000000000000
000100000000000000000
000100000000000000000
000110111111000000000
000101001110100000000
000111111011110000000
000111111111011000000
000110100111101100000
000101111111011110000
000111111111111010000
000111111111111010000
000110111111101010000
000111111111001010000
000111111111111110000
000111101110111000000
000111111111111111000
000000000000000000000
000000000000000000000
000000000000000000000
#
It:298:Diff:40:PSOStep:7:Time:83.239542927:s:AutomataStep:7:Transition:01010111110111110101001110111111001010111011101111101001111111111100111111101101111001111111111101110111110110111111001011110111101101010001101110101001110110100111111111011101111111011111110111100001011011011010111010111111001001011111110110101011110101101111011111111110111110100011110011111111001001111111111110011110111100101111001111011011011100111001111111010011110111111111111111111111111011111001110001111011111111110110110000111101010101111111111101100111011001111000101100011111111000110110111111101011
000000000000000000000
000000000000000000000
000000000000000000000
000100000000000000000
000100000000000000000
000111111111000000000
000101001110100000000
000111111010010000000
000111111011011000000
000111111111000100000
000101111111111110000
000110101011010110000
000111111111111010000
000111111111111110000
000111110011101010000
000111111111111110000
000111101110111010000
000111111111111111000
000000000000000000000
000000000000000000000
000000000000000000000
#
It:420:Diff:40:PSOStep:7:Time:115.22539948:s:AutomataStep:7:Transition:01010111110111110101001110111111011010101011111111101000110111111100111111100101111011111111111111110111110110111111001011110111101101010001101110101001110110000111111111011101111111011110010011100001011011011010111110111111001001011111110110111011010111111111111111111110111010100011110011111111001001011111111110011110111000101111001111011011011100111001111111010010100111111110101110111110110111111001110101111011101111110100110000111101010101111111111101100111011101111100101100011111111001110010111111111011
000000000000000000000
000000000000000000000
000000000000000000000
000100000000000000000
000100000000000000000
000111101111000000000
000100001110100000000
000111111000010000000
000111111011011000000
000111100111110100000
000101111101110110000
000110111111111010000
000111111111101010000
000111111111101010000
000111110111011010000
000111111111111110000
000111101011111010000
000111111111111111000
000000000000000000000
000000000000000000000
000000000000000000000
#
It:426:Diff:37:PSOStep:7:Time:116.829185161:s:AutomataStep:7:Transition:01010111110111110101001110111111011010110011101111101000110111111100011111100101111001111111111111110111110110111111001011110111101101010001100110100001110110000111111111011101110011001100010011100001011011011010111110110111001001001111110110111011010111111111011111111110111010100011110011111111001001011111111110011110111000101011001111011011011100111101111111010010100111111110101111111111110111110001100101111011101111110100110000111101010101111111111101100101011101011100101100011111111001110010111111111011
000000000000000000000
000000000000000000000
000000000000000000000
000100000000000000000
000100000000000000000
000111111111000000000
000100011011100000000
000111111011010000000
000111110011011000000
000111101101110100000
000101111000110110000
000110111111111010000
000111111111110110000
000111111111111010000
000111110111011010000
000111111111111110000
000111101011111010000
000111111111111111000
000000000000000000000
000000000000000000000
000000000000000000000
end
