PSO TRACE
INIT:../../instances/fazia/init.csv
REF:../../instances/fazia/asm4.csv
DecodingPolicy:CPPNot
MutationPolicy:Null
ParticleNeighborhood:Fixed
ParticleDims:515
ParticleCount:100
AccP:2.0
AccG:2.0
AccL:1.5
AccI:2.3
Pos:0.0-3.0
Inertia:0.9-0.6
VeloMax:2.0
MaxPSOIteration:250
InertiaDecrFactor:0.0012000000000000001
INIT
000000000000000000000
000000000000000000000
000000000000000000000
000000000000000000000
000000000000000000000
000000000000000000000
000000000000000000000
000000000000000000000
000000000000000000000
000000000000000000000
000000000010000000000
000000000000000000000
000000000000000000000
000000000000000000000
000000000000000000000
000000000000000000000
000000000000000000000
000000000000000000000
000000000000000000000
000000000000000000000
000000000000000000000
REF
000000000000000000000
010000000000000000010
001011111111111111110
000000000000000000000
001011111111111110100
001011111111111110100
001011111111111110100
001011111111111110100
001011111011111110100
001011111101111110100
001011000101111110100
001011000110111110100
001011110111111110100
001011111111111110100
001011111111111110100
001011111111111110100
001011111111111110100
010100000000000001100
001011111111111110010
010000000000000001000
000000000000000000000
Classic CPP Decoder + Not Test
0 :1,2,3,4,
1 :0,2,3,4,
2 :0,1,3,4,
3 :0,1,2,4,
4 :0,1,2,3,
5 :6,7,8,9,
6 :5,7,8,9,
7 :5,6,8,9,
8 :5,6,7,9,
9 :5,6,7,8,
10 :11,12,13,14,
11 :10,12,13,14,
12 :10,11,13,14,
13 :10,11,12,14,
14 :10,11,12,13,
15 :16,17,18,19,
16 :15,17,18,19,
17 :15,16,18,19,
18 :15,16,17,19,
19 :15,16,17,18,
20 :21,22,23,24,
21 :20,22,23,24,
22 :20,21,23,24,
23 :20,21,22,24,
24 :20,21,22,23,
25 :26,27,28,29,
26 :25,27,28,29,
27 :25,26,28,29,
28 :25,26,27,29,
29 :25,26,27,28,
30 :31,32,33,34,
31 :30,32,33,34,
32 :30,31,33,34,
33 :30,31,32,34,
34 :30,31,32,33,
35 :36,37,38,39,
36 :35,37,38,39,
37 :35,36,38,39,
38 :35,36,37,39,
39 :35,36,37,38,
40 :41,42,43,44,
41 :40,42,43,44,
42 :40,41,43,44,
43 :40,41,42,44,
44 :40,41,42,43,
45 :46,47,48,49,
46 :45,47,48,49,
47 :45,46,48,49,
48 :45,46,47,49,
49 :45,46,47,48,
50 :51,52,53,54,
51 :50,52,53,54,
52 :50,51,53,54,
53 :50,51,52,54,
54 :50,51,52,53,
55 :56,57,58,59,
56 :55,57,58,59,
57 :55,56,58,59,
58 :55,56,57,59,
59 :55,56,57,58,
60 :61,62,63,64,
61 :60,62,63,64,
62 :60,61,63,64,
63 :60,61,62,64,
64 :60,61,62,63,
65 :66,67,68,69,
66 :65,67,68,69,
67 :65,66,68,69,
68 :65,66,67,69,
69 :65,66,67,68,
70 :71,72,73,74,
71 :70,72,73,74,
72 :70,71,73,74,
73 :70,71,72,74,
74 :70,71,72,73,
75 :76,77,78,79,
76 :75,77,78,79,
77 :75,76,78,79,
78 :75,76,77,79,
79 :75,76,77,78,
80 :81,82,83,84,
81 :80,82,83,84,
82 :80,81,83,84,
83 :80,81,82,84,
84 :80,81,82,83,
85 :86,87,88,89,
86 :85,87,88,89,
87 :85,86,88,89,
88 :85,86,87,89,
89 :85,86,87,88,
90 :91,92,93,94,
91 :90,92,93,94,
92 :90,91,93,94,
93 :90,91,92,94,
94 :90,91,92,93,
95 :96,97,98,99,
96 :95,97,98,99,
97 :95,96,98,99,
98 :95,96,97,99,
99 :95,96,97,98,
#
It:0:Diff:89:PSOStep:8:Time:0.330125615:s:AutomataStep:8:Transition:01111101111011111110001110010011111111101110011111101110011010111110001111011101111111111100101111111001111100111101011111111111110111101111111111111001110011111000111111110100111011111010101011111101101001011001111111110011011101110011100111111111011111111111101101111111111011110011110010111111101001111101011001111111011101111111111111101011111111110111101011111110111011111101001011101110111111111011111010111110111101110010101110111111011011111111110010101111111110111111011101111100010010101010101111110111
000000000000000000000
000000000000000000000
001110111011101110100
001111111111111111100
001111101111111011100
001111111111111111100
001111101011111011100
001111111111111111100
001111111111111111100
001111111001111111100
001111111111111111100
001111111110111111100
001111111111111111100
001111111110111111100
001111111110111111100
001111111111111111100
001111111111111111100
001111111111111111100
001111111111111111100
000000000000000000000
000000000000000000000
#
It:2:Diff:82:PSOStep:6:Time:0.489989373:s:AutomataStep:6:Transition:01111101111011111011010001101011111011011110011111101111111111111111111111111111111111111110111111111010001100111111111111111111111111110111110011111101010111111111111111111110011010111101111111110110111011011101111111110001011111110011111011111111111111111111101111110111111101110001111110011111111001111111011011111111111101111111111111101011111111110111111101111111111111111101001111001101111111111111111010111111111101100010111010011011111011111111111000010111111110111111011101011100010111111111110111111111
000000000000000000000
000000000000000000000
000000000000000000000
000000000000000000000
000011101110111010000
000010111011111110000
000011111111111110000
000011111111111110000
000011111111111110000
000011111111111110000
000011111111111110000
000011111111111110000
000011111111111110000
000011111111111110000
000011111111111110000
000011111111111110000
000011111111111110000
000000000000000000000
000000000000000000000
000000000000000000000
000000000000000000000
#
It:5:Diff:78:PSOStep:8:Time:0.624789743:s:AutomataStep:8:Transition:01111111111001111011010100101011111011111110011101101010110111101110111101110111011110101010101111111010101110111111110111111111101111000111110011110101111111011111110101101101011100111001111011110100111011011001111101010000010111010011111111111101111111111101101011100111111101110110001110011111011111111100001011101111010101111101111101111001111111110111111101101101111111111111011111101101011111111011111001011011111100101000101011111001111011011110111000100110011111111100001111111101011101111110111110111111
000000000000000000000
000000000000000000000
001111111111111111100
001000000000000001100
001111111011101110100
000111111001101110100
001010111100111110100
001011100111100110100
001111111111111110100
000111111111111011100
001101111111111111100
001110111111111011100
001110111111111111100
000111111111111111100
001111011111111110100
001101011111111110100
001101111111111110100
000111111111111111100
001111111111111111100
000000000000000000000
000000000000000000000
#
It:11:Diff:75:PSOStep:8:Time:0.967211819:s:AutomataStep:8:Transition:01111111011111111111011111111011111011111110011111111011101111101111111101111111111111111110111111101001111110110101111111111111111111111001111111111101111111111010111101111110101110111101111111110111101011010101111011011001010111101011111110111111011111111111111111110111111101111111010010011111011111111101011001111101111111111101111111111011111111110111110011101111111110111110111010101111011111111111111011011001111111100000111011111111101011111111111001100111111110111110011101111101010111101011111111111111
000000000000000000000
000000000000000000000
001111111111111111100
000111101000111011100
001011111111110111100
000111111111101111100
001011111111110111100
000111111011100111100
001011111111111111100
000111111111111111100
001011111111111111100
000111111110111111100
001011111111111111100
000111111111111111100
001011111111111111100
000111111111111111100
001011101110111011100
000101110111011101100
001111111111111111100
000000000000000000000
000000000000000000000
#
It:18:Diff:71:PSOStep:8:Time:1.334808233:s:AutomataStep:8:Transition:01111111011111111111111110101011111111111110111101111111101111111111101111110111111111111110101111011100111110111101111111111111111111111111111111111001111011111111111111111110111110111111111111111110101011010101111011010010110111111011111110111101011111111111111111110111111011111110011010111111111001111101011011111111111101001111111111101011111111100011111111111100110111111110111111101111111111111111111011011101111111111010101011111111111111111111110110010111111111111111011101011101011111111110111111110111
000000000000000000000
000000000000000000000
001111111111111111100
000011111111111111100
001011111111111111100
000111111111111111100
001011111111111111100
000111111111111111100
001011111111111111100
000111111111111111100
001011111111111111100
000111111111111111100
001011111111111111100
000111111111111111100
001011111111111111100
000111111111111111100
001011111111111111100
000101110111011101100
001111111111111111100
000000000000000000000
000000000000000000000
#
It:25:Diff:63:PSOStep:8:Time:1.693652148:s:AutomataStep:8:Transition:01111111011011111111011110111011111111111110001101111111111111111111101111110110010111011010101111101100111110111101111111111110111111111111111111111101111111111111111111111110111110111111111111110110101011010101111011010010110111110011111111111111011111111111111011110111111111110010010010111111111111111111011111111111111111011111111111101011111111110111111011101111110011101110111111101110111111111011111011011101111111111010101011111111111111111111111110010111111111111101011101011101011001111110111101111111
000000000000000000000
000000000000000000000
001111111111111111100
000011111111111111100
001011111111111111100
000011111111111111100
001011111111111111100
000011111111111111100
001011111111111111100
000011111111111111100
001011111111111111100
000011111111111111100
001011111111111111100
000011111111111111100
001011111111111111100
000011101111111111100
001011111111111111100
000100001101101101100
001111111111111111100
000000000000000000000
000000000000000000000
#
It:47:Diff:62:PSOStep:8:Time:2.79432677:s:AutomataStep:8:Transition:01111111011011111111111110111011111111111110001101111111111111111110101111110110111111011010101111001100101010111101011101111110111111110111111111111101111111111111111111111110111110111101111111110110101011010101111011111010111011110011111111111111011111111111111011110110111111110010011010111111111111111111011111101111111111011111111111101011111111100111111111101111110011101101111111101110110111111011111011011111111111111010101010111110111111011111111010010111111111111101011101011111011011111110111101111111
000000000000000000000
000000000000000000000
001111111111111111100
000011111111111111100
001011111111111111100
000011111111111111100
001011111111111111100
000011111111111111100
001011111111111111100
000011111111111111100
001010101111111111100
000011111111111111100
001011111111111111100
000011111111111111100
001011111111111111100
000011111111111111100
001011111111111111100
000100110011001101100
001111111111111111100
000000000000000000000
000000000000000000000
#
It:192:Diff:61:PSOStep:8:Time:10.87425038:s:AutomataStep:8:Transition:01111111011010111111011110011011111111111110001101111111111111111110101111110110010110111000101111011100101010111101011101111111111111110011111111111101111011111101111111110110111100110101111111110100101011010001101011110010110011110011010111110101011111011111111011110010111111110010011010111111101111111111011011101111011111011111111111100011111111100111110111101110100011101110111011101110110111111011110011011101111111110010101010111110111111011111110010100111111110011101011101001011011011111110011101110111
000000000000000000000
000000000000000000000
001111111111111111100
000011111111111111100
001011111111111111100
000011111111111111100
001011111111111111100
000010111111111111100
001011111111111111100
000011111111111111100
001010001111111111100
000011011111111111100
001011111111111111100
000011111111111111100
001011111111111111100
000011111111111111100
001011111111111111100
000101010101010101100
001111111111111111100
000000000000000000000
000000000000000000000
#
It:211:Diff:59:PSOStep:8:Time:12.138388318:s:AutomataStep:8:Transition:01111111011011111111111110111011111111111110001001111101111110111111101111110110111110011011101011011100100010111101110101011110111111111111111111111101110011111101110111111110111110111111111011110110101011110101111011110010110011110010101111010111011111111101111011100110111111110010011010111111101110111001011001111101011111011111111111100011111111000011111111111101100011101110111111100100010111101011101011001101111111111010101010011110111111011111010010000110111110111101011101011111001011111110101101111111
000000000000000000000
000000000000000000000
001111111111111111100
000011111110101010100
001011111111111111100
000011111111010111100
001011111111111111100
000011111111111111100
001011111111111111100
000011111111111111100
001011111111111111100
000011111111111111100
001011111111111111100
000011111111111111100
001011111111111111100
000011111110111111100
001011111111111111100
000100000101001101100
001111111111111111100
000000000000000000000
000000000000000000000
#
It:244:Diff:58:PSOStep:8:Time:14.048067146:s:AutomataStep:8:Transition:01111111011011111110111110101011111111111110011111111111101110101111001111111111011111111010101111011100111110110100011111111111111111111111111111111001111111111100111111111110111100110111111011111110111011110101111111111010111011111011111111111111011111111111111111010100111111111010011010111111111111111001011011111111111111011111111111101011111111100011110111101111110111111110011111101110011111111011110011011111111111101010100011111111111111011111110110010111111110111101011101011110011011111110111101111111
000000000000000000000
000000000000000000000
001111111111111111100
000010101010101011100
001011111111111111100
000011010101111111100
001011111111111111100
000011111111111111100
001011111111111111100
000011111101111111100
001011111111111111100
000011111111111111100
001011111111111111100
000011111111111111100
001011111111111111100
000011111111111111100
001011111111111111100
000101010101010101100
001111111111111111100
000000000000000000000
000000000000000000000
#
It:246:Diff:55:PSOStep:8:Time:14.176544041:s:AutomataStep:8:Transition:01111111011010111110111010101011111110111110001101111111111010111111101111010110010111111010101111001100101010110100011111111110111111111111111111111101111111111100111111111110111110111111111111111110111011110101101111111000111011110010111111110111011111111101111111010110111111010010011010111111101111111101011011111111111111011111111111100011111111000111111111101111110011111111011111101110011111111011111011111111111111111010100010111110111111011111110100010111111110111101011101011111011011111110101101111111
000000000000000000000
000000000000000000000
001111111111111111100
000001100110011001100
001011111111111111100
000011111111111111100
001011111111111111100
000011111111111111100
001011111111111111100
000011111111111111100
001011111111111111100
000011111111111111100
001011111111111111100
000011111111111111100
001011111111111111100
000011111111111111100
001011111111111111100
000100001101101101100
001111111111111111100
000000000000000000000
000000000000000000000
end
