PSO TRACE
INIT:../../instances/fazia/init.csv
REF:../../instances/fazia/asm4.csv
DecodingPolicy:CPPNot
MutationPolicy:Null
ParticleNeighborhood:Fixed
ParticleDims:515
ParticleCount:100
AccP:2.0
AccG:2.0
AccL:1.5
AccI:2.3
Pos:0.0-3.0
Inertia:0.9-0.6
VeloMax:2.0
MaxPSOIteration:250
InertiaDecrFactor:0.0012000000000000001
INIT
000000000000000000000
000000000000000000000
000000000000000000000
000000000000000000000
000000000000000000000
000000000000000000000
000000000000000000000
000000000000000000000
000000000000000000000
000000000000000000000
000000000010000000000
000000000000000000000
000000000000000000000
000000000000000000000
000000000000000000000
000000000000000000000
000000000000000000000
000000000000000000000
000000000000000000000
000000000000000000000
000000000000000000000
REF
000000000000000000000
010000000000000000010
001011111111111111110
000000000000000000000
001011111111111110100
001011111111111110100
001011111111111110100
001011111111111110100
001011111011111110100
001011111101111110100
001011000101111110100
001011000110111110100
001011110111111110100
001011111111111110100
001011111111111110100
001011111111111110100
001011111111111110100
010100000000000001100
001011111111111110010
010000000000000001000
000000000000000000000
Classic CPP Decoder + Not Test
0 :1,2,3,4,
1 :0,2,3,4,
2 :0,1,3,4,
3 :0,1,2,4,
4 :0,1,2,3,
5 :6,7,8,9,
6 :5,7,8,9,
7 :5,6,8,9,
8 :5,6,7,9,
9 :5,6,7,8,
10 :11,12,13,14,
11 :10,12,13,14,
12 :10,11,13,14,
13 :10,11,12,14,
14 :10,11,12,13,
15 :16,17,18,19,
16 :15,17,18,19,
17 :15,16,18,19,
18 :15,16,17,19,
19 :15,16,17,18,
20 :21,22,23,24,
21 :20,22,23,24,
22 :20,21,23,24,
23 :20,21,22,24,
24 :20,21,22,23,
25 :26,27,28,29,
26 :25,27,28,29,
27 :25,26,28,29,
28 :25,26,27,29,
29 :25,26,27,28,
30 :31,32,33,34,
31 :30,32,33,34,
32 :30,31,33,34,
33 :30,31,32,34,
34 :30,31,32,33,
35 :36,37,38,39,
36 :35,37,38,39,
37 :35,36,38,39,
38 :35,36,37,39,
39 :35,36,37,38,
40 :41,42,43,44,
41 :40,42,43,44,
42 :40,41,43,44,
43 :40,41,42,44,
44 :40,41,42,43,
45 :46,47,48,49,
46 :45,47,48,49,
47 :45,46,48,49,
48 :45,46,47,49,
49 :45,46,47,48,
50 :51,52,53,54,
51 :50,52,53,54,
52 :50,51,53,54,
53 :50,51,52,54,
54 :50,51,52,53,
55 :56,57,58,59,
56 :55,57,58,59,
57 :55,56,58,59,
58 :55,56,57,59,
59 :55,56,57,58,
60 :61,62,63,64,
61 :60,62,63,64,
62 :60,61,63,64,
63 :60,61,62,64,
64 :60,61,62,63,
65 :66,67,68,69,
66 :65,67,68,69,
67 :65,66,68,69,
68 :65,66,67,69,
69 :65,66,67,68,
70 :71,72,73,74,
71 :70,72,73,74,
72 :70,71,73,74,
73 :70,71,72,74,
74 :70,71,72,73,
75 :76,77,78,79,
76 :75,77,78,79,
77 :75,76,78,79,
78 :75,76,77,79,
79 :75,76,77,78,
80 :81,82,83,84,
81 :80,82,83,84,
82 :80,81,83,84,
83 :80,81,82,84,
84 :80,81,82,83,
85 :86,87,88,89,
86 :85,87,88,89,
87 :85,86,88,89,
88 :85,86,87,89,
89 :85,86,87,88,
90 :91,92,93,94,
91 :90,92,93,94,
92 :90,91,93,94,
93 :90,91,92,94,
94 :90,91,92,93,
95 :96,97,98,99,
96 :95,97,98,99,
97 :95,96,98,99,
98 :95,96,97,99,
99 :95,96,97,98,
#
It:0:Diff:117:PSOStep:8:Time:0.329816739:s:AutomataStep:8:Transition:01111110110110011111111101111111111111011111011111111011111110000111111111111110111111011100001001101111111111001111111111101111111111011111011101101000111101110011101001111111101011001101111111110010101101111111111111111010110111011101111101110110101111010100111111011110011011000110111111101110000101100001101111110111111111110111110111011111111010111100111111001011101001011110011111111010011101001110110111011011110110110111110101110110111101111101100110011111001110111011100100001111100001111111111111111111
000000000000000000000
000000000000000000000
001100000000000001100
001100000000000001100
001111111111111111100
001111111101111111100
001111110111100111100
001111111110111111100
001111110011111111100
001111111111111111100
001111111111111110100
000100111111111111000
000011111111110010000
000001001111111100000
000000111100101000000
000000010111110000000
000000001110100000000
000000000101000000000
000000000010000000000
000000000000000000000
000000000000000000000
#
It:1:Diff:106:PSOStep:6:Time:0.386123177:s:AutomataStep:6:Transition:01101110111111011110111111011111111100111011110111111110010110111111111001111111111111111100001110111111101111011111110111111111111111111111111111001110111001111111111101111110011111111111111111110101011101111110110111111111110011111101111011010101101111011011011111110111011111111111111111101111111101111111111111111111111111110111110111011111111111111110111111011111111010111110000111101101111110111011111111111011100111101111111011110111011010111110101111110011111111111011101111111011000010111111111110111110
000000000000000000000
000000000000000000000
000000000000000000000
000000000000000000000
000010011110110110000
000011111111011100000
000011111101011110000
000001111101111110000
000011111111111110000
000010111111010100000
000011011111111110000
000001010000111110000
000011101101101110000
000010111111101100000
000011000000000110000
000001111111111110000
000011111111111110000
000000000000000000000
000000000000000000000
000000000000000000000
000000000000000000000
#
It:5:Diff:95:PSOStep:8:Time:0.580406959:s:AutomataStep:8:Transition:01111111110100111111111111100111111101111111111010111111111110111111101101111011101110110110110011111011101111111111110010111100011111111111111001001110110101101011111011111010011111111101111111110110111101111111101110011111110110111111111110110100111111111111111111111101001111110011111011101110101110011101111111100011111101111001110111111111101111111100111101010001111011000011001111101011111110000111111111111011111010001111111111000110011100110111100111101011001001111010001101010010001011111111111111011011
000000000000000000000
000000000000000000000
001111111111111111100
001010101011111111000
001111111111111111100
000010101011110110100
001110100011111010100
001011111111010011000
001111111111011100100
000000110110111110100
001111100111111011100
001010111111111111000
001111111111111111100
000010111111111110100
001110111100101011100
001011111111110101000
001001110000000010100
000100010001000000100
001010101010101010100
000000000000000000000
000000000000000000000
#
It:6:Diff:91:PSOStep:6:Time:0.678033016:s:AutomataStep:6:Transition:01111111111100111011010111111011101111111111101111111111110110111111101101111011111111110111110100111011111111111111110111111111110111111111111111001110111000100011111111111110011010101101111111111111011101111111111110011111111111111110111111110101111011111111110111111100001110110011111111101110101111011101101111111011101101111111100111001111111111111101011111010001111111110111100101111001111111100011111111111110110010111111111111101110011110111111101011101111100111101011101111110001001011111101111111011011
000000000000000000000
000000000000000000000
000000000000000000000
000000000000000000000
000011111111111110000
000011111111111110000
000011111111111110000
000001111111111110000
000011111110111110000
000011111011011110000
000011111111111110000
000001111111111110000
000011101111111110000
000011111111111110000
000011111110111110000
000001010101111110000
000011101110111010000
000000000000000000000
000000000000000000000
000000000000000000000
000000000000000000000
#
It:7:Diff:82:PSOStep:8:Time:0.774993367:s:AutomataStep:8:Transition:01111111111101101111110111111111111111111111100110111111110110111111101101110011111111010111110111111011011110111111110011111101110111111111111101001110111100100011111111111111011110111101111111111110011101111111111111011111111111111111111111110101111111111111110111111111001110110110110111111110111111111101111011111011101101110111100111101110111111111100011111010001101111110111000111111001111111100111111111111010100010111111111111101111011101111111111110111111101001111010101111110111001111111101111111011001
000000000000000000000
000000000000000000000
001111111111111111100
001111111111111111100
001111111111111111100
000111111111111111100
001111111111111111100
001111111111111111100
001111111111111111100
000101111111111111100
001111111111111111100
001111111111111111100
001111111111111111100
000101111111111111100
001111111111111111100
001111001111111111100
001111111111111111100
000101010111111111100
001111111111111111100
000000000000000000000
000000000000000000000
#
It:23:Diff:79:PSOStep:8:Time:1.641397404:s:AutomataStep:8:Transition:01111111111101101011111111111111111111110111100100110110110110111111101111110011100111010101110111111111111111111111111110011111110011111110111101101111111100100111111111111110001011111111111111111110111101111110101110111111111111111110111110110100110111001111110111111111101110111110110111101111111110111011111011111011100101111011101111101111111111111100011111001011001011110111011111101001111011111111111111111110111010111111111111111111011101111111110111100111101011111011110100100010001011111101011111011101
000000000000000000000
000000000000000000000
001111111111111111100
001111111111111111100
001111111111111111100
001111111111111111100
001111111111111111100
001111111111111111100
001111111111111111100
001111111111111111100
001111111111111111100
001111111111111111100
001111111111111111100
001111111111111111100
001111111111111111100
001111111111111111100
001111111111111111100
001111111111111111100
001111111111111111100
000000000000000000000
000000000000000000000
#
It:29:Diff:74:PSOStep:8:Time:1.990207583:s:AutomataStep:8:Transition:01111111111101101111011111111111111111111111000000111111110110111111101111110111111111010111110111111011011110111111110111011111110101111111111111101110110100100011111011111111011111101111111111111110111101111111111110011111111111111110111110111101110011011111111111111111001110111110110111111111111111111101111011111011100101111011100111111111111111111100011111001101111001111111011111101001111111111111111111111111110010111111111111110111111101111111111111110111101111111110110100110111001011101101011100011111
000000000000000000000
000000000000000000000
001111111111111111100
001111111111111111100
001111111111111111100
001111111111111111100
001111111111111111100
001111111111111111100
001111111111111111100
001111111111111111100
001111111110111111100
001111111111111111100
001111111111111111100
001111110000000111100
001111111111111111100
001111111111111111100
001111111111111111100
001100000000000001100
001111111111111111100
000000000000000000000
000000000000000000000
#
It:45:Diff:71:PSOStep:8:Time:2.844522392:s:AutomataStep:8:Transition:01111111111101111111001111110111101111111111101100111111110110111111101111110101111111010111110101111011011110111111110110011100110111111101111111000110110100100011111011111111011111111101111111111110111101101111111111011111111111111110111111110101111011101111111111111111001110111110110111111111111110111101111011111011100101110111100111111110101111111101011111001001111001111111001111101011111110111111111111111111110010111111111111100111101100111111111111111111101101111110110111110110001011111101111101011111
000000000000000000000
000000000000000000000
001111111111111111100
001111111111111111100
001111111111111111100
001111111111111111100
001111111111111111100
001111111111111111100
001111111111111111100
001111111111111111100
001111111111111111100
001111111111111111100
001111111111111111100
001111110111111111100
001111101111011111100
001111111111111111100
001111101110111111100
001100000000000001100
001111111111111111100
000000000000000000000
000000000000000000000
#
It:161:Diff:70:PSOStep:8:Time:8.911605627:s:AutomataStep:8:Transition:01111111111100101111110111110111101101101111000100011101110010111011101011110101111111011111110111111011011110111111110111011100110111110101111111000010110100100010111011101111011110111111111111111110111101101111100111011101111111111110111110110101111111101111111111111111001110111110110111111111101111011101111111101011100111110111110111111111101110011101011111001100111001101111001111101011111110110111110111111111101010111101111111110111000101111111101111111111111101111100110110110110001011111101011100011111
000000000000000000000
000000000000000000000
001111111111111111100
001111111111111100000
001111111111111100100
001111111111111110100
001111111111111011100
001111111111111110000
001111111111111111100
001111111111111110100
001111111111111111100
001111111111111110000
001111111111111110100
001111111111110110100
001111111111110101100
001111111111111110000
001111111111110111100
001101101101100001100
001111111111111111100
000000000000000000000
000000000000000000000
end
