PSO TRACE
INIT:../../instances/fazia/init.csv
REF:../../instances/fazia/asm4.csv
DecodingPolicy:CPPNot
MutationPolicy:Null
ParticleNeighborhood:Fixed
ParticleDims:515
ParticleCount:100
AccP:2.0
AccG:2.0
AccL:1.5
AccI:2.3
Pos:0.0-3.0
Inertia:0.9-0.6
VeloMax:2.0
MaxPSOIteration:250
InertiaDecrFactor:0.0012000000000000001
INIT
000000000000000000000
000000000000000000000
000000000000000000000
000000000000000000000
000000000000000000000
000000000000000000000
000000000000000000000
000000000000000000000
000000000000000000000
000000000000000000000
000000000010000000000
000000000000000000000
000000000000000000000
000000000000000000000
000000000000000000000
000000000000000000000
000000000000000000000
000000000000000000000
000000000000000000000
000000000000000000000
000000000000000000000
REF
000000000000000000000
010000000000000000010
001011111111111111110
000000000000000000000
001011111111111110100
001011111111111110100
001011111111111110100
001011111111111110100
001011111011111110100
001011111101111110100
001011000101111110100
001011000110111110100
001011110111111110100
001011111111111110100
001011111111111110100
001011111111111110100
001011111111111110100
010100000000000001100
001011111111111110010
010000000000000001000
000000000000000000000
Classic CPP Decoder + Not Test
0 :1,2,3,4,
1 :0,2,3,4,
2 :0,1,3,4,
3 :0,1,2,4,
4 :0,1,2,3,
5 :6,7,8,9,
6 :5,7,8,9,
7 :5,6,8,9,
8 :5,6,7,9,
9 :5,6,7,8,
10 :11,12,13,14,
11 :10,12,13,14,
12 :10,11,13,14,
13 :10,11,12,14,
14 :10,11,12,13,
15 :16,17,18,19,
16 :15,17,18,19,
17 :15,16,18,19,
18 :15,16,17,19,
19 :15,16,17,18,
20 :21,22,23,24,
21 :20,22,23,24,
22 :20,21,23,24,
23 :20,21,22,24,
24 :20,21,22,23,
25 :26,27,28,29,
26 :25,27,28,29,
27 :25,26,28,29,
28 :25,26,27,29,
29 :25,26,27,28,
30 :31,32,33,34,
31 :30,32,33,34,
32 :30,31,33,34,
33 :30,31,32,34,
34 :30,31,32,33,
35 :36,37,38,39,
36 :35,37,38,39,
37 :35,36,38,39,
38 :35,36,37,39,
39 :35,36,37,38,
40 :41,42,43,44,
41 :40,42,43,44,
42 :40,41,43,44,
43 :40,41,42,44,
44 :40,41,42,43,
45 :46,47,48,49,
46 :45,47,48,49,
47 :45,46,48,49,
48 :45,46,47,49,
49 :45,46,47,48,
50 :51,52,53,54,
51 :50,52,53,54,
52 :50,51,53,54,
53 :50,51,52,54,
54 :50,51,52,53,
55 :56,57,58,59,
56 :55,57,58,59,
57 :55,56,58,59,
58 :55,56,57,59,
59 :55,56,57,58,
60 :61,62,63,64,
61 :60,62,63,64,
62 :60,61,63,64,
63 :60,61,62,64,
64 :60,61,62,63,
65 :66,67,68,69,
66 :65,67,68,69,
67 :65,66,68,69,
68 :65,66,67,69,
69 :65,66,67,68,
70 :71,72,73,74,
71 :70,72,73,74,
72 :70,71,73,74,
73 :70,71,72,74,
74 :70,71,72,73,
75 :76,77,78,79,
76 :75,77,78,79,
77 :75,76,78,79,
78 :75,76,77,79,
79 :75,76,77,78,
80 :81,82,83,84,
81 :80,82,83,84,
82 :80,81,83,84,
83 :80,81,82,84,
84 :80,81,82,83,
85 :86,87,88,89,
86 :85,87,88,89,
87 :85,86,88,89,
88 :85,86,87,89,
89 :85,86,87,88,
90 :91,92,93,94,
91 :90,92,93,94,
92 :90,91,93,94,
93 :90,91,92,94,
94 :90,91,92,93,
95 :96,97,98,99,
96 :95,97,98,99,
97 :95,96,98,99,
98 :95,96,97,99,
99 :95,96,97,98,
#
It:0:Diff:116:PSOStep:8:Time:0.296451586:s:AutomataStep:8:Transition:01101101111110110100011111010101101111110111101001010011001011011111110111011111111110111010011001010111110111010110101111110101111111111110011001111111100011111011111111001011011111111011111011001100101111110010010011100111101110011011101110011111111101101101110110011111101110111001111110101111101011110111110001011111001111111110101110111111111010100010111111111111111111111101111101111110010111010011101111101101000100111110111110110110100010110110111111111111011101111000101111011110111111111111111011000010
000000000000000000000
000000000000000000000
001011111111111110100
001010000000000000100
001001111111111111100
001010101010111111100
001001100110100001100
001000101110111101100
001100111111001111100
001011111011111101100
001011110010101001100
001101111111111101100
001011101011100111100
001010101111101101100
001100101101000001100
001011111001001001100
001011111111101111100
001111111011101110100
001100100011100000100
000000000000000000000
000000000000000000000
#
It:1:Diff:104:PSOStep:8:Time:0.411048511:s:AutomataStep:8:Transition:01101101111110110100010011011101101110110110101001010011001011111111111111011110111111111011001000010111110111010100101101110101111111101110011001111111100011111011111111101011010111101001111111001100101101100010011011101111101110011011111110000111111101101100110110011111101110111011111100101110111010110110110001011111001111110110101100111111111010101010111111111111110110011101111101111111000111010011101111101001000110111110111011111110100010110010111111111110111101111100101111111110111111111111001011000110
000000000000000000000
000000000000000000000
001011111111111110100
001010000000000000100
001001111111111101100
001011101110011100000
001000111111001011100
001001011010110110100
001111011110110111100
001011100110111010000
001010000011000101100
001110001111011110100
001011011111110011100
001011000111111110000
001110110001001101100
001011111111011110100
001011111111001011100
001111111101111110000
001100100011100000100
000000000000000000000
000000000000000000000
#
It:3:Diff:99:PSOStep:6:Time:0.536158088:s:AutomataStep:6:Transition:01111111111110011110011111111001110111110110111011011111101011111111111111011111111110111001111101010011111101010100111110111101111111111110111001111011101110111011111111111111110111101111111111011100111111100010100011100111111110011011111111111111111101111101110110011111011110111011111111101111111000110110110001011111101111110110011110111111111111110111111111111111111111101101111101111111001111010111111111111101101111110110111111110111100110110111111111111111110111010001101111111111111110011111011111000110
000000000000000000000
000000000000000000000
000000000000000000000
000000000000000000000
000011111111111110000
000011111111111110000
000010011011010110000
000011111111111110000
000010111111111110000
000011110010110110000
000010110111111110000
000011110111110110000
000010110111111110000
000011110011011110000
000010110101111110000
000011110110111110000
000011011011110010000
000000000000000000000
000000000000000000000
000000000000000000000
000000000000000000000
#
It:6:Diff:96:PSOStep:8:Time:0.746399073:s:AutomataStep:8:Transition:01101111110010000100111111111101111110111111111011110101101111111011111111011011111110111111110011111110111001111111001110011101111111101110111101111111111110111011101111111011110111111111111101111101101011110010011011111111100110011111111110110111101101011110010111110111111110111011010100001110111011110111011011111111101111111111111100011111111111101111111101111101110110001101111101111111101111011111011001110101100111101110110111110111100010111111111101111110110111110110101110111111010110111111111010001110
000000000000000000000
000000000000000000000
001011101110111011100
001111101100110011100
001011111110111111100
001111111100111011000
001011111101111010100
001111111101010101100
001011111111101110100
001111111100111111000
001011111110111111100
001111110110001111100
001011111100110111100
001111111010100111000
001011111110101110100
001110011011111101100
001010111110001110100
001111111111111111000
001011111111111110100
000000000000000000000
000000000000000000000
#
It:11:Diff:87:PSOStep:8:Time:1.046196915:s:AutomataStep:8:Transition:01111111111111111100011111011111101110010111111011110110111011111111111111011010111110011011101000111111110111111101001101111101111111101110111011111110101111111011111110011011110111101011111111011110111001100111010111101111101111011111111110110101101111111100110111001101011110111001111111001110100110110110111001111111101111111110111110001111111111100111111101110111100111001000111111110111111110111111101111111111110001101110110111111011101100110111111111111110111111111011110110111110111111111111110110011111
000000000000000000000
000000000000000000000
001111111111111111100
001111111111111111100
001011111111111111100
001011111111111111100
001011111111111111100
001011111111111111100
001011111111111111100
001011111111111111100
001011111111111111100
001010111111111111100
001011101111111111100
001011111111111111100
001011110011111111100
001011100011111111100
001011111110111111100
001111111111111111100
001100000000000001100
000000000000000000000
000000000000000000000
#
It:12:Diff:77:PSOStep:6:Time:1.10268534:s:AutomataStep:6:Transition:01111111111111011110011011111111111110010111111011110111111111111111111111011111111111111011110010111111110111011111011101110101110111111110110111111111101111111011111111111011111111101101111111111100111001101011011011111101111111011111111101010111101111111110010111101111111100111001111111101110110111110111111111011111101111111101111100101111111111101111111101110111111111001100111111111111110111011101011111110111100111101110111111101011101110111111111111111110111111110111111111111110111110111111110111011111
000000000000000000000
000000000000000000000
000000000000000000000
000000000000000000000
000011111111111110000
000011111111111110000
000011111111111110000
000011111111111110000
000011111111111110000
000011111111111110000
000011111111111110000
000011111111111110000
000011111111111110000
000011111111111110000
000011111111111110000
000011111111111110000
000011111111111110000
000000000000000000000
000000000000000000000
000000000000000000000
000000000000000000000
#
It:18:Diff:75:PSOStep:8:Time:1.411124741:s:AutomataStep:8:Transition:01111011111111011000011111011111110111111111111011111111111111111111110111011011111110111111110001101011110111011111001101110101110001001110111111111111100111111011111111011011101111111101101111111011100001101011011011101001111110000011111101010111100111111111010111001101111111111101111111101110110111111110101111010111011111110111111111101111111110001111111111110011111111011100110101111111011111011001101111101111100011111110111101101011101110111110111111111111111111111111111111101110011111111111011111111101
000000000000000000000
000000000000000000000
001111111111111111100
001111111111111111100
001011111111111111100
001011111111111111100
001001111111111111100
001011111111111111100
001011110111111111100
001001111111111111100
001011111011111111100
001011111111111111100
001011111101111111100
001011111011111111100
001011111111111011100
001010111111111111100
001011111111111101100
001110111011101110100
001110111011101110100
000000000000000000000
000000000000000000000
#
It:23:Diff:69:PSOStep:8:Time:1.715511229:s:AutomataStep:8:Transition:01111011011100011110011111110011111110110111111011111011100101111101100111011110111110011111100100111011111111111011001101110101111011101110111011011010100111011011111110111110111111111111111111011110101001101111110001111111111111010111111110110110110110111101010111111011111110111001111111001110111110111111011001111111101110101111111110011111111111100111111101110111110111011100110111111111011111011111001111111111111110111110011111111001101100111111111111111110111111011111111111111110111011111111011111111111
000000000000000000000
000000000000000000000
001111111111111111100
000111111111111111100
001011111111111110100
000111111111111110100
001111111111111110100
000110111111111110100
001011111111111110100
000111111111111110100
001111111111111110100
000110111111111110100
001011111111111110100
000111111111111110100
001111111111111110100
000110111111111110100
001011111111111110100
000111111111111111100
001111111111111111100
000000000000000000000
000000000000000000000
#
It:43:Diff:67:PSOStep:8:Time:2.894963319:s:AutomataStep:8:Transition:01111011111111011110011111110011110110111111111011111111101101111111100011111111111110111011100101111011111111111111011111110101111011101110111111011110100111011011111110111111101111101111111111011111101011101111111001101111111111010111111111110111110111111101010111111111111111111101110111001111100110111111011001111111111111111111111110011011111111111111111101110111111111011101110110111111011111011111101111111111110110111110111110111011101100111111111111111110111111111111111111111111111011111111011111111111
000000000000000000000
000000000000000000000
001111111111111111100
001111111111111111100
001011111111111111100
001011111111111111100
001011111111111111100
001011111111111111100
001011111111111111100
001011111111111111100
001011111111111111100
001011111111111111100
001011111111111111100
001011111111111111100
001011111111111111100
001011111111111111100
001011111111111111100
001011111111111111100
001111111111111111100
000000000000000000000
000000000000000000000
#
It:84:Diff:49:PSOStep:8:Time:5.440710495:s:AutomataStep:8:Transition:01111011111101011100011111110011110110111011010010111111101101101111100011111111111110111011110100111111110111111110011111110101111011101110111111011011100111111011111110111111101111101111111111010111101011101110111001101111111111010111111111010111110111111101010111111101111111111001110111101111100110011111011001011111001111111111111110011011111111111111111101110111111111011101110100111111011111011111101111111111110010111110111110111001101110111111111111111110111111111111111111110010111011111111111111111111
000000000000000000000
000000000000000000000
001111111111111111100
001100011101110001100
001011111111111110100
001011111111111110100
001011111111111110100
001011111111111110100
001011111111111110100
001011111111111110100
001011111111111110100
001011111111111110100
001011111111111110100
001011111111111110100
001011111111111110100
001011111111111110100
001011111111111110100
001011111111111111100
001110111011101110100
000000000000000000000
000000000000000000000
#
It:152:Diff:44:PSOStep:5:Time:9.519947844:s:AutomataStep:5:Transition:11100111100111111100100101110111111000111101100101111100111111000011000011100110100101111100001111110000011010101101100010111001111101011101000101111110000001110101110101100111100101110011101100100111110110011010000110001110010010111000000111001110001011010000101011111100101000110111110010111111111111111001110010101010011010011011111001111000100101111010110111011100010110111110011111101001011000101111101100001111111111010001100101111101010010001111001100111110011001011010111101001101111111101101101101110111
110100000000000000011
111100000000000000011
001011111111111111001
011100000000000000010
001011111111111110100
001011111111111110100
001011111111111110100
001011111111111110100
001011111111111110100
001011111100111110100
001011110111011110100
001011111100111110100
001011111111111110100
001011111111111110100
001011111111111110100
001010111111111110100
001011111111111110100
010100000000000000100
101011111111111111000
111100000000000000101
111100000000000000011
end
