PSO TRACE
INIT:../../instances/fazia/init.csv
REF:../../instances/fazia/asm3.csv
DecodingPolicy:Nibble
MutationPolicy:Std
ParticleNeighborhood:Fixed
ParticleDims:146
ParticleCount:100
AccP:2.0
AccG:2.0
AccL:1.5
AccI:2.3
Pos:0.0-3.0
Inertia:0.9-0.6
VeloMax:2.0
MaxPSOIteration:500
InertiaDecrFactor:6.000000000000001E-4
INIT
000000000000000000000
000000000000000000000
000000000000000000000
000000000000000000000
000000000000000000000
000000000000000000000
000000000000000000000
000000000000000000000
000000000000000000000
000000000000000000000
000000000010000000000
000000000000000000000
000000000000000000000
000000000000000000000
000000000000000000000
000000000000000000000
000000000000000000000
000000000000000000000
000000000000000000000
000000000000000000000
000000000000000000000
REF
000000000000000000000
000000000000000000000
000000000000000000000
000111111111111111000
000011000011011110000
000111011110111101000
000000110111100010000
000111101011011111000
000010011111010110000
000111101110110001000
000001011001011110000
000111111110111111000
000011100010101010000
000111110011101101000
000000110011101110000
000111101110011111000
000010010101110110000
000111001100110011000
000000000000000000000
000000000000000000000
000000000000000000000
Nibble Decoder
0 :1,2,3,4,
1 :0,2,3,4,
2 :0,1,3,4,
3 :0,1,2,4,
4 :0,1,2,3,
5 :6,7,8,9,
6 :5,7,8,9,
7 :5,6,8,9,
8 :5,6,7,9,
9 :5,6,7,8,
10 :11,12,13,14,
11 :10,12,13,14,
12 :10,11,13,14,
13 :10,11,12,14,
14 :10,11,12,13,
15 :16,17,18,19,
16 :15,17,18,19,
17 :15,16,18,19,
18 :15,16,17,19,
19 :15,16,17,18,
20 :21,22,23,24,
21 :20,22,23,24,
22 :20,21,23,24,
23 :20,21,22,24,
24 :20,21,22,23,
25 :26,27,28,29,
26 :25,27,28,29,
27 :25,26,28,29,
28 :25,26,27,29,
29 :25,26,27,28,
30 :31,32,33,34,
31 :30,32,33,34,
32 :30,31,33,34,
33 :30,31,32,34,
34 :30,31,32,33,
35 :36,37,38,39,
36 :35,37,38,39,
37 :35,36,38,39,
38 :35,36,37,39,
39 :35,36,37,38,
40 :41,42,43,44,
41 :40,42,43,44,
42 :40,41,43,44,
43 :40,41,42,44,
44 :40,41,42,43,
45 :46,47,48,49,
46 :45,47,48,49,
47 :45,46,48,49,
48 :45,46,47,49,
49 :45,46,47,48,
50 :51,52,53,54,
51 :50,52,53,54,
52 :50,51,53,54,
53 :50,51,52,54,
54 :50,51,52,53,
55 :56,57,58,59,
56 :55,57,58,59,
57 :55,56,58,59,
58 :55,56,57,59,
59 :55,56,57,58,
60 :61,62,63,64,
61 :60,62,63,64,
62 :60,61,63,64,
63 :60,61,62,64,
64 :60,61,62,63,
65 :66,67,68,69,
66 :65,67,68,69,
67 :65,66,68,69,
68 :65,66,67,69,
69 :65,66,67,68,
70 :71,72,73,74,
71 :70,72,73,74,
72 :70,71,73,74,
73 :70,71,72,74,
74 :70,71,72,73,
75 :76,77,78,79,
76 :75,77,78,79,
77 :75,76,78,79,
78 :75,76,77,79,
79 :75,76,77,78,
80 :81,82,83,84,
81 :80,82,83,84,
82 :80,81,83,84,
83 :80,81,82,84,
84 :80,81,82,83,
85 :86,87,88,89,
86 :85,87,88,89,
87 :85,86,88,89,
88 :85,86,87,89,
89 :85,86,87,88,
90 :91,92,93,94,
91 :90,92,93,94,
92 :90,91,93,94,
93 :90,91,92,94,
94 :90,91,92,93,
95 :96,97,98,99,
96 :95,97,98,99,
97 :95,96,98,99,
98 :95,96,97,99,
99 :95,96,97,98,
#
It:0:Diff:123:PSOStep:6:Time:0.433981874:s:AutomataStep:6:Transition:01000000111000100110001000101000111011100000001001101100011001101100100011001000110000101110100010100100110000000100000001000100100010001010110001101100111011100000011010000110100010000100100001101010111010101110000001101110001010001100011011000100011001001010001010001110000000101110101011000100010001000010000011001010001001001010111001101110000010100100001000100100001010101100011000101000101010001100111001001110110000001110001000100000111011100100011011000010010010001000110010000100010000101110010010101010
000000000000000000000
000000000000000000000
000000000000000000000
000000000000000000000
000010000000000000000
000011100000000000000
000010000000000000000
000011100110000000000
000010000001000000000
000010111000011000000
000010000000001010000
000010001011111000000
000010110000000010000
000011010010010000000
000010011100100110000
000011100000101110000
000010001000100010000
000000000000000000000
000000000000000000000
000000000000000000000
000000000000000000000
#
It:1:Diff:94:PSOStep:7:Time:0.842533214:s:AutomataStep:7:Transition:01001000000011101100001000101100101011001000100010001100010000101100010011000000110010000000101000101100110011101010011001001100101010001110110000001100111000100010010000000010111001001100001010001110000010100010111001101000110001001100101011001100011001001110111001001000101011101010100001001100110000101000100011001110001011001110100001100100111011100100111000101100010011100100111011100100100010101100000011001000101000100100110011001110010011100100110011001110110011000010101001100100110000001010110000001110
000000000000000000000
000000000000000000000
000000000000000000000
000101010101010101000
000011001100110011000
000111101000111011000
000010000000001000000
000111001100101001000
000010011110111101000
000111101010110001000
000010000111001000000
000111011000000001000
000011101010100001000
000111110000011101000
000010100001111000000
000101100110111001000
000001100000011111000
000111010101010111000
000000000000000000000
000000000000000000000
000000000000000000000
#
It:48:Diff:78:PSOStep:7:Time:4.539100656:s:AutomataStep:7:Transition:01101110000011100000111001100010010000101110010011100010000010101100011000100010001010001000100001000010101000101000010001100010111011101110001011000010110011100000111011100000001011000010011001001010011011100010111001100100001001100010111001000010011000101110111000100100111011101110110001000010010000101000101000101110011000100000111001101100011011100010111011100100001011100010010011100010100000100010111000100110010010000110110011001110011011100010100010101000001000100110111000100010001001000110110001001110
000000000000000000000
000000000000000000000
000000000000000000000
000111100011011011000
000000001010011100000
000111011110011001000
000000011110100010000
000111000000001101000
000000001110010110000
000111000111010011000
000000001100110110000
000111000110101001000
000000001111000010000
000111000000101011000
000000000110011110000
000111011100000001000
000000000110100110000
000111111001111011000
000000000000000000000
000000000000000000000
000000000000000000000
end
