PSO TRACE
INIT:../../instances/fazia/init.csv
REF:../../instances/fazia/asm3.csv
DecodingPolicy:Nibble
MutationPolicy:Std
ParticleNeighborhood:Fixed
ParticleDims:146
ParticleCount:100
AccP:2.0
AccG:2.0
AccL:1.5
AccI:2.3
Pos:0.0-3.0
Inertia:0.9-0.6
VeloMax:2.0
MaxPSOIteration:500
InertiaDecrFactor:6.000000000000001E-4
INIT
000000000000000000000
000000000000000000000
000000000000000000000
000000000000000000000
000000000000000000000
000000000000000000000
000000000000000000000
000000000000000000000
000000000000000000000
000000000000000000000
000000000010000000000
000000000000000000000
000000000000000000000
000000000000000000000
000000000000000000000
000000000000000000000
000000000000000000000
000000000000000000000
000000000000000000000
000000000000000000000
000000000000000000000
REF
000000000000000000000
000000000000000000000
000000000000000000000
000111111111111111000
000011000011011110000
000111011110111101000
000000110111100010000
000111101011011111000
000010011111010110000
000111101110110001000
000001011001011110000
000111111110111111000
000011100010101010000
000111110011101101000
000000110011101110000
000111101110011111000
000010010101110110000
000111001100110011000
000000000000000000000
000000000000000000000
000000000000000000000
Nibble Decoder
0 :1,2,3,4,
1 :0,2,3,4,
2 :0,1,3,4,
3 :0,1,2,4,
4 :0,1,2,3,
5 :6,7,8,9,
6 :5,7,8,9,
7 :5,6,8,9,
8 :5,6,7,9,
9 :5,6,7,8,
10 :11,12,13,14,
11 :10,12,13,14,
12 :10,11,13,14,
13 :10,11,12,14,
14 :10,11,12,13,
15 :16,17,18,19,
16 :15,17,18,19,
17 :15,16,18,19,
18 :15,16,17,19,
19 :15,16,17,18,
20 :21,22,23,24,
21 :20,22,23,24,
22 :20,21,23,24,
23 :20,21,22,24,
24 :20,21,22,23,
25 :26,27,28,29,
26 :25,27,28,29,
27 :25,26,28,29,
28 :25,26,27,29,
29 :25,26,27,28,
30 :31,32,33,34,
31 :30,32,33,34,
32 :30,31,33,34,
33 :30,31,32,34,
34 :30,31,32,33,
35 :36,37,38,39,
36 :35,37,38,39,
37 :35,36,38,39,
38 :35,36,37,39,
39 :35,36,37,38,
40 :41,42,43,44,
41 :40,42,43,44,
42 :40,41,43,44,
43 :40,41,42,44,
44 :40,41,42,43,
45 :46,47,48,49,
46 :45,47,48,49,
47 :45,46,48,49,
48 :45,46,47,49,
49 :45,46,47,48,
50 :51,52,53,54,
51 :50,52,53,54,
52 :50,51,53,54,
53 :50,51,52,54,
54 :50,51,52,53,
55 :56,57,58,59,
56 :55,57,58,59,
57 :55,56,58,59,
58 :55,56,57,59,
59 :55,56,57,58,
60 :61,62,63,64,
61 :60,62,63,64,
62 :60,61,63,64,
63 :60,61,62,64,
64 :60,61,62,63,
65 :66,67,68,69,
66 :65,67,68,69,
67 :65,66,68,69,
68 :65,66,67,69,
69 :65,66,67,68,
70 :71,72,73,74,
71 :70,72,73,74,
72 :70,71,73,74,
73 :70,71,72,74,
74 :70,71,72,73,
75 :76,77,78,79,
76 :75,77,78,79,
77 :75,76,78,79,
78 :75,76,77,79,
79 :75,76,77,78,
80 :81,82,83,84,
81 :80,82,83,84,
82 :80,81,83,84,
83 :80,81,82,84,
84 :80,81,82,83,
85 :86,87,88,89,
86 :85,87,88,89,
87 :85,86,88,89,
88 :85,86,87,89,
89 :85,86,87,88,
90 :91,92,93,94,
91 :90,92,93,94,
92 :90,91,93,94,
93 :90,91,92,94,
94 :90,91,92,93,
95 :96,97,98,99,
96 :95,97,98,99,
97 :95,96,98,99,
98 :95,96,97,99,
99 :95,96,97,98,
#
It:0:Diff:124:PSOStep:7:Time:0.444502802:s:AutomataStep:7:Transition:01101010000010100010001010101000111010001100000011001100000000100010111010001100100011101100111001000000111011101010111000001010001001101010010010000100000001001000101001101110101000001010101000000010000011000110100000001110010011001000100010001100101001100100001011001110010010001010010000001100111010100010101000000110101010101110000000001000001010100100011011101010111000100100100000100000100000101010001011001100100001100000010011100100010001100100111000001000100000001100011010000010010011001100010011001010
000000000000000000000
000000000000000000000
000000000000000000000
000111111001111011000
000001101110001001000
000010100110010000000
000000001100111110000
000000101010100100000
000000001100011010000
000000101000000100000
000000000111011010000
000000001010101000000
000000000000000000000
000000000000000000000
000000000000000000000
000000000000000000000
000000000000000000000
000000000000000000000
000000000000000000000
000000000000000000000
000000000000000000000
#
It:1:Diff:106:PSOStep:7:Time:0.81470303:s:AutomataStep:7:Transition:01001010100010100100000001000000101000000100010011001000001010001000011010001100010010000100101000100010100010000110111000100110001011101010101010000100101001101010101010000110100010001110001011001010110001000110010000001100111000001010101001001110111010001000100011101100010011000110111010000100101011000010010010000110110001100110110010100000011001101110110000100110101001100100101000001000101010000000010011101010001000101000100011001010111011000100110001000100011000100000110001100110111011101110110001000010
000000000000000000000
000000000000000000000
000000000000000000000
000101010101010101000
000100010001000101000
000101101100000001000
000100110111100011000
000110110111111000000
000110111011001010000
000011100011101100000
000000101001111101000
000100001110010011000
000110011110000000000
000111010011111001000
000100110100011011000
000001001010100100000
000101110111011101000
000101010101010101000
000000000000000000000
000000000000000000000
000000000000000000000
#
It:2:Diff:95:PSOStep:7:Time:0.921353843:s:AutomataStep:7:Transition:01001100010011001010000001000010110011001100010011000100000011101110011011100100010001101100110000100010010000000010111011000010111000101010001011000000110011101110111000101110000000100010110000100010000011000000110011001000000011001110110011100010011000101110001000101100110001001110001011000010101010001110101000101110010001100100001010000010110010100110110011001100101010101100001010000010001010001100110000101110100000101100001001101100001000000100000000100010011001001100110000101110001011100110010000001100
000000000000000000000
000000000000000000000
000000000000000000000
000101010101010101000
000011111111111111000
000110101000100001000
000000100010111010000
000110101000100111000
000001000011110010000
000111111000101101000
000000000011010100000
000110000111101111000
000010000000000110000
000110100011000011000
000010000100001110000
000110100111101001000
000001010100000101000
000111111001111011000
000000000000000000000
000000000000000000000
000000000000000000000
#
It:26:Diff:93:PSOStep:7:Time:2.617187532:s:AutomataStep:7:Transition:01001000111010001010101011101000000001101000011010101100110010101010010010101100011000001100110010100110100011000110101011001100101010101010011011001100110001101000100011000110001011101110110011000110100011000110110000000010100000001000001010101010011001101010101001101100110011100110110011001010001010000110010000100010110011100010001000101010011011000000001011001010011011101010001000000110011010101010000001101010101010101100011000101100011011101100110011101110100000100010111011101110000001100110000011001100
000000000000000000000
000000000000000000000
000000000000000000000
000101010101010101000
000111011001100010000
000110001000111001000
000011110111000110000
000110001100001101000
000000111011110110000
000110001101101101000
000001111101110110000
000110100010011011000
000001101101110010000
000111001110010011000
000011111011101010000
000100010001000111000
000110111011101110000
000111011101110111000
000000000000000000000
000000000000000000000
000000000000000000000
#
It:42:Diff:91:PSOStep:7:Time:3.941182138:s:AutomataStep:7:Transition:01101010011001101000000001101000010001001000111010101000100001101010000001101100001001101000100001101000101010001110000010000010101001000110011010101110100010101010101010101010100001001100000000000110000010001110100010100110100010000000000010101010011001101010110010101000100000001110011010101100110001100010000010101010010001101100100010100000000010100110001010000000011000001000100010000110010000000100101001100000101001000000011010001000011001100000101010101010000001101110010001100010011001100010010010001000
000000000000000000000
000000000000000000000
000000000000000000000
000111111001111011000
000000000111001110000
000101001011110111000
000010000011000010000
000110110001100001000
000011000010000010000
000110000011111011000
000011011010000010000
000111101001100001000
000000001100001110000
000100111111010111000
000000100000001110000
000111001110000001000
000001011001000110000
000111111001111011000
000000000000000000000
000000000000000000000
000000000000000000000
#
It:76:Diff:88:PSOStep:7:Time:6.482916896:s:AutomataStep:7:Transition:01101000001000101010101000100000011000101010100011101010101001101110010000101100110000101010101000101010101001000010001010101100101001101100001001001000101011100000000011000110100000100010011010100010001010101100101011101110101010101110000010001100001011101110101001001110101011001000001011001010111001000110110011100100101000101000101011100000010000001110110000001010111000001010101010100010001010100000011001100110101000001010001010101010001010100000101010001100110001000000101000100100001000100110111010101000
000000000000000000000
000000000000000000000
000000000000000000000
000111011101110111000
000011101000110110000
000111011000000001000
000001000011000110000
000100100100010111000
000010101101110110000
000111011111100001000
000001100111100110000
000100000100001111000
000010110110110110000
000111000000001001000
000001010111000010000
000100110100111011000
000011111111110010000
000111111111111111000
000000000000000000000
000000000000000000000
000000000000000000000
#
It:106:Diff:87:PSOStep:7:Time:8.714489654:s:AutomataStep:7:Transition:01101000001000101000100001101100011001001000001000101000101000101010100010100010001000101000010000100010100000000100100010101010011000100010001010001010100001000110001010101010001000101110001001100010011000100110010011000110100010001010001010001110001000101000110010101000111001101000000000001010101000101010001000001000010000101000100010100110001010000100100000100010000010100100001010000010110000100010001011000110011001001000111001001000001011100100100010101000101011000010100000100110011000100010001010001000
000000000000000000000
000000000000000000000
000000000000000000000
000111011101110111000
000001101011110110000
000101110100010111000
000001110101111000000
000100010011110011000
000010011010111110000
000101101110001001000
000000011100000010000
000110101111110011000
000000101010100000000
000101000000000001000
000011000010100100000
000110100000100011000
000010011000000110000
000101010101010101000
000000000000000000000
000000000000000000000
000000000000000000000
#
It:390:Diff:85:PSOStep:7:Time:27.812985126:s:AutomataStep:7:Transition:01101010010001101000111000100010101010101000010011001110111000001000010000100100000000001000110000001010111011000010110010101000000010000100000000001010101011100010010010000110000011100000010011100110010010001010000010100000111010100000001011100110011000001110000000001010010011000100000010100000011001001100111000001100010001100000001010100000110011101100001000000000000000101110000000100000000010000100100001100100001011101010000011100000000010000100001010100100011010000010000000001110000000100000010010001010
000000000000000000000
000000000000000000000
000000000000000000000
000111111001111011000
000011100111011011000
000101011110111101000
000000000001100010000
000111110101100111000
000011000011100000000
000101001100110111000
000000001001001110000
000111100011000001000
000011111101111000000
000101011110100011000
000000000011101000000
000111110010101101000
000011001000010001000
000101010101010101000
000000000000000000000
000000000000000000000
000000000000000000000
end
