PSO TRACE
INIT:../../instances/fazia/init.csv
REF:../../instances/fazia/asm3.csv
DecodingPolicy:Nibble
MutationPolicy:Std
ParticleNeighborhood:Fixed
ParticleDims:146
ParticleCount:100
AccP:2.0
AccG:2.0
AccL:1.5
AccI:2.3
Pos:0.0-3.0
Inertia:0.9-0.6
VeloMax:2.0
MaxPSOIteration:500
InertiaDecrFactor:6.000000000000001E-4
INIT
000000000000000000000
000000000000000000000
000000000000000000000
000000000000000000000
000000000000000000000
000000000000000000000
000000000000000000000
000000000000000000000
000000000000000000000
000000000000000000000
000000000010000000000
000000000000000000000
000000000000000000000
000000000000000000000
000000000000000000000
000000000000000000000
000000000000000000000
000000000000000000000
000000000000000000000
000000000000000000000
000000000000000000000
REF
000000000000000000000
000000000000000000000
000000000000000000000
000111111111111111000
000011000011011110000
000111011110111101000
000000110111100010000
000111101011011111000
000010011111010110000
000111101110110001000
000001011001011110000
000111111110111111000
000011100010101010000
000111110011101101000
000000110011101110000
000111101110011111000
000010010101110110000
000111001100110011000
000000000000000000000
000000000000000000000
000000000000000000000
Nibble Decoder
0 :1,2,3,4,
1 :0,2,3,4,
2 :0,1,3,4,
3 :0,1,2,4,
4 :0,1,2,3,
5 :6,7,8,9,
6 :5,7,8,9,
7 :5,6,8,9,
8 :5,6,7,9,
9 :5,6,7,8,
10 :11,12,13,14,
11 :10,12,13,14,
12 :10,11,13,14,
13 :10,11,12,14,
14 :10,11,12,13,
15 :16,17,18,19,
16 :15,17,18,19,
17 :15,16,18,19,
18 :15,16,17,19,
19 :15,16,17,18,
20 :21,22,23,24,
21 :20,22,23,24,
22 :20,21,23,24,
23 :20,21,22,24,
24 :20,21,22,23,
25 :26,27,28,29,
26 :25,27,28,29,
27 :25,26,28,29,
28 :25,26,27,29,
29 :25,26,27,28,
30 :31,32,33,34,
31 :30,32,33,34,
32 :30,31,33,34,
33 :30,31,32,34,
34 :30,31,32,33,
35 :36,37,38,39,
36 :35,37,38,39,
37 :35,36,38,39,
38 :35,36,37,39,
39 :35,36,37,38,
40 :41,42,43,44,
41 :40,42,43,44,
42 :40,41,43,44,
43 :40,41,42,44,
44 :40,41,42,43,
45 :46,47,48,49,
46 :45,47,48,49,
47 :45,46,48,49,
48 :45,46,47,49,
49 :45,46,47,48,
50 :51,52,53,54,
51 :50,52,53,54,
52 :50,51,53,54,
53 :50,51,52,54,
54 :50,51,52,53,
55 :56,57,58,59,
56 :55,57,58,59,
57 :55,56,58,59,
58 :55,56,57,59,
59 :55,56,57,58,
60 :61,62,63,64,
61 :60,62,63,64,
62 :60,61,63,64,
63 :60,61,62,64,
64 :60,61,62,63,
65 :66,67,68,69,
66 :65,67,68,69,
67 :65,66,68,69,
68 :65,66,67,69,
69 :65,66,67,68,
70 :71,72,73,74,
71 :70,72,73,74,
72 :70,71,73,74,
73 :70,71,72,74,
74 :70,71,72,73,
75 :76,77,78,79,
76 :75,77,78,79,
77 :75,76,78,79,
78 :75,76,77,79,
79 :75,76,77,78,
80 :81,82,83,84,
81 :80,82,83,84,
82 :80,81,83,84,
83 :80,81,82,84,
84 :80,81,82,83,
85 :86,87,88,89,
86 :85,87,88,89,
87 :85,86,88,89,
88 :85,86,87,89,
89 :85,86,87,88,
90 :91,92,93,94,
91 :90,92,93,94,
92 :90,91,93,94,
93 :90,91,92,94,
94 :90,91,92,93,
95 :96,97,98,99,
96 :95,97,98,99,
97 :95,96,98,99,
98 :95,96,97,99,
99 :95,96,97,98,
#
It:0:Diff:115:PSOStep:6:Time:0.460040286:s:AutomataStep:6:Transition:01101010010011001000110011001000010011101110111011101010010000101100000011101100100011101000010011100100101010101110100010001010011001001010010001100110011000101000111000101100101000001110001001001000110011100100111000000000111001001110010000101000100001101110110011000100110001101110101000101100011001100000100011000010011001000110010001101110110001000110100010100110010001001110001010100010010000000100011001101000011000001110001001101100011010101100011010101100000000000100101011000110011010101100111001100010
000000000000000000000
000000000000000000000
000000000000000000000
000000000000000000000
000010010000100110000
000001011110110100000
000010010010011110000
000001010100000100000
000010011101000010000
000001111001111100000
000010000000101110000
000001111000000000000
000010000011100110000
000001001001101100000
000010011000100110000
000001100100010100000
000010001000100010000
000000000000000000000
000000000000000000000
000000000000000000000
000000000000000000000
#
It:2:Diff:106:PSOStep:7:Time:0.960136986:s:AutomataStep:7:Transition:01101000111010101000100011100000100011001000011010000100100010001000100011001000100010001110110011000010100000101100101010001000000000001000100011001110011000001000111000100110100011101100000001000000000011101010100001101000111010000000010010001000100010001110110011001000100010000100101010001110010010000100100001000010000011000100100010000110100011000110110010001000100010001010100011000010100001001000111010001110101011001010001010000000100011100110010010001000101011101000110010000110000001001000011010001010
000000000000000000000
000000000000000000000
000000000000000000000
000111011101110111000
000100011001110101000
000101100110001101000
000110110110001011000
000111010000100101000
000100000001010011000
000100000011101101000
000111010001110011000
000110101110001001000
000101000000101011000
000100100000000101000
000101001101010011000
000110100110001001000
000111001101110011000
000101010101010101000
000000000000000000000
000000000000000000000
000000000000000000000
#
It:6:Diff:104:PSOStep:7:Time:1.292423689:s:AutomataStep:7:Transition:01101010001011001110110000101100011011100000111000100000010000001100111011001110011000001100000011100010000010101100001000000110110000101100111000000100111000001000110000101110001001101110111011101110110011001110010011000010111000001100011000001110110011001100110000000100111001100010000001000000000011101000000001101100001000100100000011001100000000101010001000100110001001000110011010100110001010000000000011000010011011001000110011101110011011101110001000000010111011100000000011101110111011001100110001000100
000000000000000000000
000000000000000000000
000000000000000000000
000111111001111011000
000010010000100000000
000101001001011011000
000010011100111000000
000100011111001011000
000010000010010000000
000101001010001011000
000010000001101000000
000100010110110011000
000010000000010000000
000101100001001111000
000010011111110010000
000100000000000001000
000011000000101010000
000111111111111111000
000000000000000000000
000000000000000000000
000000000000000000000
#
It:8:Diff:97:PSOStep:7:Time:1.475432556:s:AutomataStep:7:Transition:01001100010011000010110010100000111001000100001011001010010010101100110011000010001000000100101000000010101000101110100011100100101011100110101011001100010000101100010000100100010011000010001001101100011011001110010010101100110000001100001000101110000011001100000011000010011011100010110001101010101010101100100000100010110000100100110011001100101001000100110000101010001000101100000010000110011000101010101010001100001011001100110010101100001010101000010000100100101000001100010010101010110001001100110011000110
000000000000000000000
000000000000000000000
000000000000000000000
000101010101010101000
000001011101110111000
000111000111100000000
000000000001100001000
000111100000001011000
000000101010010000000
000111000111111101000
000000010000001011000
000111000111000001000
000000111110100010000
000111110001011011000
000000100010010111000
000111000000000000000
000001110111011011000
000111011101110111000
000000000000000000000
000000000000000000000
000000000000000000000
#
It:14:Diff:94:PSOStep:7:Time:1.999418374:s:AutomataStep:7:Transition:01101010101001000000000010000110000011100000101000001010001011001100110000001100000010100010101011000010100011100110110001000100101010101010010000100000000011100000000011001000100010100000011011001010101001101000111001001000011001001010000010100000101011101110101000001010000000001000011011100000000000101010000000001010000010000110101010101110000000001100000010101100101010000110101011101100000000101100010000000000101010100000110000000100010011001000110011101110010010000110000001001010110010100100011000000110
000000000000000000000
000000000000000000000
000000000000000000000
000111111001111011000
000100100001001000000
000110001000110111000
000000000110101000000
000111010110010111000
000101010101110100000
000110000100110111000
000000000000000100000
000111101011011111000
000100000000000000000
000110000011100111000
000001111110101000000
000100000000000011000
000110000000000000000
000111111111111111000
000000000000000000000
000000000000000000000
000000000000000000000
#
It:30:Diff:92:PSOStep:7:Time:3.366960156:s:AutomataStep:7:Transition:01101100001000101010101010100100110011101110100010101000010011001010101001000100101011001100100001001010000001001000111011001110101001101010110001101110001010100100111010001110011010100010010000101100010001001100111011001110011011101010111001000010101011001100101011101110101011101110101011000110101010000000100011101110110000101100100010000000001011001010000010101010110011001000111011000100110011101100010011100010100000101100101011001100000011001010111011000000011000100000111011101010110010000000100011100000
000000000000000000000
000000000000000000000
000000000000000000000
000111011101110111000
000011001100110011000
000111000100010001000
000010001100110111000
000111011100111001000
000001000011011111000
000110011110000111000
000011110000010011000
000111000100011111000
000011010010101011000
000111100100111101000
000010000101000011000
000111000000110001000
000011011101010111000
000111011101110111000
000000000000000000000
000000000000000000000
000000000000000000000
#
It:121:Diff:91:PSOStep:7:Time:10.203274674:s:AutomataStep:7:Transition:01101010001011100110100010001010000001001110000001101010110010101110110000100010010001001100101000001100001001100000111000101000000010100100111010101100010001100110000011001000000001100010100001000100000011000010011011001100011001000000101001100110011001001000011001001100001000001110100010000110110001000010111011000100100001100110111000100110110000100000001000100110000001001100001001000100100011000010000001000100001001101100010000000010001000101010010001000000011001101000001010000110000001101010000011000110
000000000000000000000
000000000000000000000
000000000000000000000
000111111001111011000
000010100001101100000
000101011101010001000
000000010101001000000
000101111011011011000
000001110101101100000
000101001000010001000
000000010001011000000
000101000010101011000
000001001100000100000
000101010000001001000
000000100100010000000
000101111111111111000
000000110011001100000
000101010101010101000
000000000000000000000
000000000000000000000
000000000000000000000
#
It:129:Diff:90:PSOStep:7:Time:10.869324736:s:AutomataStep:7:Transition:01101000001010101110000000001010001001100110101001101000111011001100010001000110101001100110101001000000010001100010100010000100011001100110110000001110100001100110111010000010111001101110110011101000100010100000101000100100011001100010000010100010001001101110000001100100101011001000000010100110100001101000000000100000010010100100100001100110011010001010100011000110001001101000011001101000100011101000001000000110100001101100101001001100010001000000011000000110011001100110100001100110110001000110010010000110
000000000000000000000
000000000000000000000
000000000000000000000
000111011101110111000
000010010011001100000
000111001000101001000
000010011001010100000
000110110010100011000
000010011110001110000
000111100001000101000
000010110011000000000
000110000011100111000
000010010010011100000
000111011001011001000
000010010001000100000
000111101100101011000
000010010000101110000
000101010101010101000
000000000000000000000
000000000000000000000
000000000000000000000
#
It:168:Diff:89:PSOStep:7:Time:13.859287665:s:AutomataStep:7:Transition:01101100010000001110011001100100001001000110101001000000100001001000011010000100111000100100001010000100100000000100100010000110100010100110100001101100100001100110100010001000100001101000101001100000100000100000101010001000010000101100001001100100001001001000010001100100010011001000001001100110100001101000011011000010011000001000100001000110011000001000100010001110100001101010001001101000100010001000111000100110100000001000001001101000100001100100011001100110011000100110100011100010101001100100010010000110
000000000000000000000
000000000000000000000
000000000000000000000
000111011101110111000
000011101010001010000
000100011000000111000
000000001000100010000
000100101001010111000
000001010000000010000
000101000000100101000
000010001100011010000
000100010110001111000
000010001100101010000
000101100000110111000
000011000000110010000
000110000000100111000
000011000100110100000
000111011101110111000
000000000000000000000
000000000000000000000
000000000000000000000
#
It:196:Diff:86:PSOStep:7:Time:16.059306789:s:AutomataStep:7:Transition:01101000010010101010011001100110010001100110101001101100110010001000011000000110001000000110001000100110010000001000110011000010110011100110110001101110110001100100110011000000001001101000001001101110110001101010101010101100011001101110010001100110001001001100011001100110101001001100101001000110110001101100011010000100010001100000110000100110001000001100110011000100001001101000010000101100100011001000000000100100110010101100011001001100100000100000010001100110011000000110110011101010111000000110111000000110
000000000000000000000
000000000000000000000
000000000000000000000
000111011101110111000
000000101000101000000
000101011000100111000
000011110111110100000
000100110000010011000
000010000111000110000
000110101001010001000
000010010001000000000
000111010101111011000
000000000100111110000
000101101101100111000
000011000000000110000
000111000110111101000
000010011000000110000
000111011101110111000
000000000000000000000
000000000000000000000
000000000000000000000
#
It:218:Diff:85:PSOStep:7:Time:17.684041418:s:AutomataStep:7:Transition:01101100111010000010011001100110110001101000100001101000100011001010011010000010100011000010000010000100101001100000110010001000100010100010100001101100100011100110011010001000100001101010011001101000110011000110110000000000011001101000001000000110011010001000011010000110010011101100010001100110010001100000011010000110010010100010011010101110011010001000100001001000011010101010011001001100111010001100101010001110100010000100111010101000110010000100001001101010011001001000101010001010100010000100110010001010
000000000000000000000
000000000000000000000
000000000000000000000
000111011101110111000
000100000111000001000
000111000101001001000
000000010011100000000
000110111011001101000
000001010101110101000
000111011110000011000
000000000011001010000
000101011110011001000
000000110001010001000
000101000011011001000
000000011101000100000
000111101000001011000
000101010101010101000
000111011101110111000
000000000000000000000
000000000000000000000
000000000000000000000
#
It:248:Diff:82:PSOStep:7:Time:19.923703673:s:AutomataStep:7:Transition:01101100011010000100111011101110001011100110100011101000100011101010010011000000010000001110101000100010111011101100110010001000100001000010100011101000100010101110100010001000110011100010111011101100000001001110100000101100111011100110011001001110111000001000111000101110010011101100011001001110000011100010111010000010010000001010001010100100111011001110110001001110111001000000111000101100111010001000101010000000100000101110001010101000100011001010001011100000111001101010010010100010110000100110100001000010
000000000000000000000
000000000000000000000
000000000000000000000
000111011101110111000
000011100000000010000
000101110111001111000
000000111001101110000
000111100000111011000
000001100010011100000
000110000100110001000
000010111000110110000
000100010011101001000
000011101100000000000
000101110010101111000
000000000000110110000
000100110000001111000
000011011010110100000
000111001100110011000
000000000000000000000
000000000000000000000
000000000000000000000
#
It:280:Diff:78:PSOStep:7:Time:22.317120998:s:AutomataStep:7:Transition:01101100000011001010011010100110100001100110110001101100111010001000011011001110111011100110000000101010000001101100110011001100110011001010100001100100110001100110100011000000100001100110111000100100111011100110111000001100011000101110010001100110011010001100011001000100111011100100101000100110010001101110011011000100111001000110101001000000011001001010110001101000000001101000011001101100111010001100111010000100110000001110000010101100100000001010111001101110011001100110101011100000110000000110100001000000
000000000000000000000
000000000000000000000
000000000000000000000
000111011101110111000
000011001100010011000
000111011111100111000
000000100011111110000
000111000010110001000
000011011111010111000
000110110101100111000
000001011000000110000
000111011111001101000
000011110001100011000
000111101011100111000
000000101111111110000
000111011111110101000
000010111010001111000
000111111111111111000
000000000000000000000
000000000000000000000
000000000000000000000
end
