PSO TRACE
INIT:../../instances/fazia/init.csv
REF:../../instances/fazia/asm4.csv
DecodingPolicy:CPPNot:CDLE2
MutationPolicy:Std10
ParticleNeighborhood:Fixed
ParticleDims:515
ParticleCount:100
AccP:2.0
AccG:2.0
AccL:1.5
AccI:2.3
Pos:0.0-3.0
Inertia:0.9-0.6
VeloMax:2.0
MaxPSOIteration:250
InertiaDecrFactor:0.0012000000000000001
INIT
000000000000000000000
000000000000000000000
000000000000000000000
000000000000000000000
000000000000000000000
000000000000000000000
000000000000000000000
000000000000000000000
000000000000000000000
000000000000000000000
000000000010000000000
000000000000000000000
000000000000000000000
000000000000000000000
000000000000000000000
000000000000000000000
000000000000000000000
000000000000000000000
000000000000000000000
000000000000000000000
000000000000000000000
REF
000000000000000000000
010000000000000000010
001011111111111111110
000000000000000000000
001011111111111110100
001011111111111110100
001011111111111110100
001011111111111110100
001011111011111110100
001011111101111110100
001011000101111110100
001011000110111110100
001011110111111110100
001011111111111110100
001011111111111110100
001011111111111110100
001011111111111110100
010100000000000001100
001011111111111110010
010000000000000001000
000000000000000000000
Classic CPP Decoder + Not Test
0 :1,2,3,4,
1 :0,2,3,4,
2 :0,1,3,4,
3 :0,1,2,4,
4 :0,1,2,3,
5 :6,7,8,9,
6 :5,7,8,9,
7 :5,6,8,9,
8 :5,6,7,9,
9 :5,6,7,8,
10 :11,12,13,14,
11 :10,12,13,14,
12 :10,11,13,14,
13 :10,11,12,14,
14 :10,11,12,13,
15 :16,17,18,19,
16 :15,17,18,19,
17 :15,16,18,19,
18 :15,16,17,19,
19 :15,16,17,18,
20 :21,22,23,24,
21 :20,22,23,24,
22 :20,21,23,24,
23 :20,21,22,24,
24 :20,21,22,23,
25 :26,27,28,29,
26 :25,27,28,29,
27 :25,26,28,29,
28 :25,26,27,29,
29 :25,26,27,28,
30 :31,32,33,34,
31 :30,32,33,34,
32 :30,31,33,34,
33 :30,31,32,34,
34 :30,31,32,33,
35 :36,37,38,39,
36 :35,37,38,39,
37 :35,36,38,39,
38 :35,36,37,39,
39 :35,36,37,38,
40 :41,42,43,44,
41 :40,42,43,44,
42 :40,41,43,44,
43 :40,41,42,44,
44 :40,41,42,43,
45 :46,47,48,49,
46 :45,47,48,49,
47 :45,46,48,49,
48 :45,46,47,49,
49 :45,46,47,48,
50 :51,52,53,54,
51 :50,52,53,54,
52 :50,51,53,54,
53 :50,51,52,54,
54 :50,51,52,53,
55 :56,57,58,59,
56 :55,57,58,59,
57 :55,56,58,59,
58 :55,56,57,59,
59 :55,56,57,58,
60 :61,62,63,64,
61 :60,62,63,64,
62 :60,61,63,64,
63 :60,61,62,64,
64 :60,61,62,63,
65 :66,67,68,69,
66 :65,67,68,69,
67 :65,66,68,69,
68 :65,66,67,69,
69 :65,66,67,68,
70 :71,72,73,74,
71 :70,72,73,74,
72 :70,71,73,74,
73 :70,71,72,74,
74 :70,71,72,73,
75 :76,77,78,79,
76 :75,77,78,79,
77 :75,76,78,79,
78 :75,76,77,79,
79 :75,76,77,78,
80 :81,82,83,84,
81 :80,82,83,84,
82 :80,81,83,84,
83 :80,81,82,84,
84 :80,81,82,83,
85 :86,87,88,89,
86 :85,87,88,89,
87 :85,86,88,89,
88 :85,86,87,89,
89 :85,86,87,88,
90 :91,92,93,94,
91 :90,92,93,94,
92 :90,91,93,94,
93 :90,91,92,94,
94 :90,91,92,93,
95 :96,97,98,99,
96 :95,97,98,99,
97 :95,96,98,99,
98 :95,96,97,99,
99 :95,96,97,98,
#
It:0:Diff:129:PSOStep:3:Time:1.548416:s:AutomataStep:3:Transition:10001000001010000000101100100001001000101010000010000001010011100001000000000100000010010010000000000000000000110001100010010010101000100100010010010001100000000110000000000000001100001000011000000000000001100000000000100010000000001001100000001001001100000001000000010000000010011010010001000000010110000110001000011001100000111000000001000001000000000000110000001110000100011000000010000000000100110000000100011000111001000001010010000010000000010101010000000011110100000000010011101000101010100000010000000011
000000000000000000000
000000000000000000000
001111111111111111111
001111111111111111111
001111111111111111111
001111111111111111111
001111111111111111111
001111111000011111111
001111111100001111111
001111100100101111111
001111100111001111111
001111100000001111111
001111110000001111111
001111111100001111111
001111111111111111111
001111111111111111111
001111111111111111111
001111111111111111111
001111111111111111111
000000000000000000000
000000000000000000000
#
It:1:Diff:101:PSOStep:3:Time:2.662248:s:AutomataStep:3:Transition:10001110001100111001001101110111110001011001101011010000011110101111110000100110101111100111110110010110101001101010011001101101101001100011001010010001001011101111101010110110010110110110001000110000000101100011111000000000001101100000100111001011001010111001100010011101000110110111101101001000110111011001001010110100101001110001011000010010111110011001110011100111000111100110111111000111111110010111100101111101101110101100100001001000110000110101110001010100110011110101110100001011111001010110111100010011
000000000000000000011
010000000000000000000
001111111111111111101
001111111111111111101
001111111111111111101
001111111111111111101
001111111111111111101
001111111001111111101
001111111011111111101
001111110111111111101
001111110111111111101
001111111111111111101
001111111111111111101
001111111111111111101
001111111111111111101
001111111111111111101
001111111111111111101
001111111111111111101
001111111111111111101
000000000000000000000
100000000000000000011
#
It:2:Diff:95:PSOStep:3:Time:3.773653:s:AutomataStep:3:Transition:10001110011110011001000001010111011000101011000011010000001010001100110000100110100111100111010111110110100000101010011110001000101011000001000010011011001011101001100011010100010010010110000010110100010101110011111001000000011010100010100000001011101111111000001010011001001110010101101101100010100101011000001010110000101011010001110000010010001010001001110010000001000111100010110010000111111100101011010000011100000010101000000001000000100000100100010001000100100010110110110010000010111001010110100000010111
000000000000000000011
010000000000000000000
001111111111111111100
001111111111111111100
001111111111111111100
001111111111111111100
001111111111111111100
001111111001111111100
001111111110111111100
001111100000011111100
001111100110001111100
001111100001111111100
001111100000111111100
001111111111111111100
001111111111111111100
001111111111111111100
001111111111111111100
001111111111111111100
001111111111111111100
000000000000000000000
110000000000000000011
#
It:3:Diff:91:PSOStep:3:Time:5.000072:s:AutomataStep:3:Transition:10011100000111111101000100100111010011101000100010010100001111101101100100100110100011000111010010010110100001011010001111101101101001101111001110100000001010101001111011010100010110010110000010110100010100100010101000000000011111100001100010001011001110011101001110011011011110110101111101100110110111110000001010110110011001110001111000010011011110011001110001000111010001100110111111000111011100001101100001111000100010100000101001001000110000010100110000110100110010110101111100001011111001010010111000000011
010000000000000000001
000000000000000000001
001111111111111111100
001111111111111111100
001111111111111111100
001111111111111111100
001111111111111111100
001111111000011111100
001111111000101111100
001111110000111111100
001111100111111111100
001111111110111111100
001111111111111111100
001111111111111111100
001111111111111111100
001111111111111111100
001111111111111111100
001111111111111111100
001111111111111111100
000000000000000000000
110000000000000000011
#
It:6:Diff:89:PSOStep:3:Time:8.418322:s:AutomataStep:3:Transition:10011100000111111001000001000110010011101001000001010000001111101101100000100110100111000111010100110110100000001010011111101101101001101110001010100001001011101001101011010100010110010110000010110100110100100111101000000000011011100000100000001011100111001001001010011011011100011111111101000010110111010000001010110100111001010001111000010011011110001011111001000111010000100110111110000111011100101111100001011001100010100010001001001000110000010100110001110100110010110110111100001011111001010010011000010011
010000000000000000001
000000000000000000001
001111111111111111100
001111111111111111100
001111111111111111100
001111111111111111100
001111111111111111100
001111111001111111100
001111111011111111100
001111110000111111100
001111100111111111100
001111111110011111100
001111111110101111100
001111111111111111100
001111111111111111100
001111111111111111100
001111111111111111100
001111111111111111100
001111111111111111100
000000000000000000000
110000000000000000011
#
It:10:Diff:88:PSOStep:3:Time:13.447842:s:AutomataStep:3:Transition:10011110000111111001000001100110010011101000000011010100001100101101100000100010100111000110011000010110100001111110011100101111101001101101000010100001101011111001101010110100000110110110000010100000010100100011111000000000111111000000100111001011100000011101011000101011000100110111101101000000100111011001010010110100011011010001101000011011011110001001111011000100010011100110111111000111011100001110100001011100100000100011101001000000110000010100110000110100110011110111111100000011111001010010111000010011
010000000000000000011
000000000000000000001
001111111111111111100
001111111111111111100
001111111111111111100
001111111111111111100
001111111111111111100
001111111001111111100
001111111011111111100
001111110010111111100
001111100101111111100
001111111100111111100
001111111111111111100
001111111111111111100
001111111111111111100
001111111111111111100
001111111111111111100
001111111111111111100
001111111111111111100
000000000000000000000
110000000000000000011
#
It:11:Diff:88:PSOStep:3:Time:14.662963:s:AutomataStep:3:Transition:10001110011111110101010100100110011001101010000001000100010100000101100000000010101001000100011000010100001001110110011110001111001001101101000010000000101011111001101010110100000100110111001010100000011100100010111000000000111111000010100111001011100000111111011100101010000100110011101101000000100111011001010010110000011011000001100000011011011110001001111011100100011011000010111001000111010100011110100001010100100101000011101000000000110000010101110000110000110001111111111100000011101001010010111000010011
000000000000000000011
100000000000000000000
001111111111111111100
001111111111111111100
001111111111111111100
001111111111111111100
001111111111111111100
001111111001111111100
001111111001111111100
001111110100111111100
001111110000111111100
001111100001111111100
001111110110111111100
001111111011111111100
001111111111111111100
001111111111111111100
001111111111111111100
001111111111111111100
001111111111111111100
000000000000000000000
010000000000000000001
#
It:12:Diff:87:PSOStep:3:Time:15.883718:s:AutomataStep:3:Transition:10001110001111111101000100100111110001101010000011010100010100101101100100000010101001000110011000010110000001110110001110001111001001101101000010000000101011111001101010110100000010110111001010100000011100100010111000000000111111000010100111001011100010011111011100101010001100110101101101000000100111010001000010110000011011000001101000011011011110001001111011100100011011000010111001000111010000001110100001011100100001100010101000000000110000010101110000110100110000110111111100000011101001010010111000010011
000000000000000000011
000000000000000000000
001111111111111111100
001111111111111111100
001111111111111111100
001111111111111111100
001111111111111111100
001111111001111111100
001111111011111111100
001111110010111111100
001111101001111111100
001111110110111111100
001111111011111111100
001111111101111111100
001111111111111111100
001111111111111111100
001111111111111111100
001111111111111111100
001111111111111111100
000000000000000000000
110000000000000000001
#
It:17:Diff:84:PSOStep:3:Time:21.947242:s:AutomataStep:3:Transition:10001000000101111101010000100111010000101000000011000000011110001111100000100110100010000110011010010100101001001010001110001001001001101101000010100001101011111110001011110000000100010110001010110100001100100001101000000000010101001110101100001001001000010101011100011010000110100010001101000000000111111000000010110000011011100000101000010011011110011001100011000101011000000010110111001111001100001100101001000100100011100010101000000001110000010100110000110100110001111111110100000011101001110010111000010011
000000000000000000001
000000000000000000000
001111111111111111100
001111111111111111100
001111111111111111100
001111111111111111100
001111111111111111100
001111111001111111100
001111111011111111100
001111111101111111100
001111110100011111100
001111110110011111100
001111111001111111100
001111111111111111100
001111111111111111100
001111111111111111100
001111111111111111100
001111111111111111100
001111111111111111100
000000000000000000000
110000000000000000010
#
It:31:Diff:84:PSOStep:3:Time:40.021519:s:AutomataStep:3:Transition:11001100000101111101010000100111010010001010100011000110011110000111100100100010100010000100010011000110001001101110001110001101001001100111001010000001101010101000001010010000000010010111000010100100101100100011100000000000010111000100100000001001100100010001001100011010001110110010101001000100010110010000000010010000011001010000110000010001011110011001101011000111010000000010010000000111001000001110100100100100000111100000101001000000110100010100110000110100110011111111110100001111111001110010111000010011
100000000000000000010
000000000000000000010
001111111111111111100
001111111111111111100
001111111111111111100
001111111111111111100
001111111111111111100
001111111101111111100
001111111011111111100
001111111011111111100
001111110011011111100
001111101010011111100
001111110011111111100
001111111011111111100
001111111111111111100
001111111111111111100
001111111111111111100
001111111111111111100
001111111111111111100
000000000000000000000
010000000000000000000
#
It:54:Diff:83:PSOStep:3:Time:68.581795:s:AutomataStep:3:Transition:11001110000101111101010100100111011010001010100011000110011110000101100000100010100010000100010111000110001001000010001110001000001001100111001010000001101010101110101010010000000110010111001110100100101110100011101000000000011111000100100000001001100100010101001100011010101110110011101001000100110111110000000010110000011001110000111000010001011110011001101111000101010000000011110000000111001100011110100100100101000111100000101001000000110110010100110000110100110001111111110110001111101001110010111000010011
100000000000000000010
000000000000000000011
001111111111111111100
001111111111111111100
001111111111111111100
001111111111111111100
001111111111111111100
001111111101111111100
001111111011111111100
001111111011111111100
001111110101011111100
001111101110111111100
001111110011111111100
001111111000111111100
001111111111111111100
001111111111111111100
001111111111111111100
001111111111111111100
001111111111111111100
000000000000000000000
010000000000000000000
#
It:56:Diff:82:PSOStep:3:Time:71.200186:s:AutomataStep:3:Transition:10011110001111111101010100100111011010101010000000010010011100000111111100100110100111010101010110000110001001001110011111001111101011100111001011000001101011101110101011110000100100110111001110110111111110100011111110100011011111011101101110101011001110111001011100111010110110111111011001000101010110111001100011110000111011110001101001010111011110011001111011101111011000000011111101001111011100011110101101111100000011100110101001010001110110010100110000110100110011110111111110100111111011111011111000011111
010000000000000000010
000000000000000000011
001111111111111111100
001111111111111111100
001111111111111111100
001111111111111111100
001111111111111111100
001111111111111111100
001111111011111111100
001111111111111111100
001111101011111111100
001111110111111111100
001111111111111111100
001111111111111111100
001111111111111111100
001111111111111111100
001111111111111111100
001111111111111111100
001111111111111111100
100000000000000000000
100000000000000000001
#
It:60:Diff:81:PSOStep:3:Time:76.377723:s:AutomataStep:3:Transition:10001110000111111101010100100111111001101010000001010010011110000111111000110110100110010101110110011110001001001110001111001011101011101111001110001011101011111101001011010000000110110111001110110100101100100011111000000011011101001101101110101011101100011001011100111001101110111111111001000101010111111001000011110000111011100011111001000011011110011001111011100111011000000011111111101111011010111110100101111100000011100010101001000000110100110101110011110100110011110111110110000111101011111010111100011111
000000000000000000010
000000000000000000010
001111111111111111100
001111111111111111100
001111111111111111100
001111111111111111100
001111111111111111100
001111111111111111100
001111111111111111100
001111111111111111100
001111111111111111100
001111101111111111100
001111111111111111100
001111111111111111100
001111111111111111100
001111111111111111100
001111111111111111100
001111111111111111100
001111111111111111100
000000000000000000000
010000000000000000011
#
It:64:Diff:81:PSOStep:3:Time:81.251045:s:AutomataStep:3:Transition:10001100000001111101010100100111010010101000100011010110011110000111111000100110100110010111111110001110001001110110001111011011101001101111001111000011101011100100001011110000100110010111001110111100110110100111111000000111111101001111101111110111101110011101011100011001001110111010111101000101110110111001001011110110011011100011111001010011011110011001111011100111011000000110110111101111001000001111101001111101100111100110101001100001110101110111110001110100110011111111010110101111111011011010111100011111
000000000000000000010
000000000000000000010
001111111111111111100
001111111111111111100
001111111111111111100
001111111111111111100
001111111111111111100
001111111111111111100
001111111111111111100
001111111101111111100
001111111011111111100
001111110111111111100
001111111111111111100
001111111111111111100
001111111111111111100
001111111111111111100
001111111111111111100
001111111111111111100
001111111111111111100
000000000000000000000
010000000000000000011
#
It:65:Diff:80:PSOStep:3:Time:82.432688:s:AutomataStep:3:Transition:10001100001001111101010100100111011000101010100001010110011100000111111000100110100110010111111110001110001001110110011111011011101001001111001111100011101011101000001011110000100100110111101110111100110110100111111000000111111101101111101111101011101110111101011100011001001110111010111101000111010110111001101011110010111011100011111001010011011111011001111011100111011000000010110111101111011010001110101001111001110111110110101011100001110101110111110001110100110011111111111111101111111011111010111100011111
000000000000000000010
000000000000000000010
001111111111111111100
001111111111111111100
001111111111111111100
001111111111111111100
001111111111111111100
001111111111111111100
001111111111111111100
001111111101111111100
001111111011111111100
001111110111111111100
001111111111111111100
001111111111111111100
001111111111111111100
001111111111111111100
001111111111111111100
001111111111111111100
001111111111111111100
000000000000000000010
010000000000000000000
#
It:72:Diff:73:PSOStep:5:Time:90.891722:s:AutomataStep:5:Transition:10001110001001111001011100100111010100111010000111010110011100100111110011110111100011010101111111011110101011111110001111001001101011111111111110110011101011101110001011111010111100011111101110110100100110100011101010101111011101101101101111110011111000111101011110111000000110111010111101001101010110111000001011110010111011100001111011011011111111111001111001110101011001000110110111101111111000001100101101001010110110100100001011000001010100110101110001110100100011111111110111101011101011010011111000011111
010000000000000001011
111000000000000001001
111000000000000001001
010000000000000001001
001011111111111110100
001011111111111110100
001011111111111110100
001011111111111110100
001011111001111110100
001011110101111110100
001010011011111110100
001011011011111110100
001011101111111110100
001011111111111110100
001011111111111110100
001011111111111110100
001011111111111110100
101100000000000001110
101000000000000001101
011100000000000001010
110000000000000001110
#
It:73:Diff:64:PSOStep:5:Time:92.120826:s:AutomataStep:5:Transition:11001110011001111101011000101111010101111010000101010110011110100111111011110111100110010101010111101110001001111110011111001010101011011111101110110011101011101110101011111111011100111111001110110110101111110011111110001111011101011101001111111011011100011101011110111011111111111110111001011111010111111011100011110000011011110011111011000111111111111001101011110111111100000110111111101111111111011110100101011111110010110110101111010001010100110101110000110100111011111111110111100111111011111011111100011111
011000000000000001101
010000000000000000110
001000000000000001100
001000000000000001111
001011111111111110100
001011111111111110100
001011111111111110100
001011111111111110100
001011111111111110100
001011111101111110100
001011111101111110100
001011111001111110100
001011111111111110100
001011111111111110100
001011111111111110100
001011111111111110100
001011111111111110100
011100000000000001110
001000000000000001100
001100000000000001111
110000000000000001100
#
It:87:Diff:64:PSOStep:5:Time:109.507967:s:AutomataStep:5:Transition:11001110001001111001010000101111010101011010000111000010011110100111111011110111000110000101010111000110000001111110011111000010101011011111001110110011001011101110101011011001011100111111001110111110101111110001111110001011011101011001101101011011001100011001011100111010111111111110111000001111010111011011100011110000011011100001011000000101111011011001101011110111010100000110110111001111011111011110100101011111101010110110101011010001010100110101110001110100111011111111010101100011111011111011111000011111
101000000000000001000
000000000000000001101
111000000000000001100
010000000000000001001
001011111111111110100
001011111111111110100
001011111111111110100
001011111111111110100
001011111111111110100
001011111111111110100
001011011111111110100
001011101111111110100
001011111111111110100
001011111111111110100
001011111111111110100
001011111111111110100
001011111111111110100
011100000000000001110
100000000000000000111
101100000000000001111
000000000000000001100
#
It:88:Diff:59:PSOStep:5:Time:110.923455:s:AutomataStep:5:Transition:11001110001001011001011000100101010001001011000011000010001110100111111001110011000110000101000110000110000001110110011111000010101011011101001111110001001010101010101011011001001100010111000110110100101111100001111000000011011001011010101100001011001110011101111100111001111101101010101000001011010111011011000011110000011011100011011010000101110011011001101011110111110110000110110110101111010101011110100101110100101110110010101001010001010000110100110001100100111011111111010101000011111001111011011000011111
100000000000000000110
010000000000000001011
111000000000000000011
010000000000000001000
001011111111111110100
001011111111111110100
001011111111111110100
001011111111111110100
001011111111111110100
001011111111111110100
001011011111111110100
001011101011111110100
001011111111111110100
001011111111111110100
001011111111111110100
001011111111111110100
001011111111111110100
000000000000000000100
001100000000000001000
010000000000000001101
010000000000000001001
#
It:89:Diff:59:PSOStep:5:Time:112.266774:s:AutomataStep:5:Transition:11001110001001011001011000100101010001011011000011000010001110100111111001110011000110000100000110010110000001111110011111000010101011011101001111110001001010101010101011011001001100011111000110111100001111100011111000000111011001011010101100001011001110011101111110111001111101111010101000001011010111010011000011100000011011100011011010000101110011011001101011110111111110000110110110101111010101011110100101110100101110110010101001000001010000110100010000100100111011111111010110000011111001110011011000011111
100000000000000000110
010000000000000001011
111000000000000000011
010000000000000001000
001011111111111110100
001011111111111110100
001011111111111110100
001011111111111110100
001011111111111110100
001011111111111110100
001011011111111110100
001011101011111110100
001011111111111110100
001011111111111110100
001011111111111110100
001011111111111110100
001011111111111110100
000000000000000000100
001100000000000001000
010000000000000001101
000100000000000001001
#
It:94:Diff:59:PSOStep:5:Time:119.122251:s:AutomataStep:5:Transition:11001110011001011001011000100101010001011011010111000010011110100111111001110111000010000101001111010110000001111110011111000010101011011101001111110001001010101110101011011001101100011111000110111100101111110011111000000111111101011010111100001011001110011101110100111101111101111010101000011111110111011011000011110000011011100001011010000101110011111001101011110111111110000110110110101111011101011110100101110100101110110011101001010101000000110100110001100100111011111111011111000011111001111011111000011111
000000000000000000110
010000000000000001111
001000000000000000010
001000000000000001110
001011111111111110100
001011111111111110100
001011111111111110100
001011111111111110100
001011111111111110100
001011111111111110100
001011011111111110100
001011101011111110100
001011111111111110100
001011111111111110100
001011111111111110100
001011111111111110100
001011111111111110100
000000000000000000100
011100000000000001000
010000000000000001101
000100000000000001001
#
It:95:Diff:58:PSOStep:5:Time:120.573435:s:AutomataStep:5:Transition:11001110011001111001011000100100010001011011000011000010011110100111111001110011001110000101001111010110000001110110011111101010101011001101001111110001001010101110101011011001101100010111000110111100101111110001111100001111111101011010101101101011001110011101110100111111111101111010101000011011110111011011000011100000011011100011011010000101010011111001101011110111111110000110110110101111011011011110100101100100101110110010101001000101000000110100110011100100111111111111010101000011111001111011011000011111
000000000000000001100
111000000000000001101
001000000000000001010
001000000000000001000
001011111111111110100
001011111111111110100
001011111111111110100
001011111111111110100
001011111111111110100
001011111111111110100
001011011111111110100
001011101011111110100
001011111111111110100
001011111111111110100
001011111111111110100
001011111111111110100
001011111111111110100
000000000000000000100
001100000000000001000
010000000000000001101
000100000000000001001
#
It:96:Diff:58:PSOStep:5:Time:122.012128:s:AutomataStep:5:Transition:11001110011001111001011000100101010001001011000011000010001110100111110011110111000010010100101111000110100001110110011111101010101011011111101111110001001011101100101011011011100100010111000110111100101111110001111011001011111101011111101100001011001110011101010100111001101100111010101000011111110111010011001011110010011011100011011010000101110011011001100011110111111110000110110101101111110001011110100111111100101110100110101001000101110100110100110001110100111111111111010101000011111001111011011000011111
010000000000000000100
010000000000000001101
001000000000000001100
001000000000000001000
001011111111111110100
001011111111111110100
001011111111111110100
001011111111111110100
001011111111111110100
001011111111111110100
001011011111111110100
001011101011111110100
001011111111111110100
001011111111111110100
001011111111111110100
001011111111111110100
001011111111111110100
011100000000000000100
101100000000000000000
110100000000000000100
011000000000000000011
#
It:98:Diff:56:PSOStep:5:Time:124.794051:s:AutomataStep:5:Transition:11001110011001111001010000100111010001001010000011000010001110101111111001110111000011000110111111000110000001110110011101001010101011011101101111110001001011101010101011011011100100010111000110111100001111100011111000001011111001011111101101001011001110011001110100111111101101111010101000011111110111011011001011100000011011100011011010000101110011011001101011110111110110000110111101101111010111111110100111110100101110110111101001000101100000110100110000100100111111111110011110000011111001111011011000011111
010000000000000000100
010000000000000000101
001000000000000001100
001000000000000001000
001011111111111110100
001011111111111110100
001011111111111110100
001011111111111110100
001011111111111110100
001011111110111110100
001010100111111110100
001011001101111110100
001011100111111110100
001011110011111110100
001011111111111110100
001011111111111110100
001011111111111110100
000000000000000000100
001100000000000000000
010000000000000000100
000100000000000000011
#
It:100:Diff:56:PSOStep:5:Time:127.687194:s:AutomataStep:5:Transition:11001100010001111001111000100110010001001010000011000010001110101111110001100111000111010111111110000110100001110110011001101000001011101111101111110001001011101000101011011011101100010101000110111100000110100001111101001011111101011101101101001011001100011001011100111111000101110010101000011110010101011011001001110010011001100010011110000101110011011001100011100111011110000110110110001111111101001100100101110100101111100101001001010101110000110100110001110100111111110110011110000001111001110011010000011111
010000000000000000001
010000000000000001010
001000000000000001010
001000000000000001001
001011111111111110100
001011111111111110100
001011111111111110100
001011111111111110100
001011111111111110100
001011111111111110100
001010111111111110100
001011011111111110100
001011111111111110100
001011111111111110100
001011111111111110100
001011111111111110100
001011111111111110100
000000000000000000100
110100000000000001010
010000000000000000100
000000000000000001001
#
It:111:Diff:54:PSOStep:5:Time:143.320711:s:AutomataStep:5:Transition:11001110111001111000010000101011010001001011000011000010001110001111110001110111000111000101100010010110000001110110011011010100101011101111001111110001001011111100001011011011000100011111000110111100000110100001101000001011111001001111101100001011001110011011100110111111111101110010101000011011010111011001000010100000011011100010011110000101110011001001100011110111111110000110111101001111110111011100100101111100101110100101001001010001100000110100010000110100111011111110010110000011101001110011010000011111
000000000000000000001
011000000000000000000
001000000000000001010
001000000000000001000
001011111111111110100
001011111111111110100
001011111111111110100
001011111111111110100
001011111111111110100
001011011111111110100
001011101111111110100
001011111111111110100
001011111111111110100
001011111111111110100
001011111111111110100
001011111111111110100
001011111111111110100
000000000000000000100
010100000000000000000
010000000000000000110
000000000000000000100
#
It:115:Diff:52:PSOStep:5:Time:149.211868:s:AutomataStep:5:Transition:11000110010111111001101000100111010000011011001010100010001110100111111001100111000111001100000110010110000001110110011111011110101011101101101111110101001010111110001011011001101100010111000110110100001111110010111001000001010011001011111100011111001010011111110110111111011101111010101100001011110111110001000011110110011111010010011010000101111011111001101011110111111100000111111111011111010111011110110111111101101111110011101001010101110100110100110001100100111111111111010100001011111101111011011000011111
010000000000000000100
110000000000000001100
000000000000000001110
001000000000000001000
001011111111111110100
001011111111111110100
001011111111111110100
001011111111111110100
001011111111111110100
001011111111111110100
001011011101111110100
001011100011111110100
001011110011111110100
001011111111111110100
001011111111111110100
001011111111111110100
001011111111111110100
000000000000000000100
101100000000000001010
010000000000000001000
011000000000000000001
#
It:121:Diff:52:PSOStep:5:Time:158.151877:s:AutomataStep:5:Transition:11001110011111101001111000100111010001111011011010100010001110100111111001100111000111001111010110010110000011110110011111011010101011101101101111110111001010111110101011011001101100010111000110111100101111110111111011001011011011001011111100011111101010011111110110111111111111111010101100011011110111111011000011110110011111110010011010000101111011111001101011110101011110100111111111011111110111011110110111111111101111110111101001010101110100110100110101100100111011111111010100001111111101111011011000011111
010000000000000000101
111000000000000001001
001000000000000001011
001000000000000001110
001011111111111110100
001011111111111110100
001011111111111110100
001011111111111110100
001011111111111110100
001011111111111110100
001011010001111110100
001011100110111110100
001011110111111110100
001011111001111110100
001011111111111110100
001011111111111110100
001011111111111110100
011100000000000000100
001000000000000001010
010100000000000001000
000000000000000000001
#
It:124:Diff:51:PSOStep:5:Time:162.771422:s:AutomataStep:5:Transition:11001110011111101000111000100111010001101011011010100010000100100111111001110111000111001111010110010110000011110110011111011010101011101101101110110111001010111110001011011001101100010111000110111100001111110111111010001011011011101011111100011111101010011111100110111111111101111010101100011011110111111011000011110110011111100010011010000101111011111001111011110101011110100111111111011111110111011110110111111111101111110111101101010101110100110100110101100100111011111111010100101111111101111011011000011111
010000000000000000101
011000000000000001101
001000000000000001110
001000000000000001000
001011111111111110100
001011111111111110100
001011111111111110100
001011111111111110100
001011111111111110100
001011111111111110100
001011010001111110100
001011101110111110100
001011110011111110100
001011111001111110100
001011111111111110100
001011111111111110100
001011111111111110100
011100000000000000100
001000000000000001010
000100000000000001000
000000000000000000001
#
It:131:Diff:49:PSOStep:5:Time:173.685564:s:AutomataStep:5:Transition:11001110010011101001111000100101010001011011011010100010001100100111111001100111000111011101010110010110000011110110011111011010101011101111101110110111001010111110001011011001101100010111000110111100000101110111111010001001010011101011111100011111101010011111100110101111111101111010001100001111110001101011000011110110011111100010011010000101111011111001000011110101011110100111111111011111110111011110110111111111101111110111101101010101010100110100110101100100111011111111010101101111111101111011011000011111
010000000000000000100
011000000000000001101
001000000000000001110
001000000000000001000
001011111111111110100
001011111111111110100
001011111111111110100
001011111111111110100
001011111111111110100
001011111111111110100
001011010001111110100
001011101110111110100
001011110111111110100
001011111001111110100
001011111111111110100
001011111111111110100
001011111111111110100
011100000000000000100
001000000000000001010
000100000000000001000
000000000000000000001
#
It:139:Diff:49:PSOStep:5:Time:186.163327:s:AutomataStep:5:Transition:11001110011101101000111000100011010001101001011110000010000110100111111001110111000111010101001110000110000011110110011111011110101011101101101110110111001011111110001011011001101100010111000110111100001111110111011011001011010111101011111100011101101010011111100110111111111111111010101100001011110101111011000011110110011111110010011010010101111011111001111011110101011110100110111111011111110111011010110111111111100111110001101101010101110110110100010101100001111011111110010110100111111101111011011000011111
000000000000000000110
011000000000000001110
001000000000000001111
001000000000000001000
001011111111111110100
001011111111111110100
001011111111111110100
001011111111111110100
001011111111111110100
001011111111111110100
001011011111111110100
001011111111111110100
001011111111111110100
001011111111111110100
001011111111111110100
001011111111111110100
001011111111111110100
011100000000000000100
001000000000000001010
010100000000000001000
000000000000000000001
#
It:149:Diff:49:PSOStep:5:Time:201.752531:s:AutomataStep:5:Transition:11001110011111101000111000100001010001001001011111100010001110100111101001100111000111010100000110010110000011010110011111011110101011101101101110110111001010101110001011010001101100011111000110111100000111110101011011001011010111101011110100011100101110011111100110101101111111111010001100001011110001111001000011110110011111110010011010000101111011111001001011110101011110100111111111011111110011011010110111111111100111110011101101011101110100110100110101100101111111111110010111100111111101111011011000011111
010000000000000000110
011000000000000001110
001000000000000001111
001000000000000001000
001011111111111110100
001011111111111110100
001011111111111110100
001011111111111110100
001011111111111110100
001011111111111110100
001011011111111110100
001011101111111110100
001011111111111110100
001011111111111110100
001011111111111110100
001011111111111110100
001011111111111110100
011100000000000000100
001000000000000001010
010100000000000001000
000000000000000000001
#
It:154:Diff:48:PSOStep:5:Time:209.594106:s:AutomataStep:5:Transition:11001010011101101000111000100001010001001001011110000010001110100101101001100111000111010100000110010110000011010110011111011110101011101101101110110111001011101110001011010011101100010111000110111100000111110101011011001011010111101011111100011100101010011111100100111111111101110010001100001011110101111000000011110110011111110000011010010101111011101001101011110101011110100111111111011111110011011010110111111110000011110011101001010101000100110100110101100001111111111110010100100111111101101011011000011111
000000000000000000110
011000000000000001110
001000000000000001111
001000000000000001000
001011111111111110100
001011111111111110100
001011111111111110100
001011111111111110100
001011111111111110100
001011111111111110100
001011011111111110100
001011101111111110100
001011111111111110100
001011111111111110100
001011111111111110100
001011111111111110100
001011111111111110100
011100000000000000100
001000000000000001010
010100000000000001000
000000000000000000001
#
It:155:Diff:47:PSOStep:5:Time:211.24987:s:AutomataStep:5:Transition:11001110011101111000111000100111010001101001011011000010011100100101101001110111000111010100000111011110010011010110011111111111101011101101001110110111001010101110001011010011101100010111000110111100000111110101111011001111010111101011111001011111101110011111110100101111101101111010001100001111010001111010000011110110111111110010011111010001111011111001001011110101011110100111111111011111110011111100110111110111100111100001101101110101110110110101110100100101111011111110010111100111111101100011011000011111
010000000000000001110
011000000000000000110
001000000000000001111
001000000000000001000
001011111111111110100
001011111111111110100
001011111111111110100
001011111111111110100
001011111111111110100
001011111001111110100
001011010111111110100
001011100111111110100
001011110111111110100
001011111111111110100
001011111111111110100
001011111111111110100
001011111111111110100
011100000000000000100
001000000000000001010
010100000000000001001
000000000000000000001
#
It:166:Diff:46:PSOStep:5:Time:228.746909:s:AutomataStep:5:Transition:11001110011101111000111000100101010001101011011011100010001100000111101001100111000111010100000111010110010011010110011111011011101011101101101110110011001011001110001011011011101110011111000110111100001111110101111011001011010111101011111000010111101110011111100100101011101111110010001100001011010011111000010011110110111111110000011110010101111011111001001011110101011110100111110111011111110011111100110111111110101111110011101100111101010110110100110101100101111011110110010110100111111100101011011000011111
000000000000000000101
011000000000000001100
001000000000000001110
001000000000000001000
001011111111111110100
001011111111111110100
001011111111111110100
001011111111111110100
001011111111111110100
001011111001111110100
001011010111111110100
001011100111111110100
001011110111111110100
001011111111111110100
001011111111111110100
001011111111111110100
001011111111111110100
011100000000000000100
001000000000000001010
010100000000000001001
000000000000000000001
#
It:168:Diff:45:PSOStep:5:Time:231.869279:s:AutomataStep:5:Transition:11001110011101111000111000100001010001101011011111100010001100100111101001100111000111010111000011010110000011010110011111011011101011101101101110110011001010001110001011011011101100011111000110110100001111100111111011001011010111101010110000011111101110011111100100101010111110110010001100001011010011111001010011110110111111110000011110010101111011011001001011110101011100100111111111011111110011111100110111111111101111110111101100100101110100110100110101100101111111111111010110100111111101100011011000011111
000000000000000000101
010000000000000001100
001000000000000001110
001000000000000001000
001011111111111110100
001011111111111110100
001011111111111110100
001011111111111110100
001011111111111110100
001011111001111110100
001011010111111110100
001011100111111110100
001011110111111110100
001011111111111110100
001011111111111110100
001011111111111110100
001011111111111110100
011100000000000000100
001000000000000001010
010100000000000001001
000000000000000000001
#
It:171:Diff:45:PSOStep:5:Time:236.587291:s:AutomataStep:5:Transition:11001110011101111000111000000001010001101001010011000010001100100111101001110111000111010111000110010110000011010110011111011100101011101101101110110111001010100110001010011001111100010111000110101110000111010101111010001001010111101011010100011101001110011111100100111101111110110010001100001011110001111000010011110100011111110000011010010101111011101001001010010101011110100110111111011111010011011000110111011111101011110010101100010101010110110001110101000101111111111111010101100111111101100011011000011111
000000000000000000001
011000000000000001010
001000000000000001110
001000000000000001000
001011111111111110100
001011111111111110100
001011111111111110100
001011111111111110100
001011111111111110100
001011111111111110100
001011011111111110100
001011101111111110100
001011111111111110100
001011111111111110100
001011111111111110100
001011111111111110100
001011111111111110100
010100000000000000000
001000000000000001010
010100000000000001000
000000000000000000001
#
It:175:Diff:44:PSOStep:5:Time:242.644206:s:AutomataStep:5:Transition:11001110011101111000111000100101010001101011011111100010001100100111101001110111000111010111000110010110000011010110011111011111101011101101101110110111001010001110001011010001111100011111000110101110001111110111111011001011010111101011010000011101101110011111100100111111111110111010001100001011110011111000000011010110011111110000011010010101111011111001001011010101011100100111110111011111111111011000110111111111101111110011101101010101010100110101110101100001111111111110010111100111111101100011011000011111
000000000000000000101
011000000000000001100
001000000000000001110
001000000000000001000
001011111111111110100
001011111111111110100
001011111111111110100
001011111111111110100
001011111111111110100
001011111001111110100
001011010111111110100
001011100111111110100
001011110111111110100
001011111111111110100
001011111111111110100
001011111111111110100
001011111111111110100
010100000000000000100
001000000000000001010
010100000000000001000
000000000000000000001
#
It:185:Diff:44:PSOStep:5:Time:257.138947:s:AutomataStep:5:Transition:11001110010101101000101000000100010001111011000010000010001100100111111001110111000111010110000110010110000011010110011111011111101011101101101110110111001010001110001011010011101100010101000110110110000110010111001011001001000111101011010000010101000110011111100100111111011110110010001100001011110011110001010011110000011111110000011010010101111011111001001011010101010100000111110111011111110011011100110111011110100111110011101100011101010110110101011101100101010111111111010111100111111101110011111000011111
000000000000000000001
010000000000000001000
001000000000000001101
001000000000000001000
001011111111111110100
001011111111111110100
001011111111111110100
001011111111111110100
001011111111111110100
001011111111111110100
001011010011111110100
001011100111111110100
001011110111111110100
001011111111111110100
001011111111111110100
001011111111111110100
001011111111111110100
010100000000000000100
001000000000000001010
010100000000000001000
000000000000000000001
#
It:194:Diff:43:PSOStep:5:Time:270.541276:s:AutomataStep:5:Transition:11001110011001111000111000000111010001111001010010000010001100100101101001110111000111000110000110010110000011010110011011011111101011101101101110110111001010000110001011011001001100010101000110110110100111100111101011001001000011101011010000011100000100011111100100101101001110110010001100001011110011111000010011110110011111110000010010010101111011111001011011010101010000100111110111011111110011001100110111001110100111110011101101010101010110110101011101100101011111111110010110100111111101100001011000011111
000000000000000000001
010000000000000001000
001000000000000001101
001000000000000001000
001011111111111110100
001011111111111110100
001011111111111110100
001011111111111110100
001011111111111110100
001011111001111110100
001011010111111110100
001011100111111110100
001011110111111110100
001011111111111110100
001011111111111110100
001011111111111110100
001011111111111110100
010100000000000000100
001000000000000001010
010100000000000001000
000000000000000000001
#
It:196:Diff:41:PSOStep:5:Time:273.564268:s:AutomataStep:5:Transition:11001110011101101000111000000111010001111001000010000010001100000111101001110111000111000111000010010110000001010110011011011111100011101101001110110011001010000110001001010011111100010111000110100110000111010101001011001001000111101010010000010100100000011111100110111000011110111010001100001011110011111000000011110110011111110000000010010101111011001001011011010101010000100111110111011111011111011000100111001111101111110000101101010101110000110101110100100101011111111111010101100011111100100001011000011111
000000000000000000010
010000000000000000010
001000000000000001011
001000000000000001000
001011111111111110100
001011111111111110100
001011111111111110100
001011111111111110100
001011111111111110100
001011111011111110100
001011010101111110100
001011100111111110100
001011110111111110100
001011111111111110100
001011111111111110100
001011111111111110100
001011111111111110100
010100000000000000100
001000000000000001010
010100000000000001000
000000000000000000001
#
It:199:Diff:40:PSOStep:5:Time:278.164451:s:AutomataStep:5:Transition:11001110011101101000111000000111010001111001010010000010001100000111101001110111000111010110000010010110000001010110011011011111101011101101101110110101001010000110001001010011101100010111000110100110000111110101001011001001000111101010010000010110100000011111100100101101101110110010001100001011010011111000000011110010011111110000011010010101111011111001001011010101010000100111110111011111110011111100110111011110001111110010101101010101010100110101110101100101011111111110010100100011111101100001011000011111
000000000000000000010
010000000000000001010
001000000000000001110
001000000000000001000
001011111111111110100
001011111111111110100
001011111111111110100
001011111111111110100
001011111111111110100
001011111001111110100
001011010111111110100
001011100111111110100
001011110111111110100
001011111111111110100
001011111111111110100
001011111111111110100
001011111111111110100
010100000000000000100
001000000000000001010
010100000000000001000
000000000000000000001
#
It:203:Diff:39:PSOStep:5:Time:284.147502:s:AutomataStep:5:Transition:11001110011101111000111000000101010001111001000010000010001100100111101001110111000111010111000010010110000011010110011111011111101011101101101110110101001010000110001001011011111100010111000110100110000111010101001011001011001111101010010000011100100010011111100110111001001100110010001100001011110011111010000011110110011111110000011010010101111011111001011011010101011010100111110111011111110111111000110111001111001111110010101100010101010100110101111100100101011111111110010101100011111111100001011000011111
000000000000000000010
010000000000000000010
001000000000000001110
001000000000000001000
001011111111111110100
001011111111111110100
001011111111111110100
001011111111111110100
001011111111111110100
001011111001111110100
001011010111111110100
001011100111111110100
001011110111111110100
001011111111111110100
001011111111111110100
001011111111111110100
001011111111111110100
010100000000000000100
001000000000000001010
010100000000000001000
000000000000000000001
#
It:208:Diff:39:PSOStep:5:Time:291.556794:s:AutomataStep:5:Transition:11001110011101111000111000000111010001111001001010000010001100000111101001110111010111001111000011011110000011010110011111011111101011101101101110110101001010100110001011011011111100010111000110110110000111010101101011001011011111101011010000010110000010011111100110111111001110111010001100001011110011111001000011110010011111110010011010010101111011111001011011010101011110100111110111011111111111111000110111011111001111110010101101010101010100110101110100100101011111111111010111100111111111101001011000011111
000000000000000000010
010000000000000000010
001000000000000001110
001000000000000001000
001011111111111110100
001011111111111110100
001011111111111110100
001011111111111110100
001011111111111110100
001011111001111110100
001011010111111110100
001011100111111110100
001011110111111110100
001011111111111110100
001011111111111110100
001011111111111110100
001011111111111110100
010100000000000000100
001000000000000001010
010100000000000001000
000000000000000000001
#
It:212:Diff:39:PSOStep:5:Time:297.460787:s:AutomataStep:5:Transition:11001110011101101000111000000101010001111001000011000010001100000111101001110111000111000111000011010110000011010110011101011111100011101101101110110101001010000110001001011011111100010111000110100100000111010101001011001001001011101010010000011100100000011111100110111010001100110010001100001011110011111010000011110110011111110100011010010101011011011001011011010101011000100111111111011111111011111000100111001111101111110000101100010101110110110101011100000101110111110110010100100011111101100001011000011111
000000000000000000010
010000000000000000010
001000000000000001110
001000000000000001000
001011111111111110100
001011111111111110100
001011111111111110100
001011111111111110100
001011111111111110100
001011111001111110100
001011010111111110100
001011100111111110100
001011110111111110100
001011111111111110100
001011111111111110100
001011111111111110100
001011111111111110100
010100000000000000100
001000000000000001010
010100000000000001000
000000000000000000001
#
It:215:Diff:39:PSOStep:5:Time:301.960064:s:AutomataStep:5:Transition:11001110011001111000111000000111010001011001000010000010001100100101101001110111000111000111000010010110000011010110011011011111100011101101101110110101001010000110001001001001011100010101000110100100000111010101001011001001000111101010010000010100100000011111100100111010011100111010001100001011110001010000000011110100011111110000011010010101110011101001011011010101010000100111110111011111010111101000110111001110001111110010101101010101110100110001110100000101010111111111010100100011111101100001011000011111
000000000000000000010
010000000000000000010
001000000000000001110
001000000000000001000
001011111111111110100
001011111111111110100
001011111111111110100
001011111111111110100
001011111111111110100
001011111011111110100
001011010101111110100
001011100111111110100
001011110111111110100
001011111111111110100
001011111111111110100
001011111111111110100
001011111111111110100
010100000000000000100
001000000000000001010
010100000000000001000
000000000000000000001
#
It:216:Diff:39:PSOStep:5:Time:303.575202:s:AutomataStep:5:Transition:11001110011101111000111000000111010001011001000010000010001100100101101001110111000111010111000010010110000011010110011111011111100011101101101110110101001010000110001011001011011100010101000110100100000111110111101010001011000111101011010000011101101100011111100100111010011100111010101100001011110001010000000011110100011111110000011010010101110011101001011011010101010000100111111111011111011011111000110111001100101110110010101101010101110100110001110100000001010111111111010100100011111101100001011000011111
000000000000000000010
010000000000000000010
001000000000000001110
001000000000000001000
001011111111111110100
001011111111111110100
001011111111111110100
001011111111111110100
001011111111111110100
001011111011111110100
001011010101111110100
001011100111111110100
001011110111111110100
001011111111111110100
001011111111111110100
001011111111111110100
001011111111111110100
010100000000000000100
001000000000000001010
010100000000000001000
000000000000000000001
#
It:223:Diff:39:PSOStep:5:Time:314.321624:s:AutomataStep:5:Transition:11001110011001111000111000000111010001011001000010000010001100100101101001110111000111000110000010010110000011010110011111011111100011101101001110110101001010000110001011001011011100010101000110100100001111110111101011001011000111101010010000011100100000011111100100111010011100111010001100001011110001010000000011110100011111110000011010010101110011101001011011010101010000100111110111011111011111111000110111001100101110110010101101010101110100110001110100000001010111111111010100100011111101100001011000011111
000000000000000000010
010000000000000000010
001000000000000001110
001000000000000001000
001011111111111110100
001011111111111110100
001011111111111110100
001011111111111110100
001011111111111110100
001011111011111110100
001011010101111110100
001011100111111110100
001011110111111110100
001011111111111110100
001011111111111110100
001011111111111110100
001011111111111110100
010100000000000000100
001000000000000001010
010100000000000001000
000000000000000000001
#
It:225:Diff:39:PSOStep:5:Time:317.353194:s:AutomataStep:5:Transition:11001110011101111000111000000011010001011001000010000010001100100101101001110111000111000110000110010110000011010110011111011111100011101101001110110101001010000110001011011011011100010111000110100100001111010111101011001011000111101011010000011110100000011111110100111010011100110010101100001011110011110000000011110100011111110010011010010101110011111001011011010101011000100110110111011111011111111000110111001101001111110010101101010101110100110001010100100101011111111111010100100011111101100001011000011111
000000000000000000010
010000000000000000010
001000000000000001110
001000000000000001000
001011111111111110100
001011111111111110100
001011111111111110100
001011111111111110100
001011111111111110100
001011111111111110100
001011010111111110100
001011100111111110100
001011110111111110100
001011111111111110100
001011111111111110100
001011111111111110100
001011111111111110100
010100000000000000100
001000000000000001010
010100000000000001000
000000000000000000001
#
It:226:Diff:38:PSOStep:5:Time:318.836587:s:AutomataStep:5:Transition:11001110011001111000111000000011010001011001000011000010001100100111101001110111010111000110000111010110000011010110011011011111100011100101001110110101001010000110001011011011011100010111000110100100000111010101101011001001001111101011010000010110100000011111110100111110011100110010001100001011110011110000000011110110011111110010011010010101110011011001001011010101011000100110111111011111011111111000100111001110101111110010101101010101010100110101011100000101010111110111010100100011111100100001011000011111
000000000000000000010
010000000000000000010
001000000000000001110
001000000000000001000
001011111111111110100
001011111111111110100
001011111111111110100
001011111111111110100
001011111111111110100
001011111101111110100
001011010111111110100
001011100111111110100
001011110111111110100
001011111111111110100
001011111111111110100
001011111111111110100
001011111111111110100
010100000000000000100
001000000000000001010
010100000000000001000
000000000000000000001
#
It:233:Diff:38:PSOStep:5:Time:329.484542:s:AutomataStep:5:Transition:11001110011101111000111000000011010001011001000011000010001100100101101001110111000111000110000110010110000011010110011011011111100011101101001110110101001010000110001011011011111100010111000110100110001111010111101011001011000111101011010000011100101000011111110110111010011100110010101100001011110011110010000011110110011111110010011010010101111011111001011011010101011000100110111111011111011111111000100111000111101110110010101101010101010100110101111100000101010111110111010101100011111100100001011000011111
000000000000000000010
010000000000000000010
001000000000000001110
001000000000000001000
001011111111111110100
001011111111111110100
001011111111111110100
001011111111111110100
001011111111111110100
001011111101111110100
001011010111111110100
001011100111111110100
001011110111111110100
001011111111111110100
001011111111111110100
001011111111111110100
001011111111111110100
010100000000000000100
001000000000000001010
010100000000000001000
000000000000000000001
#
It:243:Diff:38:PSOStep:5:Time:344.592795:s:AutomataStep:5:Transition:11001110011101111000111000000111010001011001000010000010001100000101101001110111000111000111000010010110000011010110011011001111100011101101001110110101001010100110001011010011111100010101000110100100000111010101101011001011001111101010010000011100000100011111100110111010011100110010001100001010110011111000000011110110011101110010011010010101111011011001011011010101011000100110111111011111111011111000100111001110101111110010101101010101110100110101010100000001010111110111010100100011111100100001011000011111
000000000000000000010
010000000000000000010
001000000000000001110
001000000000000001000
001011111111111110100
001011111111111110100
001011111111111110100
001011111111111110100
001011111111111110100
001011111101111110100
001011010111111110100
001011100111111110100
001011110111111110100
001011111111111110100
001011111111111110100
001011111111111110100
001011111111111110100
010100000000000000100
001000000000000001010
010100000000000001000
000000000000000000001
#
It:245:Diff:38:PSOStep:5:Time:347.631231:s:AutomataStep:5:Transition:11001110011101111000111001000111010001111001010110000010001100100111101001110111010111000110000010010110000001010110011111011101100011101101101110110101001010000110001001010011011100010101000110100100100111010101001011001101000111101010010000011110000100011111010100101010011110111010001100001010110011110000000011110110011111110000010010010101111011111001001011010101011000100110110111011111111011111100100111000110001111110010101001010101110100110101010100000101010111111111010100100011111100100001011000011111
000000000000000000010
010000000000000000010
001000000000000001110
001000000000000001000
001011111111111110100
001011111111111110100
001011111111111110100
001011111111111110100
001011111111111110100
001011111101111110100
001011010111111110100
001011100111111110100
001011110111111110100
001011111111111110100
001011111111111110100
001011111111111110100
001011111111111110100
010100000000000000100
001000000000000001010
010100000000000001000
000000000000000000001
end
