PSO TRACE
INIT:../../instances/fazia/init.csv
REF:../../instances/fazia/asm4.csv
DecodingPolicy:Nibble:CDLE2
MutationPolicy:Std
ParticleNeighborhood:Fixed
ParticleDims:146
ParticleCount:100
AccP:2.0
AccG:2.0
AccL:1.5
AccI:2.3
Pos:0.0-3.0
Inertia:0.9-0.6
VeloMax:2.0
MaxPSOIteration:500
InertiaDecrFactor:6.000000000000001E-4
INIT
000000000000000000000
000000000000000000000
000000000000000000000
000000000000000000000
000000000000000000000
000000000000000000000
000000000000000000000
000000000000000000000
000000000000000000000
000000000000000000000
000000000010000000000
000000000000000000000
000000000000000000000
000000000000000000000
000000000000000000000
000000000000000000000
000000000000000000000
000000000000000000000
000000000000000000000
000000000000000000000
000000000000000000000
REF
000000000000000000000
010000000000000000010
001011111111111111110
000000000000000000000
001011111111111110100
001011111111111110100
001011111111111110100
001011111111111110100
001011111011111110100
001011111101111110100
001011000101111110100
001011000110111110100
001011110111111110100
001011111111111110100
001011111111111110100
001011111111111110100
001011111111111110100
010100000000000001100
001011111111111110010
010000000000000001000
000000000000000000000
Nibble Decoder
0 :1,2,3,4,
1 :0,2,3,4,
2 :0,1,3,4,
3 :0,1,2,4,
4 :0,1,2,3,
5 :6,7,8,9,
6 :5,7,8,9,
7 :5,6,8,9,
8 :5,6,7,9,
9 :5,6,7,8,
10 :11,12,13,14,
11 :10,12,13,14,
12 :10,11,13,14,
13 :10,11,12,14,
14 :10,11,12,13,
15 :16,17,18,19,
16 :15,17,18,19,
17 :15,16,18,19,
18 :15,16,17,19,
19 :15,16,17,18,
20 :21,22,23,24,
21 :20,22,23,24,
22 :20,21,23,24,
23 :20,21,22,24,
24 :20,21,22,23,
25 :26,27,28,29,
26 :25,27,28,29,
27 :25,26,28,29,
28 :25,26,27,29,
29 :25,26,27,28,
30 :31,32,33,34,
31 :30,32,33,34,
32 :30,31,33,34,
33 :30,31,32,34,
34 :30,31,32,33,
35 :36,37,38,39,
36 :35,37,38,39,
37 :35,36,38,39,
38 :35,36,37,39,
39 :35,36,37,38,
40 :41,42,43,44,
41 :40,42,43,44,
42 :40,41,43,44,
43 :40,41,42,44,
44 :40,41,42,43,
45 :46,47,48,49,
46 :45,47,48,49,
47 :45,46,48,49,
48 :45,46,47,49,
49 :45,46,47,48,
50 :51,52,53,54,
51 :50,52,53,54,
52 :50,51,53,54,
53 :50,51,52,54,
54 :50,51,52,53,
55 :56,57,58,59,
56 :55,57,58,59,
57 :55,56,58,59,
58 :55,56,57,59,
59 :55,56,57,58,
60 :61,62,63,64,
61 :60,62,63,64,
62 :60,61,63,64,
63 :60,61,62,64,
64 :60,61,62,63,
65 :66,67,68,69,
66 :65,67,68,69,
67 :65,66,68,69,
68 :65,66,67,69,
69 :65,66,67,68,
70 :71,72,73,74,
71 :70,72,73,74,
72 :70,71,73,74,
73 :70,71,72,74,
74 :70,71,72,73,
75 :76,77,78,79,
76 :75,77,78,79,
77 :75,76,78,79,
78 :75,76,77,79,
79 :75,76,77,78,
80 :81,82,83,84,
81 :80,82,83,84,
82 :80,81,83,84,
83 :80,81,82,84,
84 :80,81,82,83,
85 :86,87,88,89,
86 :85,87,88,89,
87 :85,86,88,89,
88 :85,86,87,89,
89 :85,86,87,88,
90 :91,92,93,94,
91 :90,92,93,94,
92 :90,91,93,94,
93 :90,91,92,94,
94 :90,91,92,93,
95 :96,97,98,99,
96 :95,97,98,99,
97 :95,96,98,99,
98 :95,96,97,99,
99 :95,96,97,98,
#
It:0:Diff:144:PSOStep:6:Time:3.722879774:s:AutomataStep:6:Transition:01101110111011000010100010101000100010101100011000000110111001101100000010101000010011100010101011001010011010001110100000000010111011100000110000100000001011001110111001001110001000101110011011101110011001001100011001001010000010101000101001000110010010101110010001001010110000101110001010001100010001001100100010001000010000100000110001001010001000000100001011101110101000000100000001001010101001100000111000001100001010001010101001101010001011001110111011001010110010001010001010001010001001101010100001100110
000000000000000000000
000000000000000000000
000000000000000000000
000000000000000000000
000010011110110110000
000011100001010010000
000000100100100110000
000000110011010110000
000010001101000110000
000011010001000110000
000000011110000110000
000010000000100110000
000011101100110110000
000000001111011110000
000000011100110110000
000010001111100010000
000011101110111010000
000000000000000000000
000000000000000000000
000000000000000000000
000000000000000000000
#
It:129:Diff:143:PSOStep:6:Time:132.216639475:s:AutomataStep:6:Transition:01001110111010101000101010001100100010001000111011000010101000101000111011101000111010101000100011001010100010001000100001001110111011101100010001100100101001100000110010101110110001001110100011101110000011100100101010101000100010100110100001101010000010001000101011101010101011001010001010000000100010101000101001100010011011001110111001101110011011001110111000101100111010100000011011101010001000001010111010101100101010101110010010100100111010101010010001000110110001101110111010101110111001001010111010001110
000000000000000000000
000000000000000000000
000000000000000000000
000000000000000000000
000010101010101010000
000010101010100110000
000010001001110000000
000011101100000000000
000010011100110110000
000011111100111110000
000010000000000000000
000011011001100110000
000010111111110110000
000010000000000000000
000010000000000000000
000011111111111110000
000011111111111110000
000000000000000000000
000000000000000000000
000000000000000000000
000000000000000000000
#
It:130:Diff:141:PSOStep:8:Time:133.181355353:s:AutomataStep:8:Transition:01101010101000001010100001100010101010101110011001100010110001001010000010100110110011101010010001001100101000101110100001101010101010101100011011000100011001100110010001100100010001001110011011001010100001000100100001101010111001000110101010101110101010101010110001001110111010001100011010101110001010101110111001101010100000001010010001100110011010001100010010100110011001000110011011001110001011101100010010001100110001001110010011000100110001101010010011000100001011101010000011000110010010001110011010101000
000000000000000000000
000000000000000000000
001000001110001001100
000000010010100101100
000000001111000000100
000000011111011110100
000000001100001100100
000000111101111100100
001011110000010100100
001111110110100100100
001011101111000100100
000000010000000100100
000001011000000100100
000001000111111100100
001011001011111100100
000010111000000000100
000000000000000000100
001000101011111111100
001111111111111111100
000000000000000000000
000000000000000000000
#
It:199:Diff:141:PSOStep:6:Time:201.074437762:s:AutomataStep:6:Transition:00101110111010100000010001101100110011101010000001100100011001001110111011100000001010000000001001000000110010101100000001000000111011100000000000100100110011101000010010100110010001001010011011001110010011000100001001101110100000100100111010100000111011101110111001000110000011001000101011101110011011001100111010101000110001001110011000001000100011101010010011101000011001001000100011001110011011101000010011000110100011001000010010001100010010101110010010001100011011101110101000000110001000100110000011100100
000000000000000000000
000000000000000000000
000000000000000000000
000000000000000000000
000000000000000110000
000000000000011110000
000000000000011010000
000000000110101110000
000000010001011110000
000001111110111110000
000010000110010110000
000010100010110110000
000010011111111110000
000011100001111110000
000010000000000010000
000011111110111010000
000011111111111110000
000000000000000000000
000000000000000000000
000000000000000000000
000000000000000000000
#
It:203:Diff:131:PSOStep:6:Time:205.304530584:s:AutomataStep:6:Transition:01001110111011100010000001001010111011101110111010001010111001001110111011100000100011100010100001000100001010001100101000100010111011101110011011000100111011100000010011100100010001001000111010001110010010100010010010101100111000000100111011000010111011101110111001001000000000100100010000100010101010101110111000101000011011001000110010101100111010000000010000101110101010001000111010001010010011101110010001001110101000001110100010000010110000001110010010100110101011101110011011101000100001000000100011100100
000000000000000000000
000000000000000000000
000000000000000000000
000000000000000000000
000010101010101010000
000011101000101110000
000010011100011100000
000011110100001110000
000011111110010010000
000010110111111000000
000010000001110010000
000011011110011010000
000011111111010110000
000010000000000110000
000010000000000100000
000011111111111100000
000011111111111110000
000000000000000000000
000000000000000000000
000000000000000000000
000000000000000000000
#
It:209:Diff:124:PSOStep:8:Time:211.480022276:s:AutomataStep:8:Transition:01001110111011001000110011101100100011101100101000000100111001001110111011100000110011100000000001000100110000100000011001101110111011100110100001000100111010101000010011100100000001000110111010101110010011100100010011001110111011000100111010100010111001101110111001001010101011000100010010001110010010101110111011000100110000001110100001000110000000101110010010001110000011001110111010101000010010001110010001000100000001101110001011100000111000001010010001100010000011101110000010001000010001000110110011100100
000000000000000000000
000000000000000000000
001010101010101010100
001000000000000000100
001011101100110010100
001011011011110010100
001011111011110000100
001000001111000100100
001011001000000100100
001010000100100010100
001011111011011000100
001010001000000100100
001011000000000100100
001000111111111100100
001011111111111110100
001000000000000000100
001000000000000000100
001111111111111111100
001111111111111111100
000000000000000000000
000000000000000000000
#
It:396:Diff:118:PSOStep:8:Time:402.094206791:s:AutomataStep:8:Transition:01101110111011001110110000000110111010101000111000001100100011001110111011100100110011101010101011001100101000101100110000101110111011100110111011001100111001101110110010101100100011000000111011001110110011101100110011001110000001101100111001100100111011101000111011000000111010101100010010101000101010101110111001001100111000001110111011001010110011001110101011101110000000101010010001101110110011101000110010100000111011101110110011101010110010101110110001001000110011101110110010100000000011001110101011101100
000000000000000000000
000000000000000000000
001000110101101101100
001000010100100100100
001011100110110110100
001001111011101100100
001000011001110110100
001010000000000100100
001011000000010110100
001011111110111100100
001001111111000110100
001000001101100100100
001010011100000110100
001011111110111110100
001011011101110000100
001000110011001100100
001001100110011001100
001111111111111111100
001110111011101110100
000000000000000000000
000000000000000000000
end
