PSO TRACE
INIT:../../instances/fazia/init.csv
REF:../../instances/fazia/asm4.csv
DecodingPolicy:Nibble:CDLE2
MutationPolicy:Std
ParticleNeighborhood:Fixed
ParticleDims:146
ParticleCount:100
AccP:2.0
AccG:2.0
AccL:1.5
AccI:2.3
Pos:0.0-3.0
Inertia:0.9-0.6
VeloMax:2.0
MaxPSOIteration:500
InertiaDecrFactor:6.000000000000001E-4
INIT
000000000000000000000
000000000000000000000
000000000000000000000
000000000000000000000
000000000000000000000
000000000000000000000
000000000000000000000
000000000000000000000
000000000000000000000
000000000000000000000
000000000010000000000
000000000000000000000
000000000000000000000
000000000000000000000
000000000000000000000
000000000000000000000
000000000000000000000
000000000000000000000
000000000000000000000
000000000000000000000
000000000000000000000
REF
000000000000000000000
010000000000000000010
001011111111111111110
000000000000000000000
001011111111111110100
001011111111111110100
001011111111111110100
001011111111111110100
001011111011111110100
001011111101111110100
001011000101111110100
001011000110111110100
001011110111111110100
001011111111111110100
001011111111111110100
001011111111111110100
001011111111111110100
010100000000000001100
001011111111111110010
010000000000000001000
000000000000000000000
Nibble Decoder
0 :1,2,3,4,
1 :0,2,3,4,
2 :0,1,3,4,
3 :0,1,2,4,
4 :0,1,2,3,
5 :6,7,8,9,
6 :5,7,8,9,
7 :5,6,8,9,
8 :5,6,7,9,
9 :5,6,7,8,
10 :11,12,13,14,
11 :10,12,13,14,
12 :10,11,13,14,
13 :10,11,12,14,
14 :10,11,12,13,
15 :16,17,18,19,
16 :15,17,18,19,
17 :15,16,18,19,
18 :15,16,17,19,
19 :15,16,17,18,
20 :21,22,23,24,
21 :20,22,23,24,
22 :20,21,23,24,
23 :20,21,22,24,
24 :20,21,22,23,
25 :26,27,28,29,
26 :25,27,28,29,
27 :25,26,28,29,
28 :25,26,27,29,
29 :25,26,27,28,
30 :31,32,33,34,
31 :30,32,33,34,
32 :30,31,33,34,
33 :30,31,32,34,
34 :30,31,32,33,
35 :36,37,38,39,
36 :35,37,38,39,
37 :35,36,38,39,
38 :35,36,37,39,
39 :35,36,37,38,
40 :41,42,43,44,
41 :40,42,43,44,
42 :40,41,43,44,
43 :40,41,42,44,
44 :40,41,42,43,
45 :46,47,48,49,
46 :45,47,48,49,
47 :45,46,48,49,
48 :45,46,47,49,
49 :45,46,47,48,
50 :51,52,53,54,
51 :50,52,53,54,
52 :50,51,53,54,
53 :50,51,52,54,
54 :50,51,52,53,
55 :56,57,58,59,
56 :55,57,58,59,
57 :55,56,58,59,
58 :55,56,57,59,
59 :55,56,57,58,
60 :61,62,63,64,
61 :60,62,63,64,
62 :60,61,63,64,
63 :60,61,62,64,
64 :60,61,62,63,
65 :66,67,68,69,
66 :65,67,68,69,
67 :65,66,68,69,
68 :65,66,67,69,
69 :65,66,67,68,
70 :71,72,73,74,
71 :70,72,73,74,
72 :70,71,73,74,
73 :70,71,72,74,
74 :70,71,72,73,
75 :76,77,78,79,
76 :75,77,78,79,
77 :75,76,78,79,
78 :75,76,77,79,
79 :75,76,77,78,
80 :81,82,83,84,
81 :80,82,83,84,
82 :80,81,83,84,
83 :80,81,82,84,
84 :80,81,82,83,
85 :86,87,88,89,
86 :85,87,88,89,
87 :85,86,88,89,
88 :85,86,87,89,
89 :85,86,87,88,
90 :91,92,93,94,
91 :90,92,93,94,
92 :90,91,93,94,
93 :90,91,92,94,
94 :90,91,92,93,
95 :96,97,98,99,
96 :95,97,98,99,
97 :95,96,98,99,
98 :95,96,97,99,
99 :95,96,97,98,
#
It:0:Diff:156:PSOStep:3:Time:4.965669691:s:AutomataStep:3:Transition:11100110111010101000000010001110011001000110111001001010000011101110011010100110000001001000101011000010100011100010111001000010001010000110011001000000101000100000111000100010011010100010110010001110111010001010100001101000100011100100101001001000010010100110110000101100001010001100000010100110110011101010111001100000101011000100000011001100001000101110001000000100010011000100011001101100110010101000010001000110001001000010010001100010001010001100001010101110001000100110010011101100011010001100001011100100
111111111111111111110
111111111111111111100
111111111111111111100
111111111111111111100
111111111111111111100
111111111111111111100
111111111111111111100
111111111111011111100
111111111110011111100
111111111100011111100
111111111100111111100
111111111111111111100
111111111111111111100
111111111111111111100
111111111111111111100
111111111111111111100
111111111111111111100
111111111111111111100
111111111111111111100
100000000000000000010
110000000000000000000
#
It:1:Diff:154:PSOStep:3:Time:6.343745428:s:AutomataStep:3:Transition:11001010101010101100010011001110111011000110000010100100000000000000000000001010100010100110010011000010100000000110101001001110100010000110100011001010100000101010000010001110100010100110100011000000000001101010110011001000100010101000011001101000101010101110011000100000110011100110101011100010110011101010011010100000101000101000000000000110111010001010001010000110101010001010100000001100011010001100111011000110001011000110111001100110100011000110001001100000001010001010100011000000110011001000011010100010
111111111111111111110
111111111111111111100
111111111111111111100
111111111111111111100
111111111111111111100
111111111111111111100
111111111111111111100
111111111011111111100
111111111111111111100
111111110001111111100
111111111111111111100
111111101011111111100
111111111111111111100
111111111111111111100
111111111111111111100
111111111111111111100
111111111111111111100
111111111111111111100
111111111111111111100
000000000000000000011
100000000000000000001
#
It:3:Diff:151:PSOStep:3:Time:8.620567593:s:AutomataStep:3:Transition:11001010011011001100111000101010110010100100000000001110000001101000000000000000110001101100110000101100101011000010101000101110111011100110111000001010110000100000000001100110011011000010001010100000011001001000001000001110001000001000100000100110110010001110000001001010000000101010000011000110111011000110110000001000101001100000111010001110011000000110001010000000110001100000011010100000011010100100111000001110011010101110001001100110011000100110110011000000011011100110111011001100110011000110011011001100
111111111111111111110
111111111111111111100
111111111111111111100
111111111111111111100
111111111111111111100
111111111111111111100
111111111111111111100
111111111101111111100
111111111111111111100
111111110101111111100
111111111111111111100
111111111111111111100
111111111111111111100
111111111111111111100
111111111111111111100
111111111111111111100
111111111111111111100
111111111111111111100
111111111111111111100
100000000000000000001
000000000000000000000
#
It:15:Diff:150:PSOStep:6:Time:21.66403135:s:AutomataStep:6:Transition:01001100000010100100110010001010100011100100011000000110101000001010011010101010010010101100010001001010110010001110111001001100100011101000100001101000010001001010011011001010011011001110010011101110000000101010010010101000100010100000000001001110010000001100110001001100101001001110101010000110010010001010110011101100011011100110101010101010101010101010000010101010110011001010110011101010100010100100100010101000101011001100010010001000101001001110111000101010101001001100100001001100001011101110100001001000
000000000000000000000
000000000000000000000
000000000000000000000
000000000000000000000
000010101010101010000
000000101010101010000
000000000101000000000
000001110000001100000
000011000000011010000
000001111100011110000
000000010001110100000
000001110100011010000
000010111001111110000
000001001100111100000
000000000000000000000
000001001100110010000
000011111111111110000
000000000000000000000
000000000000000000000
000000000000000000000
000000000000000000000
#
It:16:Diff:149:PSOStep:6:Time:22.722415515:s:AutomataStep:6:Transition:01001110101001100010111011101010000011100010101010101000101010001010000010101010001001101010010000100110100001101110110000101110111011100010000010100000001000101010101001101010100000000100001001000010000000101010001010101110111010101100110000100100001000101010001000100000101000101000101011101000001001100110011001100110101010100000110010100110101010101010000010101010100001101010101001101010111010100010011010101110101010001100010010001000101000101100000000101010101000101010000001000110010000001110001000100100
000000000000000000000
000000000000000000000
000000000000000000000
000000000000000000000
000010101010101010000
000001100110011000000
000001010001000100000
000010101111101100000
000000100010001110000
000001000101000100000
000000000100101100000
000001001010001100000
000010111111011010000
000000110110100000000
000000010001000100000
000011111101011100000
000010101010101010000
000000000000000000000
000000000000000000000
000000000000000000000
000000000000000000000
#
It:26:Diff:141:PSOStep:8:Time:34.046528102:s:AutomataStep:8:Transition:01001110011001100100011001001010000001000010101010100110101001101000101010101010111000001110010000101000011010001100011000101000011010001100011011101110111000101010011010000000100001100010001011101110110011101100001001100110101010101010100000101110111011101110100000101110110000101000101011000100010001100110011000001000100011101010000010101000110010101010011010100110100010001010100001001010100000000010010011001100110011001010001001100110110000101010100000000000011011101100101010100000001001101000001011100010
000000000000000000000
000000000000000000000
001010101010101010100
000000000000000000000
000011000010011001100
000010111001010010000
000101011110001001100
000001000100011000000
000010100011110100100
000001111011101111000
000100011110001001100
000001011100110110000
000011110110110001100
000010000100011010000
000100110001001000100
000001010011011111000
000111010100010101100
000000000000000000000
001010101010101010100
000000000000000000000
000000000000000000000
#
It:29:Diff:128:PSOStep:8:Time:37.638275519:s:AutomataStep:8:Transition:01100010111001000010101000101110101001100010011011000010111011101110101011100010001000100010101000100010111010101110010000100100001001100110001001001000000000100110101011101110011000101100001001001010111001001110101011000010111010101010010001000100101011101110101000100100001010100100110010000010110011101110001011100000101000100010111010100010111000001110110010101110111000101110001001100110111010101110001011000100111011100010111011100010101000101010010000100000101000101110011010001110001000100010001011101010
000000000000000000000
000000000000000000000
001010101010000000000
001101010101000000000
001111111111000000000
001010111100000000000
001011100001000000000
001000000101010000000
001111001011110000000
001011011001110000000
001010010100101000000
001001000110011100000
001110001111111100000
001010101110111110000
001011111111110010000
001001010101010101000
001111111111111111000
001010101010101010100
001010101010101010100
000000000000000000000
000000000000000000000
#
It:493:Diff:125:PSOStep:6:Time:556.158260943:s:AutomataStep:6:Transition:01001010111011100010101011100100111011001010111000100100111011101000100011101110110000101010010011100110111001101110110010101100010001001110111011100100110011101100011011000000111010101000001000100010111011101110111001101010000001000110110011101100111010001100001000100010111001101010011011101100101011101010111000001100111000001000001011001110111001000100111011101010111011100000111010000000011010101000001011101110100001001010100011100000111011100000000010100100001010100110011000101000111011100010001010001110
000000000000000000000
000000000000000000000
000000000000000000000
000000000000000000000
000010001000100010000
000011101110100110000
000011111111100110000
000011111011111110000
000010001000001010000
000010011100011110000
000011101111011110000
000011111011111110000
000010010000010010000
000010001111100110000
000011110101110110000
000011111111111110000
000010101010101010000
000000000000000000000
000000000000000000000
000000000000000000000
000000000000000000000
end
