PSO TRACE
INIT:../../instances/fazia/init.csv
REF:../../instances/fazia/asm4.csv
DecodingPolicy:Nibble:CDLE2
MutationPolicy:Std
ParticleNeighborhood:EDist
ParticleDims:146
ParticleCount:100
AccP:2.0
AccG:2.0
AccL:1.5
AccI:2.3
Pos:0.0-3.0
Inertia:0.9-0.6
VeloMax:2.0
MaxPSOIteration:500
InertiaDecrFactor:6.000000000000001E-4
INIT
000000000000000000000
000000000000000000000
000000000000000000000
000000000000000000000
000000000000000000000
000000000000000000000
000000000000000000000
000000000000000000000
000000000000000000000
000000000000000000000
000000000010000000000
000000000000000000000
000000000000000000000
000000000000000000000
000000000000000000000
000000000000000000000
000000000000000000000
000000000000000000000
000000000000000000000
000000000000000000000
000000000000000000000
REF
000000000000000000000
010000000000000000010
001011111111111111110
000000000000000000000
001011111111111110100
001011111111111110100
001011111111111110100
001011111111111110100
001011111011111110100
001011111101111110100
001011000101111110100
001011000110111110100
001011110111111110100
001011111111111110100
001011111111111110100
001011111111111110100
001011111111111110100
010100000000000001100
001011111111111110010
010000000000000001000
000000000000000000000
Nibble Decoder
#
It:0:Diff:155:PSOStep:6:Time:5.109678776:s:AutomataStep:6:Transition:01001110100001101000110000100010110010100110110000001100101011001000111010101000110010101000110010001000111011101100100011001110011001101010000000101010010000100000101001101010101000100100000000000000011011000100110010001010011010000000000011100010000001101000100010100100101010101110110010101100110000000010100010100010101001000110010010101110100010100010011001100000001000101010011011001000001000000010000001100110010010101000011000101110100001001100011011100000011011100110110011000100001001100000001011101010
000000000000000000000
000000000000000000000
000000000000000000000
000000000000000000000
000010101010101010000
000000011000101010000
000000000011000110000
000010011100000110000
000001101000100110000
000000100000100110000
000000011000100110000
000000010010000110000
000010010011100110000
000001000011010110000
000000110101111110000
000010001101000010000
000010101010101010000
000000000000000000000
000000000000000000000
000000000000000000000
000000000000000000000
#
It:3:Diff:155:PSOStep:3:Time:9.741698908:s:AutomataStep:3:Transition:11101010100000000010110000100110111010001100110000000110011011001110000000001000101000000000010000100010001001001110000011000000010011001000100000001100001000101010010001100000010010001010010000000010100000000110110000001000000000101110001001000000001000100010111001101110000011001100101010001110110000100000010000100010000010101100110010100000010011100010011011000010001010000100000001100000000000001100010011000000000010001110010000001110001011101010001001101000101000100110111010001010100010001010001010101000
111111111111111111101
111111111111111111100
111111111111111111100
111111111111111111100
111111111111111111100
111111111111111111100
111111111111111111100
111111111111111111100
111111111111111111100
111111111001111111100
111111111000111111100
111111111010011111100
111111111111111111100
111111111111111111100
111111111111111111100
111111111111111111100
111111111111111111100
111111111111111111100
111111111111111111100
100000000000000000001
100000000000000000011
#
It:10:Diff:150:PSOStep:8:Time:18.112831899:s:AutomataStep:8:Transition:01001100001011000100010000100110010000000100110010001100101011001110010011101000110011001000110000101110111000100110010011101000100011001100001001001100001001001100001010100100010011000100111001001110110000100110000010100010110000001100010011001100001000100100011010101100100001100100010000100100110011100110001010001000001011000010010001001000010010001010100001001000010011000010010011001000100001100010110001000010110010101100101010001110001011000100110010000110010001000100100000100100000001101110101010001100
000000000000000000000
000000000000000000000
001010101010101010100
000000000000000000000
001010101010101001000
000010101010100010000
001010101000100110000
000010110100011000000
001000001100010100000
000000010111111000000
001011100000101000000
000001110111010000000
001010001111100000000
000011101011100000000
001010000001000000000
000011011011000000000
001000010111000000000
000001010110000000000
001010101010000000000
000000000000000000000
000000000000000000000
#
It:16:Diff:150:PSOStep:5:Time:25.271957341:s:AutomataStep:5:Transition:10101000000010001010110011101100110011101110000000000000010010000010100000000010100010000010100010001110111000100010010000100000001011101010010010001000001010100110001011101000111000101000000010101000011001101000100010000000100000000010110001101110000001100000001001101110000001001000101001100110100000100100100000000110101010000110100001100000100000000010100011100000001010101000000010001010000011000010100010101000001010000100001000001010001010100100100010000110011000001100100000100010001011001110110010001000
111111111111111110101
111111111111111110011
111111111111111110101
111111111111111110000
111111111111111110000
111111111111111110000
111111111111111110000
111111011111111110000
111111011011111110000
111110110011111110000
111110110100111110000
111110000001111110000
111111111111111110000
111111111111111110000
111111111111111110000
111111111111111110000
111111111111111110000
000000000000000001111
001000000000000000111
000000000000000001101
100000000000000000100
#
It:84:Diff:132:PSOStep:8:Time:103.445144426:s:AutomataStep:8:Transition:01101010101011001100110011000110110010100110100011100100010011001010011011100100100011000100110000100000010010000110010010001110110001000100010011101100011001101100111011000110110011101100111000101100110010101100110001101110110011101100000001001110111000001100111011000010111000000100110011001100110001000100010011101110011011001100000001001100011000001000111001001110000010001110111011001100111001001100110010101110000010000100110011101000100011000010110011001000001011101010110011101110011001001110011001101100
000000000000000000000
000000000000000000000
001000001110001001100
000000000100000000100
001010001110011111100
001011010110111110100
001000110110100111100
000000011011101100100
001010001110010010100
001011110000101010100
001000100100101000100
000000110100110000100
001010000000000100100
001011110100010011100
001000110101111000100
000000001100001001100
001000001110000000100
001000001110001001100
001000001110001001100
000000000000000000000
000000000000000000000
#
It:360:Diff:122:PSOStep:8:Time:432.064531434:s:AutomataStep:8:Transition:01101100111011001100110000000110110010100110100001101000101011001000000001101110110011000010110000101010110010001000110010100110110011001100101001101100101000001010001011000010110000001100011010101100001011101100101000000110110001101100101011000110110011001010011011001100011000101010110011001000000011000010110001100110011011101100101000100110111011001100011010100110010000001010000001000110011010101000110011000110001011001010110001101100110011101110110000001100110001100110110010100110011011000110000011001100
000000000000000000000
000000000000000000000
001000100010001000100
001011000000100001100
001000011011110000100
000111100111011111100
001100100110011111100
001111011100101111100
001010100101110000100
000010011000111000100
001001100000011100100
001011000100110000100
001010100110001100100
000110110001100000100
001101111101110000100
001011110111111011100
001000110111001100100
000111101011011111100
001110111011101110100
000000000000000000000
000000000000000000000
end
