PSO TRACE
INIT:../../instances/fazia/init.csv
REF:../../instances/fazia/asm4.csv
DecodingPolicy:Nibble:CDLE2
MutationPolicy:Std
ParticleNeighborhood:EDist
ParticleDims:146
ParticleCount:100
AccP:2.0
AccG:2.0
AccL:1.5
AccI:2.3
Pos:0.0-3.0
Inertia:0.9-0.6
VeloMax:2.0
MaxPSOIteration:500
InertiaDecrFactor:6.000000000000001E-4
INIT
000000000000000000000
000000000000000000000
000000000000000000000
000000000000000000000
000000000000000000000
000000000000000000000
000000000000000000000
000000000000000000000
000000000000000000000
000000000000000000000
000000000010000000000
000000000000000000000
000000000000000000000
000000000000000000000
000000000000000000000
000000000000000000000
000000000000000000000
000000000000000000000
000000000000000000000
000000000000000000000
000000000000000000000
REF
000000000000000000000
010000000000000000010
001011111111111111110
000000000000000000000
001011111111111110100
001011111111111110100
001011111111111110100
001011111111111110100
001011111011111110100
001011111101111110100
001011000101111110100
001011000110111110100
001011110111111110100
001011111111111110100
001011111111111110100
001011111111111110100
001011111111111110100
010100000000000001100
001011111111111110010
010000000000000001000
000000000000000000000
Nibble Decoder
#
It:0:Diff:159:PSOStep:8:Time:0.289300517:s:AutomataStep:8:Transition:01001110101011001000010010100110110001101010110011100100001011101100001011101100011001001010000011100000110001000010101011000100011010100000100010101110110011100010001011101110111011100010110011101000011000100110001011100000100001000000001011101100000010101000011001101010010001001100111000000010101010101000011001000010100000100000101011000100110011000110110000001110101001000010111010001010011011001000100001000100101000000000101001100110010010100000010001101000110001100000001001001100000001001110011000100010
000000000000000000000
000000000000000000000
001010101010101010100
000000000000000000000
001011000010011001000
001110000110000000000
001100100000001011000
000001100010010100000
001011000110100101000
001100000111101101000
001011010001100111000
000001010100001100000
001110101100011001000
001101011001001001000
001000010100011010000
000001011110000100000
001101000100011111000
001001010100010101000
001010101010101010100
000000000000000000000
000000000000000000000
#
It:1:Diff:158:PSOStep:5:Time:0.65985388:s:AutomataStep:5:Transition:11000000101010101000100010000000000010100000101001001010101000000100001010001110110001101000111000001100110011000100000010101000010001000100100000000000111000001110010010001000010010000110000000100000101011001100111010101000000010100100111010101110101001001000110000001000010010000010100001100010101010100000000011000000101000101010000000100000101010101100110011001000010010000100010001000100101001100110000010100000101001000110011000001010100000000100100010101000010000101000000000100100100010000000111010100010
111111111111111110000
111111111111111110001
111111111111111110000
111111111111111110000
111111111111111110000
111111110011111110000
111111111011111110000
111111100111111110000
111111110001111110000
111111000101111110000
111111100011111110000
111110011111111110000
111111111111111110000
111111111111111110000
111111111111111110000
111111111111111110000
111111111111111110000
000000000000000001000
111111111111111111001
000000000000000001011
111111111111111110100
#
It:2:Diff:153:PSOStep:5:Time:0.944982925:s:AutomataStep:5:Transition:11000100010010101000100011000010101010101010011000000010011000000110000000101100101001000010001010001000000000001110001001101000110001101000100010100000001011100100001010100010000010101110011000001100111010101000101000101000001011100100101010001010101010001000100010001000100001000110110000001100000011101100101010100100000010001000100010000110000010100100111010001000100000101000010010000000100011100000100010000010001010101110111011001010011010000000000000001000100000100010100001101010111001001010011010000000
111111111111111111011
111111111111111111000
111111111111111110010
111111111111111110101
111111111111111110101
111111111111111110101
111111111111111110101
111111111001111110101
111111111011111110101
111111001101111110101
111110101111111110101
111110011111111110101
111111111111111110101
111111111111111110101
111111111111111110101
111111111111111110101
111111111111111110101
010000000000000000000
010000000000000001110
000000000000000000000
011000000000000000110
#
It:5:Diff:150:PSOStep:3:Time:1.419274123:s:AutomataStep:3:Transition:10001110011011001110111001001110111000000100000000000100000000000000001000101100000011100110000011100000000000001110001001101110000000001110111011000000111000101010001001100000000000000000000001000000100010101110101000101100001000101000111010000000100011100000111011101110111001100000111001100110000011101110001001101110000011101110111011100100000011100000001011101110111010101110010011100000111011100000111011101100001010000010011000001110000010000000000000001110111000100010111001100000110001101110010011100000
111111111111111111100
111111111111111111111
111111111111111111100
111111111111111111100
111111111111111111100
111111111111111111100
111111111111111111100
111111111001111111100
111111111011111111100
111111100100111111100
111111100011111111100
111111100101111111100
111111111111111111100
111111111111111111100
111111111111111111100
111111111111111111100
111111111111111111100
111111111111111111100
111111111111111111100
000000000000000000000
000000000000000000011
#
It:11:Diff:144:PSOStep:5:Time:2.404265094:s:AutomataStep:5:Transition:11101110001011101000101001001010101000001010001000000010000000100010011010101010000011100000001011000010001000101010011000001000110000101010110000000010000011001010111000101000001010100010001010101100101011101010101000101010001000100110011011100010100000000100110011000000101000100010011011000010001011001010010000001010111010100100110011000010001011000110110010101010100000101010101001000000101010000000100001001000101010101010111001101010111001000010010011101010111010101100111010101000010010001100011010100010
111111111111111110000
111111111111111110000
111111111111111110000
111111111111111110000
111111111111111110000
111111111111111110000
111111111111111110000
111111111111111110000
111110100011111110000
111110101011111110000
111111000111111110000
111111010011111110000
111111111111111110000
111111111111111110000
111111111111111110000
111111111111111110000
111111111111111110000
110000000000000000100
011000000000000000010
000000000000000000000
110000000000000000011
#
It:22:Diff:143:PSOStep:5:Time:3.778210611:s:AutomataStep:5:Transition:11100010000000000010101000001010101000101010000000100010000000000000111010001010111000001010011010000110001000001010000000001010101000001010000000001010001001001100110000001010000001000000000010101010101011001010110000001010000011001010110000100000101010101110110000001010101000001100000000000000000011001010101010101010010010100000111011000000101000101110011010101010001000001010101000101010101000101100010001101010001001001100110011001010101010100000111011001010010010000000000010001110000010101010000010100000
111111111111111110101
111111111111111110011
111111111111111110000
111111111111111110000
111111111111111110000
111111111111111110000
111111111111111110000
111111111111111110000
111111111111111110000
111111111011111110000
111111100111111110000
111111101111111110000
111111111111111110000
111111111111111110000
111111111111111110000
111111111111111110000
111111111111111110000
110000000000000000100
001000000000000000010
000000000000000000101
011000000000000000010
#
It:234:Diff:142:PSOStep:5:Time:31.616405098:s:AutomataStep:5:Transition:11101110111011000100000001001010111010101010010001001010000001101100111010100000011000001110100000001110010001000000111001001010101001001010010001000100100010100010110001001010010001100100000010001000001001101010101001001010110000000000000010000100101000000010000011100010000001001110011011100100010001001010010011001010010010100000100000000100010010101110100010101010101000101010111010000100000011100000100011101010111001000010000000001010001011100100010001101010000000001110000010101110001010101000010010000100
111111111111111111000
111111111111111111010
111111111111111111010
111111111111111110000
111111111111111110000
111111111111111110000
111111111111111110000
111111111111111110000
111111111101111110000
111111111110111110000
111111111101111110000
111111111110111110000
111111111111111110000
111111111111111110000
111111111111111110000
111111111111111110000
111111111111111110000
110000000000000000100
001000000000000000000
100000000000000000000
011000000000000000010
#
It:376:Diff:140:PSOStep:5:Time:49.898012927:s:AutomataStep:5:Transition:11101110001011100000100000001010100000001100000000001010001001101000001010100010001011101110100001001100001000000100101000101010101000001010010000000000111000000110001000101010000000001100100001001010101010001110101000001010001011101110011011100000101000101110001010101010011000001110001001000110001010001010100001101010000010100010010000100000000000101110101010101010101000101010011000100010010011100000111001101100010000001110100000101010001010100000000000001010000010001100000010100100110010100000000010100000
111111111111111110000
111111111111111110000
111111111111111110000
111111111111111110000
111111111111111110000
111111111111111110000
111111111111111110000
111111111111111110000
111111111111111110000
111111111111111110000
111111111111111110000
111111111111111110000
111111111111111110000
111111111111111110000
111111111111111110000
111111111111111110000
111111111111111110000
110000000000000001000
011000000000000000000
000000000000000000000
000000000000000000000
#
It:389:Diff:139:PSOStep:6:Time:51.647362126:s:AutomataStep:6:Transition:01101100111001101110000001101110011010101110011001101110111000101010111011100000111010000010010000001110000001100110001011001110111001101110111001100110101001100110011011101110011001101010011001001110111011000110111001101110111010001110001011000110111000001000100011100100011001101010100010100000110000001110101001101110100011100110000000000110011000001010111011101110111001101110011011101010011001100100011001101110010001100010111011101110000011100110011000001110001011101110110011100110110011101100011010100110
000000000000000000000
000000000000000000000
000000000000000000000
000000000000000000000
000010001000100010000
000010111010001100000
000010101001010110000
000010001000001100000
000010010011110110000
000011011101101100000
000010110111000110000
000011101110101100000
000010000100010110000
000011110100001100000
000010011100110110000
000011101111110100000
000010011110110110000
000000000000000000000
000000000000000000000
000000000000000000000
000000000000000000000
#
It:449:Diff:138:PSOStep:6:Time:59.725761483:s:AutomataStep:6:Transition:01101000111001101110000001101110110010101110011001101110101011001110111011100100100011100000000010001010011001100110010011001110111010001110111001101110011011101110110010001110100001101110011010101110111010101100001001101110101001000000000010000110111001001000010010101010010001101010010011101000100000101110000000101110011011100100011011001000100000101110101011101110111011101110000011100110001010000000011011100110011001100110010001101010001011100010011001101110111011101110001010100110111011101110011010100110
000000000000000000000
000000000000000000000
000000000000000000000
000000000000000000000
000010001000100010000
000010010110100110000
000010010100110110000
000010111101110110000
000011010000010110000
000010110100110110000
000011001000010110000
000010001011000110000
000011111000100110000
000010101000100110000
000010011111100110000
000010111110101010000
000011010101010110000
000000000000000000000
000000000000000000000
000000000000000000000
000000000000000000000
#
It:452:Diff:134:PSOStep:8:Time:60.102866246:s:AutomataStep:8:Transition:01101110111001101110100001101110100011101110011010001010010001001110001011101010111000100010111011000000011001100010011001100110111010101110101001100010011001101100001001001110011001101110001001001110111011101010101001101110000010101010100011000110010011101010011011001010001001101110010011100100110001000100011011101110100011001010101000100110000001000000101011101110010011000100011011100110011000100010000010000110111001100110011010101110000011101010111011000100111011001000101010100110010001100110100011100110
000000000000000000000
000000000000000000000
001000110101101101100
001000110101101101100
001011111001100001000
001001001101111101100
001011110110110011000
001111010111100010100
001001100100111010000
001000100011110010100
001011010010101101000
001111001111111000100
001001101101011101000
001011101000001000100
001001010110010101000
001110011011011001100
001000100010001001000
001000100010001011100
001011101110111011100
000000000000000000000
000000000000000000000
#
It:477:Diff:133:PSOStep:6:Time:63.392632749:s:AutomataStep:6:Transition:01101110111000101110001001101110011000101110011001101110111001001110111011101010101001100000110010001110100001100110001001000100111001101110111001100110100001100110000011001110011001100100011010001110111010000110111001101110111001101100001011100110111010001010110011101110011001101110011001100110110000001110011001101110100000100100010010100110011001101010111011101110111000101110011011001000011001100010111000101010000001101000100011101110111011101110011010001110110011101110111010100110111011101000100011000110
000000000000000000000
000000000000000000000
000000000000000000000
000000000000000000000
000010011110110110000
000010010001101100000
000010001010010110000
000010111010101100000
000011110100011010000
000011101010110100000
000010000000110110000
000010010110111100000
000011111111010110000
000010000000001100000
000010000000000110000
000010111111111100000
000011111111111110000
000000000000000000000
000000000000000000000
000000000000000000000
000000000000000000000
end
