PSO TRACE
INIT:../../instances/fazia/init.csv
REF:../../instances/fazia/asm4.csv
DecodingPolicy:Nibble:CDLE2
MutationPolicy:Std
ParticleNeighborhood:EDist
ParticleDims:146
ParticleCount:100
AccP:2.0
AccG:2.0
AccL:1.5
AccI:2.3
Pos:0.0-3.0
Inertia:0.9-0.6
VeloMax:2.0
MaxPSOIteration:500
InertiaDecrFactor:6.000000000000001E-4
INIT
000000000000000000000
000000000000000000000
000000000000000000000
000000000000000000000
000000000000000000000
000000000000000000000
000000000000000000000
000000000000000000000
000000000000000000000
000000000000000000000
000000000010000000000
000000000000000000000
000000000000000000000
000000000000000000000
000000000000000000000
000000000000000000000
000000000000000000000
000000000000000000000
000000000000000000000
000000000000000000000
000000000000000000000
REF
000000000000000000000
010000000000000000010
001011111111111111110
000000000000000000000
001011111111111110100
001011111111111110100
001011111111111110100
001011111111111110100
001011111011111110100
001011111101111110100
001011000101111110100
001011000110111110100
001011110111111110100
001011111111111110100
001011111111111110100
001011111111111110100
001011111111111110100
010100000000000001100
001011111111111110010
010000000000000001000
000000000000000000000
Nibble Decoder
#
It:0:Diff:153:PSOStep:3:Time:5.604558955:s:AutomataStep:3:Transition:11101010000000100000000010001110110010101100010010100000001010101100010000101100000001101000011000101010001000000100001000101110001000000000001000000100011010100000111001000010101001000110010010101000011000000010010001101010010000001100111000101110110001000110001000000000000010100110111011000010011011100110000011101110110011100000001000101000111000100000111000100000011011101100101010001010001010101100010010101010001011001000110001001010101010100010000001100110001000101000101001001000010011001110000010101000
111111111111111111111
111111111111111111100
111111111111111111100
111111111111111111100
111111111111111111100
111111111111111111100
111111111111111111100
111111111111111111100
111111111111111111100
111111110011111111100
111111111001111111100
111111111111111111100
111111111111111111100
111111111111111111100
111111111111111111100
111111111111111111100
111111111111111111100
111111111111111111100
111111111111111111100
100000000000000000000
010000000000000000000
#
It:2:Diff:152:PSOStep:8:Time:8.552912384:s:AutomataStep:8:Transition:01100100000011000000111001100100100000100010111001000110010000101000010011001010011011001000010010000100010000101010101000100100111001001000010011101110111011100110100001000100101011101100111010100100111011100110010010100100110011100110111001001000111011001100110011101100010000000100111010001100111001001110010010100010001011100100111010100000000001000010111010101110100010101000110011100100111001001110011001000100011001101110110001001100011001000010101011101100111001000100010011101110111001100100001011101100
000000000000000000000
000000000000000000000
001000000000000000000
000000000000000000000
000000000000000000000
000010100001000000000
000000000111010000000
000001100111100000000
000010110000101000000
000011100001010000000
000000100001100100000
000001100011101100000
000001000010001010000
000000010111110110000
000100110110011110000
000011110111101110000
000000111111111000000
000000000000000111100
001101010101010101100
000000000000000000000
000000000000000000000
#
It:11:Diff:149:PSOStep:3:Time:18.958819426:s:AutomataStep:3:Transition:11101100001001100000010000000100011010100000010011101110010000100000010010000110011010000110000010000100011000101000100010000110010001001000000010001000100010001000100010101010001001000000100001000010010001101000101011001110110010000000010001000110110001100000000010001100010000001010001011001110100010101000000010001010001010000100010001001010001001001110100011101010010001000110010010001110100001001000001001101000011010001000101011000110010001101010011001000000100001000100000000001100000011100100010010000100
111111111111111111100
111111111111111111100
111111111111111111100
111111111111111111100
111111111111111111100
111111111111111111100
111111111111111111100
111111111111111111100
111111111111111111100
111111111001111111100
111111110001011111100
111111110011011111100
111111111111111111100
111111111111111111100
111111111111111111100
111111111111111111100
111111111111111111100
111111111111111111100
111111111111111111100
000000000000000000000
000000000000000000010
#
It:14:Diff:141:PSOStep:8:Time:22.304632641:s:AutomataStep:8:Transition:01001100011000000110110011000000110001101000100000101000010001101000101001100000010011001000110011000100001011101110110011101010000001001000010011000110110011001100110001100100100011001000111010100100101011001000011011001010110010001100110001001100101000101100110011001110010010000100100011001000110001001000010011001100111001100100011001000100010001001100110000001100001001000110011011000100111001001100011001000100010010001110011000101110010000100110100010000100110001100000010000001110110011100100110010001100
000000000000000000000
000000000000000000000
001010101010101010100
000000010001000100000
000010110000101110100
000000001100111011100
000001011100100010100
000011000111001000000
000010010000101010100
000011000000110111100
000001010001101010100
000011110000000000000
000010100010001010100
000010110111111111100
000000100100101010100
000010100000000000000
000011001110101010100
000001011101111111100
001010101010101010100
000000000000000000000
000000000000000000000
#
It:34:Diff:141:PSOStep:6:Time:45.204667634:s:AutomataStep:6:Transition:01001100110011100100110011000110110010101000110010100100010011101000101001000100000011001010010011000100011000001000110011001010110001001110010011001110110011001100110010000100111011000000110001000100110011000000010011000100110001101100110001001100110011101110110011001010010000000100010011001000110001001000111011001100110001100100001001001010010001001100110010000000110001001000110011001010101001001100001001000100010011000110110001001100000001000010110000100000110001000000010011001100110000100100111001101110
000000000000000000000
000000000000000000000
000000000000000000000
000000000000000000000
000010101010101010000
000010101010101010000
000010010101010110000
000001000101011110000
000011010010101010000
000010011010101010000
000010101001010110000
000000000011010110000
000011010001001010000
000010100111011010000
000010001010100110000
000001100010111110000
000010011110110110000
000000000000000000000
000000000000000000000
000000000000000000000
000000000000000000000
#
It:38:Diff:134:PSOStep:8:Time:49.75654208:s:AutomataStep:8:Transition:01001110000001000100111011100010010011101100111001000100010001001110010011000100010011101110010011100100100001000000111001100100110001001000110011100110111011101110100010100010011011100010111001000100111011101110010011101000000011101110010001001110000010101000100011101110101001000100010011100000111001001110001011100010111001100100101001000100010001001110100011100100000001001100111000000100110001001110101001000010010001000000100001001110001001001010111000101100111001001010010010000100100001100100111001101110
000000000000000000000
000000000000000000000
001010101010101010100
000010101010101010000
001000000000111100100
000101111001110100000
001010110101101100100
000011111000001110000
001001110000010010100
000101011101011010000
001010111111000010100
000010011100001000000
001010000011110010100
000100001101111110000
001010011100001100100
000010000100000100000
001000000000000000100
000100000100000010000
001011111111111110100
000000000000000000000
000000000000000000000
#
It:61:Diff:129:PSOStep:6:Time:76.18351549:s:AutomataStep:6:Transition:01001110111001100100100010101110110001001000110001001010101001101110010011100100001011101110010011100100010000000110111011000100011011000110011011100000111011101110110000100100101011100100111001000100110011101110101001101010110011101100010001001110010010101110111011101110000011100100010011101110100001001110010010001000100000100100101001000000010001001110101011100100011000101110111001000100111011100110111001001100001011001110111001001110001001001010111001001110111001000000010001100010100001000100010000001100
000000000000000000000
000000000000000000000
000000000000000000000
000000000000000000000
000010101010101010000
000010101010101000000
000011011111111110000
000011100100110110000
000010111111010010000
000010011100010100000
000011111101011010000
000011110101010110000
000010011010111110000
000010000010011000000
000011111111111110000
000011111011101110000
000010101010101010000
000000000000000000000
000000000000000000000
000000000000000000000
000000000000000000000
#
It:68:Diff:127:PSOStep:8:Time:84.244490448:s:AutomataStep:8:Transition:01001110111001100100111011100100001001000100111001100100010001001110010001100100010011101110010011100100010001000000110000000100010000101110100011100100111011101110101001000100011011101100111001000100010011101110100011100010000011101010010001001110111001001110111010101110101011100100010011101110111001001010010010100110011010100100111000001100011001001110111011101010101000001010111011000110111001001110111000100010001000001000111000101110010001000100111001001110111001000100010011100100111001000100010011101000
000000000000000000000
000000000000000000000
001010101010101010100
001010101010101010000
001111111111111110100
000110001010100010000
001110101011110100100
001011011100100010000
001100101110010110100
000111101100110110000
001110100100010000100
001001010110111110000
001100101101011110100
000110100100111010000
001110101000011100100
001011110011110110000
001111101011011110100
000110000101101110000
001000000000000000100
000000000000000000000
000000000000000000000
#
It:190:Diff:126:PSOStep:8:Time:223.682970009:s:AutomataStep:8:Transition:01001110111000100100110011001110010001000110011001100100100011101010001011000100010011101010010011101100010001000000100001000100010010101110000011100010111011101110000001000100010011100010111011100100000011101110111011101000001011101000010001001100010010101110111011101110000011100100010010001110010001000100010000000110111000100100010001000110100001101110110011101110101000100010111000000100000001101110110001001010001001101110111001101110010001001110110000101100111011100000101011100100111001000100101001000100
000000000000000000000
000000000000000000000
001010101010101010100
001000000000000000000
001111111010111110100
001111010000100010000
001001111010000100100
001010000110000000000
001110110010110110100
001110101111101010000
001000010110000100100
001011100000011010000
001111010101000100100
001101010010110000000
001001000100111110100
001000000111001010000
001110101111110100100
001111111100000000000
001010101010101010100
000000000000000000000
000000000000000000000
#
It:331:Diff:121:PSOStep:8:Time:390.549461738:s:AutomataStep:8:Transition:01001110111001100100111011001010100001001010100010100100010010001110010011001010100011101110010011101000010010101100111011000100101010101110111000000100111011001110111001101100011011100100111001000100111011101100011011100100110011101010110001001110110011001110111010101110100010100100010011101110101001001100100011001110101001000100011001000100010010001110110011101010101001001110111010100100011000101110101011000000101011000000111001001110010001001010101001101110111010101010010011100000110010100100010010001110
000000000000000000000
000000000000000000000
001010101010101010100
001000000000000000000
001000110000101100100
001000010011111110100
001001111101111011100
001000010111101110000
001011101000111000100
001010011011101110100
001010001110010111100
001010000000000110000
001000110001000000100
001011010001010110100
001001011101110011100
001000001000100010000
001000100010001000100
001110111011101110100
001011101110111011100
000000000000000000000
000000000000000000000
end
