PSO TRACE
INIT:../../instances/fazia/init.csv
REF:../../instances/fazia/asm4.csv
DecodingPolicy:Nibble:CDLE2
MutationPolicy:Std
ParticleNeighborhood:EDist
ParticleDims:146
ParticleCount:100
AccP:2.0
AccG:2.0
AccL:1.5
AccI:2.3
Pos:0.0-3.0
Inertia:0.9-0.6
VeloMax:2.0
MaxPSOIteration:500
InertiaDecrFactor:6.000000000000001E-4
INIT
000000000000000000000
000000000000000000000
000000000000000000000
000000000000000000000
000000000000000000000
000000000000000000000
000000000000000000000
000000000000000000000
000000000000000000000
000000000000000000000
000000000010000000000
000000000000000000000
000000000000000000000
000000000000000000000
000000000000000000000
000000000000000000000
000000000000000000000
000000000000000000000
000000000000000000000
000000000000000000000
000000000000000000000
REF
000000000000000000000
010000000000000000010
001011111111111111110
000000000000000000000
001011111111111110100
001011111111111110100
001011111111111110100
001011111111111110100
001011111011111110100
001011111101111110100
001011000101111110100
001011000110111110100
001011110111111110100
001011111111111110100
001011111111111110100
001011111111111110100
001011111111111110100
010100000000000001100
001011111111111110010
010000000000000001000
000000000000000000000
Nibble Decoder
#
It:0:Diff:171:PSOStep:6:Time:3.174512966:s:AutomataStep:6:Transition:01001000100011101100100010100010001000000100010010101100111010101110110001100100111001000100100011100000101011100110001000101110110001100110110011000010010010000110100011000100100001100100101000000000111000101000000000001010100000001010011001001100011010101100001011100110100011101010001001001000011001001010000010000100111011101110011010000110011011001000111000101000011001001000000000001100000001101010110000100000100010000100010000000010110011001100110011100100000010100110011010100110011001100000111010100010
000000000000000000000
000000000000000000000
000000000000000000000
000000000000000000000
000010001000100010000
000000010001000100000
000010010001010000000
000001110001110000000
000010000111100110000
000000101010100100000
000010001000111000000
000001011010100100000
000011101001010010000
000000000000101100000
000010011000100000000
000000100010001100000
000010101010101010000
000000000000000000000
000000000000000000000
000000000000000000000
000000000000000000000
#
It:1:Diff:149:PSOStep:8:Time:4.059485931:s:AutomataStep:8:Transition:01001100010001101000010011100100111001001000101000100010101011000010101010001000001001100110110001100110001000000010010010000010001001101010101010100110001010001010101010101100000000001000101011001110111011100100100000100010101010001110111001100010001010101000101011000110100010101010100000001100000000000000110010100100011011101110111011000110000000100100011000101100100011001010001011001010110000101100001001000110011001000000010000101100110010100010011000100110100001101100011011100110110011000100111001101000
000000000000000000000
000000000000000000000
001010101010101010100
000000000000000000000
000100011100010000100
000011101111010100100
000000101011101100100
000001001100111000100
000001000111100100100
000000111011000000100
000001010101001000100
000000001110000001100
000000100101010110100
000000100010011101100
000000010010100100100
000000001111000000100
000000000000011001100
000000000000000101000
000000000000000000100
000000000000000000000
000000000000000000000
#
It:10:Diff:144:PSOStep:8:Time:9.517613784:s:AutomataStep:8:Transition:01001100100000101110011010001110001011100100110000101010010001101110001001000110110001001000110000001100010010101000111010001000001011001000001010101000000001101100100011001100110011001110111001000000111011001100011000100110011010001010110011001010001010100010000011001000111010101100001010000010010010100110001011100100010000100000001011001000000011000010110010100100011010100000001010001100000000101010110011001100111001100000010010001100010010000010101000001010100011000100100011001010110011000000110000101000
000000000000000000000
000000000000000000000
001010101010101010100
000001010001000100000
001011111101101001000
001001011000000111000
001110101000110110000
001001000000111111000
001010011111110000000
001011010010000110000
001110001100001110000
001000000000011100000
001010101001000000000
001001110011011000000
001000010100110000000
001000011111000000000
001011110000000000000
000110000000000000000
001000000000000000000
000000000000000000000
000000000000000000000
#
It:96:Diff:139:PSOStep:8:Time:54.326218115:s:AutomataStep:8:Transition:01101110100000001100110011001110111011101110111000100010011011101000100011101110100001001010100010000010000001001000000010101100011000101110001001001110111001000010111011001110011011100010100011100000001011101110111000100000100011100010001011100010001010001100000000101110011000101110001011100010001011101010100010001110001011000010111011100010111000101110101000000100111011001000001011101010000000100010111011000100000001101110110001001000111001100110001011101110111000101000100011101110111000001100111000101110
000000000000000000000
000000000000000000000
001000110101101101100
000000011011101101100
001011111100011000000
001011101110010011100
001000000011010011000
000001101010001010100
001111011111101111000
001110010111001011100
001011001010000001000
000000110101111011100
001011111111111110000
001100011111001010100
001000011110111101000
000000100101111101100
001111001101011110000
001111110001000000100
001000000000000000100
000000000000000000000
000000000000000000000
#
It:179:Diff:136:PSOStep:6:Time:89.055233131:s:AutomataStep:6:Transition:01101110011000101110100001000110100010100110110000100010001001001110001011100100011011101110111011101000001011101110100010000010011011101010001011100110101011100010000011101110111000000100011011100010001001100110011010001110110001101000010011001100100011101110011010001110101000101000001001101000110010001110001001101110100000101000001001100010001000101000111000101000111000101110001010000010101000101000110010100110001010000110111011101110011001001000010011101000011001001110000001100110101000101110011010000110
000000000000000000000
000000000000000000000
000000000000000000000
000000000000000000000
000010011110110110000
000001101000110110000
000011011101100110000
000001101000001100000
000010011110111010000
000001011001110110000
000011010011011110000
000001010000110100000
000010101100000110000
000001011000110110000
000011101011111110000
000000110011001100000
000010101010101010000
000000000000000000000
000000000000000000000
000000000000000000000
000000000000000000000
#
It:245:Diff:136:PSOStep:6:Time:117.250889646:s:AutomataStep:6:Transition:01001100111000000100011011101110111010000100111001000010110000101100111011101100111010001000100011001100011001100110011000100000010010101110111011100110101001000110111001101010001001001010111010001110001001000100111001101000100011100010010000100000001000101000001000101110010000100000001001001100100011001100100011101110001000100000001011000010100001101110101001000000010001000100001000101110110000100010010000101110010010001100111010101110111001101010000011101110100011001110011011000010110001100110111000101110
000000000000000000000
000000000000000000000
000000000000000000000
000000000000000000000
000010101010101010000
000010101010101010000
000011010101010110000
000011111100011000000
000010010010001110000
000011110000111110000
000010000110000110000
000011101100101000000
000010011101001110000
000011111011010110000
000010111101001010000
000011011101110100000
000010001000100010000
000000000000000000000
000000000000000000000
000000000000000000000
000000000000000000000
#
It:347:Diff:135:PSOStep:8:Time:159.729554177:s:AutomataStep:8:Transition:01001110100000001000001011001000010010001100110010101010010000101100001001001000010010000110011010101110000001001000111010000010011010101000110011000010010011100010110010101000011010001000100001000110001001001010100000100010000010000010101010101110001000100010000011101000100000100000001011101010000011001000100010000100000000100010001001000110111011101010001011101110101000100000001010100000100000100010100011101000000011101100100010001000101000000010110011101100100010101100111010001010010010101100010000101000
000000000000000000000
000000000000000000000
001010101010101010100
000000000000000000000
001011001100000110000
001001111101110110000
001001100100101100000
001000010000110010000
001001000011011110000
001001111100000110000
001111100100011000000
001010000010010000000
001011001001110000000
001111100011000000000
001011100101000000000
001011111000000000000
001011100000000000000
000110100000000000000
001000000000000000000
000000000000000000000
000000000000000000000
#
It:357:Diff:123:PSOStep:8:Time:164.095536976:s:AutomataStep:8:Transition:01101110110001101010001000001100110010101100011001000100100010001100011011001010111011001110110011000100011000001100001010100110101011101000010011000110011011001100110000001100101010000110001001100110011011001000001011101100111000101000011010000110011010001110001011000000101001101100100011001100100000001110100001001000001001100010010001100110011000101100111010001100111011001110011010100110001001100000111010100110011011001100000010001100110011001110011011100010101010001100010010001110010001100110100001101000
000000000000000000000
000000000000000000000
001000110101101101100
001000010100000000100
001111000110110110100
001001100001000001100
001100110011011111100
001000010010111010100
001110011101110100100
001001111110000001100
001011010110111111100
001000011110111010100
001010000100100100100
001001001010011001100
001010011111011111100
001000111000001001100
001001101100111000100
001100101111001101100
001011101110111011100
000000000000000000000
000000000000000000000
end
