PSO TRACE
INIT:../../instances/fazia/init.csv
REF:../../instances/fazia/asm2.csv
DecodingPolicy:CPPNot
MutationPolicy:Null
ParticleNeighborhood:Fixed
ParticleDims:515
ParticleCount:100
AccP:2.0
AccG:2.0
AccL:1.5
AccI:2.3
Pos:0.0-3.0
Inertia:0.9-0.6
VeloMax:2.0
MaxPSOIteration:250
InertiaDecrFactor:0.0012000000000000001
INIT
000000000000000000000
000000000000000000000
000000000000000000000
000000000000000000000
000000000000000000000
000000000000000000000
000000000000000000000
000000000000000000000
000000000000000000000
000000000000000000000
000000000010000000000
000000000000000000000
000000000000000000000
000000000000000000000
000000000000000000000
000000000000000000000
000000000000000000000
000000000000000000000
000000000000000000000
000000000000000000000
000000000000000000000
REF
000000000000000000000
000000000000000000000
000000000000000000000
000100000000000000000
000100000000000000000
000010111111000000000
000100001110100000000
000111111111010000000
000001100001011000000
000110101111010100000
000101101100111110000
000010100011110010000
000011111111110010000
000011000111110010000
000110110111011010000
000111101101110010000
000111100111100010000
000111111111111111000
000000000000000000000
000000000000000000000
000000000000000000000
Classic CPP Decoder + Not Test
0 :1,2,3,4,
1 :0,2,3,4,
2 :0,1,3,4,
3 :0,1,2,4,
4 :0,1,2,3,
5 :6,7,8,9,
6 :5,7,8,9,
7 :5,6,8,9,
8 :5,6,7,9,
9 :5,6,7,8,
10 :11,12,13,14,
11 :10,12,13,14,
12 :10,11,13,14,
13 :10,11,12,14,
14 :10,11,12,13,
15 :16,17,18,19,
16 :15,17,18,19,
17 :15,16,18,19,
18 :15,16,17,19,
19 :15,16,17,18,
20 :21,22,23,24,
21 :20,22,23,24,
22 :20,21,23,24,
23 :20,21,22,24,
24 :20,21,22,23,
25 :26,27,28,29,
26 :25,27,28,29,
27 :25,26,28,29,
28 :25,26,27,29,
29 :25,26,27,28,
30 :31,32,33,34,
31 :30,32,33,34,
32 :30,31,33,34,
33 :30,31,32,34,
34 :30,31,32,33,
35 :36,37,38,39,
36 :35,37,38,39,
37 :35,36,38,39,
38 :35,36,37,39,
39 :35,36,37,38,
40 :41,42,43,44,
41 :40,42,43,44,
42 :40,41,43,44,
43 :40,41,42,44,
44 :40,41,42,43,
45 :46,47,48,49,
46 :45,47,48,49,
47 :45,46,48,49,
48 :45,46,47,49,
49 :45,46,47,48,
50 :51,52,53,54,
51 :50,52,53,54,
52 :50,51,53,54,
53 :50,51,52,54,
54 :50,51,52,53,
55 :56,57,58,59,
56 :55,57,58,59,
57 :55,56,58,59,
58 :55,56,57,59,
59 :55,56,57,58,
60 :61,62,63,64,
61 :60,62,63,64,
62 :60,61,63,64,
63 :60,61,62,64,
64 :60,61,62,63,
65 :66,67,68,69,
66 :65,67,68,69,
67 :65,66,68,69,
68 :65,66,67,69,
69 :65,66,67,68,
70 :71,72,73,74,
71 :70,72,73,74,
72 :70,71,73,74,
73 :70,71,72,74,
74 :70,71,72,73,
75 :76,77,78,79,
76 :75,77,78,79,
77 :75,76,78,79,
78 :75,76,77,79,
79 :75,76,77,78,
80 :81,82,83,84,
81 :80,82,83,84,
82 :80,81,83,84,
83 :80,81,82,84,
84 :80,81,82,83,
85 :86,87,88,89,
86 :85,87,88,89,
87 :85,86,88,89,
88 :85,86,87,89,
89 :85,86,87,88,
90 :91,92,93,94,
91 :90,92,93,94,
92 :90,91,93,94,
93 :90,91,92,94,
94 :90,91,92,93,
95 :96,97,98,99,
96 :95,97,98,99,
97 :95,96,98,99,
98 :95,96,97,99,
99 :95,96,97,98,
#
It:0:Diff:96:PSOStep:7:Time:0.172108681:s:AutomataStep:7:Transition:00010010111110111111000010100110000101000001010111011101110100100000110011011100101010100010111000000100100101011001110100011000110101001011011111111100011000111000001001111010110010111101101001010110101001110000011100010100101101100001011010111100100101100000001111111101001001010001100111001011100010111110110101011000011111001101100110101001001110111100001100011100101111111001011101100101111101101110111111110100010000111001101100100111111111111111010101111110011011110111000111011100100110100110111111100101
000000000000000000000
000000000000000000000
000000000000000000000
000000000000000000000
000000000110000000000
000000001010000000000
000000011001000000000
000000110100000000000
000001110001100000000
000010111001100000000
000101101110100000000
000010100010010000000
000001000100110000000
000000100001000000000
000000010000000000000
000000001000000000000
000000000100000000000
000000000010000000000
000000000000000000000
000000000000000000000
000000000000000000000
#
It:1:Diff:92:PSOStep:7:Time:0.222876984:s:AutomataStep:7:Transition:00010000101011100110001001110110110101100001010101001100010101001000101010101101010001101010000001000100100011011001010100010100111100011011101111010100011010011000011100011010111110000110000000010100000010110000000100101110111110000011011011001010000100001000001111010000001001111001100100101110100001010000110001001010011101001001110011111101001100011100111000010100001100001001101100001111011101101011101000100101011110010001000000100111010000111101011011100001100011111111100111010100000011100101011110100001
000000000000000000000
000000000000000000000
000000000000000000000
000000000000000000000
000000000000000000000
000000000000000000000
000000000000000000000
000000000000000000000
000000000000000000000
000000001001010000000
000000001010100000000
000000011000000100000
000000110101011000000
000001111111000100000
000001110101001000000
000011011001011010000
000111010101010001000
000110110111011011000
000000000000000000000
000000000000000000000
000000000000000000000
#
It:2:Diff:88:PSOStep:7:Time:0.265663286:s:AutomataStep:7:Transition:00010000111011001110001001110110110101100001010111001110010101001000111010111111010001101010100001000101110010111001000101010001110100011011100111010101010010011000011100111011011110000110000010011101110010110000000100101100111110000011111111001010000100001000001011010000001001111001101110101110100001010000110001011010011101101011100011111101001101011100111000011100001000001011101100001111011101111011101010100101011110010001000000100111010100110101001011100001100011111111100111010100000011100100111110100001
000000000000000000000
000000000000000000000
000000000000000000000
000000000000000000000
000000000000000000000
000000000000000000000
000000000000000000000
000000010000000000000
000000101000100000000
000010011001111000000
000111111011110000000
000011111010000110000
000111110100100000000
000000110111001110000
000110111000101000000
000011000111100010000
000100111111101111000
000110111100111111000
000000000000000000000
000000000000000000000
000000000000000000000
#
It:3:Diff:83:PSOStep:7:Time:0.294544514:s:AutomataStep:7:Transition:01010000011011001110001101010110111101100001010111001000011101101000010010101111110001101000000001000000110010111101000101000101111100111011101011010101010110011000010100011011100110000110000100010111000010110000000100101010111100010010110111001011000100011010001111010101001001101011100110101110100001010000010011011010011010101001111011111101000100001100111000011100001100101011101100001001011101111011101010100101011110010001000000100111010001111101110011000010100011111000100101110100001011101100011110100001
000000000000000000000
000000000000000000000
000000000000000000000
000100000000000000000
000011000000000000000
000101110000000000000
000000000000000000000
000101111100000000000
000010110011000000000
000100101100000000000
000001101001100000000
000100110010000000000
000010100110001000000
000110011110000010000
000000011011011010000
000111110011101110000
000010110010001011000
000110110111011011000
000000000000000000000
000000000000000000000
000000000000000000000
#
It:4:Diff:76:PSOStep:7:Time:0.330404758:s:AutomataStep:7:Transition:00010010011011101110001001110111111101100011010111010000011101101110011010101110110001101000001001001000110010111101000101000100011100111011101001110100011110011000010101011111111110000110000100011110010010110100000100101010111111011010010111011011000100011010000111010101001001101011100110101110100001010000110011011011011011001001101011111110010100001101111000011100101100101001100100001001011101101011101010100101011111110001010000100111010111111101010001000010010110111011110101110101100111101100011110100101
000000000000000000000
000000000000000000000
000000000000000000000
000000000000000000000
000000000011000000000
000000000010100000000
000000001010010000000
000000011010010000000
000000110110011000000
000000111010100100000
000000001000111000000
000001101011111000000
000011110001101110000
000001000110010010000
000010100101010100000
000011101100110100000
000011101101001011000
000101010101010101000
000000000000000000000
000000000000000000000
000000000000000000000
#
It:12:Diff:74:PSOStep:7:Time:0.538982676:s:AutomataStep:7:Transition:01110000011011000110001101110111111101100111010111100110011101101110111110111111110001111010011100001101110010111111110101000111111101111011001111110101010110011000111101011110111110001110100111110110000010110000000100101010111101110111111111011111000101011011000111011101001011111011010110101110101101010000111011011011011010101101111111111111000111001101111001011100101110101011101100001111011111111011101010100101011111111101001000100111010101111101110011000011011111111000110101111101101011101110110110110101
000000000000000000000
000000000000000000000
000000000000000000000
000110000000000000000
000001100000000000000
000111110000000000000
000000000100100000000
000110101011010000000
000001110001111000000
000111000011000100000
000000111011100110000
000110111111101110000
000001011111011100000
000111000011110100000
000000001111011110000
000110111111010010000
000000101000001011000
000111001100110011000
000000000000000000000
000000000000000000000
000000000000000000000
#
It:13:Diff:72:PSOStep:7:Time:0.575027546:s:AutomataStep:7:Transition:00110010011001011110011101010111111101100111010111110010011111101110111010111111010001101010001101001111111010111101011101010101111100111011101111111101011110111010111101011111111110001110000110011111010110110100010100101010111011110011111111011111000101011011001111010101001011111011100110101110101101010000010111111011011011101101111111111111101101011101111011011100101100101111101110001011011111101011101010100101011011110011110000100111010011111101110011101000110111111110110101111111101111101110111110100101
000000000000000000000
000000000000000000000
000000000000000000000
000000000010000000000
000000000011000000000
000000000001100000000
000000011101110000000
000000111111010000000
000001011111111000000
000000100111111000000
000001011011111100000
000000011111110100000
000011111011111100000
000011010101010110000
000001111110001010000
000011001111011110000
000011101110111011000
000111111111111111000
000000000000000000000
000000000000000000000
000000000000000000000
#
It:30:Diff:66:PSOStep:7:Time:1.174790512:s:AutomataStep:7:Transition:00110010011101011110001101011111111101110001010111110110011101101110111010011111110111101011011101000111111110111101001100010101111100111011111101111101011110011111111101111111111110001111000110010111010010110100001100101010111011110111111111111111001101111011001111010111001011101011110110111111101101010100111111111011111101101000111111111111001111111101111001011100101100101111101111000011011111111011111000110101111111111011110000100111010011101101111011011001110001111110110101111110101111101101011111100101
000000000000000000000
000000000000000000000
000000000000000000000
000000000010000000000
000000000101000000000
000000001111000000000
000000010110100000000
000000111111100000000
000000101011110000000
000001110101110000000
000001111110111000000
000001111110110000000
000011111111111100000
000010111101111100000
000000101111011110000
000011001101110110000
000011101110111011000
000111111111111111000
000000000000000000000
000000000000000000000
000000000000000000000
#
It:109:Diff:63:PSOStep:7:Time:3.357061981:s:AutomataStep:7:Transition:00110010111011111110111111011110111101000001110111100110111101101110111010001111110011111010000100001110111111111101011101010101111101011011011011111101011110011111001101011111111110000111001110111111010010110100010110100010111100011110110111111111010101111011000111010111101011011001000111101111101101010110010111101011011011101001101111111111010111111101111100011100100100101111111111000111011111111111111010110101111111110111110000100111010101111001110111101001100000111111110111110110100101101111111111110001
000000000000000000000
000000000000000000000
000000000000000000000
000000000010000000000
000000000110000000000
000000001111000000000
000000011100100000000
000000011111010000000
000000100011111000000
000000101110110000000
000101011110110100000
000101110011011100000
000101111010111100000
000011000001011110000
000101010111011110000
000011101110110110000
000111010101010111000
000111111111111111000
000000000000000000000
000000000000000000000
000000000000000000000
#
It:149:Diff:61:PSOStep:7:Time:4.49865059:s:AutomataStep:7:Transition:00110010111111111101111101010110110101100001110101100110111111101010111111101111110111111010001110110110111011111101011110011101111111011111011011111101011100011111001101111111111110001110001110111111000110110100010110100010111111011111110111111111010101111001100111011011101101011001010111101110100101010010010111101011000011111011101111111111011111011111111101011101100110100111111111100111011111111111111010010101011111110101111000100111010101111001110111111010000000111101110111110110110101101111110111110001
000000000000000000000
000000000000000000000
000000000000000000000
000000000010000000000
000000000111000000000
000000001011000000000
000000011110110000000
000000101101100000000
000001100100111000000
000011101110110100000
000101011101111000000
000110010101011100000
000101110111111010000
000111010111110010000
000111111111110100000
000111101110111110000
000111000110000011000
000111111111111111000
000000000000000000000
000000000000000000000
000000000000000000000
#
It:244:Diff:55:PSOStep:7:Time:7.144954092:s:AutomataStep:7:Transition:00110110111111111111111101011110111100100001010111110101111111101010111011101111110111111011011100100111111111111101011111010101111011011101011111111101011010011110001101111011110110001110001110110110010110110100011110000010111111010110110110101111010111011001000111010011001001010001110110101110001001010110011011101011111011101111101111111111011101111101111100011101100110100111111111000111011101101111001000110101011111111111110000100111010101111111010111110010101100111111110111110111110111100111111111110101
000000000000000000000
000000000000000000000
000000000000000000000
000000000010000000000
000000000111000000000
000000001111000000000
000000011111100000000
000000111111010000000
000001111111111000000
000011101111100100000
000111101110100000000
000101001011110100000
000111111111111010000
000101100011011110000
000111110111111010000
000101101101111000000
000111000110000011000
000111111111111111000
000000000000000000000
000000000000000000000
000000000000000000000
end
