PSO TRACE
INIT:../../instances/fazia/init.csv
REF:../../instances/fazia/asm2.csv
DecodingPolicy:CPPNot
MutationPolicy:Null
ParticleNeighborhood:Fixed
ParticleDims:515
ParticleCount:100
AccP:2.0
AccG:2.0
AccL:1.5
AccI:2.3
Pos:0.0-3.0
Inertia:0.9-0.6
VeloMax:2.0
MaxPSOIteration:250
InertiaDecrFactor:0.0012000000000000001
INIT
000000000000000000000
000000000000000000000
000000000000000000000
000000000000000000000
000000000000000000000
000000000000000000000
000000000000000000000
000000000000000000000
000000000000000000000
000000000000000000000
000000000010000000000
000000000000000000000
000000000000000000000
000000000000000000000
000000000000000000000
000000000000000000000
000000000000000000000
000000000000000000000
000000000000000000000
000000000000000000000
000000000000000000000
REF
000000000000000000000
000000000000000000000
000000000000000000000
000100000000000000000
000100000000000000000
000010111111000000000
000100001110100000000
000111111111010000000
000001100001011000000
000110101111010100000
000101101100111110000
000010100011110010000
000011111111110010000
000011000111110010000
000110110111011010000
000111101101110010000
000111100111100010000
000111111111111111000
000000000000000000000
000000000000000000000
000000000000000000000
Classic CPP Decoder + Not Test
0 :1,2,3,4,
1 :0,2,3,4,
2 :0,1,3,4,
3 :0,1,2,4,
4 :0,1,2,3,
5 :6,7,8,9,
6 :5,7,8,9,
7 :5,6,8,9,
8 :5,6,7,9,
9 :5,6,7,8,
10 :11,12,13,14,
11 :10,12,13,14,
12 :10,11,13,14,
13 :10,11,12,14,
14 :10,11,12,13,
15 :16,17,18,19,
16 :15,17,18,19,
17 :15,16,18,19,
18 :15,16,17,19,
19 :15,16,17,18,
20 :21,22,23,24,
21 :20,22,23,24,
22 :20,21,23,24,
23 :20,21,22,24,
24 :20,21,22,23,
25 :26,27,28,29,
26 :25,27,28,29,
27 :25,26,28,29,
28 :25,26,27,29,
29 :25,26,27,28,
30 :31,32,33,34,
31 :30,32,33,34,
32 :30,31,33,34,
33 :30,31,32,34,
34 :30,31,32,33,
35 :36,37,38,39,
36 :35,37,38,39,
37 :35,36,38,39,
38 :35,36,37,39,
39 :35,36,37,38,
40 :41,42,43,44,
41 :40,42,43,44,
42 :40,41,43,44,
43 :40,41,42,44,
44 :40,41,42,43,
45 :46,47,48,49,
46 :45,47,48,49,
47 :45,46,48,49,
48 :45,46,47,49,
49 :45,46,47,48,
50 :51,52,53,54,
51 :50,52,53,54,
52 :50,51,53,54,
53 :50,51,52,54,
54 :50,51,52,53,
55 :56,57,58,59,
56 :55,57,58,59,
57 :55,56,58,59,
58 :55,56,57,59,
59 :55,56,57,58,
60 :61,62,63,64,
61 :60,62,63,64,
62 :60,61,63,64,
63 :60,61,62,64,
64 :60,61,62,63,
65 :66,67,68,69,
66 :65,67,68,69,
67 :65,66,68,69,
68 :65,66,67,69,
69 :65,66,67,68,
70 :71,72,73,74,
71 :70,72,73,74,
72 :70,71,73,74,
73 :70,71,72,74,
74 :70,71,72,73,
75 :76,77,78,79,
76 :75,77,78,79,
77 :75,76,78,79,
78 :75,76,77,79,
79 :75,76,77,78,
80 :81,82,83,84,
81 :80,82,83,84,
82 :80,81,83,84,
83 :80,81,82,84,
84 :80,81,82,83,
85 :86,87,88,89,
86 :85,87,88,89,
87 :85,86,88,89,
88 :85,86,87,89,
89 :85,86,87,88,
90 :91,92,93,94,
91 :90,92,93,94,
92 :90,91,93,94,
93 :90,91,92,94,
94 :90,91,92,93,
95 :96,97,98,99,
96 :95,97,98,99,
97 :95,96,98,99,
98 :95,96,97,99,
99 :95,96,97,98,
#
It:0:Diff:90:PSOStep:7:Time:0.209321353:s:AutomataStep:7:Transition:00000100000111010110011111011011001101100110100110110110110010011000000010101011011111100011011001100111101100011100111001001101111001110011011110100111101000101011111101010011111001010011111000110010010110000100000001110100111101010101110110000101011010011000110111101110011111011011111010111000100100111110000101001101010111100101100000000101001011000000001010000110000011100010001110001011110010111111100010101110011110010111100001011011011101100100011011001010011110010000001010011010110111001011010111100001
000000000000000000000
000000000000000000000
000000000000000000000
000000000000000000000
000000000000000000000
000000000000000000000
000000000000000000000
000000000000000000000
000000000000000000000
000000000000000000000
000000000000000000000
000000001111100000000
000000011101110000000
000000101101010000000
000000110010001000000
000001111110111110000
000001001111011110000
000111111001111011000
000000000000000000000
000000000000000000000
000000000000000000000
#
It:2:Diff:74:PSOStep:7:Time:0.28542752:s:AutomataStep:7:Transition:01000011001111111110010111111011000111101011110110110111010111011001100010101011011011100010110001101011111000010110101101001101111101110011111110101011011101110111111101010011111000010111111010110011100110011110000001110101111101010111100110110101011000011110110111111111011101001111111010111011100000111110101000000001000111111101111000000101101011000010000110101111000010101101001010001111110100110110110010101111111010111111100111001111111001100100011011001010111110010100001011001111110111111000010111100011
000000000000000000000
000000000000000000000
000000000000000000000
000100000000000000000
000010000000000000000
000101100100000000000
000011001111000000000
000111101111000000000
000010000011110000000
000111101110011100000
000001101011111110000
000111111000101010000
000010000000100010000
000100101011110110000
000011001110010010000
000111110111100010000
000011111110111010000
000111010101010111000
000000000000000000000
000000000000000000000
000000000000000000000
#
It:27:Diff:69:PSOStep:7:Time:0.909289157:s:AutomataStep:7:Transition:01000111101111111110011111111101000111101011100111111110000111011001100011001011111111100111110101111010101000000010111001011101111101111010111111110111010110111001111101100010111010011111111010110011110111011100000011111111111110010101100110111101011000011110100111011111011111011101111011111011110010111111000000001111011111101111111100101101111111110110100111000111000011111101011111101101011101111100001100101010111010111111100111001111111001100100111011001110010101000101011011011101110110111100011110101001
000000000000000000000
000000000000000000000
000000000000000000000
000100000000000000000
000110000000000000000
000011110100000000000
000010000100000000000
000111111111100000000
000111111101010000000
000001010101101000000
000011111010111010000
000101101000111110000
000111101111011010000
000011111111010110000
000011111110001010000
000111110111110010000
000111101011111010000
000111010101010111000
000000000000000000000
000000000000000000000
000000000000000000000
#
It:71:Diff:65:PSOStep:7:Time:1.85830858:s:AutomataStep:7:Transition:01010011101101111110011111011000000110100011100100111101000111001101101111001011110111100111110101001011111000100000101001001100101101010001001110101011011111110101100101110011000010011111011011110111100110001110100011111111011110010001101110101101001100111110110011011111111000110010001000101111110010101111000001001101010011100111111100101110101111011010110000100011010101101010010101111011101000110100011111111000110000111111010011111001111011100000111011101110001101010000011011011001110111111101011111101001
000000000000000000000
000000000000000000000
000000000000000000000
000100000000000000000
000110000000000000000
000111100000000000000
000010101110000000000
000111110000110000000
000111000001111000000
000110011010011100000
000011111101001010000
000110101101110010000
000111111011111110000
000110110101001110000
000011110111001010000
000111001110111110000
000111110011101110000
000110111100111111000
000000000000000000000
000000000000000000000
000000000000000000000
#
It:135:Diff:64:PSOStep:7:Time:3.261511778:s:AutomataStep:7:Transition:01010001100111101110011011010100001111110011100100011110000110011111100111101111110111100111111001111111111000100100001101011101111101011100001110110011111110111001100101110011111010110111111001101011100110001110101001101111011110010111101110111101011101011110000101011011111010110000101010101011110111111110000000001101000111110111111100001011101101111100110011100111001101100010011111001101101010110110011010101010110011111111000101011001111111100000111001111110001101100100011011011001111111011101111110101000
000000000000000000000
000000000000000000000
000000000000000000000
000100000000000000000
000110000000000000000
000111110000000000000
000000110100000000000
000110001111000000000
000111101101010000000
000111100110111100000
000011111111110010000
000100001111111010000
000110101111110010000
000100101111011010000
000000000010001110000
000111111101110010000
000111100111101110000
000111111001111011000
000000000000000000000
000000000000000000000
000000000000000000000
#
It:153:Diff:58:PSOStep:7:Time:3.758298825:s:AutomataStep:7:Transition:01010011101111111110010011000101001110100011000110011110010100001011101011101111110111100111111001111011111000100100001101011101111101011001001010010011001100111001100100110011101010010111011000111010110110001110100001101111011110010101001110101101011101011110010101011111111011110000001000101011110010101110000000001101000111110110111110100001101101001010110000100111001101110010011111001111111010110100010111111110110011111111000111011001101111100000111010101110001101000100001011011001110111110100011111101001
000000000000000000000
000000000000000000000
000000000000000000000
000100000000000000000
000110000000000000000
000011100011000000000
000001010110100000000
000110110011010000000
000101010001011000000
000011100111100100000
000001001001110110000
000101111010111010000
000101111110110110000
000010001001111010000
000011011101110110000
000111111101100010000
000111100110111110000
000111111001111011000
000000000000000000000
000000000000000000000
000000000000000000000
end
