PSO TRACE
INIT:../../instances/fazia/init.csv
REF:../../instances/fazia/asvn3.csv
DecodingPolicy:Nibble
MutationPolicy:Null
ParticleNeighborhood:Fixed
ParticleDims:146
ParticleCount:100
AccP:2.0
AccG:2.0
AccL:1.5
AccI:2.3
Pos:0.0-3.0
Inertia:0.9-0.6
VeloMax:2.0
MaxPSOIteration:500
InertiaDecrFactor:6.000000000000001E-4
INIT
000000000000000000000
000000000000000000000
000000000000000000000
000000000000000000000
000000000000000000000
000000000000000000000
000000000000000000000
000000000000000000000
000000000000000000000
000000000000000000000
000000000010000000000
000000000000000000000
000000000000000000000
000000000000000000000
000000000000000000000
000000000000000000000
000000000000000000000
000000000000000000000
000000000000000000000
000000000000000000000
000000000000000000000
REF
000000000000000000000
000000000000000000000
000000000000000000000
000000000010000000000
000000000111000000000
000000001011100000000
000000011111110000000
000000101011111000000
000001111111011100000
000010111110101110000
000111011101110111000
000010111011101110000
000001110111011100000
000000101110111000000
000000011101110000000
000000001011100000000
000000000111000000000
000000000010000000000
000000000000000000000
000000000000000000000
000000000000000000000
Nibble Decoder
0 :1,2,3,4,
1 :0,2,3,4,
2 :0,1,3,4,
3 :0,1,2,4,
4 :0,1,2,3,
5 :6,7,8,9,
6 :5,7,8,9,
7 :5,6,8,9,
8 :5,6,7,9,
9 :5,6,7,8,
10 :11,12,13,14,
11 :10,12,13,14,
12 :10,11,13,14,
13 :10,11,12,14,
14 :10,11,12,13,
15 :16,17,18,19,
16 :15,17,18,19,
17 :15,16,18,19,
18 :15,16,17,19,
19 :15,16,17,18,
20 :21,22,23,24,
21 :20,22,23,24,
22 :20,21,23,24,
23 :20,21,22,24,
24 :20,21,22,23,
25 :26,27,28,29,
26 :25,27,28,29,
27 :25,26,28,29,
28 :25,26,27,29,
29 :25,26,27,28,
30 :31,32,33,34,
31 :30,32,33,34,
32 :30,31,33,34,
33 :30,31,32,34,
34 :30,31,32,33,
35 :36,37,38,39,
36 :35,37,38,39,
37 :35,36,38,39,
38 :35,36,37,39,
39 :35,36,37,38,
40 :41,42,43,44,
41 :40,42,43,44,
42 :40,41,43,44,
43 :40,41,42,44,
44 :40,41,42,43,
45 :46,47,48,49,
46 :45,47,48,49,
47 :45,46,48,49,
48 :45,46,47,49,
49 :45,46,47,48,
50 :51,52,53,54,
51 :50,52,53,54,
52 :50,51,53,54,
53 :50,51,52,54,
54 :50,51,52,53,
55 :56,57,58,59,
56 :55,57,58,59,
57 :55,56,58,59,
58 :55,56,57,59,
59 :55,56,57,58,
60 :61,62,63,64,
61 :60,62,63,64,
62 :60,61,63,64,
63 :60,61,62,64,
64 :60,61,62,63,
65 :66,67,68,69,
66 :65,67,68,69,
67 :65,66,68,69,
68 :65,66,67,69,
69 :65,66,67,68,
70 :71,72,73,74,
71 :70,72,73,74,
72 :70,71,73,74,
73 :70,71,72,74,
74 :70,71,72,73,
75 :76,77,78,79,
76 :75,77,78,79,
77 :75,76,78,79,
78 :75,76,77,79,
79 :75,76,77,78,
80 :81,82,83,84,
81 :80,82,83,84,
82 :80,81,83,84,
83 :80,81,82,84,
84 :80,81,82,83,
85 :86,87,88,89,
86 :85,87,88,89,
87 :85,86,88,89,
88 :85,86,87,89,
89 :85,86,87,88,
90 :91,92,93,94,
91 :90,92,93,94,
92 :90,91,93,94,
93 :90,91,92,94,
94 :90,91,92,93,
95 :96,97,98,99,
96 :95,97,98,99,
97 :95,96,98,99,
98 :95,96,97,99,
99 :95,96,97,98,
#
It:0:Diff:69:PSOStep:6:Time:0.399159962:s:AutomataStep:6:Transition:00100010011011000100110001101010110011101110110001000010000000101000101010000000010010101100100011001010000001000110011010001100001011101000001010101100010000100000010001000000100010100110011011001010111001101000010001100110101000101100101001101010011011000100010001101110110011000100000000001100100000100110000010100100101010000010100011100010100001001010101001100100000000001110101010000010110000001100000010101000000010000010101010000000111000101110111010001100100001000000001010101110110000001110001000100110
000000000000000000000
000000000000000000000
000000000000000000000
000000000000000000000
000000000010000000000
000000000010000000000
000000000101100000000
000000011010000000000
000000101011111000000
000000111110011000000
000000110001000110000
000000011101110000000
000000011000100000000
000000101010000000000
000000011111100000000
000000100000000000000
000010000000000000000
000000000000000000000
000000000000000000000
000000000000000000000
000000000000000000000
#
It:3:Diff:63:PSOStep:7:Time:0.904366357:s:AutomataStep:7:Transition:00101010110011001010100000000010011000100010010011001100001010100010100001101110011000100010101001101010110010101000101011100010100010101000011010000110011000100110000010101000011011101110001001100100101000000100011000100110111011101010001001100110101001100110110010101100101011001010011011101100111011000000011011100110011011000000111000101110010000001010101001100110110010000100011000101000011011001010001011001000001011001010001000100010110000100100101011000010011000101010011000001100011010001010101000101010
000000000000000000000
000000000000000000000
000000000000000000000
000000000000000011000
000000000000000110000
000000000000110110000
000000000110000110000
000000010010010110000
000000110111110110000
000000000111000110000
000111011101110110000
000010110100001010000
000001010100100000000
000000100011110000000
000000010111110000000
000000001111100000000
000000000110000000000
000000000010000000000
000000000000000000000
000000000000000000000
000000000000000000000
#
It:8:Diff:61:PSOStep:7:Time:1.277598149:s:AutomataStep:7:Transition:00001010101001100110001000000110101000000000101010101000000010100000011010101100101000000000110001101100011000001010111011100010100001101100111010001010110000001010110001100110101001101100000010101010101010101010011011001010000000001010000010101010001010100110001011000110011011000000110010000000110010100000101010001010110001001000000000000000101000000110111001101010011011100110101000001000101000001010000001100000001000000000000000000000011000000010000001100000010000001010101010100000101000101100010000001000
000000000000000000000
000000000000000000000
000000000000000000000
000000000000000001000
000000000000000101000
000000000000000000000
000000000000110111000
000000000100010000000
000000011010011101000
000000101111111000000
000101110101010101000
000011000010110110000
000001010000001000000
000000101100111000000
000000010101010000000
000000001010000000000
000000000101000000000
000000000010000000000
000000000000000000000
000000000000000000000
000000000000000000000
#
It:23:Diff:44:PSOStep:7:Time:2.463058809:s:AutomataStep:7:Transition:00100000100000100100001000101000100011100010000010101100001011100110101011000110100000100010110000001000010000000110000011001110111001101110100000101100111010001100100010001100000000101100001011000110110011101100100001001110010010101100001011001100001000000110010011000100000011000010101001100110110010000010110001100000100000001000000000100010100000101100101000001000010011100000000000100100110000101110010000100010111011101100111000100000001011000010010011000010110000101100110011001000110010101100110000100010
000000000000000000000
000000000000000000000
000000000000000000000
000000000010000000000
000000000101000000000
000000001110000000000
000000011000110000000
000000111001100000000
000000010111001100000
000010100001110000000
000110101000000111000
000010110000001110000
000001100000011100000
000000101010011000000
000000011100110000000
000000001001100000000
000000000101000000000
000000000010000000000
000000000000000000000
000000000000000000000
000000000000000000000
#
It:59:Diff:41:PSOStep:7:Time:5.06040816:s:AutomataStep:7:Transition:00100100101000101000001000101010101001000010111011001100011010100110110011000010000000100010110010101100110001000010011001100000111000100000111000101100010000101100111011101110110000101100001011001110110010101100100001000100110010101100001001001100001010100010000011001110111001000010010000000010110011000010110001000100100011101110101000100010101000101100001001100010101001100110000000100010110000101010000001100010111011001110011000101000000001000010001011000010110000100100001011001010110000101100110000100010
000000000000000000000
000000000000000000000
000000000000000000000
000000000010000000000
000000000111000000000
000000000100100000000
000000000101110000000
000000100100000000000
000001011010111100000
000010111010110000000
000101010001100111000
000000101111001110000
000001100100011100000
000000011000111000000
000000010001110000000
000000000011100000000
000000000111000000000
000000000010000000000
000000000000000000000
000000000000000000000
000000000000000000000
#
It:123:Diff:39:PSOStep:7:Time:9.65927078:s:AutomataStep:7:Transition:00100010101001001000100000101110100001000010111010100100110001100000010001000010000010100010010000100110010010100010001001000110111000101110011000100100111000100100111010000010111010100100011001001010010010000100110001000010101001000110100001000100001000000110000001001110011000101010010010100010010010101110010011000100100010000010010011100010011011100100001011100110111000100100110000101000010010001010011000100010010001000010111000101100110000101110001011101010010000100000111011101110010011101000011000100110
000000000000000000000
000000000000000000000
000000000000000000000
000000000010000000000
000000000111000000000
000000001010100000000
000000011011110000000
000000001100011000000
000001000001011100000
000010010111000110000
000111010000000111000
000011101000001010000
000001110001100100000
000000111000101000000
000000011101110000000
000000001110100000000
000000000111000000000
000000000010000000000
000000000000000000000
000000000000000000000
000000000000000000000
#
It:385:Diff:38:PSOStep:7:Time:28.102283712:s:AutomataStep:7:Transition:00100010110000101000001000101110111011000010111000001110001000000010111011100010111000100010111011001110111000100110011011101110111000100010000001001110000010000110111000100010001000101110001011100010111011101110011011100100011000101100001011101110001000000010111011101110001001101010111000100010111000000110100001000000011000100010000000100010001011101110000000001000001001100110000000100100111000100010100000100010111011100010001000100100100001101100001011101110111000101110001011001110101000101110101000101110
000000000000000000000
000000000000000000000
000000000000000000000
000000000010000000000
000000000111000000000
000000000100100000000
000000010011010000000
000000011010111000000
000001011110011100000
000000001100110010000
000110010101110011000
000011101110000110000
000001101100011100000
000000111100111000000
000000010000110000000
000000000011100000000
000000000111000000000
000000000010000000000
000000000000000000000
000000000000000000000
000000000000000000000
#
It:431:Diff:37:PSOStep:7:Time:31.347248896:s:AutomataStep:7:Transition:00100010101000101010001000101010101010100010101011001010001001100010101001100010101000100010101000001010011000100100011000001010101000100010011011001010101001101010011000100010001011001010001010100010110010101010001010100000100000101010001011101010001001000010101010101010110001001010010000100010010010100100111010101110101000000010101000100010001010101110100000000100001001000010111000100010101010000010010001000010110011100010001000101010110000100000001010101010101000101000001010100100101000001010011000101010
000000000000000000000
000000000000000000000
000000000000000000000
000000000010000000000
000000000101000000000
000000001000100000000
000000010101110000000
000000101000001000000
000001000101111100000
000010111010000010000
000110001001110111000
000010001010101010000
000001000001010100000
000000101010101000000
000000010001010000000
000000000010100000000
000000000111000000000
000000000010000000000
000000000000000000000
000000000000000000000
000000000000000000000
#
It:447:Diff:30:PSOStep:7:Time:32.46890529:s:AutomataStep:7:Transition:00100010101000100010001011100100110010100010101010101110001000100100101010000010000000100010000010101010101001001100011010101000100001001000110010101010011000101010001010000100100000101000011010100110010000101010001010100100001001001010000010101010010001000110110000100000100000100100010000100010101010101010101010100000100000000110001000100100010001001010100001001000001011100010101010101100101000100100101001001110001000100000011000101010011001100110001001001010010000100110010011100110101000100010000000101100
000000000000000000000
000000000000000000000
000000000000000000000
000000000010000000000
000000000101000000000
000000001011100000000
000000010111010000000
000000101010111000000
000001011001110100000
000010111100101110000
000101001011111101000
000010000001101010000
000001010111010100000
000000101010101000000
000000010111010000000
000000001010100000000
000000000101000000000
000000000010000000000
000000000000000000000
000000000000000000000
000000000000000000000
end
