PSO TRACE
INIT:../../instances/fazia/init.csv
REF:../../instances/fazia/asvn3.csv
DecodingPolicy:Nibble
MutationPolicy:Null
ParticleNeighborhood:EDist
ParticleDims:146
ParticleCount:100
AccP:2.0
AccG:2.0
AccL:1.5
AccI:2.3
Pos:0.0-3.0
Inertia:0.9-0.6
VeloMax:2.0
MaxPSOIteration:500
InertiaDecrFactor:6.000000000000001E-4
INIT
000000000000000000000
000000000000000000000
000000000000000000000
000000000000000000000
000000000000000000000
000000000000000000000
000000000000000000000
000000000000000000000
000000000000000000000
000000000000000000000
000000000010000000000
000000000000000000000
000000000000000000000
000000000000000000000
000000000000000000000
000000000000000000000
000000000000000000000
000000000000000000000
000000000000000000000
000000000000000000000
000000000000000000000
REF
000000000000000000000
000000000000000000000
000000000000000000000
000000000010000000000
000000000111000000000
000000001011100000000
000000011111110000000
000000101011111000000
000001111111011100000
000010111110101110000
000111011101110111000
000010111011101110000
000001110111011100000
000000101110111000000
000000011101110000000
000000001011100000000
000000000111000000000
000000000010000000000
000000000000000000000
000000000000000000000
000000000000000000000
Nibble Decoder
#
It:0:Diff:65:PSOStep:7:Time:0.197338465:s:AutomataStep:7:Transition:00100010110000001100010000001000010010101000001000100010101000100110001011000110101010000110101010001010011011100010100011101110101011000100101010001100011000001110000011000000100001101000110000000010001010101110101010101100011001000110000010101110100010100100010000101010010000000110010011100000010001000000000000100000010011000010111001000110110011001010110010000010110001001000100010001000000010001110010011000110100000101100110010000010010001100110001010100100110010001110011011100110101000100000100000000110
000000000000000000000
000000000000000000000
000000000000000000000
000000000010000000000
000000000110000000000
000000000000100000000
000000000010100000000
000000101100000000000
000000010000000000000
000010110100100000000
000111000011100000000
000010111000000000000
000000010001100000000
000000000101100000000
000000010000000000000
000000000010000000000
000000000111000000000
000000000010000000000
000000000000000000000
000000000000000000000
000000000000000000000
#
It:12:Diff:60:PSOStep:6:Time:1.244834027:s:AutomataStep:6:Transition:00100000100000000110101011000100101010000000001000101010000001000100101000000100001011101010101011000100001000101010000011101010101010100000001000000000101000001110110000001110011000101010101000101010001000101010000001101010000000101100010000000000000010000010000010100000011010000000101010100000001000000110000010100000101011000000010000001010000000000100001000000000000001000100101011000100000011100100010000000010110000100000000010101010000011100010001010100000101000000010101010100100010000101010100000001010
000000000000000000000
000000000000000000000
000000000000000000000
000000000000000000000
000000000010000000000
000000000001000000000
000000001000100000000
000000000011000000000
000000101110101000000
000000001000010100000
000010011001000110000
000000010010001100000
000000101010011000000
000000001100110000000
000000001101100000000
000000000001000000000
000000000010000000000
000000000000000000000
000000000000000000000
000000000000000000000
000000000000000000000
#
It:75:Diff:51:PSOStep:7:Time:5.345442305:s:AutomataStep:7:Transition:00100010100000101110110010100100101000100000000011100000000010000100000000101000010011100000010000101010101011001010000000000000011011001100001000001010100000001010011011100000110000101000010011100010000000100110001000100110001011101110101000000000000011001010001010100110111000100010000000100000100000100100000010100010001001000000100001000010001010000110101000001100001000000010100001001110111011000010000000000110100010100000001010000000001011000000001000000010000000000010010000001110011000001110101000000000
000000000000000000000
000000000000000000000
000000000000000000000
000000000010000000000
000000000111000000000
000000001011100000000
000000001001110000000
000000100000101000000
000001111011010100000
000010010000101100000
000110010111001000000
000011111001001000000
000001101111011100000
000000101101101110000
000000011111110010000
000000000010111010000
000000000000001111000
000000000000000001000
000000000000000000000
000000000000000000000
000000000000000000000
#
It:209:Diff:50:PSOStep:7:Time:14.286552618:s:AutomataStep:7:Transition:00100010110000100010101010100010100000100000000010100000000000000000000010001010000000100110101000101010101000000100000000000000100000000000111000000010101001000010101000100000100000000100000000100010001000100010001000001000101001100000101000000000000010100000001011100000010000100010000000101010010000100000000011000010001000000000000000000010001000000010101000000000001000100010000011001010001011000010000000000010001010100000001000000000001000000100001000000010000000000010010001001000101000101100011000001110
000000000000000000000
000000000000000000000
000000000000000000000
000000000010000000000
000000000101000000000
000000001010100000000
000000010010010000000
000000100001001000000
000001100010001100000
000010000000001010000
000101000000000001000
000010001001010010000
000001010110110100000
000000101000101000000
000000010111110000000
000000001000100000000
000000000101000000000
000000000010000000000
000000000000000000000
000000000000000000000
000000000000000000000
#
It:213:Diff:49:PSOStep:7:Time:14.542542564:s:AutomataStep:7:Transition:00100010100000100110000000101000100011000100101000100000010010100000101000101110000000100100101000100010101011100010000000000000110011100000111000000100011001000110110010000000011000101100101000001110110000001000001011000010001011001000101000000000000010000110001010101110011000101110000000101110000000101010000010000010000001000100010001001010001000001110010000000100001000100010100011000010000010000110010000000010011011100000001001000000001000001100000000000010111001000000010011101000001000101100000001001010
000000000000000000000
000000000000000000000
000000000000000000000
000000000010000000000
000000000101000000000
000000001111100000000
000000010101010000000
000000111100101000000
000001010100011100000
000011101101100010000
000101000010100101000
000011100100111110000
000001010010110100000
000000000001111000000
000000010101010000000
000000000011100000000
000000000101000000000
000000000010000000000
000000000000000000000
000000000000000000000
000000000000000000000
#
It:392:Diff:45:PSOStep:7:Time:26.403603238:s:AutomataStep:7:Transition:00100010111000101110101001001000101001000000101010000000000001000000100001100000101000100000100000100110001010000010000000000000100000000000000000000000101000001010100011000000011000100000100000100000101000100010001000101110011011001010111001000000000011000100001010100000001000100010110001101000100000100000000001000010001010100100101001001000001000000000101000000000001000100010000011101010001000000110110000000010000010000000001011000000001000000000001000000010011011100000000011000010110000001010111001000000
000000000000000000000
000000000000000000000
000000000000000000000
000000000010000000000
000000000111000000000
000000001111100000000
000000011101110000000
000000110011111000000
000001110000101100000
000011111110110010000
000111011010001011000
000000000011000110000
000000000101101100000
000000100010001000000
000000000001000000000
000000000000100000000
000000000111000000000
000000000010000000000
000000000000000000000
000000000000000000000
000000000000000000000
#
It:456:Diff:43:PSOStep:7:Time:30.545467317:s:AutomataStep:7:Transition:00100000101000101000100010100110100001101110011001000100000011000110111000101000101000101100010010100010011011101000000000000100110010100000111000001110101000001000000001001110011000000000011011001010001000100010001000100100001010001000000000000000000011000000001001001000001000100010110000000100110000100010110010000000001000101100101011101010001000000010101000000000000001000010111000101000010001101000010000001010110010000000001011100000011000000100011011100000000000000110000000000110001000100010100000001110
000000000000000000000
000000000000000000000
000000000000000000000
000000000010000000000
000000000111000000000
000000000000100000000
000000011101110000000
000000000001101000000
000001100001010000000
000001001000011010000
000110111101001111000
000010001010001010000
000001110100010100000
000000100110001000000
000000011001010000000
000000001000100000000
000000000111000000000
000000000010000000000
000000000000000000000
000000000000000000000
000000000000000000000
#
It:490:Diff:39:PSOStep:7:Time:32.824606929:s:AutomataStep:7:Transition:00100010101000101010011001100010110000001010101000100100110010100010000010101010000000101010010011000010100001101010101010101010101011001010000010101010011010101010000000101010001001101110001010000010001000101110101000100000001010000110101011001010101011000010001011100110011001000010101000100010110001100010101010100010010000001010010010101010001010100010001010101010000001000010101001100010011000000100000010100110100010101110001011101010001000000110111010100100111010100110011010100100011000100110011010000110
000000000000000000000
000000000000000000000
000000000000000000000
000000000010000000000
000000000111000000000
000000000000100000000
000000010100100000000
000000101100001000000
000000001111011000000
000010101011111010000
000110110111000101000
000010100000101010000
000001111000011100000
000000101110101000000
000000011101110000000
000000001010100000000
000000000111000000000
000000000010000000000
000000000000000000000
000000000000000000000
000000000000000000000
end
