PSO TRACE
INIT:../../instances/fazia/init.csv
REF:../../instances/fazia/asvn3.csv
DecodingPolicy:Nibble
MutationPolicy:Null
ParticleNeighborhood:EDist
ParticleDims:146
ParticleCount:100
AccP:2.0
AccG:2.0
AccL:1.5
AccI:2.3
Pos:0.0-3.0
Inertia:0.9-0.6
VeloMax:2.0
MaxPSOIteration:500
InertiaDecrFactor:6.000000000000001E-4
INIT
000000000000000000000
000000000000000000000
000000000000000000000
000000000000000000000
000000000000000000000
000000000000000000000
000000000000000000000
000000000000000000000
000000000000000000000
000000000000000000000
000000000010000000000
000000000000000000000
000000000000000000000
000000000000000000000
000000000000000000000
000000000000000000000
000000000000000000000
000000000000000000000
000000000000000000000
000000000000000000000
000000000000000000000
REF
000000000000000000000
000000000000000000000
000000000000000000000
000000000010000000000
000000000111000000000
000000001011100000000
000000011111110000000
000000101011111000000
000001111111011100000
000010111110101110000
000111011101110111000
000010111011101110000
000001110111011100000
000000101110111000000
000000011101110000000
000000001011100000000
000000000111000000000
000000000010000000000
000000000000000000000
000000000000000000000
000000000000000000000
Nibble Decoder
#
It:0:Diff:67:PSOStep:7:Time:0.323048941:s:AutomataStep:7:Transition:00100100011011000100011001001110101010001100110001100000110011000010001010001000100000001110101000000000010000001100001000001010111000001110101010101110010010101100110011100100010001100110000000001100110000101100010011100110101011001100100001001110111001000010111011100110011001100100010001100000101011101110001010101010111011100110011000100010010000101010011001001100001000000110111010000000101011101100110000001110011010100010110011000100011000101010100011000000111011000000100000101000100000100110111011101010
000000000000000000000
000000000000000000000
000000000000000000000
000000000010000000000
000000000001000000000
000000000001000000000
000000010001010000000
000000011101111000000
000000000001010000000
000000010000010010000
000000001001000001000
000000000010011010000
000000100000001000000
000000111011001000000
000000011010100000000
000000001100100000000
000000000110000000000
000000000010000000000
000000000000000000000
000000000000000000000
000000000000000000000
#
It:1:Diff:51:PSOStep:7:Time:0.609640592:s:AutomataStep:7:Transition:00100100011000001110111001000010101000001110001001001100111000100000110010101000001010001000101010101100011010001010011000000000001010100000000001101110001000000010111000101100011000000110100010001010010001000110100001001000110000001110100000001010110001100010100011000110011000000100011010001100110011000110110000001010010011000010110000100110000001001010011010001010110011100000111010100100110001001010011001100100100000000000110011100100000000101010101011100110010010001010101011100100001000100110111010101110
000000000000000000000
000000000000000000000
000000000000000000000
000000000010000000000
000000000111000000000
000000001110100000000
000000000000110000000
000000000011000000000
000001000011000100000
000011110100001010000
000011000010100111000
000000010011100100000
000000110100011100000
000000010110100000000
000000001000110000000
000000000001000000000
000000000011000000000
000000000000000000000
000000000000000000000
000000000000000000000
000000000000000000000
#
It:16:Diff:44:PSOStep:7:Time:1.822470166:s:AutomataStep:7:Transition:00100010111000101010111000100010000011101010010001001110100000100100011010100100001011101010000010101100001000001110000010100110111001000000101010100010111010100000011000101000001001100100100010101010010000101110001000100010101001101010101010001000100011100110101010100010011010100010011010101010101000100010001011101010001001000010100000100010001000101010001001000010110010100000001010000010010000101000010010100010001000000100101000000010001000001010000001101010001000101010101011001000001001100010101010101010
000000000000000000000
000000000000000000000
000000000000000000000
000000000010000000000
000000000110000000000
000000001011000000000
000000010011100000000
000000110001101000000
000001001100000100000
000011011000101110000
000110010110100010000
000010101111001010000
000001100101111000000
000000110000011000000
000000011001000000000
000000001011000000000
000000000110000000000
000000000010000000000
000000000000000000000
000000000000000000000
000000000000000000000
#
It:21:Diff:42:PSOStep:7:Time:2.152920789:s:AutomataStep:7:Transition:00100010111001101110001000100010111000001110100000101110011001100010110011100100001011101110100011101110110010101110111011101110001000101110011000001110011011100110111000100100001000101100010011100000001011101010001000101110111011101110111000100000110000000010110011100010100000100010110001001010110010100010010011101110001000101110111000100010111000100110001000100110001000001110001010100010000000100010110000100010001011100010111010100010001011101110100010001110001011101110111000000000001011001100111011100110
000000000000000000000
000000000000000000000
000000000000000000000
000000000010000000000
000000000111000000000
000000000011100000000
000000010001110000000
000000010010101000000
000000110111000000000
000010010000111010000
000111011000011011000
000000111000101100000
000001010001101100000
000000111110100000000
000000001001010000000
000000001011000000000
000000000111000000000
000000000000000000000
000000000000000000000
000000000000000000000
000000000000000000000
#
It:24:Diff:41:PSOStep:7:Time:2.428339139:s:AutomataStep:7:Transition:00100010110000101010001000100010101011001010001011001000000011000010110010101100001011101010010010101010000010101100101010100110100000100110100001000000101010101010101000100010001000101010001010100100001010001100001001001010101001001010101011001100001001100010110010000010111010100010110011001010100011100010101001001010001000101010110000101000101000101100001010101010101011001010001001100010010000101100011011100010001010101010101010100100001010101010110010001010000010101010101000001100001010101100111010101100
000000000000000000000
000000000000000000000
000000000000000000000
000000000010000000000
000000000111000000000
000000001101100000000
000000011101010000000
000000110110011000000
000001111010010000000
000011011100000010000
000111011010000111000
000010110000001100000
000001011011101100000
000000101010010000000
000000011110110000000
000000001010000000000
000000000111000000000
000000000010000000000
000000000000000000000
000000000000000000000
000000000000000000000
#
It:28:Diff:40:PSOStep:7:Time:2.712022942:s:AutomataStep:7:Transition:00100010111000101010001000100010101011001010001011101000100011100010111010100100001000001010110010101010000010100000101010101010100000100100001010101000101010101100101000100010001000101110001010101010001010100110001000101110101001101010101000001000110000000010110010000010111000100010001010101010011011100010010011001010001000101100111000101100111000101000001011101000111001101010001011100010000000101100110001100010001010101000101010101110001010101010011010001010111001101010101000101000001001100000011010101110
000000000000000000000
000000000000000000000
000000000000000000000
000000000010000000000
000000000111000000000
000000001101100000000
000000011001010000000
000000111111011000000
000001000010111100000
000010101001000110000
000111110001110111000
000010000010001010000
000001011101110100000
000000101110101000000
000000011010110000000
000000001110100000000
000000000111000000000
000000000010000000000
000000000000000000000
000000000000000000000
000000000000000000000
#
It:33:Diff:38:PSOStep:7:Time:3.063131373:s:AutomataStep:7:Transition:00100010111000101110001000100010111010101110010010100010000000000100001011100110001001001110001011101110100011100000011011101100001000101110001011100100010011101000111000100010001000101110001011101000101011001110001000100000111011101110101000101110100010000010000011000010101000100010010001001110011011100010000011000000100000100000100000101000001000101000001010100110001010001110010010100010111000100010000000100010001011100100101011100000001011101110001001001110010001101110111001001110001011001110011011101000
000000000000000000000
000000000000000000000
000000000000000000000
000000000010000000000
000000000111000000000
000000000010100000000
000000010001010000000
000000000100101000000
000001110001010100000
000010110100001010000
000110010001010101000
000010011000111110000
000001100111011100000
000000100011011000000
000000010001110000000
000000001010100000000
000000000111000000000
000000000000000000000
000000000000000000000
000000000000000000000
000000000000000000000
#
It:53:Diff:32:PSOStep:7:Time:4.406052485:s:AutomataStep:7:Transition:00100010111000101100100000100010111000101110101000100000010000000100110011101110011000100010010011101110010011001010111000000010101000100110110001000100000000001100010010000010001000100000001011101100001011001110001000101100111001001110101000000100100010100100001010100010111010000010111011100000010011100010001001001110010000100100111000100010001000100010001000001100001011101100001011100010010000101010101011101000100001000010111011100110011011101110010011101110110010101110111000101100110000001110111011101110
000000000000000000000
000000000000000000000
000000000000000000000
000000000010000000000
000000000111000000000
000000001101100000000
000000011110110000000
000000111100011000000
000001111011101100000
000011001010000010000
000111000001100111000
000010100001001110000
000001110111011100000
000000111000101000000
000000011100110000000
000000001111100000000
000000000111000000000
000000000010000000000
000000000000000000000
000000000000000000000
000000000000000000000
#
It:158:Diff:28:PSOStep:7:Time:11.668840099:s:AutomataStep:7:Transition:00100010111000101100001000100010111010001110100001000110001000000100000011101010011000101000001011101110011011101000111010100010101000101000011001101000100011101110101000100010001000100110011011101110010011001100001000100000111010001110101010100100111000000110000001000010101010000010111011001000011011100010001001001110011000100010011000100010001000101010001010001110001011101100001011100010110000101000001011100010001010000010111011100010110011101110010011001110110000101110111000100000111011000110110000001010
000000000000000000000
000000000000000000000
000000000000000000000
000000000010000000000
000000000111000000000
000000001010100000000
000000011101110000000
000000101010101000000
000001110001011100000
000010101100101010000
000111010010010111000
000010100010001010000
000001010001000100000
000000101110101000000
000000011101110000000
000000001010100000000
000000000101000000000
000000000010000000000
000000000000000000000
000000000000000000000
000000000000000000000
#
It:261:Diff:25:PSOStep:7:Time:18.458312839:s:AutomataStep:7:Transition:00100010111011001110001000100010111000001100001000000100000000000100101011101110010001101010001011101110100011100100101011100100100000101010100011100000000011101000100000100010010000100000001011100000001011101100010000101000101011101110111011001110111011100100111000100010000011000010110011100010110011100010001000101110001000100010001001000010001000100100001011100010001001000010100010100100111000101010001011000010001001100010111011100010111011101110111011101100100000101110111001100000001001100100011011001110
000000000000000000000
000000000000000000000
000000000000000000000
000000000010000000000
000000000111000000000
000000001111100000000
000000011111110000000
000000111010111000000
000001110110011100000
000011100011101110000
000111001000001111000
000011100010110110000
000001110110011100000
000000101110101000000
000000011111110000000
000000001011100000000
000000000111000000000
000000000010000000000
000000000000000000000
000000000000000000000
000000000000000000000
end
