PSO TRACE
INIT:../../instances/fazia/init.csv
REF:../../instances/fazia/asvn3.csv
DecodingPolicy:CPP2
MutationPolicy:Std
ParticleNeighborhood:Fixed
ParticleDims:515
ParticleCount:100
AccP:2.0
AccG:2.0
AccL:1.5
AccI:2.3
Pos:0.0-3.0
Inertia:0.9-0.6
VeloMax:2.0
MaxPSOIteration:500
InertiaDecrFactor:6.000000000000001E-4
INIT
000000000000000000000
000000000000000000000
000000000000000000000
000000000000000000000
000000000000000000000
000000000000000000000
000000000000000000000
000000000000000000000
000000000000000000000
000000000000000000000
000000000010000000000
000000000000000000000
000000000000000000000
000000000000000000000
000000000000000000000
000000000000000000000
000000000000000000000
000000000000000000000
000000000000000000000
000000000000000000000
000000000000000000000
REF
000000000000000000000
000000000000000000000
000000000000000000000
000000000010000000000
000000000111000000000
000000001011100000000
000000011111110000000
000000101011111000000
000001111111011100000
000010111110101110000
000111011101110111000
000010111011101110000
000001110111011100000
000000101110111000000
000000011101110000000
000000001011100000000
000000000111000000000
000000000010000000000
000000000000000000000
000000000000000000000
000000000000000000000
Classic CPP Decoder
0 :1,2,3,4,
1 :0,2,3,4,
2 :0,1,3,4,
3 :0,1,2,4,
4 :0,1,2,3,
5 :6,7,8,9,
6 :5,7,8,9,
7 :5,6,8,9,
8 :5,6,7,9,
9 :5,6,7,8,
10 :11,12,13,14,
11 :10,12,13,14,
12 :10,11,13,14,
13 :10,11,12,14,
14 :10,11,12,13,
15 :16,17,18,19,
16 :15,17,18,19,
17 :15,16,18,19,
18 :15,16,17,19,
19 :15,16,17,18,
20 :21,22,23,24,
21 :20,22,23,24,
22 :20,21,23,24,
23 :20,21,22,24,
24 :20,21,22,23,
25 :26,27,28,29,
26 :25,27,28,29,
27 :25,26,28,29,
28 :25,26,27,29,
29 :25,26,27,28,
30 :31,32,33,34,
31 :30,32,33,34,
32 :30,31,33,34,
33 :30,31,32,34,
34 :30,31,32,33,
35 :36,37,38,39,
36 :35,37,38,39,
37 :35,36,38,39,
38 :35,36,37,39,
39 :35,36,37,38,
40 :41,42,43,44,
41 :40,42,43,44,
42 :40,41,43,44,
43 :40,41,42,44,
44 :40,41,42,43,
45 :46,47,48,49,
46 :45,47,48,49,
47 :45,46,48,49,
48 :45,46,47,49,
49 :45,46,47,48,
50 :51,52,53,54,
51 :50,52,53,54,
52 :50,51,53,54,
53 :50,51,52,54,
54 :50,51,52,53,
55 :56,57,58,59,
56 :55,57,58,59,
57 :55,56,58,59,
58 :55,56,57,59,
59 :55,56,57,58,
60 :61,62,63,64,
61 :60,62,63,64,
62 :60,61,63,64,
63 :60,61,62,64,
64 :60,61,62,63,
65 :66,67,68,69,
66 :65,67,68,69,
67 :65,66,68,69,
68 :65,66,67,69,
69 :65,66,67,68,
70 :71,72,73,74,
71 :70,72,73,74,
72 :70,71,73,74,
73 :70,71,72,74,
74 :70,71,72,73,
75 :76,77,78,79,
76 :75,77,78,79,
77 :75,76,78,79,
78 :75,76,77,79,
79 :75,76,77,78,
80 :81,82,83,84,
81 :80,82,83,84,
82 :80,81,83,84,
83 :80,81,82,84,
84 :80,81,82,83,
85 :86,87,88,89,
86 :85,87,88,89,
87 :85,86,88,89,
88 :85,86,87,89,
89 :85,86,87,88,
90 :91,92,93,94,
91 :90,92,93,94,
92 :90,91,93,94,
93 :90,91,92,94,
94 :90,91,92,93,
95 :96,97,98,99,
96 :95,97,98,99,
97 :95,96,98,99,
98 :95,96,97,99,
99 :95,96,97,98,
#
It:0:Diff:63:PSOStep:4:Time:0.131929315:s:AutomataStep:4:Transition:01111011110111111001111001110010101111101001101111111011100110110111110011111111100101100110001111101011100101110111111100110011101111101001111001100111110011001101101011010000011111011111011011010101101111110000100111100110001111111010011111101101111111111110111111110111111111010111000101111111100111011001100011100111110110110100011101011100111110101110000110111101100101111110011010111101010001100111110100100111100110010100111110101111111011001110110111111101000001110010100111111111010011111011001100110111
000000000000000000000
000000000000000000000
000000000000000000000
000000000000000000000
000000000000000000000
000000000000000000000
000000111111111000000
000000111111111000000
000000111111111000000
000000101111110000000
000000111101001000000
000000010111101000000
000000001110001000000
000000000100010000000
000000000011111000000
000000000000000000000
000000000000000000000
000000000000000000000
000000000000000000000
000000000000000000000
000000000000000000000
#
It:1:Diff:60:PSOStep:7:Time:0.227988027:s:AutomataStep:7:Transition:00100011111101111101010111010110101000111001110111011111000010111010011111100001100100100010110011000011111100010111010001010011010111100101101001110101100100100100111001010000100010001000110000100011101000101000100111010011101110100110101001001101100100110010011111010010010111010011000000100011000101011101101110000011110010010001100011111101010000001110000000111101101100110001010010110011010010100100010110011011100000110000000000001000000001100110110111111111000010001000110100010111010010010101010001101000
000000000000000000000
000000000000000000000
000000000000000000000
000000000010000000000
000000000111000000000
000000001011100000000
000000010100110000000
000000101101011000000
000001101101011100000
000010110000010110000
000111110100011111000
000101100000100010000
000111110101000100000
000101001110110000000
000101101011110000000
000101111110000000000
000111101000000000000
000100000000000000000
000000000000000000000
000000000000000000000
000000000000000000000
#
It:7:Diff:59:PSOStep:7:Time:0.38949058:s:AutomataStep:7:Transition:00100011111100011101110101010110101000011000110010011110000010110110011110101001100100100010110011010011111100010111010001010011010111101101111001100101100100000100111001010000000010001001110000100011111000101000100001000011101101100110001001001101100100111000011111010010010111010011000100100011000101111111001110000011110010000011000001011101010000001010000011110111101100110001010010100010010011101100010101010011100000110100000000011100100001100100110111111111000010001001100100010111010010000101010001101000
000000000000000000000
000000000000000000000
000000000000000000000
000000000010000000000
000000000111000000000
000000001110100000000
000000010010110000000
000000100011100000000
000001011111100000000
000011100000101000000
000111010111101000000
000001010011011000000
000000011101010100000
000000000110110000000
000000000001010000000
000000000000010010000
000000000000000001000
000000000000000001000
000000000000000000000
000000000000000000000
000000000000000000000
#
It:9:Diff:33:PSOStep:7:Time:0.443768543:s:AutomataStep:7:Transition:00110011101111111101110111010111101101111101111111111111000001110111110011101101101111100010110111011011111110110110110111010011100111101111111001010101100000101100101001010000110010111101110001110111111100101001111111011011001111100110101101001111111111110010011111111111110011111101000101101111000111010111101110001111111010111011110011011111010101011110101100111110111111110011010110111011111111101001010111011001100001111100001110011111001001111100110111110111001111011010110111111011110110001100010100111011
000000000000000000000
000000000000000000000
000000000000000000000
000000000010000000000
000000000111000000000
000000001101100000000
000000011111110000000
000000110010111000000
000001110110101100000
000011101111110110000
000101011100010011000
000011110011110110000
000001001110111100000
000000110111111000000
000000011110110000000
000000001001100000000
000000000111000000000
000000000010000000000
000000000000000000000
000000000000000000000
000000000000000000000
#
It:12:Diff:30:PSOStep:7:Time:0.501894754:s:AutomataStep:7:Transition:00100111111111101101010111010110110101111011111111111111100011110110111111101100101110100111110001011011111010110111110111110011110111100111111101110111101110100100100101010111100011111101010101110111111100101111101111011111111111100011111101001101111101110011111111110011110011111111001111100111011101111111110110101011111111000011011001011101011111001010111100110101101110110010010110100011110111100100011111011001100001110100101101101110000001111101101111111111111011101011100110111111010111101110110101111101
000000000000000000000
000000000000000000000
000000000000000000000
000000000010000000000
000000000111000000000
000000001011100000000
000000011110110000000
000000101011111000000
000001010011011100000
000010101110100110000
000110100111111011000
000011111110010110000
000001101101101100000
000000011111011000000
000000011110110000000
000000001011100000000
000000000111000000000
000000000010000000000
000000000000000000000
000000000000000000000
000000000000000000000
#
It:25:Diff:29:PSOStep:7:Time:1.028768132:s:AutomataStep:7:Transition:00110111111111101101111110010110110001111001110010011111101111110110111111101100101111110111110001011011111011110111110111111010111111100000111101111111101110100110100101000111100010110101100101100011111110101011101111011111101110100111111110101011111100110011010111110111111011111111000111100111011111100111100110100011111110001111011010111000010101011010100100110101111111110010010110000011110111100110011110010000100001111101111101111110000101111111100111101111110011111000111111111101011111101110100101101101
000000000000000000000
000000000000000000000
000000000000000000000
000000000010000000000
000000000111000000000
000000001011100000000
000000010111110000000
000000101110111000000
000001011111101100000
000010001011110110000
000110011111110011000
000011011111111110000
000000100111101100000
000000111101111000000
000000011100110000000
000000000111100000000
000000000111000000000
000000000010000000000
000000000000000000000
000000000000000000000
000000000000000000000
#
It:31:Diff:26:PSOStep:7:Time:1.201049597:s:AutomataStep:7:Transition:00110111111110111001110111110110101110111111111011101110101011010111111011111111111110101100011011110011110111010111110101001011110111101011111101110111111111101101111100011010100010111101100110111011111110111101000111011111100111000110101101101101111111110111111011111111110011111111001111101111111111111111101110101010110110100101100011111100010101011011100110110111110110110111010110110101011111101111111111010011110100011100001001111110111101111111111111111011111111111001110111011111011111111110111101101111
000000000000000000000
000000000000000000000
000000000000000000000
000000000010000000000
000000000111000000000
000000001101100000000
000000011111110000000
000000110011111000000
000001101111111100000
000011011110111110000
000110001111111111000
000011101111111110000
000001111101111100000
000000110011111000000
000000011111110000000
000000001111100000000
000000000111000000000
000000000010000000000
000000000000000000000
000000000000000000000
000000000000000000000
#
It:39:Diff:19:PSOStep:7:Time:1.409044794:s:AutomataStep:7:Transition:00110111111111111001111111110110101010111111111111111111101011010111111011111110111110111111111011011011111111010111010111111011111111101111111101110111101111101101111111011111111011111101110111111111111110111010110111011111100111100111101101101101111101110111111011111111110111111111001111111111110111101111111100111010111110011011101111111101010111111011111110111111111111110001010110110111111111100110111111010011110111111100111111110111111101111111111111111111111111111010110111111111011111111111111101111111
000000000000000000000
000000000000000000000
000000000000000000000
000000000010000000000
000000000111000000000
000000001111100000000
000000010111110000000
000000101111111000000
000001111111111100000
000011111111111110000
000110111111111111000
000011110111110110000
000001110111011100000
000000101110111000000
000000011111110000000
000000001101100000000
000000000111000000000
000000000010000000000
000000000000000000000
000000000000000000000
000000000000000000000
#
It:52:Diff:17:PSOStep:7:Time:1.776806157:s:AutomataStep:7:Transition:00110111111111111001111111110110101111111011111010101110101010110111111111101111110111111111111010010011111110110101110011110011111111110111111001101101101111101001111101011111110011111101111111011111111100111011010111011111111111100111111111011101111101110111111111111010110111111011101100101101111101011111101011111111111111011011111011111101011111101111111100110111111101110010011111101001111011101101111111110111110111110100111101010110110101111111101111111111110011101011110111011111110011111110111111111111
000000000000000000000
000000000000000000000
000000000000000000000
000000000010000000000
000000000111000000000
000000001010100000000
000000011111110000000
000000111111101000000
000001110111111100000
000010111100111110000
000111111101111111000
000010111111111110000
000001111111111100000
000000111111111000000
000000011111110000000
000000001011100000000
000000000111000000000
000000000010000000000
000000000000000000000
000000000000000000000
000000000000000000000
#
It:78:Diff:15:PSOStep:7:Time:2.477383705:s:AutomataStep:7:Transition:00110011111111111101111111111111111101111011111011101110101010010110111111111111111110111111110011111011101110110111111001110011111111111111111101111111110101101101111101010011100011111111111111111111111100111010101111011111111111100110111111110011111101110111111111110010110111111111001111101111111111111011111100110111111110011011111111111101010111001111110111110111111111110111011111110101111111100110111111111011110111110100111101011110101101111111111111111111110111101011110111011111010011101110110111111111
000000000000000000000
000000000000000000000
000000000000000000000
000000000010000000000
000000000111000000000
000000001011100000000
000000011111110000000
000000101111111000000
000001111111111100000
000010111011111110000
000111110111111111000
000010111111111110000
000001010111111100000
000000101111111000000
000000011111110000000
000000001011100000000
000000000111000000000
000000000010000000000
000000000000000000000
000000000000000000000
000000000000000000000
#
It:107:Diff:14:PSOStep:7:Time:3.092429127:s:AutomataStep:7:Transition:00110011111111111001111111110110101110111011111111011111111011110110111111111111101110100111110011111111111110110111111101110111101011101101111001110111111111111001101111011011100010100111110110010111111000111110010111011111110110110111111110011011111111110110111001101111111011101111000110111111111111111011110110111010110110011011110011011101011111001011110101111101111110111111010110110001101111101101001111110110110111111111111101011110101001111111111111111111111111101110110110110111111111110111111001101111
000000000000000000000
000000000000000000000
000000000000000000000
000000000010000000000
000000000111000000000
000000001011100000000
000000011111110000000
000000101111111000000
000001111111011100000
000010111111111110000
000111011101111111000
000011111111111110000
000001111101111100000
000000111111111000000
000000011111110000000
000000001111100000000
000000000111000000000
000000000010000000000
000000000000000000000
000000000000000000000
000000000000000000000
#
It:116:Diff:13:PSOStep:7:Time:3.283302125:s:AutomataStep:7:Transition:00110011111111111001111111110111111111111011111111011111111011110111111111111111111110100111111011111111111110110111111111110111111011101101111001110111110111111001111111011111110010111111111111010111111100111110110111011111110110110011111101011011111111110110101101111111111011111111001111101111111101111111111110111010110111011011111011011100011111001011111101111101111111111111011111100001101111101111011111111111110111111111111101111110101001111111111111111111110111101010110110111111111011111111101001111111
000000000000000000000
000000000000000000000
000000000000000000000
000000000010000000000
000000000111000000000
000000001011100000000
000000011111110000000
000000101111111000000
000001111111111100000
000010111111111110000
000111111111111111000
000010111111111110000
000001111111111100000
000000101111111000000
000000011111110000000
000000001011100000000
000000000111000000000
000000000010000000000
000000000000000000000
000000000000000000000
000000000000000000000
#
It:243:Diff:12:PSOStep:7:Time:5.858957607:s:AutomataStep:7:Transition:00110011111111111001111111010110101111111001111101001111111011110110111111111111110110100111111011111011101110111111110111010111101011101001111001110111100100111001111111010111100010011111111110010111101100111110110111011101110111010110111111010111111101110101111111111011111011111111001110101011111101101111111110110110110110011010110011011100011111001011001111111101111100010111011111110101101111101101111111110110110101110111111000110110111001111110111101111111110111101011101110010111110111111111100101111111
000000000000000000000
000000000000000000000
000000000000000000000
000000000010000000000
000000000111000000000
000000001011100000000
000000011111110000000
000000101111111000000
000001111111111100000
000010111111111110000
000111101111111111000
000010111011111110000
000001110111111100000
000000101111111000000
000000011111110000000
000000001011100000000
000000000111000000000
000000000010000000000
000000000000000000000
000000000000000000000
000000000000000000000
#
It:263:Diff:11:PSOStep:7:Time:6.278937423:s:AutomataStep:7:Transition:00110011111111111001111011010111111111111011110111101110111111110110111111011111111110100111111011111111101110110111110101100111100010111101011001110101101101101001011111010011100011111111111110010111111100111110110110001101100110110010111110010011111111110110101111111111110011111111000111101111111111011111111110111111111110011011111111111100011111001111111111111101110110110111010110110001101111111011111111111110111011111111101100110110111101111011111111111111110111101011100111110111111011111111111001111110
000000000000000000000
000000000000000000000
000000000000000000000
000000000010000000000
000000000111000000000
000000001011100000000
000000011111110000000
000000101111111000000
000001111111011100000
000010111100001110000
000111110111111111000
000010111010101110000
000001010111111100000
000000101110111000000
000000011111110000000
000000001011100000000
000000000111000000000
000000000010000000000
000000000000000000000
000000000000000000000
000000000000000000000
#
It:283:Diff:6:PSOStep:7:Time:6.68770359:s:AutomataStep:7:Transition:00110011111111111101111111010110101111111011111011101110111111110111111111111111111111100111011011110101111111001111110011110111111011101101110101110111111101111101111111011111110110111111111110000101111101111110010111011101111111110010111111111011101111110111001101111101110011111111010101101111111101111011110110111011111110111011111111011101001111001011111111110111111101010101011011110001011111101111011110111111110111011011111101111110101101111111111111111111111111101011110111110111111011111111111101111110
000000000000000000000
000000000000000000000
000000000000000000000
000000000010000000000
000000000111000000000
000000001011100000000
000000011101110000000
000000101011111000000
000001110111011100000
000010111111001110000
000111011101110111000
000010111011111110000
000001110111011100000
000000101111111000000
000000011101110000000
000000001011100000000
000000000111000000000
000000000010000000000
000000000000000000000
000000000000000000000
000000000000000000000
#
It:310:Diff:4:PSOStep:7:Time:7.229849258:s:AutomataStep:7:Transition:00100011111111111001111111010111101111111011100011101101111111110111111111111111111110100111111010011111111111101011110011110111101011101101110101110111111111111101111111011111100010111111111111000100111101111110010111011100111111100010111111111011111111110111000101111101110011111111001100101111111101111101111110101010110111111011111010111000001101001010010111111101111101110111011011110001011111101111011111110111111111010001111001111100100111110111111111111111110111111001100111110111111011001111111101110110
000000000000000000000
000000000000000000000
000000000000000000000
000000000010000000000
000000000111000000000
000000001011100000000
000000011101110000000
000000101011111000000
000001111110111100000
000010111110111110000
000111011101110111000
000010111011101110000
000001110111011100000
000000101110111000000
000000011101110000000
000000001011100000000
000000000111000000000
000000000010000000000
000000000000000000000
000000000000000000000
000000000000000000000
#
It:423:Diff:3:PSOStep:7:Time:9.725746035:s:AutomataStep:7:Transition:00100011111111111001111111010111101111111001100011101101111011110111111111011111111111100111111010011111111011101011110011110110101011101101110101110111111110111101001111111111100010110111111110100100111101111110010111011100111111110010101111111011111111110111000111111101110011111111001100101111011101111101111110101011110111110011111111111000001100001010010111111101110101110111010011010011011111101111101111110111111111010001111001011100100101110111111111111111110111111001110111110111110011101111110101110110
000000000000000000000
000000000000000000000
000000000000000000000
000000000010000000000
000000000111000000000
000000001011100000000
000000011101110000000
000000101011111000000
000001110111011100000
000010111110111110000
000111011101110111000
000010111011101110000
000001110111011100000
000000101110111000000
000000011101110000000
000000001011100000000
000000000111000000000
000000000010000000000
000000000000000000000
000000000000000000000
000000000000000000000
end
