PSO TRACE
INIT:../../instances/fazia/init.csv
REF:../../instances/fazia/asvn2.csv
DecodingPolicy:CPP
MutationPolicy:Null
ParticleNeighborhood:DynamicGeneralizedEuclideanDistance
ParticleDims:515
ParticleCount:100
AccP:2.0
AccG:2.0
AccL:1.5
AccI:2.3
Pos:0.0-3.0
Inertia:0.9-0.6
VeloMax:2.0
MaxPSOIteration:500
InertiaDecrFactor:6.000000000000001E-4
INIT
000000000000000000000
000000000000000000000
000000000000000000000
000000000000000000000
000000000000000000000
000000000000000000000
000000000000000000000
000000000000000000000
000000000000000000000
000000000000000000000
000000000010000000000
000000000000000000000
000000000000000000000
000000000000000000000
000000000000000000000
000000000000000000000
000000000000000000000
000000000000000000000
000000000000000000000
000000000000000000000
000000000000000000000
REF
000000000000000000000
000000000000000000000
000000000000000000000
000000000010000000000
000000000101000000000
000000001000100000000
000000010100010000000
000000100010001000000
000001010001000100000
000010001010101010000
000100010001000101000
000010001000100010000
000001000100010100000
000000100010001000000
000000010001010000000
000000001000100000000
000000000101000000000
000000000010000000000
000000000000000000000
000000000000000000000
000000000000000000000
Classic CPP Decoder
#
It:0:Diff:45:PSOStep:1:Time:0.078700834:s:AutomataStep:1:Transition:00001110001101010010001100000010111100000010110110010000010111010001001000001001010001001100000001001000011110011101101110111000010101010110100010100010000000011101111100000000011011010100010001011100000101001010000000001000001110100110100100000001110001100111101001010100010100100111001100010001110110010111111000100000100001001110000001011001001100010011001011101100111001100110110001010011100100001110110001000100111110110010110001101000101010100010000111010000101001011000110010101101101001011100101110100100
000000000000000000000
000000000000000000000
000000000000000000000
000000000000000000000
000000000000000000000
000000000000000000000
000000000000000000000
000000000000000000000
000000000000000000000
000000000001000000000
000000000001000000000
000000000000000000000
000000000000000000000
000000000000000000000
000000000000000000000
000000000000000000000
000000000000000000000
000000000000000000000
000000000000000000000
000000000000000000000
000000000000000000000
#
It:1:Diff:44:PSOStep:7:Time:0.207856517:s:AutomataStep:7:Transition:00010110111100000110000011000000000110111000110000001010111100000000001100000101100001010001010010100001100011001000001101000000000000101101111100110010001011001001000000011100010110101000011010000111111101001110011110010001010010100110111100001011101010010100011010111011011000011101000111101101101001100110010111010101011010110000000010101001000001001101010101000110000111101111001011111111001100110011000101110010010000001100001100111010110111100110001111110111110101110100100010111100000010110111011000010100
000000000000000000000
000000000000000000000
000000000000000000000
000000000000000000000
000000000000000000000
000000000000000000000
000000000000000000000
000000000000000000000
000000000000000000000
000000000000000000000
000100000000000000000
000000000000000000000
000000000000000000000
000000000000000000000
000000000000000000000
000000000000000000000
000000000000000000000
000000000000000000000
000000000000000000000
000000000000000000000
000000000000000000000
#
It:3:Diff:43:PSOStep:1:Time:0.418019348:s:AutomataStep:1:Transition:00100111010011100000110111111111111011010100111001101101011101010111111110110000111100100001110111000101011110110111001100111011000110111110010011110000001100111111111010010111100000001101101111010111101111100010110000000101101111101000011001010101001011100000101110010000000011111000110111010010111111101001111011000001010000111010000110001010111101101111010110100001100010110101010001011001101100011010011101100000010110101010110011110100110111110010000011100011111100001001011101011010010100011001110011111001
000000000000000000000
000000000000000000000
000000000000000000000
000000000000000000000
000000000000000000000
000000000000000000000
000000000000000000000
000000000000000000000
000000000000000000000
000000000010000000000
000000000001000000000
000000000000000000000
000000000000000000000
000000000000000000000
000000000000000000000
000000000000000000000
000000000000000000000
000000000000000000000
000000000000000000000
000000000000000000000
000000000000000000000
#
It:4:Diff:42:PSOStep:3:Time:0.490063535:s:AutomataStep:3:Transition:00110100111101000110010110010000110000110010110010101001001000010000001000111100101010001011000011000101000011000100011011001000100100001100001101000000001110001001010101011000010010001000001010000111111101100011011110000011100001100011111001011001100010110101111010010011111100010101100111001000110001011111010011010001011000100010100110101001001001101101010001000010001100111111001011101111001011110011000101101001010010100001010010111001111100001000010111010110010111111001100001111010000110011100011000011100
000000000000000000000
000000000000000000000
000000000000000000000
000000000000000000000
000000000000000000000
000000000000000000000
000000000000000000000
000000000010000000000
000000000100000000000
000000001001100000000
000000010011010000000
000000001110100000000
000000000100000000000
000000000010000000000
000000000000000000000
000000000000000000000
000000000000000000000
000000000000000000000
000000000000000000000
000000000000000000000
000000000000000000000
#
It:8:Diff:39:PSOStep:3:Time:0.751683736:s:AutomataStep:3:Transition:00100100101001000110010110010001110000110010110010101001001000000001001000101100111000000011000011000001000011010110011011001010100000001100001000010000001110101001000101011010000110101000001010000111101101000011111110000011110001100101111001011001100000110101111010010010110100000101100111001000111001011011010011000001011000110010000010101000001001101101010001100010001101111111001011101011001010110011000100001001010010100101000111111001111100001010010111011100010110110001100001111010010010011100011000111000
000000000000000000000
000000000000000000000
000000000000000000000
000000000000000000000
000000000000000000000
000000000000000000000
000000000000000000000
000000000010000000000
000000000000000000000
000000000011100000000
000000010101010000000
000000001000100000000
000000000100000000000
000000000010000000000
000000000000000000000
000000000000000000000
000000000000000000000
000000000000000000000
000000000000000000000
000000000000000000000
000000000000000000000
#
It:9:Diff:38:PSOStep:7:Time:0.824346826:s:AutomataStep:7:Transition:00100100101101100110000000010001110010111010110000101011001000000111000100101000001001000011111011000101010011010110011111001000000010011000001001000000001011101101100101011100000110100011011000000001111110000000110111010010110011000100111001001001100110010000011000010110011100000101100111001000100011101110000111010001010000110001000110100001010000101101010000100000001101111111011010101001001010010010000101000000010000000101100111011001011100000010000111001110010110100000110011011100010010011100110000011101
000000000000000000000
000000000000000000000
000000000000000000000
000000000010000000000
000000000101000000000
000000001010100000000
000000011011010000000
000000110110101000000
000001011001010100000
000011001100101010000
000101100100100101000
000000000000101000000
000000000000000000000
000000000000000000000
000000000000000000000
000000000000000000000
000000000000000000000
000000000000000000000
000000000000000000000
000000000000000000000
000000000000000000000
#
It:10:Diff:36:PSOStep:7:Time:0.890474273:s:AutomataStep:7:Transition:00110100111100100100011010010110110110100001110000001000001110000000010100001100000000011011010011100000000010001010100111001110100000001100001100000000001110100001110101001111110010000100011010010101100101101010111110101000101010000000111001011000000000100101111100110011111000001111100111000100100000001011001110000001111100101010000100011001111000101001000000000101001000111011010010001101001010110010010000111000011101100001101000110000011101100001011001000110011011000100110101111110000010010100110100000000
000000000000000000000
000000000000000000000
000000000000000000000
000000000010000000000
000000000101000000000
000000001011100000000
000000010000000000000
000000101110001000000
000001001011010100000
000010011000011110000
000101001010000101000
000011100101010010000
000001100000010100000
000000110100001000000
000000011001010000000
000000001110100000000
000000000111000000000
000000000010000000000
000000000000000000000
000000000000000000000
000000000000000000000
#
It:11:Diff:29:PSOStep:7:Time:0.965737772:s:AutomataStep:7:Transition:00110101111100000100100000000010111110010000111011001100101111010001001100000000000000110100011011100000010011000110100010001001011010100110110100100010111100000011000010101101010010010100011100000111000000111011001010011100000000100001101001101110101110100101011101110010011010001011101101000011101000110001011000010010001010001100000100101001010010001000000100000000011001111011000000010010101110010100010001011000011100000000010000000000000101110001000001110111111001000101100100111000001000010001011110001110
000000000000000000000
000000000000000000000
000000000000000000000
000000000010000000000
000000000101000000000
000000001010100000000
000000010101010000000
000000101010101000000
000001010101010100000
000010101010101010000
000101010101010101000
000000000000000000000
000000000000000000000
000000000000000000000
000000000000000000000
000000000000000000000
000000000000000000000
000000000000000000000
000000000000000000000
000000000000000000000
000000000000000000000
#
It:28:Diff:28:PSOStep:7:Time:2.079704872:s:AutomataStep:7:Transition:00110110100101110010000100010110100101000101100000011110001010000000110100000100000000011101010011110000000011100010100110000010100000101110010100110000011110000001010011011110110100001100010100010101110001101010001110100000000000000000001100001000010010100101101100110011001101001001100101000000001000001001000010010010111011000000000000011001111000001001000000000001010000011010010011010101001011010010111001111100011111100000000100000000101010011001010001110011111011001101100011111011010010110101010100000010
000000000000000000000
000000000000000000000
000000000000000000000
000000000010000000000
000000000101000000000
000000000000100000000
000000000000010000000
000000111010011000000
000001010000010100000
000011101011111110000
000100110000100101000
000010000100110110000
000001000110011100000
000000100001001000000
000000010100000000000
000000001001100000000
000000000101000000000
000000000010000000000
000000000000000000000
000000000000000000000
000000000000000000000
#
It:46:Diff:26:PSOStep:7:Time:3.247458:s:AutomataStep:7:Transition:00110110101001110111000100110110100111000100100000011110011010000001001100000000000000011110010011110000010010100010100010000000100000101110011100010010010110000001000011011000010101001110011000010101010001101011001110000010000000000000101000001000000110000101111100110011001001011001100101010000001010111001011001010011011111100000000000011001011000001001000000000011010001001010000001010001001011010010111011111101011101100001001100001000111110101001011001110011101111001101111011011001010010110101010100000000
000000000000000000000
000000000000000000000
000000000000000000000
000000000010000000000
000000000101000000000
000000001011100000000
000000010110010000000
000000101110011000000
000001011000101100000
000010000100101010000
000100110000100001000
000010001001110010000
000001001101000000000
000000100010000000000
000000010000000000000
000000001000100000000
000000000101000000000
000000000010000000000
000000000000000000000
000000000000000000000
000000000000000000000
#
It:95:Diff:25:PSOStep:7:Time:6.454281963:s:AutomataStep:7:Transition:00110100111011110110000100110110110011011000100011111110000111000010001110000010000000011111010010110000010010100000100010000010110000101000001100010010010110001101010001010000000011101110010000010000000101001011111110101100000001000000101111000000010110010101110100110011001101011011100100000100011000101000001001011001010111100000000000000011010000000010000110000001010000001010000100010011001011101101111100111100001101110001001100011100110111100011010001110011101011001101101011011001010000011001110101100011
000000000000000000000
000000000000000000000
000000000000000000000
000000000010000000000
000000000101000000000
000000001011100000000
000000010011010000000
000000100010010000000
000001000110001100000
000010001011110110000
000100100101001101000
000010001001100010000
000001000000000100000
000000100010001000000
000000010010010000000
000000001000100000000
000000000101000000000
000000000010000000000
000000000000000000000
000000000000000000000
000000000000000000000
#
It:110:Diff:23:PSOStep:7:Time:7.46703663:s:AutomataStep:7:Transition:00110110101101110000000100010100110110101000100010111110000110000011001100001000000000111100011010100000010010100101000011001010110000101010011110010000010110001001100100011001000011001110010000010100010110001011001010101100000000000000001000001000001010010001111001110000001000010011100101000000001001110001001011001000101111000001100100101001110001000010000100000010000001111011000100010110001011110100011100011001001101100001001100101100100100101011000001110011101001010101101000011100000000011001010101101000
000000000000000000000
000000000000000000000
000000000000000000000
000000000010000000000
000000000101000000000
000000001010100000000
000000010011010000000
000000101100101000000
000001010000010100000
000010010101101010000
000100110001001101000
000010101001100010000
000001000101011100000
000000100110001000000
000000010001110000000
000000001000100000000
000000000101000000000
000000000010000000000
000000000000000000000
000000000000000000000
000000000000000000000
#
It:148:Diff:20:PSOStep:7:Time:9.968572479:s:AutomataStep:7:Transition:00110110101101110110001100100101101100101000100010111000000110000010000100001010000000111101011010100000010010100001010011001000100000101110011110010010011110001001000110011101010000000110010001010011010010100010101010001110000000000101001000000010000110010001111001110000001000010001100101000000101101100001001010011101110111100101100100001011110001000110000100000010010101011111000100010100001011110000000100011001010100100001001010101100110010101010011001110011100011010101111001011000000000010001110100001000
000000000000000000000
000000000000000000000
000000000000000000000
000000000010000000000
000000000101000000000
000000001010100000000
000000010110010000000
000000101010101000000
000001010010100100000
000010001001001010000
000100001101101101000
000010000000101010000
000001000100110100000
000000100010011000000
000000010011010000000
000000001000100000000
000000000101000000000
000000000010000000000
000000000000000000000
000000000000000000000
000000000000000000000
#
It:159:Diff:19:PSOStep:7:Time:10.675683323:s:AutomataStep:7:Transition:00110110101101100100000100100011101110101100111010111000010000000110100100000010001000010011010011100100110011000001010010001000110000001010011100010010010110001011010110111000000010000010011110100011111010100110101110001100000000000110101100001010111110000101111000110001001000111001100100110001111100111011011011110000000111000100101100000010110001000000000100001110000000010010010001011101001010101101101010011110010111001000011110100100100010011010111101100011110011001001101010011000010000011001010001000100
000000000000000000000
000000000000000000000
000000000000000000000
000000000010000000000
000000000101000000000
000000001010100000000
000000010101010000000
000000101010101000000
000001010101010100000
000010101010101010000
000101010101010101000
000010101010101010000
000001010101010100000
000000101010101000000
000000010101010000000
000000001010100000000
000000000101000000000
000000000010000000000
000000000000000000000
000000000000000000000
000000000000000000000
#
It:215:Diff:18:PSOStep:7:Time:14.325918275:s:AutomataStep:7:Transition:00110100111101100010000100100010110110100100100010111100011100000000001100000000001000101001010011100000010010100001000010001000101000111010011100000000010110001001110110011000010010000110010100110011110001100010001010000010000000000010101001001000111110000011111000110010001000101011100100100000110111010000111001011101000011100101001100100001010001000010000000000100010001010010010000010101001011110010100000011011010111001000001100101000110010011011011101110011101011010001100000011001010000011001110101001000
000000000000000000000
000000000000000000000
000000000000000000000
000000000010000000000
000000000101000000000
000000001010100000000
000000010101010000000
000000101011101000000
000001010100010100000
000010101010101010000
000100110010001101000
000010001000000010000
000001001000010100000
000000100000001000000
000000010011010000000
000000001000100000000
000000000101000000000
000000000010000000000
000000000000000000000
000000000000000000000
000000000000000000000
#
It:325:Diff:17:PSOStep:7:Time:21.505637423:s:AutomataStep:7:Transition:00110100101101100010000100100010101110100000110110011100001010000010101100000000000000100011011011100000010010000101010010001000100000011100011100010000010110001001010110011000010010001010000000010000100001100010001010001100000000000001101000001000011110010111111000110010001000111011100100100000101101100000010001011000000111100000100100000000010001000010000000000010000000010011000000010001001010110000001010011010000010001001001100100000000110001010001001100011100011001001101011010000010000011001110000100000
000000000000000000000
000000000000000000000
000000000000000000000
000000000010000000000
000000000101000000000
000000001010100000000
000000010100010000000
000000101010101000000
000001001001000100000
000010011010101010000
000100010001001001000
000010000100100010000
000001001001000100000
000000100000001000000
000000010010010000000
000000001000100000000
000000000101000000000
000000000010000000000
000000000000000000000
000000000000000000000
000000000000000000000
#
It:422:Diff:16:PSOStep:7:Time:27.90787729:s:AutomataStep:7:Transition:00110110101101100110000100100010101110101000110010111110011010000000101100000010000000111011010010100000010010000101010010001000100000011000011100010010010110011001010111011000000010001110010000010011100011100110001010001000000000000111101000001000001110010101111000110001001000101001100100110000000111110000011001011001001111000000100100001001010001000010000100000010001000010110000000010000001010110000010110011000000110100001000010101000100010001010011001110011100011001001101001011001010000011001110101100000
000000000000000000000
000000000000000000000
000000000000000000000
000000000010000000000
000000000101000000000
000000001010100000000
000000010010010000000
000000101000101000000
000001010001000100000
000010100010101010000
000100010011000001000
000010001000001010000
000001000100100100000
000000100010011000000
000000010011010000000
000000001000100000000
000000000101000000000
000000000010000000000
000000000000000000000
000000000000000000000
000000000000000000000
end
