PSO TRACE
INIT:../../instances/fazia/init.csv
REF:../../instances/fazia/asvn2.csv
DecodingPolicy:CPP
MutationPolicy:Null
ParticleNeighborhood:DynamicGeneralizedEuclideanDistance
ParticleDims:515
ParticleCount:100
AccP:2.0
AccG:2.0
AccL:1.5
AccI:2.3
Pos:0.0-3.0
Inertia:0.9-0.6
VeloMax:2.0
MaxPSOIteration:500
InertiaDecrFactor:6.000000000000001E-4
INIT
000000000000000000000
000000000000000000000
000000000000000000000
000000000000000000000
000000000000000000000
000000000000000000000
000000000000000000000
000000000000000000000
000000000000000000000
000000000000000000000
000000000010000000000
000000000000000000000
000000000000000000000
000000000000000000000
000000000000000000000
000000000000000000000
000000000000000000000
000000000000000000000
000000000000000000000
000000000000000000000
000000000000000000000
REF
000000000000000000000
000000000000000000000
000000000000000000000
000000000010000000000
000000000101000000000
000000001000100000000
000000010100010000000
000000100010001000000
000001010001000100000
000010001010101010000
000100010001000101000
000010001000100010000
000001000100010100000
000000100010001000000
000000010001010000000
000000001000100000000
000000000101000000000
000000000010000000000
000000000000000000000
000000000000000000000
000000000000000000000
Classic CPP Decoder
#
It:0:Diff:44:PSOStep:3:Time:0.099572327:s:AutomataStep:3:Transition:00100011010111000001011001100000101100100110001101110111100101010000000100000010111001100110110110011011010010010011000000011111000000010000101111010011000100010010000000110000010100000010101010010000100001100010110010111010000010101010011000010010111001100001001010000001010000011100100100011001010000001000101111011111010100001111101011001010110001001011100001111000000011001001100100000100000011110000000111000010100100000100000000100011100001110100101010010100000001001100100110111000011001111000101010000001
000000000000000000000
000000000000000000000
000000000000000000000
000000000000000000000
000000000000000000000
000000000000000000000
000000000000000000000
000000000010000000000
000000000001000000000
000000000001100000000
000000000000010000000
000000000000000000000
000000000000000000000
000000000000000000000
000000000000000000000
000000000000000000000
000000000000000000000
000000000000000000000
000000000000000000000
000000000000000000000
000000000000000000000
#
It:1:Diff:43:PSOStep:7:Time:0.239436445:s:AutomataStep:7:Transition:00100011010110110111010101100000001100110100001100000011101101110000010101111010111000100110111101011010110010010110001001111111100000000000101011010111100110110011000000010111010110001010011010011001000011110010111011010110010001001100111000110010111000110001001011101011010100111101111000111001011000001110001111011110001001001111110011111110110001011101000011110000101010000101001101110111000010110010101101000010011101010101000000101111101001001000111010011100000001001000101110100000011000110011001110000011
000000000000000000000
000000000000000000000
000000000000000000000
000000000010000000000
000000000000000000000
000000000010000000000
000000000000000000000
000000000010000000000
000000000000000000000
000000000010000000000
000000000000000000000
000000000010000000000
000000000000000000000
000000000010000000000
000000000000000000000
000000000010000000000
000000000000000000000
000000000010000000000
000000000000000000000
000000000000000000000
000000000000000000000
#
It:2:Diff:42:PSOStep:7:Time:0.401445537:s:AutomataStep:7:Transition:00100111110000110111110001101001001110010101001101001011110101110010101111111010101000000110010101101011110110000111001000111110101001010000100011010111010110100110010000010111010101001011011010111000000011110011110001101110010101101110101000110011111100110111001101110010010100011101111100110001010100001110011111011111100101000111110011101010110010011001000011101000111110000011110001010111011010111000001111010010011101110101000001111110101000001000110010011110000100011010101101100100011000110011110110100001
000000000000000000000
000000000000000000000
000000000000000000000
000000000010000000000
000000000111000000000
000000000010000000000
000000010011100000000
000000010010000000000
000001010100000000000
000010011100000000000
000101110000000000000
000010011000000000000
000001001000000000000
000000111010000000000
000000010110000000000
000000001000000000000
000000000100000000000
000000000010000000000
000000000000000000000
000000000000000000000
000000000000000000000
#
It:7:Diff:40:PSOStep:7:Time:0.776631116:s:AutomataStep:7:Transition:00100001010000110011100011101001100110110100001101110011110101110000101111000010100110100110011101001011011010101011001100111110001001010100010101110011011110000100010000110110010101000011011010111000000101110110110010101010011001101100100000010011001100000011001101011010010100011101111100110000010100101110001100110011010101000001110011101010100010011001000110101000110010000001111001010001000100001000000111000010111110110000000001101111001001000000110000001101000100001010101000001110011010110010010010100001
000000000000000000000
000000000000000000000
000000000000000000000
000000000010000000000
000000000001000000000
000000000010100000000
000000000110010000000
000000000101001000000
000000000000000100000
000000000000000010000
000000000000000001000
000000000000000000000
000000000000000000000
000000000000000000000
000000000000000000000
000000000000000000000
000000000000000000000
000000000000000000000
000000000000000000000
000000000000000000000
000000000000000000000
#
It:13:Diff:37:PSOStep:7:Time:1.167030041:s:AutomataStep:7:Transition:00100110010111100011101000100000101000110111011011100011100101110010101111000010100010010110011101010111100110111110101001110011000101010100100101010010000011111100110110010100010100000111101010100010000100100111010011111011111111100010001001110011100001000001000010110001001010011110100100111001011000001111011101111111001111011100010011111010110110011011100010101000101011101001110000010110011000011001101111000010110010010001000001111000001001000001110010110010110101111010111001101010111011010010110110000000
000000000000000000000
000000000000000000000
000000000000000000000
000000000010000000000
000000000001000000000
000000000000100000000
000000000000010000000
000000000000001000000
000000000000000100000
000000000000000010000
000000000000000001000
000000000000000000000
000000000000000000000
000000000000000000000
000000000000000000000
000000000000000000000
000000000000000000000
000000000000000000000
000000000000000000000
000000000000000000000
000000000000000000000
#
It:37:Diff:35:PSOStep:7:Time:2.791196182:s:AutomataStep:7:Transition:00100010010111100011101000001100101000110010001001100010111101010010000101100010011100101110100101001111100110011100110101101010101101010100110010011111000100010010010001010100010100010101101010101001000100100010100001011010101001001100011000010010010101010010000011101000000000110010101100010100010000001000011101101011101110110100110011111000100101001010000011101000100011101001000000010111010000110001100011101010100010001001000001100011001010001101110000011100010100010010101001110100010011010010110100000001
000000000000000000000
000000000000000000000
000000000000000000000
000000000010000000000
000000000001000000000
000000000000100000000
000000000000010000000
000000000010001000000
000000000001000100000
000000000000100010000
000000000000010001000
000000000001101010000
000000000001000100000
000000000001111000000
000000000010010000000
000000000010100000000
000000000001000000000
000000000010000000000
000000000000000000000
000000000000000000000
000000000000000000000
#
It:39:Diff:30:PSOStep:7:Time:2.923717816:s:AutomataStep:7:Transition:00100010010101110011101000000110101000111011000001110100111101010000001001000010001000101010000101000011000110110100110011011100100001010101010011011111000000010010010010010100010100010111001100101001000100100010100001001110101001010000011000010011010101010010000011100000000000010010101000010100010101001110011100101011101111100101110011001000101010001010000011001110100010101001000001111110010101101101100011101000110101000011100101101101011010001111110000010000010101010011100011110000011010010010000100001101
000000000000000000000
000000000000000000000
000000000000000000000
000000000010000000000
000000000001000000000
000000000000100000000
000000000000010000000
000000000010001000000
000000000001000100000
000000000000100010000
000000000000010001000
000000000000101010000
000000000000010100000
000000000000011000000
000000000000010000000
000000000001000000000
000000000001000000000
000000000010000000000
000000000000000000000
000000000000000000000
000000000000000000000
#
It:71:Diff:29:PSOStep:7:Time:5.043707961:s:AutomataStep:7:Transition:00110000010100010011101000000010101000111010000101110000110101010000001001100010001000100010000101100010000110110110101011011001101000010101011010001111110000010110110000110100011100010111111010101000000000100110000000001110001001110000011000010000010101110010000011000000000000010010111000010100010101101100011100101011101111100111110011011000101111001010010010001100100010101001000001110110010001101001110011111010100101101001100101101111011010011010110100000101000110010011100011111000011110000010100100001001
000000000000000000000
000000000000000000000
000000000000000000000
000000000010000000000
000000000001000000000
000000000000100000000
000000000000010000000
000000000010001000000
000000000001000100000
000000000000100010000
000000000000010001000
000000000000101010000
000000000000010100000
000000000010011000000
000000000001110000000
000000000001000000000
000000000001000000000
000000000010000000000
000000000000000000000
000000000000000000000
000000000000000000000
#
It:157:Diff:28:PSOStep:7:Time:10.681833709:s:AutomataStep:7:Transition:00100010010101010011101000000110101100111010000101110100110001010000001001100010001000000010100101101010100110110110100011011001100001010101010010011001110000110010110000010100010100010101001100000001000000100010000000001100111101110110011000110010000101010010000001000000000000010011111000010100010111001000011100001011101111100101010011001000101101001010010010001100100011101101110011111100010001001111110011001010110100101001100101101011011010001011110100101100000100110011100011111000011010000010100100001101
000000000000000000000
000000000000000000000
000000000000000000000
000000000010000000000
000000000001000000000
000000000000100000000
000000000000010000000
000000000010001000000
000000000001000100000
000000000000100010000
000000000000010001000
000000000000101010000
000000000000010100000
000000000000011000000
000000000000010000000
000000000000100000000
000000000001000000000
000000000010000000000
000000000000000000000
000000000000000000000
000000000000000000000
#
It:159:Diff:27:PSOStep:7:Time:10.826251731:s:AutomataStep:7:Transition:00110011010101010011101000000111101100111011000101110000110001010000001001100010001000100010100101101010100110110110100011011001101000010101010110011001110000010110110000010100011100010101011100000001000000100110100001111100101111110110011000110010010101010010000001001000000000010011111000011100010111001100011100001011101111101111010011001000111111001010000011011100100011101101110010011100010101101101110011001010110100101001100101100011011010001010110100110101010100110011110011111000011000000010000100000101
000000000000000000000
000000000000000000000
000000000000000000000
000000000010000000000
000000000001000000000
000000000000100000000
000000000000010000000
000000000010001000000
000000000001000100000
000000000000100010000
000000000000010001000
000000000000101010000
000000000000010100000
000000000010011000000
000000000001110000000
000000000000100000000
000000000001000000000
000000000010000000000
000000000000000000000
000000000000000000000
000000000000000000000
#
It:306:Diff:26:PSOStep:7:Time:20.387204924:s:AutomataStep:7:Transition:00110011010111100011101000000110101100111111000101110000110011010000001001110010001000100010110101101010000110110110100011011100101100010101010110001001100010110010110010010100010110010101001100100001000000101010100001111100011011110010011000010000010101010010000001000000000000110011111000010100010110001100011100001011101101100111010111001000101111101010000011011110100001101101110010110111010101101101110111001010110100101001100101100011011001000000110000110001000110110011111011111000011010000010100100001101
000000000000000000000
000000000000000000000
000000000000000000000
000000000010000000000
000000000001000000000
000000000000100000000
000000000000010000000
000000000010001000000
000000000001000100000
000000000000100010000
000000000000010001000
000000000000101010000
000000000000010100000
000000000010001000000
000000000001110000000
000000000000100000000
000000000001000000000
000000000010000000000
000000000000000000000
000000000000000000000
000000000000000000000
end
