PSO TRACE
INIT:../../instances/fazia/init.csv
REF:../../instances/fazia/asvn3.csv
DecodingPolicy:Nibble:CDLE2
MutationPolicy:Std
ParticleNeighborhood:EDist
ParticleDims:146
ParticleCount:100
AccP:2.0
AccG:2.0
AccL:1.5
AccI:2.3
Pos:0.0-3.0
Inertia:0.9-0.6
VeloMax:2.0
MaxPSOIteration:500
InertiaDecrFactor:6.000000000000001E-4
INIT
000000000000000000000
000000000000000000000
000000000000000000000
000000000000000000000
000000000000000000000
000000000000000000000
000000000000000000000
000000000000000000000
000000000000000000000
000000000000000000000
000000000010000000000
000000000000000000000
000000000000000000000
000000000000000000000
000000000000000000000
000000000000000000000
000000000000000000000
000000000000000000000
000000000000000000000
000000000000000000000
000000000000000000000
REF
000000000000000000000
000000000000000000000
000000000000000000000
000000000010000000000
000000000111000000000
000000001011100000000
000000011111110000000
000000101011111000000
000001111111011100000
000010111110101110000
000111011101110111000
000010111011101110000
000001110111011100000
000000101110111000000
000000011101110000000
000000001011100000000
000000000111000000000
000000000010000000000
000000000000000000000
000000000000000000000
000000000000000000000
Nibble Decoder
#
It:0:Diff:76:PSOStep:5:Time:4.931574539:s:AutomataStep:5:Transition:00100100111001001100010000101010101000100000111001001110010001101100100010001010101001100100010001101110001010100010000010100000011001100100100011001110000000100010001010001010011010000110001000001000101000101110010011001010010010101100100001101010110001000110110011000010100000001110000000100110110010100110110001100000001010000100011010101000101001101000100010000000101000100010110010000100010000100000001010001000001000100100100000101000001000101010010001101110010001001010010010101100101001000010000010100100
000000000000000000000
000000000000000000000
000000000000000000000
000000000000000000000
000000000000000000000
000000000010000000000
000000000111000000000
000000000110100000000
000000010000110000000
000000000110001000000
000001011110100100000
000000011001111000000
000000000001100000000
000000000000000000000
000001111111000000000
000001000000000000000
000000000000000000000
000000000000000000000
000000000000000000000
000000000000000000000
000000000000000000000
#
It:2:Diff:70:PSOStep:7:Time:8.290859147:s:AutomataStep:7:Transition:00101010101000001100111011001110100000001000001000100000001001100110101000100100111010001100001001101110101010100110011010001110010010001100101001101100111000001100010011101010001011001100010010101010010000100000000000000010000010000110101010001010011000100110000000000000001000000000000000000010111011000110111000100110001010100010110010001010001000101010101010100010100000100110110011000000001010100000101001001000001000101110110011001110001010101010010010001100111011100000001001001000001011101100001011001000
000000000000000000000
000000000000000000000
000000000000000000000
000000000000000011000
000000000000000101000
000000000000110100000
000000000000011000000
000000001011011000000
000000000000011000000
000000000110100100000
000111101011010100000
000001110110110000000
000000010110111000000
000000010000110000000
000000001000110000000
000000000000100000000
000000000111000000000
000000000000000000000
000000000000000000000
000000000000000000000
000000000000000000000
#
It:4:Diff:70:PSOStep:5:Time:10.60471534:s:AutomataStep:5:Transition:00100100111010001010000001001010100000100110001000000000001011000100110011001010000001101110100010101110101001001100001001000010111010101100101000101000101001000000000001100100000000100110101010000000000000000100101011000000000001000010110001101100110000000100101011101110000000000100001011001100111010000110111000100100010010000110010001101000100000101010101011000010010010001100011000100010001010000000000000000110000000000010100010100000000010101100100010000110010011101010000001001000110001100010011010100010
000000000000000000000
000000000000000000000
000000000000000000000
000000000000000000000
000000000000000000000
000000000010000000000
000000000100000000000
000000001010100000000
000000000011110000000
000000110110001000000
000001000101010100000
000000100111110000000
000000010001000000000
000000000011100000000
000000000111000000000
000000000010000000000
000000000000000000000
000000000000000000000
000000000000000000000
000000000000000000000
000000000000000000000
#
It:6:Diff:62:PSOStep:7:Time:13.069999002:s:AutomataStep:7:Transition:00100000110001001100110011101000110000101100001010000100001011000010110000001100110001101100110000000010111000101110011010101100101010101010100011000010110001001100000000101100010000000010000000100100011000100000100010001000010010100010001010101100101010000100000011000010011001101010110000001100011011101000011011000010001010000110001011001100100000100000110011000010001011001000000000100000101010001000100000001110001011001000110011000000001010001000101011001110101000101000011010001100000010101000011011101100
000000000000000000000
000000000000000000000
000000000000000000000
000000000010000000000
000000000110000000000
000000000001000000000
000000011000010000000
000000001010000000000
000001100001100000000
000000011000110010000
000110001010010111000
000001111010000010000
000000000011111000000
000000011101010000000
000000000000010000000
000000000001000000000
000000000010000000000
000000000010000000000
000000000000000000000
000000000000000000000
000000000000000000000
#
It:30:Diff:58:PSOStep:7:Time:40.089622206:s:AutomataStep:7:Transition:01100010000000101100001001100110111001101000100001000010011011000110000010001100110001100110001011000110110011100000100011001000100001001010011011100110110011001100110001100000100001101100110001101110011000100110011011001110110000000110111010101100110001000010110001100110001010000100011001101100011001100110100010000110011011001100011011001000110001100010110000100110100011100110011001100010110010101010110011001100101011001000110011001100000011001100000011000000001010001100011011000010110000001000110001100100
000000000000000000000
000000000000000000000
000000000000000000000
000110101010000000000
000010000001000000000
000000011011100000000
000000011101010000000
000000000010101000000
000011000111000100000
000000000010100010000
000000000111011011000
000001111001101010000
000000000010101100000
000000011000101000000
000000001010110000000
000000000111100000000
000000000111000000000
000000000010000000000
000000000000000000000
000000000000000000000
000000000000000000000
#
It:43:Diff:56:PSOStep:7:Time:54.235272605:s:AutomataStep:7:Transition:00100100111000101110001000100010110000100000010011101000001001000010000010001110100010000010100000001010010010101000010010000000100010001000001010000100100000101110111011101000000000100010011011100010001001000010111011100010001000101000010010001000100000000010100010000110110010100010110010001000001000100010001010100100110010101000011000100000110010000110100001000110100000100100001000101100111001001000001010001110011011000000100010101000101001000000111000000010111000100010001001000100100011101100100011101000
000000000000000000000
000000000000000000000
000000000000000000000
000000000010000000000
000000000110000000000
000000001100000000000
000000001110100000000
000000110010000000000
000001100000111000000
000010011111110000000
000110100110001011000
000010001010001000000
000001100100100000000
000000100100010000000
000000011011110000000
000000001011100000000
000000000111000000000
000000000010000000000
000000000000000000000
000000000000000000000
000000000000000000000
#
It:50:Diff:47:PSOStep:7:Time:61.853615772:s:AutomataStep:7:Transition:00100000101000001000111011000010110000101100011010001110001011000010011011001000110001000000100001100010011001001100100010001100110000100110110001100010110000101100110000100110011010000010010010001000111001101100110000001100110011000010100011001100011010100010010001100010011001101110110010101100110011001000101011001000011011000110001011001100001000100100010010101000001000100000001000100110000001000000100010001100011011001000110011000110101000000110001001000110110000100010110001001010011011100010001000100010
000000000000000000000
000000000000000000000
000000000000000000000
000000000010000000000
000000000111000000000
000000000001100000000
000000010010110000000
000000010010001000000
000001011011011000000
000011011001001010000
000111011101011011000
000010110000100100000
000001100101000100000
000000010011011000000
000000010001100000000
000000000100100000000
000000000011000000000
000000000010000000000
000000000000000000000
000000000000000000000
000000000000000000000
#
It:51:Diff:43:PSOStep:7:Time:63.02663606:s:AutomataStep:7:Transition:00100000101010000100000000001100110000100100001010100010110000000010010011000110100000000000100001001100100000100000000001000010110000101100110000101100011001001100001011000100010001000010000011000100010011001010001010100000000000001100000010000100111010000000001000101100110000000010110000000100001010000100010011001100001001001100001001100100101010100000010001000010001000100010101010101110000011100110101000001010001000100000010000100100100011001110000000101010001000101100000001000010000001000010110011001100
000000000000000000000
000000000000000000000
000000000000000000000
000000000010000000000
000000000101000000000
000000001010100000000
000000010011010000000
000000101010101000000
000001001010010100000
000010111000001010000
000100011010010101000
000011111010001010000
000001000001010100000
000000010010101000000
000000010101010000000
000000000110100000000
000000000101000000000
000000000010000000000
000000000000000000000
000000000000000000000
000000000000000000000
#
It:187:Diff:41:PSOStep:7:Time:207.493918189:s:AutomataStep:7:Transition:00100100101010100100110010101000111011100110111000101000001000000010010000000110101011001110101001000010101010100010011001001010110011100100101011100000101001001010110010100000010000101010111000101000000001101110101000100010010001100100101011100100100010000010100000101110111000000010011001000100001011100100100011100110100010100000101010001100110000001010010000000010001000101000101001101010001010100000101000100100101011101100010000100000010011100010111000100010110000101010101010100100111011100010010000100010
000000000000000000000
000000000000000000000
000000000000000000000
000000000010000000000
000000000001000000000
000000001111100000000
000000000010010000000
000000111001111000000
000001000110010100000
000000111010101110000
000110000100000101000
000000111110000010000
000000000110010100000
000000001010101000000
000000001101110000000
000000001010100000000
000000000011000000000
000000000010000000000
000000000000000000000
000000000000000000000
000000000000000000000
#
It:322:Diff:35:PSOStep:7:Time:349.093637334:s:AutomataStep:7:Transition:00100100101000101100110010000000101000100100110000100100101001000010001000001110001001000010110001101110101000100000110001001100110011001100010010100100111011100010110011000100000010101010001000101000110010000010101000101010010011101110001011000100111011000100000011001100001000000010001001000100111001100100010011101010100011100100110001100100001000001110010001000110000000100010110000100110111001100000001010000100001011001110010000100100110000101110101011101110010000100010110011000100110011000100010011101110
000000000000000000000
000000000000000000000
000000000000000000000
000000000010000000000
000000000111000000000
000000001000100000000
000000011110110000000
000000000000001000000
000001011011011100000
000010111010111010000
000110010100110101000
000010111111001010000
000001110000010100000
000000110000110000000
000000011011010000000
000000001011000000000
000000000101000000000
000000000010000000000
000000000000000000000
000000000000000000000
000000000000000000000
end
