PSO TRACE
INIT:../../instances/fazia/init.csv
REF:../../instances/fazia/asvn3.csv
DecodingPolicy:Nibble:CDLE2
MutationPolicy:Std
ParticleNeighborhood:EDist
ParticleDims:146
ParticleCount:100
AccP:2.0
AccG:2.0
AccL:1.5
AccI:2.3
Pos:0.0-3.0
Inertia:0.9-0.6
VeloMax:2.0
MaxPSOIteration:500
InertiaDecrFactor:6.000000000000001E-4
INIT
000000000000000000000
000000000000000000000
000000000000000000000
000000000000000000000
000000000000000000000
000000000000000000000
000000000000000000000
000000000000000000000
000000000000000000000
000000000000000000000
000000000010000000000
000000000000000000000
000000000000000000000
000000000000000000000
000000000000000000000
000000000000000000000
000000000000000000000
000000000000000000000
000000000000000000000
000000000000000000000
000000000000000000000
REF
000000000000000000000
000000000000000000000
000000000000000000000
000000000010000000000
000000000111000000000
000000001011100000000
000000011111110000000
000000101011111000000
000001111111011100000
000010111110101110000
000111011101110111000
000010111011101110000
000001110111011100000
000000101110111000000
000000011101110000000
000000001011100000000
000000000111000000000
000000000010000000000
000000000000000000000
000000000000000000000
000000000000000000000
Nibble Decoder
#
It:0:Diff:70:PSOStep:5:Time:5.599143297:s:AutomataStep:5:Transition:00100110010001101010000010101000110010100000011010001000100010100000101001001100000001101110101010101100110001000100110001001000101010100100100010000110101011100000001000001100010011101000001010100110010010100100010000001100101000000100011011001110101000001010000000101000010010100110100011100100110001100010010001000110000011001110101001001110101011100000001000001110101001001010100000101000000001101000100000100010001001100000100001000100101011001110001011000010101011101000101000101000101011000110000000100000
000000000000000000000
000000000000000000000
000000000000000000000
000000000000000000000
000000000000000000000
000000000010000000000
000000000101000000000
000000001110100000000
000000001110010000000
000000000100101000000
000000001110110100000
000000001011111000000
000000000110000100000
000000000011110000000
000000000000101100000
000000000010101100000
000000000000000000000
000000000000000000000
000000000000000000000
000000000000000000000
000000000000000000000
#
It:11:Diff:50:PSOStep:7:Time:19.215773229:s:AutomataStep:7:Transition:00100100011010101100111001100100111010100110010011101010110001000000001010001110110010101100001000100100110010101110010000101010101011000100111001000110010011001110011011001100000011101000011010000110110001101100011000001000110010001100010001001110011011000000001010000010000001000110011011100110000001100010111011100110110011101010101001001110101011000110101011100000101010000110000001001110111011000010111010001100010000101110000001000110100011101110100011101000100011001010011001000000011011100100001010100100
000000000000000000000
000000000000000000000
000000000000000000000
000000000010000000000
000000000111000000000
000000000110100000000
000000001110110000000
000000100011011000000
000001000100110100000
000001011101010010000
000000011111110101000
000001011011100110000
000001000100101000000
000000110001110000000
000000001001010000000
000000001001100000000
000000000101000000000
000000000010000000000
000000000000000000000
000000000000000000000
000000000000000000000
#
It:32:Diff:50:PSOStep:7:Time:41.452638112:s:AutomataStep:7:Transition:00100110000010101100000001100000110000001110100011100110010001100000000010101110110011001110110000001010001010101110111011000110000011100000111001001110000011101110000011100000111010001110000011000000111000000010000001001110111011100010111011101110000001100000000011101000001000000000101011100000000000000000111000000000111011101000000011101110001000001010000000000000101011000000010011101110101011101000111001100110111000001110011010100000111011101110100011101100100000100000001010100000001011101110111000001110
000000000000000000000
000000000000000000000
000000000000000000000
000000000010000000000
000000000011000000000
000000000010100000000
000000000110010000000
000000000011001000000
000000000010010100000
000000001111111010000
000000001111110101000
000000000111000110000
000000000010011100000
000000000110111000000
000000000001110000000
000000000011100000000
000000000011000000000
000000000000000000000
000000000000000000000
000000000000000000000
000000000000000000000
#
It:69:Diff:49:PSOStep:7:Time:81.612161204:s:AutomataStep:7:Transition:00100010111000101110001000100010100010001000100011100010010000100100010010101110100010101000000000101010111000001110100000001010001011100010111011101110001011101110111010101000110000100110100011100010111000101000001000101110110011101000100001001100001011000010011011100010001010000010001011100010001000101100111011000010111011000010011011101110100000100100001010001110101011101010100011101110111011100010111011101000111010101110110000000010100011101110000011101110010010000000000010101000001011101100001000100110
000000000000000000000
000000000000000000000
000000000000000000000
000000000010000000000
000000000111000000000
000000000000100000000
000000010001110000000
000000100100101000000
000001001000010100000
000010010110110010000
000110011101100101000
000000000111000010000
000000001111010100000
000000000010011000000
000000010000110000000
000000000101100000000
000000000111000000000
000000000000000000000
000000000000000000000
000000000000000000000
000000000000000000000
#
It:73:Diff:45:PSOStep:7:Time:86.055602915:s:AutomataStep:7:Transition:00100010110011101100111010100010111000101010111010100110010000100100001010101100110011100000110000100100000011101100000001000010000011000010101011000100111011001100110001001010110000001110111010100010100000100010001000101100110011000100110000101100011011000100100001100010010001000010010011000010100000101100010001100010110010000010001011001100100000101010001011100100101010100010000011000000110001000010110001100000110000100100111011100010111011001100001011000110001000000010001000100010011011001110101000100110
000000000000000000000
000000000000000000000
000000000000000000000
000000000010000000000
000000000111000000000
000000001000100000000
000000011101010000000
000000001111011000000
000000010001000100000
000011011111101110000
000110100010100101000
000000111010011110000
000001011110100100000
000000000111011000000
000000001001110000000
000000001101100000000
000000000111000000000
000000000000000000000
000000000000000000000
000000000000000000000
000000000000000000000
#
It:74:Diff:45:PSOStep:7:Time:87.115711315:s:AutomataStep:7:Transition:00100010111000101110110001000010101000101000101010100010000001000010000011001110111001000110101000100110101011000100100000100010110011100010100011101010110011101000111011101010001000101110111000000010101000101010001001101010010011101010100010001110001011100010110001101100101001100010001011100010101000100010100011100010111010100010000010101110000011000010100010101110111010100000000010000100110010100010111001000100111000100100000000100010110011101110101011101010001000001110001011001000111011100100001000101110
000000000000000000000
000000000000000000000
000000000000000000000
000000000010000000000
000000000111000000000
000000001000100000000
000000011101110000000
000000000010101000000
000001000001100100000
000000011101000010000
000110110110010111000
000010010011000010000
000000000111011100000
000000000011101000000
000000010101110000000
000000000101100000000
000000000111000000000
000000000010000000000
000000000000000000000
000000000000000000000
000000000000000000000
#
It:75:Diff:41:PSOStep:7:Time:88.240884855:s:AutomataStep:7:Transition:00100000101011101000111001000010111000101110111000000010111000100010111000001110111011100010010000100100101011001100111000100000111011000110111011100010000011101110001001100010100000001000001011100010010000100000001010001110100010000010100011001110001001000010111010001110000000101000000011100010100000100110000000100010100011100100001011100000110000101000110001100010000010000000111001001110000000100000111000101110100001101110001011100010100011101110111011100000000010000010001010001110100011101110100000100010
000000000000000000000
000000000000000000000
000000000000000000000
000000000010000000000
000000000111000000000
000000000010100000000
000000000110010000000
000000110110101000000
000001101111110100000
000011100110011010000
000111000011000101000
000010011101001110000
000001010100011100000
000000100100011000000
000000001111110000000
000000000001100000000
000000000111000000000
000000000010000000000
000000000000000000000
000000000000000000000
000000000000000000000
#
It:112:Diff:37:PSOStep:7:Time:128.947149:s:AutomataStep:7:Transition:00100100111010001110111000100010111011101110010011000010100001100010000000101110111011000010101000100100000000101110111010101000011000001110111011101100101011101110000000001000001010101110001011100010110000101110001000101000010011100100010001100100001000100010100011101110001011000110100011000010011000101110110000000010111011101000001011101110011000101000010011001110111011100110100011001110100011100100111010000100111000001110011001000010001011101110010011101110010000000100001001101000011011101110101000100100
000000000000000000000
000000000000000000000
000000000000000000000
000000000010000000000
000000000111000000000
000000001000100000000
000000011010110000000
000000000000001000000
000001011001111100000
000010111101110010000
000111001000100111000
000010001011101110000
000001101010010100000
000000110010111000000
000000011000110000000
000000001010100000000
000000000111000000000
000000000000000000000
000000000000000000000
000000000000000000000
000000000000000000000
#
It:120:Diff:37:PSOStep:7:Time:137.633682968:s:AutomataStep:7:Transition:00100100111010101100001000100010111000100010010011100010000001000100001000101110011000000010011010101110000001001110101011000100001010000110111011101010011011101110111011100000010000101110111011100010111000100000001000101010111011100010001000100100001010100010101011100010001010100010100011100010111001101110111000000010110011100100001011101110101000100100010001000100100011100010010011101110111011100100111001000010111001001110000011100010001011101100011011101110011011101110001001101000101011101000101010100010
000000000000000000000
000000000000000000000
000000000000000000000
000000000010000000000
000000000111000000000
000000001000100000000
000000011101110000000
000000100111001000000
000001100000111100000
000010011000010010000
000110100111100111000
000001010011001110000
000001100010011100000
000000001110111000000
000000011001110000000
000000001011100000000
000000000111000000000
000000000000000000000
000000000000000000000
000000000000000000000
000000000000000000000
#
It:163:Diff:34:PSOStep:7:Time:186.489305469:s:AutomataStep:7:Transition:00100000111000101100001000100010111000100010101011100010000011100100001000101110010001000010101001001100111010001000111011100010011000000010111011101100110011101100110000101000101000101110111011100100110000100100101000100000110011100000001000100000001011100010010011100010001011100110000000100000111011101110111000000010011011100000001011101110011000101100110011100100000011100010101011101110000011101100111011100110111000101110100001000010001011101110011011101110110001101010010000101110001011101110111010101000
000000000000000000000
000000000000000000000
000000000000000000000
000000000010000000000
000000000111000000000
000000001000100000000
000000010111110000000
000000111110001000000
000001101110111100000
000010001000100010000
000111011011100111000
000000110010001110000
000000000100011100000
000000101110111000000
000000011000110000000
000000000010100000000
000000000111000000000
000000000000000000000
000000000000000000000
000000000000000000000
000000000000000000000
#
It:208:Diff:32:PSOStep:7:Time:236.26358865:s:AutomataStep:7:Transition:00100100111010101110001000101110111000100010000011100010111011100100001000101110111000000010000011101110010010001110111011100010111000100010111011101000011011001110111011100000000000101110111011100010101000101010111000100010111011101010001000100010001011100010100011100010001011100110011000101110111000001110111001000010001011100100001011101110001000101110110010101110000011101010000011101110101011101100111010101010110000101110011010000010001011101110100011101110100011100110101000101110001011101000110000100000
000000000000000000000
000000000000000000000
000000000000000000000
000000000010000000000
000000000111000000000
000000001000100000000
000000011001110000000
000000100011001000000
000001101011111100000
000010011101100010000
000111000011100111000
000000101001001110000
000001001110011100000
000000100100111000000
000000011001110000000
000000000011100000000
000000000111000000000
000000000010000000000
000000000000000000000
000000000000000000000
000000000000000000000
#
It:260:Diff:31:PSOStep:7:Time:295.551591899:s:AutomataStep:7:Transition:00100110111000101110011000100110111000100010110011100010101001100100001000101110111011000010000011001000010010001110111011100010100011001110101011101100100011101110111011000000100000101010111011101100111000100100101000100110110011101100111000101000001011000010001011100010001011100010011000100100111000100100111011100010001011100110001011100100100000101110011011101100100011100010110011101000101011100110111001000010110000101110110011100010010011101110110011101010100011001110000000101010100011100100111001100010
000000000000000000000
000000000000000000000
000000000000000000000
000000000010000000000
000000000111000000000
000000001000100000000
000000011001110000000
000000101000001000000
000001111010011100000
000010111101100010000
000110110100110111000
000010101111001110000
000001101000001100000
000000100100011000000
000000011001110000000
000000001011100000000
000000000111000000000
000000000010000000000
000000000000000000000
000000000000000000000
000000000000000000000
#
It:285:Diff:31:PSOStep:7:Time:324.155525727:s:AutomataStep:7:Transition:00100000111000101110111000101100111001100010101010100010101001100100001000101110101011101000000011101100100011001010111011100010111001001100100011101110010011101110101001100110000000101100111011101000111001101010111011100010111011101010001001001010001010000010100011100010001011100010100010001010110000101110111011100010010011100110001011101010001000101110011010001100101011101000110011100000001011100000111000100010111011101110111001000010001011101110001011101110100010101010001000101110100011100100000000100000
000000000000000000000
000000000000000000000
000000000000000000000
000000000010000000000
000000000111000000000
000000001010100000000
000000011101110000000
000000001000001000000
000000001110011100000
000010111111000010000
000111111011100111000
000011001111101010000
000001011111011100000
000000101000111000000
000000010001110000000
000000001010100000000
000000000111000000000
000000000010000000000
000000000000000000000
000000000000000000000
000000000000000000000
end
