PSO TRACE
INIT:../../instances/fazia/init.csv
REF:../../instances/fazia/asvn3.csv
DecodingPolicy:Nibble:CDLE2
MutationPolicy:Std
ParticleNeighborhood:EDist
ParticleDims:146
ParticleCount:100
AccP:2.0
AccG:2.0
AccL:1.5
AccI:2.3
Pos:0.0-3.0
Inertia:0.9-0.6
VeloMax:2.0
MaxPSOIteration:500
InertiaDecrFactor:6.000000000000001E-4
INIT
000000000000000000000
000000000000000000000
000000000000000000000
000000000000000000000
000000000000000000000
000000000000000000000
000000000000000000000
000000000000000000000
000000000000000000000
000000000000000000000
000000000010000000000
000000000000000000000
000000000000000000000
000000000000000000000
000000000000000000000
000000000000000000000
000000000000000000000
000000000000000000000
000000000000000000000
000000000000000000000
000000000000000000000
REF
000000000000000000000
000000000000000000000
000000000000000000000
000000000010000000000
000000000111000000000
000000001011100000000
000000011111110000000
000000101011111000000
000001111111011100000
000010111110101110000
000111011101110111000
000010111011101110000
000001110111011100000
000000101110111000000
000000011101110000000
000000001011100000000
000000000111000000000
000000000010000000000
000000000000000000000
000000000000000000000
000000000000000000000
Nibble Decoder
#
It:0:Diff:76:PSOStep:5:Time:5.281312533:s:AutomataStep:5:Transition:00100000010011101110100000001000110011101010100011101010010000101010101001000110100011100010010010101000010011101010110011001100111001001100011011001100000010001100011001000100111001001010001010101010101001001000100000100000010001001010010010100100101000001010100001100010000000000110110001101110001010001100110000100010011000000010111011001110010000101000001011101100111011000000110000000000000011001010111000100010111010101110000000100100000010100010111011101100010001001010000001100010010000101100101010100100
000000000000000000000
000000000000000000000
000000000000000000000
000000000000000000000
000000000000000000000
000000000010000000000
000000000101000000000
000000000000100000000
000000000011110000000
000000001110010000000
000000010110110100000
000000010011110100000
000000110100101000000
000000011101101100000
000000010001101100000
000001101111011100000
000000000000000000000
000000000000000000000
000000000000000000000
000000000000000000000
000000000000000000000
#
It:1:Diff:72:PSOStep:5:Time:7.798632297:s:AutomataStep:5:Transition:00100100110011000110100000001110100011101110100010100010100010100000010011000110001011100010010001000000101010001100010011100010101011101100001000001010110000001100111000101100111001001010101010101000101011101110010011100100100010001110010011100010111010100000110010001000000011001000000011101100101001101000111001001110000010001010100000000110101010001100001010001000111011101100100010001110100001000000111000000100101010101000111010000110100000001100110010101000010011101010100010101010101011000000100011001110
000000000000000000000
000000000000000000000
000000000000000000000
000000000000000000000
000000000000000000000
000000000010000000000
000000000101000000000
000000000011100000000
000000001000000000000
000000110101001000000
000001100001001100000
000000101100101000000
000000011110010000000
000000001011100000000
000000000101000000000
000000000010000000000
000000000000000000000
000000000000000000000
000000000000000000000
000000000000000000000
000000000000000000000
#
It:5:Diff:55:PSOStep:7:Time:13.411473629:s:AutomataStep:7:Transition:00100110101000100010001000100110111010000110110011000010110011000100110011101000110011001100001000100110001011001000000011000010110001100010001011001100111011000100001001101110011000101110001001000100001011000110100001000010111000100100110011100010011011000010001000101100001011001110110011001100110000101010011010100100001000101100001011001100101000101100001011101100100011001100001011001100111011000000110000101110011011101100001011001110011011000100001011100010011001100010111000100010110000101110100011000010
000000000000000000000
000000000000000000000
000000000000000000000
000000000010000000000
000000000101000000000
000000000000000000000
000000011010110000000
000000000010100000000
000001111100000100000
000001111101010000000
000110111000001111000
000001010011111010000
000000000111110100000
000000000000101000000
000000010110010000000
000000000110100000000
000000000111000000000
000000000010000000000
000000000000000000000
000000000000000000000
000000000000000000000
#
It:24:Diff:48:PSOStep:7:Time:34.514896137:s:AutomataStep:7:Transition:00100010111000000010001010100000111010100100101010100110101010100110101000001010111000101010001011101100111010101010100011000110101000000010001010100010011011001110101000001010001000100100001000000110000010100010101001100010100010000100101001100010010010000110110000001010111001001010101010100010101000101110001010001010001000101010001010000100111000101010001001001010110010100010000000001010001001100010101000100000001011001010010010101000010010100100101010100010110001100010100001100010010000000010011010100010
000000000000000000000
000000000000000000000
000000000000000000000
000000000010000000000
000000000101000000000
000000001001100000000
000000010101110000000
000000010001111000000
000001100101011100000
000000001000010110000
000111110101000101000
000000100000001110000
000000111000010000000
000000001000011000000
000000001110110000000
000000000001000000000
000000000101000000000
000000000010000000000
000000000000000000000
000000000000000000000
000000000000000000000
#
It:81:Diff:47:PSOStep:7:Time:96.940470347:s:AutomataStep:7:Transition:00100010111011000010001011001100110011001100110011000100010011000010001000100100001000100010001001000100001001101110011011001000110010100110001011001100101011000110110011001100001000101100001000100010011011001010110001100010010000101100110001100110110001000100110001101100110000101000000011000100110000101100001000000000101000101100001011101100000000101100001000101100110010101100000011001100010000101000110011001100001000101100110001100100110000001100010011000010010001000010110000100010000001100010001011000010
000000000000000000000
000000000000000000000
000000000000000000000
000000000010000000000
000000000101000000000
000000001010100000000
000000010111010000000
000000101000111000000
000001010100110100000
000010000010101110000
000101001101010101000
000011000011010010000
000000011000001100000
000000011010001000000
000000001100110000000
000000000100100000000
000000000011000000000
000000000010000000000
000000000000000000000
000000000000000000000
000000000000000000000
#
It:88:Diff:45:PSOStep:7:Time:104.929518882:s:AutomataStep:7:Transition:00100010110011000010001011100100110010100000110011000100110011000000010000101100110011100010001000100100110011100100100011001100110000001000001011001100010011001000110001101100001000101100001000101000100011001000110000100010001001101100110011000010110011100100110000101010110000001000110011000010110000100010001011000100001000101000001001100000010000101100001011001100111010101000011000001100001010000010110000101100100000100110110011001000101010000100010011000010010001000010000010000010111000000010001011000010
000000000000000000000
000000000000000000000
000000000000000000000
000000000010000000000
000000000101000000000
000000000001100000000
000000011100010000000
000000001111111000000
000001100110010100000
000000110001001110000
000110110110110001000
000010010100111110000
000001001101011100000
000000100000111000000
000000010010110000000
000000001110100000000
000000000101000000000
000000000010000000000
000000000000000000000
000000000000000000000
000000000000000000000
#
It:118:Diff:41:PSOStep:7:Time:138.076355337:s:AutomataStep:7:Transition:00100010110011100010001001101010101001100110010011101010111010000100101010101100010011101110001010000110011010101100010010100000110011100010001011101000011010100100111000101100001000101110001000100110110011101000101001000100101000100010110010100010110000100100011000101000111011000010111010001010111000101100001010000110001000100000001011101010011000101010001011101110001010000010001011101110010011101010101010001010001000100110101011101000100001001110000011100010100010100110101001000010000010100010110011100010
000000000000000000000
000000000000000000000
000000000000000000000
000000000010000000000
000000000101000000000
000000000000100000000
000000001111110000000
000000101111011000000
000000001110001100000
000010010010010110000
000100011010000011000
000010111011111110000
000000111100000100000
000000111100101000000
000000011010110000000
000000001110100000000
000000000111000000000
000000000010000000000
000000000000000000000
000000000000000000000
000000000000000000000
#
It:241:Diff:36:PSOStep:7:Time:271.067027964:s:AutomataStep:7:Transition:00100010111011101000011011000100111001000110111010001110111000100100111000101110110011101110001011100110100010001000111000101010111010001000001011101100011001000110111000101010001000101110001010000010111011100010111010101000111000100010101010100010101000100100010000101000111011001000111011000100111000101100001000001110001000100110010000101100001000100000001011000100001011000010000001001110110000101100110000001110001000100100000011101010111010101000000011100010111010101010001000100110011010000010000011100010
000000000000000000000
000000000000000000000
000000000000000000000
000000000010000000000
000000000111000000000
000000000000100000000
000000000011110000000
000000100101011000000
000001010111011100000
000001011110111110000
000110110111010111000
000010010000001010000
000001100110101100000
000000101111011000000
000000011011110000000
000000001010100000000
000000000111000000000
000000000010000000000
000000000000000000000
000000000000000000000
000000000000000000000
end
