PSO TRACE
INIT:../../instances/fazia/init.csv
REF:../../instances/fazia/asvn3.csv
DecodingPolicy:Nibble:CDLE2
MutationPolicy:Std
ParticleNeighborhood:EDist
ParticleDims:146
ParticleCount:100
AccP:2.0
AccG:2.0
AccL:1.5
AccI:2.3
Pos:0.0-3.0
Inertia:0.9-0.6
VeloMax:2.0
MaxPSOIteration:500
InertiaDecrFactor:6.000000000000001E-4
INIT
000000000000000000000
000000000000000000000
000000000000000000000
000000000000000000000
000000000000000000000
000000000000000000000
000000000000000000000
000000000000000000000
000000000000000000000
000000000000000000000
000000000010000000000
000000000000000000000
000000000000000000000
000000000000000000000
000000000000000000000
000000000000000000000
000000000000000000000
000000000000000000000
000000000000000000000
000000000000000000000
000000000000000000000
REF
000000000000000000000
000000000000000000000
000000000000000000000
000000000010000000000
000000000111000000000
000000001011100000000
000000011111110000000
000000101011111000000
000001111111011100000
000010111110101110000
000111011101110111000
000010111011101110000
000001110111011100000
000000101110111000000
000000011101110000000
000000001011100000000
000000000111000000000
000000000010000000000
000000000000000000000
000000000000000000000
000000000000000000000
Nibble Decoder
#
It:0:Diff:71:PSOStep:7:Time:3.886055682:s:AutomataStep:7:Transition:00100000111011001010011000001110110011001100101001001100001001001110001010000110101000001110000001001000001000100000100011101010100011001010110001000100110001001010110000000000001011101000100000000010001000000010111000100000011010100000100000100010100010000000101001000000011001001000101000101010001010001110110000100100001001001000000010001110111000001100001001101000000011000110000010100010000011000000010011100010010001000000101011001100010010101000101000100010101001001010110010100110101010101000011000100100
000000000000000000000
000000000000000000000
000000000000000000000
000000000010000000000
000000000111000000000
000000001000000000000
000000010010010000000
000000000010010000000
000001101110000000000
000010101101110100000
000100010110000001000
000111100000010010000
000100001010011100000
000001110011111000000
000100000000110000000
000001101101000000000
000100000001000000000
000110101010000000000
000000000000000000000
000000000000000000000
000000000000000000000
#
It:1:Diff:63:PSOStep:7:Time:5.305497709:s:AutomataStep:7:Transition:00100000100001000010010001001000100000100100000001001110101000100010000000000100100000100100101001101000100010001010000010101110011011001010001001101010100010000100000001000110100001000000010010101110010000101010001001000010000000100100010001001010010011100100000001001010110010000010010011100110011001001010000011101010101010100100010010001010110000101010011010100000010001001110001011000010000001000100001010100100010000001100111000101010010000001010101010000100001011000110000010000010101000000100100011000110
000000000000000000000
000000000000000000000
000000000000000000000
000000000010000000000
000000000010000000000
000000000011000000000
000000010011010000000
000000000101100000000
000000000000011100000
000000001010100110000
000100110000000001000
000010010000011100000
000000100000011100000
000000100110100000000
000000001110000000000
000000000000000000000
000000000000000000000
000000000000000000000
000000000000000000000
000000000000000000000
000000000000000000000
#
It:16:Diff:42:PSOStep:7:Time:18.165201078:s:AutomataStep:7:Transition:00100010100001101100001000101000111010101110001000100110111001100010111011101110111001100010001000100010010000101000011011100010111000100010000001100110111011001000111000100010000011101110011000100010001001101110011000100110111001000110111011101110001000100010010011100100110001100110001000101000110010101110101000100110001001100110111011101100110011101010001001000010001001101010001011101110001000100010011011101110011000100010111011100010001010100000011001100110000000100110011010100110101000100010110010001000
000000000000000000000
000000000000000000000
000000000000000000000
000000000010000000000
000000000111000000000
000000000100100000000
000000000101110000000
000000100001001000000
000001100110111100000
000011111011110010000
000111111110000111000
000010101010111010000
000001110000001100000
000000111111001000000
000000010110110000000
000000001010100000000
000000000111000000000
000000000010000000000
000000000000000000000
000000000000000000000
000000000000000000000
#
It:17:Diff:33:PSOStep:7:Time:19.010475046:s:AutomataStep:7:Transition:00100010111000101110001000100010100000001110000000100010111010100010111011101110001000000010001000100010001000101100011011100100111010000010000000100010111011101100111000100010011011101110011000101000000001100000111001000110111000000000111011101000001000000010101011000100110000101010001000100000000010101010001000101010001000100000111011100010100011101100011000100010001000100000001011101100001000000010101011001110000000100010111011100000001011000010001000000000001000101100101000000010000000100010101010100000
000000000000000000000
000000000000000000000
000000000000000000000
000000000010000000000
000000000111000000000
000000001111000000000
000000011111100000000
000000111001101000000
000001110001011100000
000011101010101010000
000111111101010111000
000010101100100010000
000001111110101100000
000000101001101000000
000000011100000000000
000000001010100000000
000000000111000000000
000000000010000000000
000000000000000000000
000000000000000000000
000000000000000000000
#
It:30:Diff:29:PSOStep:7:Time:29.83147015:s:AutomataStep:7:Transition:00100010111011101010001000100010111001001110000000100110000011100010111011101110010000100010001000100010010000101010001011100010101011000010101010100010111011101010111000100110010011101110101000100010010010000100111000100110111001000000111011101110001011100100111011100100010000101110010000101110010001001110000010101110001011001000000011100010111011101110100000100010001001000100000011100100001001001010110001101110011010100010111011100100001011100010010011101010001000100110001001001000011001000010001000100100
000000000000000000000
000000000000000000000
000000000000000000000
000000000010000000000
000000000111000000000
000000001111100000000
000000011111110000000
000000110000011000000
000001111000011100000
000011100100111110000
000111011001011111000
000010000010111110000
000001010100001100000
000000001110111000000
000000011101100000000
000000001011000000000
000000000111000000000
000000000010000000000
000000000000000000000
000000000000000000000
000000000000000000000
#
It:204:Diff:26:PSOStep:7:Time:172.690588365:s:AutomataStep:7:Transition:00100010111000101010110000100010111000001110001000100010111011100010011011100010100001101010001000101000000010101110010011100010111000100010001010000010111011100110110000100010011011100110001001000010011010100110100001000100111001101110111011101110011000100110111000000010111000101010010010001110101010001100001001101010001000100010000011100010001011001110101000100100001000100010001011100110001011100100001000101110011000100010111011100110001010000010001011100100001000101110001000000010001001000010001000100000
000000000000000000000
000000000000000000000
000000000000000000000
000000000010000000000
000000000111000000000
000000001111100000000
000000011111110000000
000000110000111000000
000001110111011100000
000011100010101110000
000111111111111111000
000010101010101010000
000001110010101100000
000000111011111000000
000000011111010000000
000000001010100000000
000000000111000000000
000000000010000000000
000000000000000000000
000000000000000000000
000000000000000000000
#
It:370:Diff:21:PSOStep:7:Time:310.123678529:s:AutomataStep:7:Transition:00100010111000101110001000100010111010001110000001000010111011100010001011100010001011100010001000101100110011101110001011100010111000100010000010000010111010101010100000100000001011101110001001100010011001101110111001000110111001001110111000001100111001100000111010001000111000101110001000101110111010101010001010000010001000101010110011100010000000001110011001000000001000100000011011100110001011101000100000001110001000100010111011100110001001000010001011000010001000101110001010000010010000100010100000100010
000000000000000000000
000000000000000000000
000000000000000000000
000000000010000000000
000000000111000000000
000000001011100000000
000000011101110000000
000000101000111000000
000001110011011100000
000010101010101110000
000111111101110111000
000010101000001010000
000001110010101100000
000000101010101000000
000000011101100000000
000000001010100000000
000000000111000000000
000000000010000000000
000000000000000000000
000000000000000000000
000000000000000000000
#
It:409:Diff:12:PSOStep:7:Time:341.995657689:s:AutomataStep:7:Transition:00100010111001101110010000100010111001001110001000101010111011100010010011100010001001101010001000100010001011000110001011100010111000100010001001100010111010101000010001000010100011101010001000100010000011100000111000100010111001101110111011101110000000100000111000001000111000101000000000101110111011101100001000100010001011001000110011100010101001001110011000101010001000100010100011001110001011100100011011001110001011000100111011100100010011100010011000100010001000101110001010100010110001100010001000101000
000000000000000000000
000000000000000000000
000000000000000000000
000000000010000000000
000000000111000000000
000000001111100000000
000000011111110000000
000000101011111000000
000001110111111100000
000011111111111110000
000111111111110111000
000010111011100110000
000001110111001100000
000000101111111000000
000000011111110000000
000000001011100000000
000000000111000000000
000000000010000000000
000000000000000000000
000000000000000000000
000000000000000000000
end
