PSO TRACE
INIT:../../instances/fazia/init.csv
REF:../../instances/fazia/asvn1.csv
DecodingPolicy:CPPNot
MutationPolicy:Std10
ParticleNeighborhood:Fixed
ParticleDims:515
ParticleCount:100
AccP:2.0
AccG:2.0
AccL:1.5
AccI:2.3
Pos:0.0-3.0
Inertia:0.9-0.6
VeloMax:2.0
MaxPSOIteration:250
InertiaDecrFactor:0.0012000000000000001
INIT
000000000000000000000
000000000000000000000
000000000000000000000
000000000000000000000
000000000000000000000
000000000000000000000
000000000000000000000
000000000000000000000
000000000000000000000
000000000000000000000
000000000010000000000
000000000000000000000
000000000000000000000
000000000000000000000
000000000000000000000
000000000000000000000
000000000000000000000
000000000000000000000
000000000000000000000
000000000000000000000
000000000000000000000
REF
000000000000000000000
000000000000000000000
000000000000000000000
000000000010000000000
000000000111000000000
000000001010100000000
000000011100110000000
000000101001101000000
000001111001111100000
000010111111111010000
000111011111110111000
000000000000000000000
000000000000000000000
000000000000000000000
000000000000000000000
000000000000000000000
000000000000000000000
000000000000000000000
000000000000000000000
000000000000000000000
000000000000000000000
Classic CPP Decoder + Not Test
0 :1,2,3,4,
1 :0,2,3,4,
2 :0,1,3,4,
3 :0,1,2,4,
4 :0,1,2,3,
5 :6,7,8,9,
6 :5,7,8,9,
7 :5,6,8,9,
8 :5,6,7,9,
9 :5,6,7,8,
10 :11,12,13,14,
11 :10,12,13,14,
12 :10,11,13,14,
13 :10,11,12,14,
14 :10,11,12,13,
15 :16,17,18,19,
16 :15,17,18,19,
17 :15,16,18,19,
18 :15,16,17,19,
19 :15,16,17,18,
20 :21,22,23,24,
21 :20,22,23,24,
22 :20,21,23,24,
23 :20,21,22,24,
24 :20,21,22,23,
25 :26,27,28,29,
26 :25,27,28,29,
27 :25,26,28,29,
28 :25,26,27,29,
29 :25,26,27,28,
30 :31,32,33,34,
31 :30,32,33,34,
32 :30,31,33,34,
33 :30,31,32,34,
34 :30,31,32,33,
35 :36,37,38,39,
36 :35,37,38,39,
37 :35,36,38,39,
38 :35,36,37,39,
39 :35,36,37,38,
40 :41,42,43,44,
41 :40,42,43,44,
42 :40,41,43,44,
43 :40,41,42,44,
44 :40,41,42,43,
45 :46,47,48,49,
46 :45,47,48,49,
47 :45,46,48,49,
48 :45,46,47,49,
49 :45,46,47,48,
50 :51,52,53,54,
51 :50,52,53,54,
52 :50,51,53,54,
53 :50,51,52,54,
54 :50,51,52,53,
55 :56,57,58,59,
56 :55,57,58,59,
57 :55,56,58,59,
58 :55,56,57,59,
59 :55,56,57,58,
60 :61,62,63,64,
61 :60,62,63,64,
62 :60,61,63,64,
63 :60,61,62,64,
64 :60,61,62,63,
65 :66,67,68,69,
66 :65,67,68,69,
67 :65,66,68,69,
68 :65,66,67,69,
69 :65,66,67,68,
70 :71,72,73,74,
71 :70,72,73,74,
72 :70,71,73,74,
73 :70,71,72,74,
74 :70,71,72,73,
75 :76,77,78,79,
76 :75,77,78,79,
77 :75,76,78,79,
78 :75,76,77,79,
79 :75,76,77,78,
80 :81,82,83,84,
81 :80,82,83,84,
82 :80,81,83,84,
83 :80,81,82,84,
84 :80,81,82,83,
85 :86,87,88,89,
86 :85,87,88,89,
87 :85,86,88,89,
88 :85,86,87,89,
89 :85,86,87,88,
90 :91,92,93,94,
91 :90,92,93,94,
92 :90,91,93,94,
93 :90,91,92,94,
94 :90,91,92,93,
95 :96,97,98,99,
96 :95,97,98,99,
97 :95,96,98,99,
98 :95,96,97,99,
99 :95,96,97,98,
#
It:0:Diff:41:PSOStep:7:Time:0.281771178:s:AutomataStep:7:Transition:00000110111000010101111110000000100101000001111011010001001000000010011101010100000101010000010010111001110000001101100001000100001111101100011101001111001000010000000110011111010001000111010011001101001001001110011011111100001000101000000000100010010000010100001010010100011000011110111110000011001000100001000101000101011101101001000110111011101001101100000000001000000000001000110110011000010100100011100101110101111001001010001011100010110110110101110011010100100011110001001101100001001000111111000010001010
000000000000000000000
000000000000000000000
000000000000000000000
000000000000000000000
000000000000000000000
000000000000000000000
000000000000000000000
000000000000000000000
000000000100010000000
000000001001000000000
000101010100010101000
000000000000000000000
000000000000000000000
000000000000000000000
000000000000000000000
000000000000000000000
000000000000000000000
000000000000000000000
000000000000000000000
000000000000000000000
000000000000000000000
#
It:1:Diff:40:PSOStep:5:Time:0.369828533:s:AutomataStep:5:Transition:00100110101100000001110000000001100101100110100011110001001111000001111101110100101101010000011010110001010010001111100000010101001101110010111001001111001101010001001101011111010111010111001011001111001001011110000011111101001010101000101001000010011001110100101110000101011000111110111111000011000000101001000111000101011101111001110111100010100110011110000000001000011000001100110111110010010110111011100110110101110001011011001111101110111110110111101111010100110111111011101100001001001010111111000001001010
000000000000000000000
000000000000000000000
000000000000000000000
000000000000000000000
000000000000000000000
000000000010000000000
000000000101000000000
000000001001100000000
000000011111110000000
000000101101101000000
000001101111000100000
000000000011100000000
000000001110000000000
000000001100000000000
000000000000000000000
000000000000000000000
000000000000000000000
000000000000000000000
000000000000000000000
000000000000000000000
000000000000000000000
#
It:3:Diff:36:PSOStep:7:Time:0.523845487:s:AutomataStep:7:Transition:00100110110001111001110000011000110100010111101010011001001110000101010101111100001100110000011011110101110010101111100100001111010101010011111001000110000101010000001101010101010011010011011011001011000001101111111010110001001110110000000111001010011000100100001010000101011000111110110011000010000001111001011111100101001010111011000110110000100101101100000000001000111000011100110111100000010000101001000101111100010101100011001001101110001011010101111011010100100111110001011101011001001000101111010000101110
000000000000000000000
000000000000000000000
000000000000000000000
000000000010000000000
000000000111000000000
000000001010000000000
000000010010000000000
000000111010101000000
000001111111110000000
000010101001011010000
000100101011011111000
000000101001000100000
000000001001010000000
000000000010000000000
000000000010100000000
000000000011000000000
000000000000000000000
000000000000000000000
000000000000000000000
000000000000000000000
000000000000000000000
#
It:4:Diff:35:PSOStep:7:Time:0.623140845:s:AutomataStep:7:Transition:00100110111001111001110000011000110100010111101010011010001110000111010101111101001100111000011001110101100010101111100100001111010101011011111001000110000101010001001101010101010011010011011011001011000000101111111010110001001110110100000111001110011000100100101010001101100000111110111011000010000001111001011111100101001010111011001100110101100101101100000000001000111000011100111111100000110100111001001001111100010101100011001101101110001011010101111011010100100111110101011101011001001000101111010000101110
000000000000000000000
000000000000000000000
000000000000000000000
000000000010000000000
000000000111000000000
000000000010000000000
000000000011000000000
000000101010011000000
000001111001101000000
000011101101111010000
000110001110110111000
000000001101001100000
000001001000001000000
000000110101000000000
000000001100000000000
000000000000000000000
000000000000000000000
000000000000000000000
000000000000000000000
000000000000000000000
000000000000000000000
#
It:5:Diff:32:PSOStep:7:Time:0.669992341:s:AutomataStep:7:Transition:00100111111001111101110010010000100100010111001011011010001110100101100100111011000100111000011011010101110010101111100000001101010101000011101001000110010101010000001101000001110011101010001011001001001000001111111010111001011010110001000111010110001000100100000010001111101000111110111001000010000101111000011011100101001010111111001100111101100101101000000000101000100100011100111100100010100100110001000001001000001100100010001101001100010011110101110011000100101111000001001111010001000000101110010000101010
000000000000000000000
000000000000000000000
000000000000000000000
000000000010000000000
000000000111000000000
000000000010100000000
000000001110110000000
000000100000001000000
000001110101100000000
000010111000000010000
000111000100010111000
000000100101101000000
000001000100110000000
000000000010000000000
000000000000000000000
000000000000000000000
000000000000000000000
000000000000000000000
000000000000000000000
000000000000000000000
000000000000000000000
#
It:12:Diff:23:PSOStep:7:Time:1.005384194:s:AutomataStep:7:Transition:00100111111001111101100000001000100101000011100010111010000100110110110100000011001100001000101001011101010000100001100000000111010101000110110001001111000101010111111001010000110001110010101000101110001000101110001010111001001111110010000111000000011101100100000010001001001010110110011000000010000000111001101001100101001110111011011000111110100101101001000000001000111100011100011000100001100100110001011000111110001101100001101100100100001011110100110001000000000110000101011001010000001000001001000010000011
000000000000000000000
000000000000000000000
000000000000000000000
000000000010000000000
000000000111000000000
000000000000100000000
000000001000110000000
000000100000101000000
000000110000101000000
000010101001011010000
000110001000000011000
000000000000000000000
000000000000000000000
000000000000000000000
000000000000000000000
000000000000000000000
000000000000000000000
000000000000000000000
000000000000000000000
000000000000000000000
000000000000000000000
#
It:18:Diff:22:PSOStep:7:Time:1.305776619:s:AutomataStep:7:Transition:00100111111000111001100010001000100100000011100001111010000100100100110100100111001100111000101001011101010000100011100000000101010101000010100000001110000101010010101001010000110111100010001001001000001100001110101010110001001000110000100111010100001100000000000010001011001010110010011001000010000000111001100111100111001010111111001100111100100101001000000110101000101100010100101100100100110100110001000000011000001101100001001100100100001011110100110001000100000111000101011101010000011000100011000010001010
000000000000000000000
000000000000000000000
000000000000000000000
000000000010000000000
000000000111000000000
000000000010100000000
000000000001010000000
000000011010101000000
000001101001101100000
000000111001111010000
000110101001100101000
000000000000000000000
000000000000000000000
000000000000000000000
000000000000000000000
000000000000000000000
000000000000000000000
000000000000000000000
000000000000000000000
000000000000000000000
000000000000000000000
#
It:21:Diff:20:PSOStep:7:Time:1.49095747:s:AutomataStep:7:Transition:00100111110001111101101000100000100100000111100100111010000100110110010100100011001100001000101001011001010000001001111100000101010101000110110000001111000111010101111011010000110101110010001000101000001000001011101010110001001101111001000011000100101001100000010010001011001100110010011000000010000000111001101001101100001110111111011000111110100001001001000100101000101100011100011100100100100100110001001010001110001101100000101100100101001011010100110001000000000110100101011101010000001000001001100010000011
000000000000000000000
000000000000000000000
000000000000000000000
000000000010000000000
000000000111000000000
000000000110100000000
000000011100010000000
000000110000111000000
000000110001101100000
000010111001111010000
000110010001000001000
000000000000000000000
000000000000000000000
000000000000000000000
000000000000000000000
000000000000000000000
000000000000000000000
000000000000000000000
000000000000000000000
000000000000000000000
000000000000000000000
#
It:56:Diff:18:PSOStep:7:Time:3.249612252:s:AutomataStep:7:Transition:00100111110001111101111000100100100110000011000100011010000100110100000100100011000100001000001001010001110010001001011100000111010101000110110000001111000111010101111111010100110001110010101001101010001000001011101010100001001101111101000011010110101001100000010010001011001100110010110001000010000010111001100101101101001010111111010000111110100101001001000100001000111100011100110100110000100100010001000000100100001101100000101100100100001011010100110001000000000110100001011101000000001000001001100010000011
000000000000000000000
000000000000000000000
000000000000000000000
000000000010000000000
000000000111000000000
000000000010100000000
000000011100010000000
000000110001111000000
000000011101101100000
000010110101111010000
000110011001000001000
000000000000000000000
000000000000000000000
000000000000000000000
000000000000000000000
000000000000000000000
000000000000000000000
000000000000000000000
000000000000000000000
000000000000000000000
000000000000000000000
#
It:76:Diff:17:PSOStep:7:Time:4.309507592:s:AutomataStep:7:Transition:00100111110001111101111000100100100110000111000101011010000000110110000101110111000100001000001011011011110010001001010100000111010101000110110000001111000011010001101011010100110001110010101000101000001000001011101011100001001001111101000011010111101001100010000010011011001000110010010000000010000000111001100001101101001011111111010000111110100101001001100100101000101100011100110100110001100100110001000010000100001100100000101100100100001011110100110001000000000110100001011101000000001000001001100010000011
000000000000000000000
000000000000000000000
000000000000000000000
000000000010000000000
000000000111000000000
000000000010100000000
000000011100010000000
000000100010101000000
000000111001101100000
000010000001111010000
000111011101000001000
000000000000000000000
000000000000000000000
000000000000000000000
000000000000000000000
000000000000000000000
000000000000000000000
000000000000000000000
000000000000000000000
000000000000000000000
000000000000000000000
#
It:194:Diff:15:PSOStep:7:Time:10.117807801:s:AutomataStep:7:Transition:00100111110001111111111000101100100010001001000100011010000000110001000100000010000100000000001011111011110010001011000100000111010100000110110001001111000001010100110011010100110001100111101000001000101000001011101011100001001111110001000011000011101101000010000010011011001000110010000000000010000110111011100001110101001011101110000000111110101101001001000110001000101100111100110100110001100100110001000000001100111101101000101100101100001011110101000001100000000110100000001001000000001000001011100010001001
000000000000000000000
000000000000000000000
000000000000000000000
000000000010000000000
000000000111000000000
000000001010100000000
000000011110010000000
000000100000101000000
000001111100011100000
000010001110111010000
000111001111000001000
000000000000000000000
000000000000000000000
000000000000000000000
000000000000000000000
000000000000000000000
000000000000000000000
000000000000000000000
000000000000000000000
000000000000000000000
000000000000000000000
#
It:246:Diff:14:PSOStep:7:Time:12.800656254:s:AutomataStep:7:Transition:00100100100001111110110000100100100111001000000101110010000110110110010101100010000100000000001011011011110010001001101100100101010111000110110000001101001011010111101011010101111101100111100001001010011100001011101011100100000111110001001011010001001000100010010010000111011000110010010000000010000001110001111100001100001011111110000100111110101101001001000000001001100100000100100100010001000100010001001010000110011001000000001100100100000011110001000001000000000010101001011001000000001100100000100010000011
000000000000000000000
000000000000000000000
000000000000000000000
000000000010000000000
000000000111000000000
000000001000100000000
000000001101110000000
000000011001101000000
000001011101111100000
000010100111100010000
000111111001110111000
000000000000000000000
000000000000000000000
000000000000000000000
000000000000000000000
000000000000000000000
000000000000000000000
000000000000000000000
000000000000000000000
000000000000000000000
000000000000000000000
#
It:248:Diff:13:PSOStep:7:Time:12.916247991:s:AutomataStep:7:Transition:00100101100001111110110000110100100111001000000101110010000100010110011101101010010100000000001011111011010010001101001100100111010010000110000000001101001011110111101011010101111001100011100001001000011100001010101010100100000011110001001011001001001000000010010010001101011100110010110100000010010101110001111100001100001111101110010100101110101100011001001000001001100100000100000100000001100100010001001000100100011001000000000100100100000011110001100001000000000010101000001001010001001100100000100011000011
000000000000000000000
000000000000000000000
000000000000000000000
000000000010000000000
000000000111000000000
000000001000100000000
000000001101110000000
000000011001101000000
000001011101111100000
000010101111100010000
000111111001110111000
000000000000000000000
000000000000000000000
000000000000000000000
000000000000000000000
000000000000000000000
000000000000000000000
000000000000000000000
000000000000000000000
000000000000000000000
000000000000000000000
end
