PSO TRACE
INIT:../../instances/fazia/init.csv
REF:../../instances/fazia/asvn1.csv
DecodingPolicy:CPPNot
MutationPolicy:Std10
ParticleNeighborhood:Fixed
ParticleDims:515
ParticleCount:100
AccP:2.0
AccG:2.0
AccL:1.5
AccI:2.3
Pos:0.0-3.0
Inertia:0.9-0.6
VeloMax:2.0
MaxPSOIteration:250
InertiaDecrFactor:0.0012000000000000001
INIT
000000000000000000000
000000000000000000000
000000000000000000000
000000000000000000000
000000000000000000000
000000000000000000000
000000000000000000000
000000000000000000000
000000000000000000000
000000000000000000000
000000000010000000000
000000000000000000000
000000000000000000000
000000000000000000000
000000000000000000000
000000000000000000000
000000000000000000000
000000000000000000000
000000000000000000000
000000000000000000000
000000000000000000000
REF
000000000000000000000
000000000000000000000
000000000000000000000
000000000010000000000
000000000111000000000
000000001010100000000
000000011100110000000
000000101001101000000
000001111001111100000
000010111111111010000
000111011111110111000
000000000000000000000
000000000000000000000
000000000000000000000
000000000000000000000
000000000000000000000
000000000000000000000
000000000000000000000
000000000000000000000
000000000000000000000
000000000000000000000
Classic CPP Decoder + Not Test
0 :1,2,3,4,
1 :0,2,3,4,
2 :0,1,3,4,
3 :0,1,2,4,
4 :0,1,2,3,
5 :6,7,8,9,
6 :5,7,8,9,
7 :5,6,8,9,
8 :5,6,7,9,
9 :5,6,7,8,
10 :11,12,13,14,
11 :10,12,13,14,
12 :10,11,13,14,
13 :10,11,12,14,
14 :10,11,12,13,
15 :16,17,18,19,
16 :15,17,18,19,
17 :15,16,18,19,
18 :15,16,17,19,
19 :15,16,17,18,
20 :21,22,23,24,
21 :20,22,23,24,
22 :20,21,23,24,
23 :20,21,22,24,
24 :20,21,22,23,
25 :26,27,28,29,
26 :25,27,28,29,
27 :25,26,28,29,
28 :25,26,27,29,
29 :25,26,27,28,
30 :31,32,33,34,
31 :30,32,33,34,
32 :30,31,33,34,
33 :30,31,32,34,
34 :30,31,32,33,
35 :36,37,38,39,
36 :35,37,38,39,
37 :35,36,38,39,
38 :35,36,37,39,
39 :35,36,37,38,
40 :41,42,43,44,
41 :40,42,43,44,
42 :40,41,43,44,
43 :40,41,42,44,
44 :40,41,42,43,
45 :46,47,48,49,
46 :45,47,48,49,
47 :45,46,48,49,
48 :45,46,47,49,
49 :45,46,47,48,
50 :51,52,53,54,
51 :50,52,53,54,
52 :50,51,53,54,
53 :50,51,52,54,
54 :50,51,52,53,
55 :56,57,58,59,
56 :55,57,58,59,
57 :55,56,58,59,
58 :55,56,57,59,
59 :55,56,57,58,
60 :61,62,63,64,
61 :60,62,63,64,
62 :60,61,63,64,
63 :60,61,62,64,
64 :60,61,62,63,
65 :66,67,68,69,
66 :65,67,68,69,
67 :65,66,68,69,
68 :65,66,67,69,
69 :65,66,67,68,
70 :71,72,73,74,
71 :70,72,73,74,
72 :70,71,73,74,
73 :70,71,72,74,
74 :70,71,72,73,
75 :76,77,78,79,
76 :75,77,78,79,
77 :75,76,78,79,
78 :75,76,77,79,
79 :75,76,77,78,
80 :81,82,83,84,
81 :80,82,83,84,
82 :80,81,83,84,
83 :80,81,82,84,
84 :80,81,82,83,
85 :86,87,88,89,
86 :85,87,88,89,
87 :85,86,88,89,
88 :85,86,87,89,
89 :85,86,87,88,
90 :91,92,93,94,
91 :90,92,93,94,
92 :90,91,93,94,
93 :90,91,92,94,
94 :90,91,92,93,
95 :96,97,98,99,
96 :95,97,98,99,
97 :95,96,98,99,
98 :95,96,97,99,
99 :95,96,97,98,
#
It:0:Diff:43:PSOStep:3:Time:0.316413112:s:AutomataStep:3:Transition:00110100110011010000110000001000101010110101001101110000001101100110001001000100010110000011010010110001100101000101001010000000011000111000110101110011011010110011000000111100101101101010101010001011001111011010000100010001110000111111011000001010001100010000000001110010000110001101000110011101001000111101001100010110001111111110101110100011010001111111111011110100011000110111000001001000110001011100001100001110110001110010101001100101110000111110010011111000101000000110001100010001100111010100100111000111
000000000000000000000
000000000000000000000
000000000000000000000
000000000000000000000
000000000000000000000
000000000000000000000
000000000000000000000
000000000010000000000
000000000101000000000
000000001001100000000
000000010111010000000
000000000000000000000
000000000000000000000
000000000000000000000
000000000000000000000
000000000000000000000
000000000000000000000
000000000000000000000
000000000000000000000
000000000000000000000
000000000000000000000
#
It:2:Diff:42:PSOStep:7:Time:0.433842246:s:AutomataStep:7:Transition:00110100000011000000000000010010101010010001001100011000001000100001000011000001000100100011011110000001000111000110001011000100000100111100010100000010001000000010000000010100100110100010100001100010001110001010000100101000010000100011000010001001000100010110000010100001000000100100000000110010001011000110100100010111000111000001100000100001010011101100011001100000010000010000000000001000001001001110011000011111110010110010000101101001011000000000010001011100101010100100101110010000000110000000101100000100
000000000000000000000
000000000000000000000
000000000000000000000
000000000010000000000
000000000001000000000
000000000000100000000
000000000000010000000
000000000000001000000
000000000000000100000
000000000000000010000
000000000000000001000
000000000000000000000
000000000000000000000
000000000000000000000
000000000000000000000
000000000000000000000
000000000000000000000
000000000000000000000
000000000000000000000
000000000000000000000
000000000000000000000
#
It:3:Diff:37:PSOStep:7:Time:0.51155493:s:AutomataStep:7:Transition:00110000000010000000001010110010100000000101100000000100000100100001000100010000000100000010011110000101000100101010001100000000001100111000000010010101010000010000000000010000100111000010100000111000001000011010011000000100000010101001100010101001100100000100000000100000000000100000000001000000001010110001101000010111010110010111000000000001110001101100001010100100001010000000000000000100010000000010000101000100000000100010000101110101001010001000010000010100101001011000100001000000010001000000110111001010
000000000000000000000
000000000000000000000
000000000000000000000
000000000010000000000
000000000001000000000
000000000010100000000
000000000000010000000
000000000001101000000
000000000000000100000
000000000000011010000
000000000000000001000
000000000000000000000
000000000000000000000
000000000000000000000
000000000000000000000
000000000000000000000
000000000000000000000
000000000000000000000
000000000000000000000
000000000000000000000
000000000000000000000
#
It:13:Diff:33:PSOStep:7:Time:0.997288699:s:AutomataStep:7:Transition:00100000110100011000110000010100111010100000011100100001001001000110011001000100101010110000000101110100010000000101011001100000011001100010010100001010010011011110000101101100100011100000011010000000000111000111101010110011110010100111111000101000011110100000000010010010110100011101000010010110110000011001010110011110101010100000000100110011111000010111100001100001010000100000000101111110110110111100110100111110100011101011001010110100111101110111001100001000001000000011001101110001100110110000000100000111
000000000000000000000
000000000000000000000
000000000000000000000
000000000010000000000
000000000011000000000
000000000001100000000
000000011110110000000
000000001110111000000
000000101100111100000
000010010000101110000
000111110111001111000
000000010111000100000
000000000100010000000
000000000000000000000
000000000000000000000
000000000000000000000
000000000000000000000
000000000000000000000
000000000000000000000
000000000000000000000
000000000000000000000
#
It:21:Diff:29:PSOStep:7:Time:1.438126178:s:AutomataStep:7:Transition:00100110101000101001110000000000111010100100011100100011101011000111011001011001110110110000010101110000100000000001010011110101010000000011010101101010100110010011010110101110001010100000111000011000110111000100101010101101110111001110010111111010000011010001010111010101100000001111100010000100100000011000000110001010010010000000101100110001110100000010100001100001000100100011100101111110100100111000001100100101001110001101000010000110100000000001010101100000001000000001100000101011011110100010000100101001
000000000000000000000
000000000000000000000
000000000000000000000
000000000010000000000
000000000111000000000
000000000010100000000
000000000001010000000
000000001001101000000
000000000000000100000
000011100001000010000
000110110011000111000
000000000000000000000
000000000000000000000
000000000000000000000
000000000000000000000
000000000000000000000
000000000000000000000
000000000000000000000
000000000000000000000
000000000000000000000
000000000000000000000
#
It:27:Diff:22:PSOStep:7:Time:1.715245918:s:AutomataStep:7:Transition:00100010100011111001110000010000111110100000011000100001001011000110111011000000101010110000010101110100101000010001010000100001011000000011010100101010110111001010000101101110000011000000011000000000100111000100101010010111111110101110011100110001010011010001010011010000100000011111100010011100110000011000100110001010011010001000100110110011111000000110100011000001010000101001100101110110110110111000001100101011000011001001001011010010110001100111010100001000001000100001001111110001000110110000000100100111
000000000000000000000
000000000000000000000
000000000000000000000
000000000010000000000
000000000011000000000
000000000000100000000
000000001001110000000
000000011000001000000
000000111001100100000
000010010011010110000
000111011111101011000
000000000000000000000
000000000000000000000
000000000000000000000
000000000000000000000
000000000000000000000
000000000000000000000
000000000000000000000
000000000000000000000
000000000000000000000
000000000000000000000
#
It:36:Diff:20:PSOStep:7:Time:2.174856165:s:AutomataStep:7:Transition:00100000110111111001110000000100111101100000011000100001000001000110100011000001101010110000010111110001111000110101010001100101011000000011010100111000010111001001000001101110000010100100011000001011100111000000101010110111110010100110010001110001010011110001000011100100100000011101100010011000110000011001101110011010011010101000101110110011000100010110010001000001110010101001100101111101100110111001011100101010100010001001000011010010111001100101010100001000001000000001100111111001010010110000000000000111
000000000000000000000
000000000000000000000
000000000000000000000
000000000010000000000
000000000111000000000
000000000010100000000
000000011110010000000
000000111010101000000
000001100001110100000
000001101010111010000
000111100111000011000
000000000000000000000
000000000000000000000
000000000000000000000
000000000000000000000
000000000000000000000
000000000000000000000
000000000000000000000
000000000000000000000
000000000000000000000
000000000000000000000
#
It:47:Diff:16:PSOStep:7:Time:2.723701766:s:AutomataStep:7:Transition:00100000110111111100111000001000111101100000011000100001001001000100100011000000101110110001010111110101100000110111010001100001010000000011010100101000011110111000010001101100010110010001011000001011101011000000101010110111110000101110110111111001010011010001000011000101110000011101100010011010110000011000101111001010011010101100101110110011100001010110110001000001010010111001100101111000101110111101011000101011100101111001000011110010100000100011010100011001001010100001101111111001000011110000100110000111
000000000000000000000
000000000000000000000
000000000000000000000
000000000010000000000
000000000011000000000
000000000010100000000
000000011000110000000
000000100001101000000
000001100001111100000
000001101001101010000
000111111111011011000
000000000000000000000
000000000000000000000
000000000000000000000
000000000000000000000
000000000000000000000
000000000000000000000
000000000000000000000
000000000000000000000
000000000000000000000
000000000000000000000
#
It:118:Diff:15:PSOStep:7:Time:6.329505272:s:AutomataStep:7:Transition:00100001111111111101110001011000111011100100011000100101111101000100100011010010101110110001011111110101100001110101110001110101011000000011010100111000011111111000010001101110011111010101011000101011100101010001101010110111111011101110111011111001010011110001000111001101110000011101100010011000110000011001101111011010011010111000101110111011101110010110010011100101011011111101100101110110101110111101011100101011101111111001000011110010110001110111010100111011111010001000101111111001010111110010100111000111
000000000000000000000
000000000000000000000
000000000000000000000
000000000010000000000
000000000111000000000
000000001110100000000
000000011110110000000
000000111011001000000
000001111111011100000
000010011111101010000
000111001011011011000
000000000000000000000
000000000000000000000
000000000000000000000
000000000000000000000
000000000000000000000
000000000000000000000
000000000000000000000
000000000000000000000
000000000000000000000
000000000000000000000
#
It:151:Diff:13:PSOStep:7:Time:8.075905143:s:AutomataStep:7:Transition:00110000111111111101110001011000111001100100011000100101011101000100101011000100101110110001011101010101100001110101010001110101010000000011010100111000111111111000010001101100011110010101011000101011100111010001101010110111111011101010111110101011010011010001000111001101110000011101100000011001110000011001101111011010011010111000101110111011101101010111110001100001011011111001100101111110101110111101011010101011101111111001000011110010110001110011000100111011101000101001101111111001000111110010001010000111
000000000000000000000
000000000000000000000
000000000000000000000
000000000010000000000
000000000111000000000
000000001111100000000
000000011100010000000
000000111010101000000
000001111101111100000
000010011110111110000
000111001100110111000
000000000000000000000
000000000000000000000
000000000000000000000
000000000000000000000
000000000000000000000
000000000000000000000
000000000000000000000
000000000000000000000
000000000000000000000
000000000000000000000
end
