PSO TRACE
INIT:../../instances/fazia/init.csv
REF:../../instances/fazia/asvn4.csv
DecodingPolicy:Nibble:CDLE2
MutationPolicy:Std
ParticleNeighborhood:EDist
ParticleDims:146
ParticleCount:100
AccP:2.0
AccG:2.0
AccL:1.5
AccI:2.3
Pos:0.0-3.0
Inertia:0.9-0.6
VeloMax:2.0
MaxPSOIteration:500
InertiaDecrFactor:6.000000000000001E-4
INIT
000000000000000000000
000000000000000000000
000000000000000000000
000000000000000000000
000000000000000000000
000000000000000000000
000000000000000000000
000000000000000000000
000000000000000000000
000000000000000000000
000000000010000000000
000000000000000000000
000000000000000000000
000000000000000000000
000000000000000000000
000000000000000000000
000000000000000000000
000000000000000000000
000000000000000000000
000000000000000000000
000000000000000000000
REF
000000000000000000000
000000000000000000000
000000000000000000000
000000000010000000000
000000000111000000000
000000001011100000000
000000011011110000000
000000101111111000000
000001100001111100000
000010110010101110000
000110111101110111000
000010110111111010000
000001111111111100000
000000101110101000000
000000011111110000000
000000001010100000000
000000000111000000000
000000000010000000000
000000000000000000000
000000000000000000000
000000000000000000000
Nibble Decoder
#
It:0:Diff:69:PSOStep:6:Time:5.524398924:s:AutomataStep:6:Transition:01100010010010001000110010101010101000101100100010101010101001100000101001000100101011100110010000100000111001000010000010101100110010001110010010100110101011101000001000001010111011100100000001000010010011001010110010000110101000000010111001000110000010000000010010101000010011101110000000100100011011001110100001101000111001100110101010000000101000000000010011001010111010000000011000100000100011101010011011100100110001001010000011001100110011100010100011100100101011000110101001000000010000101000101000100100
000000000000000000000
000000000000000000000
000000000000000000000
000000000000000000000
000010101010000000000
000000000011000000000
000001101011100000000
000000101110110000000
000000100101011000000
000000001110010100000
000000011001001110000
000000001000010100000
000000001000011000000
000000000000110000000
000000000111100000000
000000000011000000000
000000000010000000000
000000000000000000000
000000000000000000000
000000000000000000000
000000000000000000000
#
It:8:Diff:66:PSOStep:7:Time:16.717622687:s:AutomataStep:7:Transition:00000010011010101000110011001010100000000110100011001100100000100100110010000010111001001000001000100100011010001010001000001010111010000000001011001000110010001000011010000100110011000010010010001100111011001110010010000010111000001010100000100110101010000000100010101000001011001110001001000110001000101000111010101100110001001000001010001110100010000000100000101010111010001000001010101000100010001100011011100010001000101100100000100110100001000010100011101000111011101000001010001000001001100010110011000010
000000000000000000000
000000000000000000000
000000000000000000000
000000000000000000000
000000000000000000000
000000000000000000000
000000000000000000000
000000000000000000000
000000000000000000000
000000000001000000000
000010000001111111000
000011000100100010000
000001110100011000000
000000111000101000000
000000010011000000000
000000000011100000000
000000000110000000000
000000000010000000000
000000000000000000000
000000000000000000000
000000000000000000000
#
It:14:Diff:63:PSOStep:7:Time:23.591642936:s:AutomataStep:7:Transition:00100110011000101000010001001110010011001110101000001110001001000110010010000010010001000010010011001000011001000110010001000110011001101100100010001100111000101010010001100100011011001110011001100000001001100100001011100010100001100110011011000000001001100100101001100110100010001000110010001100111010001010101011000100100010000010010011000110110010100100011011100000100001101110010001001000001010000000101010100100111011101000001000100100011000101000101011100110011001100000001001100010010001100100011011001110
000000000000000000000
000000000000000000000
000000000000000000000
000000000010000000000
000000000101000000000
000000000000000000000
000000011011100000000
000000101011101000000
000001000101000000000
000010000011110010000
000011101110010010000
000000101010111000000
000000000110000000000
000000000000000000000
000000000000000000000
000000000000000000000
000000000000000000000
000000000000000000000
000000000000000000000
000000000000000000000
000000000000000000000
#
It:50:Diff:55:PSOStep:7:Time:67.433729023:s:AutomataStep:7:Transition:00100110101000000100010000001010110010101100101010000010000011000000101011000010001000001000001000100010101000100100101011101100101000001010101011100010001010101100001000000010100001101010110010101010100010101100001011101010101010101010011000101110011010100010101010101010000000100110110010000010001001100100100011100000101000100010101000100000101000101010000000100010001011001010001010001010010010100100101000100100001000000010110000101010101010101100010000100010010000101010110011101010001010100010000010100010
000000000000000000000
000000000000000000000
000000000000000000000
000000000010000000000
000000000001000000000
000000000010100000000
000000010100010000000
000000101000001000000
000000000011000100000
000010100000010010000
000101000101101101000
000010011000101010000
000001010001000100000
000000101101101000000
000000010001010000000
000000001000100000000
000000000101000000000
000000000010000000000
000000000000000000000
000000000000000000000
000000000000000000000
#
It:61:Diff:46:PSOStep:7:Time:80.139452647:s:AutomataStep:7:Transition:00100110111001001110011001000100111011101110111010001100010010100100000001000110001000101000001001101000100011001110111000000010111000001000111000100010100011101100001000101110010001001110110011101110010011100110000011100110111001001110101000100010110011100110111010101110100000100110010011100010001010000100101001000110111000001110111000100000111000101110111000100010010011001110001010001110001011101100101000000100001001000010011000101010111011100010011000100000010001001000001000101110001001001000010011100010
000000000000000000000
000000000000000000000
000000000000000000000
000000000010000000000
000000000111000000000
000000001000100000000
000000011100010000000
000000101011101000000
000001111010010100000
000010000111001010000
000111110110001101000
000011100100111010000
000001101100110100000
000000110000101000000
000000001001010000000
000000000110100000000
000000000111000000000
000000000010000000000
000000000000000000000
000000000000000000000
000000000000000000000
#
It:88:Diff:41:PSOStep:7:Time:110.935510864:s:AutomataStep:7:Transition:00100010101001001110010011001010001010101110100011100110110001000110100001100010000000001100000000100110101000101100101011100000101011101010101011000010101010101110001000100010101010101010001010101010001010100100000011101010101010101010110000100010111010100010101010101010010000101010001011101110011000101110010011100000101001100010011000101010101000101010111000101110110000001010101011101010001011000010101011000100001011100110110000101010101010100010000000100010101010101010100011101010001010100110111010100010
000000000000000000000
000000000000000000000
000000000000000000000
000000000010000000000
000000000111000000000
000000000011100000000
000000011101110000000
000000001110111000000
000001111110011100000
000000101000100110000
000111000111110110000
000011110110111110000
000000110100000000000
000000101000111000000
000000010101100000000
000000001011100000000
000000000101000000000
000000000010000000000
000000000000000000000
000000000000000000000
000000000000000000000
#
It:242:Diff:41:PSOStep:7:Time:291.923491043:s:AutomataStep:7:Transition:00100010111001101110111000100110110011100100111010101010110011100010001011101100001000001110011010000010011011001100111001100010111000100100111011100010000011101100001000100000110000001010100011100100100011100010111011101110010011101110110000101100111011100010111010101110001000100000010000000010101011001110111000100010111011101100010000101100111000101010111000101100001000101110000000101100001000100000111000101110001011100100001000101110010011100010100011000010100011101010001001101110001000001110000011101100
000000000000000000000
000000000000000000000
000000000000000000000
000000000010000000000
000000000011000000000
000000001010100000000
000000010110110000000
000000101001101000000
000001101101111000000
000010100000100010000
000110010001101111000
000000011001011000000
000001010111000000000
000000101101100000000
000000011011110000000
000000001101100000000
000000000101000000000
000000000010000000000
000000000000000000000
000000000000000000000
000000000000000000000
#
It:251:Diff:40:PSOStep:7:Time:302.437231846:s:AutomataStep:7:Transition:00100010101010101100101001101010111010101010110011000100010011000100110001001110010000100100100000101100101000100010101000100010101001001010010011000010100010101000001000100010010000101000110010101010001000100010101000101100100010101010001001101100010010000010101011001010010001100100001000100100001000100010110011000010101011100100101010100110110000001010111000100100010001001000100010001010110000100010101000101100000010101000001000100110000010100100111001100010000011001000001010100000001010100010111011001100
000000000000000000000
000000000000000000000
000000000000000000000
000000000010000000000
000000000111000000000
000000000010100000000
000000010100010000000
000000000101101000000
000000000000011100000
000010000111001110000
000111101000000101000
000010000101101010000
000001101111011100000
000000000110101000000
000000010110000000000
000000001011100000000
000000000111000000000
000000000010000000000
000000000000000000000
000000000000000000000
000000000000000000000
#
It:273:Diff:39:PSOStep:7:Time:329.143516265:s:AutomataStep:7:Transition:00100100101010000100101011101010111010101010111010101100110001000000001011101100101011101010111011001010101001100110101011001100100000100110100001100010101010101010011011100110001010001010011010101010011011001010101001100010100010101010011001101110110000000110101010101010011001100100011001101000011001100100110000101110101011100100101001001100100000101010110001100110000001100000001010101010011011001110101001100100101001100100111001101010011010101100000001000110110001001010011010100110011010100110011001001100
000000000000000000000
000000000000000000000
000000000000000000000
000000000010000000000
000000000101000000000
000000001111100000000
000000010010010000000
000000101011111000000
000001110100010100000
000011111001011110000
000110000110000001000
000010110111100110000
000001100111010100000
000000101101101000000
000000010100110000000
000000001011100000000
000000000111000000000
000000000010000000000
000000000000000000000
000000000000000000000
000000000000000000000
#
It:280:Diff:34:PSOStep:7:Time:337.431219703:s:AutomataStep:7:Transition:00100100101010101110101001001010101010101010011010100010101001000010000000100010011011000010011000100010101000100010101000000000101011100110011011101100101010101010001001100010000000101010001010101010001011001010001000101010000010101010001000100010011000000010101010001010010000101000001000101010001000100000110010100010101011100100011001101010101000101010111000100010001010101010011011001010110010100010101000101100101010100000110000101010101010100010101011100010011001101010110010100110001010100010001010100010
000000000000000000000
000000000000000000000
000000000000000000000
000000000010000000000
000000000111000000000
000000000000100000000
000000010001110000000
000000100110001000000
000001100001101100000
000010110000000010000
000111010101010111000
000010110000001010000
000001000101011100000
000000100000101000000
000000010101110000000
000000001010100000000
000000000101000000000
000000000010000000000
000000000000000000000
000000000000000000000
000000000000000000000
#
It:295:Diff:32:PSOStep:7:Time:353.911426874:s:AutomataStep:7:Transition:00100010101000001110000011101010110010100000000011101010011001000000000011100010011010100000010000101110101001001110101001100010101001101110101000100010010010101110001000000010100010101010111010101010001001000110010000100010101010101010111000100010111010100010101001001010101001100000010010000000111000101100111011101010101000101110000000000010101000100110010000101110011001001010000011101010000001100010101010001110001000000100110011000110101010100010001000100010011000000110000000001010001001100010111010000010
000000000000000000000
000000000000000000000
000000000000000000000
000000000010000000000
000000000110000000000
000000000011100000000
000000011100100000000
000000100111111000000
000001000101101000000
000010111000100010000
000111011011110111000
000010100011001010000
000001101010001100000
000000100010101000000
000000011010110000000
000000001010100000000
000000000111000000000
000000000010000000000
000000000000000000000
000000000000000000000
000000000000000000000
end
