PSO TRACE
INIT:../../instances/fazia/init.csv
REF:../../instances/fazia/asvn4.csv
DecodingPolicy:Nibble:CDLE2
MutationPolicy:Std
ParticleNeighborhood:EDist
ParticleDims:146
ParticleCount:100
AccP:2.0
AccG:2.0
AccL:1.5
AccI:2.3
Pos:0.0-3.0
Inertia:0.9-0.6
VeloMax:2.0
MaxPSOIteration:500
InertiaDecrFactor:6.000000000000001E-4
INIT
000000000000000000000
000000000000000000000
000000000000000000000
000000000000000000000
000000000000000000000
000000000000000000000
000000000000000000000
000000000000000000000
000000000000000000000
000000000000000000000
000000000010000000000
000000000000000000000
000000000000000000000
000000000000000000000
000000000000000000000
000000000000000000000
000000000000000000000
000000000000000000000
000000000000000000000
000000000000000000000
000000000000000000000
REF
000000000000000000000
000000000000000000000
000000000000000000000
000000000010000000000
000000000111000000000
000000001011100000000
000000011011110000000
000000101111111000000
000001100001111100000
000010110010101110000
000110111101110111000
000010110111111010000
000001111111111100000
000000101110101000000
000000011111110000000
000000001010100000000
000000000111000000000
000000000010000000000
000000000000000000000
000000000000000000000
000000000000000000000
Nibble Decoder
#
It:0:Diff:67:PSOStep:7:Time:0.366145578:s:AutomataStep:7:Transition:00100100101010000010100001100010111000100110011010001100101011001100011001001000011001100000111001101110101001001100110011001100001010101100100000001000010001001100100011101010101010101110011011101100111010100010001000001110100000101000111010001010001001000010110001101010001000001010001000000110001000100010000001000000111000100100001011000000101011000010000011101000010000101000100001101010111010000100000011000010110011001010000001101000011000101000111001001010000011100110000010001010000000101000011001001000
000000000000000000000
000000000000000000000
000000000000000000000
000000000010000000000
000000000101000000000
000000000010100000000
000000000001010000000
000000000010101000000
000000010001110100000
000000000111111010000
000000111101011101000
000000000010100100000
000000100011010000000
000001101101000000000
000000000000000000000
000001000000000000000
000101000000000000000
000100000000000000000
000000000000000000000
000000000000000000000
000000000000000000000
#
It:24:Diff:59:PSOStep:7:Time:4.294453159:s:AutomataStep:7:Transition:00100100001001100110001010000010111011101110010001000110010011100100111001000100100001001010001001000110000000100010110001000010110001100010010001100010001000100110001000000100101010101010011010000100001000100110000001000110001000100110001001000010001011100010101001000010001001101100001010101100100001100110101000100000001001001110001001100100001011000000111000101100001011100000010001000110000001000010111010001010010010100110010001100110101000100110001000101100010010000000001010000000011000100010010000000010
000000000000000000000
000000000000000000000
000000000000000000000
000000000010000000000
000000000001000000000
000000000001100000000
000000000000110000000
000000000000101000000
000000000000001100000
000000000011000110000
000000000100111001000
000000000100101110000
000000000000110100000
000000001100111000000
000000000101010000000
000000000010100000000
000000000001000000000
000000000010000000000
000000000000000000000
000000000000000000000
000000000000000000000
#
It:49:Diff:58:PSOStep:7:Time:7.819058823:s:AutomataStep:7:Transition:00100100110010100010001010101010111000101100010011000110100000000110011010101100110011001010001011001000100000100010001001100100110000000000110001000010010000100000111000001100010010101110010010100000010001000010100010101010100011100010001001101010010010000010110011000100001000100110001000101100110011100100110000000010001011001000010011001010011011100010101011101010010010001000010011001010001000100010000010101110110011000010000011001100110000100110001011101100111000101100011011000110110010100010110000101000
000000000000000000000
000000000000000000000
000000000000000000000
000000000010000000000
000000000101000000000
000000000110100000000
000000000001010000000
000000010111001000000
000000000111000100000
000000010000111010000
000111100010000101000
000011011001000110000
000001110111001000000
000000100000000000000
000000011000110000000
000000001110000000000
000000000101000000000
000000000010000000000
000000000000000000000
000000000000000000000
000000000000000000000
#
It:57:Diff:57:PSOStep:7:Time:8.918382842:s:AutomataStep:7:Transition:00100000111010101110010011001010110000001100011001100010011011100110110011000110101011000010001011000010101001001110001011000010011001100010110000100000000000101100000000101100001010000010101010001100110001100010100010100000110011001000001011001100010011000010110011001110110000001000111000101010101010001100110001100010111011101000000001101110111000100010001000000000001001101010001011001100001000100000110001100010100000000010001011001100110000100010011001001100010000101110111001101100110011001000011000101100
000000000000000000000
000000000000000000000
000000000000000000000
000000000010000000000
000000000111000000000
000000000000000000000
000000010111100000000
000000100000100000000
000001110001000100000
000011101001110100000
000110000100100001000
000001010111101010000
000000101011010100000
000000000110101000000
000000000000000000000
000000000000000000000
000000000000000000000
000000000000000000000
000000000000000000000
000000000000000000000
000000000000000000000
#
It:60:Diff:52:PSOStep:7:Time:9.362353079:s:AutomataStep:7:Transition:00100100110010100010111000001100100000101100001011001100110011000100110000101100000011001100001011001100000000100010001001100100110011000010000000100010001000101010110001101100011011000100000000001100110001000010100011000010110000100010100011001010001001000010000011000110001000100010001000101100010001100010110000100010001011001010000011001100110000101000010000100110101000101000011001001010111010100010110001000010110011000110110000001100000001000010001001101010110000101100110011001100110000100110110001101100
000000000000000000000
000000000000000000000
000000000000000000000
000000000010000000000
000000000110000000000
000000000000000000000
000000010010010000000
000000110000111000000
000001101100110100000
000011110000001010000
000100000000000111000
000011001001111110000
000000001110010100000
000000101010101000000
000000001010010000000
000000000101100000000
000000000101000000000
000000000010000000000
000000000000000000000
000000000000000000000
000000000000000000000
#
It:80:Diff:49:PSOStep:7:Time:12.082346472:s:AutomataStep:7:Transition:00100000110001100010110001101100101000101100001011001000110011000100110000101100101011000110001011001110111000100010001010000000110000100010000000100010111000101010101010001100000011001110110010100000001000100010110011000010110000100010101010001010101001100010001011001010001000100010001000101110101010100100101011100010001011001100001001101100110011101010010000100100010000100110110011001110001010101000110011000010110011001100100011000010111000100010001011000000110000100010110011001100110000100010110001101100
000000000000000000000
000000000000000000000
000000000000000000000
000000000010000000000
000000000101000000000
000000001111100000000
000000010101010000000
000000111111101000000
000001100111100100000
000011010001000010000
000101101111011101000
000011101011010110000
000000010110101100000
000000101010011000000
000000000000110000000
000000001100100000000
000000000011000000000
000000000010000000000
000000000000000000000
000000000000000000000
000000000000000000000
#
It:81:Diff:47:PSOStep:7:Time:12.238371068:s:AutomataStep:7:Transition:00100010101000101000001010101100100000001010110000000000101011000000110000101010001011001100001011001100000010100010100011001100110011101010100010000110001011000100110000101100000011001100001011001100010000100010110011001110001000101100101011001110111000100010001011000110001000101010001011101100110000100010101000100010001011000010011011001100110000101000001010001010110011101100110011000110001000101100110001101100110011000010110011000010001001100110001010000010001001000010110011001000110000101100011000101010
000000000000000000000
000000000000000000000
000000000000000000000
000000000010000000000
000000000111000000000
000000000010100000000
000000011011010000000
000000001101101000000
000000100000010100000
000001010011111010000
000110000000100001000
000011100000100110000
000001111001000100000
000000100100101000000
000000011000010000000
000000001001100000000
000000000001000000000
000000000010000000000
000000000000000000000
000000000000000000000
000000000000000000000
#
It:104:Diff:43:PSOStep:7:Time:15.699802104:s:AutomataStep:7:Transition:00100010101011100010111011001100100011000000010011100110101011000100110000000010001011000110001001101010010001100010010001000000110000101100100001101110001001101110110011100100100011001100111001101100100000101100011011000000110000100100010011000010111011100010010011000000001000101010001000101100110011100010101010000010001011000010110001101100010000100010001011001010100000100100110011001000001000101100011001001100110011000010110010100010001011000110111001000000111011000100110010101110110000101100010000101100
000000000000000000000
000000000000000000000
000000000000000000000
000000000010000000000
000000000011000000000
000000001010100000000
000000011100110000000
000000000100111000000
000000110101001100000
000010011100101010000
000100111110110111000
000011000101000010000
000001100100000100000
000000100110101000000
000000011010010000000
000000001100100000000
000000000101000000000
000000000010000000000
000000000000000000000
000000000000000000000
000000000000000000000
#
It:189:Diff:41:PSOStep:7:Time:26.858458527:s:AutomataStep:7:Transition:00100010110000100010110010001100110011000100010001100100000011000100110001000010001011000000001000001110101000000010001010000100110000101100001001100010001011001010110000100010110010101000001000001100001000100010000011001010001000100000101011001100011000000010110011000010001000100110001000101100110001100010110000100010001011000010110010101100111000100010110011100110001000100000101001101100001000101100101000100100110011000100110001100010001011001110100010001000001011001100110001000110110000101100111000101100
000000000000000000000
000000000000000000000
000000000000000000000
000000000010000000000
000000000111000000000
000000001011100000000
000000010001110000000
000000111110101000000
000001110101101100000
000010011000001110000
000101100001010011000
000010000111001110000
000001000000100100000
000000011010001000000
000000001110110000000
000000000011100000000
000000000101000000000
000000000010000000000
000000000000000000000
000000000000000000000
000000000000000000000
#
It:192:Diff:33:PSOStep:7:Time:27.270386919:s:AutomataStep:7:Transition:00100010101000100010100011001100110011001110001010000000110011000110110011000100111011001100001011101010011010000010001001001100110000101100110000000010001011000100101000101100110011001100010001101110111000101110011011000000010000100000100011000010011001100010010011000010111000101010001011001010110001100010010000100010001011000010110001001110001000100010010001001100001000101110110001001100001000101100100000101000000010100010110010000010001011001100101000100110001010100000110001001100100011101100111010001100
000000000000000000000
000000000000000000000
000000000000000000000
000000000010000000000
000000000111000000000
000000000000100000000
000000011111010000000
000000001011111000000
000001111000011100000
000000111100100110000
000110000100110101000
000010110111110110000
000001110111111100000
000000111000011000000
000000011110110000000
000000001101100000000
000000000111000000000
000000000010000000000
000000000000000000000
000000000000000000000
000000000000000000000
end
