PSO TRACE
INIT:../../instances/fazia/init.csv
REF:../../instances/fazia/asvn4.csv
DecodingPolicy:Nibble:CDLE2
MutationPolicy:Std
ParticleNeighborhood:EDist
ParticleDims:146
ParticleCount:100
AccP:2.0
AccG:2.0
AccL:1.5
AccI:2.3
Pos:0.0-3.0
Inertia:0.9-0.6
VeloMax:2.0
MaxPSOIteration:500
InertiaDecrFactor:6.000000000000001E-4
INIT
000000000000000000000
000000000000000000000
000000000000000000000
000000000000000000000
000000000000000000000
000000000000000000000
000000000000000000000
000000000000000000000
000000000000000000000
000000000000000000000
000000000010000000000
000000000000000000000
000000000000000000000
000000000000000000000
000000000000000000000
000000000000000000000
000000000000000000000
000000000000000000000
000000000000000000000
000000000000000000000
000000000000000000000
REF
000000000000000000000
000000000000000000000
000000000000000000000
000000000010000000000
000000000111000000000
000000001011100000000
000000011011110000000
000000101111111000000
000001100001111100000
000010110010101110000
000110111101110111000
000010110111111010000
000001111111111100000
000000101110101000000
000000011111110000000
000000001010100000000
000000000111000000000
000000000010000000000
000000000000000000000
000000000000000000000
000000000000000000000
Nibble Decoder
#
It:0:Diff:73:PSOStep:4:Time:0.339105716:s:AutomataStep:4:Transition:01101010000010001100001000100100001010001110000001100100110010101100011000101100000000001110100000000000100000101000100001001100010010001010000000000100000000100110110010001100111000101010000011101100100011000100110001001000101001001110011011000000100010101100101010100000000001001000110000101000001000100000111001001010110001000100110000000000101011000000101001100000000010001100100011101010100011000110100011000100010001001010001010000110110011100100110000101100000000101110100001001100000011000010001001001100
000000000000000000000
000000000000000000000
000000000000000000000
000000000000000000000
000000000000000000000
000000000000000000000
000000100010011000000
000000000101000000000
000000100000011000000
000000000100100000000
000000110110001000000
000000000011000000000
000000111100011000000
000000001000100000000
000000101010101000000
000000000000000000000
000000000000000000000
000000000000000000000
000000000000000000000
000000000000000000000
000000000000000000000
#
It:2:Diff:72:PSOStep:6:Time:0.998750275:s:AutomataStep:6:Transition:01100110001010100010011001100100100000100100010001100100001011100000110000101100100000100000001000100100011000101110001000100000110000101100011000100100001011100010110011000100001001000100101001000100011001000100000011000010010000000100101010001000010000100000011001000100101001100010101001100000110000000110011000000100101001101110000000100100000001000100010000101000101010101100111011100000001001100100101000101110010010101100011001101000010010101100001011000010010001000100000001100110111001100100011011101000
000000000000000000000
000000000000000000000
000000000000000000000
000000000000000000000
000010101010000000000
000000101010000000000
000001100111000000000
000000100000000000000
000000100001010000000
000000010001001000000
000000010111100010000
000000001111010000000
000000001010111000000
000000000010000000000
000000000100000000000
000000000000000000000
000000000010000000000
000000000000000000000
000000000000000000000
000000000000000000000
000000000000000000000
#
It:3:Diff:70:PSOStep:7:Time:1.148901955:s:AutomataStep:7:Transition:01100010000001000010001000000100111001100100100000101110011001000000011000101100101000100110011000000100001000100100011001001110001000101100101000101100011001000010010011001100110011000100010010001100000001000100111000001100010001001100001011001100010000100010001011100010100011000110010001001000001010100000000000001110010001101100110000000110001011001010010011001110010011100010010010001100110000101100001000100100111001000010001000100100000001101100001000100000100010000100110010101100111000100100011010000100
000000000000000000000
000000000000000000000
000000000000000000000
000110101010000000000
000000000001000000000
000000010010100000000
000000000000110000000
000001100011101000000
000000001000011100000
000000000000001010000
000000001000111001000
000000010111100110000
000000000100000000000
000000000000100000000
000000000000010000000
000000000111100000000
000000000000000000000
000000000000000000000
000000000000000000000
000000000000000000000
000000000000000000000
#
It:7:Diff:68:PSOStep:7:Time:1.754636991:s:AutomataStep:7:Transition:00100010001001000110001000100100111000101010100000101000011001000110001000100110001000100000011001100100011001100100111011100100011000101100111000001110011010000010101000101010101010000100100011101110011001000100010001100000010011101100001001001110010001100010011000101010110011000010010010001010001011101100101010100100111000001010000010100000101000001110111000101110010010000010000011101000000000100100110001101010111000000010001000100100001001100010001000101010111001000100010001000110111001100100110010000100
000000000000000000000
000000000000000000000
000000000000000000000
000000000010000000000
000000000001000000000
000000000000100000000
000000000010010000000
000000000100001000000
000000000010010100000
000000001110100010000
000000000001010111000
000000000110011010000
000000000001011000000
000000000000000000000
000000000000000000000
000000000000000000000
000000000000000000000
000000000000000000000
000000000000000000000
000000000000000000000
000000000000000000000
#
It:8:Diff:67:PSOStep:7:Time:1.956742728:s:AutomataStep:7:Transition:00101010101010001000111010100010100010101000100001101110000010000000101001000010011010101010101000101100111000001000100011101010101001100010000010100010001010000110011010101000101010001110111011001110101010001000100010101010111010000010010001101010100011100110010000000000011001100110110011000100011001001010000000001000010001001000101001100110110001001000111001100100111011001010101000001110101001101000101000101110101001100110011010101000001011101010000001100110111010001000101011000110100001001010000010001000
000000000000000000000
000000000000000000000
000000000000000000000
000000000000000011000
000000000000000011000
000000000001100000000
000000000001010011000
000000001110110010000
000000011100000101000
000000001101111110000
000100110000001001000
000011000111001010000
000000101100101000000
000000001000100000000
000000010001110000000
000000000000100000000
000000000111000000000
000000000010000000000
000000000000000000000
000000000000000000000
000000000000000000000
#
It:12:Diff:57:PSOStep:7:Time:2.506887554:s:AutomataStep:7:Transition:00100100101000000110011001100100100010001010100001101000010010000100010001100110011010101000111001001110010001101000011001001000101001100100010011101110010010000110010001001000101001100000010000001000001010001110100000100110100011101000010000101010100011100110110010000100101001100110101010001000011001101000011000101000110000000110110000100110101001000100101001100000000010000110110000001110010001101000010000000000100001100110011010101000110001000100011001100110010010001000110010100000100000001010001010001000
000000000000000000000
000000000000000000000
000000000000000000000
000000000010000000000
000000000011000000000
000000000110000000000
000000010010110000000
000000000000000000000
000000000001100100000
000000110001011010000
000110101011111101000
000000001110000010000
000000001000010100000
000000000000100000000
000000000010110000000
000000000010100000000
000000000101000000000
000000000010000000000
000000000000000000000
000000000000000000000
000000000000000000000
#
It:16:Diff:53:PSOStep:7:Time:3.086624016:s:AutomataStep:7:Transition:00100100010010101100000000101010100011001000101000101010010010101010001011000100001010100100001011101010010001101000001011100100111001101010101000101010001010100010101000001000001010101000101011101010000010001110100011000100001010100010000010001000101011100000110001001010101000100010101010000010001010000010001000101000011001100000101000000010101011001110011001000010110010100010011010101100001000101010010000100010100010100010001001001010010001100010001000101100100011100110101011000100100001001010001010101010
000000000000000000000
000000000000000000000
000000000000000000000
000000000010000000000
000000000011000000000
000000000110000000000
000000011101110000000
000000000011100000000
000000100101100000000
000000110101100000000
000000110111000111000
000000110111111010000
000000001111101100000
000000111010000000000
000010101000010000000
000000101010100000000
000001000011000000000
000110101010000000000
000000000000000000000
000000000000000000000
000000000000000000000
#
It:47:Diff:49:PSOStep:7:Time:7.402642018:s:AutomataStep:7:Transition:00100110100001100100010001001100001010101110011001001000001010000100001000100110001011101000111010000000101000100110010001100010100000101000100001101000000011100010011000100010001010000110100001101110110001000110000010101010111010001000001001000110100011100010001000101000111001000100011010001110001001001000010001101000010001101010001001100100100001101110011000100100011010001100011011100100001001101000111001000100010010000110011001100110100001001000010001001000100010001000000010100110001000001000010010000110
000000000000000000000
000000000000000000000
000000000000000000000
000000000010000000000
000000000100000000000
000000001010000000000
000000011111000000000
000000000011100000000
000000100001110000000
000010010000111000000
000111011001100100000
000011101101000100000
000001101110110100000
000000110010011000000
000000011000100000000
000000001011000000000
000000000111000000000
000000000010000000000
000000000000000000000
000000000000000000000
000000000000000000000
#
It:58:Diff:47:PSOStep:7:Time:8.838496647:s:AutomataStep:7:Transition:00100110011000100110011000101010100000101000001001101010101010000010111010001010110001001110100001101000011011001010001010001000100011000000000000101000100010000000001010100110011010100010100010001000111000101110001001101000110011001100101000101010001011000100110010000110101000100110101011100110100000101100100000101100001001101010000010000010100011101100011001100010110001000110010010000010110001101100001000100010001010000110011000101010110001100100011000101000101011001100011011001110110011000100011011101000
000000000000000000000
000000000000000000000
000000000000000000000
000000000010000000000
000000000110000000000
000000001101100000000
000000011110100000000
000000000101011000000
000001101001110100000
000001110011000110000
000000000010101001000
000001110100110010000
000001110011110100000
000000100010011000000
000000010110010000000
000000001111100000000
000000000101000000000
000000000010000000000
000000000000000000000
000000000000000000000
000000000000000000000
#
It:125:Diff:46:PSOStep:7:Time:17.562053079:s:AutomataStep:7:Transition:00100110101010101100011011000100101000100110001011001010101011100100100001001010011011100100101011001010110001100000011011101010101000101110101001101010100010100010101001000110011010101110101010101010110011100100101001101000011010000110010010001110010001100010010010100100101001100110101001000110000000000010011010101000101001100100111001000110101011000110010000100100011011100110000010100110011001100010011000100100101010100110011010101010111001101100011001000100101010101000001011001010011001101110011010101010
000000000000000000000
000000000000000000000
000000000000000000000
000000000010000000000
000000000111000000000
000000000000100000000
000000011011010000000
000000001000111000000
000001100100100100000
000000101101011010000
000110001111110011000
000010010011011010000
000001101011110000000
000000110001011000000
000000010001010000000
000000001001000000000
000000000111000000000
000000000010000000000
000000000000000000000
000000000000000000000
000000000000000000000
#
It:228:Diff:45:PSOStep:7:Time:30.854445971:s:AutomataStep:7:Transition:00100010100010000110011010101110100011101110100000101000100010000010100000101010001011001000001011100100001011001000001010001000100000101010111000101000100010001000100010000100110011100010100010101000100010001000100000100110011010000110011001001000100000100110111010000010100000100010100011001000001010001000001010001000111000101100010011000010010001100110100010000100001010000010111010000110000000101000011000100110100010001100001010100110100011001000010001101100110001100010101001101000110000100100011010001000
000000000000000000000
000000000000000000000
000000000000000000000
000000000010000000000
000000000001000000000
000000000001100000000
000000000010110000000
000000000001110000000
000000111000010100000
000010010001100110000
000110001011110101000
000010001010101010000
000001001111111100000
000000110011001000000
000000010001010000000
000000001000100000000
000000000111000000000
000000000010000000000
000000000000000000000
000000000000000000000
000000000000000000000
#
It:238:Diff:38:PSOStep:7:Time:32.093400893:s:AutomataStep:7:Transition:00100010100010000010000010101000100011101010100000101000011010000010000010001010001000101000101001101010010001001000001010001000100010000110100000101100100010000010101010001100001001101000100010101000101010101110101000101000011010000100111001101000100000000000101001100010100000100010111011100010101001001010011010000010010000100010000000000010110011101010011010001000001010000010101010001110101000101100101000101010010010000010101001101010110001101000101001100000111010101010100001101010110000101110101010000110
000000000000000000000
000000000000000000000
000000000000000000000
000000000010000000000
000000000101000000000
000000001010100000000
000000010101010000000
000000101010101000000
000001010101010100000
000010101010101010000
000101010101010101000
000010101010101010000
000001010101010100000
000000101010101000000
000000010101010000000
000000001010100000000
000000000101000000000
000000000010000000000
000000000000000000000
000000000000000000000
000000000000000000000
#
It:265:Diff:33:PSOStep:7:Time:35.582125257:s:AutomataStep:7:Transition:00100010101010100010101000101110101010101010101000101010101010100010001011001000001001100110101000001010111000000110111001101110101011100110101000101010010010100010111011001110010010101100101000000010100010100100101000101000101010101110111000000100101000000010101011000010110000100010101010101100001001101110001001000100001000100010011000001000111000000000111000001010001010100010111010101000110000101110010000101010010010100110101011001000111011001010010000101000000001101000101010101000101011001010000010100010
000000000000000000000
000000000000000000000
000000000000000000000
000000000010000000000
000000000101000000000
000000001011100000000
000000001100110000000
000000100100001000000
000001000001111100000
000010110100101110000
000101100101110011000
000010101110101010000
000001010000111100000
000000101010011000000
000000010101110000000
000000001010100000000
000000000101000000000
000000000010000000000
000000000000000000000
000000000000000000000
000000000000000000000
#
It:483:Diff:31:PSOStep:7:Time:63.382459089:s:AutomataStep:7:Transition:00100010100010001110101011001010101000001000100000101000101010000010001010000110001000100010100001000100000000000100110011001110100000101000100000101110101010100010111000100000001011100000100001100010100001100000001000101000110010101000100011100010100011100100111010000010110000100110100010000000010010100000001000101100001000100010110000100010100010000010101010000010001010000000100010001010100000100000010000001010001010000000111010100110001000001000101000101100001001001100101010001000001001101000100010000010
000000000000000000000
000000000000000000000
000000000000000000000
000000000010000000000
000000000111000000000
000000001011100000000
000000011101110000000
000000101100111000000
000000101101011100000
000010000000101110000
000110000001010111000
000011010001011010000
000001000100011100000
000000110110101000000
000000011100110000000
000000001010100000000
000000000111000000000
000000000010000000000
000000000000000000000
000000000000000000000
000000000000000000000
#
It:488:Diff:30:PSOStep:7:Time:64.021549619:s:AutomataStep:7:Transition:00100010111011101010011010000010100010001010111000101110110011100010001011101000001001000010000001000000101010101110100000001000111000101000111000101100101010100010101001101110011001001000111000101010101000001000001000101110000011101110101010101000000010100110110010101010111000100110111010100000110010001010000011101000001000100100001000100010101000101010001010100010010011100100001011101110001000100000010001001010001011101010000001101110001000001110110000101110001001000010111000101110001011100010111011100110
000000000000000000000
000000000000000000000
000000000000000000000
000000000010000000000
000000000111000000000
000000001011100000000
000000010001110000000
000000101100111000000
000001100101011100000
000010100111010110000
000100111000011111000
000011000110111010000
000001111110101100000
000000101110001000000
000000011010010000000
000000001101100000000
000000000111000000000
000000000010000000000
000000000000000000000
000000000000000000000
000000000000000000000
end
