PSO TRACE
INIT:../../instances/fazia/init.csv
REF:../../instances/fazia/asvn4.csv
DecodingPolicy:Nibble:CDLE2
MutationPolicy:Std
ParticleNeighborhood:EDist
ParticleDims:146
ParticleCount:100
AccP:2.0
AccG:2.0
AccL:1.5
AccI:2.3
Pos:0.0-3.0
Inertia:0.9-0.6
VeloMax:2.0
MaxPSOIteration:500
InertiaDecrFactor:6.000000000000001E-4
INIT
000000000000000000000
000000000000000000000
000000000000000000000
000000000000000000000
000000000000000000000
000000000000000000000
000000000000000000000
000000000000000000000
000000000000000000000
000000000000000000000
000000000010000000000
000000000000000000000
000000000000000000000
000000000000000000000
000000000000000000000
000000000000000000000
000000000000000000000
000000000000000000000
000000000000000000000
000000000000000000000
000000000000000000000
REF
000000000000000000000
000000000000000000000
000000000000000000000
000000000010000000000
000000000111000000000
000000001011100000000
000000011011110000000
000000101111111000000
000001100001111100000
000010110010101110000
000110111101110111000
000010110111111010000
000001111111111100000
000000101110101000000
000000011111110000000
000000001010100000000
000000000111000000000
000000000010000000000
000000000000000000000
000000000000000000000
000000000000000000000
Nibble Decoder
#
It:0:Diff:72:PSOStep:6:Time:3.518436727:s:AutomataStep:6:Transition:00100000001000101000110001001000000011101000000000100100011001001110101000100100001001001010101001001110001011101000000001100100011000101100100001000000001011101110110010101000011000101000101001001010000010000000110001101000111010101100000000000000101000100010111000100110011000001000100010101010001001001000000000100000010001001110101010101000000000100100000011100100101010001010101010001110010001101010110010000110101011000110100011101010010001100000110000101100001000001110110011000000010010100110100011101010
000000000000000000000
000000000000000000000
000000000000000000000
000000000000000000000
000000000010000000000
000000000000000000000
000000000101100000000
000000000010100000000
000000001111001000000
000000001000000100000
000000011101010100000
000000001101111000000
000000000111110000000
000000100110000000000
000001110000000000000
000000100000000000000
000010000000000000000
000000000000000000000
000000000000000000000
000000000000000000000
000000000000000000000
#
It:1:Diff:55:PSOStep:7:Time:4.690319876:s:AutomataStep:7:Transition:00100110001000000010001001000110110011001110111000101010011001100110110010000000111001100100110011001100000010001000000001001000111001101000011001000000010000100010011001001000100000101010011011100010011001101110010001100000000001100000001000100110100000100010001000101110011000101100011011000010001001100110110011100110011000000010011001000110101011101100001001100010110010100100101010000000001001000100100000101100110001101100000000001000001000100010011001000110001001101110001011001100111000000010010000101100
000000000000000000000
000000000000000000000
000000000000000000000
000000000010000000000
000000000001000000000
000000000010100000000
000000000000110000000
000000001100011000000
000000000100010100000
000000010111001010000
000000001000011101000
000000001100101010000
000000000111110000000
000000001011100000000
000000001111010000000
000000001100100000000
000000000101000000000
000000000010000000000
000000000000000000000
000000000000000000000
000000000000000000000
#
It:26:Diff:42:PSOStep:7:Time:23.084807407:s:AutomataStep:7:Transition:00100000111000101110100000101000110001001010010000100100000000100100110011100010100010101010000000000010101011000100010010100000110011001110000010000010011011101000101010001100110011100000001001000010110000101110001000101100010001101110110011000100110011100110000011100000101000100010111000100100110010100010000010001110011001001110001001101010000010100010001001101010111000001000100000000100110000000100000000100010001011101010110001000100110000101010110000100010110001101010111001101000001010101100011001001000
000000000000000000000
000000000000000000000
000000000000000000000
000000000010000000000
000000000111000000000
000000001111100000000
000000011101110000000
000000101101001000000
000001100100101100000
000011111110000010000
000110001000000011000
000010000001101010000
000001110000010000000
000000100000100000000
000000010111100000000
000000001100100000000
000000000111000000000
000000000010000000000
000000000000000000000
000000000000000000000
000000000000000000000
end
