PSO TRACE
INIT:../../instances/fazia/init.csv
REF:../../instances/fazia/asm4.csv
DecodingPolicy:CPP
MutationPolicy:Null
ParticleNeighborhood:DynamicGeneralizedEuclideanDistance
ParticleDims:515
ParticleCount:100
AccP:2.0
AccG:2.0
AccL:1.5
AccI:2.3
Pos:0.0-3.0
Inertia:0.9-0.6
VeloMax:2.0
MaxPSOIteration:500
InertiaDecrFactor:6.000000000000001E-4
INIT
000000000000000000000
000000000000000000000
000000000000000000000
000000000000000000000
000000000000000000000
000000000000000000000
000000000000000000000
000000000000000000000
000000000000000000000
000000000000000000000
000000000010000000000
000000000000000000000
000000000000000000000
000000000000000000000
000000000000000000000
000000000000000000000
000000000000000000000
000000000000000000000
000000000000000000000
000000000000000000000
000000000000000000000
REF
000000000000000000000
010000000000000000010
001011111111111111110
000000000000000000000
001011111111111110100
001011111111111110100
001011111111111110100
001011111111111110100
001011111011111110100
001011111101111110100
001011000101111110100
001011000110111110100
001011110111111110100
001011111111111110100
001011111111111110100
001011111111111110100
001011111111111110100
010100000000000001100
001011111111111110010
010000000000000001000
000000000000000000000
Classic CPP Decoder
#
It:0:Diff:119:PSOStep:3:Time:0.119768042:s:AutomataStep:3:Transition:11111111111101111111111010111110111110111111101110110111011110110011111111111111111111101111111110011111111110111111111111111111111110110111100011011111111110101111101010111110111111111111111111111011110011011011101111111110111011111111111111110111111011111111111001111011111111011110111101010111111111111111111101000011101111111111111101111101011100110111111011111111110111111110011111011111110110111111111111111111111101111110011111111111111111110111110111111111111110110111111110111111111110111011011111111110
110000000000000000011
110000000000000000011
001111111111111111110
001111111111111111110
001111111111111111110
001111111111111111110
001111111111111111110
001111111111111111110
001111111111111111110
001111111111111111110
001111111111111111110
001111111010111111110
001111111110111111110
001111101011111111110
001111111111111111110
001111111111111111110
001111111111111111110
001111111111111111110
001111111111111111110
111111111111111111111
100000000000000000011
#
It:1:Diff:106:PSOStep:5:Time:0.282355527:s:AutomataStep:5:Transition:11111110101111111111101110111111111100111111110111111111110110111101111101011111111111101111111110110111110111111111111011111111111111110111111010011110111111010111101010111010111111111111111111111011111101011111101111111111011111111110111011010101111111111111100111111111101110101100111111110011111010011111101111000011111111110011111111111111010111101111111011111101101111111010110110101110110011111101111111111101111111111111111111111111101111100111110101111110111111111110010010111111111111101011111011111010
101111111111111111111
111100000000000000111
111011111111111111001
101100000000000000100
101011111111111111100
101011111111111111100
101011111111111111100
101011111111111111100
101011111111111111100
101011111111111111100
101011111111111111100
101011111111111111100
101011111111111111100
101011111111111111100
101011111111111111100
101011111111111111100
101011111111111111100
101100000000000000101
101111111111111111111
100000000000000000001
111111111111111111111
#
It:3:Diff:97:PSOStep:8:Time:0.546616995:s:AutomataStep:8:Transition:01100110111111011111111100111011111100110111101110001111101110101111111111111111101111110111110110111011011011111111110111101111111111010111011010011011111111111111011001011110010111111000111111111011101111100011101111101111011101111110111111110110101111111111101011111111101111011111111111111111111010011111111101010011100011110001010101111101010011111101111010111111001111101111010101011111101101111101111111110011111101010111111111010111100111111111110101011111011101110111110110111110110111110011010011110111
000000000000000000000
000000000000000000000
001000000010000000000
001100000011000000000
001011111111000000000
001010111111100000000
001011111111100000000
001011111111110000000
001011111111110000000
001011111111111000000
001011111111111000000
001011111111111100000
001011111111111100000
001011111111111110000
001011111111111110000
001011111111111111000
001010111111101111000
001111111110111111100
001110111011101110100
000000000000000000000
000000000000000000000
#
It:4:Diff:82:PSOStep:8:Time:0.672676267:s:AutomataStep:8:Transition:01101111011111011011111111111111111100101111111111011011111110101111111111110011101011111111111111101111011110111111111111001111101111010110011110110111111111111111011101110111010111111111111111110111111111111111011111100111011111111110111111110111111101111111111011101111111011011111111111111101011110011111101101101011110111110011111111111101111011111101111111111110011111111011111111111111111111101101111111110011111111111111111110011011101111111110110111111111001111101110111100111111111111111011110111111011
000000000000000000000
000000000000000000000
001011101110111011100
000111111111111101000
001111111111111111100
000011111111111111100
001011010111111111100
000111101111111111000
001111111111111111100
000011111111111111100
001011011111111111100
000111111111111111000
001111111111111111100
000011111111111111100
001011111111111111100
000111111111111111000
001111111111111111100
000111111111111111100
001111111111111111100
000000000000000000000
000000000000000000000
#
It:10:Diff:77:PSOStep:8:Time:1.217026325:s:AutomataStep:8:Transition:01101110111101011111111110011011101110111111101111010110111111101111111011011011111111111111111111101111011110111111110111001101111101010110010010110011111110111111011101110111110111111011111111100111111111111011011101101110001111111110111111111110110100111111101111111111001011111111111111111101111010011101000110100011100101010011010101111001110101111100111111111110011111110111111111111110111111101101101111110011111101111111000111010111101011111110110101011110001101100110111100101111110111111011111111111111
000000000000000000000
000000000000000000000
001000110101101101100
001101000111010111100
001011111001101111100
001011111110101111100
001010111101111111100
001011101101111111100
001011101111111111100
001011101111111111100
001011101110111111100
001011101100111111100
001011001111111111100
001011111111111111100
001011111111111111100
001011111111111111100
001010101111111111100
001010101011111111100
001111111111111111100
000000000000000000000
000000000000000000000
#
It:15:Diff:72:PSOStep:8:Time:1.619707184:s:AutomataStep:8:Transition:01111111111101011011111110011011101101111111111111010110111110101111111111011011011111111011111111111011011110110110110111011101111111110110111010110011111111111110111100010110110111111011111111101111011111101011011101101100000111111111111111111111110110111111101111011111111111111111011111111101111010011101000110101010111110110011010011111001100101111101111010110111010111100111111111111110111111111001110111110001111111101111101111010101101111111110110111001110111101101110111100111110110101111011010111111101
000000000000000000000
000000000000000000000
001111111111111111100
001101010101000100000
001010111101111110100
001001111011100111100
001011111111100111100
001011111111110010000
001011111111110110100
001011011111001000100
001011011111110111100
001011111111111010000
001011111111110110100
001011101111111100100
001011111111111111100
001011011011111110000
001011010111111110100
001010101011111111100
001111111111111111100
000000000000000000000
000000000000000000000
#
It:16:Diff:67:PSOStep:8:Time:1.708804377:s:AutomataStep:8:Transition:01111111111111111111111111011111111111111111111111001110111111111111111111101111111111110111111011111111011110011111111011111101111111110111111001011011111111111111011111111011110111111011111111111111111111101011101101100111010011111110111111110111110100111111001110011111111011011111011101111101111010011101011111111011110111111111010101111001111001111001111010111110110111100111010111011111111111111111100111111011111101111111111111011111101110111110110111101111101101100111111110101111110101111011111111111111
000000000000000000000
000000000000000000000
001111111111111111100
001111111111111111100
001011111111111111100
001011111111111111000
001011111111111110100
001011111111111110100
001011111111111111100
001011111111111111000
001011111111111010100
001011111111111110100
001011111111111111100
001011111111111111000
001011111111111010100
001011111111111110100
001010101011111111100
001010101011111111000
001111111111111111100
000000000000000000000
000000000000000000000
#
It:49:Diff:62:PSOStep:8:Time:4.321967606:s:AutomataStep:8:Transition:01111111111111111111111101011111110111111111101111011010111111111110111111111111111111101110111011111111111111111111111011111101110111010110111011110111111101011111111100011111011111111111101111100111101111101011010111101111111011111110110110100111110101011111011111111111111111001111111111111100111010011111011110101011111111111111010010110001111101101101101110111111110111110111110111111111111010110011011110101111111101111111100110110100111110111111110111101111101101110111111110111111110011111011101111101101
000000000000000000000
000000000000000000000
001111111111111111100
001111111111111111100
001011111111111110100
001011111111111110100
001011111111111110100
001010101111101010100
001011111111111110100
001011111111111110100
001011111111111110100
001011111010111110100
001010101111101010100
001011111111111110100
001011111111101110100
001011111111111110100
001011111111111110100
001111111111111111100
001111111111111111100
000000000000000000000
000000000000000000000
#
It:51:Diff:48:PSOStep:8:Time:4.480506921:s:AutomataStep:8:Transition:01111111111111011111111111011111110110110111101111011010111011101111111111110010111111111110111111111110010110111111111111011111101110110111111111011010110101111111101101111111110110111111101111110010101111111011111101101111110100011110110111111111111101111111101111111111011111001011111111111101111110111111011111100011111101101111011110111001011010111001111111111111110111111111111111011011111111001011111110100110111111110111000111111101101111111110111101101111101111100111011100110111011111111111011111111111
000000000000000000000
000000000000000000000
001111111111111111100
001100001101101101100
001011111111111110100
001011111111111110100
001011011111111110100
001011111111111110100
001011111111111110100
001011111111111110100
001011111111111110100
001011111111111110100
001011111111111110100
001011111111111110100
001011111111111110100
001011111111111110100
001011111111111110100
001011111111111111100
001111111111111111100
000000000000000000000
000000000000000000000
#
It:53:Diff:46:PSOStep:8:Time:4.640538449:s:AutomataStep:8:Transition:01111111111111111111111111111111101100110111101111001010111111101111111111110010111111111111111111111110011110111110111111011111101110110111111111011011110111111111101101111111110111111111101111110010101111111011111101101111110111011110110111111111111100111111101101011111011111001111111101111101111110111111011111100011111111101111011110111101011010111001111011111111110111011011111111011011111111001011111110100110111111110011000111111101101111111010111101101101011111100111101100111111011111111111010101111111
000000000000000000000
000000000000000000000
001111111111111111100
001100000000000001000
001011111111111110100
001011111111111110100
001011011111101110100
001011001111111111100
001011101111111111100
001011100111111111100
001011010011111110100
001011110111111111100
001011111111111111100
001011100111111111100
001010001111100110100
001011111111111110100
001011111111111110100
001000000000000001000
001111111111111111100
000000000000000000000
000000000000000000000
#
It:77:Diff:45:PSOStep:8:Time:6.50021493:s:AutomataStep:8:Transition:01111111111111011110111111001110110100110111111101101111111011101111111111111011111011110111101111111110011110110111111111011101111110110111011111111010111111111011011101111111110110111111101111110010101111111111111101101111111100101110111111001111111100111111101101011111011011011100111101111101111011111011011101101011111010111011011110111001110010111001111101111110111011010111010111011011111110101011111110110011111111101111111111010101101010111111111111101111101111100111101110110011111111111011110101111111
000000000000000000000
000000000000000000000
001111111111111111100
001010000000000001000
001111111111111110100
001111111000011110100
001011111111111111100
001011111111011111100
001011111011111110100
001010111111111110100
001011011101111111100
001011111111111111100
001011111111111110100
001011111111111110100
001011111111111110100
001000111111111110100
001011111111111110100
001010101010101001000
001111111111111111100
000000000000000000000
000000000000000000000
#
It:93:Diff:43:PSOStep:8:Time:7.808702791:s:AutomataStep:8:Transition:01111111111111011111111111011111101110110011100111101111111111101011111111111001111111101111100111111111011110111111111111001110111110110111011010011011111111111111100100111110110110101111111111110011100111011011111101101111111100101110111111001111111100111111000011011111111111011100111111111100111011111111011111100011111011111011011110111001110111111101111111110111011111010111011111011111111110001011101111100000111111111101101111000111101011111010110111110111111101100111111110100111111110111111110101111111
000000000000000000000
000000000000000000000
001111111111111111100
001100000000000001100
001011111111111111100
001011111111111111100
001011111111111111100
001011101111110111100
001011111111111111100
001011111111111111100
001010010011111111100
001011101111111111100
001011101111111111100
001011111111111111100
001011111111111111100
001011111111111111100
001011111111111111100
001000000000000001100
001111111111111111100
000000000000000000000
000000000000000000000
#
It:252:Diff:40:PSOStep:8:Time:21.017892773:s:AutomataStep:8:Transition:01111111110111111111101111111101111110111111101111001111111111101111111011111011111111111010111111111110111111111111111111001101111110110111111111011011111101111111111101111111110111111111111111111011101111011111111111101111111111111110111111101111111101111111101111111111111110001101111111111111111010111111011111110011111111111111011111111011111111111101111111111111011111111101111111011111111111001011111110100111111111111111000111111111111111111111101111101111111111110101111110110111111111111111110101111111
000000000000000000000
000000000000000000000
001111111111111111100
001100000000000001100
001011111111111111100
001011111111111111100
001011111111111111100
001011111111111111100
001011111111111111100
001011111111111111100
001011111111111111100
001011111111111111100
001011111111111111100
001011111111111111100
001011111111111111100
001011111111111111100
001011111111111111100
001100000000000001100
001111111111111111100
000000000000000000000
000000000000000000000
#
It:290:Diff:38:PSOStep:8:Time:23.939495896:s:AutomataStep:8:Transition:01111111110111111110101111111110111110111111101011101111111111101011111111110111111111111111101111101111111110111111111111111101111111110111011111111011111111111111111101111111011111111111111111111111101111111111111111101111110011111110111111111111111101111111101101111111111111111111111111111101111011111111111111110011111111111111111101111011011011111101111110111111011111111011111111111111111111001011111111101111111011100111111111011101111111011000101111110111111101110111111100110111111111111111110101111111
000000000000000000000
000000000000000000000
001111111111111111100
001100000000000001100
001011111111111110100
001011111111111111100
001011111111111111100
001011110111111110100
001011111111111111100
001011111111111111100
001011111111111110100
001011111111111111100
001010111111101011100
001011111111111110100
001011111111101110100
001011111111111110100
001011111111111110100
001100000000000001100
001111111111111111100
000000000000000000000
000000000000000000000
#
It:362:Diff:36:PSOStep:8:Time:29.560734966:s:AutomataStep:8:Transition:01111111110111111110101111011011111110111101100011001111111111101111011011111011111111110101101111111111111110111111111111101100111110010111011111011011111111111111101111111011010111111111101111111101101111111111111111101111111110011110010111101111111001111111101100011111001011111110111111111101111111111111111110110011111111111111011111111111011011111101111111111111111011111111111111011111111111001011110111100111111011101111101111111001111111011111101111101111111111110101111111110111111111111111110101111111
000000000000000000000
000000000000000000000
001111111111111111100
001100000000000001100
001011111111111110100
001011111111111111100
001011111111111110100
001011111111101111100
001011111111111110100
001011111111111111100
001011111111111110100
001011111111111111100
001011111111111110100
001011111111111111100
001011111111111110100
001011110111111101100
001011111111111110100
001100000000000001100
001111111111111111100
000000000000000000000
000000000000000000000
#
It:408:Diff:29:PSOStep:8:Time:33.200416024:s:AutomataStep:8:Transition:01111111111111111111101111111111111110111111101110001111111111101011111111011111011111111111101111101111011110111111111111101101111110010111011111111111111111011111111101011011011111111111101111111011101110101111111111101111111111111110111010101111110101011111101111111111111111111111111111111101111111111111111111110011111111111111010111111111111111111101111110111111111111111111110111111110111111011011111111101111111101110111111111111101111111111101100111100111111101110111111111110011111011111111110101111111
000000000000000000000
000000000000000000000
001111111111111111100
001100000000000001100
001011111111111110100
001011111111111110100
001011111111111110100
001011111111111110100
001011111111111110100
001011111111111110100
001011111111111110100
001011111111111110100
001010111111101110100
001011111111111110100
001011111111111110100
001011111111111110100
001011111111111110100
001100000000000001100
001111111111111111100
000000000000000000000
000000000000000000000
#
It:441:Diff:27:PSOStep:8:Time:35.883253655:s:AutomataStep:8:Transition:01111111111111111111101111011111111110111110101111001111111111101011110111110011111111111111101111111111111110111111111111101111111111110111011111011011111111111111101110111111011111111111111111111011101111111111111111101111110111111110111111101111111101111111101011011110011111011111111111111101111011111111011111110011111011111111011111111011111011111101111111111111011111111111111111011110111111101011111111100110111110100111111111111101111111111111111111101111111111110111111111110111111111111111111101111111
000000000000000000000
000000000000000000000
001111111111111111100
001100000000000001100
001011111111111110100
001011111111111110100
001011111111111110100
001011111111111110100
001011111111111110100
001011111111111110100
001011111111111110100
001011111111111110100
001011111111111110100
001011111111111110100
001011111111111110100
001011111111111110100
001011111111111110100
001100000000000001100
001111111111111111100
000000000000000000000
000000000000000000000
end
