PSO TRACE
INIT:../../instances/fazia/init.csv
REF:../../instances/fazia/asm4.csv
DecodingPolicy:CPP
MutationPolicy:Null
ParticleNeighborhood:DynamicGeneralizedEuclideanDistance
ParticleDims:515
ParticleCount:100
AccP:2.0
AccG:2.0
AccL:1.5
AccI:2.3
Pos:0.0-3.0
Inertia:0.9-0.6
VeloMax:2.0
MaxPSOIteration:500
InertiaDecrFactor:6.000000000000001E-4
INIT
000000000000000000000
000000000000000000000
000000000000000000000
000000000000000000000
000000000000000000000
000000000000000000000
000000000000000000000
000000000000000000000
000000000000000000000
000000000000000000000
000000000010000000000
000000000000000000000
000000000000000000000
000000000000000000000
000000000000000000000
000000000000000000000
000000000000000000000
000000000000000000000
000000000000000000000
000000000000000000000
000000000000000000000
REF
000000000000000000000
010000000000000000010
001011111111111111110
000000000000000000000
001011111111111110100
001011111111111110100
001011111111111110100
001011111111111110100
001011111011111110100
001011111101111110100
001011000101111110100
001011000110111110100
001011110111111110100
001011111111111110100
001011111111111110100
001011111111111110100
001011111111111110100
010100000000000001100
001011111111111110010
010000000000000001000
000000000000000000000
Classic CPP Decoder
#
It:0:Diff:97:PSOStep:6:Time:0.11267002:s:AutomataStep:6:Transition:01111111111111011010111111101101111110111011011010111011011001011111111111111011001110111101100011011111111111101111110010111111111111111011101111001100111111111001111100110100110111101111100101011110111111111111111010111111001101111101011110111111111101111111111111001011011111101110111111101111111011001011111101111011111111111100011111111011111110100111101111011111111110100011110011111100110110110111111101101111011101110110101001101111110011110101101111101111111111001111111110011111111111111101110111110011
000000000000000000000
000000000000000000000
000000000000000000000
000000000000000000000
000011111111111110000
000010111110101110000
000011110101111110000
000011111111111110000
000011110111111110000
000011100001111110000
000011111111111110000
000011111000101110000
000011111011111110000
000011111101111110000
000011111101111110000
000011101110111010000
000010011110110110000
000000000000000000000
000000000000000000000
000000000000000000000
000000000000000000000
#
It:2:Diff:90:PSOStep:8:Time:0.448636829:s:AutomataStep:8:Transition:01111111111111111111111110110111111110101110111011111110011111011111111111011111001110101111101011011110111111011011110111011110111011111111100111001111101110011111111101110101101101111111110101111110111111111111111011111011101100111111111111111110111111111111111111111111111111111111111111111111111111110111101101110111111111111101100111111011111111110111111111001111111111110111110111100110101111111101111111110111111111110111111111101011111111010111111111110110110111000111111110111111111101111101110011110111
000000000000000000000
000000000000000000000
001111111111111111100
001111111111111111100
001111111111111111100
001111111111111111100
001111111111111111100
001111111111111111100
001111111111111111100
001111111111111111100
001111111111111111100
001101111111111111100
001111111111111111100
001111111111111111100
001111101101111111100
001101111110111111100
001111100110110111100
001111100101111111100
001000110101101101100
000000000000000000000
000000000000000000000
#
It:4:Diff:86:PSOStep:8:Time:0.634896378:s:AutomataStep:8:Transition:01110111111011111110111111111111111011101100111011111111010111111111111111010111101101101111101011011111101111111111110111101110111101100111111111011110111111111111110101100001111111111010111101111110011111111111111111101100101101111101111111111110111101111011111111111111111111111111111111011110111011011111101101110111111111101101100111111111110101110111111101001111111101110111110101100110111111111101110111011111111111110111111111100111111111110111110111110101110111111111111110111111111001111101110111010111
000000000000000000000
000000000000000000000
001111111110000000000
001111111111000000000
001011111111100000000
001011111111110000000
001011111111111000000
001011111111111100000
001011111111111110000
001011111111111111000
001011111011111111100
001011111111111111100
001011111111111111100
001011111111111111100
001011111111111111100
001011111111111111100
001010111111101111100
001111011101110111100
001000100010001000100
000000000000000000000
000000000000000000000
#
It:5:Diff:80:PSOStep:8:Time:0.774891081:s:AutomataStep:8:Transition:01111111111111111111111111111111110111101100011111111111011111111101011111110111100111100110100011010110101110111111111111110110111101111111111111111111111111111111111111010101110010111111111101001111011111111111111101111110101111111111111111111101101011111010010110111110111011111111111111011111111101110111101110111111101111110111111101111111111111110111101111111111011101111111111101111011111111111111110111111101111111100000011111100011111111111101110111011101111001101111111100111111111011111011111111111101
000000000000000000000
000000000000000000000
001111111111111111100
001111111111111111100
001111111111111111100
001111111111111111100
001111111111111111100
001111111111111111100
001111111111111111100
001111111111111111100
001111111011111111100
001110111111111111100
001111111111111111100
001111111111111111100
001111111111111111100
001111111111111111100
001111111111111111100
001011111111111111100
001011111111111110100
000000000000000000000
000000000000000000000
#
It:7:Diff:79:PSOStep:8:Time:0.995458576:s:AutomataStep:8:Transition:01111111111111111111101001111111101110101100111111111111011111111111011111111111000111100111100011011111101110011111110111111111111001101101001111101111111111011111111001010101111111111111111101111011011111110011101011101001100111111111111111111101111111111011011110111110111111111111111011111111111111010111111111111111110111010111111111111111111111111111101111111111111101110111110111110001111111111011110111111111111111100011111111101011111110111001110111011000111011101111111110111111111011111111111111111111
000000000000000000000
000000000000000000000
001111111111111111100
001111111111111111100
001011111111111111100
001011111111111111100
001011111111111111100
001111111111111111100
001111111111111111100
001111111111111111100
001111111111111111100
001110111111111111100
001110111111111111100
001110111111111111100
001011111111111111100
001111111111111111100
001111111111111111100
001101111111111111100
001011101110111011100
000000000000000000000
000000000000000000000
#
It:8:Diff:75:PSOStep:8:Time:1.112501657:s:AutomataStep:8:Transition:01111111111111111111101011111111100111101110111111111111011111111111011111110101100111110110100011011110111110111111110111110110111101011101001011111110111101111101101001010101011010111111111111111111111111111010101100101111100111101111101011110101101101111011011100111100111111011111111011111111111001110111111110111111101111011111111101101111010111011101111111101111011101111111111111111110111111111011110111011101111111100001111111101011111111111101110111011010111001101111111100111111111011101111111101101111
000000000000000000000
000000000000000000000
001111111111111111100
001111111111111111100
001011101110111011100
001011011101111101100
001011111111111011100
001011111111111111100
001011101110111111100
001011101111011101100
001011101110111011100
001011101111111111100
001011101110111111100
001011100101111101100
001011111111111011100
001011101101111111100
001011111111111111100
001000000000000001100
001111111111111111100
000000000000000000000
000000000000000000000
#
It:11:Diff:63:PSOStep:8:Time:1.366384314:s:AutomataStep:8:Transition:01111111111111111100111010011011100010110110011111011111110111111111011011110101010110110110110011011100111101011011110111110110111111000111000011101111111010110101110101110101011110011111110111111011111111100111011111101010101110101111111011110101111011111011011111111100101011111111111010011110011111111111101110111111100111011101110100101001011001011111101111100111011111111011111111101110101011111111110111110111111111111001011111100011111110011101110111010000111101010111111101101111101001110101110001110111
000000000000000000000
000000000000000000000
001111111111111111100
001111111111111111100
001011111111111111100
001011111111111111100
001111111111111111100
001111111111111111100
001011111111111111100
001011111111111111100
001111111111111111100
001111111101111111100
001011111111111111100
001011111110111111100
001111101111111111100
001111111111101111100
001011111111111111100
001100000000000001100
001111111111111111100
000000000000000000000
000000000000000000000
#
It:39:Diff:57:PSOStep:8:Time:3.596475152:s:AutomataStep:8:Transition:01111111111110111111111111111111101011101111011111111111011111101111110111111101010011110110111111011100111100011111111111111000111111111101110011111111011111111111111011101101111110111011111111011111111110111111111111101111101111111111011111111101111011111011111111111111101011111111101110111110111011111111101110111101100011111101101111111111011111111111101110110111111111111011111111101010101111111110110111111100111111110011111111111011111111111111111110110010111101011111010111111111101101111101111111111111
000000000000000000000
000000000000000000000
001111111111111111100
001100000000000001100
001011111111111111100
001011111111111111100
001011011111111111100
001011111111111111100
001011101111111111100
001011101111111111100
001011101111011111100
001011101111011111100
001011101111111111100
001011111111111111100
001011111111111111100
001011111111111111100
001011111111111111100
001111111111111111100
001111111111111111100
000000000000000000000
000000000000000000000
#
It:45:Diff:52:PSOStep:8:Time:4.09061545:s:AutomataStep:8:Transition:01111111111010111111111111111111101011101100011111011111011111001111111111010100010011110110111011011100111101011111011111111100111111111101110011111111011111110101110011110101111100111111111111111111111110111111101111101011101111101111011111111101111010111011111011111011101011011101101110111110111111111111101111111111100111111101101111111001011101111111101111100101111111111011111111001010101111110110110111011101111111111011011111101101101110101111111111010011111101011111111111111111101001110101111101111111
000000000000000000000
000000000000000000000
001111111111111111100
001101101101111001100
001011111111111110100
001001111111110111100
001011101111111110100
001011111101111111100
001011011111111110100
001011111111111101100
001010011111111110100
001011111111110111100
001011111111111110100
001011111111111111100
001001011111111110100
001011111111111011100
001010111111111110100
001100000000000001100
001111111111111111100
000000000000000000000
000000000000000000000
#
It:76:Diff:48:PSOStep:8:Time:6.525199892:s:AutomataStep:8:Transition:01111111110110111111110111110111111111111100011111011111111111101011111111111100000011110110111110101100101101001111111101011100101111111111110011100111011111111111111011111100011010101111111111011110111010111111111111101111101111110111111111111101011111111001110111111111101110110111111110111110111110001111101111111000101111111101111111110011111111110111101110110111111111111010111111011010101111111111111111111101111111110011111111111001110110111101111111110011111111011111111111111111111101111101111111110111
000000000000000000000
000000000000000000000
001111111111111111100
001100000000000001100
001011111111111110100
001011111110111110100
001011111111111110100
001011111110011110100
001011111111111110100
001111111111111110100
001111111111111110100
001111111111111110100
001111111111111110100
001111111111111110100
001011111111111110100
001011111111111110100
001011111111111110100
001111111111111111100
001111111111111111100
000000000000000000000
000000000000000000000
#
It:241:Diff:44:PSOStep:8:Time:19.848761343:s:AutomataStep:8:Transition:01111111110110111111111111110111111111111100011111011111111111101111111111111101100011110110111110101100101001001111111111011100111111111111010010110111011111110111111011011100011110101111111111000110111110111111111111101111101111110111111111111101111111111101100111111111101010111111111110111110011111011111101111111000101111011101111111000010111101111101101110110111111111111010111111011010101011011111111110101101111110110010111111111001111110111101111111110111111111011011111111111111101001111101111111110111
000000000000000000000
000000000000000000000
001111111111111111100
001100000000000001100
001011111111111110100
001011111110111110100
001011101111111110100
001011111110011110100
001011111111111110100
001011111111111110100
001011111111111110100
001011111111111110100
001011111111111110100
001011111111111110100
001011111111111110100
001011111111111110100
001011111111111110100
001111111111111111100
001111111111111111100
000000000000000000000
000000000000000000000
#
It:250:Diff:31:PSOStep:8:Time:20.564980377:s:AutomataStep:8:Transition:01111111111110111111111111110111110111111110011111011111111111101111111111111101110111110110111111111110101101001111111111011100111111111101110111111111011111011111101111111001111110111111111111011010111010111111111111101111101111110111111111111111111111111011110111111111111110110111111111111111111111011111101111111000101111111101111111110111111111111111101111111111111111111010111111011011101101111111111110101101111011111010101111111001110111111100111111110111111111110111111111111111001101111101111101111111
000000000000000000000
000000000000000000000
001111111111111111100
001100000000000001100
001011111111111110100
001011111111111110100
001011111111111110100
001011010111011110100
001011111111111110100
001011111111111110100
001011111111111110100
001011111111111110100
001011111111111110100
001011111111101110100
001011111111111110100
001011111111111110100
001011111111111110100
001100000000000001100
001111111111111111100
000000000000000000000
000000000000000000000
#
It:337:Diff:30:PSOStep:8:Time:27.474983729:s:AutomataStep:8:Transition:01111111111110011111011110111111110111101110011101011111111111101111111111110101011111110110111111111110101111001011010111010000111111111101110111110111011111011111001111111001111010111011101111111000111110111111011111101101001111110111111111111111111110111011100111011111111110110111001111011111111011010101101111111001101111111101111010110111111111111111101110110111111111111010101111000011001101011111111111101101111111111011111111111101111111111110111111110111111111111111111111111111111101111101011101111111
000000000000000000000
000000000000000000000
001111111111111111100
001100000000000001100
001011111111111110100
001011111111111110100
001011111111111110100
001011110111110110100
001011111111111110100
001011111111111110100
001011111111111110100
001011111111111110100
001011111111111110100
001011111111111110100
001011111111111110100
001011110111111110100
001011111111111110100
001100000000000001100
001111111111111111100
000000000000000000000
000000000000000000000
end
