PSO TRACE
INIT:../../instances/fazia/init.csv
REF:../../instances/fazia/asm4.csv
DecodingPolicy:CPP
MutationPolicy:Null
ParticleNeighborhood:DynamicGeneralizedEuclideanDistance
ParticleDims:515
ParticleCount:100
AccP:2.0
AccG:2.0
AccL:1.5
AccI:2.3
Pos:0.0-3.0
Inertia:0.9-0.6
VeloMax:2.0
MaxPSOIteration:500
InertiaDecrFactor:6.000000000000001E-4
INIT
000000000000000000000
000000000000000000000
000000000000000000000
000000000000000000000
000000000000000000000
000000000000000000000
000000000000000000000
000000000000000000000
000000000000000000000
000000000000000000000
000000000010000000000
000000000000000000000
000000000000000000000
000000000000000000000
000000000000000000000
000000000000000000000
000000000000000000000
000000000000000000000
000000000000000000000
000000000000000000000
000000000000000000000
REF
000000000000000000000
010000000000000000010
001011111111111111110
000000000000000000000
001011111111111110100
001011111111111110100
001011111111111110100
001011111111111110100
001011111011111110100
001011111101111110100
001011000101111110100
001011000110111110100
001011110111111110100
001011111111111110100
001011111111111110100
001011111111111110100
001011111111111110100
010100000000000001100
001011111111111110010
010000000000000001000
000000000000000000000
Classic CPP Decoder
#
It:0:Diff:123:PSOStep:8:Time:0.102546971:s:AutomataStep:8:Transition:01100111111101111101011111011110010111111111110111101011101111101111010111111111111111010111110111111111111111111111101111111111110011111111111111010111111001111111111111011101101011101011111110111110111111111011111101011110111111111111011111111111111111111111111101111110011111111111111111111011101110111101110110111110111111011111111010111010111111111101110101111111110111101111111101111111111011101011011110110110111111111111101011111110111010110111111111111111111101111111011111111111111111111011111111101111
000000000000000000000
000000000000000000000
001011101110000000000
001101111111000000000
001010111100100000000
001111111111110000000
001111101011101000000
001111011111100100000
001110110111111110000
001111111110110111000
001111011111101111000
001111111111111111000
001111111111011111000
001111101111110111000
001111111111111111000
001011010011111111000
001111011011110111000
001011111111011111000
001101101101011000100
000000000000000000000
000000000000000000000
#
It:1:Diff:105:PSOStep:6:Time:0.233365822:s:AutomataStep:6:Transition:01101111111101111100001110101110101111001111100111111111101111111101001111111011111111101111111011001111100101101111111111111111101111111111111111111111101101111111111111011111101011000111101111100110111110011011111111111111011110111101001111001110111111111111101111011010011111110011101001011011010111111111010010110111111111011111011101111011011101111101110001111100111011101111111101111111111111101111011101111111111111111101110101111011101011010111110111111011111111111111111111100101110111100101111111101101
000000000000000000000
000000000000000000000
000000000000000000000
000000000000000000000
000010111011101110000
000011110011101110000
000011010101111110000
000011110111011000000
000011111101111110000
000011101101111110000
000011110111111110000
000011011111111000000
000011101101111110000
000011011010111110000
000011111111111110000
000011001111011000000
000011011011110010000
000000000000000000000
000000000000000000000
000000000000000000000
000000000000000000000
#
It:2:Diff:91:PSOStep:6:Time:0.377002107:s:AutomataStep:6:Transition:01111111111001111101101110111110101111011101110111101001110111111111011111111111111011111111111111111110110111101111111111101111011111110111111111111111111111111111011111001111111111011101111111101111111111111011111111111110101110111101011111111111111111111111111111000111011111110011101111111111111110111111011011011001111111011111111010101011111111111101111111111101111111101011101101111111111000101111011111111111111111001011101011111110101011111111111111111111111111111111111011101101110111101101011111101111
000000000000000000000
000000000000000000000
000000000000000000000
000000000000000000000
000011111111111110000
000011111111111010000
000011111111111110000
000011111111111110000
000011111111010110000
000011111111111010000
000011111110110110000
000011111111111110000
000011111111101110000
000011111111111010000
000011111111111110000
000011111111111110000
000010101010101010000
000000000000000000000
000000000000000000000
000000000000000000000
000000000000000000000
#
It:3:Diff:88:PSOStep:6:Time:0.462124385:s:AutomataStep:6:Transition:01111111111111111111100111111110111111001111110111101001111111111111011111010111111111011111111111111111110111101111100111111011101011111111111111111111111111111111111111101111010011111111111011111110111111011011011111111011111110111101011111111111111111111111111111110111111101111111111111111011101110111111010111011111111111111111101010101011110101111101111111111101110011101111110111111111111001111011011111110110111011011011100111111110111111010111111111111011110011111111111111001111110011111001111111101101
000000000000000000000
000000000000000000000
000000000000000000000
000000000000000000000
000011111111111110000
000011111111111010000
000011111111111110000
000011111111111110000
000011011111110110000
000011111111111110000
000011110101011110000
000011111111111110000
000011010111010110000
000011111111111110000
000011111101111110000
000011111101111110000
000011001101100110000
000000000000000000000
000000000000000000000
000000000000000000000
000000000000000000000
#
It:14:Diff:83:PSOStep:8:Time:1.281652441:s:AutomataStep:8:Transition:01111111111101101001011111111110111101011111100110111101111111111111011111110100001111111111111110011111110111011111111111111111110111111111111111111110111011111111111111100111010011111111101011101111111111111010110111111110111101111111111111101110111111111111111111010010111101111111111111111111101110111111011011011101111111111111011010111011111111111101111111111100111011101111111110111111111001111011011111110111111111111001011111111010111110111111011111110111110010111111110111101101110101111111111111111101
000000000000000000000
000000000000000000000
001111111111111111100
001111111111111110000
001111111111111111100
001111101110111011100
001111111111111111100
001111111111111110000
001111111111111111100
001111111110111011100
001111111111111111100
001111111111111110000
001111111111111111100
001111111111111011100
001111111111111111100
001111111111111110000
001111111111111111100
001111111111111111100
001111111111111111100
000000000000000000000
000000000000000000000
#
It:18:Diff:78:PSOStep:8:Time:1.5697338:s:AutomataStep:8:Transition:01111111111011111101101110111110111111011111100111111100111111111111011111110111001111111101111111011111110111101111100111011111101011111111111111111101111111111111111111101111010011111111111011001111111111111011011111111111111111111101111111111110111011111111111111010111111101111111111111111011101110111111110011111110111111111111111010101010110100011101111111111101111011101111111111111111111001101011011111111111111011001011110011111110101111011111111111111011110011111111011111101111110011111101111111101101
000000000000000000000
000000000000000000000
001111111111111111100
001111111111111110100
001111111111111111100
001111111111111111100
001111111111111111100
001111111111111111100
001111111111111111100
001111111111111111100
001111111111111111100
001111111111111111100
001111111111111111100
001111111111111111100
001111111111111111100
001111111111111111100
001111111111111111100
001111111111111111100
001111111111111111100
000000000000000000000
000000000000000000000
#
It:28:Diff:76:PSOStep:8:Time:2.24747474:s:AutomataStep:8:Transition:01111111111011101001101110111111100111111111110111111101111111001111010111110100001111111101111101011110111111101111101110011111111011101111111111111111111110111111011111101111111011111111111011001111111111011011011111111111111111111111001111110111111011101110101111010111110111111111111111101111101111111110110011111111111111111111111010101011111101111101111111011101100011100111110111111111111101101111011111100111111011011001011111111110111111011111010111111011110011111101011111101111110011111101111111101111
000000000000000000000
000000000000000000000
001111111111111111100
001101101101100000100
001111111111111111100
001111011111011111100
001111111111111111100
001111111111111011100
001111111111111111100
001111111101111011100
001111111111111111100
001111111111111011100
001111111111111111100
001111111111110111100
001111111111111111100
001111111111111111100
001111111111111111100
001111111111111111100
001111111111111111100
000000000000000000000
000000000000000000000
#
It:48:Diff:74:PSOStep:8:Time:3.624534322:s:AutomataStep:8:Transition:01111111111001101001101110100111101111111101110011111101111111101111010111110100001111111101111101011110111111111111101110011111111011011111111011111101111110110111011111101111110011111111111011001111111111111011111111111011011101111111001111010101111011111111101111010111110111111111111111101111101111111110110011111110111111111111101010100011111101011101111111011101110011100111111111010111010100101111011110100110011011001001011101111110011111011111000111111011111010011101011111101111110011111111111100101111
000000000000000000000
000000000000000000000
001111111111111111100
001000000000000000100
001111111111111111100
001111001111110011100
001111111111111111100
001110111111101111100
001111111111111111100
001111110011011101100
001111111111111111100
001111101111111111100
001111111111111111100
001111110110000001100
001111111111111111100
001111111100000111100
001111111111111111100
001100100000000000100
001111111111111111100
000000000000000000000
000000000000000000000
#
It:57:Diff:59:PSOStep:8:Time:4.262574378:s:AutomataStep:8:Transition:01111111110011111001111111110111101111011111110111111101111111101111011011110111011111111101111101011101110111101111101111111111111011011111011011111111111010110111011111000111011011111101111011001111111111111011111111111110111110111110001111110111111111111110111011011011111111111111111111111111101111111100111011111110111111111111001010111011111110011101111111011101011011001111110111011101111000101111011111110111111011111001011110110110101111111111011111111011111010111111010101101111110101111011101101011101
000000000000000000000
000000000000000000000
001111111111111111100
001100000000000000100
001111111111111111100
001111111111011111100
001111111111111111100
001111011111101111100
001111111111111111100
001101111111111111100
001111111111111111100
001111111111111111100
001111111111111111100
001101111110111111100
001111111111111111100
001111111111011111100
001111111111111111100
001100000000000001100
001111111111111111100
000000000000000000000
000000000000000000000
#
It:100:Diff:57:PSOStep:8:Time:7.214923221:s:AutomataStep:8:Transition:01111111110000111001111101100111101111110111010111011101111111101111011111101111011111111101110001011101111111001111101111111110111011011111011001111100111110110111011111101111011011111111111011011111101111110011111111101111111110111010001111101101101111111110111011011011110101111111101111111000101101100100111011110010111111111111001010111011100111011101111101011101011011001111110111101111010000111111010110110111111011101001010110110110101101101111011111110011101010101110010111101100100111111011101101111101
000000000000000000000
000000000000000000000
001111111111111111100
001000000000000110100
001011111111111111100
001011110101111010100
001011111011101111100
001011100110111010100
001010111011111111100
001011010111101010100
001010001111111011100
001010111110111111100
001011111110111111100
001010111111011111100
001001101111111111100
001011111111011111100
001001111111111111100
001100000000000001100
001111111111111111100
000000000000000000000
000000000000000000000
#
It:101:Diff:50:PSOStep:8:Time:7.290561134:s:AutomataStep:8:Transition:01111011111110111001111111101001111111101111110011110011111110111111011011111011011111110001110011011111110111001101101111111111111011111111111011111111111110100111011111000111010011111001111011111111101010110011111110101110111110111011001111101111111011111110111111011111110101011101111111101011101111111100111011011011111110111111101010110011110110011101110111011101111001001111111111101011110010101111011111110111111011001011010111110100101100011011010111110011101011111111011111101110110111111011001101111101
000000000000000000000
000000000000000000000
001111111111111111100
001010101011111111100
001011111111101110100
001010110111111110100
001011111111111110100
001011111110111110100
001011101111111110100
001011111111111110100
001011111011001110100
001010101101111110100
001011111111110110100
001001111111110110100
001011111111111110100
001001011111111110100
001011111111111110100
001100000000000001100
001111111111111111100
000000000000000000000
000000000000000000000
#
It:141:Diff:46:PSOStep:8:Time:9.990748141:s:AutomataStep:8:Transition:01111011110111101001101111101011101111001111110111011011110110101111011011111001001111110101100011011100111111001101101110111110111111011111111011111101111110110111011101000111011011111101111011011111101010101011111111101010011110111010001111001110111111111110101111011011110101111111111111101011101101110100111011111001111111111111111010001011110101111101111111011101011011001110111111111011011011111111011110110110011011001011010111111110101101111011010111110011101011011111111111101111110011111011001101111111
000000000000000000000
000000000000000000000
001111111111111111100
001000000000000001100
001011111111111111100
001011111111111111100
001011111111111111100
001011111111110111100
001011101111111111100
001011101111111111100
001011110011111111100
001010111101011111100
001011111011111111100
001011111111111111100
001011111111111111100
001011111111111111100
001011111111111111100
001100000000000001100
001111111111111111100
000000000000000000000
000000000000000000000
#
It:164:Diff:43:PSOStep:8:Time:11.522312804:s:AutomataStep:8:Transition:01111111110111101001101111101111101111101111110011111111111110101111011111111000001111111101110011011111010111101111101110011110110011001111111001111101111110110111011111100111010011011111111011001101111111111011111111101010111100111000001111000101111111111110101011011011110111111111111111101001101101111110110011111001111100111111101010111011110111111101111111011100011011001110111111000101111110111111011110110110111011001011010111111110101111011111010111110011111010001111010111101101110011111011111101110111
000000000000000000000
000000000000000000000
001111111111111111100
001000000000000001100
001011111111111111100
001011111111101111100
001011111111111111100
001011111111110111100
001011111111111111100
001011111111111111100
001011101111111111100
001010011111111111100
001010111111111111100
001011110111111111100
001011011111111111100
001011111111111111100
001011111111111111100
001100000000000001100
001111111111111111100
000000000000000000000
000000000000000000000
#
It:194:Diff:39:PSOStep:8:Time:13.522250617:s:AutomataStep:8:Transition:01111011110011101001101111100111111111101111110111111111111110101111011111101011001111111101100011011111110111001101101110111111111111001111111001111101111110110111011111100111010011111111111011111101111110111011111111101110111100111000001111001111111111111110101111011011110111111111111111101011101111111110111011111001111110111111111010101011110111111101111111011100001001001110101111111111011100111111010110110111111011001011010111111110101111011101010111110011111011011101010111101101110011111011111101111111
000000000000000000000
000000000000000000000
001111111111111111100
001000000000000001100
001011111111111111100
001011111111111111100
001011111111111111100
001011101111111111100
001011111111111111100
001011111101111111100
001011101101111111100
001010001011111111100
001011111011111111100
001011111111111111100
001011011111111111100
001011111111111111100
001011111111111111100
001100000000000001100
001111111111111111100
000000000000000000000
000000000000000000000
#
It:244:Diff:37:PSOStep:8:Time:16.91873734:s:AutomataStep:8:Transition:01111011110010101001111111101111111111101011110111111100111111101111011111101011001111111101110011111111110111101101101110011110110011001111111001111100111110000111011111100111011011111111111011011100111010111011111111101010111100111000001111000111101111111100111111011010111111111111111111101011101111111111111011111001111100111111111010101011010111111101111111011100001001001110101111111011111100111111010110110111111011001011010111111110101111011101011111110011111011011100010111101111110011111011111101111111
000000000000000000000
000000000000000000000
001111111111111111100
001000000000000000100
001011111111111111100
001011111111111110100
001011111111110111100
001011101111111110100
001011111111111111100
001011111111111110100
001011101111111111100
001010001101111111100
001011111011111111100
001011111111111111100
001011111111111111100
001011111111111111100
001011111111111111100
001100000000000001100
001111111111111111100
000000000000000000000
000000000000000000000
#
It:309:Diff:36:PSOStep:8:Time:21.297168288:s:AutomataStep:8:Transition:01111011110010101001111111101111111110101111100111101001111111101111011111101011011111111101110010111111110110101111101111011110101011001111111001111100111111000111011111100111011011111111111011011100100110111011111111101110111110111000001111000111111111111110111111011111111111111101111111101011101111111100110011111001111110111111111010110011010111111101111111011100001101001111101111011011111100111111010110110111111111001011010111111100111111111101011111110011111010011100010111111101110111111011111101111111
000000000000000000000
000000000000000000000
001111111111111111100
001000000000000000100
001011111111111110100
001011111111111111100
001011111111110110100
001010101111101111100
001011111111111010100
001011111111111101100
001011110111111110100
001011000111111101100
001011111111111110100
001011111111111011100
001011111111111010100
001011111111111111100
001011111111111110100
001100000000000001100
001111111111111111100
000000000000000000000
000000000000000000000
#
It:382:Diff:32:PSOStep:8:Time:26.186667496:s:AutomataStep:8:Transition:01111011110010111001011111100111111111101111110111111001111110101111011111111110011111111101110010101111110111111111101110011111100111111111111001111111111111111111011111100111110011111111111011111101110110111011111111101110111100111000001111001111101111111110111111011110111111111011111111101011101101111110110011011101111110111111111010111011010111111101111111011100001001001111101111111011111100101111011110110111111111011011010111110100101101011101011111110011011011011100010111111101110111110010111101111111
000000000000000000000
000000000000000000000
001111111111111111100
001000000000000000100
001011111111111110100
001011111111111110100
001011111111100110100
001010101111110010100
001011111111111110100
001011111110111110100
001011110111101110100
001011010111111110100
001011000111111110100
001011111111101110100
001011111111111110100
001011111111111110100
001011111111111110100
001100000000000001100
001111111111111111100
000000000000000000000
000000000000000000000
#
It:389:Diff:31:PSOStep:8:Time:26.655376418:s:AutomataStep:8:Transition:01111011110010111001011111101111111111101111110111111000110110101011011111001110011011111001110011101011110111111111101110111111100011111111111001111111111111011111011111100111010011111001111011111101110110111011111111101110011100111000001111001111101111111110111111011110111111111001111110101011101101111110111011011111111110111111111010110011010111111101110111011100001101001111111111111011111100101111011110110111111111011011010111111100111101111101011111110011010011011100010111111101110111110010111101111111
000000000000000000000
000000000000000000000
001111111111111111100
001000000000000000100
001011111111111110100
001011111111111110100
001011111111100110100
001010101111110010100
001011111111111110100
001011111110111110100
001011111011111110100
001011000111111110100
001011111111111110100
001011111111101110100
001011111111111110100
001011111111111110100
001011111111111110100
001100000000000001100
001111111111111111100
000000000000000000000
000000000000000000000
#
It:415:Diff:24:PSOStep:8:Time:28.402737689:s:AutomataStep:8:Transition:01111011110010111001010111101111111111010111100011110101111110101011011111101110011011101001110011101011110111111111101111011111101011101111111001111111110101000111011110100111011011111111111011111101110110111011111111101110111110111011001111001111111111111110111111011111111111111111111111111011101111111110111011011011101110111111111010111011100111011101111111011100111111001111101111111111111100110111011110100111111111001001010111111100101111111101010111110011111011011100011111111101110111111101101101111111
000000000000000000000
000000000000000000000
001111111111111111100
001000000000000000100
001011111111111110100
001011111111111110100
001011111111111110100
001010101111111010100
001011111111111110100
001011111111111110100
001011110111111110100
001011000111111110100
001011111111111110100
001011111111111110100
001011111111111110100
001011111111111110100
001011111111111110100
001100000000000001100
001111111111111111100
000000000000000000000
000000000000000000000
end
