PSO TRACE
INIT:../../instances/fazia/init.csv
REF:../../instances/fazia/asm4.csv
DecodingPolicy:CPP
MutationPolicy:Null
ParticleNeighborhood:DynamicGeneralizedEuclideanDistance
ParticleDims:515
ParticleCount:100
AccP:2.0
AccG:2.0
AccL:1.5
AccI:2.3
Pos:0.0-3.0
Inertia:0.9-0.6
VeloMax:2.0
MaxPSOIteration:500
InertiaDecrFactor:6.000000000000001E-4
INIT
000000000000000000000
000000000000000000000
000000000000000000000
000000000000000000000
000000000000000000000
000000000000000000000
000000000000000000000
000000000000000000000
000000000000000000000
000000000000000000000
000000000010000000000
000000000000000000000
000000000000000000000
000000000000000000000
000000000000000000000
000000000000000000000
000000000000000000000
000000000000000000000
000000000000000000000
000000000000000000000
000000000000000000000
REF
000000000000000000000
010000000000000000010
001011111111111111110
000000000000000000000
001011111111111110100
001011111111111110100
001011111111111110100
001011111111111110100
001011111011111110100
001011111101111110100
001011000101111110100
001011000110111110100
001011110111111110100
001011111111111110100
001011111111111110100
001011111111111110100
001011111111111110100
010100000000000001100
001011111111111110010
010000000000000001000
000000000000000000000
Classic CPP Decoder
#
It:0:Diff:133:PSOStep:8:Time:0.099087599:s:AutomataStep:8:Transition:01011110111111011111011110011101011110010100111110001101101001001110110111101111111101111111111111110100101111111111101101111111111111001001001111111111100111101001101011111110111011101111110111111111001111111111111111110111010111111111111100110001111101101100011111011111111101111100111111111111111111111111110011010011110111101101101111111110011011101111111111111110110111011111011101111111111101011011111111111111110101111111111100110111111010111110110111111111111111101111100111101101101111111110111111101110
000000000000000000000
000000000000000000000
001010101010101010100
001111111111111110000
001110111011101111000
001111101111111011000
001111001101111101000
001111111110111111000
001111011111110101000
001111110011011111000
001111101010011111000
001111111111000011000
001111111111000110000
001111110111100110000
001111111111111111000
001110111111000011000
001111101110111011000
001111111111111111000
001110111011101110100
000000000000000000000
000000000000000000000
#
It:1:Diff:108:PSOStep:6:Time:0.229704639:s:AutomataStep:6:Transition:01111110111110111111011110111101011111010100011111011100101001101110110111111111110111111111101111110111111011010111001111110111111111011001101011110101011111111001100111111101110011111111111111011101101111111101110110110011110111111111111100110101110101101100111111111100111001110101110111110111111111111011110111010111110111100111110111111111011011101110001101111111011111011111011100111111101001111011111101111111111101111110111001111111111111111111110110111111111111101011111111111101111010011110111111101110
000000000000000000000
000000000000000000000
000000000000000000000
000000000000000000000
000011001101100110000
000011110101111100000
000011111101110110000
000011111101111100000
000011101111101110000
000011111101101100000
000011110111011110000
000011101010001100000
000011111111001110000
000011111100001100000
000011111001101110000
000011111111111100000
000011101110111010000
000000000000000000000
000000000000000000000
000000000000000000000
000000000000000000000
#
It:2:Diff:100:PSOStep:6:Time:0.368076817:s:AutomataStep:6:Transition:01111111111111111001011110110101011111010101111110101100101000111111110111010111110111111111111111110111011011110111101111110111111111111111011011110111011111111011101111111001110011111111111111001101101111111111010110110111011111111110011110110001110101011101111101111111111010110111101111011011111111010110100111010011100111101111110111111111011011101111001111111111011111011011111100111111111111111101111111111101111011110100111100010111111111111111110011011110111011111011100111111101111110011101111111101110
000000000000000000000
000000000000000000000
000000000000000000000
000000000000000000000
000011111111111110000
000011111111111100000
000011111101101110000
000011111111101000000
000011110111011110000
000011110111111100000
000011101101101110000
000011111011101000000
000011111111111110000
000011111111111100000
000011101110111110000
000011101110111000000
000011101110111010000
000000000000000000000
000000000000000000000
000000000000000000000
000000000000000000000
#
It:3:Diff:93:PSOStep:6:Time:0.449933093:s:AutomataStep:6:Transition:01111111111111111011011110110001011101010101111111111101101010111111100111011111110111111100101011110111011011110111111111110011111110111111110011111101011111110011101111011011111001111011111111101101111111011111111010110111011111011010011110110001110111011101111111101101111010111111101110001001111111010110100111010011100111101001110111111011111011101111011111111110011111011011000100111111111111111110111111110111111011110100111001100111111111111011101011011110110111111011111110111101111111011111101111111110
000000000000000000000
000000000000000000000
000000000000000000000
000000000000000000000
000011111111111110000
000011111111111100000
000011111111111110000
000011111110111000000
000011111111011110000
000011111111111100000
000011101101111110000
000011110110111000000
000011111011011110000
000011111111111100000
000011101110111110000
000011101110111000000
000011101110111010000
000000000000000000000
000000000000000000000
000000000000000000000
000000000000000000000
#
It:4:Diff:84:PSOStep:8:Time:0.547110751:s:AutomataStep:8:Transition:01111111111111111000110110111011010101010111101111101111101011111110110011011011010111110110101001110101011011111111001111110011101110111101111011111101011111111111101111011001100011111110111101111101111101011101011011110111011111010110011110110101100000111101111111111000110111111111100011101110100111011101100101011111110011101011100101111011001001101111110111111111111111011011110101111110111111001110111111010001011011111010111100010111110111111011101011111011000101110110111110110001010111111010111111111111
000000000000000000000
000000000000000000000
001111111111111111100
001111111111111111000
001111111111111111100
001111111111111111000
001111111111111111100
001111111111111111000
001111111111111111100
001111111111111111000
001111111111111111100
001111111111111111000
001111111111111111100
001111111111111111000
001111111111111111100
001111111101110111000
001111111111111111100
001110111111111111000
001011111111111110100
000000000000000000000
000000000000000000000
#
It:7:Diff:74:PSOStep:8:Time:0.810476981:s:AutomataStep:8:Transition:01111111111010111001011110111111011101010101100101101111101011011111111011111111110111111111111101110110011001010101001111110011101111111101011110011101011111111011111111010001100111011110111111101110100100111111110010111111011111010110011110110001110001011000111111101000111001100111101111011001111111010100101111011011100111101011100111111011001011101110100111111110111011010011011101111111110101001111100111101100111010111011111110100111110111111001111011011110110010111011111110111101010111111111111111111111
000000000000000000000
000000000000000000000
001111111111111111100
001101010101010101000
001111111111111111100
001111111111111110000
001111111111111111100
001111111111111111000
001111111111111111100
001111111111111110000
001111111111111111100
001111111111111111000
001111111111111111100
001111111111111110000
001111111111111111100
001111111111111111000
001111111110111111100
001111010101010110000
001110111011101110100
000000000000000000000
000000000000000000000
#
It:15:Diff:62:PSOStep:8:Time:1.391713074:s:AutomataStep:8:Transition:01111111111001111001110111111111111111110011111011110101011010101010111111000011110111111110111111110101111111111111111111101011111110110011110111111111111111011011110111110010101101111011111111111101111111111100111010111100010011101011010000111011101100011100111101111110110101111101110111111101110011110110100111010110110011101011111111010001111011101111011111111101011111111011010111111110111111011111111111110101111111111111111100111001111111111011000011100110101101100111001110111111111111111101111111111111
000000000000000000000
000000000000000000000
001111111111111111100
001100010000010000100
001111111111101110100
001111110011111110100
001111101110111110100
001111111111111110100
001111111111111110100
001111111111111110100
001111111110111010100
001111110011111110100
001111111111111110100
001111111111111110100
001111111111111110100
001111111111111110100
001111111111111110100
001111111111111110100
001111111111111111100
000000000000000000000
000000000000000000000
#
It:274:Diff:58:PSOStep:8:Time:18.916011659:s:AutomataStep:8:Transition:01111111111001111001010111011111111111110011111111110101011010101110111111101111110111111110111111110101111111111111111111101111111110010011110111101111111111011011010111111010101111111011111101111101111111110100111110111110011011111011010100111011111100111101111101111110100111111101010111111111100011111110101111011110110011101111111111010001111111101111011111111111011111111011110111111110111111111111111111111111111111111111111000111101111011111011000011110110111101100111001110111111111111111101111111111111
000000000000000000000
000000000000000000000
001111111111111111100
001100010000010000100
001111111111101110100
001111110111111110100
001111001111101110100
001111111111111110100
001111111111101110100
001111111011111010100
001111111011111110100
001111110111111110100
001011111111111110100
001111111111111110100
001011111111111110100
001111111111111110100
001011111111111110100
001110101111101010100
001011101110111011100
000000000000000000000
000000000000000000000
#
It:356:Diff:55:PSOStep:8:Time:24.507418474:s:AutomataStep:8:Transition:01111111111101111001010111010011111111110111011111111001111010101111110111111011110110111110111111110101111111111111111111101111110110110011110111101111111111011011010111101110101111111011111101101101111111110110111111111110011011111111111100111111111101111100111111111110110011111101111110111011101011101011111010011111100011101111101111110101101111101111011111111101111111111111110111110110011111111110111111110111111111111111111000110101111111111001000011111110111101110111101110111111111111110101111111111111
000000000000000000000
000000000000000000000
001111111111111111100
001100000000000000100
001111111111111110100
001111111111111110100
001111111111110110100
001111110000001110100
001111111111101110100
001111111111111010100
001111111111111110100
001111111111111110100
001011111111111110100
001111111111111110100
001011111111111110100
001111111111111110100
001011111111111110100
001110101010101010100
001011101110111011100
000000000000000000000
000000000000000000000
end
