PSO TRACE
INIT:../../instances/fazia/init.csv
REF:../../instances/fazia/asm4.csv
DecodingPolicy:CPP
MutationPolicy:Null
ParticleNeighborhood:DynamicGeneralizedEuclideanDistance
ParticleDims:515
ParticleCount:100
AccP:2.0
AccG:2.0
AccL:1.5
AccI:2.3
Pos:0.0-3.0
Inertia:0.9-0.6
VeloMax:2.0
MaxPSOIteration:500
InertiaDecrFactor:6.000000000000001E-4
INIT
000000000000000000000
000000000000000000000
000000000000000000000
000000000000000000000
000000000000000000000
000000000000000000000
000000000000000000000
000000000000000000000
000000000000000000000
000000000000000000000
000000000010000000000
000000000000000000000
000000000000000000000
000000000000000000000
000000000000000000000
000000000000000000000
000000000000000000000
000000000000000000000
000000000000000000000
000000000000000000000
000000000000000000000
REF
000000000000000000000
010000000000000000010
001011111111111111110
000000000000000000000
001011111111111110100
001011111111111110100
001011111111111110100
001011111111111110100
001011111011111110100
001011111101111110100
001011000101111110100
001011000110111110100
001011110111111110100
001011111111111110100
001011111111111110100
001011111111111110100
001011111111111110100
010100000000000001100
001011111111111110010
010000000000000001000
000000000000000000000
Classic CPP Decoder
#
It:0:Diff:97:PSOStep:8:Time:0.133797073:s:AutomataStep:8:Transition:01011101111000111100011111001111111111111111110111111010101010000111001110111101111101111111110111111111111111110011101111111111101011111111111101101111111111011111110110011111110101111011111110111111011111111110101110111011101110001111111111110101111111111111111111101111101110111111111111111111011111110111001111111101110101101101110100101111111111111101111110111101111101110111101111111111111111101110110111010111011110111111111011110111111111111111111111101111101111001111111111111111111101011111111110011111
000000000000000000000
000000000000000000000
001010101010101010100
001010101010101011100
001000111110001111100
001011111110111111100
001111111111111111100
001111111111111111100
001111111111111111100
000111111111111111100
001011111111111111100
000011111111111111100
000001111111111111100
000000111111111111100
000000011111111111100
000000001111111111100
000000000111111111100
000000000011111111100
000000000011111111100
000000000000000000000
000000000000000000000
#
It:1:Diff:96:PSOStep:6:Time:0.30211242:s:AutomataStep:6:Transition:01011000111110111110111111111010111010111111111011111010110110011101001111110101011001110111111111111111111111100001101011001111101011111111110011111111111111011001110111000111010111111011011111101111101111000111111110111011110110101111110011011101101110011110111110101111011100011111101110101111101111100101000101110010111111011001000101101111011111100110111111001101011101101111111111110100111111111010010111111011111111111011111011001111111110111110011101111011111111001101111110111111111101011111110110011111
000000000000000000000
000000000000000000000
000000000000000000000
000000000000000000000
000010001000100010000
000010011100100110000
000011111100111110000
000011111101011110000
000011111111111110000
000011111111111110000
000011111111111110000
000011111111111110000
000011111111111110000
000011111111111110000
000011111111111110000
000011111111111110000
000011111111111110000
000000000000000000000
000000000000000000000
000000000000000000000
000000000000000000000
#
It:2:Diff:89:PSOStep:6:Time:0.459505345:s:AutomataStep:6:Transition:01111111111110111010111111101010110010101010111111110010100111011101001101010111011011110100101101111101101111100000101110001011111110111111010111111010111011111011110011010111011110111100010011101111101001001011111110111011100111101111110100010011101000111000111110101111011000001111101111111111101110101111000101110111111110111001110101101101010101000110111111011101011101111111111111010100011111111011010110111101011110110010111010011110011111111101011101101111111001011001111110101111011101111110110100110111
000000000000000000000
000000000000000000000
000000000000000000000
000000000000000000000
000011111111111110000
000010111111111110000
000011111111111110000
000000111111111110000
000011101111111110000
000011111111111110000
000011111111111110000
000001101100011110000
000011111111111110000
000011110011111110000
000011111111111110000
000001110111000110000
000011111111111110000
000000000000000000000
000000000000000000000
000000000000000000000
000000000000000000000
#
It:3:Diff:71:PSOStep:8:Time:0.582549436:s:AutomataStep:8:Transition:01101011111110111110111111101011110011101010111111110111100111111101101111010111011010100100001111111101111111100100101111001111111111101111110111111110111111111011110111010111011111111111011011101111101111000111111110111011111111111111110100110111111100111000101110101111111000001111111111111111110111111111110101110111111110111001010101101111110111011110111111011101011101110111111111010100010111111011010111111101111110111110101110111110111111111111001101101111111001011000111111111111011111111111110100111111
000000000000000000000
000000000000000000000
001011101110111011100
001011001100110011100
001111011011110111100
001111111011111111100
001111111111111111100
001111111111111111100
001111111111111111100
001111111111111111100
001111111111111111100
001111111111111111100
001111111111111111100
001111111111111111100
001111111111111111100
001111111111111111100
001111111111111111100
001101010101010101100
001111111111111111100
000000000000000000000
000000000000000000000
#
It:8:Diff:69:PSOStep:8:Time:1.017472815:s:AutomataStep:8:Transition:01111111111110111110111111101011111010101010111111111110100111011101101101011111011100101000101111111101110111101100110111001011111110111111110111111111111111111011110011010111111111111111010011111111111001001111111110111011100111101111110111111011111000111111111110101101011110011111111111111111110011111111010101111111111110111001110101101111010111000111111111111101011101110111111111011100011101111010110111111101111111111010111011011110011111111011001101111111110101011101111111111111011101111110110100111111
000000000000000000000
000000000000000000000
001111111111111111100
001011111111111111100
001111111111111111100
000011111111111111100
001011111111111111100
001011101111111111100
001110111111111111100
000010111111111111100
001111111111111111100
001111011111111111100
001111111111111111100
000111111111111111100
001111111111111111100
001111111111111011100
001111111111111111100
000100010001000101100
001111111111111111100
000000000000000000000
000000000000000000000
#
It:45:Diff:68:PSOStep:8:Time:3.875913346:s:AutomataStep:8:Transition:01111001111110011110111111101110101110101100110101111110100111011111001111111001011001111111101101111101111111111101111111101011111111111111010111111011111011111010110011010011111111111100010111111110111001000111111110011011100011001101010111111111111100111100001110101101111011001111111111101111100111101111010101010110011111111101010111101111111111011100111110100101011101111111101111111101011101111010110111111101101110111011101111111110011110111111001001111101111101111100111111101111111111111111100100011111
000000000000000000000
000000000000000000000
001110111011101110100
001010010101001001100
001111011111101111100
001011111111111111100
001111011111111111100
001011111111111111100
001111011111111111100
001010011111111111100
001111111111111111100
001011101111111111100
001111011111111111100
001010111111111111100
001111111111111111100
001011111111111111100
001111111111111111100
001101100110011001100
001111111111111111100
000000000000000000000
000000000000000000000
#
It:126:Diff:66:PSOStep:8:Time:10.306460345:s:AutomataStep:8:Transition:01111111101110111110111111101011101010101010111001111110100011111101101101111111011111101010001111101101110111101100111111101011111110111111110111101011011111011011010011010111111110111111010110111111111001001110111111110011100111101111111111110011010101111111111110101100011110001111101111111111110011100011000101111111011110111001110111101111010111000110111110111101111101010111111111011101010101110010110111111101101111111010111011110010011111111011001101111011110101010101111111011111011101111110100100111111
000000000000000000000
000000000000000000000
001111111111111111100
000011001100110011100
001111111111111111100
001111011111111111100
001101111111111111100
001000111111111111100
001111111111111111100
001111111111111111100
001101111111111111100
001111111111111111100
001111111111111111100
001111111100111111100
001110111111111111100
001001111111111011100
001111111111111111100
000100000000000101100
001111111111111111100
000000000000000000000
000000000000000000000
#
It:133:Diff:61:PSOStep:8:Time:10.975703823:s:AutomataStep:8:Transition:01111111111010011100111111101011101010111010010111101111100011111111101101011111011110111100101111101001110111100100111111001111111111111111110111111111110001111011010011010010111110111111011110111111111001001111111100110011100111101101010111111111101100111111111110111111011110001101101111111111110010101111000101111110111111011101110101101101010101001110111111111101111101111111101111011100010101110010010110111101101111111010111010111000001111111011011101101111111111010101111111111111011101111110110100111111
000000000000000000000
000000000000000000000
001111111111111111100
001011101110111011100
001111111111111110100
000011111111111111100
001011111111111110100
001001111111111111100
001110111111111110100
000111111111111111100
001011111111111110100
001011111111111101100
001111111111111110100
000011110111001101100
001011111111111110100
001011101110111001100
001111111111111110100
000000000000000001100
001111111111111111100
000000000000000000000
000000000000000000000
#
It:189:Diff:60:PSOStep:8:Time:15.356029776:s:AutomataStep:8:Transition:01111111111110011110111011101011100010111010110101111111100011111111101101111111011110111000001111101001110111101100111111101111111110111111110111111111111001011011110011110110111111111110010111111111111001001111111101111011100111101111011111111011111101111101111110111101011110001111101111111111110111101111010101111101111111011101110101101111010111011110111111111101111101111111100111011100010101111010110110111101101111111010111011111000001110111111011101101111111101010101111111011111011101111110110100111111
000000000000000000000
000000000000000000000
001111111111111111100
001011101110111011100
001111111111111110100
000111111111111111100
001011111111111110100
001011111111111111100
001111111111111110100
000111111111011111100
001011111111111110100
001011111111111111100
001111111111111110100
000111110000000111100
001011111111111110100
001011111111111111100
001111111111111110100
000000000000000001100
001111111111111111100
000000000000000000000
000000000000000000000
#
It:196:Diff:55:PSOStep:8:Time:15.920394831:s:AutomataStep:8:Transition:01111111111110011110111111101011111010111000111101110111100011111111101101111111011110111100101111101101110111101100111111101111111110111111110011111111111101111011100011010110111110111110011111111111111001001111111100111011100111101111111101111111111100111111111110101101011110001101111111111111110111101111100101111101111111111101100101101101010011010110011110111101011101111111111111011100010101110011110111111101101111110010111011111000001111111111011101111111111111011101111101101111011101111110110100111111
000000000000000000000
000000000000000000000
001111111111111111100
001011101110111011100
001111111111111110100
000011111111111111100
001011111111111110100
001011111111111111100
001111111111111110100
000011111111111111100
001011111111111110100
001011111111111111100
001111111111111110100
000011110000001111100
001011111111111110100
001011111111111111100
001111111111111110100
000000000000000001100
001111111111111111100
000000000000000000000
000000000000000000000
#
It:318:Diff:54:PSOStep:8:Time:25.448096321:s:AutomataStep:8:Transition:01111111111110011110111111101111111010111010111111110111100011111111101101111111011110111100001111100101110111110001111111101111111111111111110001011111111111011011100011110110111110111110011110111111111001001111101100111011100111100111110101111111111100111111111110101111111110001001111111111111110111101111100101111110111111111101110101101101000011111110011110111101011101111111101111111100010101110011110111111101101110110010111011111000001111111111111101111111111111011001111101101111011111111111110100111111
000000000000000000000
000000000000000000000
001111111111111111100
001011101110111011100
001111111111111110100
000011111111111111100
001011111111111110100
001011111111111111100
001111111111111110100
000011111111111111100
001011111111111110100
001011111111111111100
001111111111111110100
000011110111001111100
001011111111111110100
001011101110111111100
001111111111111110100
000000000000000001100
001111111111111111100
000000000000000000000
000000000000000000000
#
It:402:Diff:53:PSOStep:8:Time:31.954416702:s:AutomataStep:8:Transition:01111111111110011110111111101111101010111010010011110111100011101101100101111111011111111100001111100001110111110100111111101111111110110111100111011111111001011011100011010010111110111110011110111111111001001111101100110011100111100111011101111111111101111111101110101111011100001101111011111111110111101111000101111100111110111001110101100111000011010110011110110101011101111111101111010100010101111000100111111101101101010010111011110000001111111110001101111111111101011001111111101111011111111111110100111111
000000000000000000000
000000000000000000000
001111111111111111100
001001100110011001100
001111111111111110100
000011101110111111100
001011111111111110100
001011111111111111100
001111111111111110100
000011111111111111100
001011111111111110100
001011111110111111100
001111111111111110100
000011110011001111100
001011111111111110100
001011100111011111100
001111111111111110100
000000000000000001100
001111111111111111100
000000000000000000000
000000000000000000000
#
It:473:Diff:50:PSOStep:8:Time:37.420462463:s:AutomataStep:8:Transition:01111111111110111110110111101111111010111000010011110111100011001101100101111111011111111100101111101001110111110100111111101111111110110111100111011110111001111011100111010110111110111110011110111111111001001011001100110011100111000111011101111111111101111111111110101111011010001111101011111111100111101111000101111100111110111101110101101111000011011110111110111101011101111111101111011100010101111000110111110101101101010010111011111000001111111110101101011111111101011001111101101111011111111111110100111111
000000000000000000000
000000000000000000000
001111111111111111100
001000001001001001100
001111111111111110100
000011101111111111100
001011111111111110100
001011011111111111100
001111111111111110100
000011111111111111100
001011111111111110100
001011111110111111100
001111111111111110100
000011110011001111100
001011111111111110100
001011100111011111100
001111111111111110100
000000000000000001100
001111111111111111100
000000000000000000000
000000000000000000000
#
It:486:Diff:49:PSOStep:8:Time:38.451001374:s:AutomataStep:8:Transition:01111111111010111110111111101111111010111010010111110101100011101111001101111111010101111100101111101101110110100100101111101111111010110011100101011110111011111010101111010110011111111110011110111111111000000011111100110011100111100011011101111011111101111111011110101111111110001101101111111111110111111111000101111101111010111001110101101111010111011110101111110101011101111111111111011100010101111000110111110101111111111010111111111000001111111110011101011111111011010011111111111111011101111111100100111111
000000000000000000000
000000000000000000000
001111111111111111100
001000110011001100100
001111111111111111100
000011111111111110100
001011111111111011100
001011111111111110100
001111111111111011100
000011111111111110100
001011111111111111100
001011111111111110100
001111111111111111100
000011110011111110100
001011111111111111100
001011110111111110100
001111111111111110100
000000000000000001100
001111111111111111100
000000000000000000000
000000000000000000000
end
