PSO TRACE
INIT:../../instances/fazia/init.csv
REF:../../instances/fazia/asm4.csv
DecodingPolicy:CPP
MutationPolicy:Null
ParticleNeighborhood:DynamicGeneralizedEuclideanDistance
ParticleDims:515
ParticleCount:100
AccP:2.0
AccG:2.0
AccL:1.5
AccI:2.3
Pos:0.0-3.0
Inertia:0.9-0.6
VeloMax:2.0
MaxPSOIteration:500
InertiaDecrFactor:6.000000000000001E-4
INIT
000000000000000000000
000000000000000000000
000000000000000000000
000000000000000000000
000000000000000000000
000000000000000000000
000000000000000000000
000000000000000000000
000000000000000000000
000000000000000000000
000000000010000000000
000000000000000000000
000000000000000000000
000000000000000000000
000000000000000000000
000000000000000000000
000000000000000000000
000000000000000000000
000000000000000000000
000000000000000000000
000000000000000000000
REF
000000000000000000000
010000000000000000010
001011111111111111110
000000000000000000000
001011111111111110100
001011111111111110100
001011111111111110100
001011111111111110100
001011111011111110100
001011111101111110100
001011000101111110100
001011000110111110100
001011110111111110100
001011111111111110100
001011111111111110100
001011111111111110100
001011111111111110100
010100000000000001100
001011111111111110010
010000000000000001000
000000000000000000000
Classic CPP Decoder
#
It:0:Diff:97:PSOStep:8:Time:0.097513375:s:AutomataStep:8:Transition:01011111111111111011111011111101111111110101110100101101001111011110111111011111111111111111111111101001111111110011110110111111111100111111111001111110101111011111111111111111111111101111101111100111110010111111111111111111110111100011101011011011111111111101111001111111111111110100111111111110101011001111011101110101101111101011111000111111111011110111111001010111111111111100110101110101111111111101111111111011111100101111101111111111100010101111011111111000111011111111011111101111111111111101110011110111
000000000000000000000
000000000000000000000
001010101010101010100
001111111111111111100
001110101010101111100
001111111111111111100
001110111111111111100
001111111111111111100
001110111111111111100
001111111111111111100
001110111111111111100
001111111111111111100
001110111111111111100
001110111111111111100
001111111111111111100
001111111111111111100
001111111111111111100
001111111111111111100
001110111011101110100
000000000000000000000
000000000000000000000
#
It:3:Diff:82:PSOStep:6:Time:0.473200718:s:AutomataStep:6:Transition:01111111111111111011110011111111111111011110111111111111101111111011111111111111110111110101011110011111111111111111110101111111111111111101111101111110101111101100110111111111110111111011111111110111110110111111101111111111111011111111101111001110111111111111111011111111011101111111111111111110111111011111111101111111101111010011110111011111111011111111111101101011110111111111111100010111111111001101001111111111111110111101111111111111101011111111011111111101111111110111110111111111111111111111111110011111
000000000000000000000
000000000000000000000
000000000000000000000
000000000000000000000
000011111111111110000
000011111111111110000
000011111111111110000
000011111111111110000
000011111111111110000
000011111111111110000
000011111111111110000
000011111111111110000
000011111111111110000
000011111111111110000
000011111111111110000
000011111011101110000
000011101110111010000
000000000000000000000
000000000000000000000
000000000000000000000
000000000000000000000
#
It:13:Diff:77:PSOStep:6:Time:1.230405025:s:AutomataStep:6:Transition:01111111111111111011110111111111111111011010111111101111101111111011111111010111111111110101011111011011111111111111110101111111111111111111111111111110101111111110110111111111111101111011111111110111000111111111101111111111111111111101101111001010111111111111111001111111011101111111111111111110110111011111100101111111101111010111100101001111111011111111111111111011110111011111111011010111111111111111111110111111110110111111111111111111001101111111011111111101111111110110111111111110111111111111111110011111
000000000000000000000
000000000000000000000
000000000000000000000
000000000000000000000
000011111111111110000
000011111111111110000
000011111111111110000
000011111111111110000
000011111111111110000
000011111111111110000
000011111111111110000
000011111111111110000
000011111111111110000
000011111111111110000
000011111111111110000
000011111111111110000
000011111111111110000
000000000000000000000
000000000000000000000
000000000000000000000
000000000000000000000
#
It:37:Diff:73:PSOStep:8:Time:2.852540162:s:AutomataStep:8:Transition:01111011111011111111100011111011011111111110111111111110011111111010111111010011110111110001011111101011110111111111110101111110111111011111111101110010100111110011110111101110111100011011111111111111100111000111111111101111111111111101101101001111111011111111111111111111111011011111111111010110111111011110111111110100101111110111101101001111111101111111111011111111111111011111011111010110011111111111111010111111110110111011110111111011101101111111101111111111111111110111111111111111110111111110111110011111
000000000000000000000
000000000000000000000
001111111111111111100
001111111111111111000
001011111111111111100
001011111111111111000
001011111111111111100
001011111111111111000
001011101111111111100
001011101111111111000
001011101111111111100
001011101111111111000
001011101111111111100
001011111111111111000
001011111111111111100
001011111111111111000
001011111111111111100
001111111111111111000
001111111111111111100
000000000000000000000
000000000000000000000
#
It:42:Diff:72:PSOStep:8:Time:3.194327739:s:AutomataStep:8:Transition:01111011111101101111100101111101101111111110110101111110101111111010111111110111111111110101111111011111110110111111111101101111111111011101111111100010000110110111100111111111101100011011111111110111100101100111011111101111111111101110101110001111011111111111111111101111011111111011111111101110111011011111111111111110101011100111111111001101010001111101111111111111111111111101111110010110011111111111111010111111110111011011111111111111101111101110001111111100100111110111111101111110111111111101110110011111
000000000000000000000
000000000000000000000
001111111111111111100
001111111111111111100
001011111111111111100
001011111111111111100
001011111111111111100
001011111111111111100
001010111111111111100
001111111111111111100
001111111111111111100
001011111111111111100
001111101111111111100
001111111111111111100
001011111111111111100
001011111111111111100
001011111111111111100
001111111111111111100
001111111111111111100
000000000000000000000
000000000000000000000
#
It:56:Diff:69:PSOStep:8:Time:4.155030414:s:AutomataStep:8:Transition:01111111111001111111100101111101111101111111110011110100111111111010110111110111111111111101111111001011101111111011110101101101111110111111110110101110110111011111110111111111100101111011111011111101000111111111100111101111011111011100101111101111111111111111101111101111011001111011110111111110110111001001111101111111111111011111100111001011111010111111111111111111111101111111011100110110111111111101110111111111011110101011010111110110101011111110111111110111110111110111111101110110111111111111111110011111
000000000000000000000
000000000000000000000
001111111111111111100
001111111111111110000
001011111111111111100
001011111111111111100
001011111111111111100
001011111111111110000
001011101111111111100
001111111111111111100
001111111111111111100
001011111111111010000
001111111111111111100
001111111111111111100
001011111111111111100
001011111111111110000
001011111111111111100
001111101110111011100
001110111011101110100
000000000000000000000
000000000000000000000
#
It:74:Diff:65:PSOStep:8:Time:5.408629297:s:AutomataStep:8:Transition:01111111111001111011100101111111111111111111010111110100100001111010110111011011101111111101111111111001101011111111110101111000111111111111111100111111101110111111110111111111101011111010111011011001000111110111101111100110111111000101111111101111110111111101101111101111011101111011110111111110111111011001111111111101111111100111101111111111111011101100111111101111111011111110111100110111111111111101110111011111011110101111010101111010101011111111011111111010100011111111110111101001111101111110110110011111
000000000000000000000
000000000000000000000
001111111111111111100
001111111111111110100
001011111111111011100
001011111111111110100
001011111111111111100
001011111111111110100
001011111111111111100
001011111111111110100
001011111111111111100
001011101111111110100
001011111111111111100
001011111111111111100
001011111111111011100
001011101111101010100
001010111111111111100
001110111111101111100
001110111011101110100
000000000000000000000
000000000000000000000
#
It:84:Diff:64:PSOStep:8:Time:6.096614675:s:AutomataStep:8:Transition:01111011111001111111100101111111101111111111010111111100100011111001111111111011110111110111111111111011110111111111110100111111111110111111111100111010111111111101110111111111100101011101111111011111100110100111101101100111111111101101111111001110111110111011111111101111111111111110111111101111111110011000111111011101111111100011101111001111111001111111111011111111111011111111110111110111011111111111111110011111111100110111011111101010101111111100001101011111110011110111111111111011111111011110010111011111
000000000000000000000
000000000000000000000
001111111111111111100
001111111111111110100
001011111111111111100
001011111111111111100
001011111111111111100
001011111111111110100
001011111111111111100
001011111111111111100
001011111111111111100
001011111111111110100
001011111111111111100
001011111111111111100
001011111111111011100
001011111111111110100
001011111111111111100
001011111111111111100
001111111111111111100
000000000000000000000
000000000000000000000
#
It:127:Diff:62:PSOStep:8:Time:9.018396612:s:AutomataStep:8:Transition:01111111111101111111100101011011101111111111000111111100100011111010111111111011111111111101111111111011111111111111110100111110111111111101011000111111110111111101110111001011101101011111111111011011000110100111111011101111111111101100111111001111101110111101011101001111111111111110111111101101111110011101111111111101111111100111101111100101111001111101111110111111111011111111111110110111000111111111111110010111111110011111011111101010101111011100001111011011110111111011110111111011010101011110110110011111
000000000000000000000
000000000000000000000
001111111111111111100
001111111111111110100
001011111111111111100
001011111111111111100
001011111111111111100
001011111111111110100
001011111111111111100
001011111111111111100
001011111111111111100
001011111111111110100
001011111111111111100
001011111111111111100
001011111111111111100
001011111111111110100
001011111111111111100
001111111111111111100
001111111111111111100
000000000000000000000
000000000000000000000
#
It:296:Diff:60:PSOStep:8:Time:20.481464829:s:AutomataStep:8:Transition:01111011111001111111100101001011101011111111010111110100101011111011100111111011111111111101111111111011111111111111110100111011111110111101111100111110110111111101110111111111101101011111111111110111100111110111101011101111111111101100111111001111111110111101101111001111111111111111111111101101111110011101111111111101111111110111101111101111111001111101111110111111111011111111110111110111000111101111111110011111111100111111011111101010101111111101001111011011110111111110111111111111110111111110110110111111
000000000000000000000
000000000000000000000
001111111111111111100
001010111011101110100
001111111111111111100
001111111111111111100
001011111111111111100
001011111111111110100
001011111111111111100
001011111111111111100
001011111111111111100
001011111111111110100
001011111111111111100
001011111111111111100
001011111111111111100
001011111111111110100
001011111111111111100
001111111111111111100
001111111111111111100
000000000000000000000
000000000000000000000
#
It:482:Diff:59:PSOStep:8:Time:33.129398925:s:AutomataStep:8:Transition:01111011111001111111100100001011101111111110010101110100110011111011101111111011111111111101111111111011001111111110010100111110111111111101111100111110111111111111100111111111101101011111111111111111100111110111101111101111111111101100111111011111111110111101101111001111111111111110111111101101111110011001111111111101111111010111101111101111111001111100111010111110111011111110111110110111000111101111111100111011111110111110011111101010101101111101001111011011110111111111111111111111111111111110110110110111
000000000000000000000
000000000000000000000
001111111111111111100
001010101010101010100
001111111111111111100
001111111111110111100
001011111111111111100
001011111111111110100
001011111111111111100
001010111111111111100
001011101111111111100
001011101111111110100
001011101111111111100
001010111111111111100
001011111111111111100
001011111111111110100
001011111111111111100
001111111111111111100
001111111111111111100
000000000000000000000
000000000000000000000
#
It:489:Diff:58:PSOStep:8:Time:33.61291772:s:AutomataStep:8:Transition:01111011111001111111100100001011101111011111010111110100110011111011111111111010110111111101011111111011110111111010010100111111111111111101111100111110011111111111100111111111101101011111110111011111100111110111111111101111010111101100111010001111101110111101101101001101111011111110111111101101111111011001111110111101111111110111101111101111111001111100111010111111111011111110110111110111001111101111111110111011111110011111111111101010101101111101011111011110100111111111101111111110111011111110010110110111
000000000000000000000
000000000000000000000
001111111111111111100
001010101010101010100
001111111111111111100
001111111111111111100
001011111111111111100
001011111111111110100
001011111111111111100
001010111111111111100
001011101111111111100
001011101111111110100
001011101111111111100
001010111111111111100
001011111111111111100
001011111111111110100
001011111111111111100
001111111111111111100
001111111111111111100
000000000000000000000
000000000000000000000
#
It:492:Diff:57:PSOStep:8:Time:33.835282629:s:AutomataStep:8:Transition:01111111111001111011100101001011101111111111010101110100100011111011101111111010111111111101011111111011100111111111010100111111111111111101111100111110110111111111100111111111101101011111111111010101000101110111101111100111111111101100111111011111111110111101101111001101111111111010111111101101111110011001111111111101111111110111101111001101110001111100111010111101111011111111111111110111000111101111111110111011111110111111011111101010101101111101001111010011100111111110101111111111111011111110010110111111
000000000000000000000
000000000000000000000
001111111111111111100
001010101010101010100
001111111111111111100
001111111111111111100
001011111111111111100
001011111111111110100
001011111111111111100
001011111111111111100
001011111111111111100
001011111111111110100
001011111111111111100
001011111111111111100
001011111111111111100
001011111111111110100
001011111111111111100
001111111111111111100
001111111111111111100
000000000000000000000
000000000000000000000
end
