PSO TRACE
INIT:../../instances/fazia/init.csv
REF:../../instances/fazia/asvn2.csv
DecodingPolicy:Nibble:CDLE2
MutationPolicy:Std
ParticleNeighborhood:EDist
ParticleDims:146
ParticleCount:100
AccP:2.0
AccG:2.0
AccL:1.5
AccI:2.3
Pos:0.0-3.0
Inertia:0.9-0.6
VeloMax:2.0
MaxPSOIteration:500
InertiaDecrFactor:6.000000000000001E-4
INIT
000000000000000000000
000000000000000000000
000000000000000000000
000000000000000000000
000000000000000000000
000000000000000000000
000000000000000000000
000000000000000000000
000000000000000000000
000000000000000000000
000000000010000000000
000000000000000000000
000000000000000000000
000000000000000000000
000000000000000000000
000000000000000000000
000000000000000000000
000000000000000000000
000000000000000000000
000000000000000000000
000000000000000000000
REF
000000000000000000000
000000000000000000000
000000000000000000000
000000000010000000000
000000000101000000000
000000001000100000000
000000010100010000000
000000100010001000000
000001010001000100000
000010001010101010000
000100010001000101000
000010001000100010000
000001000100010100000
000000100010001000000
000000010001010000000
000000001000100000000
000000000101000000000
000000000010000000000
000000000000000000000
000000000000000000000
000000000000000000000
Nibble Decoder
#
It:0:Diff:45:PSOStep:3:Time:0.313988905:s:AutomataStep:3:Transition:00100000110010101100010000001110011011100110001011000110100010001000101000101110010011100110100010000110010000001000101001001110010001001110111010100110001000101010111010101110110000101100000011101110001000101110110011100010011000000000000010100000111000100100000010101000001000000000111001100000101010100010001011001000110011001010100011101000000010100000001000001100100001101010100011100110001001001010111000101000000001101010001010000000000011101100100001100000110001100100110011001000001010101010111001101110
000000000000000000000
000000000000000000000
000000000000000000000
000000000000000000000
000000000000000000000
000000000000000000000
000000000000000000000
000000000010000000000
000000000111000000000
000000000110000000000
000000010000000000000
000000001100000000000
000000010100000000000
000000010000000000000
000000000000000000000
000000000000000000000
000000000000000000000
000000000000000000000
000000000000000000000
000000000000000000000
000000000000000000000
#
It:2:Diff:44:PSOStep:10:Time:1.000494185:s:AutomataStep:10:Transition:11000000101000001100001010101000111000001110101000001100000010100000110010001100011011000100001011000110000000001010110001100000000000100100000011001100110011001100010011001100000000101100000010000000110011100110101000001100000010000000000001100010111010100010000000100000001010000000110011101110110011001100110000000000110010001100001000000100010010001000110011100000111010001000110011001110110011101100110011001110111001001100110000001100000000000100000010100010110001100000100000000000110011000000110000100000
000000000000000000000
000000000000000000000
000000000000000000000
000000000000000000000
000000000000000000000
000000000000000000000
000000000000000000000
000000000000000000000
000000000000000000000
000000000000000000000
000000000000000100000
000000000000000000000
000000000000000000000
000000000000000000000
000000000000000000000
000000000000000000000
000000000000000000000
000000000000000000000
000000000000000000000
000000000000000000000
000000000000000000000
#
It:7:Diff:43:PSOStep:1:Time:1.736150344:s:AutomataStep:1:Transition:00100110001001000010011001101110101010000100010010000100011010000000101000101110001010000010100001001000100011100110001011000010010010001000100000100010001000100110111000101010100000100010111000001000101011100110011001100010111010000010010001000010100001100100111010100010001011100100100001101000001000101010100000001010000011000010101001100010110011000110001010001110100000100100110001100010011001100100001001101000011010000010001010001010100010001110100001001000100000101110100010000110011000100100100000101110
000000000000000000000
000000000000000000000
000000000000000000000
000000000000000000000
000000000000000000000
000000000000000000000
000000000000000000000
000000000000000000000
000000000000000000000
000000000010000000000
000000000001000000000
000000000000000000000
000000000000000000000
000000000000000000000
000000000000000000000
000000000000000000000
000000000000000000000
000000000000000000000
000000000000000000000
000000000000000000000
000000000000000000000
#
It:8:Diff:41:PSOStep:5:Time:1.897572696:s:AutomataStep:5:Transition:00100010001010101010011000000000100000000010101000000000000001100000001000100100001000100010000011000010000000100010001011000110111000000010000000100000001000001100001000100100000000101000000001100000001010100100001011000010110000000100010001000010101000000000000000101010000000100000000001000000101000101010101001001010000000100010001001100110001011000110001000000000010000100100000001001010101011100000110000100000001010100010001011000100000011100010000000100100000011000010000010100010110000101110000000101100
000000000000000000000
000000000000000000000
000000000000000000000
000000000000000000000
000000000000000000000
000000000010000000000
000000000011000000000
000000000010000000000
000000000001000000000
000000000010101000000
000000000001010100000
000000000000101000000
000000000000010000000
000000000010000000000
000000000011000000000
000000000010000000000
000000000000000000000
000000000000000000000
000000000000000000000
000000000000000000000
000000000000000000000
#
It:11:Diff:37:PSOStep:7:Time:2.309617576:s:AutomataStep:7:Transition:00100010101000000000011010100000001010000000111000000000000001000100001000101100000000100110000000000000111011100010001011000110000000001000000000100010001000101100100000100110100000100000100000101110000000001010001000100010001000000010111011100010000001100000000000100000000000001000110000100000000001100110110000001110011000100010101010000010000001000100001010000000000000100110000000100110110000001000001000100000001000100010001010000100000000100010000001001100000000100000010000000010110000101000111000100100
000000000000000000000
000000000000000000000
000000000000000000000
000000000010000000000
000000000100000000000
000000001000000000000
000000010000000000000
000000100000000000000
000001000000000000000
000010001000000000000
000100000100000000000
000000000000000000000
000000000000000000000
000000000000000000000
000000000000000000000
000000000000000000000
000000000000000000000
000000000000000000000
000000000000000000000
000000000000000000000
000000000000000000000
#
It:13:Diff:35:PSOStep:7:Time:2.617611643:s:AutomataStep:7:Transition:00100100001000100000001010100000101000000000100000000000001010100010001000100000100000100010000011100000000000101100001000100000111000000000000000100010001010100000000000100000011000100000000000101100001010001110101010100010110000000010001000000100000001000000000000100000000011100000000001000110001010100100110000100010011000101100110011001010001010100100001000000000011000101000000000101000101000000000110000100000001000100010001001101010000010101100000000101010110000100000000011000010101001001010000000101100
000000000000000000000
000000000000000000000
000000000000000000000
000000000010000000000
000000000001000000000
000000000000100000000
000000000000010000000
000000000010001000000
000000000001000100000
000000000000000010000
000000000000010001000
000000000001110010000
000000000001010000000
000000000011000000000
000000000000000000000
000000000010000000000
000000000001000000000
000000000010000000000
000000000000000000000
000000000000000000000
000000000000000000000
#
It:18:Diff:32:PSOStep:7:Time:3.299493455:s:AutomataStep:7:Transition:00100010001001000000010011100000111000000000010000000000001011100010001000100000000000100010000000000000011011000010001000101010111000000000000000100010001010100100000000100000011000100000000000000100001010001000100011100010110000000010000000001100000000100000000000100000000000000000011000100110000011100010000000100010011000101100111001000110001001101100001000000110111000101010000000101110110000000000100000101000001000100010001001001110000011000100000000100000111000100100000011101000111001001010011000101000
000000000000000000000
000000000000000000000
000000000000000000000
000000000010000000000
000000000001000000000
000000000000100000000
000000000000010000000
000000000010001000000
000000000001000100000
000000000000100010000
000000000000010001000
000000000010101010000
000000000001000100000
000000000000101000000
000000000000010000000
000000000010100000000
000000000001000000000
000000000010000000000
000000000000000000000
000000000000000000000
000000000000000000000
#
It:27:Diff:30:PSOStep:7:Time:4.930324315:s:AutomataStep:7:Transition:00100010001011000000011000000000110000000000110000001000001011000010001000100000000001000010011001000110111000100010001001000000111000000000110011100010001011100110000000100000000010000110000000001100001000100100100010000010001011000010000000000010000000100000000000100110000000100110000000101100000001000000110000100010110000101100110000101000010000100100001000001100110000101000000000101110000000000000001000100010001000100010001011000100000000000100000000100010100000100010000000001010001000100000011000100010
000000000000000000000
000000000000000000000
000000000000000000000
000000000010000000000
000000000001000000000
000000000010100000000
000000000000010000000
000000000010101000000
000000000001000100000
000000000010101010000
000000000001100001000
000000000010000010000
000000000000100100000
000000000010101000000
000000000000010000000
000000000010100000000
000000000001000000000
000000000010000000000
000000000000000000000
000000000000000000000
000000000000000000000
#
It:29:Diff:29:PSOStep:7:Time:5.343090022:s:AutomataStep:7:Transition:00100010001000000000000000001010110000000000011000000000001001000010001000100000000000000010110011100110000000000010001000101000111000000000111000101000000010101000000000000000000000000000000011101110001010001110100010001000111011100010000000000010000000100000000000101100000000100000011000101100101010101100111000100010110000100010010011101010001011000010001001100110011000101010000000101110001000000000010000100010001000100010001011101010000011000010101010000010001000101110011011001010111000100000000000100010
000000000000000000000
000000000000000000000
000000000000000000000
000000000010000000000
000000000001000000000
000000000010100000000
000000000001010000000
000000000010101000000
000000000001000100000
000000000010101010000
000000000001010101000
000000000000000010000
000000000001110100000
000000000010010000000
000000000001000000000
000000000000100000000
000000000001000000000
000000000010000000000
000000000000000000000
000000000000000000000
000000000000000000000
#
It:75:Diff:27:PSOStep:7:Time:11.901552575:s:AutomataStep:7:Transition:00100100001000100000000010100000111000000000100000000000001010000010001000101010000001000010000001001010001000100010001000100110101000000000111011100000000010001110000000100000101001000000011010101100001000100010111010000010001010100010000010100010000000100000000000100000000000100000000000101110111010100100011000100010110000101110011001001110001000100010001000000000011000101010000000100100011000000000000000100010001000000010001011000100000001101000000000100000111000100100011000000110000000101110111000100010
000000000000000000000
000000000000000000000
000000000000000000000
000000000010000000000
000000000001000000000
000000000000100000000
000000000000010000000
000000000010001000000
000000000001000100000
000000000000100010000
000000000000010001000
000000000000101010000
000000000001110100000
000000000010001000000
000000000001010000000
000000000000100000000
000000000001000000000
000000000010000000000
000000000000000000000
000000000000000000000
000000000000000000000
#
It:242:Diff:26:PSOStep:7:Time:34.955892599:s:AutomataStep:7:Transition:00100000001011000000000001100110111000000000110000000000000010100010001000100000000000100010110010000010011000100010001000100110110000000000100000100100001000101100000000100000000010100000000000000110001000000000100011000000101010100010000001100010000000100000000000100000000000100000000000000000110010100010000000100010001000101000100001001100001000100010001000001110110000100100000000100010011000000000000000100010001000100010001010100010000000001110000010100010111000100010000000000110101000101000100000100010
000000000000000000000
000000000000000000000
000000000000000000000
000000000010000000000
000000000001000000000
000000000000100000000
000000000000010000000
000000000010001000000
000000000001000100000
000000000000100010000
000000000000010001000
000000000000000010000
000000000000011100000
000000000010001000000
000000000001010000000
000000000000100000000
000000000001000000000
000000000010000000000
000000000000000000000
000000000000000000000
000000000000000000000
#
It:301:Diff:25:PSOStep:7:Time:42.743981229:s:AutomataStep:7:Transition:00100010101010000000000010001100101011000000000000000000101001000010001000100000000000000010101000100110101000100010001000100000010000000000100011101110111011101110000000100000000000100100000000000010001011101110000011101010111011000010000000000000000011000000000000100000000001000000011000101100011001000010101000100010110000101010110000101010001000100010001000000100100000001000000000100000000000001010101000100000001000100010001000001110000000001100010000100010010000100000000000000000000000100000000000100010
000000000000000000000
000000000000000000000
000000000000000000000
000000000010000000000
000000000101000000000
000000001000100000000
000000010100010000000
000000100010001000000
000001010001000100000
000010001010011010000
000101010100000001000
000000000011100000000
000000000101010000000
000000000000000000000
000000000000000000000
000000000000000000000
000000000000000000000
000000000000000000000
000000000000000000000
000000000000000000000
000000000000000000000
#
It:341:Diff:19:PSOStep:7:Time:48.370676754:s:AutomataStep:7:Transition:00100010110000000000000000100010110011000000000000100000010000100010001000100000000000100010001011100010000010100000001011100000101000000000000001000100001001000010000000000000101000001000000000001110100011100100000000100010100010000010000000000010000011100000000001001010000000101110100011101110000000000010000000101000000000100100001000100000001000100010100000000000000000100010000000100010000000000010010001100100001000000010001000101110000000001110000000100010001000101110000000000000110000100010100000100010
000000000000000000000
000000000000000000000
000000000000000000000
000000000010000000000
000000000101000000000
000000001010100000000
000000010101010000000
000000101010101000000
000001010101010100000
000010101010101010000
000101010101010101000
000010101010101010000
000001010101010100000
000000101010101000000
000000010101010000000
000000001010100000000
000000000101000000000
000000000010000000000
000000000000000000000
000000000000000000000
000000000000000000000
#
It:416:Diff:15:PSOStep:7:Time:58.746294749:s:AutomataStep:7:Transition:00100010100000000000000010100000111010100000000000101110010011000010001000100000000000100010001000000100011011100100001000101010101000000000101011101010000011000100000000000000001011000100000011000000100011101110000001000010010011100010011000000010000001000000000001101000000000101000000000000100110000000010000000000010000000100010101000101110001001000010001000001110111000100010000000000110110000001100001001100010001000000010001010000000000000001000000001000000001000100100000001101100000000100010111000101000
000000000000000000000
000000000000000000000
000000000000000000000
000000000010000000000
000000000101000000000
000000001000100000000
000000010100010000000
000000100010001000000
000001010001000100000
000010001000100010000
000101010000010001000
000010100000101010000
000001010101010100000
000000100000101000000
000000010000010000000
000000001010100000000
000000000101000000000
000000000010000000000
000000000000000000000
000000000000000000000
000000000000000000000
#
It:449:Diff:12:PSOStep:7:Time:63.172882488:s:AutomataStep:7:Transition:00100010110000000000000011001100111010100000010010101000001011000010001000100100000000100010000011101110110011000110001000000000111000000000010010101110011000001100000000000100110000100010000000101110010011000110000010101000101011100010000000000000000011000000000000001110000001100000000010000010011001100010000001100010000000100010000000100100001011100010001000001000001001100010000000101100110000001000000010001100001001100010001000100000000001000110000011100010000000101110000000001100000000100110101000100000
000000000000000000000
000000000000000000000
000000000000000000000
000000000010000000000
000000000101000000000
000000001000100000000
000000010100010000000
000000100010001000000
000001010001000100000
000010001000100010000
000101010000010001000
000010001000100010000
000001010001000100000
000000100010001000000
000000010100010000000
000000001000100000000
000000000101000000000
000000000010000000000
000000000000000000000
000000000000000000000
000000000000000000000
end
