PSO TRACE
INIT:../../instances/fazia/init.csv
REF:../../instances/fazia/asm3.csv
DecodingPolicy:CPPNot:CDLE2
MutationPolicy:Std10
ParticleNeighborhood:Fixed
ParticleDims:515
ParticleCount:100
AccP:2.0
AccG:2.0
AccL:1.5
AccI:2.3
Pos:0.0-3.0
Inertia:0.9-0.6
VeloMax:2.0
MaxPSOIteration:250
InertiaDecrFactor:0.0012000000000000001
INIT
000000000000000000000
000000000000000000000
000000000000000000000
000000000000000000000
000000000000000000000
000000000000000000000
000000000000000000000
000000000000000000000
000000000000000000000
000000000000000000000
000000000010000000000
000000000000000000000
000000000000000000000
000000000000000000000
000000000000000000000
000000000000000000000
000000000000000000000
000000000000000000000
000000000000000000000
000000000000000000000
000000000000000000000
REF
000000000000000000000
000000000000000000000
000000000000000000000
000111111111111111000
000011000011011110000
000111011110111101000
000000110111100010000
000111101011011111000
000010011111010110000
000111101110110001000
000001011001011110000
000111111110111111000
000011100010101010000
000111110011101101000
000000110011101110000
000111101110011111000
000010010101110110000
000111001100110011000
000000000000000000000
000000000000000000000
000000000000000000000
Classic CPP Decoder + Not Test
0 :1,2,3,4,
1 :0,2,3,4,
2 :0,1,3,4,
3 :0,1,2,4,
4 :0,1,2,3,
5 :6,7,8,9,
6 :5,7,8,9,
7 :5,6,8,9,
8 :5,6,7,9,
9 :5,6,7,8,
10 :11,12,13,14,
11 :10,12,13,14,
12 :10,11,13,14,
13 :10,11,12,14,
14 :10,11,12,13,
15 :16,17,18,19,
16 :15,17,18,19,
17 :15,16,18,19,
18 :15,16,17,19,
19 :15,16,17,18,
20 :21,22,23,24,
21 :20,22,23,24,
22 :20,21,23,24,
23 :20,21,22,24,
24 :20,21,22,23,
25 :26,27,28,29,
26 :25,27,28,29,
27 :25,26,28,29,
28 :25,26,27,29,
29 :25,26,27,28,
30 :31,32,33,34,
31 :30,32,33,34,
32 :30,31,33,34,
33 :30,31,32,34,
34 :30,31,32,33,
35 :36,37,38,39,
36 :35,37,38,39,
37 :35,36,38,39,
38 :35,36,37,39,
39 :35,36,37,38,
40 :41,42,43,44,
41 :40,42,43,44,
42 :40,41,43,44,
43 :40,41,42,44,
44 :40,41,42,43,
45 :46,47,48,49,
46 :45,47,48,49,
47 :45,46,48,49,
48 :45,46,47,49,
49 :45,46,47,48,
50 :51,52,53,54,
51 :50,52,53,54,
52 :50,51,53,54,
53 :50,51,52,54,
54 :50,51,52,53,
55 :56,57,58,59,
56 :55,57,58,59,
57 :55,56,58,59,
58 :55,56,57,59,
59 :55,56,57,58,
60 :61,62,63,64,
61 :60,62,63,64,
62 :60,61,63,64,
63 :60,61,62,64,
64 :60,61,62,63,
65 :66,67,68,69,
66 :65,67,68,69,
67 :65,66,68,69,
68 :65,66,67,69,
69 :65,66,67,68,
70 :71,72,73,74,
71 :70,72,73,74,
72 :70,71,73,74,
73 :70,71,72,74,
74 :70,71,72,73,
75 :76,77,78,79,
76 :75,77,78,79,
77 :75,76,78,79,
78 :75,76,77,79,
79 :75,76,77,78,
80 :81,82,83,84,
81 :80,82,83,84,
82 :80,81,83,84,
83 :80,81,82,84,
84 :80,81,82,83,
85 :86,87,88,89,
86 :85,87,88,89,
87 :85,86,88,89,
88 :85,86,87,89,
89 :85,86,87,88,
90 :91,92,93,94,
91 :90,92,93,94,
92 :90,91,93,94,
93 :90,91,92,94,
94 :90,91,92,93,
95 :96,97,98,99,
96 :95,97,98,99,
97 :95,96,98,99,
98 :95,96,97,99,
99 :95,96,97,98,
#
It:0:Diff:88:PSOStep:7:Time:1.557586:s:AutomataStep:7:Transition:01111110000000111011001001000010011100101001000011000010000010101000110101010110111101001010000101010100111111000001001000010001100011000000001000000001011010011010010011100101101111010100000100111110101111010000011011010011011110110111001001100000110000011101000011101110001000000001100010101011101010000010000010100000101100000000101001101010110111100101001100011011111010000010010110010010110100101010110101111011001000000101000011001110001011001001100111000000001010000110000100110101010101100000010010100010
000000000000000000000
000000000000000000000
000000000000000000000
000111111111111111000
000010000000100010000
000101010011101011000
000010111001011000000
000100000000001111000
000011111101010110000
000101101101100111000
000010001100100000000
000111100110101111000
000000011001100110000
000101100001100111000
000010100011001000000
000100100000010011000
000011001011000010000
000111011101110111000
000000000000000000000
000000000000000000000
000000000000000000000
#
It:2:Diff:81:PSOStep:7:Time:4.333994:s:AutomataStep:7:Transition:01111111111011111110111011111110010111111111111011011011110110111101110111111011101111100011101111011111011111011111101101011101110001011110001111111110011111111001001111111111010110101111011101101101100011111111001011001001010111110101010101111111011100111111110111101111111111111111100110101111101111110111101111101111011111111111111100101110001111111100011110011111011011111110110110111011111101101110011111100001111000001110011111111101010101011111111111111111111010111111011110101101110111111111011110111110
000000000000000000000
000000000000000000000
000000000000000000000
000111111111111111000
000111111111111110000
000101111010111111000
000111111110111110000
000111111110111101000
000101111110110110000
000111100110111011000
000111100111111110000
000101010111101111000
000111110011101110000
000111101101100101000
000111111101110110000
000111110101110101000
000111111111111110000
000110011001100111000
000000000000000000000
000000000000000000000
000000000000000000000
#
It:8:Diff:76:PSOStep:7:Time:11.537917:s:AutomataStep:7:Transition:01111111101010001111110111011110010111111111111011011001110010111111100111111011101111110101101111011111110011001111101101111100110011111110111111111010010111111001111111111111111110110111010011101101110111111111101100001001011111111100001111111111111111111111100010101111101111111011101111101111101111111111111110101111111111111111010100100111011101111001100111011011110111111111110011111011111101101111111011101011111000101111110111111011110100111111111111111110111110011111111111111101101111011111011111011111
000000000000000000000
000000000000000000000
000000000000000000000
000111111111111111000
000110111011101110000
000101110111011111000
000011110111011110000
000110111111111111000
000101111111111110000
000101011111111111000
000011111101111110000
000101101111111111000
000110111111111110000
000101111111111111000
000001111111111110000
000111111111111111000
000101111111111110000
000111111111111111000
000000000000000000000
000000000000000000000
000000000000000000000
#
It:9:Diff:75:PSOStep:7:Time:12.872484:s:AutomataStep:7:Transition:01111110101011001111110111111000111111111111111011011111111011111101110111111111101111111101101111110111111111111111101111011111111011111110111111101110111110111001011111111111110111111111011111101101111101111111110010001101011111111100110111111111111111111111111010101111111111110111001111101111100111101111101110111111011111111101111101101111011101111101011111011011010111111011111110111011111111101111111011100101101010011111110111110111100101111111111111111110110110111111111111100111101111111011011101011111
000000000000000000000
000000000000000000000
000000000000000000000
000111111111111111000
000111100111110011000
000111111111011111000
000011111111111111000
000101111111111111000
000111111111111111000
000111111111111111000
000001101011111111000
000111011111111111000
000111111111111111000
000111111111111111000
000010100000001111000
000111111111110111000
000111111111111111000
000111111111111111000
000000000000000000000
000000000000000000000
000000000000000000000
#
It:13:Diff:73:PSOStep:7:Time:17.641473:s:AutomataStep:7:Transition:01111010101010001110110111111000011110101011111011011111111010111101111111111111101111011101101011110111110111111111001011010101111111101110110110101110111110111101111111111110110111111111011111111101100100110111111110011111011101111101110111011101111111101111111110101101111111110111001111101111100111101111100100101111111111111111111101001111011101011101011111011111010111111111111110111011110111101111011111100001101100000011110010110011110100111111111111110101011110101111110111100101100110111011111111011111
000000000000000000000
000000000000000000000
000000000000000000000
000111010101010111000
000111010101010010000
000111111111111111000
000010111101111110000
000111111111011011000
000101111111111010000
000111111111010011000
000000011111111110000
000110110111011111000
000111011101101110000
000111111111111111000
000010111011111010000
000111111111111111000
000111111111111110000
000111111111111111000
000000000000000000000
000000000000000000000
000000000000000000000
#
It:15:Diff:71:PSOStep:7:Time:19.904412:s:AutomataStep:7:Transition:01111010101010111010110111111010011111101111111011011111111011111101111111110011101111111101101011111011110111111110000110110111111110101100011110111111111111111100111101111110010011111111110111111100101100101110111110011101011111011101110111011111111111101111111111101101111111110111001111111111101011111111110110111111111111111111111111001111011101011000011011011111010101111111110100101011110111101111010111100011111100110011110111110011110110111111111111111111011110111011110111100101110110111011111101011011
000000000000000000000
000000000000000000000
000000000000000000000
000111010101010111000
000111010101010110000
000111111111111111000
000010101111101110000
000111111111111111000
000111111011111010000
000111001111111111000
000011111111111010000
000101101101111111000
000111110111111110000
000111101110111111000
000010111011101110000
000111111111000111000
000110111100011010000
000111011101110111000
000000000000000000000
000000000000000000000
000000000000000000000
#
It:16:Diff:71:PSOStep:7:Time:20.994046:s:AutomataStep:7:Transition:01111111101011111110110110111110011111000111101010011111011111111101111111111011101111110101111101110011010011101110101110010111110110101100111111111111111111111000111101111110101011111111110011100110101101111111111111001101011101011100111111101111111101101101101011101101111011110111101111011111101011111101110110111110111101111111111111101111001100011100111111011111110101101111110110111011111111100111010011101011110110011011111110101111100111111111111111110110011010111011110111100001110111011001111101011011
000000000000000000000
000000000000000000000
000000000000000000000
000111111111111111000
000101111111111110000
000111111110010101000
000010111101101110000
000101000011110011000
000110101110011110000
000110111111100101000
000010011111011110000
000101101110101011000
000111111010111110000
000111110101111101000
000011111100011110000
000111011100101011000
000110011001100110000
000111111111111111000
000000000000000000000
000000000000000000000
000000000000000000000
#
It:28:Diff:64:PSOStep:7:Time:34.474866:s:AutomataStep:7:Transition:01111111101010111010110110101010011101101011111011000011111011111101110111111011101101111111110111111011111111011100101111010111111111101100111110101111110111110101011100111110001111111111111011110110101001111110001111011110011101011101110010001110111111101001110100100111100111110111001111111111101010110101111111111110101100111111111111001111001101111011111011001111011011111011110100111011010110101111010111110011111100111111011111111111110110011111111111010111011010111111110111100101110111111011111101011011
000000000000000000000
000000000000000000000
000000000000000000000
000111111111111111000
000111011101111110000
000111111111111111000
000001101101110110000
000111111111111111000
000111011000111110000
000111111111111111000
000001011111111110000
000111111111111111000
000111111111111110000
000111111111111111000
000001101101111110000
000111111111111111000
000110111011101110000
000111011101110111000
000000000000000000000
000000000000000000000
000000000000000000000
#
It:41:Diff:62:PSOStep:7:Time:48.346286:s:AutomataStep:7:Transition:01111111101010101010110111101010011111001001111010010011111111111101100111011111101111100101101011101011010111011111001111010011111101101111001101101111111111110100111111111110011111111111111010111111111001100110111111011101011001011101111011001110111111101001110100100111101111110111101111011111101110111111110111111111001111111111111111111111001101101000011111011111010101011110111100100011010111111110110111100011111110011011110111111111110111111111111011111111011011111111110111100101110010111001111101011011
000000000000000000000
000000000000000000000
000000000000000000000
000111111111111111000
000111111111111110000
000111111111111111000
000001111111111110000
000111111111111101000
000111010111111110000
000111111111111111000
000001010101111110000
000111111111111101000
000111111101111110000
000111111111111111000
000001111100111010000
000111110110111101000
000110111111101110000
000111001100110011000
000000000000000000000
000000000000000000000
000000000000000000000
#
It:66:Diff:60:PSOStep:7:Time:73.171697:s:AutomataStep:7:Transition:01111111101110101110110111101010011111111101111111011101111011111111111111111111101111111111111011111111110111111110001111010110111111101111101110101011101111111101111111110110011101111111111010111101111001101110111111011111111111111101111011001110111111111011111100010111100111110101001111011111101111101111100111101111011111111110101111111111001111111001011111011111111110111111111100110011010110101110010111100101111110011011111111111011110111111111101111111101011110111111110111010101111011111001111101001111
000000000000000000000
000000000000000000000
000000000000000000000
000111111111111111000
000111011101110110000
000111111111110111000
000000111110110110000
000111111111111001000
000110101111111110000
000111111111111111000
000001111011111110000
000111111111110101000
000111101111101110000
000111111111111111000
000000111111111110000
000111110111011001000
000110111011101110000
000111001100110011000
000000000000000000000
000000000000000000000
000000000000000000000
#
It:76:Diff:59:PSOStep:7:Time:83.016306:s:AutomataStep:7:Transition:01111111101010001110110111101010011011111100111111010111111111111111111111011111101111111111111101111011010111011100011111000110111101001110101110111111111111110101111111110110011111111111111011111111111011101111111111111101011100110111111111001111111111101011111100111111111111110011001111111111101011110111100111111111011111111101101111101111010101111011011111011111110111111111111100110011010111101110111111100011111101111001110111101111111110111111111111111101111010111111111111011101111011111001111111001011
000000000000000000000
000000000000000000000
000000000000000000000
000111111111111111000
000111111111111110000
000111111111111111000
000000011001001110000
000111111111111111000
000111011111111110000
000111111111111111000
000000011111111110000
000111110011111111000
000111011111111110000
000111111101111111000
000000011111101110000
000111100111011111000
000111111111111110000
000111001100110011000
000000000000000000000
000000000000000000000
000000000000000000000
#
It:86:Diff:54:PSOStep:7:Time:92.768957:s:AutomataStep:7:Transition:01111111101011111010100111111110000101010101111111000111111111111111111111010101101100110101111101100111001111011100101111010011111110101100111011111111111101111100011100110110101111111111111011011110101101101110111111010101011101011000111111000110011101101101101001000101010111100110101111011111101010111111110111101110011101111111111011110110000100111101011111011111110101010111110100101011111011111111011111101011111110011011011110111111110111111101111010110101011010111111010111111100100011011101111101011011
000000000000000000000
000000000000000000000
000000000000000000000
000111111111111111000
000111111111111110000
000111111111111111000
000010111111111110000
000111110111111101000
000110011001111110000
000111111011100101000
000011111101010110000
000111111111111111000
000111101011001010000
000111111011101101000
000010101110111110000
000111111111010111000
000110110111101100000
000111001100110011000
000000000000000000000
000000000000000000000
000000000000000000000
#
It:115:Diff:52:PSOStep:7:Time:121.207856:s:AutomataStep:7:Transition:01111111101001111010100111001100000000000101111111010111101110111111111111010001001100110101101101100010001111011100101011010011101110101100011011111011111100011100011101110110101011111111101111011110001001101110101111010111011101010000101011000110011100101101001101100101010111100110101010011110001010111111110011001111011101010111011000100110000110101101011111001111110101000111010100101010110011011111011111100001110101011011011110111011110111111101111000110001011010111111010111111101000010111101011101011011
000000000000000000000
000000000000000000000
000000000000000000000
000111111111111111000
000110101011111110000
000111111111111101000
000001111111111110000
000111111111111101000
000111111111001110000
000111111111110101000
000001010001001110000
000111111110101101000
000111011100001010000
000111110001101101000
000001100111101110000
000111100110100001000
000110110110101100000
000111001100110011000
000000000000000000000
000000000000000000000
000000000000000000000
#
It:194:Diff:52:PSOStep:7:Time:205.934972:s:AutomataStep:7:Transition:01111111101011111010100111001110000000000101111110000111101110111111111111010001001101110101101101101111001111011100101111010011111110101100110011111011111100011100011100110110101011111111101111011110101011101110101111011111011101011000101011000110011100101101011111000111010111100111101010011111101010111111110011011111011111110111011000100110000101101101011111001111110101000111010100101010110011011111011111100011110100011011011110111011110111111101111000110001011010111111010111111100000010011101011101011011
000000000000000000000
000000000000000000000
000000000000000000000
000111111111111111000
000110101011111110000
000111111111111101000
000001111111111110000
000111111011111101000
000111111111001110000
000111111101110101000
000001011011001110000
000111111100101001000
000111001101101010000
000111111011101101000
000001111111101110000
000111111111101001000
000110110111101100000
000111001100110011000
000000000000000000000
000000000000000000000
000000000000000000000
end
