PSO TRACE
INIT:../../instances/fazia/init.csv
REF:../../instances/fazia/asm4.csv
DecodingPolicy:CPPNot
MutationPolicy:Std10
ParticleNeighborhood:Fixed
ParticleDims:515
ParticleCount:100
AccP:2.0
AccG:2.0
AccL:1.5
AccI:2.3
Pos:0.0-3.0
Inertia:0.9-0.6
VeloMax:2.0
MaxPSOIteration:250
InertiaDecrFactor:0.0012000000000000001
INIT
000000000000000000000
000000000000000000000
000000000000000000000
000000000000000000000
000000000000000000000
000000000000000000000
000000000000000000000
000000000000000000000
000000000000000000000
000000000000000000000
000000000010000000000
000000000000000000000
000000000000000000000
000000000000000000000
000000000000000000000
000000000000000000000
000000000000000000000
000000000000000000000
000000000000000000000
000000000000000000000
000000000000000000000
REF
000000000000000000000
010000000000000000010
001011111111111111110
000000000000000000000
001011111111111110100
001011111111111110100
001011111111111110100
001011111111111110100
001011111011111110100
001011111101111110100
001011000101111110100
001011000110111110100
001011110111111110100
001011111111111110100
001011111111111110100
001011111111111110100
001011111111111110100
010100000000000001100
001011111111111110010
010000000000000001000
000000000000000000000
Classic CPP Decoder + Not Test
0 :1,2,3,4,
1 :0,2,3,4,
2 :0,1,3,4,
3 :0,1,2,4,
4 :0,1,2,3,
5 :6,7,8,9,
6 :5,7,8,9,
7 :5,6,8,9,
8 :5,6,7,9,
9 :5,6,7,8,
10 :11,12,13,14,
11 :10,12,13,14,
12 :10,11,13,14,
13 :10,11,12,14,
14 :10,11,12,13,
15 :16,17,18,19,
16 :15,17,18,19,
17 :15,16,18,19,
18 :15,16,17,19,
19 :15,16,17,18,
20 :21,22,23,24,
21 :20,22,23,24,
22 :20,21,23,24,
23 :20,21,22,24,
24 :20,21,22,23,
25 :26,27,28,29,
26 :25,27,28,29,
27 :25,26,28,29,
28 :25,26,27,29,
29 :25,26,27,28,
30 :31,32,33,34,
31 :30,32,33,34,
32 :30,31,33,34,
33 :30,31,32,34,
34 :30,31,32,33,
35 :36,37,38,39,
36 :35,37,38,39,
37 :35,36,38,39,
38 :35,36,37,39,
39 :35,36,37,38,
40 :41,42,43,44,
41 :40,42,43,44,
42 :40,41,43,44,
43 :40,41,42,44,
44 :40,41,42,43,
45 :46,47,48,49,
46 :45,47,48,49,
47 :45,46,48,49,
48 :45,46,47,49,
49 :45,46,47,48,
50 :51,52,53,54,
51 :50,52,53,54,
52 :50,51,53,54,
53 :50,51,52,54,
54 :50,51,52,53,
55 :56,57,58,59,
56 :55,57,58,59,
57 :55,56,58,59,
58 :55,56,57,59,
59 :55,56,57,58,
60 :61,62,63,64,
61 :60,62,63,64,
62 :60,61,63,64,
63 :60,61,62,64,
64 :60,61,62,63,
65 :66,67,68,69,
66 :65,67,68,69,
67 :65,66,68,69,
68 :65,66,67,69,
69 :65,66,67,68,
70 :71,72,73,74,
71 :70,72,73,74,
72 :70,71,73,74,
73 :70,71,72,74,
74 :70,71,72,73,
75 :76,77,78,79,
76 :75,77,78,79,
77 :75,76,78,79,
78 :75,76,77,79,
79 :75,76,77,78,
80 :81,82,83,84,
81 :80,82,83,84,
82 :80,81,83,84,
83 :80,81,82,84,
84 :80,81,82,83,
85 :86,87,88,89,
86 :85,87,88,89,
87 :85,86,88,89,
88 :85,86,87,89,
89 :85,86,87,88,
90 :91,92,93,94,
91 :90,92,93,94,
92 :90,91,93,94,
93 :90,91,92,94,
94 :90,91,92,93,
95 :96,97,98,99,
96 :95,97,98,99,
97 :95,96,98,99,
98 :95,96,97,99,
99 :95,96,97,98,
#
It:0:Diff:114:PSOStep:3:Time:0.215105711:s:AutomataStep:3:Transition:10000010001111010110100011100000101101100000001010100100010001000001000110010100010010000000100100000000001001011000110100010100110100100010100011000001100100000001001011100100110011001100110010100001111011000011010011001001000101100100100100010100111110111111000000110001001000001000100000101110011101011101100100000001000010000110010000001010000100001100000000101010111100000000000001001000110110100000101111010100101011010101000110110001010011000001111000001110100010001010100010100010100000101001100100101101
000000000000000000010
000000000000000000000
001111111111111111101
001111111111111111101
001111111111111111101
001111111111111111101
001111111111111111101
001111101110001111101
001111100110001111101
001111100100011111101
001111111000011111101
001111100101111111101
001111110001111111101
001111101011111111101
001111111111111111101
001111111111111111101
001111111111111111101
001111111111111111101
001111111111111111101
010000000000000000001
000000000000000000010
#
It:1:Diff:108:PSOStep:3:Time:0.27253885:s:AutomataStep:3:Transition:11010010010000000100001000000000100000000000001000000100000011000001000000000000101101010010000000010100001010000100110100001000000010100000000001000000000101010000011000000000001000000010010000000111001001000000000010000000000000000001100100000000100010110000100000100000000000011001101000100000000101001010110100000000000000000000000000000000100000000100000000001010010001100000000000001010000000100101101000000011100001010001000000000000000000100000000001000000110000001100010100000000010000100001000000000001
110000000000000000010
100000000000000000000
001111111111111111100
001111111111111111100
001111111111111111100
001111111111111111100
001111111111111111100
001111110000001111100
001111100000011111100
001111100010001111100
001111100110011111100
001111100111011111100
001111100000011111100
001111100000111111100
001111111111111111100
001111111111111111100
001111111111111111100
001111111111111111100
001111111111111111100
000000000000000000000
100000000000000000000
#
It:2:Diff:101:PSOStep:3:Time:0.307821541:s:AutomataStep:3:Transition:11010010011010000110101000110111100000010000101000000100011011100101010000000000101101010010000000010100001010001101110100001001100011111000000011100000100101010100001010000000100000100110010000000111001001011100100110001000010000100001100110000100101011000100010010100110000011011011101000110000000101001010110100010001000000000000001000000000100100001101000000101000001000100000000011101010000000101000101000110010111001010001100000010101011001100000100101000110100000001101100000111000010000100101001101000001
100000000000000000010
010000000000000000000
001111111111111111100
001111111111111111100
001111111111111111100
001111111111111111100
001111111111111111100
001111110010001111100
001111100001111111100
001111111001001111100
001111100100001111100
001111100001001111100
001111111010001111100
001111101000101111100
001111111111111111100
001111111111111111100
001111111111111111100
001111111111111111100
001111111111111111100
010000000000000000000
100000000000000000010
#
It:3:Diff:96:PSOStep:8:Time:0.339946938:s:AutomataStep:8:Transition:01111111100111111101001111001101001110111111111111111111111111101110011111011011111111111101111111101111011101110010001011111110111111101111111111110111111111111110100101111111111011111011101111011110010110110011101011111111101111111111111011111011001111101111011111101111111101111111010111011010111111011111111001111100111111101101100110111101111111111111111111110110010111111111101100111111001111111111011011101111110111111111011111101110111111111111011111111111111111110011001111010101111111110111111111010111
000000000000000000000
000000000000000000000
001111111111111111100
000000000000000011000
001111111111111111000
001111111111111111000
001111111111111011000
000000000000000011000
001111111111111111000
001111111111111111000
001111111111111111000
000000000000001111000
001111111111111111000
001111111111111111000
001111111111111110000
000001111010111110000
001111111111111010000
001111111111111111000
001110111011101110100
000000000000000000000
000000000000000000000
#
It:8:Diff:83:PSOStep:8:Time:0.478391243:s:AutomataStep:8:Transition:01111111110110111101011111011111101111111111111111101111111111111011111111011111111010111101111110001101111111100011001010110110101101111111111110110111111011001010011101010111111111111011101111011010010110111011111111111111101111011111111011011011111101111010011111101111111101111111111111101110111100011011011101111110110111111111111001111101111111111011011111110110111111111111111110111110101011101101001101101111110100111110011000001110101110011111111011001011101111110011001111101101011101110110111111111101
000000000000000000000
000000000000000000000
001111111111111111100
001111111111111111100
001111111111111111100
001110111011101110100
001111111111111111100
001111111111111111100
001111111111111111100
001111111011101110100
001111111111111111100
001111111111111111100
001111111111111111100
001111111111101110100
001111111111111111100
001111111111111111100
001111111111111111100
001111111111111110100
001111111111111111100
000000000000000000000
000000000000000000000
#
It:13:Diff:69:PSOStep:8:Time:0.632023902:s:AutomataStep:8:Transition:01111111110110111100011111011111111111111111110111101111101101101001111101111111111010111111111111000111111111100001001011111100101001111111111110110110111011001010011101111111011111111011101111001110010110111111011111110111101111011111111111111011011101111000011111001110111111111111111111101010111110011111011111111101110111111111111101111101111011111011011101010110111111111111111110111110101111101111001101000111110100111110010101011110101111111111011011001011111111110111011111001100001111111110101111111111
000000000000000000000
000000000000000000000
001111111111111111100
001100011101110001100
001111111111111111100
000111111111111110100
001111111111111111100
001111111111111111100
001111111111111111100
000111111101111110100
001111111111111111100
001111111111011111100
001111111111111111100
000111111111111110100
001111111111111111100
001111111111111111100
001111111111111111100
000111011101110110100
001111111111111111100
000000000000000000000
000000000000000000000
#
It:18:Diff:68:PSOStep:8:Time:0.786439671:s:AutomataStep:8:Transition:01111111110110111100101011111011111111111111111111101111101101101010111101111111111000111111111111000111111111101001001111111100101001111111111110110111111011111010111101111111011111111011101110001110010110011111111111110111101111011111111111111011011101111100111111001111111111111111111111101111111110011111111011111101110111111111111111111111111011111011011111110101111111111111111110111111111111101101001101110111110100111111010101001110111111111111011011001011111111111111011111001100001111111110101111111111
000000000000000000000
000000000000000000000
001111111111111111100
001100011101110001100
001111111111111111100
000111111111111110100
001111111111111111100
001111111111111111100
001111111111111111100
000111111101111110100
001111111101111111100
001111111111011111100
001111111111111111100
000111111111111110100
001111111111111111100
001111111111111111100
001111111111111111100
000111011101110110100
001111111111111111100
000000000000000000000
000000000000000000000
#
It:26:Diff:66:PSOStep:8:Time:1.036809518:s:AutomataStep:8:Transition:01111111110110111100001011111011111111111111111111101111101101101110111101101111111100111111101111000111111011101001001011110100101101111111101110110111111011111010111101110111011111111011101110001110010110011110011111110111101111011111111111111011011111111101011111001111111101111111111111101110111110011111111011111101110110111111111001111111111011111110011101010101111111111111111110111111101111111111011101110111110100111110010111001100111111111111101010100011111111110111011111001110001111111100101111111111
000000000000000000000
000000000000000000000
001111111111111111100
001100011101110001100
001111111111111110100
000111111111111111100
001111111111111111100
001111111111111110100
001111111111111111100
000111111110111111100
001111111101111110100
001111111111011111100
001111111111111111100
000111111111111110100
001111111111101110100
001111111111111110100
001111111111111110100
000111011101110111100
001111111111111111100
000000000000000000000
000000000000000000000
#
It:224:Diff:65:PSOStep:8:Time:7.159559952:s:AutomataStep:8:Transition:01111111110110111100101011111011111111111111111111111111101100101000111101111111111110111111001111001111111011101001001011110100101001111111101010110111110011001010111101111111011111111011101110001110010110011011011011111111001011011111111111011011011101111000111111001111111101111111111111101110111110011111101011111101110110011011111111111111111011111111011101100101111111111111111110111111101111111111001100100111110101111110010111001100111111111101011010100111111110111111011111011110001111111111101110111111
000000000000000000000
000000000000000000000
001111111111111111100
001101010101010101100
001111111111111110100
000111111111111111100
001111111111111111100
001111111111111110100
001111111111111111100
000111111111111111100
001111111111111110100
001111111111111111100
001111111111111111100
000111111111111110100
001111111111101110100
001111111111111110100
001111111111111110100
000111011101110111100
001111111111111111100
000000000000000000000
000000000000000000000
end
