PSO TRACE
INIT:../../instances/fazia/init.csv
REF:../../instances/fazia/asm1.csv
DecodingPolicy:CPP2
MutationPolicy:Null
ParticleNeighborhood:Fixed
ParticleDims:515
ParticleCount:100
AccP:2.0
AccG:2.0
AccL:1.5
AccI:2.3
Pos:0.0-3.0
Inertia:0.9-0.6
VeloMax:2.0
MaxPSOIteration:500
InertiaDecrFactor:6.000000000000001E-4
INIT
000000000000000000000
000000000000000000000
000000000000000000000
000000000000000000000
000000000000000000000
000000000000000000000
000000000000000000000
000000000000000000000
000000000000000000000
000000000000000000000
000000000010000000000
000000000000000000000
000000000000000000000
000000000000000000000
000000000000000000000
000000000000000000000
000000000000000000000
000000000000000000000
000000000000000000000
000000000000000000000
000000000000000000000
REF
000000000000000000000
000000000000000000000
000000000000000000000
000110000000000000000
000111000000000000000
000011010000000000000
000010110100000000000
000011111101100000000
000010011011100000000
000001101110111100000
000001111101001010000
000000110111111110000
000001110110101110000
000000110111010010000
000000011111011010000
000000001101110110000
000000000110101110000
000000000011110111000
000000000000000000000
000000000000000000000
000000000000000000000
Classic CPP Decoder
0 :1,2,3,4,
1 :0,2,3,4,
2 :0,1,3,4,
3 :0,1,2,4,
4 :0,1,2,3,
5 :6,7,8,9,
6 :5,7,8,9,
7 :5,6,8,9,
8 :5,6,7,9,
9 :5,6,7,8,
10 :11,12,13,14,
11 :10,12,13,14,
12 :10,11,13,14,
13 :10,11,12,14,
14 :10,11,12,13,
15 :16,17,18,19,
16 :15,17,18,19,
17 :15,16,18,19,
18 :15,16,17,19,
19 :15,16,17,18,
20 :21,22,23,24,
21 :20,22,23,24,
22 :20,21,23,24,
23 :20,21,22,24,
24 :20,21,22,23,
25 :26,27,28,29,
26 :25,27,28,29,
27 :25,26,28,29,
28 :25,26,27,29,
29 :25,26,27,28,
30 :31,32,33,34,
31 :30,32,33,34,
32 :30,31,33,34,
33 :30,31,32,34,
34 :30,31,32,33,
35 :36,37,38,39,
36 :35,37,38,39,
37 :35,36,38,39,
38 :35,36,37,39,
39 :35,36,37,38,
40 :41,42,43,44,
41 :40,42,43,44,
42 :40,41,43,44,
43 :40,41,42,44,
44 :40,41,42,43,
45 :46,47,48,49,
46 :45,47,48,49,
47 :45,46,48,49,
48 :45,46,47,49,
49 :45,46,47,48,
50 :51,52,53,54,
51 :50,52,53,54,
52 :50,51,53,54,
53 :50,51,52,54,
54 :50,51,52,53,
55 :56,57,58,59,
56 :55,57,58,59,
57 :55,56,58,59,
58 :55,56,57,59,
59 :55,56,57,58,
60 :61,62,63,64,
61 :60,62,63,64,
62 :60,61,63,64,
63 :60,61,62,64,
64 :60,61,62,63,
65 :66,67,68,69,
66 :65,67,68,69,
67 :65,66,68,69,
68 :65,66,67,69,
69 :65,66,67,68,
70 :71,72,73,74,
71 :70,72,73,74,
72 :70,71,73,74,
73 :70,71,72,74,
74 :70,71,72,73,
75 :76,77,78,79,
76 :75,77,78,79,
77 :75,76,78,79,
78 :75,76,77,79,
79 :75,76,77,78,
80 :81,82,83,84,
81 :80,82,83,84,
82 :80,81,83,84,
83 :80,81,82,84,
84 :80,81,82,83,
85 :86,87,88,89,
86 :85,87,88,89,
87 :85,86,88,89,
88 :85,86,87,89,
89 :85,86,87,88,
90 :91,92,93,94,
91 :90,92,93,94,
92 :90,91,93,94,
93 :90,91,92,94,
94 :90,91,92,93,
95 :96,97,98,99,
96 :95,97,98,99,
97 :95,96,98,99,
98 :95,96,97,99,
99 :95,96,97,98,
#
It:0:Diff:76:PSOStep:8:Time:0.133704107:s:AutomataStep:8:Transition:01010011011010111011010011011111010111001110011001011011101101000101101100000001110101101101111111011011010011011010100111111010011110011111010111111101101001101011001011111001011011100110101101111100000101100111011110101111001001110001110110110111100010011100001010010011111100100111111111000010111011011011101110110111111111001100111010011111101011110100001111010110111110010101111110111110000011001110011110111110111011101110111111000111100110010110000111111000111000101110111110110111011111111110011110101110
000000000000000000000
000000000000000000000
001000000000000000000
000000000000000000000
000111111100000000000
000010100100000000000
000010000010000000000
000000111011000000000
000000110001100000000
000000101100100000000
000000010011101000000
000000000111010100000
000000000101011000000
000000000001111000000
000000000001011000000
000000000000110100000
000000000000001100000
000000000000000011000
000000000000000000100
000000000000000000000
000000000000000000000
#
It:1:Diff:66:PSOStep:6:Time:0.228503597:s:AutomataStep:6:Transition:00110011011011101011011111011111101111111111011111011101111110000110111011100011011110011111111111111011111011111011111110111011101110111111111111111001100000110111101011111101111111110010010111101111110111101110111110111111011100111011011110110111111110111011011101111111111100111111011111111111111011011111011111111111111111010100111011011111111111110111001101111101110011110110011110111011111000111101011111111110111011011110001101101111010110110111110101011011111101111011111111110111011111101110011110111101
000000000000000000000
000000000000000000000
000000000000000000000
000000000000000000000
000000000010000000000
000000000111000000000
000000000011100000000
000000010111110000000
000000011111111000000
000001101111111100000
000001111111111110000
000001111111111110000
000000111000111110000
000000011101111110000
000000001101111110000
000000000111011010000
000000000011001110000
000000000000000000000
000000000000000000000
000000000000000000000
000000000000000000000
#
It:2:Diff:51:PSOStep:6:Time:0.268454111:s:AutomataStep:6:Transition:01110001111101101011011011011101100111111111111101111111111111000111111111110011111010101111111110111111111111111011111101111011111100111111111111111111101000101111101011111001001011110110111111101111110111101110011111101110101011111111010110110111101110111001001111111111111101110111011111000111111011011111111111110111111111011100111011111111111111110111111101010111111111111100011111101111110100100111011111011111111011111110111111101011110110111110100111111111111111101110111111111111011111111110111110011111
000000000000000000000
000000000000000000000
000000000000000000000
000000000000000000000
000011000000000000000
000011110000000000000
000011011100000000000
000010111111000000000
000010111111110000000
000010111111111100000
000011111111111110000
000001111111111100000
000000111111111110000
000000011111111100000
000000001111111110000
000000000111111110000
000000000011111110000
000000000000000000000
000000000000000000000
000000000000000000000
000000000000000000000
#
It:4:Diff:48:PSOStep:7:Time:0.309240608:s:AutomataStep:7:Transition:01010000010100101011110011011101100111111111010011111100101111000110110111000011111011001110111110001111101111111010100100101001101100001111111111101011111001101111100010110101111011111110100111101110111010100010011111111110100001111011110111110111101000111011111011110111101110000111011111100111111111011011011011100110111101011011111011111111111111110111111110010011111111111110001110101111111110100110111011010111111010111011101111101111010110110100000111111001001111111111101111111111011001101110111111111011
000000000000000000000
000000000000000000000
000000000000000000000
000100000000000000000
000010000000000000000
000001010000000000000
000011111100000000000
000011111101000000000
000010011001110000000
000011101011100100000
000010111111111001000
000011110111011111000
000001110100011111000
000000101101101010000
000000011110101111000
000000001110110110000
000000000111111111000
000000000011101011000
000000000000000000000
000000000000000000000
000000000000000000000
#
It:5:Diff:41:PSOStep:7:Time:0.337864275:s:AutomataStep:7:Transition:01010101011100101111110011111111100111111111010111111110111111010111111111000111111111111111111111011111111101111110110101101010100100111111111111111011111001111111100110111001111001111111100111111111101111100111111111111111101001111011111111110011001010111111111101110111111110111111111111100111111111011111111111100111110111010011111111111110111001111111111111011111111011111110011111111111111110110100111111011111111011100111011111101111011111110110110111111001111101111111111101111111111110111010111111111111
000000000000000000000
000000000000000000000
000000000000000000000
000100000000000000000
000011000000000000000
000011010000000000000
000011111100000000000
000011111101000000000
000011111111110000000
000011111111110100000
000011111111111111000
000011111111111111000
000001111111111111000
000000111111111110000
000000011111111111000
000000001101111110000
000000000111111111000
000000000011101011000
000000000000000000000
000000000000000000000
000000000000000000000
#
It:74:Diff:39:PSOStep:7:Time:1.814936258:s:AutomataStep:7:Transition:01010101011110101100110011111111100111111111010101111111111111010110111110000111111111111111111111001111111101010110110101101010101100111110111111101011110001111111101101111101111000111111100110101100111111100011111111111110101011011011111011101011001010101111101101101110101111100111011111101111111111011111111011010111110111010111111101111100111001111101101111011011111111111111011111100101111110100111111110011111111110100111111100101001000111111010110111111001111101111111111101011111110011110010101111111111
000000000000000000000
000000000000000000000
000000000000000000000
000100000000000000000
000011000000000000000
000011110000000000000
000001111100000000000
000011111111000000000
000011111111110000000
000001101111111100000
000001110111111111000
000000010111111111000
000001111111111111000
000000111111111111000
000000011111111111000
000000001101111111000
000000000111111111000
000000000011111111000
000000000000000000000
000000000000000000000
000000000000000000000
#
It:102:Diff:37:PSOStep:7:Time:2.369168352:s:AutomataStep:7:Transition:01010001011110101110110011011011000111101111011111111100101111010101111110100011111111011111111111011111111111101110111101111111100100011111111111111010111001111111000101111001111001101111111111101001111011100010111111111111101001011011111011111011001010111101101001111110101111101111111111101111111111011111101110110011111111001110111111111101111011111111111111011010111111111111011111100001101110010111111110111111111010110001111100100111011011111011010111111001111101101111101010111111110101100010001111111111
000000000000000000000
000000000000000000000
000000000000000000000
000100000000000000000
000010000000000000000
000011000000000000000
000000101000000000000
000011111000000000000
000010011010100000000
000001011111100000000
000001110011101010000
000000111111011110000
000001111110101110000
000000110111111110000
000000011001111110000
000000001011111110000
000000000110101010000
000000000011111111000
000000000000000000000
000000000000000000000
000000000000000000000
#
It:108:Diff:35:PSOStep:7:Time:2.496853668:s:AutomataStep:7:Transition:01010011011010101100110011011010000111101111011101111101111111010101111110100011111111011111111111001111101111111110110101101111100100011111111111111011111001110111000100111001111011101111111111101001111111100011111110111110101001011011111011110011001010111111101011011110101101101111011111101111111111011111101110010111111111001110111111110101111011101111111111011010111111110111011110110001101110110111111110111111111010110000101110100111011011111011010111111001111101101111101010111110111101110010101111111111
000000000000000000000
000000000000000000000
000000000000000000000
000100000000000000000
000010000000000000000
000011010000000000000
000000111000000000000
000010111101000000000
000011010011100000000
000001111101100100000
000001111011111010000
000000111111111110000
000001010111111110000
000000111101111110000
000000011111001110000
000000001101110110000
000000000111000010000
000000000011111111000
000000000000000000000
000000000000000000000
000000000000000000000
#
It:160:Diff:34:PSOStep:7:Time:3.535005221:s:AutomataStep:7:Transition:01010000010001101111111011111111001111111111011101011101101111010111110110000011111111111111111111011111101111111110101111111011101100001111111111110001111001111110110110111001101101110111111110101001111011100011111110111011101001011011111111100011011000111011101101110111111101101100111101101111101111011111101111111011111101011011111001111111111011101111111111011011111111111011001111101101111110100011111011111111011011111011101111101111001111111111110111111001011111001111001011111110111001111011101011101011
000000000000000000000
000000000000000000000
000000000000000000000
000100000000000000000
000011000000000000000
000010110000000000000
000001001100000000000
000011111011000000000
000011101011110000000
000001101111111100000
000001110011101110000
000000111111110110000
000001010010100110000
000000110101110110000
000000011111011110000
000000001101111110000
000000000110101010000
000000000011111111000
000000000000000000000
000000000000000000000
000000000000000000000
#
It:170:Diff:33:PSOStep:7:Time:3.759849182:s:AutomataStep:7:Transition:01010001011010001010110011111011001111101111011101111101101111110111111110000011111111011111111111111111111111011110111101101010101100001011111111110001111001111111100110111101101110101110111111101001111111100011101110111011101001011011111011110111011010111111101011011111101110101101011111100111111111011111101110111111111101011110111011111101111011101111111101011011111111111011001110101101101110110111111111111011111010111000101100100111001111111011010111111001011111001111101011111110010101110010101011101011
000000000000000000000
000000000000000000000
000000000000000000000
000100000000000000000
000010000000000000000
000011010000000000000
000010110100000000000
000011111111000000000
000011000011100000000
000001110110111100000
000000101101101100000
000000110111101100000
000000110111101110000
000000010101011100000
000000011010001110000
000000001110111110000
000000000110101010000
000000000011111111000
000000000000000000000
000000000000000000000
000000000000000000000
#
It:330:Diff:31:PSOStep:7:Time:7.028161065:s:AutomataStep:7:Transition:01010101011010101111110000111101001110111111110101111001111111100110111110100011111111111111110111011111111111011110110101101001101100111110111111111001111001111111001001011001101001101111101110101101111011101110111111111111101111111011111011111111001000111111111101010110101111111111111111101111111111011111110101010111111101011100111111111110101011111100101101011011111011111011001111110111101010110111111111111111111111101010101010100011011110101011110111111001110111101111101111101111101001111010101111111011
000000000000000000000
000000000000000000000
000000000000000000000
000100000000000000000
000011000000000000000
000011110000000000000
000001011100000000000
000011110111000000000
000011011011100000000
000001111111111100000
000001011110111010000
000000110111011110000
000001101111101110000
000000111111111110000
000000011111011110000
000000001111111110000
000000000110101010000
000000000011111111000
000000000000000000000
000000000000000000000
000000000000000000000
#
It:355:Diff:29:PSOStep:7:Time:7.553137179:s:AutomataStep:7:Transition:01010001011010101111110010011111001111111111000101111001101111100111111110000011111101111111111111111111111011111110111101101111100000011111111111111011111001111111100010111001111010101111101111101001111111100011111111111111001001111111111011110111001010111111001011110110110111101111011111101111111111011111000111111111111001011110111111111110111001101110111011011011111011111111001111110111101010110111111111111111111010111000100110100011011111111111100111110001111111101111100111001111100101010010101111111111
000000000000000000000
000000000000000000000
000000000000000000000
000100000000000000000
000011000000000000000
000011110000000000000
000001110100000000000
000011111101000000000
000011011111110000000
000001101100111100000
000001101101111010000
000000010111011110000
000001101111111110000
000000111111111110000
000000011111111110000
000000001111111110000
000000000110101010000
000000000011111111000
000000000000000000000
000000000000000000000
000000000000000000000
#
It:361:Diff:28:PSOStep:7:Time:7.681971375:s:AutomataStep:7:Transition:01010101011010101110110010111111001111111111010101111001101111110111111110000011111111111110111111111111111011111110111101111111100100001111110111110011111001011111010100111001111110101111101111101001111111100011111111111111101001111011111111110111011000111111111111010111111111101111011111101111111111011111010111011111111101011110011111111101111010101111001011011011101111111111001111110001101110110111111111111111111010111000100010100011011111111111100111111001110111101111101011011111110101110011101011111011
000000000000000000000
000000000000000000000
000000000000000000000
000100000000000000000
000011000000000000000
000011110000000000000
000001110100000000000
000011111101000000000
000011011101010000000
000001101111111100000
000001111011101010000
000000011011111110000
000001111111101110000
000000111111010110000
000000011111001110000
000000001111111110000
000000000110101010000
000000000011111111000
000000000000000000000
000000000000000000000
000000000000000000000
#
It:447:Diff:26:PSOStep:7:Time:9.50099734:s:AutomataStep:7:Transition:01010001011010101111110010111111001111111111010101111001101111110111111110000011111111111111111111011111101011111110111111111111100100001111110111110001101001011111000100111001111011101111101111101000111011100011111111111111100001111011111011111111011000111111011110110011100111101111011111101111111111011111000111011111111101011110011111111101111010101111011011011011111111111101001111110000101100110111111111011111111110111000100010100011011111111111100111111001010101101111101011011110110001010010101011111011
000000000000000000000
000000000000000000000
000000000000000000000
000100000000000000000
000011000000000000000
000011110000000000000
000001110100000000000
000011111101000000000
000011011101010000000
000001111110111100000
000001111101111010000
000000100111111110000
000001011110101110000
000000111111000110000
000000011111001110000
000000001111111110000
000000000110101010000
000000000011111111000
000000000000000000000
000000000000000000000
000000000000000000000
#
It:493:Diff:24:PSOStep:7:Time:10.426507029:s:AutomataStep:7:Transition:01010101011010101111110010111111001111111111010101111001101111110111111110000011111101111111111111011111101011111110111111111111100100001111111111110001101001011111100100111001111011101111101111101000111011100011111111111111100001111011111011111111011000111111011110110011100111101111011111101111111111011111110111011111111101011110011111111101111010101111001011011011111111111101001111110000101110110111111111011111111110111000100010100111011111111111100111111001010101101111101001011110110101010010101011111011
000000000000000000000
000000000000000000000
000000000000000000000
000100000000000000000
000011000000000000000
000011110000000000000
000001110100000000000
000011111101000000000
000011011101010000000
000001111110111100000
000001111101111010000
000000110111111110000
000001011110101110000
000000111111010110000
000000011111001110000
000000001111111110000
000000000110101010000
000000000011111111000
000000000000000000000
000000000000000000000
000000000000000000000
end
