PSO TRACE
INIT:../../instances/fazia/init.csv
REF:../../instances/fazia/asvn1.csv
DecodingPolicy:CPP2
MutationPolicy:Null
ParticleNeighborhood:Fixed
ParticleDims:515
ParticleCount:100
AccP:2.0
AccG:2.0
AccL:1.5
AccI:2.3
Pos:0.0-3.0
Inertia:0.9-0.6
VeloMax:2.0
MaxPSOIteration:500
InertiaDecrFactor:6.000000000000001E-4
INIT
000000000000000000000
000000000000000000000
000000000000000000000
000000000000000000000
000000000000000000000
000000000000000000000
000000000000000000000
000000000000000000000
000000000000000000000
000000000000000000000
000000000010000000000
000000000000000000000
000000000000000000000
000000000000000000000
000000000000000000000
000000000000000000000
000000000000000000000
000000000000000000000
000000000000000000000
000000000000000000000
000000000000000000000
REF
000000000000000000000
000000000000000000000
000000000000000000000
000000000010000000000
000000000111000000000
000000001010100000000
000000011100110000000
000000101001101000000
000001111001111100000
000010111111111010000
000111011111110111000
000000000000000000000
000000000000000000000
000000000000000000000
000000000000000000000
000000000000000000000
000000000000000000000
000000000000000000000
000000000000000000000
000000000000000000000
000000000000000000000
Classic CPP Decoder
0 :1,2,3,4,
1 :0,2,3,4,
2 :0,1,3,4,
3 :0,1,2,4,
4 :0,1,2,3,
5 :6,7,8,9,
6 :5,7,8,9,
7 :5,6,8,9,
8 :5,6,7,9,
9 :5,6,7,8,
10 :11,12,13,14,
11 :10,12,13,14,
12 :10,11,13,14,
13 :10,11,12,14,
14 :10,11,12,13,
15 :16,17,18,19,
16 :15,17,18,19,
17 :15,16,18,19,
18 :15,16,17,19,
19 :15,16,17,18,
20 :21,22,23,24,
21 :20,22,23,24,
22 :20,21,23,24,
23 :20,21,22,24,
24 :20,21,22,23,
25 :26,27,28,29,
26 :25,27,28,29,
27 :25,26,28,29,
28 :25,26,27,29,
29 :25,26,27,28,
30 :31,32,33,34,
31 :30,32,33,34,
32 :30,31,33,34,
33 :30,31,32,34,
34 :30,31,32,33,
35 :36,37,38,39,
36 :35,37,38,39,
37 :35,36,38,39,
38 :35,36,37,39,
39 :35,36,37,38,
40 :41,42,43,44,
41 :40,42,43,44,
42 :40,41,43,44,
43 :40,41,42,44,
44 :40,41,42,43,
45 :46,47,48,49,
46 :45,47,48,49,
47 :45,46,48,49,
48 :45,46,47,49,
49 :45,46,47,48,
50 :51,52,53,54,
51 :50,52,53,54,
52 :50,51,53,54,
53 :50,51,52,54,
54 :50,51,52,53,
55 :56,57,58,59,
56 :55,57,58,59,
57 :55,56,58,59,
58 :55,56,57,59,
59 :55,56,57,58,
60 :61,62,63,64,
61 :60,62,63,64,
62 :60,61,63,64,
63 :60,61,62,64,
64 :60,61,62,63,
65 :66,67,68,69,
66 :65,67,68,69,
67 :65,66,68,69,
68 :65,66,67,69,
69 :65,66,67,68,
70 :71,72,73,74,
71 :70,72,73,74,
72 :70,71,73,74,
73 :70,71,72,74,
74 :70,71,72,73,
75 :76,77,78,79,
76 :75,77,78,79,
77 :75,76,78,79,
78 :75,76,77,79,
79 :75,76,77,78,
80 :81,82,83,84,
81 :80,82,83,84,
82 :80,81,83,84,
83 :80,81,82,84,
84 :80,81,82,83,
85 :86,87,88,89,
86 :85,87,88,89,
87 :85,86,88,89,
88 :85,86,87,89,
89 :85,86,87,88,
90 :91,92,93,94,
91 :90,92,93,94,
92 :90,91,93,94,
93 :90,91,92,94,
94 :90,91,92,93,
95 :96,97,98,99,
96 :95,97,98,99,
97 :95,96,98,99,
98 :95,96,97,99,
99 :95,96,97,98,
#
It:0:Diff:40:PSOStep:4:Time:0.106105438:s:AutomataStep:4:Transition:00001001010101000101001100000010100110011001010100011100100001000010000011100000100110100010000100000010000110010000111101000001001110010000000000111110010100000000000100001101011111101100011011000010101000000101011010001000101100001101010011110110001010000101100011000010010110101000110011001000010000011000010110011011101000000101001111110100110100000001110110100000000110001011000001000100100001011000000101111110011001001000100000010110100100101011000111010001000011101110101010101000011100100111000000000000
000000000000000000000
000000000000000000000
000000000000000000000
000000000000000000000
000000000000000000000
000000000000000000000
000000000000001000000
000000000000101000000
000000000001111000000
000000001000011000000
000000001010011000000
000000000000000000000
000000000000000000000
000000000000000000000
000000000000000000000
000000000000000000000
000000000000000000000
000000000000000000000
000000000000000000000
000000000000000000000
000000000000000000000
#
It:8:Diff:37:PSOStep:4:Time:0.276611293:s:AutomataStep:4:Transition:00011101110101000101001100011111100110011011011110011101100011100010001011100111101110100110011100011111100100010001101101000011011110010001001001111110000110000001110000111111111011101101110011001110001010010111111110101000101111011111110011110111111110000101000011100110011111011001110011001111111110011111110111111000000010100001011111110101110111111000101111001110000110111011010111001100111101111110001101111111011011001000101001110110110110001111100111011101100011001110111111111000111111100111000001010010
000000000000000000000
000000000000000000000
000000000000000000000
000000000000000000000
000000000000000000000
000000000000000000000
000000000000001000000
000000000000101000000
000000000001111000000
000000001010111000000
000000101011111000000
000000000000000000000
000000000000000000000
000000000000000000000
000000000000000000000
000000000000000000000
000000000000000000000
000000000000000000000
000000000000000000000
000000000000000000000
000000000000000000000
#
It:26:Diff:36:PSOStep:7:Time:0.498256016:s:AutomataStep:7:Transition:00110001111001110101000100101010100110011001010110110100100010110010001100101111100010110110011101010011000100010000110111100110011100010001001000011001011111010011110001101101010001100100110000010110001000010101000010000000100111000111011011110011001000000010100111000010001111011101011110001011011100011000000111101010110010100011011001110101100111101000001011100100000111011011110010000000101101000010101101101110110001010000100101101011010110001111110011010011010011111100101101111000111011100100101001010101
000000000000000000000
000000000000000000000
000000000000000000000
000000000010000000000
000000000101000000000
000000001001000000000
000000011111110000000
000000001001101000000
000001000011010100000
000011000101000010000
000101001000110001000
000001000000011000000
000000011100011000000
000000000000000000000
000000000000000000000
000000000000000000000
000000000000000000000
000000000000000000000
000000000000000000000
000000000000000000000
000000000000000000000
#
It:27:Diff:28:PSOStep:7:Time:0.520662218:s:AutomataStep:7:Transition:00110000111001110100000100101011100110010010010111111110001010110010001100101111100010110110011101001110000000010001110111100000011000011101100000001000001110010010110000100100010010100100110000000110011010000101001000000000100101001010011010110010001000000010101111000010011110011100011110001100111100001000100101100010010010010111011111010101000101101000110100100100000011011011110010001000101101000010101001101110110000000001100111101110010110000001111011010011000001001101101111111011111011100100101001011101
000000000000000000000
000000000000000000000
000000000000000000000
000000000010000000000
000000000101000000000
000000001010100000000
000000011000010000000
000000000101001000000
000001000011010100000
000011001110111010000
000100011001011101000
000000010100000000000
000000000001010000000
000000000000000000000
000000000000000000000
000000000000000000000
000000000000000000000
000000000000000000000
000000000000000000000
000000000000000000000
000000000000000000000
#
It:36:Diff:27:PSOStep:7:Time:0.632518141:s:AutomataStep:7:Transition:00110001100101000100100000100011100110011011010111011011000010100011000100100001100000100110000101001010001000010001110101101010001000000101000000010000000110010000110000101100111111000100110010000111000010000101000000000001100101001000010011110011001010000000010011000000011110101001110010001100111110001000100100001010000011000000001001100100000100101000111100100000000010011011010000001100101101000100000100101110100011001000001000111110000110100010000010010101000001101100101111111000001011100100000001100110
000000000000000000000
000000000000000000000
000000000000000000000
000000000010000000000
000000000101000000000
000000001000100000000
000000010111010000000
000000100101001000000
000001110100110100000
000010001001000010000
000101011001111101000
000010000000100000000
000000000000000000000
000000000000000000000
000000000000000000000
000000000000000000000
000000000000000000000
000000000000000000000
000000000000000000000
000000000000000000000
000000000000000000000
#
It:39:Diff:24:PSOStep:7:Time:0.679707292:s:AutomataStep:7:Transition:00110001101101010100100100110011100110011011010011111001000010100011110100101001000000000110010101000010001010000000110111101011011100000001000000110110001110100001110000100111010110111100111010000110000010010101010010100001111110011100010011110011001010000000000011000000011110101101010010111000111011101000100101000011001010000001001011100100110101111001111011110000000001110011110010000100010001010100000000001110110011101000000000101110010100100000010010010101110011001100111111111001101010101110000001110100
000000000000000000000
000000000000000000000
000000000000000000000
000000000010000000000
000000000111000000000
000000001010000000000
000000010010010000000
000000100011101000000
000001001000011100000
000010000111100010000
000100000001100101000
000000000000000000000
000000000000000000000
000000000000000000000
000000000000000000000
000000000000000000000
000000000000000000000
000000000000000000000
000000000000000000000
000000000000000000000
000000000000000000000
#
It:57:Diff:22:PSOStep:7:Time:0.916287494:s:AutomataStep:7:Transition:00110001101101000100100100110011100110011011010010111001000110100011010100101001000001000110010101000000001010000000110111101011011000000001000000110010001110100001110000100111010110111100111010000110000010110101010010100001111110011100011011110011001010000000000011000010011110101101110010111010111011011000100101000011001010000000001011100100110101111001111011110000000101110011110010000100011001010100000000001110110011101000000000101110000100110000010010010101110011101100111111111001101011100110000001110100
000000000000000000000
000000000000000000000
000000000000000000000
000000000010000000000
000000000111000000000
000000001110000000000
000000011000010000000
000000111001101000000
000001111100011100000
000010010110111010000
000100000010101101000
000000000011000000000
000000000000000000000
000000000000000000000
000000000000000000000
000000000000000000000
000000000000000000000
000000000000000000000
000000000000000000000
000000000000000000000
000000000000000000000
#
It:87:Diff:20:PSOStep:7:Time:1.270244893:s:AutomataStep:7:Transition:00110101100100010100100000110111110110011011010010111001000010110011011100101001000000000110011101000010001010000000110111101010011000000001000000110110001110110001110000100111000110110100111010000110000010010101010010100000111110001100010001110011001010000000000001100010011100101101100010111010110111111000100111000011001010000001001011100110110001101001111011110000000100111011110010000100010001010100000000001110110011101000000000101110000100110000010010010101010011001100100111111001101010100110000001110100
000000000000000000000
000000000000000000000
000000000000000000000
000000000010000000000
000000000101000000000
000000001110100000000
000000010000110000000
000000100011100000000
000001011101111100000
000010011101001010000
000101000110000101000
000000000000000000000
000000000000000000000
000000000000000000000
000000000000000000000
000000000000000000000
000000000000000000000
000000000000000000000
000000000000000000000
000000000000000000000
000000000000000000000
#
It:88:Diff:19:PSOStep:7:Time:1.292121955:s:AutomataStep:7:Transition:00110101101100010100101100110011100110011011010011111011001010100011110101100001100000000110011101000010001101010000110101101010011100000001000000010010001110100001110000101110010111011100111000000110000010010111000010100001111100000010100011110011001010000000000001100010011110101101110010101000111011011000100101001011001010000001001011100100000101101001111011110000000110010011010000001100101001010100000100001110110011101001000000101110000100100000010010010101110001001100111110111011111011100110000001010110
000000000000000000000
000000000000000000000
000000000000000000000
000000000010000000000
000000000111000000000
000000001110100000000
000000011000110000000
000000101011101000000
000001011001111100000
000010100011001010000
000100100011001101000
000000000000000000000
000000000000000000000
000000000000000000000
000000000000000000000
000000000000000000000
000000000000000000000
000000000000000000000
000000000000000000000
000000000000000000000
000000000000000000000
#
It:107:Diff:16:PSOStep:7:Time:1.564417217:s:AutomataStep:7:Transition:00110101101100010100101100110011100110011011110011110111001110110011100101100001100000000110011101000110001111010000110101101011011100000001000000110010001110110001110000111110110111011100111000000110000010010111000010100001111100001010110011110011001010000000100001100010011110101101100010111010111011001000100111001011001010000001001011100100000101101001111011110001000110010011010000001100101101011100000101001110110011101001000000101110000100100010010010010101100001001100110110111011111011100110000001110110
000000000000000000000
000000000000000000000
000000000000000000000
000000000010000000000
000000000111000000000
000000001110100000000
000000011000110000000
000000111001101000000
000001011101011100000
000010111001101010000
000101101101101101000
000000000000000000000
000000000000000000000
000000000000000000000
000000000000000000000
000000000000000000000
000000000000000000000
000000000000000000000
000000000000000000000
000000000000000000000
000000000000000000000
#
It:156:Diff:15:PSOStep:7:Time:2.192834119:s:AutomataStep:7:Transition:00110101101100010100101101110111100110011011010011111011001110110011100101100001100000000110011101000100001001010000110101101011011101000001000000110110001110110001110000111110110111011101111000000110000010010111000010110001111100011010110011110011001010000000100001100010011110101100100010111110111011001000100111001011001011000000001011100100000101100001111011110000000110010011010000001100101101010100000100001110110011101001010010111110000100100000010010010101100011001100110110111011111011100110010001100110
000000000000000000000
000000000000000000000
000000000000000000000
000000000010000000000
000000000111000000000
000000001110100000000
000000011000110000000
000000111001101000000
000001011101011100000
000010111001001010000
000101101111111101000
000000000000000000000
000000000000000000000
000000000000000000000
000000000000000000000
000000000000000000000
000000000000000000000
000000000000000000000
000000000000000000000
000000000000000000000
000000000000000000000
#
It:208:Diff:12:PSOStep:7:Time:2.863271237:s:AutomataStep:7:Transition:00110101101100010100101101110111100110011011010011111011001110110011110101101001100000000110011101000000001001000000110111101011011100000001000000110010001010110001110000100110110111111101111000001110000010010111000010100001111100010000110011110011001010000000101001100010011110101101100010101110111011001000100111000011001011000000011001100100000101100001111011110001000110010011010000001100101101010100000000001110110011101101010010111110100100100100010010010101100011001100110110111011111011100100000001100110
000000000000000000000
000000000000000000000
000000000000000000000
000000000010000000000
000000000111000000000
000000001110100000000
000000011000110000000
000000101001101000000
000001011001011100000
000010111001101010000
000101101111111101000
000000000000000000000
000000000000000000000
000000000000000000000
000000000000000000000
000000000000000000000
000000000000000000000
000000000000000000000
000000000000000000000
000000000000000000000
000000000000000000000
#
It:356:Diff:11:PSOStep:7:Time:4.70917353:s:AutomataStep:7:Transition:00110101101100010100101100110111100110011011010011111111001110110111110101101001100000000110011101000000001001000000110101101011011100000001000000110010001110110001110000100110110111111100111000001110000010010111000010110001111100010010110011110011001010000000101001100010011110101101100010111110111011011000100111000011001011000000011011100100000101100001111011110000001110010011010000001100101101010100000100001110110011101101000010111110000100100100010010010101100011001100111110111011111011100110000001110110
000000000000000000000
000000000000000000000
000000000000000000000
000000000010000000000
000000000111000000000
000000001110100000000
000000011000110000000
000000101001101000000
000001011001011100000
000010111101101010000
000101101111111101000
000000000000000000000
000000000000000000000
000000000000000000000
000000000000000000000
000000000000000000000
000000000000000000000
000000000000000000000
000000000000000000000
000000000000000000000
000000000000000000000
#
It:422:Diff:10:PSOStep:7:Time:5.592821552:s:AutomataStep:7:Transition:00110101101100010100101100110111100110011011010011111111001111110111110101101001100000000110011101000000001001000000111101101010011100000001000000110110001110110001110000100110110111011100111000001110000010010111000010110011111100010010110011110011001010000000101001100010001110101101000010101110011010001000100111100011001011000001011011100100000101100001111011000001000110000011010000001100101101010100000000001110110011101100010010111010000100100100000010010101100011001100111110111011111011100110000001110110
000000000000000000000
000000000000000000000
000000000000000000000
000000000010000000000
000000000111000000000
000000001110100000000
000000011000110000000
000000101001101000000
000001011001011100000
000010111101111010000
000101101111111101000
000000000000000000000
000000000000000000000
000000000000000000000
000000000000000000000
000000000000000000000
000000000000000000000
000000000000000000000
000000000000000000000
000000000000000000000
000000000000000000000
end
