PSO TRACE
INIT:../../instances/fazia/init.csv
REF:../../instances/fazia/asvn1.csv
DecodingPolicy:CPP2
MutationPolicy:Null
ParticleNeighborhood:Fixed
ParticleDims:515
ParticleCount:100
AccP:2.0
AccG:2.0
AccL:1.5
AccI:2.3
Pos:0.0-3.0
Inertia:0.9-0.6
VeloMax:2.0
MaxPSOIteration:500
InertiaDecrFactor:6.000000000000001E-4
INIT
000000000000000000000
000000000000000000000
000000000000000000000
000000000000000000000
000000000000000000000
000000000000000000000
000000000000000000000
000000000000000000000
000000000000000000000
000000000000000000000
000000000010000000000
000000000000000000000
000000000000000000000
000000000000000000000
000000000000000000000
000000000000000000000
000000000000000000000
000000000000000000000
000000000000000000000
000000000000000000000
000000000000000000000
REF
000000000000000000000
000000000000000000000
000000000000000000000
000000000010000000000
000000000111000000000
000000001010100000000
000000011100110000000
000000101001101000000
000001111001111100000
000010111111111010000
000111011111110111000
000000000000000000000
000000000000000000000
000000000000000000000
000000000000000000000
000000000000000000000
000000000000000000000
000000000000000000000
000000000000000000000
000000000000000000000
000000000000000000000
Classic CPP Decoder
0 :1,2,3,4,
1 :0,2,3,4,
2 :0,1,3,4,
3 :0,1,2,4,
4 :0,1,2,3,
5 :6,7,8,9,
6 :5,7,8,9,
7 :5,6,8,9,
8 :5,6,7,9,
9 :5,6,7,8,
10 :11,12,13,14,
11 :10,12,13,14,
12 :10,11,13,14,
13 :10,11,12,14,
14 :10,11,12,13,
15 :16,17,18,19,
16 :15,17,18,19,
17 :15,16,18,19,
18 :15,16,17,19,
19 :15,16,17,18,
20 :21,22,23,24,
21 :20,22,23,24,
22 :20,21,23,24,
23 :20,21,22,24,
24 :20,21,22,23,
25 :26,27,28,29,
26 :25,27,28,29,
27 :25,26,28,29,
28 :25,26,27,29,
29 :25,26,27,28,
30 :31,32,33,34,
31 :30,32,33,34,
32 :30,31,33,34,
33 :30,31,32,34,
34 :30,31,32,33,
35 :36,37,38,39,
36 :35,37,38,39,
37 :35,36,38,39,
38 :35,36,37,39,
39 :35,36,37,38,
40 :41,42,43,44,
41 :40,42,43,44,
42 :40,41,43,44,
43 :40,41,42,44,
44 :40,41,42,43,
45 :46,47,48,49,
46 :45,47,48,49,
47 :45,46,48,49,
48 :45,46,47,49,
49 :45,46,47,48,
50 :51,52,53,54,
51 :50,52,53,54,
52 :50,51,53,54,
53 :50,51,52,54,
54 :50,51,52,53,
55 :56,57,58,59,
56 :55,57,58,59,
57 :55,56,58,59,
58 :55,56,57,59,
59 :55,56,57,58,
60 :61,62,63,64,
61 :60,62,63,64,
62 :60,61,63,64,
63 :60,61,62,64,
64 :60,61,62,63,
65 :66,67,68,69,
66 :65,67,68,69,
67 :65,66,68,69,
68 :65,66,67,69,
69 :65,66,67,68,
70 :71,72,73,74,
71 :70,72,73,74,
72 :70,71,73,74,
73 :70,71,72,74,
74 :70,71,72,73,
75 :76,77,78,79,
76 :75,77,78,79,
77 :75,76,78,79,
78 :75,76,77,79,
79 :75,76,77,78,
80 :81,82,83,84,
81 :80,82,83,84,
82 :80,81,83,84,
83 :80,81,82,84,
84 :80,81,82,83,
85 :86,87,88,89,
86 :85,87,88,89,
87 :85,86,88,89,
88 :85,86,87,89,
89 :85,86,87,88,
90 :91,92,93,94,
91 :90,92,93,94,
92 :90,91,93,94,
93 :90,91,92,94,
94 :90,91,92,93,
95 :96,97,98,99,
96 :95,97,98,99,
97 :95,96,98,99,
98 :95,96,97,99,
99 :95,96,97,98,
#
It:0:Diff:46:PSOStep:2:Time:0.139625563:s:AutomataStep:2:Transition:01000000110000000010101101000111010001101001100000000000000100000001101011111111000001111010000110000010100111101010101111010000001100010011000000001101010110011010100100100100000101010010001110011000100010100000001100010001110100001010000001011100000000001101100100000101101000001010010101000101000110101001000000110001100100010000011001100100000100001000010000000001001001101010000000010110100100100110100100001101011110011010111000000101101100110011100010100000100001111011010100110111110001011110110111000011
000000000000000000000
000000000000000000000
000000000000000000000
000000000000000000000
000000000000000000000
000000000000000000000
000000000000000000000
000000000000000000000
000000001000000000000
000000001100000000000
000000001010000000000
000000000000000000000
000000000000100000000
000000000000000000000
000000000000000000000
000000000000000000000
000000000000000000000
000000000000000000000
000000000000000000000
000000000000000000000
000000000000000000000
#
It:1:Diff:43:PSOStep:3:Time:0.2262747:s:AutomataStep:3:Transition:01100000100100110011111111000111110001101001101000110001011000000001111010111101010001101100100101010010100111101111111111010100001101111011000000011111011111011011110010101101111011110010111010011011100110100001101100010011110111110010010101110100001011000101010100001101000110101000010101100100101000101001010000100101101101110001111101100111000100111100011001000101101111101011000001010110110000101010100001101101001100111111111000100001101100110011100011100111010000110010011111110111110000001111100011000011
000000000000000000000
000000000000000000000
000000000000000000000
000000000000000000000
000000000000000000000
000000000000000000000
000000000000000000000
000000011000000000000
000000010100000000000
000000001110100000000
000000010011010000000
000000000001000000000
000000000000000000000
000000000000000000000
000000000000000000000
000000000000000000000
000000000000000000000
000000000000000000000
000000000000000000000
000000000000000000000
000000000000000000000
#
It:4:Diff:41:PSOStep:4:Time:0.277598733:s:AutomataStep:4:Transition:01100000101110100000011111000101110000100000111001111000001000010001110000110101010001001100101100010010100011101011111111011100000100101011000100101111011101011001110000001100101011011000111011011011010000101011101100010011100111010100010101110100001111000001010100001100000111101000010001110000000000100001010001100110001101101001110001100000000100110100010001000111101111101101100000010110110000000010100001101001000101011101010010101001001000000011000011101111010111110010010010011111100000000010000001000001
000000000000000000000
000000000000000000000
000000000000000000000
000000000000000000000
000000000000000000000
000000000000000000000
000000100000000000000
000000000000000000000
000000011001100000000
000000001101000000000
000000011100101000000
000000000000000000000
000000000000000000000
000000000000000000000
000000000000000000000
000000000000000000000
000000000000000000000
000000000000000000000
000000000000000000000
000000000000000000000
000000000000000000000
#
It:5:Diff:36:PSOStep:6:Time:0.305157296:s:AutomataStep:6:Transition:00100000100110100010011111000111100100100000101001111001001000010001111010110001010011101100101100010000100010101011010001010100000100101010000100001111011111011000110000001100011011110000011010011011010000110001101101010011110011010100010101110100001011000011000100001100000111000000010010110000000000100001000001100100001101101001111101100001000100010100011001000101101011100011100000010110010000000010101001101111000001000001010000101001001000010010001011101111010111110000010010011111010000000011000001000011
000000000000000000000
000000000000000000000
000000000000000000000
000000000000000000000
000000000010000000000
000000000010000000000
000000001000100000000
000000000000000000000
000000111000100000000
000000100101110000000
000010100000101010000
000000000000000000000
000000000000000000000
000000000000000000000
000000000000000000000
000000000000000000000
000000000000000000000
000000000000000000000
000000000000000000000
000000000000000000000
000000000000000000000
#
It:6:Diff:32:PSOStep:7:Time:0.322988706:s:AutomataStep:7:Transition:00100000101110100001111111000111100000100001111000101000001000000001011010110001010001001100111100000010100110111011110111011100001101101010000100011111101111011011110000101000001011011010111010011011100010101001100001010011100111100010010101110100001111000011010100001100000110001100010101110010010000000101010000100111001101101001010001100011000100111100010001000101101111111101100000000111010000001010101001001101000000101101100000101001101000100000001001101111010111110010010010010111100000000011000001010000
000000000000000000000
000000000000000000000
000000000000000000000
000000000010000000000
000000000110000000000
000000001111000000000
000000011011000000000
000000110001001000000
000001100100001000000
000011011010110110000
000101001011010001000
000000010000000000000
000000000000000000000
000000000000000000000
000000000000000000000
000000000000000000000
000000000000000000000
000000000000000000000
000000000000000000000
000000000000000000000
000000000000000000000
#
It:7:Diff:30:PSOStep:7:Time:0.353404058:s:AutomataStep:7:Transition:00100000101110000001011111000101101100100000111000101010001000010001110110010001010001001100111100000110100010101011110001111100000100101010000100111111101111111001110001011000011011011010110011011011100000111001100000000001100111000100010001110100001111010001000101001100000011000010010010110010000000100101000001100010001101001001011001100000000110110110010001001001001111101001100000100111010010000010101001101111000000101000100011101001001000000010001010101111010111110000000010110111100000000010000011010000
000000000000000000000
000000000000000000000
000000000000000000000
000000000010000000000
000000000111000000000
000000001111100000000
000000011010110000000
000000111000101000000
000001110010100100000
000011010000011110000
000101000000101001000
000000000001000000000
000000000000000000000
000000000000000000000
000000000000000000000
000000000000000000000
000000000000000000000
000000000000000000000
000000000000000000000
000000000000000000000
000000000000000000000
#
It:8:Diff:25:PSOStep:7:Time:0.379546273:s:AutomataStep:7:Transition:00100000101110000001011111010101101100100000111000101110001000000001110100010001010101001100111000010110100010101011110001111100000100101100000100111111101101111001111001011000011001011000110011011111110001111001100000000001100011000100010001110100001111010001000101001100000011000010010010110010000000100101000101100010001101001001000001100000000110110110010001001001001111100001100000100111010010011010111001101001000001101000100111101000001000000110001010101111010111110000100010010011000000000010000011010000
000000000000000000000
000000000000000000000
000000000000000000000
000000000010000000000
000000000111000000000
000000001001100000000
000000010000110000000
000000110001011000000
000001011000111100000
000011001101110110000
000101000110001001000
000000000000000000000
000000000000000000000
000000000000000000000
000000000000000000000
000000000000000000000
000000000000000000000
000000000000000000000
000000000000000000000
000000000000000000000
000000000000000000000
#
It:15:Diff:20:PSOStep:7:Time:0.513614695:s:AutomataStep:7:Transition:00100000101110000001111111010111101100100001101000101100001000010001110000010101010101001100111100000010100010101011110001011100001100111001000100001111101101011100110011011000010011011000110010011111010000101001101000000001101111110100010001110100001111000001000101001100000010000010010000100010110000100101000001100011001101011001000101100001000110110110010001000111101111101001100000100111010000011010100001101001000000101100001000000000001000000100001011101111000111110000001010010111100001001010100011100000
000000000000000000000
000000000000000000000
000000000000000000000
000000000010000000000
000000000111000000000
000000001100100000000
000000011110110000000
000000110000101000000
000001110000001100000
000011100111110010000
000100010011110101000
000000100000000000000
000000000000000000000
000000000000000000000
000000000000000000000
000000000000000000000
000000000000000000000
000000000000000000000
000000000000000000000
000000000000000000000
000000000000000000000
#
It:38:Diff:18:PSOStep:7:Time:1.01520975:s:AutomataStep:7:Transition:00100000101100010001110111010111101000111001111000101100001000010001000100110101000111001000100100010010100010101010010001111100001100111101000100101111111101011000110011011001010011011011010011011111010100111001101000000001111111110000010001110100001111110111010100001100000010000010010000101010101000100001000101100011001101001001010101100001000110110110010001000011001111001000100010100111110000010010100001101001010000100101001010101100001000000100000101101111000111110000001010010111110000001010100010101000
000000000000000000000
000000000000000000000
000000000000000000000
000000000010000000000
000000000111000000000
000000001010100000000
000000010000010000000
000000110000001000000
000001111001110100000
000010110111010010000
000100000101010101000
000000000000000000000
000000000000000000000
000000000000000000000
000000000000000000000
000000000000000000000
000000000000000000000
000000000000000000000
000000000000000000000
000000000000000000000
000000000000000000000
#
It:56:Diff:16:PSOStep:7:Time:1.406806743:s:AutomataStep:7:Transition:00100000101100010000110111010111101000110001111000101100001010010001110010011101000111000000101001010010100110101011010101011110001100011110001100101111111011111100110011001000010011011010000011011111100100101101101000000000101011011100010001110100001011000001010111001100000011000010010000100111010000100001000101100010001001001000010101100000000010010110010001001011101111001011100000100111110000000010100001101011000000110000010110000100100000000100000111101011001111110010010110010111111011001010100010100000
000000000000000000000
000000000000000000000
000000000000000000000
000000000010000000000
000000000111000000000
000000001010100000000
000000010110010000000
000000100101111000000
000001110101101100000
000010110111111010000
000101000101100101000
000000000000000000000
000000000000000000000
000000000000000000000
000000000000000000000
000000000000000000000
000000000000000000000
000000000000000000000
000000000000000000000
000000000000000000000
000000000000000000000
#
It:71:Diff:13:PSOStep:7:Time:1.719015794:s:AutomataStep:7:Transition:00100100101111010111110111010111101101111001101001101101001010010011111110011101010111100000101001000010100110101010110101011111001110111111110100111111111110010100110011011000011011011111111011011011110000111011101000010011111111011110010101111100001111010001010101011100001110000011010000100110101000011111000101100110001001001001111101100001000110110110010000001111001111101011100000100111110000110011110001011001010001111100000110101001001001010100011011101111010111110000011110010111110100001010000011101000
000000000000000000000
000000000000000000000
000000000000000000000
000000000010000000000
000000000111000000000
000000001010100000000
000000011100010000000
000000111000101000000
000001111101110100000
000010110101101010000
000101010101010101000
000000000000000000000
000000000000000000000
000000000000000000000
000000000000000000000
000000000000000000000
000000000000000000000
000000000000000000000
000000000000000000000
000000000000000000000
000000000000000000000
#
It:477:Diff:12:PSOStep:7:Time:9.986936551:s:AutomataStep:7:Transition:00100100101111010111110111010111101101111001101001111101001010010011111110011101010111100000101101000010100110101111110101011111001110111111111100111111111110010100111011011000011011011111111011011111110100111011101000010011111111011110010101111100001111010001011101011100001110000011010000100100111000011111000101100110001001001001111101100001000110110110010000001111001111111011100010100111110000110011110001011001110001111100001110101000001001010110011011101111010111110000011110010111110100001010000011101000
000000000000000000000
000000000000000000000
000000000000000000000
000000000010000000000
000000000111000000000
000000001010100000000
000000011100010000000
000000111001101000000
000001111101110100000
000010110100111010000
000101010101010101000
000000000000000000000
000000000000000000000
000000000000000000000
000000000000000000000
000000000000000000000
000000000000000000000
000000000000000000000
000000000000000000000
000000000000000000000
000000000000000000000
end
