PSO TRACE
INIT:../../instances/fazia/init.csv
REF:../../instances/fazia/asvn2.csv
DecodingPolicy:Nibble
MutationPolicy:Null
ParticleNeighborhood:EDist
ParticleDims:146
ParticleCount:100
AccP:2.0
AccG:2.0
AccL:1.5
AccI:2.3
Pos:0.0-3.0
Inertia:0.9-0.6
VeloMax:2.0
MaxPSOIteration:500
InertiaDecrFactor:6.000000000000001E-4
INIT
000000000000000000000
000000000000000000000
000000000000000000000
000000000000000000000
000000000000000000000
000000000000000000000
000000000000000000000
000000000000000000000
000000000000000000000
000000000000000000000
000000000010000000000
000000000000000000000
000000000000000000000
000000000000000000000
000000000000000000000
000000000000000000000
000000000000000000000
000000000000000000000
000000000000000000000
000000000000000000000
000000000000000000000
REF
000000000000000000000
000000000000000000000
000000000000000000000
000000000010000000000
000000000101000000000
000000001000100000000
000000010100010000000
000000100010001000000
000001010001000100000
000010001010101010000
000100010001000101000
000010001000100010000
000001000100010100000
000000100010001000000
000000010001010000000
000000001000100000000
000000000101000000000
000000000010000000000
000000000000000000000
000000000000000000000
000000000000000000000
Nibble Decoder
#
It:0:Diff:45:PSOStep:1:Time:0.143066093:s:AutomataStep:1:Transition:01100100010001001110000001101110110000000100010011001110101011000100100001001010000010100100010010000010001000100000111011101100000001101010010000000010101001101100101001000010011011000110100000100100000011000100000011100010100010100010010010001010100011100000101011001110000000101010000010001000000001101110111011101100001000101110100000001110101011001100110010001000100000100000001010101110000011001110100001001000111001001110001011101000100010001000010001001010001011000000101011001110001011100010000010100100
000000000000000000000
000000000000000000000
000000000000000000000
000000000000000000000
000000000000000000000
000000000000000000000
000000000000000000000
000000000000000000000
000000000000000000000
000000000110000000000
000000000011000000000
000000000000000000000
000000000000000000000
000000000000000000000
000000000000000000000
000000000000000000000
000000000000000000000
000000000000000000000
000000000000000000000
000000000000000000000
000000000000000000000
#
It:1:Diff:37:PSOStep:7:Time:0.294764521:s:AutomataStep:7:Transition:00100010000010101010001010100000100001000110011010001110000001000010110000101100101000000000111011100010101011001100000010000000111001000100001001100100000010000110100000100010000010000110011000000100100000001000010001100010011010001010000011001100001011100100000000100010100011100100010001101100010001001000011010001000000000001000110000000010001010000110100000100100100010100110100010001000001010000010101011101010111001001000100001001100001000001110001010100010000000100010000001001010101011000100100010100010
000000000000000000000
000000000000000000000
000000000000000000000
000000000010000000000
000000000011000000000
000000000011100000000
000000000001010000000
000000000010101000000
000000000011101100000
000000000010101110000
000000000000000101000
000000000000000000000
000000000000110100000
000000000000101000000
000000000001010000000
000000000010000000000
000000000011000000000
000000000010000000000
000000000000000000000
000000000000000000000
000000000000000000000
#
It:5:Diff:33:PSOStep:7:Time:0.501495463:s:AutomataStep:7:Transition:00100100101000100000001000101100110000001000000000001100101011100000110000000000000000001110011011000100010001000100010011001100100010100100010011101100010011001000100000100000001010000100111010101110111000001100000011000100110000000100100011001100010010000000111010001010000011101010110011100100000011101100010011101100101001001100110000100010010010001110001011000000100000001000000010000010001001100000000000001100100011001000100010101110110010100000010000100010000000000000101010100110010001100000100000101000
000000000000000000000
000000000000000000000
000000000000000000000
000000000010000000000
000000000101000000000
000000001001000000000
000000010010000000000
000000100011111000000
000001000000010100000
000010001100100000000
000100000001010111000
000010100111011010000
000001000000000100000
000000100100101000000
000000010101010000000
000000001010100000000
000000000101000000000
000000000010000000000
000000000000000000000
000000000000000000000
000000000000000000000
#
It:205:Diff:29:PSOStep:7:Time:8.107017041:s:AutomataStep:7:Transition:00100100101000100000001000100000100000101100110011001100001001100110011001100010001010100010110011000110000001100100101001100000111011101010011001101110011011000000110010101010011011000110111011100010100001001100100001100110110011000000110000001100111000000010011001000010100011000010000000000110100000101100010011001100010000001000100000100000111011001100110011100010110011100110011011000000000000000010001001100100110011001100110010101100000010001000001010100010001001101100000010100000101001101100110010100000
000000000000000000000
000000000000000000000
000000000000000000000
000000000010000000000
000000000101000000000
000000001000000000000
000000000100110000000
000000100110000000000
000001000001101100000
000010001000000000000
000101001010000111000
000010000101100110000
000001000100001100000
000000100000111000000
000000010001010000000
000000001011100000000
000000000101000000000
000000000010000000000
000000000000000000000
000000000000000000000
000000000000000000000
end
