PSO TRACE
INIT:../../instances/fazia/init.csv
REF:../../instances/fazia/asvn3.csv
DecodingPolicy:CPP
MutationPolicy:Null
ParticleNeighborhood:Fixed
ParticleDims:515
ParticleCount:100
AccP:2.0
AccG:2.0
AccL:1.5
AccI:2.3
Pos:0.0-3.0
Inertia:0.9-0.6
VeloMax:2.0
MaxPSOIteration:500
InertiaDecrFactor:6.000000000000001E-4
INIT
000000000000000000000
000000000000000000000
000000000000000000000
000000000000000000000
000000000000000000000
000000000000000000000
000000000000000000000
000000000000000000000
000000000000000000000
000000000000000000000
000000000010000000000
000000000000000000000
000000000000000000000
000000000000000000000
000000000000000000000
000000000000000000000
000000000000000000000
000000000000000000000
000000000000000000000
000000000000000000000
000000000000000000000
REF
000000000000000000000
000000000000000000000
000000000000000000000
000000000010000000000
000000000111000000000
000000001011100000000
000000011111110000000
000000101011111000000
000001111111011100000
000010111110101110000
000111011101110111000
000010111011101110000
000001110111011100000
000000101110111000000
000000011101110000000
000000001011100000000
000000000111000000000
000000000010000000000
000000000000000000000
000000000000000000000
000000000000000000000
Classic CPP Decoder
0 :1,2,3,4,
1 :0,2,3,4,
2 :0,1,3,4,
3 :0,1,2,4,
4 :0,1,2,3,
5 :6,7,8,9,
6 :5,7,8,9,
7 :5,6,8,9,
8 :5,6,7,9,
9 :5,6,7,8,
10 :11,12,13,14,
11 :10,12,13,14,
12 :10,11,13,14,
13 :10,11,12,14,
14 :10,11,12,13,
15 :16,17,18,19,
16 :15,17,18,19,
17 :15,16,18,19,
18 :15,16,17,19,
19 :15,16,17,18,
20 :21,22,23,24,
21 :20,22,23,24,
22 :20,21,23,24,
23 :20,21,22,24,
24 :20,21,22,23,
25 :26,27,28,29,
26 :25,27,28,29,
27 :25,26,28,29,
28 :25,26,27,29,
29 :25,26,27,28,
30 :31,32,33,34,
31 :30,32,33,34,
32 :30,31,33,34,
33 :30,31,32,34,
34 :30,31,32,33,
35 :36,37,38,39,
36 :35,37,38,39,
37 :35,36,38,39,
38 :35,36,37,39,
39 :35,36,37,38,
40 :41,42,43,44,
41 :40,42,43,44,
42 :40,41,43,44,
43 :40,41,42,44,
44 :40,41,42,43,
45 :46,47,48,49,
46 :45,47,48,49,
47 :45,46,48,49,
48 :45,46,47,49,
49 :45,46,47,48,
50 :51,52,53,54,
51 :50,52,53,54,
52 :50,51,53,54,
53 :50,51,52,54,
54 :50,51,52,53,
55 :56,57,58,59,
56 :55,57,58,59,
57 :55,56,58,59,
58 :55,56,57,59,
59 :55,56,57,58,
60 :61,62,63,64,
61 :60,62,63,64,
62 :60,61,63,64,
63 :60,61,62,64,
64 :60,61,62,63,
65 :66,67,68,69,
66 :65,67,68,69,
67 :65,66,68,69,
68 :65,66,67,69,
69 :65,66,67,68,
70 :71,72,73,74,
71 :70,72,73,74,
72 :70,71,73,74,
73 :70,71,72,74,
74 :70,71,72,73,
75 :76,77,78,79,
76 :75,77,78,79,
77 :75,76,78,79,
78 :75,76,77,79,
79 :75,76,77,78,
80 :81,82,83,84,
81 :80,82,83,84,
82 :80,81,83,84,
83 :80,81,82,84,
84 :80,81,82,83,
85 :86,87,88,89,
86 :85,87,88,89,
87 :85,86,88,89,
88 :85,86,87,89,
89 :85,86,87,88,
90 :91,92,93,94,
91 :90,92,93,94,
92 :90,91,93,94,
93 :90,91,92,94,
94 :90,91,92,93,
95 :96,97,98,99,
96 :95,97,98,99,
97 :95,96,98,99,
98 :95,96,97,99,
99 :95,96,97,98,
#
It:0:Diff:57:PSOStep:5:Time:0.148719168:s:AutomataStep:5:Transition:01110110101111111111011101111011111111101111111010111011010111110010011111111011101111101111111111110001101111111010010101110011111110110011111111101111110111111111101011111101111111011110010010101101011111111110010001111111110111111011011111101100111111111111111111101010111011011111110111011111110111111001111111111111110111110111111101111111101111110110011101001111101011111001111011101111011111011111011111101111111111111111101011111111111111110110011111111111011110011111110110010111010111111111111111111011
000000000000000000000
000000000000000000000
000000000000000000000
000000000000000000000
000000000000000000000
000001100010000000000
000001111111000000000
000000111111100000000
000001111111110000000
000000111111111000000
000001111101111100000
000000111111111100000
000000000111111100000
000000000111111100000
000000000111111100000
000000000010001100000
000000000000000000000
000000000000000000000
000000000000000000000
000000000000000000000
000000000000000000000
#
It:1:Diff:53:PSOStep:5:Time:0.252376736:s:AutomataStep:5:Transition:01111111101111111111011110111011111111111111111010111011110111110010011111111011101111101111111111110001101111111010010101110011011110110011111110101111110111111111111011111101111011011110011011101101011111111110011001111111110111111011011111111100111111111111111111101010111011011101110111011111110101111001111111111111010111110111111101111111101111111110011101001111101111111001111011101111011111011111011101101111111111101111101011111111111111110110011111111111011101011111011110010111011101111111111111111011
000000000000000000000
000000000000000000000
000000000000000000000
000000000000000000000
000000000000000000000
000001111111111100000
000001011111111100000
000000111111111100000
000001111111111100000
000000110111111100000
000001111101111100000
000000111011111100000
000000010111111100000
000000001100111100000
000000000001011100000
000000000000000100000
000000000000000000000
000000000000000000000
000000000000000000000
000000000000000000000
000000000000000000000
#
It:6:Diff:46:PSOStep:7:Time:0.364190396:s:AutomataStep:7:Transition:00110111101111111111011110111011111111101011111111111010010111111010001111111011101111111111101111110001110111111010010100110010111101110011111110101100011111111111111001101001111001111110010110101001011011101110010010111101010111111011011111101110111110110010111011111011111101111101100111010110011101101001111111001111010111111110111001111111101111111111011101011111101011111001111011111111111111011101011101111111111110111110101001111111100111110110011101111110010011011100011010110111010100101010101111111111
000000000000000000000
000000000000000000000
000000000000000000000
000000000010000000000
000000000111000000000
000000000111100000000
000000001111110000000
000000001111111000000
000000011111111100000
000000011111111110000
000000111101110111000
000000111101111110000
000001111111011100000
000001110111111000000
000011101111110000000
000011111101100000000
000111100001000000000
000110101010000000000
000000000000000000000
000000000000000000000
000000000000000000000
#
It:9:Diff:35:PSOStep:7:Time:0.430703648:s:AutomataStep:7:Transition:00110111111011111111011110101111111111001111011011111011011111110011111111111111111111111101101111111101110011111011010100110010111101010010011111100100011001111111011001101000111001111011011111001011011100111110110101110111011011111110011111001110101010010111010011111011111101111101110110110111101111101011110011001111010111110110101101110111101111111111111111111111101011111011100011111011111011011101001101111110111110111011101000011011110001111111111011001111110111010100111110111111100101111110111111111010
000000000000000000000
000000000000000000000
000000000000000000000
000000000010000000000
000000000111000000000
000000001101100000000
000000011101110000000
000000110110111000000
000001101001101100000
000011110111101110000
000111111111001111000
000011111000101110000
000001101011111100000
000000110010011000000
000000010111110000000
000000001101100000000
000000000111000000000
000000000010000000000
000000000000000000000
000000000000000000000
000000000000000000000
#
It:10:Diff:26:PSOStep:7:Time:0.455863311:s:AutomataStep:7:Transition:00110111111011111111010110111111111111101111111011111111111111110011111111111011111111101111101111111101110011111011011100110011111111110010011111110110011111111110111111101011111111010011111111101111010001011110100101111111101011111111011111111100111111110111111101111011111011111111110110011111101111101011110011001111010111010111101101111011101101111110111111111111101111111011111011111111101110111111011101111111111110111110101001111111111001111111101111101111111111111111111110111111100101111110111111111111
000000000000000000000
000000000000000000000
000000000000000000000
000000000010000000000
000000000111000000000
000000001110100000000
000000011111110000000
000000111110101000000
000001111111111100000
000011111111101010000
000110111111111111000
000011011111011110000
000001110001111100000
000000111110111000000
000000010111110000000
000000001111100000000
000000000111000000000
000000000010000000000
000000000000000000000
000000000000000000000
000000000000000000000
#
It:12:Diff:20:PSOStep:7:Time:0.506462983:s:AutomataStep:7:Transition:00110111101111111111011100111111111111101111111011111010110111110011011110110111111111111111111111111001110111111111111100111011111110110000011111111011110101111111111011101111111111111011011110111111011011100110011100011111111011111111010111111100111111110010111111111011110111101111101111011111101111111011110111101110110111110110111101111111101101111111011101011110101111111000011111101111011110011101011101101111111110111101101001111111111011110110101100111111111111111111111100111111011100111111111101101111
000000000000000000000
000000000000000000000
000000000000000000000
000000000010000000000
000000000111000000000
000000001111100000000
000000011111110000000
000000111111111000000
000001111111011100000
000011111011111110000
000111111101111111000
000010111110111110000
000001111111111100000
000000111111111000000
000000010011110000000
000000001011100000000
000000000101000000000
000000000010000000000
000000000000000000000
000000000000000000000
000000000000000000000
#
It:25:Diff:19:PSOStep:7:Time:0.815036652:s:AutomataStep:7:Transition:00110111111111111111011110111111111101100111111011111011110111110011011010111111111111101111111111010001110111111011110101111111111111101011111111111111111111111111110011110011111111111111101111111101111111111110011101111111111011111111011111111110011111110010111111111011111111111111101111011111101111101011110111101111110111011110101101111111101111111111111101110111101111111001111111111111011111011111111101111111111110111111101011111011111011110111111101111111111111111110111110101111111101111111101111101111
000000000000000000000
000000000000000000000
000000000000000000000
000000000010000000000
000000000111000000000
000000001111100000000
000000011111110000000
000000111111111000000
000001111111011100000
000011111111111110000
000111110111111111000
000011111011111110000
000001111101111100000
000000111111111000000
000000011111110000000
000000001111100000000
000000000111000000000
000000000010000000000
000000000000000000000
000000000000000000000
000000000000000000000
#
It:34:Diff:18:PSOStep:7:Time:0.994941253:s:AutomataStep:7:Transition:00110111101111011111011100111101111111111111101110111000010111110110101111110110111011111111111110111100111110110111111111010111101110110100111110111111011101011011101111111111111111011110111111111101011111111110100111100111110111111111010111111100111111110010110101111111111011101111101011111111111101111011011111101110111111101110111111111101101111110111111111110110111110111000111101111011011011010111011111110111111111011111101111111111111011111111110111111111111110011111011111111111111101111111111111101011
000000000000000000000
000000000000000000000
000000000000000000000
000000000010000000000
000000000111000000000
000000001111100000000
000000011111110000000
000000111111111000000
000001111110011100000
000011111111111110000
000111011111111111000
000011111111111110000
000001111011111100000
000000111111111000000
000000011101110000000
000000001111100000000
000000000111000000000
000000000010000000000
000000000000000000000
000000000000000000000
000000000000000000000
#
It:101:Diff:14:PSOStep:7:Time:2.411981715:s:AutomataStep:7:Transition:00110111111111011111011110111101111111111101101110111100110111010110101111110111111110111111111111111101111111110111111111110111101110110100111111101101011101111011111111111110110110011110111110101111011100111110001111110111101111101111010111101010111111110011111001111011111111101101101111111101111101111011111111101110110111101110111110111111101111111111111111110111111111011001101111111111111111011111001111111111111111011111101101111011111011111101110111111111111111011111110111111111101101111111111111101011
000000000000000000000
000000000000000000000
000000000000000000000
000000000010000000000
000000000111000000000
000000001111100000000
000000011111110000000
000000111111111000000
000001111111011100000
000011111111111110000
000111011101111111000
000011111111111110000
000001110111111100000
000000111111111000000
000000011101110000000
000000001111100000000
000000000111000000000
000000000010000000000
000000000000000000000
000000000000000000000
000000000000000000000
#
It:310:Diff:12:PSOStep:7:Time:6.816483654:s:AutomataStep:7:Transition:00110111111111111111011110111101101111111101111111111110110101110110101111110111111110111111111111111101111110110111110111110011101111110111111111101100001101101011001111110110110000011111111111001111011110111110001111110111101111111111010111101100111111110011110101101010111111100101101111111101111101111011101111101110110111111110111110011101101111110111111111110110101111111001101111111111101011011101001111111101111111011111001101111011111011111111011110110111111111111111110111111111110101111111111111101011
000000000000000000000
000000000000000000000
000000000000000000000
000000000010000000000
000000000111000000000
000000001111100000000
000000011111110000000
000000111111111000000
000001110111011100000
000011111111111110000
000111011101111111000
000010111111111110000
000001110111111100000
000000101111111000000
000000011101110000000
000000001011100000000
000000000111000000000
000000000010000000000
000000000000000000000
000000000000000000000
000000000000000000000
end
