PSO TRACE
INIT:../../instances/fazia/init.csv
REF:../../instances/fazia/asvn3.csv
DecodingPolicy:CPP
MutationPolicy:Null
ParticleNeighborhood:Fixed
ParticleDims:515
ParticleCount:100
AccP:2.0
AccG:2.0
AccL:1.5
AccI:2.3
Pos:0.0-3.0
Inertia:0.9-0.6
VeloMax:2.0
MaxPSOIteration:500
InertiaDecrFactor:6.000000000000001E-4
INIT
000000000000000000000
000000000000000000000
000000000000000000000
000000000000000000000
000000000000000000000
000000000000000000000
000000000000000000000
000000000000000000000
000000000000000000000
000000000000000000000
000000000010000000000
000000000000000000000
000000000000000000000
000000000000000000000
000000000000000000000
000000000000000000000
000000000000000000000
000000000000000000000
000000000000000000000
000000000000000000000
000000000000000000000
REF
000000000000000000000
000000000000000000000
000000000000000000000
000000000010000000000
000000000111000000000
000000001011100000000
000000011111110000000
000000101011111000000
000001111111011100000
000010111110101110000
000111011101110111000
000010111011101110000
000001110111011100000
000000101110111000000
000000011101110000000
000000001011100000000
000000000111000000000
000000000010000000000
000000000000000000000
000000000000000000000
000000000000000000000
Classic CPP Decoder
0 :1,2,3,4,
1 :0,2,3,4,
2 :0,1,3,4,
3 :0,1,2,4,
4 :0,1,2,3,
5 :6,7,8,9,
6 :5,7,8,9,
7 :5,6,8,9,
8 :5,6,7,9,
9 :5,6,7,8,
10 :11,12,13,14,
11 :10,12,13,14,
12 :10,11,13,14,
13 :10,11,12,14,
14 :10,11,12,13,
15 :16,17,18,19,
16 :15,17,18,19,
17 :15,16,18,19,
18 :15,16,17,19,
19 :15,16,17,18,
20 :21,22,23,24,
21 :20,22,23,24,
22 :20,21,23,24,
23 :20,21,22,24,
24 :20,21,22,23,
25 :26,27,28,29,
26 :25,27,28,29,
27 :25,26,28,29,
28 :25,26,27,29,
29 :25,26,27,28,
30 :31,32,33,34,
31 :30,32,33,34,
32 :30,31,33,34,
33 :30,31,32,34,
34 :30,31,32,33,
35 :36,37,38,39,
36 :35,37,38,39,
37 :35,36,38,39,
38 :35,36,37,39,
39 :35,36,37,38,
40 :41,42,43,44,
41 :40,42,43,44,
42 :40,41,43,44,
43 :40,41,42,44,
44 :40,41,42,43,
45 :46,47,48,49,
46 :45,47,48,49,
47 :45,46,48,49,
48 :45,46,47,49,
49 :45,46,47,48,
50 :51,52,53,54,
51 :50,52,53,54,
52 :50,51,53,54,
53 :50,51,52,54,
54 :50,51,52,53,
55 :56,57,58,59,
56 :55,57,58,59,
57 :55,56,58,59,
58 :55,56,57,59,
59 :55,56,57,58,
60 :61,62,63,64,
61 :60,62,63,64,
62 :60,61,63,64,
63 :60,61,62,64,
64 :60,61,62,63,
65 :66,67,68,69,
66 :65,67,68,69,
67 :65,66,68,69,
68 :65,66,67,69,
69 :65,66,67,68,
70 :71,72,73,74,
71 :70,72,73,74,
72 :70,71,73,74,
73 :70,71,72,74,
74 :70,71,72,73,
75 :76,77,78,79,
76 :75,77,78,79,
77 :75,76,78,79,
78 :75,76,77,79,
79 :75,76,77,78,
80 :81,82,83,84,
81 :80,82,83,84,
82 :80,81,83,84,
83 :80,81,82,84,
84 :80,81,82,83,
85 :86,87,88,89,
86 :85,87,88,89,
87 :85,86,88,89,
88 :85,86,87,89,
89 :85,86,87,88,
90 :91,92,93,94,
91 :90,92,93,94,
92 :90,91,93,94,
93 :90,91,92,94,
94 :90,91,92,93,
95 :96,97,98,99,
96 :95,97,98,99,
97 :95,96,98,99,
98 :95,96,97,99,
99 :95,96,97,98,
#
It:0:Diff:69:PSOStep:6:Time:0.125868913:s:AutomataStep:6:Transition:01110110110100010100101111111110111100010011111101110000001001001100110100110110101111110001100010011100111101111111111111111010101100011101111111111111011111010100100010011111110101110111000001101110010101110011110110111011110110101110110001101111010100100111110100001010001101000011101010101101110111011111101111011111111000111101111101110110101011111101110100010111010000010011010111010111001111001100111111011111011010001111111111011100101010011011111110100101111010110010110100111100011111011100110100101111
000000000000000000000
000000000000000000000
000000000000000000000
000000000000000000000
000011100110000000000
000011001001000000000
000001110001100000000
000010111110000000000
000011011011101000000
000000011110111100000
000011011001111010000
000011100111110000000
000011100011111000000
000010111010100000000
000001111101100000000
000000011000000000000
000010111010000000000
000000000000000000000
000000000000000000000
000000000000000000000
000000000000000000000
#
It:1:Diff:54:PSOStep:7:Time:0.235162768:s:AutomataStep:7:Transition:00110100110110001100101010110110111100010000001111111101111011111101100001110110111111110011111111111101110111011101011101111111101010110101101101111010110110011100100010011011110100111111011011011101111111111011111100101011110111111111110001111111011000110100111010011010000111000111011111101001110111111111111101011111111011101111101011010100110111100011010100000111101100010110011011010001111111000100111001010111101010011110011100011110000011011101111101000101011010010111110110011100110111011111111010011110
000000000000000000000
000000000000000000000
000000000000000000000
000000000010000000000
000000000011000000000
000000001100000000000
000000011011110000000
000000111110100000000
000001111110111100000
000011111010111000000
000101111111001111000
000111011111101110000
000111011101111100000
000100000110111000000
000000111111110000000
000111101011100000000
000110000001000000000
000111111110000000000
000000000000000000000
000000000000000000000
000000000000000000000
#
It:3:Diff:48:PSOStep:7:Time:0.289443141:s:AutomataStep:7:Transition:00110011111110001111000110111110111001110011000011011111101111111111111011110110001110110011111111111101111111111001011111111110101110101101101110101011111110111100110001111111111101110111110010100111111101111011110100111111111110011111011011111111111110110111111100001111011111011111111111101110011111111110001111111111111011111111111111011101010010100111000110011001011110011111111111111100111011001100011001010101101111011100101110111111001110111110111101100101101010001011011111111100111111110111111011011111
000000000000000000000
000000000000000000000
000000000000000000000
000000000010000000000
000000000111000000000
000000001111100000000
000000011110110000000
000000111111111000000
000001111111011100000
000011111110111110000
000111111111011011000
000111111111111010000
000111111111111100000
000111111111111000000
000111111111110000000
000111101111100000000
000111101101000000000
000111111110000000000
000000000000000000000
000000000000000000000
000000000000000000000
#
It:9:Diff:38:PSOStep:7:Time:0.414542745:s:AutomataStep:7:Transition:00111001111110001111011000110110101011011011000011011101000100110111111001000110111110010111111101111101011110111101100100101111100111111110101110100001111010111110110101111110110100110111110010100111111100111011000101010010111110000111011001011111011110110011011101001111001111111111101011100110001101110110011101111111010011110110111011101110010011100101001100010001011100011111111101101100111011001100111000000001111111101011111111111111011011010110011101011011101110001011100010111110111111110111111001101111
000000000000000000000
000000000000000000000
000000000000000000000
000000000010101011000
000000000100101011000
000000001111000100000
000000010010010001000
000000110011011010000
000001101111010101000
000011111110111100000
000111111101100101000
000010101010111110000
000001111111111100000
000000101010111000000
000000011111110000000
000000001011100000000
000000000111000000000
000000000010000000000
000000000000000000000
000000000000000000000
000000000000000000000
#
It:11:Diff:34:PSOStep:7:Time:0.454679346:s:AutomataStep:7:Transition:00110101111110001101111110110110101100010111010011011101100011110111111001010010011110011001101111101101111110101111101111111110100111101101101110111110111101111110110101111111010100010111010101101111111100111111000111111011101110111111011001111111010110110111110101001111010010011111101011100101011101110110010111110111111001101110111100011101010011100111000101000011011011111111111111001101111111001110111001001101111101111101100011111110001010011011011100101101101010001011111100111100111111111111101101001011
000000000000000000000
000000000000000000000
000000000000000000000
000000000010000000000
000000000110000000000
000000001101000000000
000000011100000000000
000000101110110000000
000001011001000000000
000010111111111110000
000111110111011111000
000010111000111110000
000001111101111100000
000000100110111000000
000000010111110000000
000000001111100000000
000000000111000000000
000000000010000000000
000000000000000000000
000000000000000000000
000000000000000000000
#
It:12:Diff:31:PSOStep:7:Time:0.48141754:s:AutomataStep:7:Transition:00110101111110001111100110111011100100110101001011011111000011110111111010010010111111010110111111001101100111101111111111101001110110101100111110111111110111110100010101111011111101111110110111111111110110111111000111111111101110101111111111111111110111010111111100110011011110010111101000100110110111110110110111110111111001100110111010110011011010110111110110111111011111110110100111111111111111011100111111001101111101101111111111011111011110000111101001101111101111001011000110111110111111011111111110111111
000000000000000000000
000000000000000000000
000000000000000000000
000000000010000000000
000000000111000000000
000000001111100000000
000000011111010000000
000000111110110000000
000001111101111000000
000011111111111110000
000110111110111011000
000010101111100110000
000001011011111100000
000000101011111000000
000000010111110000000
000000001101100000000
000000000111000000000
000000000010000000000
000000000000000000000
000000000000000000000
000000000000000000000
#
It:13:Diff:30:PSOStep:7:Time:0.510348937:s:AutomataStep:7:Transition:00110111101110000101001110111110101001110001000011010111100101110111111011010010001010011011111111111101001111101011101110111110111110101111101110111011001110111100000011011011010111010111111011101111111001111010110111011111111111000111111000111111101110110001111100001111011110001111111111100100011011111110011111111111011001111111011011011101010010100100000111010101011111011111111011101100111111011100011011010101110111110100011111011100001111011010101001101101101001001001001110011110111101111111101010011101
000000000000000000000
000000000000000000000
000000000000000000000
000000000010000000000
000000000101000000000
000000001110100000000
000000011111010000000
000000111111101000000
000001110111110100000
000011110111111010000
000101001101001001000
000011111011111110000
000001010111101100000
000000111110111000000
000000010101110000000
000000001111100000000
000000000111000000000
000000000010000000000
000000000000000000000
000000000000000000000
000000000000000000000
#
It:20:Diff:26:PSOStep:7:Time:0.660841837:s:AutomataStep:7:Transition:00110110101110011001011110101110111001110001010011010111111101110111111011110000110010011010111111111101011011111011101111101110101110101101101110111101111011111110100111111111110111010111111111100011111111011110101110001111110101111011111001111111111110000111111100001010010110000111001111110100111101111110011111111111111111111111011110011111011010111101000111010111011110010111111111111101111111011000111001011101111010111101111010111110000111011011011001111101101111001101101110011110111101110111101100111011
000000000000000000000
000000000000000000000
000000000000000000000
000000000010000000000
000000000111000000000
000000001111100000000
000000011101110000000
000000111011111000000
000001111010101100000
000011100111111110000
000111111111101111000
000011111111011110000
000001111111111100000
000000111111111000000
000000011111110000000
000000001111100000000
000000000111000000000
000000000010000000000
000000000000000000000
000000000000000000000
000000000000000000000
#
It:37:Diff:24:PSOStep:7:Time:1.054033279:s:AutomataStep:7:Transition:00110111101110011011111111111111111101011101110110011111110101110111111011111010110010110001110101111010110110111111111111011010001100111110100111110101111001110101111101111100010111001111111111111111101110111110101010101111110010101011110011111101111110010111011111011111101111111111111111111011011010111111111101111111110011111111111011111101101010111100001111000110001101001111101011110111001111011111011111011110111111110101101010111111001011111011011001111111011111110111101110111101110111111110111110000011
000000000000000000000
000000000000000000000
000000000000000000000
000000000010000000000
000000000110000000000
000000001101100000000
000000011111100000000
000000111111111000000
000001100111011000000
000011111101111110000
000111111111110111000
000010111011111110000
000001110101111100000
000000101001111000000
000000011111110000000
000000001111100000000
000000000111000000000
000000000000000000000
000000000000000000000
000000000000000000000
000000000000000000000
#
It:39:Diff:20:PSOStep:7:Time:1.104843935:s:AutomataStep:7:Transition:00110110101110001101101110111110101101111101010110011101111101110111111000110000100011111001110101111111111110111011101101011110001100101111100111011110111011111101010011111111010111010111111110100111101111111111101110001111111100111111010111111111111110000111101100001011110011001111011111110100011111011111011111111111010011110111011110011111011010111101000111010111111111111111111111111100111111011000011100011101111110111101011010011111001111011011011001111101110110001001101110011111111001110101111110001110
000000000000000000000
000000000000000000000
000000000000000000000
000000000010000000000
000000000111000000000
000000001111100000000
000000011111110000000
000000111011111000000
000001111110011100000
000011110010011110000
000101011011111001000
000010111111111110000
000001010011011100000
000000101110111000000
000000011111110000000
000000001011100000000
000000000111000000000
000000000000000000000
000000000000000000000
000000000000000000000
000000000000000000000
#
It:50:Diff:18:PSOStep:7:Time:1.335333733:s:AutomataStep:7:Transition:00110111111110011001001110100110101101110111010011010111111101110111111000100000110111111011111111111101111110110011001111111110101110101110101101011110111011111100010111111111011111010111011111100111111111011110100110001110110110111111011101111111011110110011111100010010010011011111010111110100111111011111111111111111011010110011111110111111001010111001100101110111011111110111101011111101111111001000111100011101111111111101011110111010001111111011011001111101101110001101101110011111111001110111101100111111
000000000000000000000
000000000000000000000
000000000000000000000
000000000010000000000
000000000111000000000
000000001111100000000
000000011111110000000
000000111111111000000
000001111111111100000
000011111111111110000
000111010101111111000
000010101111111110000
000001010110111100000
000000101111111000000
000000010111110000000
000000001011100000000
000000000111000000000
000000000010000000000
000000000000000000000
000000000000000000000
000000000000000000000
#
It:64:Diff:13:PSOStep:7:Time:1.61751065:s:AutomataStep:7:Transition:00110111101110011011111110100100111101110111110011010101111101100111111000100010100011011011111111111101111110101011101101111110111110101110101111111111111011111111110111111110011111011111011111110111111111111111100110001111111110011111111101111111011110110011111110011010010010011111011111110100111101011111111111101011011110110111011110010111001011111111100101110111011101111111101011111100011111101000011100011101111111111101011010111110101111111011011101111101101110011101101010011111111101110111101100111111
000000000000000000000
000000000000000000000
000000000000000000000
000000000010000000000
000000000111000000000
000000001111100000000
000000011111110000000
000000111111111000000
000001111111111100000
000011111111111110000
000101011101110111000
000010111111101110000
000001010111111100000
000000101111111000000
000000010101110000000
000000001011100000000
000000000111000000000
000000000010000000000
000000000000000000000
000000000000000000000
000000000000000000000
#
It:77:Diff:11:PSOStep:7:Time:1.869223602:s:AutomataStep:7:Transition:00110100101110011011111110100101110001110001010011110101011110100110110001100110110001011000001111101101111111000011101111111110111110101101100110111111111011110111110011111011111110111111011111100111111000110111100111000111101110111011110111111111011110010011111110011010011010011111001111110110111101011111111111111111011110110111011111010101001011101101000111010101011111111100101111101100111101111000011001011101111101111101010010111110100111111011011101101101111010001101101101011111011111110111101100111110
000000000000000000000
000000000000000000000
000000000000000000000
000000000010000000000
000000000111000000000
000000001011100000000
000000011111110000000
000000101011111000000
000001011101011100000
000010111111111110000
000111110101110111000
000010111011001110000
000001110001011100000
000000101010111000000
000000011111110000000
000000001011100000000
000000000111000000000
000000000010000000000
000000000000000000000
000000000000000000000
000000000000000000000
#
It:222:Diff:10:PSOStep:7:Time:4.811094007:s:AutomataStep:7:Transition:00110110101110001111111110110100111001110011010111010111011111110010011001110110111011011000001111001111011111011011101101111111111110111110100110011111101011110110101111111111111111111111011111110011111001111111101111000111111110111111010101111111011110010011101011111110010010011111011111110111111111111010110111111011111111111111011111011100001011101100110111010111011111101110101111111111011110011001111101011101111101111101011010111111001111111011111101111111111101001101101110011111101111111101111110111110
000000000000000000000
000000000000000000000
000000000000000000000
000000000010000000000
000000000111000000000
000000001011100000000
000000011111110000000
000000101011111000000
000001011111011100000
000010111010111110000
000111110101110111000
000010111111001110000
000001110101011100000
000000101010111000000
000000011111110000000
000000001011100000000
000000000111000000000
000000000010000000000
000000000000000000000
000000000000000000000
000000000000000000000
#
It:238:Diff:7:PSOStep:7:Time:5.131760994:s:AutomataStep:7:Transition:00110110101110011011111110101100111001110111010111110101110110110110111011110110111011011001011111111101111111111011101111111110111110111110000110011111111011111111111111111111101111011111011111110111111001110111101111001111111110101111010111111111111110110111111011010110110010011111010111100101111111111101101111111111100111111111011111011111001011101101100111010111111111001101111111111100111111111000111101111101111101110101110110111110101110111111111101110101111111001111101010011011111111111111111110111111
000000000000000000000
000000000000000000000
000000000000000000000
000000000010000000000
000000000111000000000
000000001111100000000
000000011111110000000
000000111111111000000
000001111111111100000
000011111111111110000
000111011101110111000
000010111011101110000
000001110111011100000
000000101110111000000
000000011101110000000
000000001011100000000
000000000111000000000
000000000010000000000
000000000000000000000
000000000000000000000
000000000000000000000
#
It:273:Diff:5:PSOStep:7:Time:5.964048755:s:AutomataStep:7:Transition:00110101101110001111110110101110110001110011010111010101101111100111111110110100111111111001001101111111011111111111001111111010111110111101000110111110111011111110100111111110101101111111011111100001111011010111101101001111010110100111011111111111111111110011111011101110111010010111011111100100101101111011111111111111101111111111111110010111001110101110010110010111111111111011111111111100111110111000011101111101111111111101111110011110101110111111011101101101111111001101111010111111111111111111111100111111
000000000000000000000
000000000000000000000
000000000000000000000
000000000010000000000
000000000111000000000
000000001011100000000
000000011101110000000
000000101111111000000
000001110111011100000
000010111111111110000
000111011101110111000
000010111011101110000
000001110111011100000
000000101110111000000
000000011101110000000
000000001011100000000
000000000111000000000
000000000010000000000
000000000000000000000
000000000000000000000
000000000000000000000
#
It:323:Diff:4:PSOStep:7:Time:6.977828529:s:AutomataStep:7:Transition:00110101111110011111110111101100110001110101010011010101110111110111111111110100110001101001001111111101001111111111101101111010111110101100010110111111101011111111101111111110101111111111011011110101101111110111101101101111111110101111011111111111011110110111111011101110111010010111011111100101111111011000111101111111101111110111011110011111001110101100110110011111011101111010111111111101111110111000111100111101111111111101110001011010101110111111111101101101111011101111111011111011101111111111111100111111
000000000000000000000
000000000000000000000
000000000000000000000
000000000010000000000
000000000111000000000
000000001011100000000
000000011101110000000
000000100011111000000
000001101111011100000
000010111110111110000
000111011101110111000
000010111011101110000
000001110111011100000
000000101110111000000
000000011101110000000
000000001011100000000
000000000111000000000
000000000010000000000
000000000000000000000
000000000000000000000
000000000000000000000
#
It:364:Diff:2:PSOStep:7:Time:7.838077585:s:AutomataStep:7:Transition:00110101101110001111110110001100110001110101010011010101001110110111111110110100111001101010001111101101001111101111000101011010111110111100010110101111111010111111100111111111111111111111011111110101101001110111100101001110110110111111011011111111101110110111111011011010111110010111001111100101101111011001110101111111100111110011011110011101001011101100100110010101011111111000111111111101110010111000011100111101111111111101110011001110101110111111011101101100111010101111111000111011100111111111111100011111
000000000000000000000
000000000000000000000
000000000000000000000
000000000010000000000
000000000111000000000
000000001011100000000
000000011101110000000
000000101011111000000
000001111111011100000
000010111110111110000
000111011101110111000
000010111011101110000
000001110111011100000
000000101110111000000
000000011101110000000
000000001011100000000
000000000111000000000
000000000010000000000
000000000000000000000
000000000000000000000
000000000000000000000
end
