PSO TRACE
INIT:../../instances/fazia/init.csv
REF:../../instances/fazia/asvn3.csv
DecodingPolicy:CPP
MutationPolicy:Null
ParticleNeighborhood:Fixed
ParticleDims:515
ParticleCount:100
AccP:2.0
AccG:2.0
AccL:1.5
AccI:2.3
Pos:0.0-3.0
Inertia:0.9-0.6
VeloMax:2.0
MaxPSOIteration:500
InertiaDecrFactor:6.000000000000001E-4
INIT
000000000000000000000
000000000000000000000
000000000000000000000
000000000000000000000
000000000000000000000
000000000000000000000
000000000000000000000
000000000000000000000
000000000000000000000
000000000000000000000
000000000010000000000
000000000000000000000
000000000000000000000
000000000000000000000
000000000000000000000
000000000000000000000
000000000000000000000
000000000000000000000
000000000000000000000
000000000000000000000
000000000000000000000
REF
000000000000000000000
000000000000000000000
000000000000000000000
000000000010000000000
000000000111000000000
000000001011100000000
000000011111110000000
000000101011111000000
000001111111011100000
000010111110101110000
000111011101110111000
000010111011101110000
000001110111011100000
000000101110111000000
000000011101110000000
000000001011100000000
000000000111000000000
000000000010000000000
000000000000000000000
000000000000000000000
000000000000000000000
Classic CPP Decoder
0 :1,2,3,4,
1 :0,2,3,4,
2 :0,1,3,4,
3 :0,1,2,4,
4 :0,1,2,3,
5 :6,7,8,9,
6 :5,7,8,9,
7 :5,6,8,9,
8 :5,6,7,9,
9 :5,6,7,8,
10 :11,12,13,14,
11 :10,12,13,14,
12 :10,11,13,14,
13 :10,11,12,14,
14 :10,11,12,13,
15 :16,17,18,19,
16 :15,17,18,19,
17 :15,16,18,19,
18 :15,16,17,19,
19 :15,16,17,18,
20 :21,22,23,24,
21 :20,22,23,24,
22 :20,21,23,24,
23 :20,21,22,24,
24 :20,21,22,23,
25 :26,27,28,29,
26 :25,27,28,29,
27 :25,26,28,29,
28 :25,26,27,29,
29 :25,26,27,28,
30 :31,32,33,34,
31 :30,32,33,34,
32 :30,31,33,34,
33 :30,31,32,34,
34 :30,31,32,33,
35 :36,37,38,39,
36 :35,37,38,39,
37 :35,36,38,39,
38 :35,36,37,39,
39 :35,36,37,38,
40 :41,42,43,44,
41 :40,42,43,44,
42 :40,41,43,44,
43 :40,41,42,44,
44 :40,41,42,43,
45 :46,47,48,49,
46 :45,47,48,49,
47 :45,46,48,49,
48 :45,46,47,49,
49 :45,46,47,48,
50 :51,52,53,54,
51 :50,52,53,54,
52 :50,51,53,54,
53 :50,51,52,54,
54 :50,51,52,53,
55 :56,57,58,59,
56 :55,57,58,59,
57 :55,56,58,59,
58 :55,56,57,59,
59 :55,56,57,58,
60 :61,62,63,64,
61 :60,62,63,64,
62 :60,61,63,64,
63 :60,61,62,64,
64 :60,61,62,63,
65 :66,67,68,69,
66 :65,67,68,69,
67 :65,66,68,69,
68 :65,66,67,69,
69 :65,66,67,68,
70 :71,72,73,74,
71 :70,72,73,74,
72 :70,71,73,74,
73 :70,71,72,74,
74 :70,71,72,73,
75 :76,77,78,79,
76 :75,77,78,79,
77 :75,76,78,79,
78 :75,76,77,79,
79 :75,76,77,78,
80 :81,82,83,84,
81 :80,82,83,84,
82 :80,81,83,84,
83 :80,81,82,84,
84 :80,81,82,83,
85 :86,87,88,89,
86 :85,87,88,89,
87 :85,86,88,89,
88 :85,86,87,89,
89 :85,86,87,88,
90 :91,92,93,94,
91 :90,92,93,94,
92 :90,91,93,94,
93 :90,91,92,94,
94 :90,91,92,93,
95 :96,97,98,99,
96 :95,97,98,99,
97 :95,96,98,99,
98 :95,96,97,99,
99 :95,96,97,98,
#
It:0:Diff:68:PSOStep:5:Time:0.150510394:s:AutomataStep:5:Transition:00011111101101110111000110011001111110000011011110101000011110110011011100100001011000010001000101101101000001101000100100000000010000010101011010010011000001010010001100110110010011010101011110100001101010010110110000000011000101110011101000000011110001111110110011101101011010010110110000110100001110000100010111111111100111001001110011111001100011110000101010000001101101000001100100010001110100001011101010110000011101011011011100101010101100000000110011110100110010110110100110110001111100110110011000111001
000000000000000000000
000000000000000000000
000000000000000000000
000000000000000000000
000000000000000000000
000000000000000100000
000000000011110100000
000000000101001000000
000000001101111100000
000000001101011100000
000001011001101000000
000000011011100100000
000000000101101000000
000000000111111100000
000000000001110100000
000000000000000100000
000000000000000000000
000000000000000000000
000000000000000000000
000000000000000000000
000000000000000000000
#
It:3:Diff:66:PSOStep:5:Time:0.278304941:s:AutomataStep:5:Transition:01011111111111111111000110111011101111011111111111111001111111111111111111101011111010011111111110111111011111101110111110000111011001111101011111111111111101110111101111111111001111111111011111101111111111111011110111011111001111111011111011111111111111111111111111111111111111111010110010011111001111110111111111111111110111111011110011111111111011111110111110001111110111011111101111011011111111101111111110111111111111101011111111111111111111111111111111111101111111111111101111111011111101101011111010111111
000000000000000000000
000000000000000000000
000000000000000000000
000000000000000000000
000000000000000000000
000001010101010100000
000001110111011100000
000001111111111100000
000001111111111100000
000001011100111100000
000001101111111100000
000001111111111100000
000001100111111100000
000001011111111100000
000001111111111100000
000001010101010100000
000000000000000000000
000000000000000000000
000000000000000000000
000000000000000000000
000000000000000000000
#
It:4:Diff:65:PSOStep:5:Time:0.311427129:s:AutomataStep:5:Transition:01011111101111111110011110011011101110011110111111111101111111100111111111101110011110111111111111111111011011101110111100001111011010111101011111110111111011111111111111111111111111111111111111101011101111011001111111011111011101111011111011111101111101111111111111111111110111111111110111111101011111111111011111111111111111111011111011111011111011111111111111011101100110011111001111000011011111111111111110111011101111001001111111110110110111111110011101111111111110111111111111111111111101110011111011111101
000000000000000000000
000000000000000000000
000000000000000000000
000000000000000000000
000000000000000000000
000001010101010100000
000001110111011100000
000001011111111100000
000000011111111100000
000001111111111100000
000001110101111100000
000000111111111100000
000000011110111100000
000000000110111100000
000000000011111100000
000000000000000100000
000000000000000000000
000000000000000000000
000000000000000000000
000000000000000000000
000000000000000000000
#
It:5:Diff:58:PSOStep:4:Time:0.34157134:s:AutomataStep:4:Transition:01011111111101111111111111111111101111011111011111111001111111111111011111101011101110111111111111111111010011101111110100001111110101111111111100101111111111011111111111111111101111111111111111101111111000101111111111111011101111111111111111111111110111011110111110111111111111110111111011011111011011111101111111111111110111111110111011111111011011110110100111111101100100111011111111110001111111111111111111110111111111101111111111111111111111110111101101111111111011111111100110111111111111111011111111111111
000000000000000000000
000000000000000000000
000000000000000000000
000000000000000000000
000000000000000000000
000000000000000000000
000000101010101000000
000000111111111000000
000000111111111000000
000000111111111000000
000000111111111000000
000000111111111000000
000000111111111000000
000000111111111000000
000000110000011000000
000000000000000000000
000000000000000000000
000000000000000000000
000000000000000000000
000000000000000000000
000000000000000000000
#
It:9:Diff:53:PSOStep:7:Time:0.425570697:s:AutomataStep:7:Transition:00000101110101001110101110011001101110000111111111111100011110100101111100110011001010101011101111100111000001101111110100000111100101100100001100100101011011010111111111101110001101110111010011101001111000111001110000111011001111000111011001001101111101010010011010111111010011010110110010010111010001010001111111111111100101101000010011100011001011110110100011001101100100000001100111010000000110101001111111110011100101001000111011110100000111100100011100110100100011100111110110110011111111111010111011111111
000000000000000000000
000000000000000000000
000000000000000000000
000000000000000000000
000000000000000000000
000000000000000000000
000000000000000000000
000000000010000000000
000000001100010000000
000000010011111000000
000111110011101111000
000011011011100110000
000001011110111100000
000000100110111000000
000000001111110000000
000000000011100000000
000000000111000000000
000000000010000000000
000000000000000000000
000000000000000000000
000000000000000000000
#
It:19:Diff:28:PSOStep:7:Time:0.633553716:s:AutomataStep:7:Transition:00100111110111111111110010111011111111101111011111111001101100110100101111101111110110111001110111111000111000111111011111011011101010101011111000000101111111111111111011111111100001101101011101111011111111110111110101101011001111000111100101101111111111110110111111111111111111110111101111011011111111111010011110101010111111100101100011101011111010110101110111101111100110110101111101100111101111100011111110111111111000110101101110011111110111100101111111101101011011100100111000111111101110101111111011111001
000000000000000000000
000000000000000000000
000000000000000000000
000000000010000000000
000000000111000000000
000000000111100000000
000000001110110000000
000000110111011000000
000000111101011100000
000001111111110110000
000111111101010111000
000011110011111110000
000001111101111100000
000000111110011000000
000000011011110000000
000000001111100000000
000000000111000000000
000000000010000000000
000000000000000000000
000000000000000000000
000000000000000000000
#
It:24:Diff:24:PSOStep:7:Time:0.757452546:s:AutomataStep:7:Transition:00110111111111011111111111011101111111101111101111111011101110110110111111101100110111110011111111100101110110101100101111111001111100011011100111100101111111111111101010111001100000111001111111111001111001111011111011111011100111110011111111101111111001110110111111111111111011111111011110010110111010111011011111101111001111111101111001111111111111110101111111100101110001111101111111010011101111111111010111110111111111100100111011111101011111101101111110111111110011111100111100100111101011111000111111111110
000000000000000000000
000000000000000000000
000000000000000000000
000000000010000000000
000000000111000000000
000000001111100000000
000000011111110000000
000000111111111000000
000001111111111100000
000011110000111110000
000111111100011111000
000011111010111010000
000001111111111100000
000000111111101000000
000000011111110000000
000000001111100000000
000000000111000000000
000000000010000000000
000000000000000000000
000000000000000000000
000000000000000000000
#
It:33:Diff:23:PSOStep:7:Time:0.949892615:s:AutomataStep:7:Transition:00110111110100011111101111011101111111001111011111111011101110110111001111111100110101110111111111100101110000000111111101111011111100011011100111000101110111111111101010111001101010111011111111111101110101111111111001111011000111110011001101101111001001010110111111111111111011101111011100010110111011111011011011110111111101101101111001101111111111110101110111010111010011110111111111110011101111101011110101111110111101110101111111111111011010101011111110111101111111111111110110100111101110111010111100011111
000000000000000000000
000000000000000000000
000000000000000000000
000000000010000000000
000000000111000000000
000000001111100000000
000000011111110000000
000000111111111000000
000001111111111100000
000011101111111110000
000110111101111111000
000011111010111110000
000001111111101100000
000000111111111000000
000000011010110000000
000000001111100000000
000000000111000000000
000000000010000000000
000000000000000000000
000000000000000000000
000000000000000000000
#
It:44:Diff:21:PSOStep:7:Time:1.184554164:s:AutomataStep:7:Transition:00110111110101111111101111111111111111001111011110111011111110110111001111111101110111110111111111000101110000110111111101111011111100111011110111000101110111111111101010111011100010111011111111111101110101111111111101111011000111110011111101101111111001110110111111111111111111101110111111010110111011111011011011111111111100101101111001101111111111110101110111010111110111110111111111110011101111111011110110111110111111111101111111111111111010101011111110111101111111111111111110101111111110111010111111111111
000000000000000000000
000000000000000000000
000000000000000000000
000000000010000000000
000000000111000000000
000000001111100000000
000000011111110000000
000000111101011000000
000001111110111100000
000011111111111110000
000110111101111111000
000011111111111110000
000001110111111100000
000000101111111000000
000000011011110000000
000000001111100000000
000000000111000000000
000000000010000000000
000000000000000000000
000000000000000000000
000000000000000000000
#
It:57:Diff:19:PSOStep:7:Time:1.448826126:s:AutomataStep:7:Transition:00010111110111011101111111011101110110111111011111111011111111110110101111101100110111110110110111110101111001101100111111111000111110111011111111000111110111111101111010010001101000111011111111111101111101111111110011111011001111110011111011101111111111110110111011101111111011111011011111010111111001111101011110110111111111101111101001101101111111110110110110110101111011111101111111000011101111111111110111111111101111101111111111111111111111111110110110111111011111100111110111111111111111011010100010111011
000000000000000000000
000000000000000000000
000000000000000000000
000000000000000000000
000000000111000000000
000000001111100000000
000000011101110000000
000000111011111000000
000001110111111100000
000011101111111100000
000111011111110111000
000011111011111110000
000001110111111100000
000000111111111000000
000000011101110000000
000000001111100000000
000000000101000000000
000000000010000000000
000000000000000000000
000000000000000000000
000000000000000000000
#
It:76:Diff:18:PSOStep:7:Time:1.862669112:s:AutomataStep:7:Transition:00110111110110011101101110011111111110101111011111111011100010110110110111111101110011010110111101010101110000001110101110101010111110011001100111100111110110111111101110001001100010111101111111111001111001111111111011111001000111110011111101111110011001010110010111111111110011101111111110010111110000110111011111110000110101101100111001100111111111010111110111000101011111010111111111100011101111101111110111101111101111111101111111111111111011100011111110110101111111110111111111000111101110111010111110011111
000000000000000000000
000000000000000000000
000000000000000000000
000000000010000000000
000000000111000000000
000000001111100000000
000000011111110000000
000000111111111000000
000001111111111100000
000011111111111110000
000111111101111111000
000011111111111110000
000001111111011100000
000000111111111000000
000000011011110000000
000000001111100000000
000000000111000000000
000000000010000000000
000000000000000000000
000000000000000000000
000000000000000000000
#
It:101:Diff:17:PSOStep:7:Time:2.388482378:s:AutomataStep:7:Transition:00110111111110011111111110011101111110101111000111111011101010110110110111111101110111010110111111000100110000000111101101111001111110011011010111000111110111011101111110011001100010111001111111111001111001101111111011111001001111110011011101111111111001110110001111101111011011101111111010010110111011111011011111110101111100101101111001101111111111111110111111010111110111000111111111110011101111101011110101101111111011110101111101011111011011110011111110111101111111111111111100101111101110101010111110111111
000000000000000000000
000000000000000000000
000000000000000000000
000000000010000000000
000000000111000000000
000000001111100000000
000000011111110000000
000000111111111000000
000001111111111100000
000011111111111110000
000111111111110111000
000011111111101110000
000001111111111100000
000000111111111000000
000000011111110000000
000000001111100000000
000000000111000000000
000000000010000000000
000000000000000000000
000000000000000000000
000000000000000000000
#
It:436:Diff:16:PSOStep:7:Time:9.401159189:s:AutomataStep:7:Transition:00110111111101011111111111011010110110101111101111101011110111110111101111001100111111001100101111111100110000101111111100101010111110011011010111001110100111111111111111010111111000111111111111111101111001111111111101111001001111011011101011111111111111010111110110101110110001011111110100011010110011111011110110111111111101101101111011101111001111110111111111110110010011111011101110010011111111101111111110101111111111100011111111011001011111111111110110101111000011111100111111110111111110110001101101111111
000000000000000000000
000000000000000000000
000000000000000000000
000000000010000000000
000000000111000000000
000000001111100000000
000000011111110000000
000000111111111000000
000001111111111100000
000011111111111110000
000111111111111111000
000010111111111110000
000001111111111100000
000000101111111000000
000000011111110000000
000000001011100000000
000000000111000000000
000000000010000000000
000000000000000000000
000000000000000000000
000000000000000000000
#
It:498:Diff:15:PSOStep:7:Time:10.698329156:s:AutomataStep:7:Transition:00110111111100011111111111011011101110101111101111111011110111100111101111111111101111011110111011111101110001101110101101101010111110011011010111001110110111111111111011111111110000111011111101111101111001111011110111111001101110001011111111010110111111010111111110101111111001111011110100011011111010111011110111110111111101101101111011101011101111110111111111100111010111011101111111100010011111101111111100011111111110100001111111011001011101111111110110101011001011011101111101110111111110110011101101111111
000000000000000000000
000000000000000000000
000000000000000000000
000000000010000000000
000000000111000000000
000000001011100000000
000000010111110000000
000000101111111000000
000001011111111100000
000010111111111110000
000111111111111111000
000010111111111110000
000001111111111100000
000000101111111000000
000000011111110000000
000000001011100000000
000000000111000000000
000000000010000000000
000000000000000000000
000000000000000000000
000000000000000000000
#
It:499:Diff:13:PSOStep:7:Time:10.731519217:s:AutomataStep:7:Transition:00110111111101011101111111111010101110101111001101111011110011100111101111011110111111011110101011111101110000101100101100101010111110011011010111001110100111111110111111111111111000110011111111111001110001110011111101111001101111001011110111111111111111010110110110111011101001011110010000011010101010111011100110110111101101101111000011100010001111010111111101100110010011111001111101000010110111100010111110011111111010100001111111011001011111111101111110101110001011110101111111010110101110110011101101111111
000000000000000000000
000000000000000000000
000000000000000000000
000000000010000000000
000000000111000000000
000000001011100000000
000000011111110000000
000000101111111000000
000001111111111100000
000010111111111110000
000111111111111111000
000010111111111110000
000001111111111100000
000000101111111000000
000000011111110000000
000000001011100000000
000000000111000000000
000000000010000000000
000000000000000000000
000000000000000000000
000000000000000000000
end
