PSO TRACE
INIT:../../instances/fazia/init.csv
REF:../../instances/fazia/asvn2.csv
DecodingPolicy:Nibble
MutationPolicy:Null
ParticleNeighborhood:Fixed
ParticleDims:146
ParticleCount:100
AccP:2.0
AccG:2.0
AccL:1.5
AccI:2.3
Pos:0.0-3.0
Inertia:0.9-0.6
VeloMax:2.0
MaxPSOIteration:500
InertiaDecrFactor:6.000000000000001E-4
INIT
000000000000000000000
000000000000000000000
000000000000000000000
000000000000000000000
000000000000000000000
000000000000000000000
000000000000000000000
000000000000000000000
000000000000000000000
000000000000000000000
000000000010000000000
000000000000000000000
000000000000000000000
000000000000000000000
000000000000000000000
000000000000000000000
000000000000000000000
000000000000000000000
000000000000000000000
000000000000000000000
000000000000000000000
REF
000000000000000000000
000000000000000000000
000000000000000000000
000000000010000000000
000000000101000000000
000000001000100000000
000000010100010000000
000000100010001000000
000001010001000100000
000010001010101010000
000100010001000101000
000010001000100010000
000001000100010100000
000000100010001000000
000000010001010000000
000000001000100000000
000000000101000000000
000000000010000000000
000000000000000000000
000000000000000000000
000000000000000000000
Nibble Decoder
0 :1,2,3,4,
1 :0,2,3,4,
2 :0,1,3,4,
3 :0,1,2,4,
4 :0,1,2,3,
5 :6,7,8,9,
6 :5,7,8,9,
7 :5,6,8,9,
8 :5,6,7,9,
9 :5,6,7,8,
10 :11,12,13,14,
11 :10,12,13,14,
12 :10,11,13,14,
13 :10,11,12,14,
14 :10,11,12,13,
15 :16,17,18,19,
16 :15,17,18,19,
17 :15,16,18,19,
18 :15,16,17,19,
19 :15,16,17,18,
20 :21,22,23,24,
21 :20,22,23,24,
22 :20,21,23,24,
23 :20,21,22,24,
24 :20,21,22,23,
25 :26,27,28,29,
26 :25,27,28,29,
27 :25,26,28,29,
28 :25,26,27,29,
29 :25,26,27,28,
30 :31,32,33,34,
31 :30,32,33,34,
32 :30,31,33,34,
33 :30,31,32,34,
34 :30,31,32,33,
35 :36,37,38,39,
36 :35,37,38,39,
37 :35,36,38,39,
38 :35,36,37,39,
39 :35,36,37,38,
40 :41,42,43,44,
41 :40,42,43,44,
42 :40,41,43,44,
43 :40,41,42,44,
44 :40,41,42,43,
45 :46,47,48,49,
46 :45,47,48,49,
47 :45,46,48,49,
48 :45,46,47,49,
49 :45,46,47,48,
50 :51,52,53,54,
51 :50,52,53,54,
52 :50,51,53,54,
53 :50,51,52,54,
54 :50,51,52,53,
55 :56,57,58,59,
56 :55,57,58,59,
57 :55,56,58,59,
58 :55,56,57,59,
59 :55,56,57,58,
60 :61,62,63,64,
61 :60,62,63,64,
62 :60,61,63,64,
63 :60,61,62,64,
64 :60,61,62,63,
65 :66,67,68,69,
66 :65,67,68,69,
67 :65,66,68,69,
68 :65,66,67,69,
69 :65,66,67,68,
70 :71,72,73,74,
71 :70,72,73,74,
72 :70,71,73,74,
73 :70,71,72,74,
74 :70,71,72,73,
75 :76,77,78,79,
76 :75,77,78,79,
77 :75,76,78,79,
78 :75,76,77,79,
79 :75,76,77,78,
80 :81,82,83,84,
81 :80,82,83,84,
82 :80,81,83,84,
83 :80,81,82,84,
84 :80,81,82,83,
85 :86,87,88,89,
86 :85,87,88,89,
87 :85,86,88,89,
88 :85,86,87,89,
89 :85,86,87,88,
90 :91,92,93,94,
91 :90,92,93,94,
92 :90,91,93,94,
93 :90,91,92,94,
94 :90,91,92,93,
95 :96,97,98,99,
96 :95,97,98,99,
97 :95,96,98,99,
98 :95,96,97,99,
99 :95,96,97,98,
#
It:0:Diff:46:PSOStep:8:Time:0.431777254:s:AutomataStep:8:Transition:00100100001010000000011000001100011011101010000010100100011010000110011011101100010011100010100001000110110011001100011001100110011011001100000001100000000001100010111010001000100001101000010001001010011000100010010011001100110010100000011011100100101010000100100010101110000000101100000010101010000001101010010000101110101011001100101011100110110010100100010010100000101011001000010010001000100010000100110001000000001000101100010001100010001000000110100011001000111011000100011011001010101011101100010010000110
000000000000000000000
000000000000000000000
000000000010000000000
000000000000000000000
000000000000000000000
000000000000000000000
000000000000000000000
000000000000000000000
000000000000000000000
000000000000000000000
000000000000000000000
000000000000000000000
000000000000000000000
000000000000000000000
000000000000000000000
000000000000000000000
000000000000000000000
000000000000000000000
000000000000000000000
000000000000000000000
000000000000000000000
#
It:2:Diff:45:PSOStep:8:Time:1.043345218:s:AutomataStep:8:Transition:00000110010001000110100001100110001001000000010001000000100000000010100000001100100000000000111011001010110000001100111000101110001000001000110000001010100011000000000000000110001011000100011000101100000000000100010000100000100000001110110011101000100010100100111000000010010001101100000000001010110001101100010000101110111011000010010010101110011010101000101011001100110001000000000001100110000001000110000001100110100010001100111000101100000001100000010001101010101001000100011000101110001001101110011001000010
000000000000000000000
000000000000000000000
000000000000000000000
000000000000000000000
000000000000000000000
000000000000000000000
000000000000000000000
000000000000000000000
000000000000000000000
000000000000000000000
000000000000000000000
000000000000000000000
000000000000000000000
000000000000000000000
000000000000000000000
000000000000000000000
000000000000000000000
000000000000000000000
000000000000000000000
000000000000000000000
000000000000000000000
#
It:4:Diff:42:PSOStep:3:Time:1.271634813:s:AutomataStep:3:Transition:01100110111011101100101010100110101011101010101011100100101000000010101011100110110001101110111011000110110001001010110011000110110010101010110010101010110010100000110001001010111010101010101011101100111011000010011010101010011010001110101001101110100010000110100010101010001010101010111011101000010000101010011011001110011001101010001000100110000010101010000000100100010011001000000001000110001011100000011010100010011010101010110010001010101001100000111010100010010010001110011010100110101010100110111001101010
000000000000000000000
000000000000000000000
000000000000000000000
000000000000000000000
000000000000000000000
000000000000000000000
000000000000000000000
000000011110000000000
000000010111000000000
000000011010100000000
000000010000010000000
000000001000100000000
000000000101000000000
000000000010000000000
000000000000000000000
000000000000000000000
000000000000000000000
000000000000000000000
000000000000000000000
000000000000000000000
000000000000000000000
#
It:6:Diff:41:PSOStep:7:Time:1.459491485:s:AutomataStep:7:Transition:00100110001010000000010011100110110001001110100011001110001001000010110001001000000000100100010001100000001011101100010011000110100011101100011011101100000011001100001011001100001000001100101010101000001011101000101011001110101001101010110000001100011001100100010010101100001011101000111000000000001000101100101011000100111011101000100011001010000011001000110001100010011010000010110010000010110001001100101011000010001011101100110001101100110000101110010010101100111011001010011011100010101011001000010000101110
000000000000000000000
000000000000000000000
000000000000000000000
000000000010000000000
000000000001000000000
000000000001100000000
000000000001010000000
000000000011111000000
000000000000000100000
000000000010000010000
000000000000000111000
000000000001011100000
000000000000010100000
000000000000100000000
000000000000010000000
000000000001000000000
000000000001000000000
000000000010000000000
000000000000000000000
000000000000000000000
000000000000000000000
#
It:20:Diff:37:PSOStep:7:Time:2.423902715:s:AutomataStep:7:Transition:00100000110011100000011000101010110000101010110000100010001000100000110000100110010000000100001010000010001011101100001011000000110000101100011000001100101011001100001011001100001001101100110011101100010000000000001011001010110011101010110011001100111011100100001001001100001000000000101001101100001000100010000011001110011011101000110011001100110011001100110011100000111000101010111001100100000000101100110011000010001010101100100010001100101000101000001011001100110000101100110001000010111011001100111000100100
000000000000000000000
000000000000000000000
000000000000000000000
000000000010000000000
000000000100000000000
000000000000000000000
000000010000000000000
000000101100101000000
000000001001000100000
000010011011001110000
000100001101111001000
000010000010110010000
000000000000110100000
000000110010011000000
000000011001000000000
000000001100100000000
000000000010000000000
000000000010000000000
000000000000000000000
000000000000000000000
000000000000000000000
#
It:46:Diff:36:PSOStep:7:Time:4.298577266:s:AutomataStep:7:Transition:00100000001000000000101011101100101000101110101001000000001000100000101001001010001010001110010011001000111000100000000010101100101000101010000010101010101010100000001001001110010001001100100000101010111010100000010010100000101011100000000001101110110010000010101001001010101000001000011001001110011011101100001010100010010000101010101011101000101010101010100000101010110000100000001011000110000001001010010010100010111001001000110010100000101000100100101000001010010000001010100011000010010010101010100000100000
000000000000000000000
000000000000000000000
000000000000000000000
000000000010000000000
000000000001000000000
000000000010100000000
000000000000010000000
000000000010101000000
000000000001000100000
000000000011111010000
000000000010100101000
000000000011001010000
000000000000001100000
000000000011000000000
000000000000010000000
000000000010100000000
000000000001000000000
000000000010000000000
000000000000000000000
000000000000000000000
000000000000000000000
#
It:98:Diff:30:PSOStep:7:Time:7.841775099:s:AutomataStep:7:Transition:00100100001011100010000010000010111000101000111001100000001000100100111001001110100000000000000000000110011001101000000011101110111001001110101011101110111010001110001001001110010000100110100011001110000011100000111011100100000000000010111010000010010011000010000000001110000000000110000000100010111000000010000011101110010000101110111000001000111011100000001000100000000000100010001001100100111001100100010011101100111001001110101000000000111000100100000001101110111001001110001011100010010011100100111000100000
000000000000000000000
000000000000000000000
000000000000000000000
000000000010000000000
000000000001000000000
000000000010100000000
000000000100010000000
000000000110001000000
000000000101000100000
000000000110101010000
000000000001000101000
000000001000001010000
000000000111010100000
000000001110101000000
000000000001110000000
000000000110100000000
000000000001000000000
000000000010000000000
000000000000000000000
000000000000000000000
000000000000000000000
#
It:112:Diff:29:PSOStep:7:Time:8.790658094:s:AutomataStep:7:Transition:00100010001001100100011001000100111000101000111011000000001000100010111000101110001011100010011000100010001000101100101011101110111000101110001011101110111011101110001000101110001000100000111000101110101010000000000011100100010001100010011001101100011001000010111001101110011000100000001001100010111000100010100010001110111000101000111010000000111011100110001000100010011000101100001000100010111000101110001011100100100000100010001010100100111000100010011010001110111000101110001000100010000011100110011000100010
000000000000000000000
000000000000000000000
000000000000000000000
000000000010000000000
000000000001000000000
000000000010100000000
000000000001010000000
000000000010101000000
000000000001010100000
000000000010101010000
000000000001010101000
000000000010101010000
000000000001010100000
000000000010101000000
000000000001010000000
000000000010100000000
000000000001000000000
000000000010000000000
000000000000000000000
000000000000000000000
000000000000000000000
#
It:161:Diff:28:PSOStep:7:Time:12.197402215:s:AutomataStep:7:Transition:00100010001000001010001000101100111000101110111011000000001000100000111000101110000011100000101000101110111001100000101011101000111000101000100010001110111011101110001001101110001000100010111011101110011010000110011011100010110011100010110011100100100000100010111000101110011011101100001000100010111011000000111011101110111001000110100011100000111011101100000001001100110000100100111000100010111001101110100011100010111000101110111000000110111000100010001011101110111000101110111010000010001011101100001000100100
000000000000000000000
000000000000000000000
000000000000000000000
000000000010000000000
000000000001000000000
000000000000100000000
000000000000010000000
000000000000001000000
000000000000000100000
000000000001000010000
000000000001000111000
000000000000101010000
000000000000010100000
000000000010101000000
000000000001010000000
000000000000100000000
000000000001000000000
000000000010000000000
000000000000000000000
000000000000000000000
000000000000000000000
end
