PSO TRACE
INIT:../../instances/fazia/init.csv
REF:../../instances/fazia/asvn2.csv
DecodingPolicy:Nibble
MutationPolicy:Null
ParticleNeighborhood:Fixed
ParticleDims:146
ParticleCount:100
AccP:2.0
AccG:2.0
AccL:1.5
AccI:2.3
Pos:0.0-3.0
Inertia:0.9-0.6
VeloMax:2.0
MaxPSOIteration:500
InertiaDecrFactor:6.000000000000001E-4
INIT
000000000000000000000
000000000000000000000
000000000000000000000
000000000000000000000
000000000000000000000
000000000000000000000
000000000000000000000
000000000000000000000
000000000000000000000
000000000000000000000
000000000010000000000
000000000000000000000
000000000000000000000
000000000000000000000
000000000000000000000
000000000000000000000
000000000000000000000
000000000000000000000
000000000000000000000
000000000000000000000
000000000000000000000
REF
000000000000000000000
000000000000000000000
000000000000000000000
000000000010000000000
000000000101000000000
000000001000100000000
000000010100010000000
000000100010001000000
000001010001000100000
000010001010101010000
000100010001000101000
000010001000100010000
000001000100010100000
000000100010001000000
000000010001010000000
000000001000100000000
000000000101000000000
000000000010000000000
000000000000000000000
000000000000000000000
000000000000000000000
Nibble Decoder
0 :1,2,3,4,
1 :0,2,3,4,
2 :0,1,3,4,
3 :0,1,2,4,
4 :0,1,2,3,
5 :6,7,8,9,
6 :5,7,8,9,
7 :5,6,8,9,
8 :5,6,7,9,
9 :5,6,7,8,
10 :11,12,13,14,
11 :10,12,13,14,
12 :10,11,13,14,
13 :10,11,12,14,
14 :10,11,12,13,
15 :16,17,18,19,
16 :15,17,18,19,
17 :15,16,18,19,
18 :15,16,17,19,
19 :15,16,17,18,
20 :21,22,23,24,
21 :20,22,23,24,
22 :20,21,23,24,
23 :20,21,22,24,
24 :20,21,22,23,
25 :26,27,28,29,
26 :25,27,28,29,
27 :25,26,28,29,
28 :25,26,27,29,
29 :25,26,27,28,
30 :31,32,33,34,
31 :30,32,33,34,
32 :30,31,33,34,
33 :30,31,32,34,
34 :30,31,32,33,
35 :36,37,38,39,
36 :35,37,38,39,
37 :35,36,38,39,
38 :35,36,37,39,
39 :35,36,37,38,
40 :41,42,43,44,
41 :40,42,43,44,
42 :40,41,43,44,
43 :40,41,42,44,
44 :40,41,42,43,
45 :46,47,48,49,
46 :45,47,48,49,
47 :45,46,48,49,
48 :45,46,47,49,
49 :45,46,47,48,
50 :51,52,53,54,
51 :50,52,53,54,
52 :50,51,53,54,
53 :50,51,52,54,
54 :50,51,52,53,
55 :56,57,58,59,
56 :55,57,58,59,
57 :55,56,58,59,
58 :55,56,57,59,
59 :55,56,57,58,
60 :61,62,63,64,
61 :60,62,63,64,
62 :60,61,63,64,
63 :60,61,62,64,
64 :60,61,62,63,
65 :66,67,68,69,
66 :65,67,68,69,
67 :65,66,68,69,
68 :65,66,67,69,
69 :65,66,67,68,
70 :71,72,73,74,
71 :70,72,73,74,
72 :70,71,73,74,
73 :70,71,72,74,
74 :70,71,72,73,
75 :76,77,78,79,
76 :75,77,78,79,
77 :75,76,78,79,
78 :75,76,77,79,
79 :75,76,77,78,
80 :81,82,83,84,
81 :80,82,83,84,
82 :80,81,83,84,
83 :80,81,82,84,
84 :80,81,82,83,
85 :86,87,88,89,
86 :85,87,88,89,
87 :85,86,88,89,
88 :85,86,87,89,
89 :85,86,87,88,
90 :91,92,93,94,
91 :90,92,93,94,
92 :90,91,93,94,
93 :90,91,92,94,
94 :90,91,92,93,
95 :96,97,98,99,
96 :95,97,98,99,
97 :95,96,98,99,
98 :95,96,97,99,
99 :95,96,97,98,
#
It:0:Diff:45:PSOStep:1:Time:0.421708789:s:AutomataStep:1:Transition:00000100000010001010110000000100100001100010110011101000110000000110010001000100000010101100100011000010010011000110010000000010000011000100100010100110100011000000010011001100000010100010100001001010101000101110111000101110000010101000010001000110011001100000101010101010100010100110100010001110111011001010011010100100001011000000111000100000001000001010010001101110011010100100010001001110110010100100010001100110110010000000011010101110000011001110001001101100101011101110011000101100111010100110001000001100
000000000000000000000
000000000000000000000
000000000000000000000
000000000000000000000
000000000000000000000
000000000000000000000
000000000000000000000
000000000000000000000
000000000000000000000
000000000000000000000
000000000011000000000
000000000000000000000
000000000000000000000
000000000000000000000
000000000000000000000
000000000000000000000
000000000000000000000
000000000000000000000
000000000000000000000
000000000000000000000
000000000000000000000
#
It:1:Diff:43:PSOStep:1:Time:0.758850781:s:AutomataStep:1:Transition:00100000011000000100101001100010101011000010100010001100000011100110110001100010100001100100011011101100011010100000011001100000001001000110111011001110011010000110011000000110110010001000111010001010000000101010011010000010111011100000011000101000100001100100110000101110111011001110010001100110010000001010111011101000000011000100001011100010001001100000000001101000111001001010011011000100111010001110011010000010011000100000100000001100000001000010101010100010111000000110111011100110001000101110101010000110
000000000000000000000
000000000000000000000
000000000000000000000
000000000000000000000
000000000000000000000
000000000000000000000
000000000000000000000
000000000000000000000
000000000000000000000
000000000010000000000
000000000001000000000
000000000000000000000
000000000000000000000
000000000000000000000
000000000000000000000
000000000000000000000
000000000000000000000
000000000000000000000
000000000000000000000
000000000000000000000
000000000000000000000
#
It:3:Diff:37:PSOStep:7:Time:0.925424859:s:AutomataStep:7:Transition:00100010001000100010111000100010100000101100100000100000111001000010010010000100011000100010000001101100100001000100001011001010001000100010001011000100010010100010001011000010100010101110001010000010001000100000011000101000001011001000001001000010010000100010001000100010000000101100011001100010110000100010010010101000010001000110010011000010111001100010001011001000001001100100011000100100001011000010011000100010111000100100001011000010101010000010001011100100110000100010100011000010011000100000110000100010
000000000000000000000
000000000000000000000
000000000000000000000
000000000010000000000
000000000001000000000
000000000000100000000
000000000000010000000
000000000000001000000
000000000000000100000
000000000000000010000
000000000000000001000
000000000000000000000
000000000000000000000
000000000000000000000
000000000000000000000
000000000000000000000
000000000000000000000
000000000000000000000
000000000000000000000
000000000000000000000
000000000000000000000
#
It:33:Diff:33:PSOStep:7:Time:3.308739316:s:AutomataStep:7:Transition:00100010100000100010001001100010100000100010110000100000011001100010110010100010001000100010110010100010010000000010001011100010001000100010001000100010000001100010001000100010110000100100001001000010001000101100101000100000001000101000001001000000110000100010010000100010100000100010000011000010000000100010001000100010010011001010010000100010100000100010001000100010001010101000001000100010001010000010000000100010110000101100001000100010110000000010001001001100010000100010010010100010100000100010110000100010
000000000000000000000
000000000000000000000
000000000000000000000
000000000010000000000
000000000101000000000
000000000100100000000
000000000000010000000
000000101000001000000
000001000001000100000
000011000010100010000
000101000000000001000
000000000000000000000
000000000000000000000
000000000000000000000
000000000000000000000
000000000000000000000
000000000000000000000
000000000000000000000
000000000000000000000
000000000000000000000
000000000000000000000
#
It:43:Diff:30:PSOStep:7:Time:4.04540005:s:AutomataStep:7:Transition:00100010111000100110001001100010111000100110001001100110011010000110011000000010011001100010101001101100111000100010011000101000011001100010001001100010011000100110011001100110011000101010001001100110001000101100011001100100001000100100011010100110000001100110110001100110001000100110001001100010011000100110100000100010010010101110001001100010100001100010011001100010001001100110110001100010011000100010011001100010001000101010001001100010010010100010011001101010001000100110001001100110001001100010011000100110
000000000000000000000
000000000000000000000
000000000000000000000
000000000010000000000
000000000101000000000
000000001000100000000
000000010000010000000
000000100000001000000
000001000000000100000
000010000000000010000
000100000000000001000
000000000000000000000
000000000000000000000
000000000000000000000
000000000000000000000
000000000000000000000
000000000000000000000
000000000000000000000
000000000000000000000
000000000000000000000
000000000000000000000
#
It:55:Diff:29:PSOStep:7:Time:4.902817678:s:AutomataStep:7:Transition:00100010111000100010001000100010100010000010001000100010001010000010110000000010001000100010011000000100111000001000001000100100110000100010001000100010101000100110001000100010000000100000100011000110001000100010001000101100111011101010001000000010001001100010101000100010001000100010001000000010001000100010001010000010011000101110010000100010100011100010001000100000001000101110110000100010110010000010001000100010110000100010101011000010010010000010001000000010001000100010000001000010001000100010001011100010
000000000000000000000
000000000000000000000
000000000000000000000
000000000010000000000
000000000101000000000
000000001010100000000
000000010000010000000
000000101111001000000
000001000001010100000
000010110000010010000
000100001000000001000
000011101001010010000
000001000100000100000
000000101010001000000
000000010001000000000
000000001101000000000
000000000101000000000
000000000010000000000
000000000000000000000
000000000000000000000
000000000000000000000
#
It:78:Diff:26:PSOStep:7:Time:6.525181523:s:AutomataStep:7:Transition:00100010100000100010001000100010111000100010001000101010001000100010001001100010001000100010100010100010011000000010010000100010011011000100001000100010001000100010010000100010101000001110011011101000001000101100011000101110001010000000001000000010001001000010001000100010001000101100010000000010010000100010001000100010010000100010100000100010001000100010001000100000001011001000001000100010001001000010001000100010001000100010101000000010011010000010001000100010110000100010000001100010001000100110100000100010
000000000000000000000
000000000000000000000
000000000000000000000
000000000010000000000
000000000101000000000
000000001000100000000
000000010100010000000
000000100010001000000
000001010001000100000
000010001000100010000
000101000000010001000
000000000000000000000
000000000000000000000
000000000000000000000
000000000000000000000
000000000000000000000
000000000000000000000
000000000000000000000
000000000000000000000
000000000000000000000
000000000000000000000
#
It:81:Diff:25:PSOStep:7:Time:6.757165869:s:AutomataStep:7:Transition:00100010100000100010001000100010100000100110001000100010001010000010001000100010001000100010100000000010001010100010011000100010110000000010001001000010111000100110001000100000100011100010001000101110001000100010101000101100111010001000001001100010000011000010001000100010001000100110001010100010000000100010001000100010010000101000000000100010000000100010001000101010001000101000000000100010001000100010001000100010001000100000111000000010001000100010001011001110100000100010101001100010100000100000100000100010
000000000000000000000
000000000000000000000
000000000000000000000
000000000010000000000
000000000101000000000
000000001000100000000
000000010000010000000
000000101001001000000
000001000101000100000
000010100110000010000
000100010100000001000
000011100010000010000
000001000000000100000
000000101000001000000
000000010000010000000
000000001100100000000
000000000101000000000
000000000010000000000
000000000000000000000
000000000000000000000
000000000000000000000
#
It:88:Diff:17:PSOStep:7:Time:7.282783632:s:AutomataStep:7:Transition:00100010100000100010001000100010111010100000011000100010001011100010001000100010001000100010101001100010001001001000001000100010101001100010001001100010100000100010001000100100101001000100101011001010001000101000100000101100101011101010001000100010001011100010001000100010001000100010001010000010110000100010001000100010000000100100110000100010000011000010001000100010001000000010010000100010110010100010001000100010001000101000111010100010101000100010001000000000001000100010001001100010010000100100010000100010
000000000000000000000
000000000000000000000
000000000000000000000
000000000010000000000
000000000101000000000
000000001010100000000
000000010000010000000
000000100010101000000
000001010000000100000
000010101010101010000
000100000000000001000
000010101010101010000
000001010001010100000
000000100010101000000
000000010000010000000
000000001010100000000
000000000101000000000
000000000010000000000
000000000000000000000
000000000000000000000
000000000000000000000
#
It:100:Diff:16:PSOStep:7:Time:8.172229037:s:AutomataStep:7:Transition:00100010100000100010001000100010111000100010010000100100001011000010001001100010001000100010000001100010101010100010011000100010101011000010001000100010011000100010001000101100101011101000101001100010001000101100010000100010001010000110001000100010001000100010001000100010001000100100001000000010011000100010001000100010001000101000111000100010001000100010001000100100001001000010010000100010001000100010001000100010001000100110001000000010011011100010001000100010001000100010101000000010110000101000010000100010
000000000000000000000
000000000000000000000
000000000000000000000
000000000010000000000
000000000101000000000
000000001010100000000
000000010100010000000
000000100010101000000
000001010101000100000
000010101010001010000
000100010000000001000
000010101010101010000
000001000101000100000
000000101010101000000
000000010000010000000
000000001010100000000
000000000101000000000
000000000010000000000
000000000000000000000
000000000000000000000
000000000000000000000
#
It:136:Diff:15:PSOStep:7:Time:10.772289289:s:AutomataStep:7:Transition:00100010110000100000001000000010111000100000111000001100000000100000000011100010000000000010101010000010011000000010001000100010111011100010001000000010000000100000000000000000010000100010001011000010001000100000101000001100100010100100000000000000000000000000000000000000001000100110000001000010000000100000001000100010000000000010001000000010000000000010000000000000001010000010000000000010000000100010000000000010000000100000000001000010110000100010000000000000000000100000011011100000100000000010111000100000
000000000000000000000
000000000000000000000
000000000000000000000
000000000010000000000
000000000101000000000
000000001000100000000
000000010100010000000
000000100010101000000
000001010000000100000
000010001010101010000
000101010001000001000
000010100010101010000
000001010100000100000
000000101000001000000
000000010100010000000
000000001010100000000
000000000101000000000
000000000010000000000
000000000000000000000
000000000000000000000
000000000000000000000
#
It:144:Diff:14:PSOStep:7:Time:11.310090118:s:AutomataStep:7:Transition:00100010110000100000001000000010100011100000000000000000000011100000000001000010000000000010101010100010000000101000010000100010111001101010001000100010000000100000000000000000101000100010110000000100001000101010011000001100001010100110000001100000000000000000000000000000001000100010000011000010010000100000001000100010000000000000101000000010111000000010000000001010001011000010000000000010000000100010110000000010000000100000111001100010010011100010000000000000000000100000101011100000001000000010001011000000
000000000000000000000
000000000000000000000
000000000000000000000
000000000010000000000
000000000101000000000
000000001010100000000
000000010001010000000
000000101000101000000
000001000100010100000
000010100010101010000
000100010001000101000
000010001000001010000
000001000100010100000
000000100010001000000
000000010001010000000
000000001000100000000
000000000101000000000
000000000010000000000
000000000000000000000
000000000000000000000
000000000000000000000
#
It:176:Diff:11:PSOStep:7:Time:13.72587608:s:AutomataStep:7:Transition:00100010111000100000001000000010110000100000010000000000000000100000000000100010000000000010111000000010101000000010001000100010100001101010001001000010000000100000000000000000010000100010101000000010001000100110000000000010001000000000000011100000000000000000000000000000001000100000000010100010100000100000001000100010000000001110101000000010110000000010000000000010001001000010011000000010000000100010000000000010000000100110010000000010001011100010000000000000111000100000010001100000101000000010001010000000
000000000000000000000
000000000000000000000
000000000000000000000
000000000010000000000
000000000101000000000
000000001000100000000
000000010001010000000
000000100010101000000
000001000101010100000
000010001000101010000
000100010001010101000
000010001000101010000
000001000101010100000
000000100010101000000
000000010001010000000
000000001000100000000
000000000101000000000
000000000010000000000
000000000000000000000
000000000000000000000
000000000000000000000
#
It:191:Diff:9:PSOStep:7:Time:14.855220798:s:AutomataStep:7:Transition:00100010111000100000001000000010100000100000011000001000000000100000000000100010000000000010010000000010110000000010111000100010100001101000001000000010000000100000000000000000111000100010001000000110001000100000111000001000100010000000000000000000000001000000000000000000001000101110000011000010101000100000001000100010000000000010100000000010011000000010000000001100001011100010000000000010011000100010010000000010000000100000000011100010001010100010000000000000111000100000010011000000001000000010001010100000
000000000000000000000
000000000000000000000
000000000000000000000
000000000010000000000
000000000101000000000
000000001000100000000
000000010001010000000
000000100010001000000
000001000100010100000
000010001000100010000
000100010000000101000
000010001000100010000
000001000100010100000
000000100010001000000
000000010001010000000
000000001000100000000
000000000101000000000
000000000010000000000
000000000000000000000
000000000000000000000
000000000000000000000
end
