PSO TRACE
INIT:../../instances/fazia/init.csv
REF:../../instances/fazia/asvn2.csv
DecodingPolicy:Nibble
MutationPolicy:Null
ParticleNeighborhood:Fixed
ParticleDims:146
ParticleCount:100
AccP:2.0
AccG:2.0
AccL:1.5
AccI:2.3
Pos:0.0-3.0
Inertia:0.9-0.6
VeloMax:2.0
MaxPSOIteration:500
InertiaDecrFactor:6.000000000000001E-4
INIT
000000000000000000000
000000000000000000000
000000000000000000000
000000000000000000000
000000000000000000000
000000000000000000000
000000000000000000000
000000000000000000000
000000000000000000000
000000000000000000000
000000000010000000000
000000000000000000000
000000000000000000000
000000000000000000000
000000000000000000000
000000000000000000000
000000000000000000000
000000000000000000000
000000000000000000000
000000000000000000000
000000000000000000000
REF
000000000000000000000
000000000000000000000
000000000000000000000
000000000010000000000
000000000101000000000
000000001000100000000
000000010100010000000
000000100010001000000
000001010001000100000
000010001010101010000
000100010001000101000
000010001000100010000
000001000100010100000
000000100010001000000
000000010001010000000
000000001000100000000
000000000101000000000
000000000010000000000
000000000000000000000
000000000000000000000
000000000000000000000
Nibble Decoder
0 :1,2,3,4,
1 :0,2,3,4,
2 :0,1,3,4,
3 :0,1,2,4,
4 :0,1,2,3,
5 :6,7,8,9,
6 :5,7,8,9,
7 :5,6,8,9,
8 :5,6,7,9,
9 :5,6,7,8,
10 :11,12,13,14,
11 :10,12,13,14,
12 :10,11,13,14,
13 :10,11,12,14,
14 :10,11,12,13,
15 :16,17,18,19,
16 :15,17,18,19,
17 :15,16,18,19,
18 :15,16,17,19,
19 :15,16,17,18,
20 :21,22,23,24,
21 :20,22,23,24,
22 :20,21,23,24,
23 :20,21,22,24,
24 :20,21,22,23,
25 :26,27,28,29,
26 :25,27,28,29,
27 :25,26,28,29,
28 :25,26,27,29,
29 :25,26,27,28,
30 :31,32,33,34,
31 :30,32,33,34,
32 :30,31,33,34,
33 :30,31,32,34,
34 :30,31,32,33,
35 :36,37,38,39,
36 :35,37,38,39,
37 :35,36,38,39,
38 :35,36,37,39,
39 :35,36,37,38,
40 :41,42,43,44,
41 :40,42,43,44,
42 :40,41,43,44,
43 :40,41,42,44,
44 :40,41,42,43,
45 :46,47,48,49,
46 :45,47,48,49,
47 :45,46,48,49,
48 :45,46,47,49,
49 :45,46,47,48,
50 :51,52,53,54,
51 :50,52,53,54,
52 :50,51,53,54,
53 :50,51,52,54,
54 :50,51,52,53,
55 :56,57,58,59,
56 :55,57,58,59,
57 :55,56,58,59,
58 :55,56,57,59,
59 :55,56,57,58,
60 :61,62,63,64,
61 :60,62,63,64,
62 :60,61,63,64,
63 :60,61,62,64,
64 :60,61,62,63,
65 :66,67,68,69,
66 :65,67,68,69,
67 :65,66,68,69,
68 :65,66,67,69,
69 :65,66,67,68,
70 :71,72,73,74,
71 :70,72,73,74,
72 :70,71,73,74,
73 :70,71,72,74,
74 :70,71,72,73,
75 :76,77,78,79,
76 :75,77,78,79,
77 :75,76,78,79,
78 :75,76,77,79,
79 :75,76,77,78,
80 :81,82,83,84,
81 :80,82,83,84,
82 :80,81,83,84,
83 :80,81,82,84,
84 :80,81,82,83,
85 :86,87,88,89,
86 :85,87,88,89,
87 :85,86,88,89,
88 :85,86,87,89,
89 :85,86,87,88,
90 :91,92,93,94,
91 :90,92,93,94,
92 :90,91,93,94,
93 :90,91,92,94,
94 :90,91,92,93,
95 :96,97,98,99,
96 :95,97,98,99,
97 :95,96,98,99,
98 :95,96,97,99,
99 :95,96,97,98,
#
It:0:Diff:46:PSOStep:1:Time:0.449509788:s:AutomataStep:1:Transition:00100100100011101000110000001000110001101010011000100110101001000100100010101000101010101010101001001010010011100010101001101000001000000010000001101010001011100100110001001000111001100000000001001100110001000000110001100100011010101010011011000010110010001100010011000100011011001000101000000010111000001000100000100100110010100000101011101110111001100110000011101100110000001010011010001110010000001110001010100110001010000110111010100100111011000000001000001110110000100010111000101010011010001100001010001100
000000000000000000000
000000000000000000000
000000000000000000000
000000000000000000000
000000000000000000000
000000000000000000000
000000000000000000000
000000000000000000000
000000000000000000000
000000000010000000000
000000000111000000000
000000000001000000000
000000000000000000000
000000000000000000000
000000000000000000000
000000000000000000000
000000000000000000000
000000000000000000000
000000000000000000000
000000000000000000000
000000000000000000000
#
It:2:Diff:45:PSOStep:2:Time:0.862544871:s:AutomataStep:2:Transition:11101100000011000000100011100010110010101100101011001100000011001000011011100010110011000100000000000100010000001100110011000010011011001010110011001100110011100000011001000000001000001110001011101000110000001100000000101100001010000010001001000010000000001000001010000010001000000010101000000100011001000010110000001010110000101100101011101100111011000010001011000010110011001010011010001100001011000010001000001100001000000100001011001100001000101110110000000110101000001100001000101100000001101000101001100010
000000000000000000000
000000000000000000000
000000000000000000000
000000000000000000000
000000000000000000000
000000000000000000000
000000000000000000000
000000000000000000000
000000000000000000000
000000001010000000000
000000000010000000000
000000000000000000000
000000000000000000000
000000000000000000000
000000000000000000000
000000000000000000000
000000000000000000000
000000000000000000000
000000000000000000000
000000000000000000000
000000000000000000001
#
It:3:Diff:43:PSOStep:3:Time:0.971939703:s:AutomataStep:3:Transition:00000000101000000100011011101010000001100100000001000000010001000110010001100100110000100100011000001100101001100010000001000110110000000100010010000000000001000000101000000000010000000000110011000110111000000100010001000000100000000110010011000000000001000000011001101010011010100100100001100010011010101000010011100110101000000100110010101010101010100010001000000100001011101110000001000010110011000110000001001100100001101000011010101000001010100000101001101010010010001010010000101100010001101110000010001110
000000000000000000000
000000000000000000000
000000000000000000000
000000000000000000000
000000000000000000000
000000000000000000000
000000000000000000000
000000000000000000000
000000000000000000000
000000000000000000000
000000011000000000000
000000001100000000000
000000000100000000000
000000000010000000000
000000000000000000000
000000000000000000000
000000000000000000000
000000000000000000000
000000000000000000000
000000000000000000000
000000000000000000000
#
It:13:Diff:41:PSOStep:3:Time:1.596251464:s:AutomataStep:3:Transition:01000000100010100100001010101010001000101110110010100100000010100010000010000100101000101110110011100010010011000010001001100010110010000000011010100010011001101000101000001010101000100010001000100010001000100000110001001110001011101000010000100010001001000010001000100100001010100100000000000010001001000000000010101100101011001010001010100000011010100010010011101100011010101010101000100010110000100010001001000000101000101010001010100000111001101010101000101100010010000100101011101010111000101010000010101010
000000000000000000000
000000000000000000000
000000000000000000000
000000000000000000000
000000000000000000000
000000000000000000000
000000000000000000000
000000010000000000000
000000010000000000000
000000000000000000000
000000010000000000000
000000001000000000000
000000000100000000000
000000000010000000000
000000000000000000000
000000000000000000000
000000000000000000000
000000000000000000000
000000000000000000000
000000000000000000000
000000000000000000000
#
It:17:Diff:37:PSOStep:7:Time:1.868420795:s:AutomataStep:7:Transition:00100100111001000000000010101010001000000000000010100000101010100000000011101100011000001110010000000000101001000000000010100000001001000100111010100000101010000010101010000100010000000010000000000000111000001010111011100100000001000100111000000000110000000000000000001110000010101110101000000000000000001110010010100000101000001010000010100000101010100000100011000100011010101010101000000000000000100000110011101110101000000110000010101110000010101010101000000010101001001100101000101000001000001010010011101010
000000000000000000000
000000000000000000000
000000000000000000000
000000000010000000000
000000000100000000000
000000001000000000000
000000010000000000000
000000100000000000000
000001000000000000000
000010000000000000000
000100000000000000000
000000000000000000000
000000000000000000000
000000000000000000000
000000000000000000000
000000000000000000000
000000000000000000000
000000000000000000000
000000000000000000000
000000000000000000000
000000000000000000000
#
It:71:Diff:27:PSOStep:7:Time:5.58505796:s:AutomataStep:7:Transition:00100110111001000010001001000100111001100010001001000010010001000010110000100010000000101000010000100010101010000010001001000010001011100110001001000010011000000110010011000010100000101010001000100010011000100100000000100000001000000100110000100010001011100010001000100010001000000000010000100010010000101000111001000010010000100100001001000010010001000010110000101010010001001000111000100010001000100010111011101010010000100110001001000100001010100100010000100010010001000100010011000100010000100100011010100100
000000000000000000000
000000000000000000000
000000000000000000000
000000000010000000000
000000000101000000000
000000001000100000000
000000010101010000000
000000100000001000000
000001010100010100000
000010001010100010000
000101010000000101000
000000000000000000000
000000000000000000000
000000000000000000000
000000000000000000000
000000000000000000000
000000000000000000000
000000000000000000000
000000000000000000000
000000000000000000000
000000000000000000000
#
It:388:Diff:26:PSOStep:7:Time:28.438314328:s:AutomataStep:7:Transition:00100110111010000010001001001000101001000010001010000010100010000010001000100010101000101000100000100010101010100010001010000010110011001000101010000010100010001110100011000000100000101110001000100010010000101000101000101010001010001000001000100010001010100010001000100000001010100010100000100010101000100100110010000010100000101000001010000010100010000010011010100110100010001000000000100010110000101000001000101000100000101010001010001100001001101000100000100010100010001010100010100110111000101000110010101000
000000000000000000000
000000000000000000000
000000000000000000000
000000000010000000000
000000000101000000000
000000001010000000000
000000010000110000000
000000100010101000000
000001000111110100000
000010000000100010000
000100000010000001000
000010000010101110000
000001000100011100000
000000101010001000000
000000010001110000000
000000001000100000000
000000000011000000000
000000000010000000000
000000000000000000000
000000000000000000000
000000000000000000000
end
