PSO TRACE
INIT:../../instances/fazia/init.csv
REF:../../instances/fazia/asvn1.csv
DecodingPolicy:CPP2:CDLE2
MutationPolicy:Null
ParticleNeighborhood:Fixed
ParticleDims:515
ParticleCount:100
AccP:2.0
AccG:2.0
AccL:1.5
AccI:2.3
Pos:0.0-3.0
Inertia:0.9-0.6
VeloMax:2.0
MaxPSOIteration:500
InertiaDecrFactor:6.000000000000001E-4
INIT
000000000000000000000
000000000000000000000
000000000000000000000
000000000000000000000
000000000000000000000
000000000000000000000
000000000000000000000
000000000000000000000
000000000000000000000
000000000000000000000
000000000010000000000
000000000000000000000
000000000000000000000
000000000000000000000
000000000000000000000
000000000000000000000
000000000000000000000
000000000000000000000
000000000000000000000
000000000000000000000
000000000000000000000
REF
000000000000000000000
000000000000000000000
000000000000000000000
000000000010000000000
000000000111000000000
000000001010100000000
000000011100110000000
000000101001101000000
000001111001111100000
000010111111111010000
000111011111110111000
000000000000000000000
000000000000000000000
000000000000000000000
000000000000000000000
000000000000000000000
000000000000000000000
000000000000000000000
000000000000000000000
000000000000000000000
000000000000000000000
Classic CPP Decoder
0 :1,2,3,4,
1 :0,2,3,4,
2 :0,1,3,4,
3 :0,1,2,4,
4 :0,1,2,3,
5 :6,7,8,9,
6 :5,7,8,9,
7 :5,6,8,9,
8 :5,6,7,9,
9 :5,6,7,8,
10 :11,12,13,14,
11 :10,12,13,14,
12 :10,11,13,14,
13 :10,11,12,14,
14 :10,11,12,13,
15 :16,17,18,19,
16 :15,17,18,19,
17 :15,16,18,19,
18 :15,16,17,19,
19 :15,16,17,18,
20 :21,22,23,24,
21 :20,22,23,24,
22 :20,21,23,24,
23 :20,21,22,24,
24 :20,21,22,23,
25 :26,27,28,29,
26 :25,27,28,29,
27 :25,26,28,29,
28 :25,26,27,29,
29 :25,26,27,28,
30 :31,32,33,34,
31 :30,32,33,34,
32 :30,31,33,34,
33 :30,31,32,34,
34 :30,31,32,33,
35 :36,37,38,39,
36 :35,37,38,39,
37 :35,36,38,39,
38 :35,36,37,39,
39 :35,36,37,38,
40 :41,42,43,44,
41 :40,42,43,44,
42 :40,41,43,44,
43 :40,41,42,44,
44 :40,41,42,43,
45 :46,47,48,49,
46 :45,47,48,49,
47 :45,46,48,49,
48 :45,46,47,49,
49 :45,46,47,48,
50 :51,52,53,54,
51 :50,52,53,54,
52 :50,51,53,54,
53 :50,51,52,54,
54 :50,51,52,53,
55 :56,57,58,59,
56 :55,57,58,59,
57 :55,56,58,59,
58 :55,56,57,59,
59 :55,56,57,58,
60 :61,62,63,64,
61 :60,62,63,64,
62 :60,61,63,64,
63 :60,61,62,64,
64 :60,61,62,63,
65 :66,67,68,69,
66 :65,67,68,69,
67 :65,66,68,69,
68 :65,66,67,69,
69 :65,66,67,68,
70 :71,72,73,74,
71 :70,72,73,74,
72 :70,71,73,74,
73 :70,71,72,74,
74 :70,71,72,73,
75 :76,77,78,79,
76 :75,77,78,79,
77 :75,76,78,79,
78 :75,76,77,79,
79 :75,76,77,78,
80 :81,82,83,84,
81 :80,82,83,84,
82 :80,81,83,84,
83 :80,81,82,84,
84 :80,81,82,83,
85 :86,87,88,89,
86 :85,87,88,89,
87 :85,86,88,89,
88 :85,86,87,89,
89 :85,86,87,88,
90 :91,92,93,94,
91 :90,92,93,94,
92 :90,91,93,94,
93 :90,91,92,94,
94 :90,91,92,93,
95 :96,97,98,99,
96 :95,97,98,99,
97 :95,96,98,99,
98 :95,96,97,99,
99 :95,96,97,98,
#
It:0:Diff:44:PSOStep:2:Time:2.098834971:s:AutomataStep:2:Transition:01101101101101110001101110110000111111011011011111000000111110010111000001000000110000111110011011000010111010011101010111101101000111011101011101000111000101100001110011111001111011111110100011001010100011111011101101111101110111011111110100010011101010100001010000101011010101000001011110111010101101001000001011111111110000110001100011010011011001111010011111000010011111010110010001100000111010001111101111011001011111011001011101111110100101100010000010111001100001110111110011100011101010111001101101010001
000000000000000000000
000000000000000000000
000000000000000000000
000000000000000000000
000000000000000000000
000000000000000000000
000000000000000000000
000000000000000000000
000000001010100000000
000000000100100000000
000000000111100000000
000000000010000000000
000000000000000000000
000000000000000000000
000000000000000000000
000000000000000000000
000000000000000000000
000000000000000000000
000000000000000000000
000000000000000000000
000000000000000000000
#
It:2:Diff:43:PSOStep:2:Time:2.714634747:s:AutomataStep:2:Transition:00001000100111110010100000110001100010011011000110011100100110010100100001000100000000110110011001100000111101101010000101100101000101010101010101000001010101001100010101100001111000110111110110001001000100100000110100011100000110111010100100000000101000000001010000100101010101100000001010001011100100000110001001011111000001000101100010001001010000101010100000110011101001101100011000000010100010001101000100000000000101000111000000011000100001000010010000100010101011011000110000010000100000111101101110000001
000000000000000000000
000000000000000000000
000000000000000000000
000000000000000000000
000000000000000000000
000000000000000000000
000000000000000000000
000000000000000000000
000000000000100000000
000000000011100000000
000000001010100000000
000000000000000000000
000000000000000000000
000000000000000000000
000000000000000000000
000000000000000000000
000000000000000000000
000000000000000000000
000000000000000000000
000000000000000000000
000000000000000000000
#
It:3:Diff:38:PSOStep:5:Time:2.912776495:s:AutomataStep:5:Transition:00001001110010010010100000010001101000011011000110011101100110010100100001000100000000111110001011100000111111011110000111000101000101010101010100100001010101000100010001000111101000110111110110101000000110111001011000011111000110111011100100001011101000000000010001000101010101000010011010101001100100100100001001001110000001000101100110001011010000100010110000010010001011000100011001000000110010001101000100001001000011001111001000111100100001010011010000100010101011011010110000001000100000100001101110000001
000000000000000000000
000000000000000000000
000000000000000000000
000000000000000000000
000000000000000000000
000000000000000100000
000000000000010100000
000000000000100000000
000000000000111100000
000000000000110000000
000001010101010100000
000000000000000000000
000000000000000000000
000000000000000000000
000000000000000000000
000000000000000000000
000000000000000000000
000000000000000000000
000000000000000000000
000000000000000000000
000000000000000000000
#
It:4:Diff:36:PSOStep:7:Time:3.17525212:s:AutomataStep:7:Transition:00100111010010110100100011010000101000011101000100011100101110010110101001010100100001111011001011001010111101011010000111000100000001000100010100000101010011110100000101000110101000010110110110001001000010010001111011010111100010111011100110010111111001000010010001111110010101100010101000101011000100001011001000101110000001000000100010011011011101101100110010111010011001010110011001010000110010001101010010001000000010110110001001111110100001001111010100100100110010011110010100010100100010111001101100011100
000000000000000000000
000000000000000000000
000000000000000000000
000000000010000000000
000000000100000000000
000000000011000000000
000000001100010000000
000000000100000000000
000000010111000100000
000000001101100010000
000000001101110001000
000000000000110000000
000000000000000000000
000000000000000000000
000000000000000000000
000000000000000000000
000000000000000000000
000000000000000000000
000000000000000000000
000000000000000000000
000000000000000000000
#
It:5:Diff:35:PSOStep:7:Time:3.462592526:s:AutomataStep:7:Transition:00100100010011000110001001110010100100011011100000101001100011010111101000110100011000110011000011010100100001010000010001000001000010000101111110001101000001010100010011111001100010010110000101011000000010110011010101000110100010100010000000000110100101010000000000110010010100000010001000101000100110001011000110010110110000010011100010000001011001110100000100100010011010010000000010011000001001011000110011000001101001010000000111110001100101010111010100001000000000110100010001011000000110011001000100100100
000000000000000000000
000000000000000000000
000000000000000000000
000000000010000000000
000000000110000000000
000000000010100000000
000000001000100000000
000000001101101000000
000000000101011000000
000000000000001010000
000000000000011001000
000000000000000000000
000000000000000000000
000000000000000000000
000000000000000000000
000000000000000000000
000000000000000000000
000000000000000000000
000000000000000000000
000000000000000000000
000000000000000000000
#
It:7:Diff:28:PSOStep:7:Time:3.850620381:s:AutomataStep:7:Transition:00100000100010110100100000010100100010011001000011011100100100010110100000010110100000111011001011010000101001011010000001000100001001000101110100100101000001010110110101000101101000110110000101101000001010111001111110011111100010111011100110010110101100000000010000110111010101111010001000101010100110001011000001000110010001000010100010001011011000100000110000100010011011011100000000000000111011001001110110000000100001010111011000111000100001000111010000000000000010010100110100010000100000111001101100010100
000000000000000000000
000000000000000000000
000000000000000000000
000000000010000000000
000000000101000000000
000000001100100000000
000000000101010000000
000000000111011000000
000000001110110100000
000010001110101010000
000101001111110001000
000000000000000000000
000000000000000000000
000000000000000000000
000000000000000000000
000000000000000000000
000000000000000000000
000000000000000000000
000000000000000000000
000000000000000000000
000000000000000000000
#
It:10:Diff:23:PSOStep:7:Time:4.62965552:s:AutomataStep:7:Transition:00100110110011010000100000010001101111011001000110011101101110010101100001100110110000110111100011010010100111010010010010100000000111010101111100100001010101000100111111000111100000010111110101011000000110110000011001011110110010101011110000010101100111010000110010111010010000010110001011101010100110001010000011001011010001100111100110001011000000110110110000000010011001010100011000010010001110011101110001001000101111000001000100111111110101010110010110100001000010110010111000011000000000010001100111100101
000000000000000000000
000000000000000000000
000000000000000000000
000000000010000000000
000000000101000000000
000000000010100000000
000000011110100000000
000000010001101000000
000000011000010100000
000011011011001010000
000101000101010101000
000000000000000000000
000000000000000000000
000000000000000000000
000000000000000000000
000000000000000000000
000000000000000000000
000000000000000000000
000000000000000000000
000000000000000000000
000000000000000000000
#
It:11:Diff:23:PSOStep:7:Time:4.858110286:s:AutomataStep:7:Transition:00100110110111010000100000010000101011011001000010011101101110010101100000000100110000110111100011110000101101010010000010100001000111000101111100100001010101010100111011000001100000010110010101011001000110110000011001011110110110101011100000000000100111010001010010111011010100000010001011101010100110001010000011001011010001000111100010001011000000100110110000001010011001010100011000010000001010001100110001001000100001000001000000111100110101010110010110100000000010011010010000001000000000010001101111111001
000000000000000000000
000000000000000000000
000000000000000000000
000000000010000000000
000000000101000000000
000000000010100000000
000000011100000000000
000000001011101000000
000000000010010100000
000011110011001010000
000101011101010101000
000000000000000000000
000000000000000000000
000000000000000000000
000000000000000000000
000000000000000000000
000000000000000000000
000000000000000000000
000000000000000000000
000000000000000000000
000000000000000000000
#
It:32:Diff:21:PSOStep:7:Time:9.757342071:s:AutomataStep:7:Transition:00100110101111000010100001110001101010011001000110011101111010010101100000000110010010100111100011000000100001000010010010000001000111010001010000000101010101010100111111100101100000110111010101011001000110110100011001011110100100110011100100000100100101010010010010111011001100010110011011101000101110001110000011001011000001100111100010001011000000110110110000100011111001101100011010110010001110001000110001001000100101000001101000011101110101010110010110100101001010111010100000001000000000010001101111111101
000000000000000000000
000000000000000000000
000000000000000000000
000000000010000000000
000000000101000000000
000000001010100000000
000000011100010000000
000000101000101000000
000001110000000100000
000010011010010010000
000101010101100101000
000000000001011000000
000000000000000000000
000000000000000000000
000000000000000000000
000000000000000000000
000000000000000000000
000000000000000000000
000000000000000000000
000000000000000000000
000000000000000000000
#
It:36:Diff:20:PSOStep:7:Time:10.654286679:s:AutomataStep:7:Transition:00100010101111100000100001110000101110011001000111011101001010010101100000000100010010100111100011000110101101010010010010000000000111010101010000000101010001010100110011000001101000010111010101011001000110010100011101001110100100101010100100000000100001010010010000110011000100000110011011101000101110000111000001010011000001100111000010001011000010100110110000100111111001111100011000110010001010001101110001000000101001000000101100010110110111000110010100100001000010111010111001001000000000010001101111111001
000000000000000000000
000000000000000000000
000000000000000000000
000000000010000000000
000000000101000000000
000000001000100000000
000000010001010000000
000000101100001000000
000001111011100100000
000010011010110010000
000101010101110101000
000000000000000000000
000000000000000000000
000000000000000000000
000000000000000000000
000000000000000000000
000000000000000000000
000000000000000000000
000000000000000000000
000000000000000000000
000000000000000000000
#
It:66:Diff:19:PSOStep:7:Time:17.494265728:s:AutomataStep:7:Transition:00100110111111110000101001010001101010011001000011000101111110010111001000100110110000111111100011110110101101011010010010100001001110010101110110001001011001010100110000000101111000010111010101111001101110010101111101011110111110101110101100001010101011010000010000111111010101110110111011111010101110101111001001010111010001100111100110001011011011100110110001100111111011011100011100110110101010101111111001000001101001010100001111111110100011010111010100100110010010111110101000100101000000010001111111111101
000000000000000000000
000000000000000000000
000000000000000000000
000000000010000000000
000000000101000000000
000000001111100000000
000000010111100000000
000000101001100000000
000001001001100100000
000011101111111110000
000111011101100001000
000000000000000000000
000000000000000000000
000000000000000000000
000000000000000000000
000000000000000000000
000000000000000000000
000000000000000000000
000000000000000000000
000000000000000000000
000000000000000000000
#
It:142:Diff:18:PSOStep:7:Time:35.396897351:s:AutomataStep:7:Transition:00100110101111000000100000010001100010011001000011011101111010010110100000000110110000110111101011110110110101011000010000000001000111110101011100000001010001111100011001000101101000110110010101000001000110010101110001011000110000100000000000000000100101000000010000101011010100110110001001101010111110000100001001010011010000100011000110001011010010010110110000100011010001001100011010100010101010101100110001000001001011110101001010011111110000000110010100100000000000111010110010011000000000100001101101111000
000000000000000000000
000000000000000000000
000000000000000000000
000000000010000000000
000000000111000000000
000000001010100000000
000000010100110000000
000000111101101000000
000001111001111100000
000011001111000010000
000101010100000101000
000001000010000000000
000000000000000000000
000000000000000000000
000000000000000000000
000000000000000000000
000000000000000000000
000000000000000000000
000000000000000000000
000000000000000000000
000000000000000000000
#
It:145:Diff:16:PSOStep:7:Time:36.158969572:s:AutomataStep:7:Transition:00100010101111010000101001010000101100011001000111001101011111010011101001000100000010100011100011010000101101001010000011100001001111000001110100000001001110010100010011000001101000010111010101010010000010010110011101001110010100100011000100010110100010010000100000011011011000010110001011101000100110000111000001011011010001100101100010001111110000110000100000001111111001111101111000110010001100001100110001010000100001010000101100011010110111010100010110000101010110111000111001001000000100001101100111101100
000000000000000000000
000000000000000000000
000000000000000000000
000000000010000000000
000000000101000000000
000000001110100000000
000000011000010000000
000000100001100000000
000001110001111100000
000010011110110010000
000101010101101101000
000000000000000000000
000000000000000000000
000000000000000000000
000000000000000000000
000000000000000000000
000000000000000000000
000000000000000000000
000000000000000000000
000000000000000000000
000000000000000000000
#
It:277:Diff:16:PSOStep:7:Time:65.83197122:s:AutomataStep:7:Transition:00100111101111110010101001010010101000011001000010001101011111110011101001100100011010100101100011010000101101001010000011100001001111000001110000000001001110110100010011100001101000010111001101011010100111010101011001001110110100101011000110010110100010010001000000001011001000010110001011101000111110000110001001011011010001100101100010001111110000100000101000001010111001111100110000110110000100100100110000000000100011010000111110011011110111010110000110000100010110111000111001001000100100001101100111111000
000000000000000000000
000000000000000000000
000000000000000000000
000000000010000000000
000000000101000000000
000000001010100000000
000000011100010000000
000000111011101000000
000001111101110100000
000010010011110010000
000101010111001101000
000000000000000000000
000000000000000000000
000000000000000000000
000000000000000000000
000000000000000000000
000000000000000000000
000000000000000000000
000000000000000000000
000000000000000000000
000000000000000000000
#
It:333:Diff:16:PSOStep:7:Time:78.130252157:s:AutomataStep:7:Transition:00100110111111011000111001111010101101011001100011001101001010010011101000010100100011100011100011110000100111001110010000100001000111010101110100000001001100011100011101101100100000010111000101011010000010110101111101100111010100100100000000010111100101010010101000101010010101010110011001101000100111100110000001011011010001010101100110001001100010110100011001101111111001111100001000001010001010001111110000010010100001101010101010111110110100010010010010000100100010111000100010001101000110001101101111101101
000000000000000000000
000000000000000000000
000000000000000000000
000000000010000000000
000000000111000000000
000000001110100000000
000000011101110000000
000000111010011000000
000001111001110100000
000011111101100010000
000111011000100111000
000000000000000000000
000000000000000000000
000000000000000000000
000000000000000000000
000000000000000000000
000000000000000000000
000000000000000000000
000000000000000000000
000000000000000000000
000000000000000000000
#
It:364:Diff:16:PSOStep:7:Time:85.222310336:s:AutomataStep:7:Transition:00100111101111110010100001010001101111001011000111001101010101110111110011100010100010111011101011110100101111100010010010110011001111010111111101101001011111110101111011110111111011110111110101010111101110110101011111001110101100111011010110000011100101010011110010111111011101110110011011101010101110101111011011011011011101100011000010001111000010110110010100001011111001111101101100110110101001101011111001000010101001001000111010111111110101110110010110001011110010111100110110111110110110010101100111111111
000000000000000000000
000000000000000000000
000000000000000000000
000000000010000000000
000000000101000000000
000000001111100000000
000000010111010000000
000000101111101000000
000001111001100100000
000011111110111110000
000111111111110101000
000000000000000000000
000000000000000000000
000000000000000000000
000000000000000000000
000000000000000000000
000000000000000000000
000000000000000000000
000000000000000000000
000000000000000000000
000000000000000000000
#
It:413:Diff:15:PSOStep:7:Time:96.682240091:s:AutomataStep:7:Transition:00110111111111110110110111010101111111101101111111011111110111110111111111101110101110111011101011110100111101100111011011111111001111011111111111101001011111111001111111111111111010110111111101110011101111011101011101011111111100111011011100001011101111110011111010111111111101111110011111111011101010101111011011111011011111101011000110001111100011110111110110001011111101101101111100111110101010101101111011010111101001101110111111111110111101010111111110001011111011111100111101111111110011011111101111111011
000000000000000000000
000000000000000000000
000000000000000000000
000000000010000000000
000000000111000000000
000000001010100000000
000000011111010000000
000000101110101000000
000001111111101100000
000011111111111110000
000110111111111011000
000000000000000000000
000000000000000000000
000000000000000000000
000000000000000000000
000000000000000000000
000000000000000000000
000000000000000000000
000000000000000000000
000000000000000000000
000000000000000000000
#
It:414:Diff:14:PSOStep:7:Time:96.882221134:s:AutomataStep:7:Transition:00100011101111110110110111010101101111101101101111111101100111110111111001111110111110111111101011110100111101011111010011110011001111010111111111101001011111111000011011111011111011110111111101111001101111011101011101001111111100111011011100010010100111110011111010111011011101111110001011111011111110101111001011111111011101101111010110001111000001110111110100001011111001101101111100111110100011101101111011000010100001110011111010111110110001110111011111001111111111111110111111111111100111010111100111111111
000000000000000000000
000000000000000000000
000000000000000000000
000000000010000000000
000000000111000000000
000000001010100000000
000000011111110000000
000000101111101000000
000001111111111100000
000011111111111110000
000110111011111001000
000000000000000000000
000000000000000000000
000000000000000000000
000000000000000000000
000000000000000000000
000000000000000000000
000000000000000000000
000000000000000000000
000000000000000000000
000000000000000000000
#
It:417:Diff:10:PSOStep:7:Time:97.534252763:s:AutomataStep:7:Transition:00100011101111110110110101110101101111111001000111011101101111110111111001110110111010111111100011110100111111000110010011110011001111010101111111101001011111111100010011111011111010010111111101111001001110010111011101001111111100111011011110010110100111010011111010111011011101110110011011101001101110101011001011011111011101100111000110001111100010110110110101101011111001111101111100111110101100101101110001010010101001011001111110111111110111110110011111001001111110111010110111111101010110011101100111111101
000000000000000000000
000000000000000000000
000000000000000000000
000000000010000000000
000000000111000000000
000000001010100000000
000000011111110000000
000000101111101000000
000001111111111100000
000010101111111010000
000111001111111101000
000000000000000000000
000000000000000000000
000000000000000000000
000000000000000000000
000000000000000000000
000000000000000000000
000000000000000000000
000000000000000000000
000000000000000000000
000000000000000000000
#
It:484:Diff:9:PSOStep:7:Time:112.238041044:s:AutomataStep:7:Transition:00100011111111110010110101110111101111101011101111111101101111110111110011110111111010111111110011101100001011000100010110111001001110011011110011000001011111010001010011111011111111010101010101011111001100010101011101101110010101111111001110010011111111010001011010111111011001110110101010101011111110101001111011011111011101111011010111000001011010110110010111101111010001111101101001110110101000011101110110000010101011111111111111111011111111010110010111100111100110111110101110111011110011010101101111111111
000000000000000000000
000000000000000000000
000000000000000000000
000000000010000000000
000000000111000000000
000000001011100000000
000000011110010000000
000000101001101000000
000001111111111100000
000010111111110110000
000111111111110101000
000000000000000000000
000000000000000000000
000000000000000000000
000000000000000000000
000000000000000000000
000000000000000000000
000000000000000000000
000000000000000000000
000000000000000000000
000000000000000000000
end
