PSO TRACE
INIT:../../instances/fazia/init.csv
REF:../../instances/fazia/asvn1.csv
DecodingPolicy:CPP2:CDLE2
MutationPolicy:Null
ParticleNeighborhood:Fixed
ParticleDims:515
ParticleCount:100
AccP:2.0
AccG:2.0
AccL:1.5
AccI:2.3
Pos:0.0-3.0
Inertia:0.9-0.6
VeloMax:2.0
MaxPSOIteration:500
InertiaDecrFactor:6.000000000000001E-4
INIT
000000000000000000000
000000000000000000000
000000000000000000000
000000000000000000000
000000000000000000000
000000000000000000000
000000000000000000000
000000000000000000000
000000000000000000000
000000000000000000000
000000000010000000000
000000000000000000000
000000000000000000000
000000000000000000000
000000000000000000000
000000000000000000000
000000000000000000000
000000000000000000000
000000000000000000000
000000000000000000000
000000000000000000000
REF
000000000000000000000
000000000000000000000
000000000000000000000
000000000010000000000
000000000111000000000
000000001010100000000
000000011100110000000
000000101001101000000
000001111001111100000
000010111111111010000
000111011111110111000
000000000000000000000
000000000000000000000
000000000000000000000
000000000000000000000
000000000000000000000
000000000000000000000
000000000000000000000
000000000000000000000
000000000000000000000
000000000000000000000
Classic CPP Decoder
0 :1,2,3,4,
1 :0,2,3,4,
2 :0,1,3,4,
3 :0,1,2,4,
4 :0,1,2,3,
5 :6,7,8,9,
6 :5,7,8,9,
7 :5,6,8,9,
8 :5,6,7,9,
9 :5,6,7,8,
10 :11,12,13,14,
11 :10,12,13,14,
12 :10,11,13,14,
13 :10,11,12,14,
14 :10,11,12,13,
15 :16,17,18,19,
16 :15,17,18,19,
17 :15,16,18,19,
18 :15,16,17,19,
19 :15,16,17,18,
20 :21,22,23,24,
21 :20,22,23,24,
22 :20,21,23,24,
23 :20,21,22,24,
24 :20,21,22,23,
25 :26,27,28,29,
26 :25,27,28,29,
27 :25,26,28,29,
28 :25,26,27,29,
29 :25,26,27,28,
30 :31,32,33,34,
31 :30,32,33,34,
32 :30,31,33,34,
33 :30,31,32,34,
34 :30,31,32,33,
35 :36,37,38,39,
36 :35,37,38,39,
37 :35,36,38,39,
38 :35,36,37,39,
39 :35,36,37,38,
40 :41,42,43,44,
41 :40,42,43,44,
42 :40,41,43,44,
43 :40,41,42,44,
44 :40,41,42,43,
45 :46,47,48,49,
46 :45,47,48,49,
47 :45,46,48,49,
48 :45,46,47,49,
49 :45,46,47,48,
50 :51,52,53,54,
51 :50,52,53,54,
52 :50,51,53,54,
53 :50,51,52,54,
54 :50,51,52,53,
55 :56,57,58,59,
56 :55,57,58,59,
57 :55,56,58,59,
58 :55,56,57,59,
59 :55,56,57,58,
60 :61,62,63,64,
61 :60,62,63,64,
62 :60,61,63,64,
63 :60,61,62,64,
64 :60,61,62,63,
65 :66,67,68,69,
66 :65,67,68,69,
67 :65,66,68,69,
68 :65,66,67,69,
69 :65,66,67,68,
70 :71,72,73,74,
71 :70,72,73,74,
72 :70,71,73,74,
73 :70,71,72,74,
74 :70,71,72,73,
75 :76,77,78,79,
76 :75,77,78,79,
77 :75,76,78,79,
78 :75,76,77,79,
79 :75,76,77,78,
80 :81,82,83,84,
81 :80,82,83,84,
82 :80,81,83,84,
83 :80,81,82,84,
84 :80,81,82,83,
85 :86,87,88,89,
86 :85,87,88,89,
87 :85,86,88,89,
88 :85,86,87,89,
89 :85,86,87,88,
90 :91,92,93,94,
91 :90,92,93,94,
92 :90,91,93,94,
93 :90,91,92,94,
94 :90,91,92,93,
95 :96,97,98,99,
96 :95,97,98,99,
97 :95,96,98,99,
98 :95,96,97,99,
99 :95,96,97,98,
#
It:0:Diff:42:PSOStep:4:Time:1.79993745:s:AutomataStep:4:Transition:01101111111111011110110111010111111011111010101111110101111111110001011011111101011111010111001111101111101111111111111101110011100111101110011111001111011110111111110111111111111111101011011111111011111000110111111111001011111111111100110101101001101111110011111111101111111110010111101111000111101111110101111010101111111101011111111111100111110101111111111111111111101111101110111111111111011101111001101110111111111010111111111110101110111111111111110110101101110111011011111000110111011111111100111111111111
000000000000000000000
000000000000000000000
000000000000000000000
000000000000000000000
000000000000000000000
000000000000000000000
000000101110111000000
000000101111101000000
000000111111111000000
000000111111111000000
000000111111111000000
000000011101110000000
000000001111100000000
000000000111000000000
000000000010000000000
000000000000000000000
000000000000000000000
000000000000000000000
000000000000000000000
000000000000000000000
000000000000000000000
#
It:2:Diff:42:PSOStep:6:Time:2.473412731:s:AutomataStep:6:Transition:00100111101000110000010011000111100110100111000001111100110110010010001111101100100100000010010111110111100000100100011001000010011111001110000110111101101000101100110011000000000011000001011101110011100011010000010100010001101100101100100101100111101010010001011101101000010111011011001111000010100101100000001100001010111111110011111011000000010001111111101111011111111010111010101011111000010100111000111110101110001010110011001111100100010100001011010001101101110110110101101000110110011110100101101110101100
000000000000000000000
000000000000000000000
000000000000000000000
000000000000000000000
000000000010000000000
000000000110000000000
000000001001100000000
000000001010000000000
000000010101011000000
000000100010111000000
000010011011100010000
000000010100111000000
000000001110000000000
000000000000100000000
000000000000000000000
000000000000000000000
000000000000000000000
000000000000000000000
000000000000000000000
000000000000000000000
000000000000000000000
#
It:3:Diff:37:PSOStep:7:Time:2.728309194:s:AutomataStep:7:Transition:00100001100100110000110011000011100111000011000001101100100100010110001110100100010000110110010011010111100000000101011001001010011111011110000100110111101010101110100011000000100011000111010001110010000001011000000000110101101100101000000110101011001010010101011111101000010110001010001001011010100101100000010000111010100101010011100000000000011001011111001100001111111001110010101011100000010000010011111010101010000010000000001011000101001100001011010001011110010111110101101100010110011110110101101011001001
000000000000000000000
000000000000000000000
000000000000000000000
000000000010000000000
000000000101000000000
000000000111100000000
000000001000010000000
000000100001110000000
000000010011110100000
000011111110110110000
000100000000110101000
000000011111000100000
000000010101010000000
000000000000000000000
000000000000000000000
000000000000000000000
000000000000000000000
000000000000000000000
000000000000000000000
000000000000000000000
000000000000000000000
#
It:4:Diff:35:PSOStep:7:Time:2.995753465:s:AutomataStep:7:Transition:00100101111100110000110011100111100111111011100001101100100100010010001101101100110011010100010111010111110000110100011001000000011111011110001100110100101011101110100011000001000011000111011001111011000111010100010100110101101110101100100110101011011110010001011011101000000111001100001001111011100101100010000000101010111111000011110010100100011100111111101111001111111000111010101011101000010100111111111111101110000010001000001111100100000000101010000001101110110110110101111000100111011110110101101111001101
000000000000000000000
000000000000000000000
000000000000000000000
000000000010000000000
000000000101000000000
000000001100100000000
000000011101110000000
000000100101101000000
000001011111011100000
000011011010101010000
000101000111101001000
000000011001100100000
000000010010101000000
000000000110000000000
000000000001100000000
000000000000000000000
000000000000000000000
000000000000000000000
000000000000000000000
000000000000000000000
000000000000000000000
#
It:5:Diff:28:PSOStep:7:Time:3.299564703:s:AutomataStep:7:Transition:00100001101000101000100011000111110011000011000001111000100110010000001101100001100010010011010110000110110000000100011001000000001111001110000000000100001010000100010011000000000001000111011101110010000001010100010100000001101010101100100100101001001110000001011001101000000101001010001001111011100001100000000000101010110111000011100000100000010100010111101100001111101000110010101011101000010100010001000111101110000010001000001111100100000100000010000001001000110111110001101000100110010111100100101111101000
000000000000000000000
000000000000000000000
000000000000000000000
000000000010000000000
000000000111000000000
000000001000100000000
000000000001110000000
000000100001001000000
000001110110011100000
000010001110110010000
000111011001100111000
000000111100001100000
000000000100100000000
000000000000010000000
000000000000000000000
000000000000000000000
000000000000000000000
000000000000000000000
000000000000000000000
000000000000000000000
000000000000000000000
#
It:9:Diff:26:PSOStep:7:Time:4.268713786:s:AutomataStep:7:Transition:00100001101110111000100011100011111111000011000001111100100100010100001100100000001011010111000110000111100000100000011001000001011111001110000110011100001011010100110011000000000001000111010001111001000011011000000100000001100110101100100100001101001110000101011110101000010000001001001001111010000100100000000000011010000111100001110000000001010000110101101100001111101100111010101001100000010100000100110101101110000010000010001111000100011100000010000011110010110011010000101100110111000110110100101111100000
000000000000000000000
000000000000000000000
000000000000000000000
000000000010000000000
000000000111000000000
000000001101100000000
000000010111110000000
000000100010011000000
000001110001001100000
000011000111100110000
000101011000100111000
000000000000000000000
000000000000000000000
000000000000000000000
000000000000000000000
000000000000000000000
000000000000000000000
000000000000000000000
000000000000000000000
000000000000000000000
000000000000000000000
#
It:18:Diff:24:PSOStep:7:Time:6.635178072:s:AutomataStep:7:Transition:00110001111111111000110111100111111011000011100001111000101100010000001100100001001100010010000111010011100000101000011001110000011111011110100010111100001000100110010011000000000001000111010101111010000011011100010100000100100011100110100100001011001100000001011110101000010111001010001001111011010101100000010000101010000101000001110000100011001100110101101100011111101000110010101011101100010100010100001111101010000010011010001111100000011000000011010011110101110111111001101000110110010010000100111111101000
000000000000000000000
000000000000000000000
000000000000000000000
000000000010000000000
000000000111000000000
000000001011100000000
000000010110000000000
000000101001001000000
000001000000110100000
000010111011000110000
000101000101111111000
000000001010010000000
000000000000000000000
000000000000000000000
000000000000000000000
000000000000000000000
000000000000000000000
000000000000000000000
000000000000000000000
000000000000000000000
000000000000000000000
#
It:19:Diff:24:PSOStep:7:Time:6.87489336:s:AutomataStep:7:Transition:00110001101110111000110011000011110011000011100001111000100111010000001100100101000100010110000111010111100000101000011001001001010111011110000000111100001010110110000011000000000001000111011001110010000011010100000100001100110001100100100110101111001100000001011110111000010101001010000001111011000101100000010000001010000101010011010010100111010110110101101101111111111000110010101011101100010000010100101111101010001010011010001111100000000100000010101111110100110111011011101000110110011010000100011111101000
000000000000000000000
000000000000000000000
000000000000000000000
000000000010000000000
000000000111000000000
000000001000100000000
000000010111110000000
000000100000001000000
000001001101011100000
000010110101100010000
000100011011100111000
000000111000101000000
000000000000000000000
000000000000000000000
000000000000000000000
000000000000000000000
000000000000000000000
000000000000000000000
000000000000000000000
000000000000000000000
000000000000000000000
#
It:21:Diff:23:PSOStep:7:Time:7.349799223:s:AutomataStep:7:Transition:00100001111100110001100011000111100010000011100001111000110111010000001101100111000000100010110111010111000000100000011001001001010111011110000000111100001010111110001001000001000110100111011011110000000111110110000000001101110100100000110110111010000011000001011011111000010111000010100100011011100101100110010000101010010100010011110100000011010101111101001101100101110001110010101011011110010100011000101111101010000010011000010011001000000110010011100100101010110011010111101000110110110110110101010110001001
000000000000000000000
000000000000000000000
000000000000000000000
000000000010000000000
000000000111000000000
000000001000000000000
000000011100110000000
000000101110101000000
000001110111011100000
000010101000001010000
000101000110010101000
000000000010100000000
000000000000000000000
000000000000000000000
000000000000000000000
000000000000000000000
000000000000000000000
000000000000000000000
000000000000000000000
000000000000000000000
000000000000000000000
#
It:23:Diff:22:PSOStep:7:Time:7.864127868:s:AutomataStep:7:Transition:00100000111000110001100011100110100011000011100001111000100110010000001100100100100110100010100011000111000000000000001001000000010101011110000100111100101000100110011001000001000000000111011101110001000101011000000000001101100100100100000100101010001011010001011010101000010100000010000000011011100101100010010100101000000100010001110000000011001101111011101100000101001001110010101001101111000100000001101111101010000010010000001011100101000110010011000000001010010111110011101000110110010010110100011110101001
000000000000000000000
000000000000000000000
000000000000000000000
000000000010000000000
000000000111000000000
000000001100100000000
000000011100010000000
000000101001001000000
000001011000011100000
000010000000010010000
000101000011000101000
000000000000000000000
000000000000000000000
000000000000000000000
000000000000000000000
000000000000000000000
000000000000000000000
000000000000000000000
000000000000000000000
000000000000000000000
000000000000000000000
#
It:24:Diff:21:PSOStep:7:Time:8.144210827:s:AutomataStep:7:Transition:00100001101110111001110011100111110111000011000001011000100100010010001100100101100100000010010111000011010000001100011000110000010101011010000010111100101010001100111001001000000001100111010100111001000001111100000000111100110011100110000110101000001000000001011010101000010100001010101101111011010100100000010000101010000110000001010000100101010100111101101010001111001010110010101001100101000000000001101011111010000010000010001010100101000100000010100101010111010011110111101000010110010010000101110111001000
000000000000000000000
000000000000000000000
000000000000000000000
000000000010000000000
000000000111000000000
000000001001100000000
000000010100010000000
000000101011010000000
000001010010110100000
000010101100010010000
000111011100100111000
000000000000000000000
000000000000000000000
000000000000000000000
000000000000000000000
000000000000000000000
000000000000000000000
000000000000000000000
000000000000000000000
000000000000000000000
000000000000000000000
#
It:41:Diff:14:PSOStep:7:Time:12.431381373:s:AutomataStep:7:Transition:00100001100001111001110011100111111110001011100010011001100110010010001111100101110111000011010101010011110100000101011000110000010101011010100110111000101010010100011101001001000011100101010001111010000010011000110000010100100001100110000100101011000101000001011000101000010010001010001101011011011101100010000101101100100111010011010001100110010100111111101011001111111010111010101101001110000000000110100011110010000000110000001011100100000010000111010100110111010011111101101100110110010110100100111010101000
000000000000000000000
000000000000000000000
000000000000000000000
000000000010000000000
000000000111000000000
000000001000100000000
000000011101110000000
000000100000011000000
000001110001111100000
000010100011110010000
000111111100110111000
000000000000000000000
000000000000000000000
000000000000000000000
000000000000000000000
000000000000000000000
000000000000000000000
000000000000000000000
000000000000000000000
000000000000000000000
000000000000000000000
#
It:127:Diff:13:PSOStep:7:Time:33.951888034:s:AutomataStep:7:Transition:00100101110000011001110011100111111110011011100110011000100110010100000110100110100110000010010000110001111110000101011000000000010100000010100011111000001010010100011101001000000001110111000001111010000010010000110100110101110001100010000100101011000001000000011000011000000010001110101111011011011100000000000101110000000101010011010001000010010100111111101000001111011000100010101101001010000000100100100011100011000000010000111011000001000000000111010100110101010011111100101101010110000010100100110010101000
000000000000000000000
000000000000000000000
000000000000000000000
000000000010000000000
000000000111000000000
000000001000100000000
000000011101110000000
000000000000001000000
000001111001111100000
000010010010100010000
000111011101110111000
000000000000000000000
000000000000000000000
000000000000000000000
000000000000000000000
000000000000000000000
000000000000000000000
000000000000000000000
000000000000000000000
000000000000000000000
000000000000000000000
#
It:215:Diff:13:PSOStep:7:Time:54.904141606:s:AutomataStep:7:Transition:00100011100011011101110011100111101110001011100100111000101100010010000110110100000010100011010001000011110000000001001000010001010101011010100110110000001010101100000001001101000001110101011001111010000110110010100000110110100001101000000100101001001000010000011011101000000010000110101100011011011111100000010000001010000111010011010001000100010101110111100100011111011001111010001100001001000010000111100001110000000100001001011101101001001000000010010100011111010011110111011000110110110010110100100011001000
000000000000000000000
000000000000000000000
000000000000000000000
000000000010000000000
000000000111000000000
000000001000100000000
000000011101110000000
000000100000001000000
000001111001011100000
000010001100100010000
000111011101110111000
000000000000000000000
000000000000000000000
000000000000000000000
000000000000000000000
000000000000000000000
000000000000000000000
000000000000000000000
000000000000000000000
000000000000000000000
000000000000000000000
#
It:252:Diff:13:PSOStep:7:Time:64.135304667:s:AutomataStep:7:Transition:00110011110001011101110011100111101110001011100010011000101110010010000110110100000010000011010101100011110010000100001010010001010001011000100011010100001010101100000011001001000001110001010101101010000010111010100000110000100001110000000100101101001111010001011011101000000010000110001010111011011110100000010000011000000001010011010101100110010101100111100100011111000100111010001000001011000010010100110001110000000100100001111111001001011000100111010110110111110011110111111100110110110010110100110011001000
000000000000000000000
000000000000000000000
000000000000000000000
000000000010000000000
000000000111000000000
000000001000100000000
000000011101110000000
000000101110001000000
000001111111111100000
000010001011100010000
000111011111110111000
000000000000000000000
000000000000000000000
000000000000000000000
000000000000000000000
000000000000000000000
000000000000000000000
000000000000000000000
000000000000000000000
000000000000000000000
000000000000000000000
#
It:254:Diff:10:PSOStep:7:Time:64.57623333:s:AutomataStep:7:Transition:00110011110001011111110011100011101110001011100010011000101110010010000110110100010110000011010101110011110010000100011010110001010001011000100011010100001010101100111011001000000011110011010101111010000010111010100000010000100001110100100100101101001111110001011011101000010010001110001010111010011110100000000000011000000001010011010111101110000100100111100100011111000100111010001000001011000000010100110001110010000110110011111111001001011010100111010110110101110011110111111101110110110010110100110011001000
000000000000000000000
000000000000000000000
000000000000000000000
000000000010000000000
000000000111000000000
000000001000100000000
000000011101110000000
000000100000001000000
000001111001111100000
000010001011100010000
000111011111110111000
000000000000000000000
000000000000000000000
000000000000000000000
000000000000000000000
000000000000000000000
000000000000000000000
000000000000000000000
000000000000000000000
000000000000000000000
000000000000000000000
#
It:266:Diff:10:PSOStep:7:Time:67.459330489:s:AutomataStep:7:Transition:00110011110001011101110011100011111110001011100010011000100110010010000110000110000010000011010101110011110000000100011010110001010001011000100011010100001010101100110011001001000011110011010101111010000010111000100100110000110001110110000100101001000101110001011011101000000010001110001010111011011100000000000001111000000011010011010111101010010101100111100100011111000100111010101001001011000000010100110001110010000100110001111111001001011000100111010110110101110011110111111101110110110010100100110111001000
000000000000000000000
000000000000000000000
000000000000000000000
000000000010000000000
000000000111000000000
000000001000100000000
000000011101110000000
000000100000001000000
000001111001111100000
000010001011100010000
000111011111110111000
000000000000000000000
000000000000000000000
000000000000000000000
000000000000000000000
000000000000000000000
000000000000000000000
000000000000000000000
000000000000000000000
000000000000000000000
000000000000000000000
#
It:300:Diff:10:PSOStep:7:Time:75.487321217:s:AutomataStep:7:Transition:00110011100001011101111011100111101110001011100110011000101111010010000100110110010111000011010100110011111010000100011000010000010011011110100110111100001010011100001011001111000111110001010001111011100111110010110100000000111001100000000100100101010101110000011011101000110010001110101011111111011110000010000100111000001101010011010100100010010100110111101110101111011110101010101101001100000000011101100011110001000010101000101011100001000010000011010100010101110111110101111100110110110010110100111111101010
000000000000000000000
000000000000000000000
000000000000000000000
000000000010000000000
000000000111000000000
000000001000100000000
000000011101110000000
000000101000101000000
000001101101111100000
000010011110100010000
000111001111110111000
000000000000000000000
000000000000000000000
000000000000000000000
000000000000000000000
000000000000000000000
000000000000000000000
000000000000000000000
000000000000000000000
000000000000000000000
000000000000000000000
#
It:320:Diff:9:PSOStep:7:Time:80.205322483:s:AutomataStep:7:Transition:00110011100001011111111011100111101111001011100110011000110111010010000110110111110111000011010101010011111000100100011000110010010011010110000111111100001010111100111001001110000011110011000101111011000111110010110100110001111001111010000100110111000001010001111011101000110010001110101011111111011111100010010100110110000101011011010100000010011110111111100100101111011100101010101001101100000010110111100001110000000110101101101011100100010010000011010100010111110111110101011100100110111011110100100011101010
000000000000000000000
000000000000000000000
000000000000000000000
000000000010000000000
000000000111000000000
000000001000100000000
000000011101110000000
000000101000101000000
000001111001111100000
000010001010100010000
000111011111110111000
000000000000000000000
000000000000000000000
000000000000000000000
000000000000000000000
000000000000000000000
000000000000000000000
000000000000000000000
000000000000000000000
000000000000000000000
000000000000000000000
#
It:387:Diff:8:PSOStep:7:Time:96.752558758:s:AutomataStep:7:Transition:00110011100001011111110011100111101110011011100110011000110111010010000110110110100111000011010101110011110000000100011000110000010011011110000111110100001010111100111011001100000011110011011101111010000111111000100100110101110001111000000100110101000100010001011011101000110010001010101010111111011110100010010100110110000101010011010100000010010101110111100100001111111110111010101001101101000110111101100011110011000000111001101001001100011010100011010100110011110111110101011101100110110011110100100011101010
000000000000000000000
000000000000000000000
000000000000000000000
000000000010000000000
000000000111000000000
000000001000100000000
000000011101110000000
000000101011101000000
000001111001101100000
000010110011110010000
000111111111110111000
000000000000000000000
000000000000000000000
000000000000000000000
000000000000000000000
000000000000000000000
000000000000000000000
000000000000000000000
000000000000000000000
000000000000000000000
000000000000000000000
end
