PSO TRACE
INIT:../../instances/fazia/init.csv
REF:../../instances/fazia/asvn1.csv
DecodingPolicy:CPP2:CDLE2
MutationPolicy:Null
ParticleNeighborhood:Fixed
ParticleDims:515
ParticleCount:100
AccP:2.0
AccG:2.0
AccL:1.5
AccI:2.3
Pos:0.0-3.0
Inertia:0.9-0.6
VeloMax:2.0
MaxPSOIteration:500
InertiaDecrFactor:6.000000000000001E-4
INIT
000000000000000000000
000000000000000000000
000000000000000000000
000000000000000000000
000000000000000000000
000000000000000000000
000000000000000000000
000000000000000000000
000000000000000000000
000000000000000000000
000000000010000000000
000000000000000000000
000000000000000000000
000000000000000000000
000000000000000000000
000000000000000000000
000000000000000000000
000000000000000000000
000000000000000000000
000000000000000000000
000000000000000000000
REF
000000000000000000000
000000000000000000000
000000000000000000000
000000000010000000000
000000000111000000000
000000001010100000000
000000011100110000000
000000101001101000000
000001111001111100000
000010111111111010000
000111011111110111000
000000000000000000000
000000000000000000000
000000000000000000000
000000000000000000000
000000000000000000000
000000000000000000000
000000000000000000000
000000000000000000000
000000000000000000000
000000000000000000000
Classic CPP Decoder
0 :1,2,3,4,
1 :0,2,3,4,
2 :0,1,3,4,
3 :0,1,2,4,
4 :0,1,2,3,
5 :6,7,8,9,
6 :5,7,8,9,
7 :5,6,8,9,
8 :5,6,7,9,
9 :5,6,7,8,
10 :11,12,13,14,
11 :10,12,13,14,
12 :10,11,13,14,
13 :10,11,12,14,
14 :10,11,12,13,
15 :16,17,18,19,
16 :15,17,18,19,
17 :15,16,18,19,
18 :15,16,17,19,
19 :15,16,17,18,
20 :21,22,23,24,
21 :20,22,23,24,
22 :20,21,23,24,
23 :20,21,22,24,
24 :20,21,22,23,
25 :26,27,28,29,
26 :25,27,28,29,
27 :25,26,28,29,
28 :25,26,27,29,
29 :25,26,27,28,
30 :31,32,33,34,
31 :30,32,33,34,
32 :30,31,33,34,
33 :30,31,32,34,
34 :30,31,32,33,
35 :36,37,38,39,
36 :35,37,38,39,
37 :35,36,38,39,
38 :35,36,37,39,
39 :35,36,37,38,
40 :41,42,43,44,
41 :40,42,43,44,
42 :40,41,43,44,
43 :40,41,42,44,
44 :40,41,42,43,
45 :46,47,48,49,
46 :45,47,48,49,
47 :45,46,48,49,
48 :45,46,47,49,
49 :45,46,47,48,
50 :51,52,53,54,
51 :50,52,53,54,
52 :50,51,53,54,
53 :50,51,52,54,
54 :50,51,52,53,
55 :56,57,58,59,
56 :55,57,58,59,
57 :55,56,58,59,
58 :55,56,57,59,
59 :55,56,57,58,
60 :61,62,63,64,
61 :60,62,63,64,
62 :60,61,63,64,
63 :60,61,62,64,
64 :60,61,62,63,
65 :66,67,68,69,
66 :65,67,68,69,
67 :65,66,68,69,
68 :65,66,67,69,
69 :65,66,67,68,
70 :71,72,73,74,
71 :70,72,73,74,
72 :70,71,73,74,
73 :70,71,72,74,
74 :70,71,72,73,
75 :76,77,78,79,
76 :75,77,78,79,
77 :75,76,78,79,
78 :75,76,77,79,
79 :75,76,77,78,
80 :81,82,83,84,
81 :80,82,83,84,
82 :80,81,83,84,
83 :80,81,82,84,
84 :80,81,82,83,
85 :86,87,88,89,
86 :85,87,88,89,
87 :85,86,88,89,
88 :85,86,87,89,
89 :85,86,87,88,
90 :91,92,93,94,
91 :90,92,93,94,
92 :90,91,93,94,
93 :90,91,92,94,
94 :90,91,92,93,
95 :96,97,98,99,
96 :95,97,98,99,
97 :95,96,98,99,
98 :95,96,97,99,
99 :95,96,97,98,
#
It:0:Diff:44:PSOStep:4:Time:1.801740579:s:AutomataStep:4:Transition:00101111101111110110100111111101101110111011011110111010101011110011111101101110111000110010011110111011101111111110111011001111010000111111101010011011011111111101101011111011101001101011111101111101111111111111111110101111111101100111111111010001110111011101111111101111110111111100111111111110111110110111110100111101110111111111110111111101111011111101110101001001000110110011111111011111111100110101101100101011111010111111111110110111101101100111111100001110111101111011111011110011110010111111011010111101
000000000000000000000
000000000000000000000
000000000000000000000
000000000000000000000
000000000000000000000
000000000000000000000
000000000000011000000
000000000001111000000
000000000111111000000
000000011011111000000
000000110110111000000
000000001000011000000
000000000000101000000
000000000000011000000
000000000000001000000
000000000000000000000
000000000000000000000
000000000000000000000
000000000000000000000
000000000000000000000
000000000000000000000
#
It:1:Diff:42:PSOStep:7:Time:2.163429064:s:AutomataStep:7:Transition:00110101100111111001100000100101101011100110101111100100110011100011101011001100101000111110011010001111100111100110010001001101100011100101100000001100111011110100000000001111100001110101110000110110010111110001101011001101100101000001110111010000100100010110100001000100011010011101110111110100101010010110100001111100011011010100111010011101111110001110110101011011001100010011110100001111001000110101010000101110100011010111110110100101101100110001011010100111101011101011110010100111000011001110000001001111
000000000000000000000
000000000000000000000
000000000000000000000
000000000010000000000
000000000001000000000
000000001000100000000
000000000000010000000
000000101101101000000
000000101101001100000
000011110001111010000
000110010111110111000
000000000100000110000
000001110011001000000
000000101001110000000
000000000111110000000
000000000100000000000
000000000101000000000
000000000010000000000
000000000000000000000
000000000000000000000
000000000000000000000
#
It:2:Diff:41:PSOStep:7:Time:2.461486439:s:AutomataStep:7:Transition:00100010100011111011011111011010011001100001100100110100011010000011001010001110001001010110000101001010000010101000100111010011000010110110101011001010100000110000000100111001011000101000011100010110010110110101110101000111111100000111111011001111100000010011110010000101001111000101100100100111000011001100000101111000011011010101011010000100110001100000100110101010000111010001000000000101011001011101110000010110011000110000111110110111111000110000100010010100101111000111110010000101100011001001011100001111
000000000000000000000
000000000000000000000
000000000000000000000
000000000010000000000
000000000010000000000
000000000010000000000
000000001101000000000
000000010001000000000
000000001100000000000
000011001100000000000
000110110100000000000
000000000000000000000
000000000000000000000
000000000000000000000
000000000000000000000
000000000000000000000
000000000000000000000
000000000000000000000
000000000000000000000
000000000000000000000
000000000000000000000
#
It:3:Diff:40:PSOStep:7:Time:2.716681137:s:AutomataStep:7:Transition:00100011100011111011111101001000110011010101000100110100011010000011001011001110001001010110001101010110001010111000100101010011000000110100111011000010100000110000000001111011011100011011011111010111000110001101110101001111111110000111111001001110110010010010100011000101001111000101100100100111000011001110000111111000011110010100011010000011110001100000100010101010000101000001001000000111011001011101110000010100011000100000111110110111010001110000110010110110101110000111110010000101100011011011111100001111
000000000000000000000
000000000000000000000
000000000000000000000
000000000010000000000
000000000011000000000
000000000001100000000
000000000010110000000
000000011001011000000
000000001010101100000
000011100001011110000
000100101000000101000
000000000000101000000
000000011000000000000
000000000100000000000
000000000000000000000
000000000000000000000
000000000000000000000
000000000000000000000
000000000000000000000
000000000000000000000
000000000000000000000
#
It:4:Diff:37:PSOStep:6:Time:3.003165344:s:AutomataStep:6:Transition:00000011101111111001110100001100110101010111011101110110011010000010100001001111011001111000001101010111011010111110110001010011011100010100111011000110101100010000001001101010010100001010110101110111000101001100011101001111110111001111110100011110111010000010100011010100000111101101100110100111001011000110000011011000010110011110011010001011110011000000100010111010001101100011100101001111001101010101111000000100011110100000101011110011010101110000010010010110111000101111111011000110100011111011101101001111
000000000000000000000
000000000000000000000
000000000000000000000
000000000000000000000
000000000000000000000
000000000000000000000
000000000000000000000
000000000010000000000
000000001001011000000
000000111001011000000
000010101000110010000
000000000000000000000
000000000000000000000
000000000000000000000
000000000000000000000
000000000000000000000
000000000000000000000
000000000000000000000
000000000000000000000
000000000000000000000
000000000000000000000
#
It:5:Diff:21:PSOStep:7:Time:3.232113204:s:AutomataStep:7:Transition:00100001101111111001110100010101110111011111011101110110011000110111101001011111110101111001111010010111011110110110010001010111011100010100111010000110111101010101001001101110100101001111111101111111001101001010111011101011110111111111111110011110111110100110100111011101011111111011101110100111011011100110001011110100010111011110011010111011111011000111110010111001001101100011111101001111001101100101011110001100111110100000101111110011010101100000010111110110111000101000111011101111000011111011101101001110
000000000000000000000
000000000000000000000
000000000000000000000
000000000010000000000
000000000101000000000
000000001110000000000
000000011111110000000
000000111011110000000
000001011011111100000
000010100101111110000
000111101101011011000
000000000000000000000
000000000000000000000
000000000000000000000
000000000000000000000
000000000000000000000
000000000000000000000
000000000000000000000
000000000000000000000
000000000000000000000
000000000000000000000
#
It:6:Diff:21:PSOStep:7:Time:3.472850368:s:AutomataStep:7:Transition:00100011100101101001100100010101110011001111011101110110011100000110101011011111010101111000101110010111011010111110010001010111010100010100111010000100111101010100000001101100101111111110111101111111000101001010111011001101110111111111111010011010111110000110100110011101011110110001101110111111011011100110001010110101010111011110011001111011111010000010100010111001101101100111100101001011001100001101011010001100111110100001101111110011100101100001000001101110011000101000111010101111000011111011011101001111
000000000000000000000
000000000000000000000
000000000000000000000
000000000010000000000
000000000101000000000
000000001011100000000
000000001101110000000
000000100001111000000
000001010011101100000
000011110100101110000
000111111010111011000
000000000000000000000
000000000000000000000
000000000000000000000
000000000000000000000
000000000000000000000
000000000000000000000
000000000000000000000
000000000000000000000
000000000000000000000
000000000000000000000
#
It:14:Diff:21:PSOStep:7:Time:5.335536238:s:AutomataStep:7:Transition:00100011101111111001111100011101110111111111011101110111011001110110101101011111111101111011111011010111011110110111011001010111010111010110111010000110111101010100111001101111110111011010111101111111001101101000111011101111110111110111111010111111111110100110100111001101011111110011111110101111011011100110001111101110010111011110011011111011110011000010100010111001001101100011111101001111001100111101011110111100111111110001101111110111110101110001010101110110011100101101111011101110000011111111111111011110
000000000000000000000
000000000000000000000
000000000000000000000
000000000010000000000
000000000111000000000
000000001010000000000
000000010011110000000
000000100011011000000
000001111010100100000
000010111011011110000
000111101110011111000
000000000000000000000
000000000000000000000
000000000000000000000
000000000000000000000
000000000000000000000
000000000000000000000
000000000000000000000
000000000000000000000
000000000000000000000
000000000000000000000
#
It:17:Diff:18:PSOStep:7:Time:6.051330455:s:AutomataStep:7:Transition:00100011101111111001111000111111110111011111001101110111001100110110101111011111111101111011111101010111011110111111011011010111011111011110111010001110111101010110111001101101110111011010111101111111001101101000111011101111110111011111110010111111111111100111100110001101111110110011111110111111111010100110001111000101010111011110011011111011110011000010111010111101101101100111110101101111001100111101011010110100111110100101101111110111110101110000010101110110011000101101111011101111100011111111111101011111
000000000000000000000
000000000000000000000
000000000000000000000
000000000010000000000
000000000111000000000
000000001101100000000
000000011101110000000
000000111101111000000
000001101101011100000
000011011111111110000
000111000010111111000
000000000000000000000
000000000000000000000
000000000000000000000
000000000000000000000
000000000000000000000
000000000000000000000
000000000000000000000
000000000000000000000
000000000000000000000
000000000000000000000
#
It:20:Diff:18:PSOStep:7:Time:6.77827226:s:AutomataStep:7:Transition:00110011101111111010111100101111110111011111011101110111001010110110111011011111110001111111111110010111111110111111011101010111011100010110111010101110011100011110011001111111110111001111111101111111101101111000011011101011110111111111110011111111101110100111100011001111110111110111101111111110011011111110001011010111010111111111111011011011111011011011101011111111111101101111111101001111001100001101011110010100111110000111111111110011100101110000011101110110011100101101111011101110001011111111111101011011
000000000000000000000
000000000000000000000
000000000000000000000
000000000010000000000
000000000111000000000
000000001100100000000
000000011011110000000
000000110111101000000
000001111101011100000
000011011111111110000
000111001011110001000
000000000000000000000
000000000000000000000
000000000000000000000
000000000000000000000
000000000000000000000
000000000000000000000
000000000000000000000
000000000000000000000
000000000000000000000
000000000000000000000
#
It:21:Diff:13:PSOStep:7:Time:7.010493975:s:AutomataStep:7:Transition:00110011101101111011101000001111110111111111001101100110001010110111001001011111110001111011110111010111111010111111011111010111010100010100011000100111110100010110001100101111100101011111111101111111111111001111011011001001110111011111111010111110111110000110101011001111010111100011101111111110001111111110000011000111010111011110111010101111111011011111101111111011011101000111110101001111001000001101011010100100011110000000011111100011100101110000001100111110011100101001111011101110001011111111101101011110
000000000000000000000
000000000000000000000
000000000000000000000
000000000010000000000
000000000111000000000
000000001110100000000
000000011110110000000
000000111000101000000
000001111111111000000
000011111011111010000
000111000101010111000
000000000000000000000
000000000000000000000
000000000000000000000
000000000000000000000
000000000000000000000
000000000000000000000
000000000000000000000
000000000000000000000
000000000000000000000
000000000000000000000
#
It:115:Diff:13:PSOStep:7:Time:27.472579959:s:AutomataStep:7:Transition:00110011101100111010101000101111110111101111001101100110101011110111001001011111110101111011110111010111111000011111011111010111010100010100111000100111111000010010001100101111100101011110111101111111111111101111011011001001110111011111111010111111101110000110101011001111010111100011101011111110011111111110000111100111010111011100111010101111111011010111101111111011011101000111110101001101001000001101010010100100111110100000011111100011100001110000000100111110001100101001111011101110001011111111101101011110
000000000000000000000
000000000000000000000
000000000000000000000
000000000010000000000
000000000111000000000
000000001110100000000
000000011100110000000
000000111011001000000
000001111110011000000
000011111111011010000
000111000111110111000
000000000000000000000
000000000000000000000
000000000000000000000
000000000000000000000
000000000000000000000
000000000000000000000
000000000000000000000
000000000000000000000
000000000000000000000
000000000000000000000
#
It:116:Diff:12:PSOStep:7:Time:27.717754743:s:AutomataStep:7:Transition:00100011101110111010101000100111100111101111001101100110101011010111001001011111111100111011110111110111111010011101011111010111011100010100111000100111111001011010001100101111110101011111111001111111101111101111001011101011110111011111111011111111111110000110101011001110010111100001101111111110011111111110001111100111010111011100111011101011111011010111101110101011111101000111110101001011001000001111011110100100111111100100011111100011110001100000000100111110011100101011111110101110001011111111101111011110
000000000000000000000
000000000000000000000
000000000000000000000
000000000010000000000
000000000111000000000
000000001110100000000
000000011111110000000
000000101111101000000
000001111101111000000
000011001111111010000
000111110111110111000
000000000000000000000
000000000000000000000
000000000000000000000
000000000000000000000
000000000000000000000
000000000000000000000
000000000000000000000
000000000000000000000
000000000000000000000
000000000000000000000
#
It:196:Diff:11:PSOStep:7:Time:45.43024177:s:AutomataStep:7:Transition:00100011101101111011101000101111110111101111001101100110101011110111001001011111110100111011110101010111111010111101010111010111010100010101111000000111010101010010001100101111110101011110111101111111111111001011011011001011110101011111100010111111101110000110101011001110010111100011101111111110011111111110000111100101010111011110111010101111111011010111101111111001011101000111110101001101001000001101010110100100111110100000011010100011110001110001001100111110011100101001111010101110001011111101101101010110
000000000000000000000
000000000000000000000
000000000000000000000
000000000010000000000
000000000111000000000
000000001110100000000
000000011100110000000
000000101001101000000
000001111100111000000
000011111111010010000
000111000011100111000
000000000000000000000
000000000000000000000
000000000000000000000
000000000000000000000
000000000000000000000
000000000000000000000
000000000000000000000
000000000000000000000
000000000000000000000
000000000000000000000
#
It:203:Diff:11:PSOStep:7:Time:46.952525449:s:AutomataStep:7:Transition:00110011101101111011101000101111100111101111001101100110001011110101001001001111110100111011110111010110111010111101011111010111010100010101111000100111111101010010001101101111110101011111111101111111111101101111111011001001110111111111111010111111111110000110101011001111010111100001101111111110011111011110000011100111010111011110111011111111111011011111101111110011011101000101110101001001001000001111011110101100111110100000011110100011110001110001001100111110011100101001111011101110001011111101101111011110
000000000000000000000
000000000000000000000
000000000000000000000
000000000010000000000
000000000111000000000
000000001110100000000
000000011100110000000
000000101000101000000
000001111111111000000
000011101101111010000
000111110111010111000
000000000000000000000
000000000000000000000
000000000000000000000
000000000000000000000
000000000000000000000
000000000000000000000
000000000000000000000
000000000000000000000
000000000000000000000
000000000000000000000
#
It:251:Diff:10:PSOStep:7:Time:57.700053172:s:AutomataStep:7:Transition:00110011101101111011101000101111110111101111001101100110001011110111001001011111110100111011110111010110111010111101010111010111010100010100111000100111010101010010001101101111110101011111111101110111111101101011011011001001110101011111110010111111101110000110101011001111010111100001101111111110011111011110000111100111010111011110111010111111111011011111101111111011011101000111110101001001001000001101010110101100111110100000011110100011110001110001001100111110011100101001111011101110001011111111101101011110
000000000000000000000
000000000000000000000
000000000000000000000
000000000010000000000
000000000111000000000
000000001110100000000
000000011100110000000
000000101000101000000
000001111111111000000
000011111111111010000
000111000010110111000
000000000000000000000
000000000000000000000
000000000000000000000
000000000000000000000
000000000000000000000
000000000000000000000
000000000000000000000
000000000000000000000
000000000000000000000
000000000000000000000
#
It:429:Diff:10:PSOStep:7:Time:97.498373918:s:AutomataStep:7:Transition:00110011101100111011101000101101100111101111001101100111101011110101001001011111110100111011110111010111111010111101011111010111011100010100011010100111010101010010001101101111110111011111111101110111111111101011010011001001110111011111111010111111111110000110101011001111010111100001101111111110011111111110001111100111010111011100111111111111111011011111101111110011111101000111110101001011001000001111011110100100111111100000011111100011110001110001001100110110011100101001111010101110001011111111101111011110
000000000000000000000
000000000000000000000
000000000000000000000
000000000010000000000
000000000111000000000
000000001110100000000
000000011111110000000
000000101111101000000
000001111001111000000
000011101111111010000
000111110111110111000
000000000000000000000
000000000000000000000
000000000000000000000
000000000000000000000
000000000000000000000
000000000000000000000
000000000000000000000
000000000000000000000
000000000000000000000
000000000000000000000
end
