PSO TRACE
INIT:../../instances/fazia/init.csv
REF:../../instances/fazia/asvn1.csv
DecodingPolicy:CPP2:CDLE2
MutationPolicy:Null
ParticleNeighborhood:Fixed
ParticleDims:515
ParticleCount:100
AccP:2.0
AccG:2.0
AccL:1.5
AccI:2.3
Pos:0.0-3.0
Inertia:0.9-0.6
VeloMax:2.0
MaxPSOIteration:500
InertiaDecrFactor:6.000000000000001E-4
INIT
000000000000000000000
000000000000000000000
000000000000000000000
000000000000000000000
000000000000000000000
000000000000000000000
000000000000000000000
000000000000000000000
000000000000000000000
000000000000000000000
000000000010000000000
000000000000000000000
000000000000000000000
000000000000000000000
000000000000000000000
000000000000000000000
000000000000000000000
000000000000000000000
000000000000000000000
000000000000000000000
000000000000000000000
REF
000000000000000000000
000000000000000000000
000000000000000000000
000000000010000000000
000000000111000000000
000000001010100000000
000000011100110000000
000000101001101000000
000001111001111100000
000010111111111010000
000111011111110111000
000000000000000000000
000000000000000000000
000000000000000000000
000000000000000000000
000000000000000000000
000000000000000000000
000000000000000000000
000000000000000000000
000000000000000000000
000000000000000000000
Classic CPP Decoder
0 :1,2,3,4,
1 :0,2,3,4,
2 :0,1,3,4,
3 :0,1,2,4,
4 :0,1,2,3,
5 :6,7,8,9,
6 :5,7,8,9,
7 :5,6,8,9,
8 :5,6,7,9,
9 :5,6,7,8,
10 :11,12,13,14,
11 :10,12,13,14,
12 :10,11,13,14,
13 :10,11,12,14,
14 :10,11,12,13,
15 :16,17,18,19,
16 :15,17,18,19,
17 :15,16,18,19,
18 :15,16,17,19,
19 :15,16,17,18,
20 :21,22,23,24,
21 :20,22,23,24,
22 :20,21,23,24,
23 :20,21,22,24,
24 :20,21,22,23,
25 :26,27,28,29,
26 :25,27,28,29,
27 :25,26,28,29,
28 :25,26,27,29,
29 :25,26,27,28,
30 :31,32,33,34,
31 :30,32,33,34,
32 :30,31,33,34,
33 :30,31,32,34,
34 :30,31,32,33,
35 :36,37,38,39,
36 :35,37,38,39,
37 :35,36,38,39,
38 :35,36,37,39,
39 :35,36,37,38,
40 :41,42,43,44,
41 :40,42,43,44,
42 :40,41,43,44,
43 :40,41,42,44,
44 :40,41,42,43,
45 :46,47,48,49,
46 :45,47,48,49,
47 :45,46,48,49,
48 :45,46,47,49,
49 :45,46,47,48,
50 :51,52,53,54,
51 :50,52,53,54,
52 :50,51,53,54,
53 :50,51,52,54,
54 :50,51,52,53,
55 :56,57,58,59,
56 :55,57,58,59,
57 :55,56,58,59,
58 :55,56,57,59,
59 :55,56,57,58,
60 :61,62,63,64,
61 :60,62,63,64,
62 :60,61,63,64,
63 :60,61,62,64,
64 :60,61,62,63,
65 :66,67,68,69,
66 :65,67,68,69,
67 :65,66,68,69,
68 :65,66,67,69,
69 :65,66,67,68,
70 :71,72,73,74,
71 :70,72,73,74,
72 :70,71,73,74,
73 :70,71,72,74,
74 :70,71,72,73,
75 :76,77,78,79,
76 :75,77,78,79,
77 :75,76,78,79,
78 :75,76,77,79,
79 :75,76,77,78,
80 :81,82,83,84,
81 :80,82,83,84,
82 :80,81,83,84,
83 :80,81,82,84,
84 :80,81,82,83,
85 :86,87,88,89,
86 :85,87,88,89,
87 :85,86,88,89,
88 :85,86,87,89,
89 :85,86,87,88,
90 :91,92,93,94,
91 :90,92,93,94,
92 :90,91,93,94,
93 :90,91,92,94,
94 :90,91,92,93,
95 :96,97,98,99,
96 :95,97,98,99,
97 :95,96,98,99,
98 :95,96,97,99,
99 :95,96,97,98,
#
It:0:Diff:46:PSOStep:6:Time:1.64301527:s:AutomataStep:6:Transition:00110100100000100000000101101000000001101001101011100110011101110010000011010101000100011000111000000101001100100010011100000010000010010000110000010000000111100000010000001111010000100000100100001101001000011110000100000110011100100000100000100000110000000010000100001000100010000110100101010000001000010000001000000010001001001011101001011000100100100000111111011010011001000000011001111001001010011000010100100001100000000110000110000100011101111001110010000011010000001001000010101000000001010101110100000111
000000000000000000000
000000000000000000000
000000000000000000000
000000000000000000000
000000000010000000000
000000000000000000000
000000001000000000000
000000000000000000000
000000100000000000000
000000000000000000000
000010000000000000000
000000000000000000000
000000000000000000000
000000000000000000000
000000000000000000000
000000000000000000000
000000000000000000000
000000000000000000000
000000000000000000000
000000000000000000000
000000000000000000000
#
It:1:Diff:43:PSOStep:3:Time:2.124614213:s:AutomataStep:3:Transition:01110110100010000000010000001001110111001101101101110111101111010110001110010001100010111100010100000110101110101011110110011001000000010010111100101000011100111010110101111111101000011101110101110111111011110001001000100111000111101101101011000110110001110100100100100010010010011011110010001100001110011000001010000010110011111001111010011001111001010100101111111001111001010001011011111011101010011011010001110110101100100110010000001010111001101000011001001001110101000011111010011011100110011011100110000011
000000000000000000000
000000000000000000000
000000000000000000000
000000000000000000000
000000000000000000000
000000000000000000000
000000000000000000000
000000011010000000000
000000010011000000000
000000011110100000000
000000010000010000000
000000000000000000000
000000000000000000000
000000000000000000000
000000000000000000000
000000000000000000000
000000000000000000000
000000000000000000000
000000000000000000000
000000000000000000000
000000000000000000000
#
It:2:Diff:41:PSOStep:3:Time:2.371734646:s:AutomataStep:3:Transition:01110110100000000000010010001001110111001101101101110111100110010110001110010001100010111100010101000110101110101011110110011001000000010010111100101000011100111010110101110111101000011101110101110111111011110001001000100111000111101101101011000110110001110100100100000011010011011011110011001100001110011100001010000010110011111001111010111001111001010100001110111001111000010000001011111011101010011011010011110110101100100110010000001010111001101000011001000001110101000011111010011011100100011011100110000011
000000000000000000000
000000000000000000000
000000000000000000000
000000000000000000000
000000000000000000000
000000000000000000000
000000000000000000000
000000011010000000000
000000011011000000000
000000011011100000000
000000010100010000000
000000000000000000000
000000000000000000000
000000000000000000000
000000000000000000000
000000000000000000000
000000000000000000000
000000000000000000000
000000000000000000000
000000000000000000000
000000000000000000000
#
It:3:Diff:39:PSOStep:7:Time:2.602780863:s:AutomataStep:7:Transition:00110100100000100000010100101100000001101011101000100110011011010000000001010100000100011000110011000100001010100010011100000100000110100010110000111101001111001000110011001111000000100000100100001100000000000111000000000110011100101000110010000000101010000110000100011001100011001110100100010000001100011100000010000000001000001010101000001000001100110010101011111011010000100011101011101001001000010000010000100101100100000110010110011100011111111011110010000011010000000001000011001110000000010001000110000011
000000000000000000000
000000000000000000000
000000000000000000000
000000000010000000000
000000000100000000000
000000001000000000000
000000010100000000000
000000101010000000000
000000011010000000000
000011100000000000000
000100011010000000000
000000000010000000000
000000000000000000000
000000000000000000000
000000000000000000000
000000000000000000000
000000000000000000000
000000000000000000000
000000000000000000000
000000000000000000000
000000000000000000000
#
It:5:Diff:36:PSOStep:6:Time:3.096876597:s:AutomataStep:6:Transition:00110101110001000000100000000101010001100000100011110110001010100000101011010110101010111001110100000100100110100001011100100000000100011100000000100100000100001010010100000111001000100000100001100010000000100001001100000111010100001101100011001000111001110110000100010011000010001110100111100000001100001100001010010000000110011001010000000000000100100000110011111111000001100000000001101101001000110010011001101100100100100101010001001100011001110011010010000001110101001011011111101010100111110001100110001111
000000000000000000000
000000000000000000000
000000000000000000000
000000000000000000000
000000000010000000000
000000000010000000000
000000001100000000000
000000001100000000000
000000101000000000000
000000111001000000000
000011101101000000000
000000000000000000000
000000000000000000000
000000000000000000000
000000000000000000000
000000000000000000000
000000000000000000000
000000000000000000000
000000000000000000000
000000000000000000000
000000000000000000000
#
It:9:Diff:35:PSOStep:7:Time:4.092323159:s:AutomataStep:7:Transition:00100101100000000000110100000010100011010100111011000010111000000010001011010101100010011000010100000101100000100111010101100000000010011000011000000000000000111110010000000101001000101000100001100000100100010001001100000101000010000110100000000110001001110110000101011010000010001010110111000100001110001000001000100001001000011011011000000011010000110000100101111110110001000111000100111011001010110000111010110100000100000110000010010011011101100111110000000010111100000111011011001111100010010011100100000000
000000000000000000000
000000000000000000000
000000000000000000000
000000000010000000000
000000000101000000000
000000000000100000000
000000001010010000000
000000000010011000000
000000000011100100000
000010010101100110000
000101001100001001000
000000000000000000000
000000000000000000000
000000000000000000000
000000000000000000000
000000000000000000000
000000000000000000000
000000000000000000000
000000000000000000000
000000000000000000000
000000000000000000000
#
It:18:Diff:33:PSOStep:7:Time:6.224314957:s:AutomataStep:7:Transition:00100100100010000010110010000110000111010100110011000010111000000010101011010101000010011000010110001101110001100011010001100000000010011000111100100000000000111010010001000101101000101100100001001010111100011001000100000100001010000010101000000110011001110111000101011010000010011010110111001100010110001100000000101011101010011011011010000010010100110001111101110010110000000111000100111111001010010000100010111111010100010010000111010011011101100111010110001010011100000000011011001101100000010111100100000111
000000000000000000000
000000000000000000000
000000000000000000000
000000000010000000000
000000000011000000000
000000001100000000000
000000010101100000000
000000000101011000000
000000001001101100000
000010101011011100000
000100001001100100000
000000010010000000000
000000000101000000000
000000000000000000000
000000000000000000000
000000000000000000000
000000000000000000000
000000000000000000000
000000000000000000000
000000000000000000000
000000000000000000000
#
It:20:Diff:24:PSOStep:7:Time:6.696620346:s:AutomataStep:7:Transition:00100110100010000011000010000110101101010000110011010100101100000010101011010101000010011100001100001100000001100011011001100001000100011010100100100001000101001000010101001000001000100100000011101010111001111001011110000000101010000010001000000000011011110101000101010000000010010011010111001100010100001100001010001011001010011001011000001011010110110001111000110010110010000011000000111011000000010100000000111101010100110010000001010111011101101010110010001010001100000000011011001101100100011101100100000111
000000000000000000000
000000000000000000000
000000000000000000000
000000000010000000000
000000000101000000000
000000000010100000000
000000000011010000000
000000011000101000000
000001110000110100000
000011101000111010000
000101010101010101000
000000000000000000000
000000000000000000000
000000000000000000000
000000000000000000000
000000000000000000000
000000000000000000000
000000000000000000000
000000000000000000000
000000000000000000000
000000000000000000000
#
It:22:Diff:21:PSOStep:7:Time:7.181133773:s:AutomataStep:7:Transition:00100100100011000010000010000110111101000000100011010110101000000000101011010001000010011100000100001101000001100011010101000000000000011010101100100000000100011000010101000000101010101100100011101110111100111001010100000000101000000010001000010100011001110101000101010000000010010010111111000100010100000100000000001011001010011011011000001000110100110001111001110010110000000010000000111111000000000100000001111101010100000010000110001111011101101010110010001010000000000000011011001101100000011111100100000011
000000000000000000000
000000000000000000000
000000000000000000000
000000000010000000000
000000000101000000000
000000001110100000000
000000010111010000000
000000011011101000000
000001110101110100000
000011100110111010000
000101010101010101000
000000000000000000000
000000000000000000000
000000000000000000000
000000000000000000000
000000000000000000000
000000000000000000000
000000000000000000000
000000000000000000000
000000000000000000000
000000000000000000000
#
It:25:Diff:20:PSOStep:7:Time:7.873207504:s:AutomataStep:7:Transition:00100110100011000010000011100110111101000100100011000010101000000000100011010101000010011000000100001101000001100001011101000001000100011010100000100101000110001000010001000000101010100100101011101111010000110001010110000000101000000010001000010100011010110101001111110000000010010010111111000100110110000000000000001001001010011011011000011010110110110001101000110010110000000110000100111111000000100100000001111101010100110010000110000111011101101010010010001010000100000000011111000101110000010111100100100011
000000000000000000000
000000000000000000000
000000000000000000000
000000000010000000000
000000000101000000000
000000001110100000000
000000010111010000000
000000001011101000000
000001110101110100000
000011100110111010000
000101010101010101000
000000000000000000000
000000000000000000000
000000000000000000000
000000000000000000000
000000000000000000000
000000000000000000000
000000000000000000000
000000000000000000000
000000000000000000000
000000000000000000000
#
It:35:Diff:19:PSOStep:7:Time:10.095731354:s:AutomataStep:7:Transition:00100100110011000010000011000110111100000000100011010010101000000000100010011101000110010000000100000101000001101001010100000000000101011010110000101110000110010000000001001100101010100000100011101110000100110001000110000000101010000010000100111100011010110000000111111000000010010010110111000100110100000000000010000011011010001011010000111001110110110001001000110000100000000110100101111011000000110100010010110101000100110110001011000111011101101010000010000010000100000000111011000101100000010111100100100011
000000000000000000000
000000000000000000000
000000000000000000000
000000000010000000000
000000000101000000000
000000001110100000000
000000010111010000000
000000001011101000000
000001110101110100000
000011110110111010000
000101010101010101000
000000000000000000000
000000000000000000000
000000000000000000000
000000000000000000000
000000000000000000000
000000000000000000000
000000000000000000000
000000000000000000000
000000000000000000000
000000000000000000000
#
It:113:Diff:19:PSOStep:7:Time:28.308312345:s:AutomataStep:7:Transition:00100100100011000010000110000011111101110000101011010010111000000010100011010101000010000000000101000101000000100011010100001001000101011011101100100011000100001000010001000000001010100100100011101010010000110101011110000100101000000010001000011100001010110100000101011000001110011011110111000100110100001000000000001011001010011001011000001011010100110001111000010000000000000010100100111001000000100100000011110100010100000010100000001111001001110010110110001010000100000000011001001101010000010111110100100111
000000000000000000000
000000000000000000000
000000000000000000000
000000000010000000000
000000000101000000000
000000001110100000000
000000010111010000000
000000111011101000000
000001011101110100000
000011101110111010000
000101010101010101000
000000000000000000000
000000000000000000000
000000000000000000000
000000000000000000000
000000000000000000000
000000000000000000000
000000000000000000000
000000000000000000000
000000000000000000000
000000000000000000000
#
It:133:Diff:19:PSOStep:7:Time:33.013830177:s:AutomataStep:7:Transition:00100100100011000010001110000111111111110000101011010010011000100010100011010101000110000000000101000111000001101011010100001001000101011011111000101010000100001010010101000000101010100100101011101010010000110101011110000101101000000011001000011100011010110101001101011000001110010011110111000100110110000000000010001001001010011011010000001011010100110001111000110000000000000010100100111101000000100100000011110100010100000010100001000111001001110010110110000011000100000000011001000101110000010111100100100110
000000000000000000000
000000000000000000000
000000000000000000000
000000000010000000000
000000000101000000000
000000001110100000000
000000010111010000000
000000111011101000000
000001011101110100000
000011101110111010000
000101010101010101000
000000000000000000000
000000000000000000000
000000000000000000000
000000000000000000000
000000000000000000000
000000000000000000000
000000000000000000000
000000000000000000000
000000000000000000000
000000000000000000000
#
It:137:Diff:19:PSOStep:7:Time:33.905460018:s:AutomataStep:7:Transition:00100100100011000010000110000111111101110100101011010010111000000010100011010101000010000000000100001111100000100011010101010001000101011011011000101010000101001010010101000001101010100100001011101010010000110101010110001000101000000010001000100000001010110101001101001000001010000011111011000100110100000100001000000001001000011011010000011011010110110001111000110000000000000010100100111011000000110000001010110101010001100010100001000110001101110010110110001010000100000010111001000101100000010011100100100010
000000000000000000000
000000000000000000000
000000000000000000000
000000000010000000000
000000000101000000000
000000001110100000000
000000010111010000000
000000111011101000000
000001011101110100000
000011101110111010000
000101010101010101000
000000000000000000000
000000000000000000000
000000000000000000000
000000000000000000000
000000000000000000000
000000000000000000000
000000000000000000000
000000000000000000000
000000000000000000000
000000000000000000000
#
It:223:Diff:19:PSOStep:7:Time:52.949776453:s:AutomataStep:7:Transition:00110100100011000000001011000111111000110100101011010010101010000010100010010101000110000000000101001111000001100011010101011001000101111011011000101011000101011000010101000001001100100100001011011010010100111101010110001000101000000010001000100000001011110101001101001000001010000011110011000100110100000100001000001001001000011011010000011011010110110001111000110000000000000010100000111011000000110000001010110101010000100010100001001110001101110010110110001010000100000010111011000101100001010011100100000110
000000000000000000000
000000000000000000000
000000000000000000000
000000000010000000000
000000000101000000000
000000001110100000000
000000010111010000000
000000111011101000000
000001011101110100000
000011101110111010000
000101010101010101000
000000000000000000000
000000000000000000000
000000000000000000000
000000000000000000000
000000000000000000000
000000000000000000000
000000000000000000000
000000000000000000000
000000000000000000000
000000000000000000000
#
It:247:Diff:19:PSOStep:7:Time:58.296770717:s:AutomataStep:7:Transition:00100100100011000001000010001111111100110100110011010010001010000010100010010001000010000000000101011101000001100011010100010001000101011011001000101011000001011000010101010001001000100100001001101010010100110101000110001100101000000010001000100100001010110101001101001000001010000010110011000100010100000100001000100001001000011011010000011011110110110111111000110001010000010011010100111011000000110000001010110001010000000010100001000110001101110010100010001010000100000010111001000101100000010111100100000110
000000000000000000000
000000000000000000000
000000000000000000000
000000000010000000000
000000000101000000000
000000001110100000000
000000010111010000000
000000111011101000000
000001011101110100000
000011101110111010000
000101010101010101000
000000000000000000000
000000000000000000000
000000000000000000000
000000000000000000000
000000000000000000000
000000000000000000000
000000000000000000000
000000000000000000000
000000000000000000000
000000000000000000000
#
It:249:Diff:18:PSOStep:7:Time:58.729384697:s:AutomataStep:7:Transition:00100100100011000011000110000111111110110000101011010010101000000010100010010101000110100000000100001101000000100001011100000001000101011011001000100011000101011110010001001011001010100000101011101010010100110101000100000110001000000010001000000100001010110101000101001000000010010011111111000100010100000000001110100011001010011011011000011011110110111001111000110000000000000111011000111001000000100001101011110100010000010010101000001111011101110010110010001010000100000000011011001101010000010011110100000110
000000000000000000000
000000000000000000000
000000000000000000000
000000000010000000000
000000000101000000000
000000001110100000000
000000010100010000000
000000101101101000000
000001001000100100000
000011111110111010000
000101000101010101000
000000000000000000000
000000000000000000000
000000000000000000000
000000000000000000000
000000000000000000000
000000000000000000000
000000000000000000000
000000000000000000000
000000000000000000000
000000000000000000000
#
It:274:Diff:17:PSOStep:7:Time:64.210391362:s:AutomataStep:7:Transition:00100100100011000011000110000111111111110000101011010010101000000010100010010101000110100000000100001101000000100011010100000001000101011011001000100111001001011110010001001011101010100000000001101010110100100101000100000100101000000010001000001100011010110101000111101000000010010011111011000100010100001100001110100001001010011011010000011011110110110001111100110000011000010111000100111101000000100001101010110000110000000010001001000111001101110010110010000010000100000000011011001101100100011011110100000110
000000000000000000000
000000000000000000000
000000000000000000000
000000000010000000000
000000000101000000000
000000001110100000000
000000010100010000000
000000101101101000000
000001001000100100000
000011111110111010000
000101010101010101000
000000000000000000000
000000000000000000000
000000000000000000000
000000000000000000000
000000000000000000000
000000000000000000000
000000000000000000000
000000000000000000000
000000000000000000000
000000000000000000000
#
It:482:Diff:17:PSOStep:7:Time:111.2703971:s:AutomataStep:7:Transition:00100100100011000001000110000111111101110000101011010010101000000010100010010101000110100000000101000101100000100011010100000101000101011011001000100011000001011010010001000011001000100100100001101010110000110101000110000100101000000010001000111100001010110101001001001000001010000011111111000100010100000100001000100011001010001011110000011011110100111001111100011010011000000011010100111001000000110000101011110001010000000011001001000110001101110010110010001010000100000000011011001101100000010011110100000110
000000000000000000000
000000000000000000000
000000000000000000000
000000000010000000000
000000000101000000000
000000001110100000000
000000010100010000000
000000101101101000000
000001001000100100000
000011111110111010000
000101010101010101000
000000000000000000000
000000000000000000000
000000000000000000000
000000000000000000000
000000000000000000000
000000000000000000000
000000000000000000000
000000000000000000000
000000000000000000000
000000000000000000000
#
It:484:Diff:17:PSOStep:7:Time:111.698863049:s:AutomataStep:7:Transition:00100100100011000000000010000111111110010100101011010010101000000010100010011101000010100010000101001101100000100011010100100001000100011011000000100111000001001010010001001010001010100100100001101011111100111101000100000100001000000010101000011100011011110001001101001010000010010011111011000100110100001100000010000001001010011011010001011001110110110001111000111000000010000110111100111101000000110000100011111100010000010010001001000111001100010010110010001110000100000000111111000101010100011001110100100010
000000000000000000000
000000000000000000000
000000000000000000000
000000000010000000000
000000000101000000000
000000001110100000000
000000010100010000000
000000101101101000000
000001001100100100000
000011111111111010000
000101010101010101000
000000000000000000000
000000000000000000000
000000000000000000000
000000000000000000000
000000000000000000000
000000000000000000000
000000000000000000000
000000000000000000000
000000000000000000000
000000000000000000000
end
