PSO TRACE
INIT:../../instances/fazia/init.csv
REF:../../instances/fazia/asvn4.csv
DecodingPolicy:CPP
MutationPolicy:Null
ParticleNeighborhood:DynamicGeneralizedEuclideanDistance
ParticleDims:515
ParticleCount:100
AccP:2.0
AccG:2.0
AccL:1.5
AccI:2.3
Pos:0.0-3.0
Inertia:0.9-0.6
VeloMax:2.0
MaxPSOIteration:500
InertiaDecrFactor:6.000000000000001E-4
INIT
000000000000000000000
000000000000000000000
000000000000000000000
000000000000000000000
000000000000000000000
000000000000000000000
000000000000000000000
000000000000000000000
000000000000000000000
000000000000000000000
000000000010000000000
000000000000000000000
000000000000000000000
000000000000000000000
000000000000000000000
000000000000000000000
000000000000000000000
000000000000000000000
000000000000000000000
000000000000000000000
000000000000000000000
REF
000000000000000000000
000000000000000000000
000000000000000000000
000000000010000000000
000000000111000000000
000000001011100000000
000000011011110000000
000000101111111000000
000001100001111100000
000010110010101110000
000110111101110111000
000010110111111010000
000001111111111100000
000000101110101000000
000000011111110000000
000000001010100000000
000000000111000000000
000000000010000000000
000000000000000000000
000000000000000000000
000000000000000000000
Classic CPP Decoder
#
It:0:Diff:43:PSOStep:7:Time:0.118325114:s:AutomataStep:7:Transition:00100011011100011000100001110110100100101110111001110100001010110001110111001100100101111001100111000001011001010001101010110110110101100000100010011000010101011001011010100111111101000100010100001101000111000000011111110111011001001101000001110111101110100110011000001010110101001100100001011111010011011001000110010110000000011111100101111100001000001101101001011001110010110110110000011111110000001010011110000011110011001000000001110110011000110000001101000111110011111110111111011011101110111010001001100111
000000000000000000000
000000000000000000000
000000000000000000000
000000000010000000000
000000000111000000000
000000001111100000000
000000011001000000000
000000100001000000000
000001110001001000000
000011010110101010000
000011110011110011000
000011111110010010000
000000011110101100000
000000000111011000000
000000001100110000000
000000001110100000000
000000000011000000000
000000000010000000000
000000000000000000000
000000000000000000000
000000000000000000000
#
It:9:Diff:30:PSOStep:7:Time:1.124465835:s:AutomataStep:7:Transition:00110001110110010011011111110101111001101011111111110110111101100111110101010111100111101111111111101110101100001101111111101110100111011001111010010100011111111111111101111101101111100111010111111111010101111001101100111111001110010011010101111101111110010110101000010011110111110101101011111110110111101001111100101010001101011011110110010101011101000111111011011110100111111000010100110101110010011010011111111111110011001010011010110011011011110100010101111011001011111110111101110111001101111011101100110111
000000000000000000000
000000000000000000000
000000000000000000000
000000000010000000000
000000000111000000000
000000001111100000000
000000011111110000000
000000111111111000000
000001111111111100000
000011111111111110000
000101111111111111000
000010111111111110000
000001011111111100000
000000110011111000000
000000010110110000000
000000000011100000000
000000000001000000000
000000000010000000000
000000000000000000000
000000000000000000000
000000000000000000000
#
It:19:Diff:23:PSOStep:7:Time:1.823730736:s:AutomataStep:7:Transition:00110111110110011001111110110101110101100011011101000110111111110011110111101111100011111111111111101010111010101101111110111110110111111101111011010000011111111101111110111111101111010111010101111111110111010001111110111111111110011011110101111111110111110111111000010011111111110101101011110101110111101011111100101010001101011111110111110111011101011111111011011110100011111100111100110111110010111010010111101111110010011010011011110001011111110100110101110011101011111110101101110111001111111011100100110111
000000000000000000000
000000000000000000000
000000000000000000000
000000000010000000000
000000000111000000000
000000001111100000000
000000011111110000000
000000111111111000000
000001111111111100000
000011111111111110000
000111111111111111000
000011111111111110000
000001111111111100000
000000111111111000000
000000011111110000000
000000001111100000000
000000000111000000000
000000000010000000000
000000000000000000000
000000000000000000000
000000000000000000000
#
It:33:Diff:17:PSOStep:7:Time:2.782976209:s:AutomataStep:7:Transition:00110011111010011011111111110111101001100010111111110110111111010011110111101101100101111111111111101111111111101111111111101110110111011101110100111000111111111111111111111111101111110111010101101101111111111001101110111111001110010111110101111101111110110110111101110010101111111100101011111111111111111111011110100110001100011111111111110110011101111111111010111111100110111110011000111111110011111011110111111111110011011111101011110111011001110101011101111011001111111111111101111111001101100111000101101111
000000000000000000000
000000000000000000000
000000000000000000000
000000000010000000000
000000000111000000000
000000001111100000000
000000011011110000000
000000111111111000000
000001110110111100000
000011111101111110000
000111111101110111000
000010101110111010000
000001111111111100000
000000101110101000000
000000011101110000000
000000001010100000000
000000000111000000000
000000000010000000000
000000000000000000000
000000000000000000000
000000000000000000000
#
It:178:Diff:12:PSOStep:7:Time:12.650589506:s:AutomataStep:7:Transition:00110011111010011111101111111111101001100010111101100110111111010011111110101100100101111111111111101111101111100111110111111010100111011101010110111100111111111111111011111111101101110111010101011111111111111001101110111111011111110011110101111100111111110110111101110011100111111101001011111110111111110111011110110111011101011110110111110100000001111111111011011111000010111101111101111100110011101011110111111111110011010111101011111011111111110101011101011001001101111111111101111010001101110011001111111111
000000000000000000000
000000000000000000000
000000000000000000000
000000000010000000000
000000000111000000000
000000001011100000000
000000011011110000000
000000101111111000000
000001101111111100000
000010111111111110000
000111111111110111000
000010111111101010000
000001111111111100000
000000101111101000000
000000011111110000000
000000001010100000000
000000000111000000000
000000000010000000000
000000000000000000000
000000000000000000000
000000000000000000000
#
It:406:Diff:10:PSOStep:7:Time:28.089373609:s:AutomataStep:7:Transition:00110011110010011111101101111101101001111010111101100110111111000011111100101100100101111111101110101111111111100110111011111000100111011101010110111100111111111111111011111011101101110111010101011010111111111101101100111111011110110011110101111000101111110110111001110010100110110101001011111111111111100111011110110111011101011100111111100110000001111111110001111111000010111101111101111110110011101011100111111110110011010011101011111010111111110101011101011011001101111111111101111011001101100011001111111111
000000000000000000000
000000000000000000000
000000000000000000000
000000000010000000000
000000000111000000000
000000001011100000000
000000011011110000000
000000101111111000000
000001101011111100000
000010100111111110000
000111111111110111000
000010111111111010000
000001111111111100000
000000101111101000000
000000011111110000000
000000001010100000000
000000000111000000000
000000000010000000000
000000000000000000000
000000000000000000000
000000000000000000000
end
