PSO TRACE
INIT:../../instances/fazia/init.csv
REF:../../instances/fazia/asm4.csv
DecodingPolicy:Nibble
MutationPolicy:Null
ParticleNeighborhood:EDist
ParticleDims:146
ParticleCount:100
AccP:2.0
AccG:2.0
AccL:1.5
AccI:2.3
Pos:0.0-3.0
Inertia:0.9-0.6
VeloMax:2.0
MaxPSOIteration:500
InertiaDecrFactor:6.000000000000001E-4
INIT
000000000000000000000
000000000000000000000
000000000000000000000
000000000000000000000
000000000000000000000
000000000000000000000
000000000000000000000
000000000000000000000
000000000000000000000
000000000000000000000
000000000010000000000
000000000000000000000
000000000000000000000
000000000000000000000
000000000000000000000
000000000000000000000
000000000000000000000
000000000000000000000
000000000000000000000
000000000000000000000
000000000000000000000
REF
000000000000000000000
010000000000000000010
001011111111111111110
000000000000000000000
001011111111111110100
001011111111111110100
001011111111111110100
001011111111111110100
001011111011111110100
001011111101111110100
001011000101111110100
001011000110111110100
001011110111111110100
001011111111111110100
001011111111111110100
001011111111111110100
001011111111111110100
010100000000000001100
001011111111111110010
010000000000000001000
000000000000000000000
Nibble Decoder
#
It:0:Diff:167:PSOStep:9:Time:0.207228679:s:AutomataStep:9:Transition:01100110010000001110000011001110111010001100011001101010110001001000010010001010000011001100110001000110001001101010000011001110011000100100011001100100000010001100111010100010111001001110011010000100010010001100001001000010111010101000110010001110101001100000111011001100111000001110111011100000000010101000011000001010010001001110011010001000001000101110101010001000100000001100101001101110101010100100110011101000110001101000001001001010111001000000011010101100110001100000011010101100001001001010110011001000
000000000000000000000
011000000110000000000
001101100100000000000
010110110100100000000
001100110000000000000
000100000110001000000
001001111101001100000
000110001111000010000
001011101110000110000
000011110100111000100
001000001101100010010
000101100110001111000
001001101000101000000
000110111010110000000
001010000111000000000
000111101100000000000
001010010000000000000
011001000000000000000
001000000000000000000
010000000000000000000
000000000000000000000
#
It:1:Diff:155:PSOStep:5:Time:0.516994082:s:AutomataStep:5:Transition:11101100010010101110101001100000101011100000101000001000100010100000000010100110101000101010100000101010110000100110111001101000001010001100011010100010101011101010110000100000100000100010110011101000000010101000001011100010111000000100000011100010010010101010111001000000101000001010110000100110101011101110100010000000000000100110101010101110111010101000101001001000001010100110110010001010011010001110001000001000000011001110110000100010010011100000011011100110000010101010000000100000000011100010011010001010
111111111111111111111
111111111111111111001
111111111111111110110
111111111111111110011
111111111111111110101
111111111111111110101
111111111111111110101
111111111111111110101
111111011111111110101
111111001111111110101
111110001111111110101
111110111111111110101
111111111111111110101
111111111111111110101
111111111111111110101
111111111111111110101
111111111111111110101
000000000000000001001
111111111111111110000
100000000000000001010
000111111111111110001
#
It:4:Diff:154:PSOStep:5:Time:0.802792182:s:AutomataStep:5:Transition:11101100111011101110101011000010101001000110110001000110110000100000111001101000110000101100110000101100110000101100000001101110001001100000000011001110011011101010100000101010101000100010111000101000011011001000001011100100001001000110111000100010101000101100101000000100110011101100110000100010100000100010010011000110011000100010110000101110111010101100110001000110111011101000110010001100110001101010101000001100010000100100001010101110011000100010111000101100100011001100110000101110101001000010110010001000
111111111111111111111
111111111111111111011
111111111111111111110
111111111111111111100
111111111111111111100
111111111111111111100
111111111111111111100
111111111111111111100
111111111111111111100
111111111111111111100
111111111111111111100
111111100111111111100
111111111111111111100
111111111111111111100
111111111111111111100
111111111111111111100
111111111111111111100
000000000000000000011
111111111111111111011
000000000000000000100
111111111111111111000
#
It:10:Diff:143:PSOStep:8:Time:1.239555815:s:AutomataStep:8:Transition:01001100111010001110100011100010100001000010100011100000110001001000111000100000100011101000110001001000110001001000111011101110010000101010101010001110011001101110011001001110100001000100010011100000000010000110010011100010111000000000100011000100000001001000111000000100100011101000111001001010100011001100100010000000110001001000100000100100000011100110100000001000000010000010100000001000101000001110010000001110101001001110010001000100111000001010001011001110000010001000001001000000101001000100110001101010
000000000000000000000
000000000000000000000
001010101010101010100
001000001010000000000
000001010000000010100
000011000101101100100
001100111001001100100
000001000001110000100
000100001011100110100
000111001010111100100
001000001101010000100
001100000010001000100
001001011001110000100
000000101100011000100
000100000101111000100
000001000100011000100
000101110111011100100
000011001100110011000
001010101010101010100
000000000000000000000
000000000000000000000
#
It:32:Diff:142:PSOStep:8:Time:2.860959028:s:AutomataStep:8:Transition:01001100011011101010100000100100110001001000110011000100110001001100111001000110110010101100100001001100010001001100111011001110010001001100110011000100000011000110100001000000110001000100010001000010111011001100010010100100010000101110110001001100000001001100011001100100101011001100111010101110110001000100110011000100000001001000110000000100010000101110110000001100000011001110110001101100101011000010111010001010010001000100010011000100011001000000111000001100111011001000010010101010010001000100100011001100
000000000000000000000
000000000000000000000
001010101010101010100
000000000000000000000
001000101010101011100
000100010101110010100
001011001000101000100
000000011011010010000
001010000100000000100
000100011011100010100
001001000101101100100
000001010111000000000
001010011011100101100
000100111001001011100
001000101110100110100
000001111000101000000
001010101010101010100
000101010100010100100
001000000000000000100
000000000000000000000
000000000000000000000
#
It:34:Diff:135:PSOStep:8:Time:3.010232133:s:AutomataStep:8:Transition:01001110111011101010100011100010111000100010111001100100111001001000000001001000111011101110111001001110101001001110010001101110010010101100111011100100110010100010001001001100111001000010110010100100011011101110010000101010100001101110110001000100010001001110111011100100111001001110100001001000001011100100101010001110110000001000111001100100111011100100111010100010001011101010111011101110101001000000101011001110010000000110010000000010100000001000010011001110100011101000111001101110111000100100110001101110
000000000000000000000
000000000000000000000
001010101010101010100
001000100010001000000
001000110010001100100
000011000001000100100
001000110001100010100
001000001111110011100
001111101001101100100
000111111011011111100
001110001110101110100
001010101001100101100
001101000101010100100
000101100000100111100
001101101010001001100
001001010000011100100
001110101111101110100
000110011001100110000
001010101010101010100
000000000000000000000
000000000000000000000
#
It:65:Diff:120:PSOStep:8:Time:5.347746955:s:AutomataStep:8:Transition:01001100100011001110110010100100110001001010110011000100110001001100000001001110110011001100110001001100111001001100010001100010010010101110110011000100011010000100010001001100100001000100101011001000110011001100010001000110110011001100011001001110010001001100110000000100110000000100110001000100110000101000100011000100110001001000110011000000110001001110110001100010010000001010110001001100010001000010110011101100010010101000010001001010110010101100010011001100110011000010000011001100110001000100000011001100
000000000000000000000
000000000000000000000
001010101010101010100
000000000000000000000
001111011010111100000
001011000111000010000
001001111010010010100
001000010011000000000
001110011011011000000
001001110100111110000
001101001011000000100
001011001110100100000
001111000010011010000
001011110101111110000
001000110111011000100
001000100010001000000
001110111011101110000
000110011001100110000
001010101010101010100
000000000000000000000
000000000000000000000
#
It:324:Diff:119:PSOStep:8:Time:22.886151759:s:AutomataStep:8:Transition:01001100101011000100110001000100110001001010110000101000110001001100101001000100110011101100110001001100010001001100010011100100010001000100111011000100100001101100100001001100100001001000110011001100010011001100010001001100111001100110110001000110010001001100110001000000110001001110111000001110110000001100101011000110110001001100110001000100001001001110100010101110010001001110110001001100101001000100110011101100010001000100010001000100101001001110001011001100010011001100110000101100100001000100110011000010
000000000000000000000
000000000000000000000
001010101010101010100
000010001000100010000
001000000011101100100
001000100101001100100
001010010000000010100
001001010011000000100
001011111010100110100
001000011101010110100
001010010011100010100
001001001111000010100
001010110010101010100
001000110111100100100
001010001000101110100
001001001001010100100
001010101010101010100
000101100100000000000
001010101010101010100
000000000000000000000
000000000000000000000
#
It:331:Diff:115:PSOStep:8:Time:23.380141134:s:AutomataStep:8:Transition:01001100010011000010110001000010110001000100110011100010011001001100010000100010110000001100001001001100101001001100010000001010010010001000000001100100110011000100011001001010100001001110100010101100010011001100000001000010101011001100111000001100111010101100110010000110110001001110010000101110110001000000101011001100110011101100110010100010101000100000100010100100101001001100110001000010101010000100111001001100010011000100010000001100001001000000101010001100010011000010110001001100011001000100110011001110
000000000000000000000
000000000000000000000
001010101010101010100
000011101110111000000
001011101110100000100
000010000110101010100
001010110010011101100
000011110000010100100
001011111000000110100
000010110000000110100
001010100101111001100
000011111010111100100
001011101000001000100
000010001010101010100
001010111111111010100
000011111111111111100
001011111111111111100
000010101010101010000
001010101010101010100
000000000000000000000
000000000000000000000
end
