PSO TRACE
INIT:../../instances/fazia/init.csv
REF:../../instances/fazia/asvn4.csv
DecodingPolicy:CPP2:CDLE2
MutationPolicy:Std
ParticleNeighborhood:Fixed
ParticleDims:515
ParticleCount:100
AccP:2.0
AccG:2.0
AccL:1.5
AccI:2.3
Pos:0.0-3.0
Inertia:0.9-0.6
VeloMax:2.0
MaxPSOIteration:500
InertiaDecrFactor:6.000000000000001E-4
INIT
000000000000000000000
000000000000000000000
000000000000000000000
000000000000000000000
000000000000000000000
000000000000000000000
000000000000000000000
000000000000000000000
000000000000000000000
000000000000000000000
000000000010000000000
000000000000000000000
000000000000000000000
000000000000000000000
000000000000000000000
000000000000000000000
000000000000000000000
000000000000000000000
000000000000000000000
000000000000000000000
000000000000000000000
REF
000000000000000000000
000000000000000000000
000000000000000000000
000000000010000000000
000000000111000000000
000000001011100000000
000000011011110000000
000000101111111000000
000001100001111100000
000010110010101110000
000110111101110111000
000010110111111010000
000001111111111100000
000000101110101000000
000000011111110000000
000000001010100000000
000000000111000000000
000000000010000000000
000000000000000000000
000000000000000000000
000000000000000000000
Classic CPP Decoder
0 :1,2,3,4,
1 :0,2,3,4,
2 :0,1,3,4,
3 :0,1,2,4,
4 :0,1,2,3,
5 :6,7,8,9,
6 :5,7,8,9,
7 :5,6,8,9,
8 :5,6,7,9,
9 :5,6,7,8,
10 :11,12,13,14,
11 :10,12,13,14,
12 :10,11,13,14,
13 :10,11,12,14,
14 :10,11,12,13,
15 :16,17,18,19,
16 :15,17,18,19,
17 :15,16,18,19,
18 :15,16,17,19,
19 :15,16,17,18,
20 :21,22,23,24,
21 :20,22,23,24,
22 :20,21,23,24,
23 :20,21,22,24,
24 :20,21,22,23,
25 :26,27,28,29,
26 :25,27,28,29,
27 :25,26,28,29,
28 :25,26,27,29,
29 :25,26,27,28,
30 :31,32,33,34,
31 :30,32,33,34,
32 :30,31,33,34,
33 :30,31,32,34,
34 :30,31,32,33,
35 :36,37,38,39,
36 :35,37,38,39,
37 :35,36,38,39,
38 :35,36,37,39,
39 :35,36,37,38,
40 :41,42,43,44,
41 :40,42,43,44,
42 :40,41,43,44,
43 :40,41,42,44,
44 :40,41,42,43,
45 :46,47,48,49,
46 :45,47,48,49,
47 :45,46,48,49,
48 :45,46,47,49,
49 :45,46,47,48,
50 :51,52,53,54,
51 :50,52,53,54,
52 :50,51,53,54,
53 :50,51,52,54,
54 :50,51,52,53,
55 :56,57,58,59,
56 :55,57,58,59,
57 :55,56,58,59,
58 :55,56,57,59,
59 :55,56,57,58,
60 :61,62,63,64,
61 :60,62,63,64,
62 :60,61,63,64,
63 :60,61,62,64,
64 :60,61,62,63,
65 :66,67,68,69,
66 :65,67,68,69,
67 :65,66,68,69,
68 :65,66,67,69,
69 :65,66,67,68,
70 :71,72,73,74,
71 :70,72,73,74,
72 :70,71,73,74,
73 :70,71,72,74,
74 :70,71,72,73,
75 :76,77,78,79,
76 :75,77,78,79,
77 :75,76,78,79,
78 :75,76,77,79,
79 :75,76,77,78,
80 :81,82,83,84,
81 :80,82,83,84,
82 :80,81,83,84,
83 :80,81,82,84,
84 :80,81,82,83,
85 :86,87,88,89,
86 :85,87,88,89,
87 :85,86,88,89,
88 :85,86,87,89,
89 :85,86,87,88,
90 :91,92,93,94,
91 :90,92,93,94,
92 :90,91,93,94,
93 :90,91,92,94,
94 :90,91,92,93,
95 :96,97,98,99,
96 :95,97,98,99,
97 :95,96,98,99,
98 :95,96,97,99,
99 :95,96,97,98,
#
It:0:Diff:68:PSOStep:6:Time:1.5519866:s:AutomataStep:6:Transition:00011011111111111110100111110010111010011110111111010111100010101111110101001111111100111111001111011111011001111111110001111110111100111111111111110111110111111111101111000111110111111111101111100011011110111011111100001111010101111111010110111110101100010100101111111101111011101001111001111111011110011001100111010001011111111101111010010011110100011111111111101111110100111011101100111111111101110111101010001110111111111101110110110111011011010000111111101101010111110110111111110111011111110011101001011100
000000000000000000000
000000000000000000000
000000000000000000000
000000000000000000000
000000000000000010000
000000000111111010000
000000001010011100000
000000011111111100000
000000110011100100000
000001111011010000000
000011110010111000000
000001110111111000000
000011111110110000000
000010111110100000000
000011111110000000000
000000010000000000000
000011000000000000000
000000000000000000000
000000000000000000000
000000000000000000000
000000000000000000000
#
It:1:Diff:60:PSOStep:7:Time:1.901256923:s:AutomataStep:7:Transition:00110011011111111111101100000101111011111110010111111111100111001001111110011001110101011011011111011011111001110011101100110111100111011011111111100011111111111011011100010111011001100001100111101111111110111101111111110110111111110101101101010110101001100111000111111001111101110001111001111110100011111111101111011011110111110110110001100010111011111101101100101011001100111010111101000011110101111001111111011111000101011111110000111111010111011101011010111010000110111110110011001101011101011101111100011110
000000000000000000000
000000000000000000000
000000000000000000000
000000000010000000000
000000000111000000000
000000001111100000000
000000011001110000000
000000010010111000000
000000001001111100000
000000111111001110000
000000011000001111000
000000110010101100000
000001111011010000000
000011011111000000000
000001110110000000000
000011110000000000000
000010000000000000000
000110000000000000000
000000000000000000000
000000000000000000000
000000000000000000000
#
It:2:Diff:48:PSOStep:7:Time:2.189854549:s:AutomataStep:7:Transition:00100011111101011010101100010111101001111110110111111101100010100111001101100011110101011001011010110011111011011110101101011101010000111010011111111110111111111010111111010111011000100111010111000111010111111011011111111111001111110110101111111110001111110101100111111001111101100001111011110101101101011001011001011111111101010010111101010010111001101000100101111001011100100010111100010100111111011111110001010111111101110001000010111111010111001011011111110010111110111010111111011100011101011001111101110010
000000000000000000000
000000000000000000000
000000000000000000000
000000000010000000000
000000000111000000000
000000001111100000000
000000011110110000000
000000111011101000000
000001100111110100000
000011000111011110000
000111110010111011000
000000110001111000000
000000111111100000000
000000110111000000000
000000001100000000000
000000000000000000000
000000000000000000000
000000000000000000000
000000000000000000000
000000000000000000000
000000000000000000000
#
It:9:Diff:35:PSOStep:7:Time:4.004906593:s:AutomataStep:7:Transition:00100011111101111111101100111111101111011111111111111111001110110111001101111011111101011111111110110111111011111110101111111101010000111011011111111110110111111010111111000111011110100001111111001111011111111111011111111111001111111010111011011101101111110101111111111101101111100001111111110111101111111011111101111111111101111111101111110010111001111000101101111111111110111111111110010100111111110111111001011111111101111101000010111111011111110011111111110110111111111010111111111110111101011111010101110111
000000000000000000000
000000000000000000000
000000000000000000000
000000000010000000000
000000000111000000000
000000001101100000000
000000011111110000000
000000111111111000000
000001111110111100000
000011111111111110000
000111011111111111000
000000101111111010000
000001101111111100000
000000011111011000000
000000011001110000000
000000000010000000000
000000000000000000000
000000000000000000000
000000000000000000000
000000000000000000000
000000000000000000000
#
It:20:Diff:34:PSOStep:7:Time:6.823582986:s:AutomataStep:7:Transition:00110011111101111110111100011011101111011111110101111101000010110111001101100011111101011101111110110111111001111110101111111101011010111010011111111110111111111010111111000111011100110111110111100101011111111111011111111111000111011011111111111111001111110101110111111101011111100011101011110111101111011011011001110111111101111001101111110010111001101001100101011111101100110111111110010000111101110111110001011111111101110101010010111111011101000011111111100010111111111010111111111111101101011111011101110110
000000000000000000000
000000000000000000000
000000000000000000000
000000000010000000000
000000000111000000000
000000001111100000000
000000011101010000000
000000111001111000000
000001110111111100000
000011111010100110000
000111111101111111000
000000011101110010000
000000101111110100000
000000001110111000000
000000000101110000000
000000000010000000000
000000000000000000000
000000000000000000000
000000000000000000000
000000000000000000000
000000000000000000000
#
It:21:Diff:32:PSOStep:7:Time:7.077674913:s:AutomataStep:7:Transition:00110011111101101111101101000000101010011110111111111101000110100110001101110011011101011111111110111111111001111110101111111101101010111010011111111110111111111010111100000111011100110111111111100111011111111111011111111111000111011011011101101111001110110101110111111101001111100001101111110111101111111011111001110111111101111011101111110000110001101001100101011001101100111111111110010100101011111111111000011011111101110101010000110111011111100011111011100110111111111010111111111111101111011101011101110110
000000000000000000000
000000000000000000000
000000000000000000000
000000000010000000000
000000000111000000000
000000001111100000000
000000011100110000000
000000111110011000000
000001101110101100000
000011111111100110000
000110111111111111000
000011001111011010000
000000111010111100000
000000111110101000000
000000001111010000000
000000001110100000000
000000000011000000000
000000000010000000000
000000000000000000000
000000000000000000000
000000000000000000000
#
It:30:Diff:31:PSOStep:7:Time:9.335533261:s:AutomataStep:7:Transition:00100001101101101010101101001000101111011110111111111110110010100110001101110011010001011011011110110111111011111010101111110111100110011010011111011111110111111010011100000111111000100000011011001110111110111111111111111101000111111010111101111110110110110101000111111101011101100001101001110100101111011011111001110010110101111110101101010000110001100000100101011110101100111011111011010001101111010011111100011011110100110101011010010111110101000011011111100010111110110011011011111010111101011101011101110110
000000000000000000000
000000000000000000000
000000000000000000000
000000000010000000000
000000000111000000000
000000001100000000000
000000011111110000000
000000111001110000000
000001111011101100000
000010101111111000000
000111111101110111000
000010110101111010000
000001011110110100000
000000101011111000000
000000010111010000000
000000001011100000000
000000000111000000000
000000000010000000000
000000000000000000000
000000000000000000000
000000000000000000000
#
It:31:Diff:29:PSOStep:7:Time:9.607413924:s:AutomataStep:7:Transition:00110011111101011010101100111010101111011111111111111111110010000110001101110011111001011111111110110111111001111010101111111111101110111110010111011111111111111010011100000111111110100000011111011111111110111111111111111011000111111110011101111110111110110101100111111111011111100001101011111111111111011011101001110111110101111010111101010000101000100101100101011101001110110011111110011101101101110111111101010011101100110101001010111111110111000011011111100010111111110011011111111011111101011001011100110110
000000000000000000000
000000000000000000000
000000000000000000000
000000000010000000000
000000000111000000000
000000001101100000000
000000011101110000000
000000111001111000000
000001110001011100000
000011100011111110000
000111111010110011000
000011011111110110000
000001111101111100000
000000100011111000000
000000011111010000000
000000001010100000000
000000000111000000000
000000000010000000000
000000000000000000000
000000000000000000000
000000000000000000000
#
It:32:Diff:27:PSOStep:7:Time:9.843472835:s:AutomataStep:7:Transition:00110001111100111111101100111010101111011101111111101001110110100010001001110010111001011100011110110111101011111010101101111111101100101110010101011111111111111010011100010111111010100000010100011101111110101011110011011001010110111110111101100110111100010101100101111011011010101001101011110110111111010111101011110111111101111110101001010000101001100100100001011110100110111110111101011101101111110000110100000011110100010101011010110011100111111011011111010011111111010011111110111010011101111111011100110010
000000000000000000000
000000000000000000000
000000000000000000000
000000000010000000000
000000000111000000000
000000001111100000000
000000011111110000000
000000111011111000000
000001111011111100000
000011010011100100000
000111101111010111000
000011111011001010000
000001110111011100000
000000101001001000000
000000011111110000000
000000001010100000000
000000000111000000000
000000000010000000000
000000000000000000000
000000000000000000000
000000000000000000000
#
It:35:Diff:24:PSOStep:7:Time:10.535405886:s:AutomataStep:7:Transition:00100001111101111111111100101011101111011111111111100111110110100110001101111000111001011000011110100011101011111110101101111011101110111110010111011111110111111010011101000111101000100101010101011101111111111111110011111001010111111110111111111111101110000101100101111111011101101001101011110110101111011101101001110111100101110011111101010000101000101100100101011110010110110110111100011101101001110100110101010011100100010001011010111111110111000011010111010111111110110011110111111010011100010010011101100110
000000000000000000000
000000000000000000000
000000000000000000000
000000000010000000000
000000000111000000000
000000001110000000000
000000011010100000000
000000111111011000000
000001100111111000000
000010011110101110000
000111110000110111000
000010101110101010000
000001111101111100000
000000101111111000000
000000011111110000000
000000001010100000000
000000000111000000000
000000000010000000000
000000000000000000000
000000000000000000000
000000000000000000000
#
It:39:Diff:24:PSOStep:7:Time:11.547429135:s:AutomataStep:7:Transition:00110101111110111011101101101011111110111110110111111111010111100111111101111111111101011111111010110111111101111011101111011111111010111011011111111110111111111010111001100111011001111111111111101111111111111111111111111101111111111000111111011111001111100111111111111101001111001011101001111100101111111111011111111111111111011011101111011001111011101001011111011111101111110110111110011010111101011101110111111011101101111101110110111111011111011011111111110011101111111111011111111111001111111111011101111101
000000000000000000000
000000000000000000000
000000000000000000000
000000000010000000000
000000000111000000000
000000001011100000000
000000011011110000000
000000101111111000000
000001011111111100000
000010111110111110000
000111111110111011000
000011111101011110000
000001111111011100000
000000111111101000000
000000011111010000000
000000001111100000000
000000000111000000000
000000000010000000000
000000000000000000000
000000000000000000000
000000000000000000000
#
It:40:Diff:18:PSOStep:7:Time:11.729832091:s:AutomataStep:7:Transition:00110101101110111011101101101111010110111110110111111101111011100101101101111111111101011111111010110111111110111111101111011011111010110111011111111110110111111010111101100111011001101111111111101110111111111111011111101101111111111000110111011110001110100111101111101101000111100011101011111100101111111111011111111111110111001011101111010001111011101001011111011111101111100100111110011110110101011111110101111111101101111111100110101111010111011011111011110011101011111111011111111100001111111111011100111011
000000000000000000000
000000000000000000000
000000000000000000000
000000000010000000000
000000000111000000000
000000001011100000000
000000011011110000000
000000101111111000000
000001111001111100000
000010111010111110000
000111111111111110000
000011111101101110000
000001111111111100000
000000111111101000000
000000011111110000000
000000001101100000000
000000000111000000000
000000000010000000000
000000000000000000000
000000000000000000000
000000000000000000000
#
It:49:Diff:18:PSOStep:7:Time:13.843453296:s:AutomataStep:7:Transition:00110111101101111111101101111111111110111110110101111001111011110011001101111011110101011101011011110111111110011110101110111111111000111111011111111111110010111000111101110111011101101111111011101110111111011111011100111111111111111011111111111110101111100111101011111111010111100001111111111111100111111111011111110110110111111111101111011000101011011011101111111111111101111110111110010010101101011010110101111110111101111111101010111111001111011011111111110111101111111111111110110010101111111111011101111111
000000000000000000000
000000000000000000000
000000000000000000000
000000000010000000000
000000000111000000000
000000001111100000000
000000011111110000000
000000101111011000000
000001111010111100000
000010111111111110000
000111111100110111000
000011110101111010000
000001111111111100000
000000111111101000000
000000011111110000000
000000001110100000000
000000000111000000000
000000000010000000000
000000000000000000000
000000000000000000000
000000000000000000000
#
It:60:Diff:16:PSOStep:7:Time:16.383422295:s:AutomataStep:7:Transition:00110011101111111111101101110111111110111110010111111001101011100011101111001011110100011101111011110111111110011111111111111011111010111011011111111101110010111000110101010111011100100111110011111110111111111111011101101111011111111001111110111111101111100101101111111111010111100011101011111101101111111001111111000110110111101111101001010000101001011011101110111111101101111110111110011110101111101111110101011111111101111111100110111111011111111011111011110011101011111111111110111110101010111111011110111011
000000000000000000000
000000000000000000000
000000000000000000000
000000000010000000000
000000000111000000000
000000001001100000000
000000011111110000000
000000100110111000000
000001100011111100000
000010010011101110000
000111111111111111000
000011111011011010000
000001111111111100000
000000111110101000000
000000011111110000000
000000001110100000000
000000000111000000000
000000000010000000000
000000000000000000000
000000000000000000000
000000000000000000000
#
It:85:Diff:15:PSOStep:7:Time:22.055397793:s:AutomataStep:7:Transition:00110011101110111111101100111111111100111110110111111000111011010011001111011010110100011101111011110111111110111111111110011011111010111111011011111110111010111010110100000110011101101111101111111110111011011111011101111111111111011011111101111111101111100111100111101101010111101011101011111111101111111001110111111110110111111101101111011000101001011001001111011111101101101110111110000110100101111101110101011111111101011111100110111111011111111010111011110111101111111111111110110110111111110111010101111111
000000000000000000000
000000000000000000000
000000000000000000000
000000000010000000000
000000000111000000000
000000001011100000000
000000011011110000000
000000101111111000000
000001110101111100000
000010111111111110000
000111111100111111000
000011111101111010000
000001111111111100000
000000111111101000000
000000011111110000000
000000001110100000000
000000000111000000000
000000000010000000000
000000000000000000000
000000000000000000000
000000000000000000000
#
It:117:Diff:14:PSOStep:7:Time:29.042038168:s:AutomataStep:7:Transition:00110011101111111011101101110101111100111111001111111101111011010011111111111011110100111101111011110111111110111111111111111011111011111111011010111100110110111010110000010111011100101111111111101111111011111111011110101101111111011001111111011001100111100101100111100101010101100011111011111110101111111001111101111110110111111111101111111000101001011011100110011111111101111110111110010011101111111111110101011110101101111111100110111111111111111011111111110111111111111110111010111010110111111111011101111111
000000000000000000000
000000000000000000000
000000000000000000000
000000000010000000000
000000000111000000000
000000001011100000000
000000011011110000000
000000101110111000000
000001111011111100000
000010111011101110000
000111111101111111000
000011111101111010000
000001111111111100000
000000111111101000000
000000011111110000000
000000001110100000000
000000000111000000000
000000000010000000000
000000000000000000000
000000000000000000000
000000000000000000000
#
It:202:Diff:12:PSOStep:7:Time:47.707297501:s:AutomataStep:7:Transition:00110011101110111111101101101111111110111010110111011110111011110001101101101011110101111101010011110111111111111111011111111111111011011111001011101000111110111010011101000111011101101111111111111111111011001111111111110001011110011010111111111101101111100011100110101101010111100011111011111110101111111000101101111110110111011101101101110000101011101001101111011111011101001110111110011110110100011101110101111111111101111011100110111111111111111011111111110011111011111011111110111010110111111110011111111111
000000000000000000000
000000000000000000000
000000000000000000000
000000000010000000000
000000000111000000000
000000001011100000000
000000010011110000000
000000101111111000000
000001110001111100000
000010101011111110000
000111111100111111000
000010111101111010000
000001111111111100000
000000101111101000000
000000011111110000000
000000001010100000000
000000000111000000000
000000000010000000000
000000000000000000000
000000000000000000000
000000000000000000000
#
It:217:Diff:12:PSOStep:7:Time:51.035420027:s:AutomataStep:7:Transition:00110111111110101111101101101101111110111010111110011100111011110011101101111101110101111100111011110111111111111111011111111111111011011111001111001000111110111110011101010110011101101111111111111111111111101111111111110101011110011000111111111001101111100011100110100101010101000001011011111110101111111001101101111100110111011101101101111000101011101011101111011110110101011110111110010110110100011101110101111111111101111010001110111111111111111010111111110111111010110011110110111110111111111110011111111111
000000000000000000000
000000000000000000000
000000000000000000000
000000000010000000000
000000000111000000000
000000001011100000000
000000011011110000000
000000111111111000000
000001101101111100000
000010110111111110000
000111111100111111000
000010111101111010000
000001111111111100000
000000101111101000000
000000011111110000000
000000001010100000000
000000000111000000000
000000000010000000000
000000000000000000000
000000000000000000000
000000000000000000000
#
It:221:Diff:11:PSOStep:7:Time:51.771396083:s:AutomataStep:7:Transition:00110111101110111010101101111101100110111010011111011000110011110011101101101111110101111101111011110111111110111111111111111011111010101111001011101000111110111010011101010110011101101111111111111111111011001111011101111011111110111000111110111101001111100011000100111101010101011001011011111111101110110001101101101101110111110101101111110001101001011011001111011110010101011100111111011110110100011100110101110010101101111011000110111111111111111011111010110111111010110011110110111110111111110100011111111111
000000000000000000000
000000000000000000000
000000000000000000000
000000000010000000000
000000000111000000000
000000001011100000000
000000011011110000000
000000101111111000000
000001110101111100000
000010111011111110000
000111111100111111000
000010111101111010000
000001111111111100000
000000101111101000000
000000011111110000000
000000001010100000000
000000000111000000000
000000000010000000000
000000000000000000000
000000000000000000000
000000000000000000000
#
It:282:Diff:10:PSOStep:7:Time:64.480307331:s:AutomataStep:7:Transition:00100011101111111010101101101101111110111010001111011001110011110001101101110110110101111101111011110111111111111011110011110001111110101111001011101000010111111110011101000110011100100111101111110111111111001011111101100011011110011000110110111101011011010011000110111101010100111001011011111101101110110010111101111101110111110101101111010001101001010001000101011111010101000110101101011110110100011100110101111010111101111010100110111111111111111001111011010111111010111011110110110110100101110100011111111111
000000000000000000000
000000000000000000000
000000000000000000000
000000000010000000000
000000000111000000000
000000001011100000000
000000011111110000000
000000111111111000000
000001000011111100000
000010111011111110000
000110111111111111000
000010110111111010000
000001111111111100000
000000101111101000000
000000011111110000000
000000001010100000000
000000000111000000000
000000000010000000000
000000000000000000000
000000000000000000000
000000000000000000000
#
It:292:Diff:9:PSOStep:7:Time:66.558743205:s:AutomataStep:7:Transition:00100011101110111111101101101111111110111010010110010000111011110001101111110110110101111101011011110011111111111111010011111001111110101011001011101000110111111010010101000110011101100111101111110111111111001111111101100111011110011010110111110111001011000011100110111101010111111001011001111111101111110110111101101101110111111101101111110001101011011001001101011111111101011100111100010110110100011100110101111011111101111011100110111111111111111001111111010111111010111011010110010110110111110110011111111111
000000000000000000000
000000000000000000000
000000000000000000000
000000000010000000000
000000000111000000000
000000001011100000000
000000010011110000000
000000101111111000000
000001110001111100000
000010110011111110000
000110111100111111000
000010111101111010000
000001111111111100000
000000101111101000000
000000011111110000000
000000001010100000000
000000000111000000000
000000000010000000000
000000000000000000000
000000000000000000000
000000000000000000000
#
It:432:Diff:8:PSOStep:7:Time:95.731434055:s:AutomataStep:7:Transition:00100111101110111111101101101111111110111010010110010001110001110011101101111110110101111101111011110111111111011111010111111001111111101011001011101000111011111010010101001111011101100111101111110111111111001111111101100111011110011010110111110111101011000011100110111101010101101001011001111111101111110010111101101111110111111101101111010001101011011011000111011111111101001110111110010110110101011100110101111011111101111011101110111111111011111001111111010111111111110011110110110110110101111110011111111111
000000000000000000000
000000000000000000000
000000000000000000000
000000000010000000000
000000000111000000000
000000001011100000000
000000011011110000000
000000101111111000000
000001110101111100000
000010110011111110000
000110111100111111000
000010110101111010000
000001111111111100000
000000101111101000000
000000011111110000000
000000001010100000000
000000000111000000000
000000000010000000000
000000000000000000000
000000000000000000000
000000000000000000000
#
It:435:Diff:7:PSOStep:7:Time:96.399207445:s:AutomataStep:7:Transition:00100011101111111011101101101110111110111010011111011001110011110001100001111111110101111101010001110111111111111011010011111011111110101011001011101000111011111010111100000110011010100111101111110111111111001111111101100011011110011010110110111101001111000011000110101101010100101000011011111111101110010010111111101101110111110101101111111001101011010011000101011111111100001110111101011110110101011100110101111010111101111011100110111111111011111001111110010111111010110011010110111110100101111110011111111101
000000000000000000000
000000000000000000000
000000000000000000000
000000000010000000000
000000000111000000000
000000001011100000000
000000010011110000000
000000101111111000000
000001110001111100000
000010110010111110000
000111111101111111000
000010110101111010000
000001111111111100000
000000101111101000000
000000011111110000000
000000001010100000000
000000000111000000000
000000000010000000000
000000000000000000000
000000000000000000000
000000000000000000000
#
It:450:Diff:7:PSOStep:7:Time:99.635059938:s:AutomataStep:7:Transition:00100111101110111110101101101111111110111010011111110010111011110011101101111111110001111101111011110111111111111011010011111011111110101111011011111100111011111010011101010110011111101111101111111111111111101111111101111011111110011010111110111111001111000111000110101101010101101001011011111111101111110010111111101111110001110101101111110001101011110011000111011111111100001110111110010110110101011100110101111011111101111011100110111111111011111001111111110011111110110011010110111010110101110110011111111101
000000000000000000000
000000000000000000000
000000000000000000000
000000000010000000000
000000000111000000000
000000001011100000000
000000011011110000000
000000101111111000000
000001110101111100000
000010110010111110000
000111111101111111000
000010110101111010000
000001111111111100000
000000101111101000000
000000011111110000000
000000001010100000000
000000000111000000000
000000000010000000000
000000000000000000000
000000000000000000000
000000000000000000000
#
It:493:Diff:7:PSOStep:7:Time:108.725597348:s:AutomataStep:7:Transition:00100111101110111110101100001111111110111010011011110000110011110011101101111110110101111101111011110111111111111011010011111010111110001110011011111100111011111010011101010110011111101011101111111110111111101111111111111011011110011010111110111111001111000111000110111101010101101001011011111111101110111010111111111111110001110101101111110001101011110011000111011110111100001110111100011110110100011100110101111011111101111011100110111111011011111001111111110011111110110011010110111110110101110110011110111101
000000000000000000000
000000000000000000000
000000000000000000000
000000000010000000000
000000000111000000000
000000001011100000000
000000011011110000000
000000101111111000000
000001110101111100000
000010110010111110000
000111111101111111000
000010110101111010000
000001111111111100000
000000101111101000000
000000011111110000000
000000001010100000000
000000000111000000000
000000000010000000000
000000000000000000000
000000000000000000000
000000000000000000000
end
