PSO TRACE
INIT:../../instances/fazia/init.csv
REF:../../instances/fazia/asvn4.csv
DecodingPolicy:CPP2:CDLE2
MutationPolicy:Std
ParticleNeighborhood:Fixed
ParticleDims:515
ParticleCount:100
AccP:2.0
AccG:2.0
AccL:1.5
AccI:2.3
Pos:0.0-3.0
Inertia:0.9-0.6
VeloMax:2.0
MaxPSOIteration:500
InertiaDecrFactor:6.000000000000001E-4
INIT
000000000000000000000
000000000000000000000
000000000000000000000
000000000000000000000
000000000000000000000
000000000000000000000
000000000000000000000
000000000000000000000
000000000000000000000
000000000000000000000
000000000010000000000
000000000000000000000
000000000000000000000
000000000000000000000
000000000000000000000
000000000000000000000
000000000000000000000
000000000000000000000
000000000000000000000
000000000000000000000
000000000000000000000
REF
000000000000000000000
000000000000000000000
000000000000000000000
000000000010000000000
000000000111000000000
000000001011100000000
000000011011110000000
000000101111111000000
000001100001111100000
000010110010101110000
000110111101110111000
000010110111111010000
000001111111111100000
000000101110101000000
000000011111110000000
000000001010100000000
000000000111000000000
000000000010000000000
000000000000000000000
000000000000000000000
000000000000000000000
Classic CPP Decoder
0 :1,2,3,4,
1 :0,2,3,4,
2 :0,1,3,4,
3 :0,1,2,4,
4 :0,1,2,3,
5 :6,7,8,9,
6 :5,7,8,9,
7 :5,6,8,9,
8 :5,6,7,9,
9 :5,6,7,8,
10 :11,12,13,14,
11 :10,12,13,14,
12 :10,11,13,14,
13 :10,11,12,14,
14 :10,11,12,13,
15 :16,17,18,19,
16 :15,17,18,19,
17 :15,16,18,19,
18 :15,16,17,19,
19 :15,16,17,18,
20 :21,22,23,24,
21 :20,22,23,24,
22 :20,21,23,24,
23 :20,21,22,24,
24 :20,21,22,23,
25 :26,27,28,29,
26 :25,27,28,29,
27 :25,26,28,29,
28 :25,26,27,29,
29 :25,26,27,28,
30 :31,32,33,34,
31 :30,32,33,34,
32 :30,31,33,34,
33 :30,31,32,34,
34 :30,31,32,33,
35 :36,37,38,39,
36 :35,37,38,39,
37 :35,36,38,39,
38 :35,36,37,39,
39 :35,36,37,38,
40 :41,42,43,44,
41 :40,42,43,44,
42 :40,41,43,44,
43 :40,41,42,44,
44 :40,41,42,43,
45 :46,47,48,49,
46 :45,47,48,49,
47 :45,46,48,49,
48 :45,46,47,49,
49 :45,46,47,48,
50 :51,52,53,54,
51 :50,52,53,54,
52 :50,51,53,54,
53 :50,51,52,54,
54 :50,51,52,53,
55 :56,57,58,59,
56 :55,57,58,59,
57 :55,56,58,59,
58 :55,56,57,59,
59 :55,56,57,58,
60 :61,62,63,64,
61 :60,62,63,64,
62 :60,61,63,64,
63 :60,61,62,64,
64 :60,61,62,63,
65 :66,67,68,69,
66 :65,67,68,69,
67 :65,66,68,69,
68 :65,66,67,69,
69 :65,66,67,68,
70 :71,72,73,74,
71 :70,72,73,74,
72 :70,71,73,74,
73 :70,71,72,74,
74 :70,71,72,73,
75 :76,77,78,79,
76 :75,77,78,79,
77 :75,76,78,79,
78 :75,76,77,79,
79 :75,76,77,78,
80 :81,82,83,84,
81 :80,82,83,84,
82 :80,81,83,84,
83 :80,81,82,84,
84 :80,81,82,83,
85 :86,87,88,89,
86 :85,87,88,89,
87 :85,86,88,89,
88 :85,86,87,89,
89 :85,86,87,88,
90 :91,92,93,94,
91 :90,92,93,94,
92 :90,91,93,94,
93 :90,91,92,94,
94 :90,91,92,93,
95 :96,97,98,99,
96 :95,97,98,99,
97 :95,96,98,99,
98 :95,96,97,99,
99 :95,96,97,98,
#
It:0:Diff:61:PSOStep:5:Time:1.952445264:s:AutomataStep:5:Transition:00110011011111111100011111010101101010101100111100101011101100010101101110011001101001101110011101111111111001101100110100111101111010110001011110000001010001100000100110111111101100101110101100011001110111011100001001010110011010101011110111100010101101000000110111101000110010100011001011011010101111011100101111110000001110110101010111100110010001111000110101111111011110111011111011110011111111100101010110001111111111111011111000110001101101110001111111100010101011110001110111111100100000001100111111111110
000000000000000000000
000000000000000000000
000000000000000000000
000000000000000000000
000000000000000000000
000000000010000000000
000000000111000000000
000000001111100000000
000000001010110000000
000000000010001000000
000000000111111100000
000000001111111000000
000000001110110000000
000000001010100000000
000000000111000000000
000000000010000000000
000000000000000000000
000000000000000000000
000000000000000000000
000000000000000000000
000000000000000000000
#
It:1:Diff:49:PSOStep:7:Time:2.492138109:s:AutomataStep:7:Transition:00110001110111100100010011100100100110100101111011110001001100100100101110010001101001101001001111100101110000111110100100101001111010100000010011101101000010000000101000101001100000000011001100111000000001011010000101010100001000001001110101100000001000000001110011000110011011001010000001000000101100011010011111110100001111101000100011110110001001010000110101111111001110010010100101100111011100100000000110011110010100010101100010101001110010010001001011111000101010101101000110110001001001001000000011110110
000000000000000000000
000000000000000000000
000000000000000000000
000000000010000000000
000000000101000000000
000000001010100000000
000000011011010000000
000000110101101000000
000001011010110100000
000010100000011100000
000101011000001111000
000010010000000000000
000000101011000000000
000000001100000000000
000000011100110000000
000000001010000000000
000000000110000000000
000000000010000000000
000000000000000000000
000000000000000000000
000000000000000000000
#
It:12:Diff:45:PSOStep:7:Time:5.624548855:s:AutomataStep:7:Transition:00100011100001010110011011010110101110000100111100101111011100110101101110001000011011101101010001110110011101001010010000110101111010100001011111100011010000101000000100001001100100111000001100010000111100011000111001010101011000101011110101100010001111000000100101111100110010000001011110111100101000011010001011110000111101110000000010000001010011110011101101100101111010111000010010100111101100100101000110011111100100110011110000111001111101100001001110100010110110110001010110010001101011001011011011001000
000000000000000000000
000000000000000000000
000000000000000000000
000000000010000000000
000000000101000000000
000000000010000000000
000000001111010000000
000000111111001000000
000000101111110000000
000000011100011010000
000111110100100001000
000000110011111010000
000001110110000100000
000000110110011000000
000000000111110000000
000000001111100000000
000000000111000000000
000000000010000000000
000000000000000000000
000000000000000000000
000000000000000000000
#
It:16:Diff:35:PSOStep:7:Time:6.616072156:s:AutomataStep:7:Transition:00110011100101110110111111010111101101001100111100101111011100110100100110111010101110111111110101110011111111001110110110110111111011101101011111101011011001111110110011111001100111111000101111010001111100001111111001011101111001111101110111001010001111000100110111011101111101000011011011111100101010111000001101110011111111111010100110100010110011110110110101110011111110111010110110101111111011111011111111011110010101110011111000111101110111111001101111111110110111111001010111111001111011001110111111111000
000000000000000000000
000000000000000000000
000000000000000000000
000000000010000000000
000000000101000000000
000000000111100000000
000000011111010000000
000000110011111000000
000001100111111000000
000011001110001010000
000110011101101101000
000010011011011110000
000001111111101000000
000000101010101000000
000000011011110000000
000000001101100000000
000000000110000000000
000000000010000000000
000000000000000000000
000000000000000000000
000000000000000000000
#
It:25:Diff:33:PSOStep:7:Time:8.827988628:s:AutomataStep:7:Transition:00110111110111110110111111010111101111101101111000111111011100110111100110111111111110111111110101110111111011101110110110100111111011101111001111101011011011111011111111111111101111111011111111110101110111011111111001111100111001111111110111101011011011000101110111011101111110001011111111110110101110111000100111110111011111111010110110100111010111111011111101110011111110011110110110110111111111111110111111111110111110110011110000111101111111111001111110111110110111111001110111111011111011000111111111111100
000000000000000000000
000000000000000000000
000000000000000000000
000000000010000000000
000000000101000000000
000000001110100000000
000000011110010000000
000000110111101000000
000001101010100100000
000011001111111110000
000110010111011111000
000010110110100110000
000001111111111100000
000000101111111000000
000000011111110000000
000000001011100000000
000000000111000000000
000000000010000000000
000000000000000000000
000000000000000000000
000000000000000000000
#
It:30:Diff:24:PSOStep:7:Time:10.059799494:s:AutomataStep:7:Transition:00110101110111111111111111110001101111101001111001111111011100110110110110111011111111011111101101111111111111111110110111100101111011101101011111111011111011111100110011011011101110111110101111110111110111111111111001111110100111111111110111000010001011000110110111111100111111011011011011011100101111111110000111110111011111110011101111100111101111011110111101110011111110111110110110000111111111111111111111011111011101111101110000111101110111111001111110110010110111111011010111101011011111000110111111111000
000000000000000000000
000000000000000000000
000000000000000000000
000000000010000000000
000000000111000000000
000000001110100000000
000000011011110000000
000000110111101000000
000001100111001100000
000011100110101010000
000110011111111111000
000011110111111110000
000001101011111100000
000000101101101000000
000000011111110000000
000000001001100000000
000000000111000000000
000000000010000000000
000000000000000000000
000000000000000000000
000000000000000000000
#
It:36:Diff:24:PSOStep:7:Time:11.595834465:s:AutomataStep:7:Transition:00110111110111111111111111010001101111101001111001111111011100110110101110111110111111011111101101111111111011111110100110100101111011101111001111111011111011111101110111011011101110111110111111110101110111111111111001101110101101111111110111100011001011000100110111111110111111011011111011011101111111111100010111111111011111111010111111110111100111011111111101110011111110011110110110010111111111111010111111111110011111111011110010111001110111110001011111111111110111111011110111101011011111000110111111011001
000000000000000000000
000000000000000000000
000000000000000000000
000000000010000000000
000000000111000000000
000000001111100000000
000000011011110000000
000000111111111000000
000001110111111100000
000011111111111110000
000111111110001111000
000010111011111110000
000001111111011100000
000000101111111000000
000000011101110000000
000000001011100000000
000000000111000000000
000000000010000000000
000000000000000000000
000000000000000000000
000000000000000000000
#
It:41:Diff:24:PSOStep:7:Time:12.817893629:s:AutomataStep:7:Transition:00110111110011011111111111010001101111101001111001111111011100110110101110111110111101011111111101111111111111111110100110100101110011101111000111111011111011111101110111111011101110111110111111110101111110111111111001101110101110111111110101101011001001000110100111111110111111011011111011011101111111111100010111111111011111111000111111110111100111010011111101110011111110011110110111110111011111110111011111101111111101111111110010111001110111110001001111111111110011111011111111101011011111000100111111011011
000000000000000000000
000000000000000000000
000000000000000000000
000000000010000000000
000000000111000000000
000000001011100000000
000000010111010000000
000000101100111000000
000001100111011100000
000010010111101110000
000110011111111011000
000010010011111110000
000001110101111100000
000000101111111000000
000000011110110000000
000000001011100000000
000000000111000000000
000000000010000000000
000000000000000000000
000000000000000000000
000000000000000000000
#
It:44:Diff:22:PSOStep:7:Time:13.546546784:s:AutomataStep:7:Transition:00110111110111111111111111000001101111101001111101111111011110110110100110111110111100011111111101110110111011111110100110110101110011101111001111101011111011111101110011011011101110111111111111110101110110011111111101001110101000111111110111100011001001000110110111111111111111001011111011011101111111111100010111101111011111111000111111100111100111010011010101110011111110111101110110011111111011111110011111001111011101111001111010111001110111110001001111111111110011111111110111101011011111000110111111010001
000000000000000000000
000000000000000000000
000000000000000000000
000000000010000000000
000000000111000000000
000000001111100000000
000000011011110000000
000000111111111000000
000001101001111100000
000011010001101110000
000110000101011111000
000011110001110010000
000001111110111100000
000000111111001000000
000000011011110000000
000000001110100000000
000000000111000000000
000000000010000000000
000000000000000000000
000000000000000000000
000000000000000000000
#
It:47:Diff:21:PSOStep:7:Time:14.268100763:s:AutomataStep:7:Transition:00100111110111111111111111100111101111101001111110111111011010110110101110111110101001111111101111110111111011111110110110100101110011101101000111101011111001111100110011111011101110011110111111111001110111011111111001001100110101111111110111100011001001000110010111111110111111001010111011111100111111111100011011111111111111110010101111100111100111111011110101111101111110011100110110111111011111111011011110001111011100110101111010111101110110110001011111101111110111111011110111111001011111000101111111111001
000000000000000000000
000000000000000000000
000000000000000000000
000000000010000000000
000000000111000000000
000000001111100000000
000000011011110000000
000000111111111000000
000001110001111100000
000011110011111110000
000111111101101111000
000010111100101110000
000001111100011100000
000000101111011000000
000000011111110000000
000000001011100000000
000000000111000000000
000000000010000000000
000000000000000000000
000000000000000000000
000000000000000000000
#
It:61:Diff:20:PSOStep:7:Time:17.698742369:s:AutomataStep:7:Transition:00100101110111111111111111100001101111101001111001111111011000110110100110111111111111011111101101111111111011111110100110100101110011101111000111111011111001111101110111011011101100111110111111110101110111111111111001101110100101111111110111100011001011000110010111111110111111011011111011011101111111111100010111101111011111111010111111110111100111011011111101110011111110011110110110011111111011111010111111001111011101111101110010111001110111111001011111111111110111111011110111111011011111000100111111011001
000000000000000000000
000000000000000000000
000000000000000000000
000000000010000000000
000000000111000000000
000000001111100000000
000000011011110000000
000000111111111000000
000001110111111100000
000011111111111110000
000111111101111111000
000010111011011110000
000001111111101100000
000000101011101000000
000000011111110000000
000000001011100000000
000000000111000000000
000000000010000000000
000000000000000000000
000000000000000000000
000000000000000000000
#
It:67:Diff:20:PSOStep:7:Time:19.181768528:s:AutomataStep:7:Transition:00100111110111111111111111100001101111101001111001111111011000110111101110111110111101011111101101110111111011111110100110100001110011101111000111111111011001111101110011111011101100111110111111111101111110011111111001101110101101111111110111101011001001000110100111111110111111001010011011011000111111111100010111101111011111110010111111100111100110000011111100110011111110011100110111111111111011111010111110101111011111111001110000101101110111110001001111111111110011111011110111111000011111000100111111011001
000000000000000000000
000000000000000000000
000000000000000000000
000000000010000000000
000000000111000000000
000000001111100000000
000000011011110000000
000000111111111000000
000001110111111100000
000011111111111110000
000111111101110111000
000010111111110010000
000001111111111100000
000000101001111000000
000000011101010000000
000000001011100000000
000000000111000000000
000000000010000000000
000000000000000000000
000000000000000000000
000000000000000000000
#
It:74:Diff:18:PSOStep:7:Time:20.915751503:s:AutomataStep:7:Transition:00110111110111111111111111101001101111101001110001111111011000110110101110111011111101011111101100110111111011111010100110100101110011001101000111101011111001110101110101111001101100111110101111110101111111011011111001111110101101111111110111100011001011000110000111111110110111001011111011011100111111111100011111111111111111111010111111100110100111011011110101110111111110011110110111110111110111111010011101100101011101111101111000101101110111111001011111111111110011111011111111111001011111000100111111111011
000000000000000000000
000000000000000000000
000000000000000000000
000000000010000000000
000000000111000000000
000000001111100000000
000000011011110000000
000000111111111000000
000001110111111100000
000011110101111110000
000111111101111111000
000010111101111110000
000001111111111100000
000000101101101000000
000000011111110000000
000000001011100000000
000000000111000000000
000000000010000000000
000000000000000000000
000000000000000000000
000000000000000000000
#
It:79:Diff:17:PSOStep:7:Time:22.066684516:s:AutomataStep:7:Transition:00100111110111111111111111000001101111101001111001111111011000110110100110110011111111011111101100110111111011111110100110100001110011101101000111111011111001110101110001111011101100111110111111110101111111011111101001111110101101111111110111100011001001000110010111111110110111001011111011011101111111111100011111111111111111111010111111100111100111011011110101110011111110011110110110111111111111111010011111101111000101111101110000101101110111111001001111111111110111111011010111101001011111000100111111010001
000000000000000000000
000000000000000000000
000000000000000000000
000000000010000000000
000000000111000000000
000000001111100000000
000000011011110000000
000000111111111000000
000001110001111100000
000011110010111110000
000111111001100111000
000010111010111110000
000001111110100100000
000000101100101000000
000000011111110000000
000000001011100000000
000000000111000000000
000000000010000000000
000000000000000000000
000000000000000000000
000000000000000000000
#
It:179:Diff:16:PSOStep:7:Time:46.382374696:s:AutomataStep:7:Transition:00110101110111111101111111000001101111101001111001111110001000110110100110111011111111011111111100110111111011111100100110110000111011101101000111111011111001110111010101111001101110111111101111111011110111011111101001111100101101111111110101101011001011000110010111111110111111011011111011011101111111111100011111111111011111110001101111100111000111001010010101110011101110111110110111010111111111111000011111101111010101111101111000101101110111111001001111111111110111111011111111101011011111000100101111010011
000000000000000000000
000000000000000000000
000000000000000000000
000000000010000000000
000000000111000000000
000000001111100000000
000000011011110000000
000000111110111000000
000001110101111100000
000011111111101110000
000111111100111111000
000010110111110010000
000001111111111100000
000000101010011000000
000000011111110000000
000000001010100000000
000000000111000000000
000000000010000000000
000000000000000000000
000000000000000000000
000000000000000000000
#
It:189:Diff:15:PSOStep:7:Time:48.841955768:s:AutomataStep:7:Transition:00110111110111111111111111000001101111101001111001111110111000110110100110111111111110011111111101110110111011111100100110110100111011101111000111111011111011110111110111111011101110111111111111110011110011011111111001111100001101111111110101101111011011000110000111110110111111011011111011011101111111111100010111111111111111111001111111110111000111000011110101110111101010011100110111110111111110111000111111101111001101111101110000101101110111111001001111111111110111111011111111101011011111000101101111011011
000000000000000000000
000000000000000000000
000000000000000000000
000000000010000000000
000000000111000000000
000000001111100000000
000000011011110000000
000000110111111000000
000001101011111100000
000011111011111110000
000111111101100111000
000010111111111010000
000001111111101100000
000000101111101000000
000000011111110000000
000000001011100000000
000000000111000000000
000000000010000000000
000000000000000000000
000000000000000000000
000000000000000000000
#
It:277:Diff:15:PSOStep:7:Time:69.795273599:s:AutomataStep:7:Transition:00110111111111111111111111000001101111101001111001111111011000110110100110111011101110011111111100110110111011111110110110110100111011101011001111111011111001110110010101011001101110111111101111110011110011011111101001101100101111111111110101101110011001000110000111111110111111011011111011010100111111111100011111011111111111111000101111100111000111000011110101110011101010011100110111010111111111111000011111101111001101111101110010101101110111111001001111011111110111111011111111111011011111000101101111011011
000000000000000000000
000000000000000000000
000000000000000000000
000000000010000000000
000000000111000000000
000000001111100000000
000000011011110000000
000000110111111000000
000001101011111100000
000011111011111110000
000111111101100111000
000010111111111010000
000001111111101100000
000000101111101000000
000000011111110000000
000000001011100000000
000000000111000000000
000000000010000000000
000000000000000000000
000000000000000000000
000000000000000000000
#
It:376:Diff:14:PSOStep:7:Time:93.631330919:s:AutomataStep:7:Transition:00110111111111111101111111000001101111101001111001111111011000110110100110011011101110011111111100110110111011111100100110110100111011101011001111111011111010110110010101011001101110111111101111110011110011011111101001001100001111111111110101101110011011000110000111111110111111011011111011011100111111111100011111011111111111111000111111100111000111000011110101110011101010010110110111010111111110111010011111001111001101111101110010101101110111111001001110011111110111111011111111111011011111000101101111010011
000000000000000000000
000000000000000000000
000000000000000000000
000000000010000000000
000000000111000000000
000000001111100000000
000000011011110000000
000000110111111000000
000001101011111100000
000011111011101110000
000111111101100111000
000010111111111010000
000001111111101100000
000000101111101000000
000000011111110000000
000000001011100000000
000000000111000000000
000000000010000000000
000000000000000000000
000000000000000000000
000000000000000000000
#
It:382:Diff:13:PSOStep:7:Time:95.103779812:s:AutomataStep:7:Transition:00100111111111111101111111000001101101101001111001111111011010110110101110111011101110011111111100110110111011111100100110100101111011101001000111111011111000110100010001011001101110111111101111110011110011011111111001001100001111111111110101101110011001000110000101111110111111001011111011011100111111111100010111001111111111111000001111100111000111000011110101110011101110010100110111010111111111111000011111001110011100111101111010101101110111110001001111011111110111111011111111111001011111000101101111010011
000000000000000000000
000000000000000000000
000000000000000000000
000000000010000000000
000000000111000000000
000000001111100000000
000000011011110000000
000000110111111000000
000001101011111100000
000011111011101110000
000111111101100111000
000010111111111010000
000001111111101100000
000000101110101000000
000000011111110000000
000000001011100000000
000000000111000000000
000000000010000000000
000000000000000000000
000000000000000000000
000000000000000000000
end
