PSO TRACE
INIT:../../instances/fazia/init.csv
REF:../../instances/fazia/asvn4.csv
DecodingPolicy:CPP2:CDLE2
MutationPolicy:Std
ParticleNeighborhood:Fixed
ParticleDims:515
ParticleCount:100
AccP:2.0
AccG:2.0
AccL:1.5
AccI:2.3
Pos:0.0-3.0
Inertia:0.9-0.6
VeloMax:2.0
MaxPSOIteration:500
InertiaDecrFactor:6.000000000000001E-4
INIT
000000000000000000000
000000000000000000000
000000000000000000000
000000000000000000000
000000000000000000000
000000000000000000000
000000000000000000000
000000000000000000000
000000000000000000000
000000000000000000000
000000000010000000000
000000000000000000000
000000000000000000000
000000000000000000000
000000000000000000000
000000000000000000000
000000000000000000000
000000000000000000000
000000000000000000000
000000000000000000000
000000000000000000000
REF
000000000000000000000
000000000000000000000
000000000000000000000
000000000010000000000
000000000111000000000
000000001011100000000
000000011011110000000
000000101111111000000
000001100001111100000
000010110010101110000
000110111101110111000
000010110111111010000
000001111111111100000
000000101110101000000
000000011111110000000
000000001010100000000
000000000111000000000
000000000010000000000
000000000000000000000
000000000000000000000
000000000000000000000
Classic CPP Decoder
0 :1,2,3,4,
1 :0,2,3,4,
2 :0,1,3,4,
3 :0,1,2,4,
4 :0,1,2,3,
5 :6,7,8,9,
6 :5,7,8,9,
7 :5,6,8,9,
8 :5,6,7,9,
9 :5,6,7,8,
10 :11,12,13,14,
11 :10,12,13,14,
12 :10,11,13,14,
13 :10,11,12,14,
14 :10,11,12,13,
15 :16,17,18,19,
16 :15,17,18,19,
17 :15,16,18,19,
18 :15,16,17,19,
19 :15,16,17,18,
20 :21,22,23,24,
21 :20,22,23,24,
22 :20,21,23,24,
23 :20,21,22,24,
24 :20,21,22,23,
25 :26,27,28,29,
26 :25,27,28,29,
27 :25,26,28,29,
28 :25,26,27,29,
29 :25,26,27,28,
30 :31,32,33,34,
31 :30,32,33,34,
32 :30,31,33,34,
33 :30,31,32,34,
34 :30,31,32,33,
35 :36,37,38,39,
36 :35,37,38,39,
37 :35,36,38,39,
38 :35,36,37,39,
39 :35,36,37,38,
40 :41,42,43,44,
41 :40,42,43,44,
42 :40,41,43,44,
43 :40,41,42,44,
44 :40,41,42,43,
45 :46,47,48,49,
46 :45,47,48,49,
47 :45,46,48,49,
48 :45,46,47,49,
49 :45,46,47,48,
50 :51,52,53,54,
51 :50,52,53,54,
52 :50,51,53,54,
53 :50,51,52,54,
54 :50,51,52,53,
55 :56,57,58,59,
56 :55,57,58,59,
57 :55,56,58,59,
58 :55,56,57,59,
59 :55,56,57,58,
60 :61,62,63,64,
61 :60,62,63,64,
62 :60,61,63,64,
63 :60,61,62,64,
64 :60,61,62,63,
65 :66,67,68,69,
66 :65,67,68,69,
67 :65,66,68,69,
68 :65,66,67,69,
69 :65,66,67,68,
70 :71,72,73,74,
71 :70,72,73,74,
72 :70,71,73,74,
73 :70,71,72,74,
74 :70,71,72,73,
75 :76,77,78,79,
76 :75,77,78,79,
77 :75,76,78,79,
78 :75,76,77,79,
79 :75,76,77,78,
80 :81,82,83,84,
81 :80,82,83,84,
82 :80,81,83,84,
83 :80,81,82,84,
84 :80,81,82,83,
85 :86,87,88,89,
86 :85,87,88,89,
87 :85,86,88,89,
88 :85,86,87,89,
89 :85,86,87,88,
90 :91,92,93,94,
91 :90,92,93,94,
92 :90,91,93,94,
93 :90,91,92,94,
94 :90,91,92,93,
95 :96,97,98,99,
96 :95,97,98,99,
97 :95,96,98,99,
98 :95,96,97,99,
99 :95,96,97,98,
#
It:0:Diff:57:PSOStep:5:Time:1.660469002:s:AutomataStep:5:Transition:01111011111101101110111111110010111110111111111110000100111010100111111011111111111101011000110101110111111111111111111011100011101111011111111111111011111111111011101111011111110110100110101111001011110111111100111111111111111110111111111111011111011111111111011010011100111011111010001110111111110111011011101011010110110111111111100001111111111011111111111111111001011001111011111111111111111111111111110111111111101111111111101111111111111011001010101110110101011111011111101001000111111110111111111011111111
000000000000000000000
000000000000000000000
000000000000000000000
000000000000000000000
000000000000000000000
000001111111111100000
000001111111110100000
000001101110110100000
000001100010111100000
000001111110111100000
000001111111111100000
000000111111111100000
000000011111111100000
000000001111111100000
000000000111111100000
000000000011111100000
000000000000000000000
000000000000000000000
000000000000000000000
000000000000000000000
000000000000000000000
#
It:2:Diff:55:PSOStep:4:Time:2.327473583:s:AutomataStep:4:Transition:01111111101101011110111010111111110110111111101111011110110011111111110110111011111111011111110110110111111111111111111111100110101111110111001101111011111110111110111110001111111110111111111101011011110111111110111111010111111100111111110110110111101111111111001010011111111101111001001110111111111111011111111010111011110011101111111001111111101111111111111111011011101000111111011111111101111111111101111111111101111111111111101111111110111010010110111110111110011011111101111101101011111111111011011011111111
000000000000000000000
000000000000000000000
000000000000000000000
000000000000000000000
000000000000000000000
000000000000000000000
000000111111111000000
000000011101111000000
000000001011111000000
000000011011111000000
000000111111111000000
000000111111111000000
000000011111111000000
000000111111111000000
000000100011011000000
000000000000000000000
000000000000000000000
000000000000000000000
000000000000000000000
000000000000000000000
000000000000000000000
#
It:6:Diff:54:PSOStep:4:Time:3.344320895:s:AutomataStep:4:Transition:01111111111111111110101111011111010110111110101101110010111011111111111111111110101111011111011100110111111011111111101111100011110111010111111111110010010110111111101111111111111110111111110011011001110111111111110101111111011100111111111111101111111111111001111111111111101111111110001111111111111010010111101111110011111111100111110001111111110111111111111111111111001101111110010110011111101101111001110111111111011111111111101111111111011010011111010110100111111111111111011111101111101010111111111011111111
000000000000000000000
000000000000000000000
000000000000000000000
000000000000000000000
000000000000000000000
000000000000000000000
000000111111111000000
000000111111100000000
000000111111011000000
000000111101000000000
000000111101111000000
000000111111000000000
000000111111111000000
000000101110100000000
000000111111111000000
000000000000000000000
000000000000000000000
000000000000000000000
000000000000000000000
000000000000000000000
000000000000000000000
#
It:8:Diff:51:PSOStep:4:Time:3.838407866:s:AutomataStep:4:Transition:01111111111101111110111111010010110110011110101101110011011011011111111111111010111111111011111101011111011010110101111011101011100111111011111111111110101111110111111111011110011110011111111110011011110111111001110111111111111101111111111111100111111111111001111110111111101011101111001111101111101110010111100111111010111111110101110101011111110111111110011111111111011001111111011111111011101101101001110111111111001111110110111101110010011010011011110010100011111111001111110111101100101011111101110111101111
000000000000000000000
000000000000000000000
000000000000000000000
000000000000000000000
000000000000000000000
000000000000000000000
000000111111111000000
000000111111111000000
000000111111111000000
000000111111111000000
000000111111111000000
000000111110101000000
000000111111111000000
000000111011101000000
000000111111111000000
000000000000000000000
000000000000000000000
000000000000000000000
000000000000000000000
000000000000000000000
000000000000000000000
#
It:22:Diff:48:PSOStep:4:Time:7.164066341:s:AutomataStep:4:Transition:01111011111101111110111111010111110111111111101111010110111111111111101111111100111111111111111101110011110011010111111010101011110110111111101111111110111111111111111111111111111110111110111011001001110111111101011111011111110101111111111111110111011111111000001110011111111111101110011111111111001101111011101011111010111111101111111101111111110100111110111111011111111001111111101111111111111111111111111111111101011011111011111001110011011011111111000110100110011110111111111111111111111010110111111111111111
000000000000000000000
000000000000000000000
000000000000000000000
000000000000000000000
000000000000000000000
000000000000000000000
000000111111111000000
000000111111111000000
000000111111111000000
000000111111111000000
000000111111111000000
000000111111111000000
000000111111111000000
000000111010101000000
000000111111111000000
000000000000000000000
000000000000000000000
000000000000000000000
000000000000000000000
000000000000000000000
000000000000000000000
#
It:32:Diff:48:PSOStep:7:Time:9.408722073:s:AutomataStep:7:Transition:00111001111111111111111111011111010111111111101101010100011111110110101111011111011111111111111001110111110011010001111000101001110110111011101111110010111110101010111111111101111110111110011000011011110011111001010111111111100101111111111011111011010111110111101110011111111111101111010111111111011100011111111101110010110111111110111101101111100100111110111111111111011101011011110111111111110101010111011111111000011111111011111101110011011111111101111010110000011110111110111101101111010111110011111010011111
000000000000000000000
000000000000000000000
000000000000000000000
000000000010101011000
000000000111111110000
000000001111111110000
000000011101111110000
000000100100111110000
000001011011111110000
000011111111111110000
000111111111110110000
000011111111111010000
000001111111101100000
000000111111101000000
000000011010100000000
000000001111100000000
000000000101000000000
000000000010000000000
000000000000000000000
000000000000000000000
000000000000000000000
#
It:34:Diff:45:PSOStep:7:Time:9.867890159:s:AutomataStep:7:Transition:00011111111111111111110111110011111110110101111101010100011011110110011111101111011111111101111001111111110100101101101111101101111100011001111111110010110110101111111111011011111110111000011101011011110111111001010101110111111101111111101011111011111011110101111110111100101111100111010011110111011100111111111111110001011111110100110001111000110001111100011101011111011001111010100011111101111111111111110111111011011111111010111111111111111000111110011010111000001110110111100100100110011011100011111010001111
000000000000000000000
000000000000000000000
000000000000000000000
000000000000000001000
000000000111111111000
000000001111110010000
000000010110010011000
000000111000111100000
000001110101111111000
000010110100101101000
000110101100010011000
000011101111110010000
000001101100111100000
000000111111101000000
000000011110110000000
000000001011100000000
000000000111000000000
000000000010000000000
000000000000000000000
000000000000000000000
000000000000000000000
#
It:43:Diff:42:PSOStep:7:Time:11.991622524:s:AutomataStep:7:Transition:00011111111111011100110111100010110110110101100101010100011011110110011111000111011111111100101001111111111101101101101011100101111000011011111111110010111110100111111111011011111110111000010101011011110111111001010101110111111101111101001011111011110010100101111110111110110111000111010011110111010100111111111011110001111111110100110001101001110011111110011101011111011101111110100011111101111111111111111111111111011111111010111011011101011000111111111010111000011101110011100101100111010011101011110010001111
000000000000000000000
000000000000000000000
000000000000000000000
000000000000000001000
000000000111111101000
000000001001110110000
000000011011101101000
000000111110100000000
000001111011101111000
000010110101100001000
000110111101111111000
000010110111011010000
000001110110111100000
000000111101101000000
000000011101110000000
000000001111100000000
000000000111000000000
000000000010000000000
000000000000000000000
000000000000000000000
000000000000000000000
#
It:62:Diff:38:PSOStep:7:Time:16.515827768:s:AutomataStep:7:Transition:00011111110111110101111101101010111010111101101111010110011011110110011111000101011111111101111001111111101111000111111011001111110100111111100111111000011110110110101101111011011110111010010101011011101111111011110101111111111101110101111111111110110101000101001111111110111011000110010111110111100100111101111010111001111111101110111011101011110110111100011101111011001101110111101010111111111111110011111111111011001101111011110011011001111010111111011111111100001101010011101101110111000011101111110110111111
000000000000000000000
000000000000000000000
000000000000000000000
000000000000000001000
000000000000000101000
000000001111111000000
000000010101110101000
000000001011101110000
000001100101111001000
000010111110101110000
000110011101110111000
000010111111101010000
000001111100100100000
000000101011111000000
000000011001110000000
000000001010100000000
000000000101000000000
000000000010000000000
000000000000000000000
000000000000000000000
000000000000000000000
#
It:78:Diff:32:PSOStep:7:Time:20.189373651:s:AutomataStep:7:Transition:00100111110111111000111101101100101110111100101111010110111110110111111111010110111010011101111001111001110011110111111001100011110111010110101111111100111110110111011101011101011110111000011101011101110111111001110111110111111101111111101011101111111111010001111011011001111011011111001010111111000110110101010011101111111111110110110101111011100110111100101111011011011100011011000010011111111111110011001011111111111101110010110011111001001011111111011110101000011101101100101110110100101011110111110111111111
000000000000000000000
000000000000000000000
000000000000000000000
000000000010000000000
000000000111000000000
000000001011100000000
000000010111110000000
000000100111101000000
000001111001110100000
000011110110111110000
000111111111101011000
000011011111101000000
000000111110101100000
000000010110101000000
000000011101010000000
000000000101100000000
000000000111000000000
000000000010000000000
000000000000000000000
000000000000000000000
000000000000000000000
#
It:83:Diff:25:PSOStep:7:Time:21.42987591:s:AutomataStep:7:Transition:00100011110111111100111000111000001110110101101110010100111111110111111101010110101110001000111000010001010011110011101001101111110111111110101111111100111110011111101111011101011010111010011101011101110111111001010010010111111100101111001011101111111111010001111011011101111011111001010011111111000110110101100011101111111101110011100111111011110110111001101111011010001000011111000100111111110111010011001011001111111001100010100011111011011001111100011111101001011101101100100010110100101011010111110010111111
000000000000000000000
000000000000000000000
000000000000000000000
000000000010000000000
000000000101000000000
000000001011100000000
000000011011010000000
000000011001101000000
000001100011100100000
000011111010101010000
000110110101100110000
000011101110110010000
000001111111011100000
000000111111101000000
000000011111110000000
000000001110100000000
000000000111000000000
000000000010000000000
000000000000000000000
000000000000000000000
000000000000000000000
#
It:96:Diff:25:PSOStep:7:Time:24.545357135:s:AutomataStep:7:Transition:00100011110111111100111000111000001110110111101110000100111111110111111111010110101110001000111001110001010011110011101001101111110110111110101111111100111111111111101111011101011010111010011101011101110111111001010010010111111100101111001011001111111111010001111010011001111011111001010011111111000110110101100011101111101101110011100111111011110110111001101111111010001000011111000100011111110111010011001011101111111001101010101011111001011001111101011111101001011101101101100010110100111011010111110010111111
000000000000000000000
000000000000000000000
000000000000000000000
000000000010000000000
000000000101000000000
000000001011100000000
000000011011010000000
000000011001101000000
000001100011100100000
000011111010101010000
000110110101100110000
000011101110110010000
000001111111011100000
000000111111101000000
000000011111110000000
000000001110100000000
000000000111000000000
000000000010000000000
000000000000000000000
000000000000000000000
000000000000000000000
#
It:123:Diff:25:PSOStep:7:Time:31.111827411:s:AutomataStep:7:Transition:00010111111111111100111111111010111110111101101111010110011011110111101111010110111110011111101001011010110111011111101001100011110111111111101111111100111110110111011111011111111110111111011101011101110111111001010011111111111100111111011011111111110110110001111011011101111111101110011011111111000110111101110011101001111101111110110001111001110100111010011111111111001000111111010111011111111111110011001011111111010101011011000011011001011001111110011110101001001111101111110111110100111011100101110011101111
000000000000000000000
000000000000000000000
000000000000000000000
000000000000000000000
000000000111000000000
000000001010100000000
000000010011110000000
000000110011101000000
000001011101011100000
000010110010001010000
000111111111111011000
000010111110110010000
000001111111011100000
000000101101101000000
000000011111110000000
000000001011100000000
000000000111000000000
000000000010000000000
000000000000000000000
000000000000000000000
000000000000000000000
#
It:124:Diff:25:PSOStep:7:Time:31.351827539:s:AutomataStep:7:Transition:00110111111111111101110001111010111110111101101111110111011011110111101110010100101100001111101001111110010110011011101000100011110100111101101111111100111111111110011111111101111110111101011101011101110111111001010111110111101100101111011011101111110110110001111011011111111111111110011111111001110110111001111011101101111101111110110001111011110110011010001111111101011100111111010110111111111101110001001011011111010101001011010110111011011001110101011101111001011111101001010111111100111011010111111010111111
000000000000000000000
000000000000000000000
000000000000000000000
000000000010000000000
000000000111000000000
000000001011100000000
000000010101110000000
000000101111111000000
000001011101111100000
000010111110111010000
000110111110011011000
000011111111111110000
000001111111011100000
000000111111111000000
000000010111110000000
000000001011100000000
000000000111000000000
000000000010000000000
000000000000000000000
000000000000000000000
000000000000000000000
#
It:140:Diff:23:PSOStep:7:Time:35.127841267:s:AutomataStep:7:Transition:00100001111101111110110001111010111110110111111101110101011111110111011111110110101100001011101001111110010111111011101000100111110101011111101111111110111101001111111111111100111110111001011101011001110111111001010110111111101100101111001011111111111110110101111010011111111111110111010111111101111111111001111001111111101101110011110001001011110110011010001111111011011001111111110111111111110101111001101011111101010101001011010111110011111001100101011111111001011111101001110110111100101011010111111111111111
000000000000000000000
000000000000000000000
000000000000000000000
000000000010000000000
000000000111000000000
000000001011100000000
000000010111110000000
000000101111111000000
000001011100011100000
000010111110111110000
000101111111110111000
000011111001111010000
000001111101111100000
000000111111111000000
000000011111110000000
000000001110100000000
000000000111000000000
000000000010000000000
000000000000000000000
000000000000000000000
000000000000000000000
#
It:150:Diff:18:PSOStep:7:Time:37.630245689:s:AutomataStep:7:Transition:00100001111101111110111011111010111110100111111111110111011011010111101110110101101100001111111000111100010111111110101011101111110101011110101111110110111111001111111111111110111010011011111101011001110111111001010111110111101101101111101011101111111110110001011010011111101011110110010111111101111111111011111111101111101101110110110001101011110110011010001111111010011000111111110101111111111001011001011011111101111101001011010111110011011000100101011101011001111111101001110110110110101011011111111111111111
000000000000000000000
000000000000000000000
000000000000000000000
000000000010000000000
000000000111000000000
000000001001100000000
000000011011110000000
000000100111111000000
000001100101111100000
000010011111110110000
000111111100111111000
000010111011111110000
000001111111111100000
000000101111111000000
000000011111110000000
000000001011100000000
000000000111000000000
000000000010000000000
000000000000000000000
000000000000000000000
000000000000000000000
#
It:226:Diff:17:PSOStep:7:Time:55.483827046:s:AutomataStep:7:Transition:00110011111111111110111111111010111100111110111110010101011111110110101110110110101110101111111100111101010111111111101011101111110100011111101111110110111101001111111111111110111010011011011101011001110111111001110111110111111101101111101011111111111110110100111010011101101011110111010011111101111101111001101111101111110101110111110001101011110110011010001111111010011000111111110110111111111011111001111111111101101011001011010111110011011001100101011111111101111111101011111110111100101011110111111011111111
000000000000000000000
000000000000000000000
000000000000000000000
000000000010000000000
000000000111000000000
000000001111100000000
000000011111110000000
000000111101111000000
000001111101111100000
000011111110101110000
000111111101011111000
000010110111111110000
000001111111111100000
000000101111111000000
000000011111110000000
000000001011100000000
000000000111000000000
000000000010000000000
000000000000000000000
000000000000000000000
000000000000000000000
#
It:238:Diff:14:PSOStep:7:Time:58.254367335:s:AutomataStep:7:Transition:00110011111101111100111111111010111110111111101101110111011111110111101110110101111110001111111001111111110101111110101011111111110101011111101111111110111101101111111111111110111011111111111101011001110111111111110111010111111100111111011111111111111110110101011011011111101011110110010111110111111111111101111111101111111101111110110001101111111110011011001011111011011001111111110111111111111111111001101011111101011001101011000101110111011011110101011111111101001111101101111110110110100011111111111111111111
000000000000000000000
000000000000000000000
000000000000000000000
000000000010000000000
000000000111000000000
000000001011100000000
000000011111110000000
000000101111111000000
000001111111111100000
000010111111111110000
000111111111111111000
000010111111111010000
000001111110111100000
000000101110101000000
000000011111110000000
000000001010100000000
000000000111000000000
000000000010000000000
000000000000000000000
000000000000000000000
000000000000000000000
end
