PSO TRACE
INIT:../../instances/fazia/init.csv
REF:../../instances/fazia/asvn4.csv
DecodingPolicy:CPP2:CDLE2
MutationPolicy:Std
ParticleNeighborhood:Fixed
ParticleDims:515
ParticleCount:100
AccP:2.0
AccG:2.0
AccL:1.5
AccI:2.3
Pos:0.0-3.0
Inertia:0.9-0.6
VeloMax:2.0
MaxPSOIteration:500
InertiaDecrFactor:6.000000000000001E-4
INIT
000000000000000000000
000000000000000000000
000000000000000000000
000000000000000000000
000000000000000000000
000000000000000000000
000000000000000000000
000000000000000000000
000000000000000000000
000000000000000000000
000000000010000000000
000000000000000000000
000000000000000000000
000000000000000000000
000000000000000000000
000000000000000000000
000000000000000000000
000000000000000000000
000000000000000000000
000000000000000000000
000000000000000000000
REF
000000000000000000000
000000000000000000000
000000000000000000000
000000000010000000000
000000000111000000000
000000001011100000000
000000011011110000000
000000101111111000000
000001100001111100000
000010110010101110000
000110111101110111000
000010110111111010000
000001111111111100000
000000101110101000000
000000011111110000000
000000001010100000000
000000000111000000000
000000000010000000000
000000000000000000000
000000000000000000000
000000000000000000000
Classic CPP Decoder
0 :1,2,3,4,
1 :0,2,3,4,
2 :0,1,3,4,
3 :0,1,2,4,
4 :0,1,2,3,
5 :6,7,8,9,
6 :5,7,8,9,
7 :5,6,8,9,
8 :5,6,7,9,
9 :5,6,7,8,
10 :11,12,13,14,
11 :10,12,13,14,
12 :10,11,13,14,
13 :10,11,12,14,
14 :10,11,12,13,
15 :16,17,18,19,
16 :15,17,18,19,
17 :15,16,18,19,
18 :15,16,17,19,
19 :15,16,17,18,
20 :21,22,23,24,
21 :20,22,23,24,
22 :20,21,23,24,
23 :20,21,22,24,
24 :20,21,22,23,
25 :26,27,28,29,
26 :25,27,28,29,
27 :25,26,28,29,
28 :25,26,27,29,
29 :25,26,27,28,
30 :31,32,33,34,
31 :30,32,33,34,
32 :30,31,33,34,
33 :30,31,32,34,
34 :30,31,32,33,
35 :36,37,38,39,
36 :35,37,38,39,
37 :35,36,38,39,
38 :35,36,37,39,
39 :35,36,37,38,
40 :41,42,43,44,
41 :40,42,43,44,
42 :40,41,43,44,
43 :40,41,42,44,
44 :40,41,42,43,
45 :46,47,48,49,
46 :45,47,48,49,
47 :45,46,48,49,
48 :45,46,47,49,
49 :45,46,47,48,
50 :51,52,53,54,
51 :50,52,53,54,
52 :50,51,53,54,
53 :50,51,52,54,
54 :50,51,52,53,
55 :56,57,58,59,
56 :55,57,58,59,
57 :55,56,58,59,
58 :55,56,57,59,
59 :55,56,57,58,
60 :61,62,63,64,
61 :60,62,63,64,
62 :60,61,63,64,
63 :60,61,62,64,
64 :60,61,62,63,
65 :66,67,68,69,
66 :65,67,68,69,
67 :65,66,68,69,
68 :65,66,67,69,
69 :65,66,67,68,
70 :71,72,73,74,
71 :70,72,73,74,
72 :70,71,73,74,
73 :70,71,72,74,
74 :70,71,72,73,
75 :76,77,78,79,
76 :75,77,78,79,
77 :75,76,78,79,
78 :75,76,77,79,
79 :75,76,77,78,
80 :81,82,83,84,
81 :80,82,83,84,
82 :80,81,83,84,
83 :80,81,82,84,
84 :80,81,82,83,
85 :86,87,88,89,
86 :85,87,88,89,
87 :85,86,88,89,
88 :85,86,87,89,
89 :85,86,87,88,
90 :91,92,93,94,
91 :90,92,93,94,
92 :90,91,93,94,
93 :90,91,92,94,
94 :90,91,92,93,
95 :96,97,98,99,
96 :95,97,98,99,
97 :95,96,98,99,
98 :95,96,97,99,
99 :95,96,97,98,
#
It:0:Diff:72:PSOStep:5:Time:1.522632884:s:AutomataStep:5:Transition:01011000100011111011001111111001111110111110111110011010111111110100111111011111101100111101111111111101011111111011111110011001111111111101111011110101110101011010110110111110101101111011111010010011111100111111000101100100011101111101110111001110101101110100110100001100101111111101101101111101000100101110010011010111001111001111101001111011100111100101101010111011010111011111110011010110111011111001100011011010010111101101101101111111011101111101100010100111011111101111110110100111101101101100101111100101
000000000000000000000
000000000000000000000
000000000000000000000
000000000000000000000
000000000000000000000
000001010000010100000
000001010000011100000
000001111111111000000
000000110110100000000
000001010100111000000
000001110111110000000
000000110111000000000
000000011010100000000
000000001101000000000
000000000111000000000
000000000010000000000
000000000000000000000
000000000000000000000
000000000000000000000
000000000000000000000
000000000000000000000
#
It:1:Diff:69:PSOStep:6:Time:1.971228371:s:AutomataStep:6:Transition:00111100111110111011101111111011100101111110111111001010101111110010111110111111101111111111100111111101001011111111111011110100001111111101111001111101100001111001110010111110111011111111111110010111001011110110111111110100011111110111111111101110100111010110111111111111111100111111111001100101110110110111111101111110011111011111001001111111100111111101110010110100010111111111111010110110011010111000111011011110010101111010111110110111111101111110111010101011011111011011010111010101011101110111001011101101
000000000000000000000
000000000000000000000
000000000000000000000
000000000000000000000
000000000010101010000
000000000111111100000
000000001111110000000
000000011011100000000
000000101011000000000
000001110011100000000
000011110110000000000
000001111101000000000
000000111111000000000
000000001111000000000
000000001111000000000
000000000111000000000
000000000000000000000
000000000000000000000
000000000000000000000
000000000000000000000
000000000000000000000
#
It:2:Diff:57:PSOStep:7:Time:2.266957517:s:AutomataStep:7:Transition:00111100111110111011001111111101110101111111111001001111101101010010111110111111101111111111010111111111001111111111111011110001100111111110110001111111110011111001110110111110111001111111111110010111101111110100111111110110001110111111110111101111100110110110111111101011111111111111101000101101110110110111111101111111111111111111000010111111101111111111100010110101010110011111011010110111111011111100111011011110110111101011111111110111111101111110111010001011111101111010010110010101111101101011101101100111
000000000000000000000
000000000000000000000
000000000000000000000
000000000011111111000
000000000110101101000
000000001011101110000
000000011110101110000
000000111101001100000
000001101011101110000
000010111111001000000
000110011111001100000
000011111001111100000
000001111110110000000
000000101111111000000
000000010011110000000
000000001011100000000
000000000111000000000
000000000010000000000
000000000000000000000
000000000000000000000
000000000000000000000
#
It:4:Diff:56:PSOStep:7:Time:2.83434391:s:AutomataStep:7:Transition:00011110010000101001001111011101110011110011111010101101001101010010111110001111101110011111011111100111001111110101110001011101101011001010010101001110100011011011110110010100110000100101011110011111011111110000111110110110011100101010110111001100100110110100110110101010111110111101010000100000000110110011011101111110111100101111101011011110100111100111101001111100001110111110011010001111110010101100110010111110100111001100110110010101100101001100111111101000101101110011000100000101100011101001011100111111
000000000000000000000
000000000000000000000
000000000000000000000
000000000000000001000
000000000000000011000
000000000011001010000
000000001101110110000
000000000001010010000
000000001010010100000
000001100110101100000
000010110111110000000
000010001111011000000
000001110010111000000
000000110100101000000
000000001111010000000
000000001010100000000
000000000011000000000
000000000010000000000
000000000000000000000
000000000000000000000
000000000000000000000
#
It:6:Diff:54:PSOStep:7:Time:3.382317584:s:AutomataStep:7:Transition:00010110100010001001001101011001100101110010111010101000001011010000110110000111100111101001101111101101001101010101010001001101001101001001011101000100010001110011111110000101111000000111010110111111010011110100111110111100010011101001100111101000001110010000010001100010111001111001111001110000001000011111011101111010011000000010000001100110100010110100000011110101011101001100010010001100010000011000010010111111100001001100101110100011010001001110111100101000001101100010110010000100000011000101011100100110
000000000000000000000
000000000000000000000
000000000000000000000
000000000000000000000
000000000000000000000
000000000001000000000
000000000011000000000
000000000000110000000
000000000000111100000
000001000100101010000
000100111101010001000
000010100100101010000
000000001010010100000
000000100100110000000
000000000001100000000
000000001001100000000
000000000111000000000
000000000000000000000
000000000000000000000
000000000000000000000
000000000000000000000
#
It:7:Diff:49:PSOStep:7:Time:3.666296768:s:AutomataStep:7:Transition:00010111101000001010011110111011100101100110010110001010000001010100110111010001101101111001101111101101001111011000000000010011100101111101000011101100010011110000101110010011111010100110110010111111100100110110010100111010111110011001001110010100000110010010110101100011011111001001101001110100000000111101001110110110001001101011010001101101001011110100100010110101001001001011011101100010110100001110010111111011011111011001111100111010011111000110110000101000001111010101110011000001000000100110010101101011
000000000000000000000
000000000000000000000
000000000000000000000
000000000000000000000
000000000111000000000
000000000100000000000
000000000111010000000
000000101101110000000
000000101100011000000
000010000000011010000
000100111101101111000
000011100001101100000
000001000111010000000
000000111000000000000
000000011111100000000
000000001111100000000
000000000101000000000
000000000010000000000
000000000000000000000
000000000000000000000
000000000000000000000
#
It:10:Diff:47:PSOStep:7:Time:4.54692153:s:AutomataStep:7:Transition:00010111101000101011011110111011110101110111111110001010001001010100100111010111111111111111011011101101001111001001111000011010110101111011011011101110111011110001111110011011111010100110110110011111101110111111111111111010111010011001001111011101000111110011110100100011111111001001111001110100000100111101111000111110101001101011110010111111101111110101100010111101001001011011011011100111110110101110110110111011010111001100101110101110111111000100110100101000101101110101110101100001001001100110000101100111
000000000000000000000
000000000000000000000
000000000000000000000
000000000000000000000
000000000111000000000
000000000100000000000
000000001011000000000
000000001011110000000
000000110010100000000
000000110111010010000
000111011101111111000
000011110111010010000
000001001010111000000
000000101101001000000
000000010001100000000
000000001001100000000
000000000110000000000
000000000010000000000
000000000000000000000
000000000000000000000
000000000000000000000
#
It:12:Diff:43:PSOStep:7:Time:5.074331462:s:AutomataStep:7:Transition:00010111111011101011011110111111111111110111111110001010001001010110101111111111111111111101011011101101001101011101010001001010110001111011011111101110111011110001111110011011111110110110110100011111101111111111111111111011111010001001001111011011001111110011100110000011111111101101110011111110001100111101111010111110101000101001111110011111111111110101100010111101001011011011100111100110010010101110110111111011101011011101111110101110111111000110110101101000101111110111010100110011001011100110000101100101
000000000000000000000
000000000000000000000
000000000000000000000
000000000000000000000
000000000111000000000
000000001100100000000
000000011110110000000
000000011111101000000
000000111111010100000
000001100000011010000
000111001101111011000
000011111101110010000
000001111110101100000
000000110010111000000
000000011100110000000
000000001111000000000
000000000111000000000
000000000010000000000
000000000000000000000
000000000000000000000
000000000000000000000
#
It:14:Diff:39:PSOStep:7:Time:5.612454507:s:AutomataStep:7:Transition:00010111101001101010001111111101110111110111111111101001101001010111111110010111111011111101011011101101101111111101111101011100110101111001011111101011111011110001111010011011110000110100111100111111111111111111111111111011111010001111111111011101010111110111100111110011111111111011001011111100001100111111111110111110101001111001110110111111101111110101100011111101101000111011011001100110110011111010010111110110110111001100111110101101111111011100110101101010101101110111010101111111001011100111000101000101
000000000000000000000
000000000000000000000
000000000000000000000
000000000000000000000
000000000111000000000
000000000111100000000
000000011111110000000
000000010110111000000
000001110000111100000
000001011111011110000
000111111101111011000
000011011100110010000
000001100101110100000
000000111011111000000
000000011110010000000
000000001100100000000
000000000111000000000
000000000010000000000
000000000000000000000
000000000000000000000
000000000000000000000
#
It:16:Diff:27:PSOStep:7:Time:6.146317196:s:AutomataStep:7:Transition:00110110110000101011011111111111110001111110111011101011101101110111100111110101101111111111010011111101011101111111110111011110100111111111010001101011111011111001111011011111110010111111111111111111111111111111111111111111111010101111101111111101001110110111111111110111111011111111101011111101011100111111111111111111001101111011100110101111101111111101110011111101111111011111011001110110111011111101111010110110110101101111111110101111111111111110111100101010111101010111011101111101011001110011001101100001
000000000000000000000
000000000000000000000
000000000000000000000
000000000010000000000
000000000111000000000
000000001111100000000
000000011011110000000
000000111111011000000
000001111110111100000
000011101000011110000
000111100111111111000
000011010011111010000
000001111111111100000
000000111011101000000
000000010111110000000
000000001110100000000
000000000111000000000
000000000010000000000
000000000000000000000
000000000000000000000
000000000000000000000
#
It:21:Diff:25:PSOStep:7:Time:7.434356365:s:AutomataStep:7:Transition:00110110110000101000011111111011110011101110111011101011101101110111101111110101001111111111010011101101011111111111110111111110100111111111010001101011011011111001111011010111110110111111111010111111111111111111111111111111111010101111100111111101001110110111111111110111111011111111011101111101011101111111111111111111011101111001100110101111101111110101111011111101111111111111011011110110111011111101110110010110110101101111111110100111111111111110101100101011111101011111111101111100011001100011011101111111
000000000000000000000
000000000000000000000
000000000000000000000
000000000010000000000
000000000101000000000
000000001111100000000
000000011111110000000
000000111101111000000
000001011101110100000
000011111111111110000
000111101111110111000
000011101111101010000
000001111111111100000
000000111111101000000
000000011111110000000
000000001110100000000
000000000111000000000
000000000010000000000
000000000000000000000
000000000000000000000
000000000000000000000
#
It:23:Diff:24:PSOStep:7:Time:7.910356176:s:AutomataStep:7:Transition:00110101110000101001011111111101110011101111111011001011101101010111000111110101101111111011010011111101111101111111110111111100100111111111010001101011011011111001111011011111110010111111111110111111111111111111111111111111111010101111100111111101001110110111111111110111111011111111011011111101110101110111111111101111001101111001100010101111101011110111110011111101111101011111011001110010011011101101010010110110110101101011111110111111111111111010111100101011111001010100110101111100010001100011000101000001
000000000000000000000
000000000000000000000
000000000000000000000
000000000010000000000
000000000111000000000
000000001111100000000
000000011011110000000
000000111100111000000
000001111111111100000
000010111001101110000
000101101101111111000
000011111101111010000
000001011101111100000
000000101111011000000
000000010111110000000
000000001010100000000
000000000111000000000
000000000010000000000
000000000000000000000
000000000000000000000
000000000000000000000
#
It:25:Diff:23:PSOStep:7:Time:8.468518804:s:AutomataStep:7:Transition:00110101110000101011001111111001110011101010101000001011101101110111111111111001101011100111011011100101011101111111110111111110100111011111010101001011011011011001111111110111110110001111110110111111101111110011111111111111111010111111111111101110000111110111011110100011111111111101011011101101111100110111111111111111101101111101110110001111101111110111111011111101100111111111011011011110111010101101111010110110100111101111111111111111111111111110101101101010111101010110111100001101110001110011011101100111
000000000000000000000
000000000000000000000
000000000000000000000
000000000010000000000
000000000111000000000
000000001111100000000
000000011011110000000
000000101111011000000
000001111111111100000
000011101111111110000
000111111111111111000
000011011111111010000
000001111101111100000
000000111111101000000
000000010111110000000
000000001110100000000
000000000111000000000
000000000010000000000
000000000000000000000
000000000000000000000
000000000000000000000
#
It:40:Diff:22:PSOStep:7:Time:12.085797541:s:AutomataStep:7:Transition:00110100110000101001001111101001110011111010101000101011101001110010111110110101101111100110010011100101011101111111110111111110100111011101010101001011111001111001111111010111110110101011110110111111101111110011111111111111011010101111110101101100000111110111010110110110111111111101010011111101111000111111110111101111101000011101110110001111100111110111111011111100010111111111001011111110111011101001111010110111100101101111101111111111111111111110111100101010111001110010010100101101010001110011000101100011
000000000000000000000
000000000000000000000
000000000000000000000
000000000010000000000
000000000111000000000
000000001011100000000
000000010111110000000
000000111111111000000
000001111111011100000
000010111011111110000
000111110001110111000
000010111111011010000
000001010100111100000
000000101111001000000
000000011111110000000
000000001010100000000
000000000111000000000
000000000010000000000
000000000000000000000
000000000000000000000
000000000000000000000
#
It:43:Diff:20:PSOStep:7:Time:12.852179688:s:AutomataStep:7:Transition:00110110111000101001101111111101110011101011101001001111101001110001110111111001011111111111110111110101011101111111110111011111100111011110011101101010011011111001111011000101110110111111110110111011101111111111111111111111011010111111110111111001001111110101011100110011111111111111100011111001111100110111110110101110101001010001110110111111101111110111111111111101001111011111011111110110111010101011110010110111100111111111101110111111111111111110101100101010111001110111111111101101011001110111001101100011
000000000000000000000
000000000000000000000
000000000000000000000
000000000010000000000
000000000111000000000
000000001111100000000
000000011111110000000
000000111110111000000
000001110011111100000
000011110111111110000
000111101111110111000
000011010011111010000
000001111111011100000
000000101111101000000
000000010111110000000
000000001110100000000
000000000111000000000
000000000010000000000
000000000000000000000
000000000000000000000
000000000000000000000
#
It:56:Diff:20:PSOStep:7:Time:16.074028059:s:AutomataStep:7:Transition:00110111110010101001001101101101100010101011101000001000101001110001101111111001111111101111000111100101011101111111110111001101100111011110011101101011011001111001111111110101110100111111110010111011111111111011111111111111011010111111101111111001001111110101010110110111111111111101000001111001011000110111111111111100101001011101010110001111101011110111111111111100111111111110011011001110111011000001111010110111100101111111101111111111111111111110101100101010111101010110111110001110111001110011011101100111
000000000000000000000
000000000000000000000
000000000000000000000
000000000010000000000
000000000111000000000
000000001011100000000
000000010111110000000
000000101111111000000
000001111111111100000
000011111000111110000
000110111110111111000
000011110111111010000
000001111101111100000
000000100011101000000
000000011011110000000
000000001110100000000
000000000111000000000
000000000010000000000
000000000000000000000
000000000000000000000
000000000000000000000
#
It:62:Diff:18:PSOStep:7:Time:17.454081162:s:AutomataStep:7:Transition:00110111110010101011011111111111100011111111111011001011101101110111101111111101111011111111010111101101011101111111110111011111100111111111000101101011011001111001111011011111110110011111111111111111111111111111111111111111111010111111101111101101001111110111111111110111111111111101001001111101111100111111111111111111101101111101100110101111101011111101111111111101111111011111011011110110111011101001111010110111100101111111101111110111111111111110101100101010111101010111111110111101111001110011011101100011
000000000000000000000
000000000000000000000
000000000000000000000
000000000010000000000
000000000111000000000
000000001111100000000
000000011111110000000
000000111110111000000
000001110011111100000
000011110111101110000
000111111111111111000
000011111011111010000
000001111111111100000
000000101111101000000
000000010111110000000
000000001110100000000
000000000111000000000
000000000010000000000
000000000000000000000
000000000000000000000
000000000000000000000
#
It:87:Diff:17:PSOStep:7:Time:23.319069126:s:AutomataStep:7:Transition:00110111110010101001111111111111100011101111110001001111101101110011110111111101101011111111010111001101011001111111110011011100100111111111000101001011011001111000111011010111110110010111111110111011111111111011111111111111111010111111101111101101001110110111011111110111111111111101001011101101111100111111111110111101101101111101100110101111101111110001101111110101011111011111011011111110011011111011110010110111100101111111101111110111111111111110101100101010111101110111011110001101111001110011011101100011
000000000000000000000
000000000000000000000
000000000000000000000
000000000010000000000
000000000111000000000
000000001111100000000
000000011011110000000
000000111110111000000
000001110111111100000
000011110011101110000
000111111011111111000
000011110011111010000
000001111111111100000
000000101111101000000
000000010111110000000
000000001110100000000
000000000111000000000
000000000010000000000
000000000000000000000
000000000000000000000
000000000000000000000
#
It:127:Diff:16:PSOStep:7:Time:33.07687963:s:AutomataStep:7:Transition:00110111110010111001101111111111110011111111100000001111101101010111110111111101111011101110010101001101011000111111110011001101100111111111001111001010011001111001110011110111110110111111110110111011111111111101111111110111110010101111101111011101001110110111011111110111111101111101000011110101010100111111111111111111101001010100100110101111101111110001111111111101011111011111011011111110111111110011111010110110110001111111101111110111111111111110111100101010111101110110111110101101011001110011010101100011
000000000000000000000
000000000000000000000
000000000000000000000
000000000010000000000
000000000111000000000
000000001101100000000
000000011111110000000
000000111111111000000
000001111101111100000
000011110011101110000
000110111100111111000
000011111111111010000
000001111111111100000
000000101111101000000
000000010111110000000
000000001110100000000
000000000111000000000
000000000010000000000
000000000000000000000
000000000000000000000
000000000000000000000
#
It:265:Diff:15:PSOStep:7:Time:65.421095127:s:AutomataStep:7:Transition:00110110111010111001111111110001100111101110101000001111101101110111010111111101111011101111010101000101011001111111110010001101100011011111011001001010011011101001111111110111110110100011110110111010111111100001111111110110011010101111111111101001101111010101011100010010111101111111000001110101111100100111110111111101101000010101000110001111101111110101111011111101011111011111011111110110111011110001110010110111100001111111111111110111111111111100101101101010111101011111111110001101011001110011011101100011
000000000000000000000
000000000000000000000
000000000000000000000
000000000010000000000
000000000111000000000
000000001101100000000
000000011111110000000
000000111111111000000
000001101101111100000
000011110010011110000
000111111111110111000
000011110111111010000
000001011111111100000
000000101110101000000
000000010111110000000
000000001110100000000
000000000111000000000
000000000010000000000
000000000000000000000
000000000000000000000
000000000000000000000
#
It:357:Diff:14:PSOStep:7:Time:86.878052986:s:AutomataStep:7:Transition:00110010110000111101101111111001100011110011101000001011001101110111100111110101111111111111010101100101011111111111110011111110101110111111010101001110000011111010111111111111110110001111110000111110111111110111111111111111111010001111111101111010101111010111010100100010111011110111001011101101011100101011111111011111000001100101100110101111101111110111101111110100010110111111011111111010101011100101110010110111100111101111111110110111111111111100101100001011111101000000111100111100011000010010011101100111
000000000000000000000
000000000000000000000
000000000000000000000
000000000010000000000
000000000111000000000
000000001011100000000
000000011011110000000
000000101111111000000
000001111000111100000
000011110001011110000
000111111101111111000
000010110011011010000
000001111111111100000
000000101101101000000
000000011111110000000
000000001010100000000
000000000111000000000
000000000010000000000
000000000000000000000
000000000000000000000
000000000000000000000
#
It:444:Diff:14:PSOStep:7:Time:107.072743825:s:AutomataStep:7:Transition:00110010111000111101001111011011100011110011101000001011001101110111111111110001111111111111010111100101011111111111110011111111101111111111010101001110110011111010111111111111110110111111111010111110111111110111111111111111110010001111111111111010101111010111011100100010111011110111001011101101011100111011111111111111001001111101100110101111101011110011101111110100110110111111011111111010101111100101110010111111100111101111111111110111111111111100101110001011111101010010111101111101011000010010011101100111
000000000000000000000
000000000000000000000
000000000000000000000
000000000010000000000
000000000111000000000
000000001011100000000
000000011011110000000
000000101111111000000
000001111111111100000
000011111010111110000
000111111111011111000
000010110111111010000
000001101111111100000
000000101011101000000
000000011111110000000
000000001010100000000
000000000111000000000
000000000010000000000
000000000000000000000
000000000000000000000
000000000000000000000
end
