PSO TRACE
INIT:../../instances/fazia/init.csv
REF:../../instances/fazia/asvn4.csv
DecodingPolicy:Nibble:CDLE2
MutationPolicy:Std
ParticleNeighborhood:Fixed
ParticleDims:146
ParticleCount:100
AccP:2.0
AccG:2.0
AccL:1.5
AccI:2.3
Pos:0.0-3.0
Inertia:0.9-0.6
VeloMax:2.0
MaxPSOIteration:500
InertiaDecrFactor:6.000000000000001E-4
INIT
000000000000000000000
000000000000000000000
000000000000000000000
000000000000000000000
000000000000000000000
000000000000000000000
000000000000000000000
000000000000000000000
000000000000000000000
000000000000000000000
000000000010000000000
000000000000000000000
000000000000000000000
000000000000000000000
000000000000000000000
000000000000000000000
000000000000000000000
000000000000000000000
000000000000000000000
000000000000000000000
000000000000000000000
REF
000000000000000000000
000000000000000000000
000000000000000000000
000000000010000000000
000000000111000000000
000000001011100000000
000000011011110000000
000000101111111000000
000001100001111100000
000010110010101110000
000110111101110111000
000010110111111010000
000001111111111100000
000000101110101000000
000000011111110000000
000000001010100000000
000000000111000000000
000000000010000000000
000000000000000000000
000000000000000000000
000000000000000000000
Nibble Decoder
0 :1,2,3,4,
1 :0,2,3,4,
2 :0,1,3,4,
3 :0,1,2,4,
4 :0,1,2,3,
5 :6,7,8,9,
6 :5,7,8,9,
7 :5,6,8,9,
8 :5,6,7,9,
9 :5,6,7,8,
10 :11,12,13,14,
11 :10,12,13,14,
12 :10,11,13,14,
13 :10,11,12,14,
14 :10,11,12,13,
15 :16,17,18,19,
16 :15,17,18,19,
17 :15,16,18,19,
18 :15,16,17,19,
19 :15,16,17,18,
20 :21,22,23,24,
21 :20,22,23,24,
22 :20,21,23,24,
23 :20,21,22,24,
24 :20,21,22,23,
25 :26,27,28,29,
26 :25,27,28,29,
27 :25,26,28,29,
28 :25,26,27,29,
29 :25,26,27,28,
30 :31,32,33,34,
31 :30,32,33,34,
32 :30,31,33,34,
33 :30,31,32,34,
34 :30,31,32,33,
35 :36,37,38,39,
36 :35,37,38,39,
37 :35,36,38,39,
38 :35,36,37,39,
39 :35,36,37,38,
40 :41,42,43,44,
41 :40,42,43,44,
42 :40,41,43,44,
43 :40,41,42,44,
44 :40,41,42,43,
45 :46,47,48,49,
46 :45,47,48,49,
47 :45,46,48,49,
48 :45,46,47,49,
49 :45,46,47,48,
50 :51,52,53,54,
51 :50,52,53,54,
52 :50,51,53,54,
53 :50,51,52,54,
54 :50,51,52,53,
55 :56,57,58,59,
56 :55,57,58,59,
57 :55,56,58,59,
58 :55,56,57,59,
59 :55,56,57,58,
60 :61,62,63,64,
61 :60,62,63,64,
62 :60,61,63,64,
63 :60,61,62,64,
64 :60,61,62,63,
65 :66,67,68,69,
66 :65,67,68,69,
67 :65,66,68,69,
68 :65,66,67,69,
69 :65,66,67,68,
70 :71,72,73,74,
71 :70,72,73,74,
72 :70,71,73,74,
73 :70,71,72,74,
74 :70,71,72,73,
75 :76,77,78,79,
76 :75,77,78,79,
77 :75,76,78,79,
78 :75,76,77,79,
79 :75,76,77,78,
80 :81,82,83,84,
81 :80,82,83,84,
82 :80,81,83,84,
83 :80,81,82,84,
84 :80,81,82,83,
85 :86,87,88,89,
86 :85,87,88,89,
87 :85,86,88,89,
88 :85,86,87,89,
89 :85,86,87,88,
90 :91,92,93,94,
91 :90,92,93,94,
92 :90,91,93,94,
93 :90,91,92,94,
94 :90,91,92,93,
95 :96,97,98,99,
96 :95,97,98,99,
97 :95,96,98,99,
98 :95,96,97,99,
99 :95,96,97,98,
#
It:0:Diff:69:PSOStep:5:Time:5.498673187:s:AutomataStep:5:Transition:00001100101011001010110000100110110010100000011010000000010010000010111001001000101010000000011010001100110010001000010001001000111001101010001010100110110010001010011010000010011011100000001010101010011010000100010011101010101011100000111010001110000001100010011011001000011011000100111010000100010011101010001010101000010011101010111000001010011000101100101011101000111001100100101000101110011011101010100001101110001000001000000000100010000011100100010001001000010011001100001000001100011011101110000001000100
000000000000000000000
000000000000000000000
000000000000000000000
000000000000000000000
000000000000000000000
000000000000000100000
000000000000001100000
000000000001001000000
000000000000011100000
000000010011001000000
000001110100011100000
000000110110001000000
000000001110000000000
000000001011100000000
000000000111000000000
000000000010000000000
000000000000000000000
000000000000000000000
000000000000000000000
000000000000000000000
000000000000000000000
#
It:1:Diff:55:PSOStep:7:Time:6.882219918:s:AutomataStep:7:Transition:00100000111001101110110011100010100001000110011000001110011001000010011000101000110010100010110010100100110011001010101011000010001000100110010000100000011000001110001001000100100000101010010010100100111010001010111010101010010000001000001000100100111000000010011001100010011001100000101010000000001000100110001010000010011001101000100000100100110000001010111011101110101010001110110010001010001000100000100000100010001010000000010010000010111000000010011001100000100000001010001001001110100011100110001011101110
000000000000000000000
000000000000000000000
000000000000000000000
000000000010000000000
000000000111000000000
000000001111100000000
000000011111110000000
000000100000101000000
000001110011111100000
000011111000100010000
000111111001110111000
000000001011100110000
000000000000000000000
000000000000000000000
000000000000000000000
000000000000000000000
000000000000000000000
000000000000000000000
000000000000000000000
000000000000000000000
000000000000000000000
#
It:4:Diff:52:PSOStep:7:Time:10.581776209:s:AutomataStep:7:Transition:00100110101010101010100010000010001010101010101010101000001011100010010000100010000000000010100001001010100000100010101010100110001000101010001001001010101010100010010011000010010001101100001011101010010010000110100000000000001011101000001000100010001010100100101010100100101010100000101010100100001000101010001001001000000000001000000000101010101011001100101010101010010011100110101010001110001001100100001000100010001001000100010000100010110010100010101010101010001000000010001000101010111010101010001010100000
000000000000000000000
000000000000000000000
000000000000000000000
000000000010000000000
000000000101000000000
000000001000100000000
000000010000010000000
000000101100101000000
000001000000000100000
000010010101110110000
000100100011100010000
000010100111100000000
000001001100000000000
000000110110100000000
000000001011000000000
000000001110000000000
000000000110000000000
000000000000000000000
000000000000000000000
000000000000000000000
000000000000000000000
#
It:11:Diff:40:PSOStep:7:Time:18.465889765:s:AutomataStep:7:Transition:00100000110011101110001011000010001011100100111010001110001000000010011000100010000001000010001011101010001010001110100011100010001000101110001001100100101011100010110010100010000000000100001010001110111011100100001001001000001001100110100000100010111011100100111011101100111010001010111011101110001000101110110000101100110000101100101000101110111000001010001010101010101010001010110011100010001010000100001000100110001000100110111011000010011010000010000010001010110010100110001000001110001011101110100011101110
000000000000000000000
000000000000000000000
000000000000000000000
000000000010000000000
000000000111000000000
000000001011100000000
000000011000010000000
000000100111011000000
000001110001100100000
000010110000111110000
000110101111100010000
000010011100111000000
000001011110010000000
000000111011000000000
000000011001000000000
000000001101000000000
000000000110000000000
000000000000000000000
000000000000000000000
000000000000000000000
000000000000000000000
#
It:58:Diff:38:PSOStep:7:Time:71.961834037:s:AutomataStep:7:Transition:00100010101011101110001000001010111011100110111000101000001011100010001000100100010011000010111011100110001001101100100011100010101011100000001000100100111011101000000011100010001011100110101001101110111000100010101010000110111011000010111001100010111010100000111011100010111011100010111011100110001000100010111001000110001000101110010000101110111010101110111011100010111001001110001010101000001011101110001000100000001000101100111010100010110011000010111011100100011010100000001011101110100001100010100011101110
000000000000000000000
000000000000000000000
000000000000000000000
000000000010000000000
000000000111000000000
000000000101100000000
000000011110110000000
000000101010001000000
000001101000110100000
000010010010111110000
000111100101000111000
000000001001011010000
000000101111011000000
000000101110111000000
000000011100000000000
000000000000100000000
000000000011000000000
000000000010000000000
000000000000000000000
000000000000000000000
000000000000000000000
#
It:73:Diff:38:PSOStep:7:Time:88.405673525:s:AutomataStep:7:Transition:00100100111011101100000011101100101011100010010000100010100011100010010011100010001011100010101011000110001011101110111011101010100000001010001000101110110011000010100011100010110011101110110000101100111001100010111001100100001011101110000001000010000011000100000011100000110001000010111011101100001010000000111010001110001000101110011000101110101010001100111011100010111010100010001011101000001001101110100000101000001000100100011010001000111011000010111001100010100011101000010001001110011010000110110011101110
000000000000000000000
000000000000000000000
000000000000000000000
000000000010000000000
000000000111000000000
000000001011100000000
000000011101110000000
000000000011011000000
000000111000011100000
000010100000111010000
000110001001000101000
000010111000100110000
000001101010101100000
000000101100011000000
000000011011110000000
000000001001100000000
000000000111000000000
000000000010000000000
000000000000000000000
000000000000000000000
000000000000000000000
#
It:130:Diff:31:PSOStep:7:Time:148.104897851:s:AutomataStep:7:Transition:00100010100011101110101011100010101000000100111000101010000011100010000001000100001010100010101011101110100011100000100000000010111001101100101010101000010011100010100011100010110001000000111000001110111000100010101000101110101001000010111000101010001010100010000011100000011010100100111001001110001011101110000011000000111000101010011000101010000000100010011000000000111010101110110011100010001001101110111011000010010000101110111010100010111011101010111010100010001000000010010001001110000010100000111011001010
000000000000000000000
000000000000000000000
000000000000000000000
000000000010000000000
000000000111000000000
000000001010100000000
000000011101110000000
000000101110101000000
000001100000011100000
000010100011001010000
000111100001110111000
000011000110111010000
000001011001010100000
000000101000101000000
000000010100110000000
000000001011100000000
000000000101000000000
000000000010000000000
000000000000000000000
000000000000000000000
000000000000000000000
#
It:267:Diff:31:PSOStep:7:Time:289.760636867:s:AutomataStep:7:Transition:00100010111001101010101011100000101001001110011000100110001001000010011011100010001010000010101000100110011011100110100000000010111001101100111011100000100001000010001011100010011001100000111010100010001010001010011000101000010011100010000000100110001011100110001011101110100001000010111011101000111000101010000001100000111000100110001000100110111000101110011011100010111001000110111011101100001001101110001000100100011000000110111010000010101010000010111010000010001000000010100000001110000010001110111001100000
000000000000000000000
000000000000000000000
000000000000000000000
000000000010000000000
000000000111000000000
000000001011100000000
000000011101110000000
000000101000101000000
000001110010011100000
000010100001111010000
000111001101111011000
000011111111111010000
000001101100101100000
000000111000101000000
000000011101110000000
000000001110100000000
000000000111000000000
000000000010000000000
000000000000000000000
000000000000000000000
000000000000000000000
#
It:363:Diff:30:PSOStep:7:Time:391.370768826:s:AutomataStep:7:Transition:00100000111011101010010011101000111000101100111000101110001011000010011011101000001011100010101000101110111011101110111011100010111011101000111010101000001011000010101011100010110000101010101000100100110010100010111001101110110010000010101000100000001010100010110011101100100001101000111011101110101010101110110011001010111000101110001000101110100010101010100011100010111001100110100011000010110000101110110000100010111000100000111011100010111011101100111000100010000001100010111010101110111011100100101010101110
000000000000000000000
000000000000000000000
000000000000000000000
000000000010000000000
000000000111000000000
000000001010100000000
000000001110010000000
000000110110111000000
000000101001100100000
000011011000100010000
000100001101010111000
000010000101011010000
000001011111110000000
000000101110101000000
000000010111110000000
000000001010100000000
000000000111000000000
000000000010000000000
000000000000000000000
000000000000000000000
000000000000000000000
end
