PSO TRACE
INIT:../../instances/fazia/init.csv
REF:../../instances/fazia/asvn4.csv
DecodingPolicy:Nibble:CDLE2
MutationPolicy:Std
ParticleNeighborhood:Fixed
ParticleDims:146
ParticleCount:100
AccP:2.0
AccG:2.0
AccL:1.5
AccI:2.3
Pos:0.0-3.0
Inertia:0.9-0.6
VeloMax:2.0
MaxPSOIteration:500
InertiaDecrFactor:6.000000000000001E-4
INIT
000000000000000000000
000000000000000000000
000000000000000000000
000000000000000000000
000000000000000000000
000000000000000000000
000000000000000000000
000000000000000000000
000000000000000000000
000000000000000000000
000000000010000000000
000000000000000000000
000000000000000000000
000000000000000000000
000000000000000000000
000000000000000000000
000000000000000000000
000000000000000000000
000000000000000000000
000000000000000000000
000000000000000000000
REF
000000000000000000000
000000000000000000000
000000000000000000000
000000000010000000000
000000000111000000000
000000001011100000000
000000011011110000000
000000101111111000000
000001100001111100000
000010110010101110000
000110111101110111000
000010110111111010000
000001111111111100000
000000101110101000000
000000011111110000000
000000001010100000000
000000000111000000000
000000000010000000000
000000000000000000000
000000000000000000000
000000000000000000000
Nibble Decoder
0 :1,2,3,4,
1 :0,2,3,4,
2 :0,1,3,4,
3 :0,1,2,4,
4 :0,1,2,3,
5 :6,7,8,9,
6 :5,7,8,9,
7 :5,6,8,9,
8 :5,6,7,9,
9 :5,6,7,8,
10 :11,12,13,14,
11 :10,12,13,14,
12 :10,11,13,14,
13 :10,11,12,14,
14 :10,11,12,13,
15 :16,17,18,19,
16 :15,17,18,19,
17 :15,16,18,19,
18 :15,16,17,19,
19 :15,16,17,18,
20 :21,22,23,24,
21 :20,22,23,24,
22 :20,21,23,24,
23 :20,21,22,24,
24 :20,21,22,23,
25 :26,27,28,29,
26 :25,27,28,29,
27 :25,26,28,29,
28 :25,26,27,29,
29 :25,26,27,28,
30 :31,32,33,34,
31 :30,32,33,34,
32 :30,31,33,34,
33 :30,31,32,34,
34 :30,31,32,33,
35 :36,37,38,39,
36 :35,37,38,39,
37 :35,36,38,39,
38 :35,36,37,39,
39 :35,36,37,38,
40 :41,42,43,44,
41 :40,42,43,44,
42 :40,41,43,44,
43 :40,41,42,44,
44 :40,41,42,43,
45 :46,47,48,49,
46 :45,47,48,49,
47 :45,46,48,49,
48 :45,46,47,49,
49 :45,46,47,48,
50 :51,52,53,54,
51 :50,52,53,54,
52 :50,51,53,54,
53 :50,51,52,54,
54 :50,51,52,53,
55 :56,57,58,59,
56 :55,57,58,59,
57 :55,56,58,59,
58 :55,56,57,59,
59 :55,56,57,58,
60 :61,62,63,64,
61 :60,62,63,64,
62 :60,61,63,64,
63 :60,61,62,64,
64 :60,61,62,63,
65 :66,67,68,69,
66 :65,67,68,69,
67 :65,66,68,69,
68 :65,66,67,69,
69 :65,66,67,68,
70 :71,72,73,74,
71 :70,72,73,74,
72 :70,71,73,74,
73 :70,71,72,74,
74 :70,71,72,73,
75 :76,77,78,79,
76 :75,77,78,79,
77 :75,76,78,79,
78 :75,76,77,79,
79 :75,76,77,78,
80 :81,82,83,84,
81 :80,82,83,84,
82 :80,81,83,84,
83 :80,81,82,84,
84 :80,81,82,83,
85 :86,87,88,89,
86 :85,87,88,89,
87 :85,86,88,89,
88 :85,86,87,89,
89 :85,86,87,88,
90 :91,92,93,94,
91 :90,92,93,94,
92 :90,91,93,94,
93 :90,91,92,94,
94 :90,91,92,93,
95 :96,97,98,99,
96 :95,97,98,99,
97 :95,96,98,99,
98 :95,96,97,99,
99 :95,96,97,98,
#
It:0:Diff:71:PSOStep:8:Time:5.032148696:s:AutomataStep:8:Transition:00100110100001000010100010001010111000100110100011001100001011100010000011000010111001001100111010000100110011000010111000100010011011001110001011001110101010100010111011000110110011000100101011000110010000001000101000001000110011000110110000101110110010000110001011000110011010100110001011100110010011100100101001101000010001001110000011100000100011000110000001001010110000000010010010100110011010000110000010101110011011000010101011000100101010001100010000100010010011101010110000100100111000100000110010001010
000000000000000000000
000000000000000000000
000000000010000000000
000000000001000000000
000000001100100000000
000000000010010000000
000000100000101000000
000000101110011100000
000001011001011010000
000010111110011001000
001000011100000110100
000010000111111000000
000011111010000000000
000001000100110000000
000000100010000000000
000000001000000000000
000000001110000000000
000000000000000000000
000000000000000000000
000000000000000000000
000000000000000000000
#
It:5:Diff:61:PSOStep:7:Time:11.091195799:s:AutomataStep:7:Transition:00100110100000100010100000100000110000000110100001000110010000000000110001000100011010001000100001101110100000000000000000000010111001100110000010000000000011101000010010100110000001000000011001000000011001100000011011000000110010000110100000000110110001100110100001000000011011100110101001100110011001100110110011000110011001001000011011100000010000000100000000000110000010000100011011000110010001100100010011100110000011000000011000000110011000000110000000000100111011100110110001000110110011000000110000000000
000000000000000000000
000000000000000000000
000000000000000000000
000000000010000000000
000000000101000000000
000000000011100000000
000000001100000000000
000000101100011000000
000000001011000100000
000010000000110010000
000101000001110001000
000011100001000010000
000000110000000100000
000000110010001000000
000000000000100000000
000000001100000000000
000000000101000000000
000000000010000000000
000000000000000000000
000000000000000000000
000000000000000000000
#
It:52:Diff:45:PSOStep:7:Time:58.780285052:s:AutomataStep:7:Transition:00100010011011100010001011100010110001101100110000100110001000100010111010001110110010000110100000100000111000100010001000101110101011101100001011001010001001100010111011001100001011101110110001001110000000101110110000101000001001000010010010001000100000100010001000100000101000100010000010001100001011101100110011101100110000100010010000000010101000001000001000101000111001001100110001101100001001000010001011001100001010100010100000101100010001001110001000101100000000101100110011001000001010101110100010101000
000000000000000000000
000000000000000000000
000000000000000000000
000000000010000000000
000000000001000000000
000000000010100000000
000000000011010000000
000000001111101000000
000000000011110100000
000000011100010010000
000000111001111101000
000001100110001010000
000001110010101100000
000000100100111000000
000000001001010000000
000000000010100000000
000000000111000000000
000000000010000000000
000000000000000000000
000000000000000000000
000000000000000000000
#
It:186:Diff:45:PSOStep:7:Time:194.438216766:s:AutomataStep:7:Transition:00100010111011101110000010000010111010100100110000100010100000100010111000001110110010101010001011100010101000100010001000101110111010101100001011000010001010100110000011001100001001101000110011101010000000100110110000001110001011000010010010000000110011100010001001100110001011101000001000001100001000101100110010001100110011101010110000101110011001100010001000101010000010001100110001101100010010001010110011101100001001100010110010101100110000101000001000101100000000101100110011001010101001101100100000001100
000000000000000000000
000000000000000000000
000000000000000000000
000000000010000000000
000000000111000000000
000000001110100000000
000000011100110000000
000000111000001000000
000001111111011100000
000011111111000010000
000111111101101111000
000010110110010100000
000001111100000000000
000000101110100000000
000000001011000000000
000000000110000000000
000000000111000000000
000000000010000000000
000000000000000000000
000000000000000000000
000000000000000000000
#
It:231:Diff:43:PSOStep:7:Time:238.696121573:s:AutomataStep:7:Transition:00100010111001001000010000100010101011101000110000100010101000100010001001000010110000000010001011100010001000100010001000101100101010101100001011001000001011000000010011001100001001101010110011100110000000101010110011000000001010000010110000101000110010100010001000000010101011001000001011001100001000101100110010001100110000100110110000100110010000101010001000100010111010001100110000001100111010001100001011101100001000100010111001101100110000001100001000101100000000101100110011000010110010001100110001001000
000000000000000000000
000000000000000000000
000000000000000000000
000000000010000000000
000000000111000000000
000000001010100000000
000000011000010000000
000000101100011000000
000001000110100100000
000010001000100010000
000110011101100111000
000011010000000000000
000000111000111100000
000000100010000000000
000000001011000000000
000000001110100000000
000000000111000000000
000000000010000000000
000000000000000000000
000000000000000000000
000000000000000000000
#
It:234:Diff:42:PSOStep:7:Time:241.880128322:s:AutomataStep:7:Transition:00100010111001001110101000100010001010100010110010100000101000100010001011001010110000100110111000100010000000100010000011001100111010101100001011001100001011001110010011001100001011100100110011101100000000100000110010000010001010000010110000101100110000100010001000101100001001001010001011001100001000101100110000101100110010100010110000100110110000100000110000100000111010101100110000101100110011100010001001001100001001100010110011101100110001001100001000101100001000101100110010001000001010101100110010101100
000000000000000000000
000000000000000000000
000000000000000000000
000000000010000000000
000000000101000000000
000000000001100000000
000000011111010000000
000000110011011000000
000001100010110100000
000011100010000010000
000111111100011110000
000010101111001010000
000001001001001100000
000000101110110000000
000000000011000000000
000000001100000000000
000000000111000000000
000000000010000000000
000000000000000000000
000000000000000000000
000000000000000000000
#
It:242:Diff:34:PSOStep:7:Time:250.419786582:s:AutomataStep:7:Transition:00100010100011001010101001001010111010100010111000101110001000100100001001101010111011101010100000100010111000100010001000100010111011001110001011101110001010001000011010101110001010100110100011101000000000100110111000100110001000100010101000001100111001000010001000100010010010100100010011101110001001001110111011001000111001100000111000101110011000101010001000100010111011101110111000101110101011100010001011101110101010000010111010001110111010101110001001001100001000101110010011101110001010001000010000101100
000000000000000000000
000000000000000000000
000000000000000000000
000000000010000000000
000000000101000000000
000000000000100000000
000000011100110000000
000000010110001000000
000000111101111100000
000011110010110010000
000110110111110111000
000010110011101010000
000001111100111100000
000000101110111000000
000000001001110000000
000000000111100000000
000000000111000000000
000000000010000000000
000000000000000000000
000000000000000000000
000000000000000000000
#
It:276:Diff:34:PSOStep:7:Time:284.392087391:s:AutomataStep:7:Transition:00100010111001001110101010100000111011101000111011101110001000100010011010100100101000000100010001100010101010100010001000100110100000101110001010000110001011000100111001101110001011101100111011101000111001000010111001101100000010100010111010001110101010100010001010001110101010100110001011101110001010101110101001101100111010000000111000100010100000101010001000100010101011001110111010001110100001101010011011101110001011000010111001101110100011001100001000101110001000101110111011101110000001101110100000101110
000000000000000000000
000000000000000000000
000000000000000000000
000000000010000000000
000000000111000000000
000000000000100000000
000000010001110000000
000000101011001000000
000000100011100100000
000010110001011010000
000110111100101011000
000010010110111110000
000001010000111100000
000000100000101000000
000000011101010000000
000000001010100000000
000000000111000000000
000000000010000000000
000000000000000000000
000000000000000000000
000000000000000000000
#
It:416:Diff:32:PSOStep:7:Time:428.693487289:s:AutomataStep:7:Transition:00100010110010100100101000101010111011100110111011001000001000100010101010100000101000101000010010000010011000100010001000100000100000101110001010000110001001101110111010101110001011101110111011101100101010100010111010000010000010000010110010001110010000000010001010001100011000001000000011101110001010001110011001101010111001000010111000100010000000101110001000100010011001001110111010001110010001100100000011001100001000000010111001101110101011101110001000001110110000101110110011101110001010001110100000101110
000000000000000000000
000000000000000000000
000000000000000000000
000000000010000000000
000000000111000000000
000000000000100000000
000000010001110000000
000000000100001000000
000001100100011100000
000010000011101010000
000110111101010101000
000010010010101010000
000001100101010100000
000000101110101000000
000000011101010000000
000000001010100000000
000000000101000000000
000000000010000000000
000000000000000000000
000000000000000000000
000000000000000000000
end
