PSO TRACE
INIT:../../instances/fazia/init.csv
REF:../../instances/fazia/asvn4.csv
DecodingPolicy:Nibble:CDLE2
MutationPolicy:Std
ParticleNeighborhood:Fixed
ParticleDims:146
ParticleCount:100
AccP:2.0
AccG:2.0
AccL:1.5
AccI:2.3
Pos:0.0-3.0
Inertia:0.9-0.6
VeloMax:2.0
MaxPSOIteration:500
InertiaDecrFactor:6.000000000000001E-4
INIT
000000000000000000000
000000000000000000000
000000000000000000000
000000000000000000000
000000000000000000000
000000000000000000000
000000000000000000000
000000000000000000000
000000000000000000000
000000000000000000000
000000000010000000000
000000000000000000000
000000000000000000000
000000000000000000000
000000000000000000000
000000000000000000000
000000000000000000000
000000000000000000000
000000000000000000000
000000000000000000000
000000000000000000000
REF
000000000000000000000
000000000000000000000
000000000000000000000
000000000010000000000
000000000111000000000
000000001011100000000
000000011011110000000
000000101111111000000
000001100001111100000
000010110010101110000
000110111101110111000
000010110111111010000
000001111111111100000
000000101110101000000
000000011111110000000
000000001010100000000
000000000111000000000
000000000010000000000
000000000000000000000
000000000000000000000
000000000000000000000
Nibble Decoder
0 :1,2,3,4,
1 :0,2,3,4,
2 :0,1,3,4,
3 :0,1,2,4,
4 :0,1,2,3,
5 :6,7,8,9,
6 :5,7,8,9,
7 :5,6,8,9,
8 :5,6,7,9,
9 :5,6,7,8,
10 :11,12,13,14,
11 :10,12,13,14,
12 :10,11,13,14,
13 :10,11,12,14,
14 :10,11,12,13,
15 :16,17,18,19,
16 :15,17,18,19,
17 :15,16,18,19,
18 :15,16,17,19,
19 :15,16,17,18,
20 :21,22,23,24,
21 :20,22,23,24,
22 :20,21,23,24,
23 :20,21,22,24,
24 :20,21,22,23,
25 :26,27,28,29,
26 :25,27,28,29,
27 :25,26,28,29,
28 :25,26,27,29,
29 :25,26,27,28,
30 :31,32,33,34,
31 :30,32,33,34,
32 :30,31,33,34,
33 :30,31,32,34,
34 :30,31,32,33,
35 :36,37,38,39,
36 :35,37,38,39,
37 :35,36,38,39,
38 :35,36,37,39,
39 :35,36,37,38,
40 :41,42,43,44,
41 :40,42,43,44,
42 :40,41,43,44,
43 :40,41,42,44,
44 :40,41,42,43,
45 :46,47,48,49,
46 :45,47,48,49,
47 :45,46,48,49,
48 :45,46,47,49,
49 :45,46,47,48,
50 :51,52,53,54,
51 :50,52,53,54,
52 :50,51,53,54,
53 :50,51,52,54,
54 :50,51,52,53,
55 :56,57,58,59,
56 :55,57,58,59,
57 :55,56,58,59,
58 :55,56,57,59,
59 :55,56,57,58,
60 :61,62,63,64,
61 :60,62,63,64,
62 :60,61,63,64,
63 :60,61,62,64,
64 :60,61,62,63,
65 :66,67,68,69,
66 :65,67,68,69,
67 :65,66,68,69,
68 :65,66,67,69,
69 :65,66,67,68,
70 :71,72,73,74,
71 :70,72,73,74,
72 :70,71,73,74,
73 :70,71,72,74,
74 :70,71,72,73,
75 :76,77,78,79,
76 :75,77,78,79,
77 :75,76,78,79,
78 :75,76,77,79,
79 :75,76,77,78,
80 :81,82,83,84,
81 :80,82,83,84,
82 :80,81,83,84,
83 :80,81,82,84,
84 :80,81,82,83,
85 :86,87,88,89,
86 :85,87,88,89,
87 :85,86,88,89,
88 :85,86,87,89,
89 :85,86,87,88,
90 :91,92,93,94,
91 :90,92,93,94,
92 :90,91,93,94,
93 :90,91,92,94,
94 :90,91,92,93,
95 :96,97,98,99,
96 :95,97,98,99,
97 :95,96,98,99,
98 :95,96,97,99,
99 :95,96,97,98,
#
It:0:Diff:75:PSOStep:5:Time:4.69148054:s:AutomataStep:5:Transition:00000000011010100100111010101100100001001010111001100000110010001100011010000100011001001100110001000000001011101000011001000110100010001010000011101010100001000100110011001000001001101100111001100000011000100110010010101100001011000110100001101100101010000110010010000100111000000100011011101010000010100010001001001100010011101100010010000000111000000000110000001110101000100100011010000010001000101100010011000000000010100110010011100110001010001000110011000010101000100110000001101010011000000100111001001110
000000000000000000000
000000000000000000000
000000000000000000000
000000000000000000000
000000000000000000000
000000000000000000000
000000000000000000000
000000000000000000000
000000000000000000000
000000000000000000000
000000000001110100000
000000001100111000000
000000000010100000000
000000110110000000000
000000011101000000000
000001101010000000000
000000000000000000000
000000000000000000000
000000000000000000000
000000000000000000000
000000000000000000000
#
It:1:Diff:70:PSOStep:7:Time:6.167205964:s:AutomataStep:7:Transition:00101000100001000100000011101100000011101100011010100010110000000110100001100100111010001010010000000010011000001010010001001010111011001110101001101100011000100010110011001010100000001010101000001010110010101100110001100110011011100110101000100000100010100110100000001010110000100100001001101000101000001010110001001100101010101100010001100000000011000110011000100000100011001100111001101010010000001000101000000100101010000000011010101010000011000010110000000000001000101000110001001000011001000110010001000010
000000000000000000000
000000000000000000000
000000000000000000000
000000000000000011000
000000000000000000000
000000000001010010000
000000000011011100000
000000000001001100000
000000010000000000000
000000000111001000000
000110110000110000000
000010000011010000000
000001100000000000000
000000100000100000000
000000011011000000000
000000001011000000000
000000000110000000000
000000000010000000000
000000000000000000000
000000000000000000000
000000000000000000000
#
It:3:Diff:68:PSOStep:7:Time:8.547272335:s:AutomataStep:7:Transition:00100110010010100000111011100100111010101000111010101000010001000010010001100000111001000100010010001000111011100010010001100100000010101110001011100100101010001100010001001000010000101110111011101110010010100100000000101000000000100000111011101110010011100100001010000100101011100100000001000100010011001110101001000100111001000100011010001110111010001110010011101110010001000100111010000110010011101000111011101110000011101000100010100100111001001110010011100010100011100100010001001010001011001010111010001110
000000000000000000000
000000000000000000000
000000000000000000000
000000000010000000000
000000000001000000000
000000000010100000000
000000000110010000000
000000000001101000000
000000000101110100000
000000000000010010000
000000000001100111000
000000000001000110000
000000000101000000000
000000000100010000000
000000000010100000000
000000000011100000000
000000000000000000000
000000000000000000000
000000000000000000000
000000000000000000000
000000000000000000000
#
It:17:Diff:65:PSOStep:7:Time:24.506008436:s:AutomataStep:7:Transition:00100010000010100100011010101100111001000000001001001100000011000010100010001000111000001010000011101000100011101100110000000010111011101010100001100010110001001100000000000110000010001010000000000110000000000000111010000000101000000110111000001110000011100000011011100110011001100000011000100110101011101110111010000110111001000000011011101010111000000100100011101110100000000110111001100000011011100110111011100000011011101110000010100000111000001110010011101010101010001000000001101000101001100010001000001100
000000000000000000000
000000000000000000000
000000000000000000000
000000000010000000000
000000000001000000000
000000000010000000000
000000000000010000000
000000000000111000000
000000000000010000000
000000000100000110000
000000000100000001000
000000001100100010000
000000000101110000000
000000000111100000000
000000011110000000000
000000000110000000000
000000000100000000000
000000000010000000000
000000000000000000000
000000000000000000000
000000000000000000000
#
It:21:Diff:47:PSOStep:7:Time:29.021517808:s:AutomataStep:7:Transition:00100010111011101110000000101010111000100010011010000100100011100110010011101100010000101000001011100010111011101100001000001110001001000010001011100010011001101100001000100110001000101100111011101110001000100010001010100010010010000110010010001110001011100110010010100000011011101000010000100010001001100000110000100100001000101010100001101110111000100110110011101110000000101000010010000010101000100010010001101110001010100000000010001110111000101110001011100010100011100110001010101100001011001110000000100000
000000000000000000000
000000000000000000000
000000000000000000000
000000000010000000000
000000000111000000000
000000001111100000000
000000010001110000000
000000101010011000000
000001010010000100000
000010000010000010000
000111111001110111000
000001000000011100000
000000011100011100000
000000110011101000000
000000000000100000000
000000000010100000000
000000000111000000000
000000000000000000000
000000000000000000000
000000000000000000000
000000000000000000000
#
It:31:Diff:43:PSOStep:7:Time:39.958509033:s:AutomataStep:7:Transition:00100100110000001110010011000010111000100010110010100010011011100110111010101110001001100110100011101010111011101010001011101100111010100010001011100010011000100010001000100000001001101110000000101110111000100010011000101100010001100000101000101100110011100010010011101110110011100100100000101100001011001110001000101000110011101000001000101110111011100000101011101110100000100010101001100010100011101110010010100110001001100010111010000010000000101110001011100110001011101100001000100010011010100000101011101110
000000000000000000000
000000000000000000000
000000000000000000000
000000000010000000000
000000000111000000000
000000000101100000000
000000011001110000000
000000001101011000000
000001101101001100000
000000101000001110000
000111001000010011000
000010000001101110000
000000011110101100000
000000000111111000000
000000000110110000000
000000001111100000000
000000000011000000000
000000000010000000000
000000000000000000000
000000000000000000000
000000000000000000000
#
It:57:Diff:39:PSOStep:7:Time:69.599237709:s:AutomataStep:7:Transition:00100110111011101110010011100010111001000000010001100010101011100110111011101110100010101000100001000100111011101110010001001110111011100010001000000010010000100010001000100000001010000100011001001110000011100010011000100100110000100110000000101000110011100100011000001110101010100100011000101100001011101110011000101110111010101000101010101110111010101100001011101110111000101010011011000010000011100010001001001110001011000010101010000100111000001110001011101010111011100010001000101000111000101110111001001010
000000000000000000000
000000000000000000000
000000000000000000000
000000000010000000000
000000000111000000000
000000001111100000000
000000011111110000000
000000111000111000000
000001110110011100000
000011101100101110000
000111101001110111000
000010011010101110000
000001010111101100000
000000001110001000000
000000010000000000000
000000001000100000000
000000000100000000000
000000000010000000000
000000000000000000000
000000000000000000000
000000000000000000000
#
It:76:Diff:38:PSOStep:7:Time:90.666846848:s:AutomataStep:7:Transition:00100010111011101110111010100010111000101010101001101100001011100100011011101010101001100010001010101100111011101110100000100000111011100010001000101000100000100100001010001110001011000010000011001110000010000010101000001110001000101110111000100010111011100010100011101110001010100010101000100110001011100100111011001110001010001000001011001110111001100010001011100110111000101000011010000010001010100000001000101110001011100010010000101110110011100110001011100010011011100010001000100010011000100110111001100110
000000000000000000000
000000000000000000000
000000000000000000000
000000000010000000000
000000000111000000000
000000001000100000000
000000011111110000000
000000001101001000000
000001011101111100000
000011010001100010000
000111000100000001000
000010110001001010000
000001101111100000000
000000100110101000000
000000011111010000000
000000001001100000000
000000000111000000000
000000000010000000000
000000000000000000000
000000000000000000000
000000000000000000000
#
It:78:Diff:31:PSOStep:7:Time:92.983169399:s:AutomataStep:7:Transition:00100010111011101110001000001110111000100110111000000000110011100010110011101100100001000010001011100010010011101110001000100010111011101010111001101000001011001110001000101110001000100010010011001100111010100010001000100000001000101000111000100010011011100010101010101110001000000010111010000010001011100010010000101010111000100010001000100000111011100010001011100000011000100010001010101000001001100010100000101110110011100010100000101110111011101110110011100010100010001000000000101000110011101010111001001110
000000000000000000000
000000000000000000000
000000000000000000000
000000000010000000000
000000000111000000000
000000001110100000000
000000011101010000000
000000001011001000000
000000100001011100000
000010011000101010000
000111111001010101000
000010100111101010000
000001011001010100000
000000101110101000000
000000010001010000000
000000001110100000000
000000000111000000000
000000000010000000000
000000000000000000000
000000000000000000000
000000000000000000000
#
It:265:Diff:31:PSOStep:7:Time:310.133640581:s:AutomataStep:7:Transition:00100010111011101110101011101110111000100000010001000000111011000010010011101110111000001010001001100010111011101110001000001010111011101110001000100010011000001110011000101010001010001000001011101010100011000010001000100000001001100000111011101110000011100010000011101110010001100010010001000010011001000100011000100010111000100110001000100110111011100010001011100010111000100010011010001010001011000010111000101110010011101010001000100010111000001110010011100010001010000010001011100010001010100010111010001000
000000000000000000000
000000000000000000000
000000000000000000000
000000000010000000000
000000000111000000000
000000001011100000000
000000011110010000000
000000101001011000000
000001111000000100000
000010100010100110000
000111111111010101000
000011101110111010000
000001010111010100000
000000101010101000000
000000011001010000000
000000001010100000000
000000000101000000000
000000000010000000000
000000000000000000000
000000000000000000000
000000000000000000000
#
It:302:Diff:28:PSOStep:7:Time:352.23171438:s:AutomataStep:7:Transition:00100110111011101110100011101110111000000010111001100000100011100010111011101110100011001010100000100010001011101000001000101000111011101110000000001010001000001110001000101110001000100010001001000110001001000010001000100100001000100010101000101010101011100010111011101110001000000010000010100010001011100100000000101000100000100010001011100110111011100010001011100000001000101000000001101100101011100010101000101110111010100010110000100000111011001110000011100010001000101010101010100000011010001110111011101010
000000000000000000000
000000000000000000000
000000000000000000000
000000000010000000000
000000000111000000000
000000001111100000000
000000011101110000000
000000000111101000000
000000010101011100000
000011011010111110000
000110000101101111000
000010010011101010000
000001111110111100000
000000111010101000000
000000010011110000000
000000001010100000000
000000000111000000000
000000000010000000000
000000000000000000000
000000000000000000000
000000000000000000000
end
