PSO TRACE
INIT:../../instances/fazia/init.csv
REF:../../instances/fazia/asm4.csv
DecodingPolicy:Nibble
MutationPolicy:Std
ParticleNeighborhood:Fixed
ParticleDims:146
ParticleCount:100
AccP:2.0
AccG:2.0
AccL:1.5
AccI:2.3
Pos:0.0-3.0
Inertia:0.9-0.6
VeloMax:2.0
MaxPSOIteration:500
InertiaDecrFactor:6.000000000000001E-4
INIT
000000000000000000000
000000000000000000000
000000000000000000000
000000000000000000000
000000000000000000000
000000000000000000000
000000000000000000000
000000000000000000000
000000000000000000000
000000000000000000000
000000000010000000000
000000000000000000000
000000000000000000000
000000000000000000000
000000000000000000000
000000000000000000000
000000000000000000000
000000000000000000000
000000000000000000000
000000000000000000000
000000000000000000000
REF
000000000000000000000
010000000000000000010
001011111111111111110
000000000000000000000
001011111111111110100
001011111111111110100
001011111111111110100
001011111111111110100
001011111011111110100
001011111101111110100
001011000101111110100
001011000110111110100
001011110111111110100
001011111111111110100
001011111111111110100
001011111111111110100
001011111111111110100
010100000000000001100
001011111111111110010
010000000000000001000
000000000000000000000
Nibble Decoder
0 :1,2,3,4,
1 :0,2,3,4,
2 :0,1,3,4,
3 :0,1,2,4,
4 :0,1,2,3,
5 :6,7,8,9,
6 :5,7,8,9,
7 :5,6,8,9,
8 :5,6,7,9,
9 :5,6,7,8,
10 :11,12,13,14,
11 :10,12,13,14,
12 :10,11,13,14,
13 :10,11,12,14,
14 :10,11,12,13,
15 :16,17,18,19,
16 :15,17,18,19,
17 :15,16,18,19,
18 :15,16,17,19,
19 :15,16,17,18,
20 :21,22,23,24,
21 :20,22,23,24,
22 :20,21,23,24,
23 :20,21,22,24,
24 :20,21,22,23,
25 :26,27,28,29,
26 :25,27,28,29,
27 :25,26,28,29,
28 :25,26,27,29,
29 :25,26,27,28,
30 :31,32,33,34,
31 :30,32,33,34,
32 :30,31,33,34,
33 :30,31,32,34,
34 :30,31,32,33,
35 :36,37,38,39,
36 :35,37,38,39,
37 :35,36,38,39,
38 :35,36,37,39,
39 :35,36,37,38,
40 :41,42,43,44,
41 :40,42,43,44,
42 :40,41,43,44,
43 :40,41,42,44,
44 :40,41,42,43,
45 :46,47,48,49,
46 :45,47,48,49,
47 :45,46,48,49,
48 :45,46,47,49,
49 :45,46,47,48,
50 :51,52,53,54,
51 :50,52,53,54,
52 :50,51,53,54,
53 :50,51,52,54,
54 :50,51,52,53,
55 :56,57,58,59,
56 :55,57,58,59,
57 :55,56,58,59,
58 :55,56,57,59,
59 :55,56,57,58,
60 :61,62,63,64,
61 :60,62,63,64,
62 :60,61,63,64,
63 :60,61,62,64,
64 :60,61,62,63,
65 :66,67,68,69,
66 :65,67,68,69,
67 :65,66,68,69,
68 :65,66,67,69,
69 :65,66,67,68,
70 :71,72,73,74,
71 :70,72,73,74,
72 :70,71,73,74,
73 :70,71,72,74,
74 :70,71,72,73,
75 :76,77,78,79,
76 :75,77,78,79,
77 :75,76,78,79,
78 :75,76,77,79,
79 :75,76,77,78,
80 :81,82,83,84,
81 :80,82,83,84,
82 :80,81,83,84,
83 :80,81,82,84,
84 :80,81,82,83,
85 :86,87,88,89,
86 :85,87,88,89,
87 :85,86,88,89,
88 :85,86,87,89,
89 :85,86,87,88,
90 :91,92,93,94,
91 :90,92,93,94,
92 :90,91,93,94,
93 :90,91,92,94,
94 :90,91,92,93,
95 :96,97,98,99,
96 :95,97,98,99,
97 :95,96,98,99,
98 :95,96,97,99,
99 :95,96,97,98,
#
It:0:Diff:163:PSOStep:8:Time:0.420119286:s:AutomataStep:8:Transition:01000000110011001100101000001010100010100100010001001010110001101010000001000110000010001000011011000000011010101110010010101110110000101010111001000110001011101110000011100110101010101000110010001110111001001010010000000100001000001110010001100000110000001000111001000000101001000100000010000010010011100000000010100000101010100100101001100100010001001110101000101010010011101000001001100110001010001100100001100010111000001010011001001010000011100000101010000010010010100000110010001100100000100010000000000000
000000000000000000000
000000000000000000000
001000000000000000000
001000000000000000000
001011100000000000000
000010100000000000000
001110010110000000000
001000001000000000000
001001100110011000000
000001101100001010000
001101100100010001100
001010100000100001000
001010101110001101100
000010001100001001100
001100110111101111100
001001100101100110100
001000000011110001100
000000011001100111100
001101101101011000100
000000000000000000000
000000000000000000000
#
It:1:Diff:159:PSOStep:8:Time:0.886938567:s:AutomataStep:8:Transition:00001110110011100010101010000010011000000010100011100100001001000100110011001110001001101110110001100000111010101000111000100100101000001000110000001110010010100000111001100100110000100000000011001110101010100010000011001010100001000110100010001110011011101100111011001110000000001010111000101100000011100110001010100110101010101010011001000100000001100000110011101000010011000010110011100000001011000000111000101100110001001100000010101010000000100110101011001110011010001000111010101010110001000000001011001010
000000000000000000000
000000000000000000000
000000000000000000100
000000000000000010000
000000000000001000100
000000000000111110000
000000000010110110100
000000001000011010000
000000110011010011100
000010110111000110000
001010011100100000100
000111101000110101000
000011110110000000100
000001111110011010000
000000110010011000100
000000010001100100000
000000001000011000100
000000000110000011000
000000000010111111100
000000000000000000000
000000000000000000000
#
It:2:Diff:151:PSOStep:6:Time:1.027543183:s:AutomataStep:6:Transition:01101100110011001100001010101110110001001110101011000110110001101000000001101110100011001100000001101000111001100010110000101100011000101000110011101000001000101000011011101100001000001010111000000110110010000110001010000000011011001010100001101010110011001000100000101110001000100010010010100110010011101100110001101100101011000010111010001010001010000010010011000010010011001110011011100010000010101100000001100110011001100000000000100010111000101010011010101000111000100000000001100110000010000000101011001010
000000000000000000000
000000000000000000000
000000000000000000000
000000000000000000000
000010001000100010000
000011011111100100000
000010001101111100000
000000001010001110000
000010111101000110000
000010000000011010000
000010011111000110000
000000110110110100000
000011011111101010000
000010000000000110000
000010111010111000000
000000010101010110000
000010101010101010000
000000000000000000000
000000000000000000000
000000000000000000000
000000000000000000000
#
It:8:Diff:150:PSOStep:6:Time:1.555391415:s:AutomataStep:6:Transition:01001110100011101000110010101110010011100110010011101110111001001010110011101110100011101000110001001010010001101000111011101110000010001010110011100100110011000100010001101110110011100100111010000100111001001110111010000000010011101110000001001010000011101000010011101000011011101110000001001110000011000000111010101110111011001110111001001110011000101010110011001110010010001100010011100100010001001000010011100100010001001110110011001110101001101000111001000100111011100100010001000110010000000100010011100100
000000000000000000000
000000000000000000000
000000000000000000000
000000000000000000000
000010101010101010000
000000010101100100000
000011001010100000000
000011100110111000000
000010100101101010000
000000001100110000000
000011100011100000000
000011010100100100000
000010111110001010000
000000011111111100000
000010011111111000000
000011100000000000000
000010101010101010000
000000000000000000000
000000000000000000000
000000000000000000000
000000000000000000000
#
It:11:Diff:135:PSOStep:6:Time:1.84313393:s:AutomataStep:6:Transition:01101110110000000100100000000000100011101110111011100010111010001100010010001110110000000100111000001100101001101000000000001100100010001000100001101100111011001100110010100000101000001000100011101100111011100110000010001100100011100000101010100110110000001000110010101100100000101110111011101110100011101110110010101110100001001110000010000110000010001010000001000000100010001110011011101100100011000110101011101000101010000110101010001110010011101100000000100100111010000000110010000010100001001010010000001000
000000000000000000000
000000000000000000000
000000000000000000000
000000000000000000000
000010011110110110000
000010011010110110000
000000000000110110000
000001011111110110000
000010101110110110000
000010001110010110000
000001001000110110000
000010100111110110000
000010111100100110000
000000110010010110000
000000000000000110000
000011011011011110000
000011111111111110000
000000000000000000000
000000000000000000000
000000000000000000000
000000000000000000000
#
It:37:Diff:132:PSOStep:8:Time:4.092190542:s:AutomataStep:8:Transition:01001110100001101110010001000100101011101110001011100110101010101110010001001110101001001110010011100100111000001010100001100010000001000100110010100100010011101100001000100000010010000100011011101110010011100100011001001010010011100010011011100000111010101000000011100100010001001110111011101110010011101100111011100100001010100100011000100110010010101010010010100010000010101110101011000100010000101100110011101010101010101110001000001110010011001100010000101010111001000010111001001110100001101010101001100000
000000000000000000000
000000000000000000000
001010101010101010100
000000000000000000100
001000101010100000100
001000110101001110100
001011000001101000100
001001111110011000100
001000000010110000100
001000010010011010100
001010000111000010100
001011001110000000100
001010111001000000100
001000100010000010100
001001111000110100100
001000101111001100100
001011111010000100100
000011101100101001100
001000000000000000100
000000000000000000000
000000000000000000000
#
It:52:Diff:124:PSOStep:8:Time:5.387538982:s:AutomataStep:8:Transition:01001110110001001000010001000110110011101110011011100100110011001110000001001110000001001010011011000100111011001110001001000000010001000100101000001000001011001110110010100100010011100100010011101110001011100110010001001000010010100010010011100000111010001110111011100100010000101110111010001100010011101000111011100000001011000010001001100010001010001010010011000100101011101110010011100100010001000100110010101100110010001100010001101110001011101110010010101010111001000100111001001000000001101010001001000000
000000000000000000000
000000000000000000000
001010101010101010100
001000000000101010100
001000001010101010100
000000101111001010100
001010101100101010100
001011001100110010100
001010101100111010100
000010101100100000100
001000101100001110100
001010100101011100100
001011101100110010100
000000110101101010100
001001101001111100100
001000011100110110100
001011111010101000100
000000011010100110100
001000000000000000100
000000000000000000000
000000000000000000000
#
It:103:Diff:120:PSOStep:8:Time:9.819458115:s:AutomataStep:8:Transition:01001110101010001110001001000100111011101110011011100000111010001110110001101110011001000010010011100000111011001110011001000100010001000100000001001110011000001110010001000100010011101010010011101110100010000000000001001110010010101010010011000000111001001000101011001000010000001110111011101110010011101110111000001110001010100100000010100010001000100110010000101010110010001110101011100100010010100100110011101000100011000000010001001110010000100000000001000000111001101010111001001110101000101110010011100110
000000000000000000000
000000000000000000000
001010101010101010100
000000000000101001100
001101111010101000100
001000100111000100100
001000111100000110100
001010001010000110100
001010110010010000100
001001110100101110100
001011001011111010100
001000111111011110100
001111111111111010100
001010011100001010100
001010110100000110100
001000011000011110100
001000101111111100100
000010000011100110100
001000000000000000100
000000000000000000000
000000000000000000000
#
It:121:Diff:113:PSOStep:8:Time:11.30300985:s:AutomataStep:8:Transition:01001110110001101110010001000100111011101110101011101000111001001110110011001110011001001010010011100000111011101110110001000100010001000100100001001110010011001110011001000100011010100010010011101110011010000110111001001110010011101000010011000010111001001010110010101010010000101110111011101100010011101110111000101110000010100100100010001110000000100110010001001110001001001110001011100110010000100100111011100100000011001000010001001110010000101110100001000010111001001100111001001110001010001110011000000100
000000000000000000000
000000000000000000000
001010101010101010100
001000000000000000100
001000101010101101100
001111111111101001100
001010111011011010100
001011010111000110100
001010110010100110100
001100011011000010100
001000110100011010100
001001000111011010100
001011000001010010100
001110111001001010100
001011000000101010100
001010111010100010100
001011110100111010100
001000000000000000100
001000000000000000100
000000000000000000000
000000000000000000000
#
It:132:Diff:111:PSOStep:8:Time:12.36616432:s:AutomataStep:8:Transition:01001110001001001110010001000100111011101110111011100100111010101110100010101110101001000110010011101110111011101110111001000100010001000100001001001110010011101110011001000100010011101010010011101110010001000100100001001110010011000100010011101010111001001110000000001110010000001110101011101100010011101110111001001110100000100110111000000000010011100100010010001100010001101110110011100100010011000100000011101110000010101110010001001110010011000010001001001100111001000010111001001110100000001110010000000110
000000000000000000000
000000000000000000000
001010101010101010100
000100100000000000100
001011011111111110100
000100101001011100100
001001101100111010100
000111111001101010100
001000001001101010100
000110001101101010100
001000001101101010100
000110011010101010100
001000100010101010100
000111111010101010100
001001001010101010100
000111111010101010100
001001101010101010100
000100101010101010100
001010101010101010100
000000000000000000000
000000000000000000000
#
It:168:Diff:107:PSOStep:8:Time:15.218413004:s:AutomataStep:8:Transition:01001110111001001110010010001000111011101110111011100100111011001110110011101110010001001010010011100010111011101110011001000100010001000100111001001110010000001110010001100100010011100010010011101110010001100100010001001110010011100110010011100110111001001110111000000100010010001110110011101110010011101110111001001110111010001100111000100010100011101000010011001010010011101110010011101000010010000100100011100100111011100110010001101110010001101110100001000100000001001110111001001110111011100110010010001110
000000000000000000000
000000000000000000000
001010101010101010100
001000000000000000100
001011001100101110100
001010100100000010100
001010100010000010100
001010101110110110100
001011101110010110100
001000011010110110100
001010100000110110100
001001110001110110100
001010010111110110100
001010111110101110100
001010101001111110100
001010100010001110100
001011100010001110100
001010101010101010100
001010101010101010100
000000000000000000000
000000000000000000000
#
It:218:Diff:102:PSOStep:8:Time:19.378555432:s:AutomataStep:8:Transition:01001110111001001110010001000010111011101110111011100100111001001110000011101110010001001010010011101110111011101110111010001110010001000100100001001110010001001110100010100100010010101100010011100100110010001010110001001110010000001100010011100100111001001010000011100110010011101110111011101100010011101110111001001110111000100010011001000100100010101000010011100010101010101110000011100100010011100100001011101010111010100100010000101110010011101110111001000100001001000110111001000010111011101110010011100100
000000000000000000000
000000000000000000000
001010101010101010100
001000000000000000100
001001101111111110100
001101101111110110100
001010001110111110100
001000011011110010100
001001111001110100100
001101111010001110100
001011000100110110100
001000011111110010100
001011011011100110100
001101000101010110100
001010000111100110100
001000111010101100100
001001100000011000100
001110101010101010100
001010101010101010100
000000000000000000000
000000000000000000000
#
It:236:Diff:100:PSOStep:8:Time:20.86928952:s:AutomataStep:8:Transition:01001110111001001110010010001110111011101110111011100100111011001110100011101110010001000010010011100110111011101110001001000100010001000100111001001110010011101110010001100100010011101000010010101110011000000100010001001110010011101100010011100110111001001110111011100100010011101110011011101110010011101110111001001110101011001010111001001010000011100100010000100110010000101110100011100010010011100100110011100100111011100100010010101110010000101110011001001000111001001010111001001010001011100100010010101100
000000000000000000000
000000000000000000000
001010101010101010100
001000000000000000100
001011111111101110100
001001011111010100100
001011100110101110100
001010100011100010100
001010000110010110100
001010000011101100100
001010111111100110100
001001010110000110100
001010101001101110100
001010111101011000100
001010111111111010100
001001011100010010100
001010101010101010100
001000100010001000100
001010101010101010100
000000000000000000000
000000000000000000000
#
It:260:Diff:99:PSOStep:8:Time:23.065455282:s:AutomataStep:8:Transition:01001110111001001110010000100000111011101110111011101010111001101110011011101110010001000110010011100010111011101110100001000110010001000100000001001110010011001110010010000100010011001010010011001010011001100100000001001110010011101010010011100010111001001110110011101000010000001110011011101110010011101110111001001110100011100110000001000010001011100100010011100010010010101110111011101010010011100100110011100100111011100100010010001110010000101110110001000100000001000000111001000010011011100110010011100100
000000000000000000000
000000000000000000000
001010101010101010100
001000000000000000100
001011111111111110100
001010001110000010100
001000111110111110100
001001000011110100100
001010010111111110100
001011011111000100100
001000100110011110100
001001000110110100100
001010000110110110100
001011010010000100100
001000001110100110100
001001011010100100100
001010111011101110100
001000101010101010100
001010101010101010100
000000000000000000000
000000000000000000000
#
It:286:Diff:97:PSOStep:8:Time:25.154597645:s:AutomataStep:8:Transition:01001110111001001110000001101100111011101110101011100000111010101110110011101110010001100000010011100100111011101110000001000010010001000100100001001110010010101110110001000100010010101010010000101110011000000100000001001110010011100100010011101100111001001110111010000100010011101110111011101110010011101110111001001110111000101010010000001100100010000100010001100000010011101110000011100000010011100100010011100100111011100000010001101110010010101010111001000100111001001110111001000100010011101010010011101010
000000000000000000000
000000000000000000000
001010101010101010100
001000000000000000100
001001110111110110100
001011010111010110100
001010001111110010100
001001000110001110100
001011101101101100100
001010101011101110100
001000101000111110100
001001000101111110100
001010010111110110100
001010101110101110100
001000100000000010100
001001010111100100100
001010011111110000100
001000000111100000100
001010101010101010100
000000000000000000000
000000000000000000000
#
It:355:Diff:91:PSOStep:8:Time:30.882387611:s:AutomataStep:8:Transition:01001110111001001110000001000100111011101110111011101100111001001110010011101110001010101010010001100100111011101010000000000010010001000100011001001110010001001110011000000100010011001010010011001110010011000100110001001110010011100010010011100100111001001110111011000100010011101100111011101110010011101100111001001110111011000110010001101110010000100100010011000010010010101110111011101100010010100100100011100100111011100100010001001110010011101110111010001100101001001110111001000010100011100000010011100010
000000000000000000000
000000000000000000000
001010101010101010100
001000000000000000100
001011111111111110100
001011010110000010100
001000110110000010100
001010111001001110100
001011101001011110100
001000100000110110100
001001000011010110100
001011001110010110100
001011010001011110100
001000100111101110100
001000111111110110100
001010101010101010100
001011101111101110100
001010101010101010100
001010101010101010100
000000000000000000000
000000000000000000000
#
It:385:Diff:90:PSOStep:8:Time:33.634309722:s:AutomataStep:8:Transition:01001110111001001110110000000000111011101110111011100000111001001110010011101110010001001010010011100000111011101110110010100110010001000100111001001110010000101110010001100100010011001000010011001110010001100100100001001110010011101010010011100100111001001110111011100110010011101110110011101110010011101100111001001110111010100010000001001100000010000100010001001110010000001110111011100110010011100100010011100100111011100100010001001110000001101110111001000100110001001110111001001000010011101110010011100110
000000000000000000000
000000000000000000000
001010101010101010100
001000000000000000100
001010111111111110100
001010011111111110100
001010111010101110100
001010101100111010100
001010101000110110100
001010101000100010100
001010101001111110100
001010101010010100100
001010100110001110100
001010101101111100100
001010101100110010100
001011010001010000100
001010111110110110100
001000100010001000100
001010101010101010100
000000000000000000000
000000000000000000000
end
