PSO TRACE
INIT:../../instances/fazia/init.csv
REF:../../instances/fazia/asm4.csv
DecodingPolicy:Nibble
MutationPolicy:Std
ParticleNeighborhood:Fixed
ParticleDims:146
ParticleCount:100
AccP:2.0
AccG:2.0
AccL:1.5
AccI:2.3
Pos:0.0-3.0
Inertia:0.9-0.6
VeloMax:2.0
MaxPSOIteration:500
InertiaDecrFactor:6.000000000000001E-4
INIT
000000000000000000000
000000000000000000000
000000000000000000000
000000000000000000000
000000000000000000000
000000000000000000000
000000000000000000000
000000000000000000000
000000000000000000000
000000000000000000000
000000000010000000000
000000000000000000000
000000000000000000000
000000000000000000000
000000000000000000000
000000000000000000000
000000000000000000000
000000000000000000000
000000000000000000000
000000000000000000000
000000000000000000000
REF
000000000000000000000
010000000000000000010
001011111111111111110
000000000000000000000
001011111111111110100
001011111111111110100
001011111111111110100
001011111111111110100
001011111011111110100
001011111101111110100
001011000101111110100
001011000110111110100
001011110111111110100
001011111111111110100
001011111111111110100
001011111111111110100
001011111111111110100
010100000000000001100
001011111111111110010
010000000000000001000
000000000000000000000
Nibble Decoder
0 :1,2,3,4,
1 :0,2,3,4,
2 :0,1,3,4,
3 :0,1,2,4,
4 :0,1,2,3,
5 :6,7,8,9,
6 :5,7,8,9,
7 :5,6,8,9,
8 :5,6,7,9,
9 :5,6,7,8,
10 :11,12,13,14,
11 :10,12,13,14,
12 :10,11,13,14,
13 :10,11,12,14,
14 :10,11,12,13,
15 :16,17,18,19,
16 :15,17,18,19,
17 :15,16,18,19,
18 :15,16,17,19,
19 :15,16,17,18,
20 :21,22,23,24,
21 :20,22,23,24,
22 :20,21,23,24,
23 :20,21,22,24,
24 :20,21,22,23,
25 :26,27,28,29,
26 :25,27,28,29,
27 :25,26,28,29,
28 :25,26,27,29,
29 :25,26,27,28,
30 :31,32,33,34,
31 :30,32,33,34,
32 :30,31,33,34,
33 :30,31,32,34,
34 :30,31,32,33,
35 :36,37,38,39,
36 :35,37,38,39,
37 :35,36,38,39,
38 :35,36,37,39,
39 :35,36,37,38,
40 :41,42,43,44,
41 :40,42,43,44,
42 :40,41,43,44,
43 :40,41,42,44,
44 :40,41,42,43,
45 :46,47,48,49,
46 :45,47,48,49,
47 :45,46,48,49,
48 :45,46,47,49,
49 :45,46,47,48,
50 :51,52,53,54,
51 :50,52,53,54,
52 :50,51,53,54,
53 :50,51,52,54,
54 :50,51,52,53,
55 :56,57,58,59,
56 :55,57,58,59,
57 :55,56,58,59,
58 :55,56,57,59,
59 :55,56,57,58,
60 :61,62,63,64,
61 :60,62,63,64,
62 :60,61,63,64,
63 :60,61,62,64,
64 :60,61,62,63,
65 :66,67,68,69,
66 :65,67,68,69,
67 :65,66,68,69,
68 :65,66,67,69,
69 :65,66,67,68,
70 :71,72,73,74,
71 :70,72,73,74,
72 :70,71,73,74,
73 :70,71,72,74,
74 :70,71,72,73,
75 :76,77,78,79,
76 :75,77,78,79,
77 :75,76,78,79,
78 :75,76,77,79,
79 :75,76,77,78,
80 :81,82,83,84,
81 :80,82,83,84,
82 :80,81,83,84,
83 :80,81,82,84,
84 :80,81,82,83,
85 :86,87,88,89,
86 :85,87,88,89,
87 :85,86,88,89,
88 :85,86,87,89,
89 :85,86,87,88,
90 :91,92,93,94,
91 :90,92,93,94,
92 :90,91,93,94,
93 :90,91,92,94,
94 :90,91,92,93,
95 :96,97,98,99,
96 :95,97,98,99,
97 :95,96,98,99,
98 :95,96,97,99,
99 :95,96,97,98,
#
It:0:Diff:164:PSOStep:8:Time:0.420741972:s:AutomataStep:8:Transition:01001010100010001100101000100110110001001010011000100000010000001100110000101110101011100110001010000010110000000010111000101100110011101010111001000000011001000010001010001110100010100100110000001010110010100000001011000110100010100100011011000100100001101010101011101000100011000110000011001110110011101000110000000010001011101000100001100010110001100100110010100010110001100000011001100000010001100000001010001100111000001110011011000000110001001010011011001000110010101000101011000100100010100110010010100010
000000000000000000000
000000000000000000000
001000000000000000100
000000101100001001000
000000000001000001100
000111100110101111100
001001111101001101100
000001011011100100000
000000010100100100100
000111011000011010100
001011111001011001100
000001111010011000000
000010000010010000100
000110010100110100100
001000111011010001100
000010110000110000000
000010000001001000100
000111000110100101100
001000000010000000100
000000000000000000000
000000000000000000000
#
It:1:Diff:161:PSOStep:5:Time:0.822375165:s:AutomataStep:5:Transition:11000110010011000110100000101100011001000000101000100010110000000010011010000000001001100100101010000000011000101110111000001100110011100110010000100000110000101000010011000000000000000100011000000010110000100000100001100100110001101100011000001100101010101100001011000110110010101010000010000000110010000100100001001100100010000010110011000010101001101100100010001010110011001000110010000000000001001000010011001100000010000010110001001110000011100100110000101100111001001100100001000110111011001100101010000000
111111111111111111001
111111111111111111110
111111111111111110010
111111111111111110101
111111111111111110101
111111111111111110101
111111111111111110101
111111111100111110101
111111100000111110101
111111010011111110101
111110011111111110101
111110111111111110101
111111111111111110101
111111111111111110101
111111111111111110101
111111111111111110101
111111111111111110101
010000000000000000000
101111111111111111110
011000000000000000001
001011111111111111111
#
It:2:Diff:158:PSOStep:5:Time:0.938765093:s:AutomataStep:5:Transition:11001100111011000000110011101100110000100000110011100000111000000000110000001000110001101100011000000100110000001010110000001000110000101010111011000000110000000110011011000000000011101100110000000100110000100000000010100110110011000110001010001110110011001110101011100010010011000100000011000000111010001110110001101110100000001110110001100000110000101010001011000010101011001010101001100000101011100000101011101010100000001110111011101110101000000010110011101000010011101100001011101100101011001100101011100000
111111111111111111100
111111111111111111111
111111111111111111000
111111111111111110000
111111111111111110000
111111111111111110000
111111111101111110000
111111111101111110000
111111111001111110000
111111100111111110000
111111111011111110000
111111000111111110000
111111111111111110000
111111111111111110000
111111111111111110000
111111111111111110000
111111111111111110000
000000000000000000000
111111111111111110101
000000000000000000001
111111111111111111011
#
It:6:Diff:157:PSOStep:8:Time:1.238718507:s:AutomataStep:8:Transition:01101110101010001110111011001100110010001110110001000100110001000100000011101110101010101110010010000100110011000010000001001100101010101110010011001110001001000010010011000100010011100100101001001000111010100000100011100010110001101100010011000100010010000100010011000100110011001010010011001000000010101010101010000000011001001110101011001100110000001000001011001100110000000110011000100000110000101010110011000010000001000110001011101110000010000010001011100010110011101100010000101000011011001100110000000000
000000000000000000000
000000000000000000000
001000110101101101100
000000001110000010100
001100000011000111100
001000000001000000100
001101100111111101100
000100001110100101100
001011011011010111100
001000001001000000100
001000001011000101100
000110000100101110000
000011111100110010000
000001001011011100000
000000100000001000000
000000011000100000000
000000001101100000000
000000000110000000000
000000000010000000000
000000000000000000000
000000000000000000000
#
It:11:Diff:153:PSOStep:3:Time:1.689229299:s:AutomataStep:3:Transition:11001110010010000000111010101100110010100000110000100000000001100000011000001010100000000110000001001110110011100100110001001010000011101100110011001100110010100110000010001010000001001110000000001110100011100000001001101100110011000110110001100000100011000000110001100010100000100010100010000100010011001110100010101010000010001110111001100100111000001110110011101100110011100110100011101010011010100000111000101100111001100000011000101110000000100100111001001100110000001100110001100000001011001110111011100100
111111111111111111110
111111111111111111110
111111111111111111100
111111111111111111100
111111111111111111100
111111111111111111100
111111111111111111100
111111111101111111100
111111111011111111100
111111110000111111100
111111101100111111100
111111100001011111100
111111111111111111100
111111111111111111100
111111111111111111100
111111111111111111100
111111111111111111100
111111111111111111100
111111111111111111100
100000000000000000011
010000000000000000000
#
It:15:Diff:150:PSOStep:8:Time:2.002724096:s:AutomataStep:8:Transition:01001110001011100000101000101110010011100010111001100000111010001110011010100000011000100100111011101000111011101010101000001110101011100000000011101100111000001000101011100000010001100000010000000000000000100000111010000110010010000100111000100000111011000000001011100010001011101000000011101010011001000110111011001110110000100010110001001110010000100100101000100100110000000010111011001010100011100000100011100000011011000100000000001000001001101110111000001110111000000100010001101110110011101100110010101110
000000000000000000000
000000000000000000000
001010101010101010100
000000000000000000000
001011100110011011000
000000111101100000000
001010001011101010000
000000011100000000000
001010110001101100000
000000010110110000000
001001111001101000000
000010011010100000000
001010000100110000000
000010001101000000000
001010111110100000000
000000100100000000000
001001100001000000000
000010111000000000000
001011101110000000000
000000000000000000000
000000000000000000000
#
It:21:Diff:148:PSOStep:8:Time:2.513202887:s:AutomataStep:8:Transition:01101100010011001000111000001100100000101100110000001000001000001110110001000000000011000010000010100010110000000000011010001100111010000110110011001000110011001010111011000000101011000000100010100000000000001100010011101000001011101100110010101100110011001100110000101110001011001110011011001010101000000100101000001100000001101110110011001010111010101100010000101100000011001000001011101100001001101100011011001000001000001100100000001100110010100010110000100000110010001100101011101100011000101000000001000000
000000000000000000000
000000000000000000000
001000100010001000100
000000100010001000000
001000101111111000100
000000110010000010100
001000011010101111100
000001111111100101000
001000010010001000100
000001110110001010100
001000010000000001100
000000110110111010000
001011000110001100100
000000101011000011100
001010010111010101100
000000010011100001000
001000011010001000100
000000111101010100100
001101010101010101100
000000000000000000000
000000000000000000000
#
It:27:Diff:141:PSOStep:8:Time:3.000296085:s:AutomataStep:8:Transition:01001110010011100000000000000110110011001110111000000000101000001110111001000110011010000100110001100000101000100100000000001010111011000010110011101110101010101110100010100000111010101000001000001110011001000010001011100000011011101110101000001010111010101110101001001110100000101000000010001000101010000100010000001010000001001110111001100000111011001110001010000110010000101110001010100000000001000110011010101110111011001110000000000100011000001000111001001110111011101000111001001110111010001110011001101000
000000000000000000000
000000000000000000000
001010101010101010100
000010101010101010100
001000110011001101100
000000000100110001100
001011100111011110100
000001101100000101100
001000111110001101100
000010000100100010100
001000001000101101100
000000100111011101100
001001010111001010100
000001101111000011100
001010110010110111100
000000100001100111100
001000101100000001100
000001111001000111100
001011101110111011100
000000000000000000000
000000000000000000000
#
It:28:Diff:130:PSOStep:8:Time:3.119484167:s:AutomataStep:8:Transition:01001110011011100000101000000000111011101110110000000010111000001100111001100000011011000100011011001100000001100100011000101100110011001010111011100100101000001110111000000000110010101100010001101010111011101100100011101000000000101110111000001110111011000010110001100000010011001110010011001110110011100110111000001110000000101110111011100100111011001010000000001010011000001110111010100100100001000000011000001110101000001110011010100000000001001100111011101010110011100110111000001100111011100010111011100110
000000000000000000000
000000000000000000000
001010101010101010100
000010101010101010100
001010110010011100100
000000101101111110100
001001001110111010100
000011001101011100100
001001011101010110100
000010010001000110100
001000100000000000100
000010000010100101000
001000111110110010000
000000110100011100000
001011011010101000000
000011101001110000000
001001111100100000000
000000100011000000000
001010101010000000000
000000000000000000000
000000000000000000000
#
It:215:Diff:127:PSOStep:8:Time:17.654953797:s:AutomataStep:8:Transition:01101100110001100000010000000010110011000110001000000000110000001100110011000000110010001110100000000110000010001100110010000110011011000000010011001100000010101100100010000000110001001100110010101000110011000000101011001000000000001100110000000110110000001010110001100100011001101010110010001100000001001110110000001100001011101110100011001100100011001100001000001110110000001100110000000100000011000000110010101110101000101110010010101010101011000000010011101010000011000010110010100010010011000100100010001100
000000000000000000000
000000000000000000000
001000100010001000100
001000000000000000100
001010000100100110100
001010100110001110100
001010100111000110100
001010101010101000100
001010111010010100100
001010101010000010100
001001111100000110100
001010010000110110100
001010010010011100100
001001011001010010100
001011011000101110100
001010101111101000100
001010010000100100100
001101010101010101100
001000000000000000100
000000000000000000000
000000000000000000000
#
It:397:Diff:123:PSOStep:8:Time:31.496220133:s:AutomataStep:8:Transition:01001110111001101010011010101000111011100110100000101000101000101000110011100010100011101110110000101000001001101110010011001000000000001100011001001110010000101110111010100010110010101010011001100110111011100100001001001010000010101110100000100010111010001100001011000100011010001100011011001100001011100100111010001010110011101100010011100110111000000010001011001100101000001110111010001100101011001010101010000110000001101000011000001000110011101000010001001000101011100010111011000010101011101000100000100110
000000000000000000000
000000000000000000000
001010101010101010100
001001100110011001100
001011011101110110100
001000111001001001100
001011011111101110100
001000011000101101100
001011101010010110100
001000011001011001100
001011010010100010100
001010111001110001100
001010101010101110100
001010101011110001100
001010101010111110100
001010101010101001100
001010101010101010100
001010101010101011100
001010101010101010100
000000000000000000000
000000000000000000000
end
