PSO TRACE
INIT:../../instances/fazia/init.csv
REF:../../instances/fazia/asm4.csv
DecodingPolicy:Nibble
MutationPolicy:Std
ParticleNeighborhood:Fixed
ParticleDims:146
ParticleCount:100
AccP:2.0
AccG:2.0
AccL:1.5
AccI:2.3
Pos:0.0-3.0
Inertia:0.9-0.6
VeloMax:2.0
MaxPSOIteration:500
InertiaDecrFactor:6.000000000000001E-4
INIT
000000000000000000000
000000000000000000000
000000000000000000000
000000000000000000000
000000000000000000000
000000000000000000000
000000000000000000000
000000000000000000000
000000000000000000000
000000000000000000000
000000000010000000000
000000000000000000000
000000000000000000000
000000000000000000000
000000000000000000000
000000000000000000000
000000000000000000000
000000000000000000000
000000000000000000000
000000000000000000000
000000000000000000000
REF
000000000000000000000
010000000000000000010
001011111111111111110
000000000000000000000
001011111111111110100
001011111111111110100
001011111111111110100
001011111111111110100
001011111011111110100
001011111101111110100
001011000101111110100
001011000110111110100
001011110111111110100
001011111111111110100
001011111111111110100
001011111111111110100
001011111111111110100
010100000000000001100
001011111111111110010
010000000000000001000
000000000000000000000
Nibble Decoder
0 :1,2,3,4,
1 :0,2,3,4,
2 :0,1,3,4,
3 :0,1,2,4,
4 :0,1,2,3,
5 :6,7,8,9,
6 :5,7,8,9,
7 :5,6,8,9,
8 :5,6,7,9,
9 :5,6,7,8,
10 :11,12,13,14,
11 :10,12,13,14,
12 :10,11,13,14,
13 :10,11,12,14,
14 :10,11,12,13,
15 :16,17,18,19,
16 :15,17,18,19,
17 :15,16,18,19,
18 :15,16,17,19,
19 :15,16,17,18,
20 :21,22,23,24,
21 :20,22,23,24,
22 :20,21,23,24,
23 :20,21,22,24,
24 :20,21,22,23,
25 :26,27,28,29,
26 :25,27,28,29,
27 :25,26,28,29,
28 :25,26,27,29,
29 :25,26,27,28,
30 :31,32,33,34,
31 :30,32,33,34,
32 :30,31,33,34,
33 :30,31,32,34,
34 :30,31,32,33,
35 :36,37,38,39,
36 :35,37,38,39,
37 :35,36,38,39,
38 :35,36,37,39,
39 :35,36,37,38,
40 :41,42,43,44,
41 :40,42,43,44,
42 :40,41,43,44,
43 :40,41,42,44,
44 :40,41,42,43,
45 :46,47,48,49,
46 :45,47,48,49,
47 :45,46,48,49,
48 :45,46,47,49,
49 :45,46,47,48,
50 :51,52,53,54,
51 :50,52,53,54,
52 :50,51,53,54,
53 :50,51,52,54,
54 :50,51,52,53,
55 :56,57,58,59,
56 :55,57,58,59,
57 :55,56,58,59,
58 :55,56,57,59,
59 :55,56,57,58,
60 :61,62,63,64,
61 :60,62,63,64,
62 :60,61,63,64,
63 :60,61,62,64,
64 :60,61,62,63,
65 :66,67,68,69,
66 :65,67,68,69,
67 :65,66,68,69,
68 :65,66,67,69,
69 :65,66,67,68,
70 :71,72,73,74,
71 :70,72,73,74,
72 :70,71,73,74,
73 :70,71,72,74,
74 :70,71,72,73,
75 :76,77,78,79,
76 :75,77,78,79,
77 :75,76,78,79,
78 :75,76,77,79,
79 :75,76,77,78,
80 :81,82,83,84,
81 :80,82,83,84,
82 :80,81,83,84,
83 :80,81,82,84,
84 :80,81,82,83,
85 :86,87,88,89,
86 :85,87,88,89,
87 :85,86,88,89,
88 :85,86,87,89,
89 :85,86,87,88,
90 :91,92,93,94,
91 :90,92,93,94,
92 :90,91,93,94,
93 :90,91,92,94,
94 :90,91,92,93,
95 :96,97,98,99,
96 :95,97,98,99,
97 :95,96,98,99,
98 :95,96,97,99,
99 :95,96,97,98,
#
It:0:Diff:155:PSOStep:8:Time:0.574611112:s:AutomataStep:8:Transition:01100010110001101010000001101110110001001000110001100100010010001000101001001000000011101110100011101100110010101100101010101110011010101000001011000010010011101010011001000000100010000110101010000000111010101000101010000000001011001100010000100000101010100000101001000110111011101110110011100100011001101100101010000110010011100110111001101110010000001010111000000000101001100110001010100010000000001100010000000100110000001100010010100000011001101110111000001010011010001000011010000100001001001000101000000000
000000000000000000000
000000000000000000000
001010101010000000000
001000000000000000000
001010011111100000000
000011010000100000000
001110101101011000000
001010100110010000000
001111100000100100000
000110001101110010000
001010001010110001100
001000000100010011000
001110001110100110000
000010111111001100000
001111001100001000000
001001000001110000000
001111100101100000000
000111111111000000000
001000000000000000000
000000000000000000000
000000000000000000000
#
It:2:Diff:150:PSOStep:8:Time:1.178321291:s:AutomataStep:8:Transition:01101010100011100000010010100110000011100000111011100110001010001100111001001000111011101110101000001100100010101100010011100110010011100100101010100110100010100000111001001010101010100100100000000100011001101100111011101110011000100100100010101110111011100010111010100110111011101110101011101010111011000100110010001100110011001000111001100100101001000100111011100000111011101110001001101010011011000110111010100100000001101100110010000010000011101110111011001100000011001110111011101100111010001000111010101110
000000000000000000000
000000000000000000000
001000001110001001100
000110000111011001000
001011000100100000000
001001101111111110000
001010110101001110000
001010101110100110000
001110110111010110000
001110010111000110000
001110011001111110000
001001000010001000000
001010011110100000000
001011011100000000000
001110000000000000000
001011000000000000000
001010000000000000000
000100000000000000000
001000000000000000000
000000000000000000000
000000000000000000000
#
It:6:Diff:148:PSOStep:8:Time:1.528424138:s:AutomataStep:8:Transition:01001110100000100000111000101100010000100010001000101100110000000100001011101100001010000010010010100010001000100110001011101110111000100110010001001100011001100010001011101110111001000000001010001110010001100100011011001110101000101010001001000010101001101110001011101010010001101110111000101000001010001110000011001110001011100000101001101010111011101010001001101010001000101110110000001100001010101010110011100010110000101110110010100000010010101010101000101100000011000110001001100010111000000010011011100010
000000000000000000000
000000000000000000000
001010101010101010100
000000000000000000000
001000100001110111000
001011000000001100000
001011011100100001000
000001010010000110000
001011010111100000000
001000111111001010000
001111101011111000000
000011100101101100000
000001000001000100000
000000110111010100000
000000000100001000000
000000001101001000000
000000000111110100000
000000000000000000000
000000000010101010100
000000000000000000000
000000000000000000000
#
It:17:Diff:134:PSOStep:6:Time:2.418201036:s:AutomataStep:6:Transition:01001110111001100110100011101110110001100110101001101110001001101010110011101100001011100110111001100100011011100010011011001110111001100110111001101110001011000110111011101110111001000010000000101110111001101010011001100010111000100110101001000110011000101110011011100110010001001110111001100100011011101110110010101110011011101010111011000110111011101000011001101100011001100010001011101000011011100010011011100110001011101100010000000110111011101010011001100010110000100110011000100110111001100110001011100110
000000000000000000000
000000000000000000000
000000000000000000000
000000000000000000000
000010101010101010000
000011010011001100000
000010011111110100000
000010010110010100000
000010111010101110000
000011010110111000000
000010011111001000000
000010010100111000000
000010010101010110000
000011001101101100000
000010111011100100000
000010111010011100000
000010111011101110000
000000000000000000000
000000000000000000000
000000000000000000000
000000000000000000000
#
It:18:Diff:127:PSOStep:8:Time:2.539781026:s:AutomataStep:8:Transition:01101110111000100000110001100110111001101010011001100110111001101000011011101100000010100110011000101000011010100010011011101110111001100110111010001110100000100110100011101110111001100000110010001110010001101000011001001000101001100010001000100110001001101110011011100110011001101110111001101000011011101110011001101110011011101100011000000010111011101110011001101100011001100010101001101110011011101010101011100110000011101110110000100010011011101010001001100110000011000110011011000110111000100110000011100110
000000000000000000000
000000000000000000000
001000110101101101100
001101011101001111000
001011011110101011000
001010010001100100000
001010110110101001000
001010011001001100000
001010100111010111000
001010100111110110000
001010101101111101100
001010101010111010000
001010101101101100000
001010110111011111000
001011100101100111000
001001101110111111000
001001110001000000000
001100011100110011000
001110111011101110100
000000000000000000000
000000000000000000000
#
It:49:Diff:126:PSOStep:6:Time:5.190494299:s:AutomataStep:6:Transition:01101110111011101000111010100110111011100110010001100010111011101110100011101100011011100110101000001100011001100010011010001110111001100100011011101110001001100110000011100100001001100110111011101110111001101110011011000110010001100100000000000110011000101110011011100110010010101110111001101110011011101110010010000010011011101000011001101100111000101110011001100010011001100110011001001000011011001100101011100110100011101110111001100000010011101010010001100100111011100110011000001000111010100110001011100110
000000000000000000000
000000000000000000000
000000000000000000000
000000000000000000000
000010011110110110000
000011110110110110000
000010011010100010000
000011001111101000000
000011110011011110000
000011100000110110000
000010001101000010000
000011001010111000000
000011101001101110000
000010011001110110000
000010010101110010000
000011100110111000000
000011101110111010000
000000000000000000000
000000000000000000000
000000000000000000000
000000000000000000000
#
It:81:Diff:123:PSOStep:6:Time:7.601602976:s:AutomataStep:6:Transition:01101110111001100110111011100110111010001010111001100000111001101110011011101110011011100110110010101110011001101100011001101110111001100110111011101110100001100110100011100100111001100110111011101110110001101110011011100110000001100110110001000110011011101110011011100110010001001110111001101110011011101110010001000100011011101100011001101110111011101110011001101010011001101110011011100100011011100110101011100110110010001110111001100110011011100100011001100110111011100110011011100110111001000110111011100110
000000000000000000000
000000000000000000000
000000000000000000000
000000000000000000000
000010011110110110000
000011010010011110000
000011011110010110000
000011111101111100000
000011111110110110000
000010011101011110000
000010001111000110000
000011111000100100000
000011110000110010000
000010111111011110000
000010011111100010000
000011011010011100000
000011010101010110000
000000000000000000000
000000000000000000000
000000000000000000000
000000000000000000000
#
It:143:Diff:119:PSOStep:8:Time:12.386070677:s:AutomataStep:8:Transition:01101110111001100110111000000110111001101100100001101000111001101110011011101110011011100110111000101110011001101010011011001110111001100110010011101110000001100110111011100000111001100110111011101110001001101110011001000110000001101000100010100110101011101110011011100110111011001110010001101110011011101110111000101010011011101110011001101010111001000100011001101110011001100110011001101100011011001110011011100110100000001110111001101110011011101110011001100110111011100110011001000110111001000110111011100110
000000000000000000000
000000000000000000000
001000110101101101100
001000011000100100000
001001111100110100000
001011010101100000000
001000000100000111000
001000111111100000000
001010111111111101000
001111101000011101000
001001010111111001100
001010001110111110000
001101100010101100000
001011001101011000000
001011011101111110000
001101000111100000000
001001010111011100000
001001000000110000000
001110111011101110100
000000000000000000000
000000000000000000000
#
It:197:Diff:117:PSOStep:8:Time:16.610147841:s:AutomataStep:8:Transition:01101110111001101110111001000110111010000110100001101000111001101110111011101100011011100110111011001110011001101010011000101110111001101000101011101110001001100110111011100010111001100110111011101110001001101110011001000110001001101000101011100110010011101110011011100110111001101110100001101110011011101110111000000110011011101110011001101010111001100000011001101110011001100110011001101110011011101110011011100110010001101110111001100100011011101110011001100110111011100110011010100110111011100110111011100110
000000000000000000000
000000000000000000000
001000110101101101100
001000001000100000100
001000011111101100100
001001111111100010000
001001111111000010100
001000011011111101100
001000100011111101100
001001101110110100000
001001100110010111100
001010000110110000100
001011011000001101100
001010011110001010000
001001001101010010100
001101001010111101100
001000010101000101100
001001001001010100000
001110111011101110100
000000000000000000000
000000000000000000000
end
