PSO TRACE
INIT:../../instances/fazia/init.csv
REF:../../instances/fazia/asm2.csv
DecodingPolicy:CPPNot:CDLE2
MutationPolicy:Std10
ParticleNeighborhood:Fixed
ParticleDims:515
ParticleCount:100
AccP:2.0
AccG:2.0
AccL:1.5
AccI:2.3
Pos:0.0-3.0
Inertia:0.9-0.6
VeloMax:2.0
MaxPSOIteration:250
InertiaDecrFactor:0.0012000000000000001
INIT
000000000000000000000
000000000000000000000
000000000000000000000
000000000000000000000
000000000000000000000
000000000000000000000
000000000000000000000
000000000000000000000
000000000000000000000
000000000000000000000
000000000010000000000
000000000000000000000
000000000000000000000
000000000000000000000
000000000000000000000
000000000000000000000
000000000000000000000
000000000000000000000
000000000000000000000
000000000000000000000
000000000000000000000
REF
000000000000000000000
000000000000000000000
000000000000000000000
000100000000000000000
000100000000000000000
000010111111000000000
000100001110100000000
000111111111010000000
000001100001011000000
000110101111010100000
000101101100111110000
000010100011110010000
000011111111110010000
000011000111110010000
000110110111011010000
000111101101110010000
000111100111100010000
000111111111111111000
000000000000000000000
000000000000000000000
000000000000000000000
Classic CPP Decoder + Not Test
0 :1,2,3,4,
1 :0,2,3,4,
2 :0,1,3,4,
3 :0,1,2,4,
4 :0,1,2,3,
5 :6,7,8,9,
6 :5,7,8,9,
7 :5,6,8,9,
8 :5,6,7,9,
9 :5,6,7,8,
10 :11,12,13,14,
11 :10,12,13,14,
12 :10,11,13,14,
13 :10,11,12,14,
14 :10,11,12,13,
15 :16,17,18,19,
16 :15,17,18,19,
17 :15,16,18,19,
18 :15,16,17,19,
19 :15,16,17,18,
20 :21,22,23,24,
21 :20,22,23,24,
22 :20,21,23,24,
23 :20,21,22,24,
24 :20,21,22,23,
25 :26,27,28,29,
26 :25,27,28,29,
27 :25,26,28,29,
28 :25,26,27,29,
29 :25,26,27,28,
30 :31,32,33,34,
31 :30,32,33,34,
32 :30,31,33,34,
33 :30,31,32,34,
34 :30,31,32,33,
35 :36,37,38,39,
36 :35,37,38,39,
37 :35,36,38,39,
38 :35,36,37,39,
39 :35,36,37,38,
40 :41,42,43,44,
41 :40,42,43,44,
42 :40,41,43,44,
43 :40,41,42,44,
44 :40,41,42,43,
45 :46,47,48,49,
46 :45,47,48,49,
47 :45,46,48,49,
48 :45,46,47,49,
49 :45,46,47,48,
50 :51,52,53,54,
51 :50,52,53,54,
52 :50,51,53,54,
53 :50,51,52,54,
54 :50,51,52,53,
55 :56,57,58,59,
56 :55,57,58,59,
57 :55,56,58,59,
58 :55,56,57,59,
59 :55,56,57,58,
60 :61,62,63,64,
61 :60,62,63,64,
62 :60,61,63,64,
63 :60,61,62,64,
64 :60,61,62,63,
65 :66,67,68,69,
66 :65,67,68,69,
67 :65,66,68,69,
68 :65,66,67,69,
69 :65,66,67,68,
70 :71,72,73,74,
71 :70,72,73,74,
72 :70,71,73,74,
73 :70,71,72,74,
74 :70,71,72,73,
75 :76,77,78,79,
76 :75,77,78,79,
77 :75,76,78,79,
78 :75,76,77,79,
79 :75,76,77,78,
80 :81,82,83,84,
81 :80,82,83,84,
82 :80,81,83,84,
83 :80,81,82,84,
84 :80,81,82,83,
85 :86,87,88,89,
86 :85,87,88,89,
87 :85,86,88,89,
88 :85,86,87,89,
89 :85,86,87,88,
90 :91,92,93,94,
91 :90,92,93,94,
92 :90,91,93,94,
93 :90,91,92,94,
94 :90,91,92,93,
95 :96,97,98,99,
96 :95,97,98,99,
97 :95,96,98,99,
98 :95,96,97,99,
99 :95,96,97,98,
#
It:0:Diff:90:PSOStep:7:Time:1.604321:s:AutomataStep:7:Transition:01110101001101100011101101110011100111000111000001001111011110101010100000001010111111011110010110001100111011101000000011100100110101010000110100110101001110010001101101001000011000110100110111001110101110111101110101011101010000000101010110111110011111100010100110011101001110101010100011100110000100011011111001001101001010111000010010101000110100100010111111011001110011010000011001000001011011001110000101011000000000001011110011111011110111101110011010110101010110000111010111111000110011110111011101110111
000000000000000000000
000000000000000000000
000000000000000000000
000110000000000000000
000001000000000000000
000110011100000000000
000000011110000000000
000111111111100000000
000001001111011000000
000110001111101110000
000000001111011001000
000111010010101110000
000001001110110100000
000111111001001000000
000000101110100000000
000111100000000000000
000001000000000000000
000110000000000000000
000000000000000000000
000000000000000000000
000000000000000000000
#
It:1:Diff:89:PSOStep:7:Time:2.847141:s:AutomataStep:7:Transition:01100011010101111001111101100010101111010000011010110110101010111010111010101010100111110000000000011100111000110011000011100101110100100011101011010010100010110001101001001101100111111100000100101010000110001111110110011111000000011101011101110101100110111010000011110010101110011100001001110111001000011011111100001100101110100011101000001001010010101000101111111010001110000000011001111001011100010110001100111110000000001110000010011110110000111011011100001111110110100010000111010100100001011100010111000010
000000000000000000000
000000000000000000000
000000000000000000000
000110101010000000000
000000101010000000000
000100110111100000000
000010010010100000000
000111101100110000000
000010111101011000000
000110111000111100000
000000100110011111000
000111010111100100000
000000110001010111000
000100110100100100000
000011001010001101000
000110011000110100000
000011110111011111000
000111111111111111000
000000000000000000000
000000000000000000000
000000000000000000000
#
It:2:Diff:79:PSOStep:7:Time:4.025475:s:AutomataStep:7:Transition:01010010000110000000100100010000101010100000101111000100000110101010001111111101100110111100010001011011110010101000100010000101100000100101101011010010100011000100101101111111000010111000100111000000101101111111010001010110000000010101010001011111111110010000000011010010011111011010000000011100001100110000001000001110100000010011000100000001010001100110000111001001101110010010010010111110100010010010010100110110010010101011100100111110010001011011001100101000110001110011010111000010111101110010000001111111
000000000000000000000
000000000000000000000
000000000000000000000
000100000000000000000
000001000000000000000
000110101000000000000
000000011111010000000
000110011000011000000
000001100101101100000
000110100000001110000
000000101100110101000
000111000011100010000
000001001000000000000
000110001011011000000
000000010100000000000
000111000101000000000
000001100011000000000
000111111110000000000
000000000000000000000
000000000000000000000
000000000000000000000
#
It:6:Diff:78:PSOStep:7:Time:9.301557:s:AutomataStep:7:Transition:01010011100110100001101100111010100111011000101011101100110110101110001111011110110110111110010000111100110110101110001010100101110000100101001010010010100010100101101111111111011100111000110111001110101111111111100011010111011000010110110111001110011110000110100111010011001110011011000011111100100100011001111001101101000100111011101100011001110111000110101111001001101110010110011010110110111110110100010110110100011010101011011011111011010011011010101010101010110001110011010111100111111101110111011101111111
000000000000000000000
000000000000000000000
000000000000000000000
000100000000000000000
000100000000000000000
000100011111100000000
000010001101110000000
000101011010010000000
000111101111011000000
000101001111110110000
000011011110011011000
000101111011010110000
000111011011100100000
000100000101111000000
000011101101110000000
000111010011100000000
000110010011000000000
000111111110000000000
000000000000000000000
000000000000000000000
000000000000000000000
#
It:11:Diff:77:PSOStep:7:Time:15.72:s:AutomataStep:7:Transition:01010110010110110011100111010110111100010101110001110101100100101110011111111111110110011101111111111011111111101100101100100001111010111101001011110111000111101111111111011111010111110001110111011101111111111111110001111111001100110101111011001111101111001111100111111011001111101010110011011111111110111111011111011111101000111011111111010111110110100110100111111101101111011111111111111110101110110010111101111110110111101011110101111110111111111111011111111111111101111011110111111011111101111110001101111111
000000000000000000000
000000000000000000000
000000000000000000000
000100000000000000000
000001000000000000000
000110100000000000000
000001110000000000000
000110011110000000000
000011010100100000000
000111111001100000000
000011111111110000000
000110111111010000000
000011111111001000000
000111111111111000000
000011111111011100000
000111111111111100000
000010101010101001000
000111111111111111000
000000000000000000000
000000000000000000000
000000000000000000000
#
It:12:Diff:69:PSOStep:7:Time:16.911367:s:AutomataStep:7:Transition:01010010110110010010000011011110111101010101100011110101110010101011111110010011100110011111111011111011101111101101101100100101110000111101000011010101000111111101011111001110000011100001110111001101111111001100011001001011001001101101011111111011111011101011000111110001001101101000110111011101011100111111011101011011101000111011111011001110110100000110101111110111111111010110011111111100101101100110111110100110111111101011111111111110001101111111011111110101111001110110100111111111000101101110001101110011
000000000000000000000
000000000000000000000
000000000000000000000
000100000000000000000
000101101000000000000
000100111000000000000
000001001011100000000
000111111111110000000
000001111001110000000
000110111001011000000
000011111101101000000
000111000111100000000
000001010111110000000
000110101110011000000
000011101001001100000
000110000111110100000
000100100011111001000
000111111111111111000
000000000000000000000
000000000000000000000
000000000000000000000
#
It:32:Diff:62:PSOStep:7:Time:43.135908:s:AutomataStep:7:Transition:01010011111110010011110011011110010101011100101011100101110110111111100110011011111110011111111011111011111111101100101010101100111110101101001001110111101111111101111111011111001011110001110111001101111111101110011101101111011101101101011111001111111111011011000111110001001111101011110111111001011100111101011101011111100000111011111111111111110111100110101111110111111110010010011111111110011101110110111111101110111111101011110111111110111111101111011110111101111001110110100111111101101111101110010101111111
000000000000000000000
000000000000000000000
000000000000000000000
000100000000000000000
000110000000000000000
000101111111000000000
000111111110000000000
000111011111000000000
000111110110000000000
000111001101000000000
000101011110100000000
000110111011110000000
000111111111110000000
000110111101101100000
000110110110101100000
000111101111101000000
000101011110110010000
000111111111111111000
000000000000000000000
000000000000000000000
000000000000000000000
#
It:82:Diff:59:PSOStep:7:Time:108.362213:s:AutomataStep:7:Transition:01010110111110010000010011011110011101011011101001110101100000101110111111011011111110011111111011011011111110101110101110101100110000110101001001100111001110101101101001001100011101100000110110001100001111001100010001101111011100101101110111001110110111011011000111111001001111101101010011011001001100011101001101011011100001111011000011011101110111100100101011110101101111010110011111111110001100110100011000101110011011101111111111011110111111001110111110010001110010110110100110001011001111101110010001111101
000000000000000000000
000000000000000000000
000000000000000000000
000100000000000000000
000100000000000000000
000110001110000000000
000100001100000000000
000111111111000000000
000100100101000000000
000111010101000000000
000111101110000000000
000100100011010000000
000111011101100000000
000101010111011100000
000110010011001000000
000100001001110000000
000100110101111100000
000111111111111111000
000000000000000000000
000000000000000000000
000000000000000000000
end
