PSO TRACE
INIT:../../instances/fazia/init.csv
REF:../../instances/fazia/asm3.csv
DecodingPolicy:CPP2
MutationPolicy:Null
ParticleNeighborhood:Fixed
ParticleDims:515
ParticleCount:100
AccP:2.0
AccG:2.0
AccL:1.5
AccI:2.3
Pos:0.0-3.0
Inertia:0.9-0.6
VeloMax:2.0
MaxPSOIteration:500
InertiaDecrFactor:6.000000000000001E-4
INIT
000000000000000000000
000000000000000000000
000000000000000000000
000000000000000000000
000000000000000000000
000000000000000000000
000000000000000000000
000000000000000000000
000000000000000000000
000000000000000000000
000000000010000000000
000000000000000000000
000000000000000000000
000000000000000000000
000000000000000000000
000000000000000000000
000000000000000000000
000000000000000000000
000000000000000000000
000000000000000000000
000000000000000000000
REF
000000000000000000000
000000000000000000000
000000000000000000000
000111111111111111000
000011000011011110000
000111011110111101000
000000110111100010000
000111101011011111000
000010011111010110000
000111101110110001000
000001011001011110000
000111111110111111000
000011100010101010000
000111110011101101000
000000110011101110000
000111101110011111000
000010010101110110000
000111001100110011000
000000000000000000000
000000000000000000000
000000000000000000000
Classic CPP Decoder
0 :1,2,3,4,
1 :0,2,3,4,
2 :0,1,3,4,
3 :0,1,2,4,
4 :0,1,2,3,
5 :6,7,8,9,
6 :5,7,8,9,
7 :5,6,8,9,
8 :5,6,7,9,
9 :5,6,7,8,
10 :11,12,13,14,
11 :10,12,13,14,
12 :10,11,13,14,
13 :10,11,12,14,
14 :10,11,12,13,
15 :16,17,18,19,
16 :15,17,18,19,
17 :15,16,18,19,
18 :15,16,17,19,
19 :15,16,17,18,
20 :21,22,23,24,
21 :20,22,23,24,
22 :20,21,23,24,
23 :20,21,22,24,
24 :20,21,22,23,
25 :26,27,28,29,
26 :25,27,28,29,
27 :25,26,28,29,
28 :25,26,27,29,
29 :25,26,27,28,
30 :31,32,33,34,
31 :30,32,33,34,
32 :30,31,33,34,
33 :30,31,32,34,
34 :30,31,32,33,
35 :36,37,38,39,
36 :35,37,38,39,
37 :35,36,38,39,
38 :35,36,37,39,
39 :35,36,37,38,
40 :41,42,43,44,
41 :40,42,43,44,
42 :40,41,43,44,
43 :40,41,42,44,
44 :40,41,42,43,
45 :46,47,48,49,
46 :45,47,48,49,
47 :45,46,48,49,
48 :45,46,47,49,
49 :45,46,47,48,
50 :51,52,53,54,
51 :50,52,53,54,
52 :50,51,53,54,
53 :50,51,52,54,
54 :50,51,52,53,
55 :56,57,58,59,
56 :55,57,58,59,
57 :55,56,58,59,
58 :55,56,57,59,
59 :55,56,57,58,
60 :61,62,63,64,
61 :60,62,63,64,
62 :60,61,63,64,
63 :60,61,62,64,
64 :60,61,62,63,
65 :66,67,68,69,
66 :65,67,68,69,
67 :65,66,68,69,
68 :65,66,67,69,
69 :65,66,67,68,
70 :71,72,73,74,
71 :70,72,73,74,
72 :70,71,73,74,
73 :70,71,72,74,
74 :70,71,72,73,
75 :76,77,78,79,
76 :75,77,78,79,
77 :75,76,78,79,
78 :75,76,77,79,
79 :75,76,77,78,
80 :81,82,83,84,
81 :80,82,83,84,
82 :80,81,83,84,
83 :80,81,82,84,
84 :80,81,82,83,
85 :86,87,88,89,
86 :85,87,88,89,
87 :85,86,88,89,
88 :85,86,87,89,
89 :85,86,87,88,
90 :91,92,93,94,
91 :90,92,93,94,
92 :90,91,93,94,
93 :90,91,92,94,
94 :90,91,92,93,
95 :96,97,98,99,
96 :95,97,98,99,
97 :95,96,98,99,
98 :95,96,97,99,
99 :95,96,97,98,
#
It:0:Diff:101:PSOStep:7:Time:0.131333982:s:AutomataStep:7:Transition:01111111101111111011101111111110000110101011111101110111110101111111111110000111011110111111111101111100110101111101011011011001001001111100110010001010101001111011101111010110110111010101111001011100111111111111010101101011001101111111100100100110010111100110001100111111111100110111111011100111011111110011011110111111111100111101010000001110101011001011111110111011011101101101100111011111101111001010000100010101100111111111110111101011101101111110111011011011111111110110111111110001110111001100010111100111
000000000000000000000
000000000000000000000
000000000000000000000
000111111111111111000
000111111111111000000
000111011101011010000
000111111011101000000
000010111101110100000
000001111110111000000
000001110111111000000
000110111101010000000
000111111111111000000
000011111010001000000
000111110111010000000
000100101001100000000
000011111101000000000
000111111110000000000
000100000000000000000
000000000000000000000
000000000000000000000
000000000000000000000
#
It:1:Diff:80:PSOStep:7:Time:0.249981562:s:AutomataStep:7:Transition:01111111011110111011111111101011010100011111111001111111110100101011101110110111011100111111111001010001111101111101111110010000001011011110110100111100011110100011111110010110110110110101111001111100111011111111101101101011010101111011101001101100000111101011001101101111011101110111111111111111011011110110010111101101011110101111010011101011111011001111100111111010001101101101101101011111101110011010100100111000101100111000111010100011111010101111100010001101101111111010111111010000111111101100110011100111
000000000000000000000
000000000000000000000
000000000000000000000
000111111111111111000
000010011100000010000
000110011111101101000
000000110111010110000
000111011001001011000
000000101110101110000
000101011101001101000
000011111111011010000
000111001101111111000
000010111101110110000
000111010011011001000
000011100111111110000
000111111111111011000
000010001000100010000
000101010101010101000
000000000000000000000
000000000000000000000
000000000000000000000
#
It:4:Diff:71:PSOStep:7:Time:0.325045732:s:AutomataStep:7:Transition:01111111011111111011111111101011011100011011011111100111110100111011111110010111011001111110111111001100111111111101001111111111001101111110110011001110010100100011101111011101110111110111111101111101111111111111101101001011010101111010100101101111110111101111001001101101111101110111111111101111111011110100011111101101011010101011110111011000111001101110101111111011010111001101110110011111101111001110101100111111101110111000111111101011111010111111101010101111101101111011111110010000111101101111111111100111
000000000000000000000
000000000000000000000
000000000000000000000
000111111111111111000
000010011111101110000
000111011111100111000
000001110111100100000
000100100101110111000
000000011011111110000
000101011111110111000
000011111011111000000
000111110110111111000
000011111101111110000
000111111011110111000
000011011101111100000
000111110111101111000
000011011101111110000
000101010101010101000
000000000000000000000
000000000000000000000
000000000000000000000
#
It:9:Diff:66:PSOStep:7:Time:0.454080345:s:AutomataStep:7:Transition:01111111011110111011111011101011011100001111111101101111111100111011111100010111011110111110011111101101111111110101001011111111001101111110111011001110011101100010101111110101110111011101111001111101111011111110101101011111110111111010100111101110100111101111001001101111111101010111111111101111111111111100011111101100011010100011111111111010111001001101011111111011010110111111100110011111101111011111101100101111111110111001111111101011111111111110101011111101101101111011111111011000111110101101111110101111
000000000000000000000
000000000000000000000
000000000000000000000
000111111111111111000
000011111111111110000
000110011001111111000
000000110110111110000
000111011111111111000
000010011010111010000
000111111011011111000
000001001111101110000
000111111111111111000
000011111111111110000
000111111111110111000
000001011011011010000
000111101101111111000
000011011101111110000
000101010101010101000
000000000000000000000
000000000000000000000
000000000000000000000
#
It:18:Diff:62:PSOStep:7:Time:0.643862885:s:AutomataStep:7:Transition:01111111011110111001111011101011011100001011111101101111111111111011111110111111011110111111011111111111111101111101010011111111001101111110111011010110011110101010111111010111111111011101111001111101111011111110101101011111110111111011100111101111110111101111101011101111111101111111111111101111111111111100111111100101011011110111111111111010111001011100011111111011111111111101100111011111100111011111001101111111111110111001111111111011111111101110111010101111111101111011111111011110111111101111111111110111
000000000000000000000
000000000000000000000
000000000000000000000
000111111111111111000
000011111111111110000
000110111111111111000
000000111111111110000
000111111111111111000
000001011111111110000
000100111111111111000
000011111111111110000
000111111111111111000
000011111011111110000
000111010101111111000
000011111111111110000
000111111111101111000
000011011101111110000
000101010101010101000
000000000000000000000
000000000000000000000
000000000000000000000
#
It:36:Diff:61:PSOStep:7:Time:1.022847506:s:AutomataStep:7:Transition:01111111011110111001111011111011011001001101111101101111111110111011101110111111011110111111011111111111111101111001010111011011001101011110111011010100011000101010111110010111111111011101111001111101011011111110101100111111110111101000100011101110111011111111101011111111111111110111101111100111111101111100111111100101011010110111111111111010111001011100011110111011111111111101100111011111101111001111000101101111111110111101011011111011111111101110101011111111110111111111111111011010111001101111111111111111
000000000000000000000
000000000000000000000
000000000000000000000
000111111111111111000
000011111111111110000
000111111111111111000
000010111111111110000
000111111111111111000
000011111111111110000
000100000111111111000
000011111011111110000
000111101111111111000
000010111111111110000
000111111111111111000
000010110111111110000
000111111111111111000
000011011101111110000
000101010101010101000
000000000000000000000
000000000000000000000
000000000000000000000
#
It:81:Diff:57:PSOStep:7:Time:1.902527607:s:AutomataStep:7:Transition:01111111011110101001111011111011010001001001111100101111101110111011101110111111011110111011001011111111111101011001011011011011001101011110011001000100011001101010111110010111111111011101111000111101011011111100101001111111100111101000100011101110111110111111101011101111111111110111101111100111111001111100111111110101011010110111111111011110111001011100011010111011111111111100100111011101101111001111000101100111011110111001011011111011111101101110100011101111110111111111110111011010111011110110110111111111
000000000000000000000
000000000000000000000
000000000000000000000
000111111111111111000
000011111111111110000
000111111111111111000
000001111111111110000
000110111111111111000
000000011111111110000
000111111111111111000
000011011111111110000
000111111111111111000
000011111111111110000
000111111111111111000
000011100011111110000
000111111111111111000
000011011101111110000
000101010101010101000
000000000000000000000
000000000000000000000
000000000000000000000
#
It:196:Diff:56:PSOStep:7:Time:4.43640019:s:AutomataStep:7:Transition:01111111011111101001111011101011010011001001111000101111111110111011101110111111111110111111111011111111110101011101011011011011001101011111111011010100111001101010111111010111111111011101111001111100011011111111101000111111100111111100100011101100111110101111001011101111111111110111101111111111111001111110110111110101011010110111111111111010111001011100011010111011111101111111101111011101101111011111000101101111011110111111111111111011111001110110101011101111110111111111110111011010111111101110110011111111
000000000000000000000
000000000000000000000
000000000000000000000
000111111111111111000
000011111111111110000
000111111111111111000
000001111111100010000
000111111111111111000
000010011110001110000
000100100011110011000
000001111101111110000
000110110111100111000
000011101111111110000
000111111111111011000
000001110101111110000
000111111100111111000
000011011101110110000
000101010101010101000
000000000000000000000
000000000000000000000
000000000000000000000
end
