PSO TRACE
INIT:../../instances/fazia/init.csv
REF:../../instances/fazia/asm3.csv
DecodingPolicy:CPP2
MutationPolicy:Null
ParticleNeighborhood:Fixed
ParticleDims:515
ParticleCount:100
AccP:2.0
AccG:2.0
AccL:1.5
AccI:2.3
Pos:0.0-3.0
Inertia:0.9-0.6
VeloMax:2.0
MaxPSOIteration:500
InertiaDecrFactor:6.000000000000001E-4
INIT
000000000000000000000
000000000000000000000
000000000000000000000
000000000000000000000
000000000000000000000
000000000000000000000
000000000000000000000
000000000000000000000
000000000000000000000
000000000000000000000
000000000010000000000
000000000000000000000
000000000000000000000
000000000000000000000
000000000000000000000
000000000000000000000
000000000000000000000
000000000000000000000
000000000000000000000
000000000000000000000
000000000000000000000
REF
000000000000000000000
000000000000000000000
000000000000000000000
000111111111111111000
000011000011011110000
000111011110111101000
000000110111100010000
000111101011011111000
000010011111010110000
000111101110110001000
000001011001011110000
000111111110111111000
000011100010101010000
000111110011101101000
000000110011101110000
000111101110011111000
000010010101110110000
000111001100110011000
000000000000000000000
000000000000000000000
000000000000000000000
Classic CPP Decoder
0 :1,2,3,4,
1 :0,2,3,4,
2 :0,1,3,4,
3 :0,1,2,4,
4 :0,1,2,3,
5 :6,7,8,9,
6 :5,7,8,9,
7 :5,6,8,9,
8 :5,6,7,9,
9 :5,6,7,8,
10 :11,12,13,14,
11 :10,12,13,14,
12 :10,11,13,14,
13 :10,11,12,14,
14 :10,11,12,13,
15 :16,17,18,19,
16 :15,17,18,19,
17 :15,16,18,19,
18 :15,16,17,19,
19 :15,16,17,18,
20 :21,22,23,24,
21 :20,22,23,24,
22 :20,21,23,24,
23 :20,21,22,24,
24 :20,21,22,23,
25 :26,27,28,29,
26 :25,27,28,29,
27 :25,26,28,29,
28 :25,26,27,29,
29 :25,26,27,28,
30 :31,32,33,34,
31 :30,32,33,34,
32 :30,31,33,34,
33 :30,31,32,34,
34 :30,31,32,33,
35 :36,37,38,39,
36 :35,37,38,39,
37 :35,36,38,39,
38 :35,36,37,39,
39 :35,36,37,38,
40 :41,42,43,44,
41 :40,42,43,44,
42 :40,41,43,44,
43 :40,41,42,44,
44 :40,41,42,43,
45 :46,47,48,49,
46 :45,47,48,49,
47 :45,46,48,49,
48 :45,46,47,49,
49 :45,46,47,48,
50 :51,52,53,54,
51 :50,52,53,54,
52 :50,51,53,54,
53 :50,51,52,54,
54 :50,51,52,53,
55 :56,57,58,59,
56 :55,57,58,59,
57 :55,56,58,59,
58 :55,56,57,59,
59 :55,56,57,58,
60 :61,62,63,64,
61 :60,62,63,64,
62 :60,61,63,64,
63 :60,61,62,64,
64 :60,61,62,63,
65 :66,67,68,69,
66 :65,67,68,69,
67 :65,66,68,69,
68 :65,66,67,69,
69 :65,66,67,68,
70 :71,72,73,74,
71 :70,72,73,74,
72 :70,71,73,74,
73 :70,71,72,74,
74 :70,71,72,73,
75 :76,77,78,79,
76 :75,77,78,79,
77 :75,76,78,79,
78 :75,76,77,79,
79 :75,76,77,78,
80 :81,82,83,84,
81 :80,82,83,84,
82 :80,81,83,84,
83 :80,81,82,84,
84 :80,81,82,83,
85 :86,87,88,89,
86 :85,87,88,89,
87 :85,86,88,89,
88 :85,86,87,89,
89 :85,86,87,88,
90 :91,92,93,94,
91 :90,92,93,94,
92 :90,91,93,94,
93 :90,91,92,94,
94 :90,91,92,93,
95 :96,97,98,99,
96 :95,97,98,99,
97 :95,96,98,99,
98 :95,96,97,99,
99 :95,96,97,98,
#
It:0:Diff:101:PSOStep:7:Time:0.120954624:s:AutomataStep:7:Transition:01101110101000101111111101011111011111011111110011110011110111110111110001110111110101011000011011100110101011001000110110001111101011100101011111000111110111111010011100100111011111111000011110111101110101010111111000110011101011000111011111111101011001111100111111110111111110011110010110111001110110001000100101101110101100111110111111011001100111101111000101110110111011111111001000101110001001101111011101011110110111000101000110101011100111011111110010110101110100001000000010101111001100011101101010011111
000000000000000000000
000000000000000000000
000000000000000000000
000111100011011011000
000111011110101110000
000001100110110111000
000011000011001010000
000010111101001011000
000000110010010110000
000001111111111111000
000000100000111010000
000000010000110111000
000000111001001010000
000000111110111111000
000000000110101110000
000000001111101111000
000000000110101010000
000000000011110111000
000000000000000000000
000000000000000000000
000000000000000000000
#
It:3:Diff:84:PSOStep:7:Time:0.283288919:s:AutomataStep:7:Transition:01111111101101111111111111111111110111011110110111011111110111100111110111111111111010011101011111110110111111101101101011110111111111011101010111111101110111011110011110110111011111111000110111111111111111100110111101101101111111011111111111111111010111111110101111110110011111001101111111111011111110101011101111111111101111111110111011111011111111101111101111111110111011111011111110011111101100111111111111010111110111100111010110101111110101101111111010110011111011101110011111111111101101111101101010011111
000000000000000000000
000000000000000000000
000000000000000000000
000111111111111111000
000110110011111111000
000111111101001111000
000001111101001111000
000111011111111111000
000111011111111111000
000111011111111111000
000111101111111111000
000011110111111111000
000001110111111111000
000000111111111111000
000000011111111111000
000000001111111111000
000000000111111111000
000000000011111111000
000000000000000000000
000000000000000000000
000000000000000000000
#
It:4:Diff:83:PSOStep:7:Time:0.312609908:s:AutomataStep:7:Transition:01111101111111101111111111111011111010011100110111011111010111101111111111111111001100111111111111011101011100111011111011110111110111011101010010111001100011010110110010111001111011111110110111011000101011001111011001101110011100011111111110010111010111111011111110111111110011011001111101101111001011101011011111111110110110011101011101111011111110110111001010011110111110111100110101011111101101111111011111010111110110100110010111101101110111111110101101001010111011011110011101111101110101101111110011011100
000000000000000000000
000000000000000000000
000000000000000000000
000111011101110111000
000111101111111011000
000111111110110111000
000111101111110000000
000111111101111011000
000111010101111101000
000111011101100111000
000111011101011010000
000111110110111111000
000111111110111111000
000111100111110111000
000111111111110100000
000110111111101011000
000111101111111011000
000111011101110111000
000000000000000000000
000000000000000000000
000000000000000000000
#
It:16:Diff:76:PSOStep:7:Time:0.574200176:s:AutomataStep:7:Transition:01111111101001111111111111011011110010010110110111011111111111101111111111111110110111011001011111110101111111111111110011101111100111101101010111110111111111111011011111110101111101110101111111110111110111010111011000111010111111011111111111011001011111101010111111111110111011010111110111111011011010100110111111111110110110111111111111111101101111100111110111101110111111111111110111001111100101111011011111010101110111100111110011100001100011011101110100100100100011111110011111101011101101111111110010011111
000000000000000000000
000000000000000000000
000000000000000000000
000111111111111111000
000111111111111111000
000111111111110111000
000001110001111111000
000111101111101111000
000110101011011111000
000110111111110111000
000001000110111111000
000111110010011111000
000110101011011111000
000111010101011111000
000001111100111111000
000111111111111111000
000111011101110111000
000111111111111111000
000000000000000000000
000000000000000000000
000000000000000000000
#
It:20:Diff:73:PSOStep:7:Time:0.667196613:s:AutomataStep:7:Transition:01111111101111111111111011111011110010110110111111011111111111101111111111111111111111111101011111110101111111111111111011101111110111101101110101111111111011111111011111110101110111111100111111110111110111110111011001111111111111011111111111011011011111111111111111011110111011010111110111111111011110100111111111111110100110011111011111111111101111100111110111011100111011111111110111010101000100111111111111010101110111100110110011011101100111011101011100101110110011111111111101111011111101111111111011011111
000000000000000000000
000000000000000000000
000000000000000000000
000111111111111111000
000111111111111111000
000111111111111101000
000001100000000111000
000111111110111111000
000110111111111101000
000110111111111111000
000001111111111111000
000111011111111101000
000111111110111111000
000111011111110111000
000001111111111011000
000111111111111111000
000111011101110111000
000111111111111111000
000000000000000000000
000000000000000000000
000000000000000000000
#
It:22:Diff:72:PSOStep:7:Time:0.726643657:s:AutomataStep:7:Transition:01111111101111111111111011011111111011011111110111111111111111111111111111111111111111111111111111110111111101111111101111101101111101111101011101011111111111111110001111111111111111111100111111101111111101010111111001111111111010111111111101111111011111111111111111111110100111011111111111111111111111000111111111111111110111111111011111101111110111110010100110101111111111111111111111011101111101111111011101010111110111100111111111111111110111101101110111111110111011111101110101111011100111111110111011110111
000000000000000000000
000000000000000000000
000000000000000000000
000111111111111111000
000111111111111111000
000111111111111111000
000011111111111111000
000111111111111111000
000111111111111111000
000111111111111111000
000011111111111111000
000111111111111111000
000111010111111111000
000111111101111111000
000011011111011111000
000111111111111111000
000111011101110111000
000111111111111111000
000000000000000000000
000000000000000000000
000000000000000000000
#
It:23:Diff:71:PSOStep:7:Time:0.758154743:s:AutomataStep:7:Transition:01111111001110111100111111111111010000011101010001111111111111111111101111100010001111111010111110110010011101110111101010111101110111011001110101011100010011110110010101011111110010111010111111001110001000000011111000111111001010101110100011110110010111111010101001111111100101110000011001101111001011101111011111111111110011011101011100111111111110110110011100001110011110111101100101011111100000011101111110000101010111100010011110011100110111011100110111101100111011000101110011111001000001111110010011110110
000000000000000000000
000000000000000000000
000000000000000000000
000111111111111111000
000011111111111110000
000111111111111011000
000000110100110000000
000101111010001101000
000000010101011100000
000101100111110111000
000000110101101110000
000110111110100101000
000001010011110110000
000111111101101011000
000000010011011100000
000110100111010101000
000010101010101010000
000111011101110111000
000000000000000000000
000000000000000000000
000000000000000000000
#
It:29:Diff:64:PSOStep:7:Time:0.898198421:s:AutomataStep:7:Transition:01111111101101111111111111111001111010111100010111111111111101111101110111111111110111011011011111110010111111111111111010111100100111011101100010110111111011111111011111111111011111111001111111110111101111010111111001111111111111011111111111011111010110111100111111110111111111111111110101111011011011100111111110111110110110111111111111111111100110110111110110101110011110111111111111011111110001011111111011011111100111110110011110001101110111011101111010110110111011001111110111111011101111111111110010110111
000000000000000000000
000000000000000000000
000000000000000000000
000111111111111111000
000111111111111111000
000111111111111101000
000011111111111110000
000111111111011111000
000111111111111111000
000111111111111101000
000011101111110110000
000111111111111111000
000111101101111111000
000111111111100101000
000010111011001110000
000111111111111111000
000111011101111101000
000111111111111111000
000000000000000000000
000000000000000000000
000000000000000000000
#
It:56:Diff:61:PSOStep:7:Time:1.442121285:s:AutomataStep:7:Transition:01111111011101111110110111011100000010010110110011111111111111101100111111111110111110011010011111100010011101111111111011101111100001111111110110101101111011111110011110111101111101111101111111111111101101010111011101111111111111111110111111010111010111111111111101110111101110111011110111111011011011101111111110111110111110111101111111101111101111111111010110111110011111111101111111011111000000111111111111011111110111110111111110000111011111101101111011100111111011011101111111111101101111111111110010111101
000000000000000000000
000000000000000000000
000000000000000000000
000111111111111111000
000011000000000110000
000111011010111011000
000001011011111110000
000111101111111011000
000001011111111110000
000111101111111011000
000001101111111110000
000111110110111011000
000001110111101110000
000111110111111111000
000001101111111110000
000111101110111011000
000010101010101010000
000111111111111111000
000000000000000000000
000000000000000000000
000000000000000000000
#
It:138:Diff:60:PSOStep:7:Time:3.204166108:s:AutomataStep:7:Transition:01111111001101110110110011111011100010010110110111111111111111111101111111111111111110011011011111100000011111111111111011111111100111011101011111101001111011111111111110111101111111111101111110111111111101011010101001011011111111111111111111011111010111111111101111011110100011111111111111111001111101100111111111111110101110011111111111111001101111100111101110111111011111111101111101000101110101111011111111011111000111100111110010111111111011011101111000110110111011111110111111111001111111111111010011011111
000000000000000000000
000000000000000000000
000000000000000000000
000111111111111111000
000011111111111111000
000111111111111111000
000001111111111111000
000111111111111111000
000001111111111111000
000111111111111111000
000001111111111111000
000111111111111111000
000001110111111111000
000111110111111111000
000001010111111111000
000111111111111111000
000010110111111111000
000111011101110111000
000000000000000000000
000000000000000000000
000000000000000000000
#
It:173:Diff:58:PSOStep:7:Time:3.914999301:s:AutomataStep:7:Transition:01111111011101101110100011111111010110101010111001111111111111101101111110111111110000111111111111100111011110111111000011100111111101111101110011101101001011111111011110111101010101101001111110010010101101110001111000110111010010111101111111010110010100111101110001010111100001111111111011111011101101110110101101110101101110110100110111101001101101110010111110101100001000011001111101000001110000101011111111010101100011000111110110101110111111001010111011110111111001101110011111111101111111111110110011111011
000000000000000000000
000000000000000000000
000000000000000000000
000111111111111111000
000011000000000110000
000111111111111101000
000011011011111010000
000111101101100111000
000010111011111110000
000111111111111101000
000011010101011110000
000111111101011111000
000010111101111010000
000111111101100101000
000011111110100010000
000111101111111111000
000010110111111110000
000111011101110111000
000000000000000000000
000000000000000000000
000000000000000000000
#
It:191:Diff:54:PSOStep:7:Time:4.290989162:s:AutomataStep:7:Transition:01111111011111111111110011011111001001111110110001111111111111101000101110111111111111111111111111111111011100101111101111011111110111111101110111111011111011111110111111111111010100111101111111111011101101011011111010011010111011111111111111110111000111111111111111010111110111110011111111111011110111101111111101101111110111100101111111101001110111110111111000101110011011011001111100111101110010111111111111010111000011010111111000100111111111111001111011101110111001111111110111111101111111111110111111011011
000000000000000000000
000000000000000000000
000000000000000000000
000111111111111111000
000011000000000110000
000101111111111101000
000001110111100110000
000110111111011111000
000010111110111110000
000111111111100101000
000000011101111110000
000111111011111111000
000011111111101110000
000101111111110101000
000001111100111110000
000110110111111111000
000010111101101010000
000111011101110111000
000000000000000000000
000000000000000000000
000000000000000000000
#
It:201:Diff:53:PSOStep:7:Time:4.48938092:s:AutomataStep:7:Transition:01111111011010111110110111111111011110011110110111011111111111111111101111111111111011111110111111110101011101111111111011101111110111011111110111111001011111111011011011110101010101010101111111110111101111110111111111010101111011111110111111011111001111101111111101111111111111110111111111111111111101001111111101110111111110101110111111111111110111110111111111101110001111110101111100001111110011111111111110010111110111010111111010101111011011111101101111100111111101111111111111111111111111111110110110011111
000000000000000000000
000000000000000000000
000000000000000000000
000111111111111111000
000011111111111110000
000111111111111101000
000011111111111110000
000111111111111111000
000011111111111110000
000111111111111101000
000011111111111110000
000111111111111111000
000011111111111110000
000111111111111101000
000011111111111110000
000111111111111111000
000010011001100110000
000111011101110111000
000000000000000000000
000000000000000000000
000000000000000000000
#
It:240:Diff:51:PSOStep:7:Time:5.27181563:s:AutomataStep:7:Transition:01111111011110111110110111011111011110011110110101111111111111101111101111111011111011111111111111110111011101111111111011101111110111011111110010111101111111111111011011110101010101010101111111110111101101000101111110100111111010111110111111110111010111111011111101010110111111111111111111111111111111101111111111110110111110111111111111111111110111110111100111101110011111111101011100011101110001111111111110010111110111000111111110101111011011111100100011100111111001111111111111111111110111111110110110011111
000000000000000000000
000000000000000000000
000000000000000000000
000111111111111111000
000011000000000110000
000111111110111101000
000010110111111110000
000111111111111111000
000010010001111110000
000111111111111101000
000010111111111110000
000111111111111111000
000010011111111110000
000111111111111101000
000010111010101110000
000111111111111111000
000010011001100110000
000111011101110111000
000000000000000000000
000000000000000000000
000000000000000000000
#
It:269:Diff:48:PSOStep:7:Time:5.834926271:s:AutomataStep:7:Transition:01111111011110101110110111011101010110011010110101111111111111111111100111111011110011011011111111110111011111111111111011101111110111011111110010111101011111111111011011110101010101110101111111010111101101100100111010100001111010011110110111010111010111111011111101010110101110111111111101111111111111101111011110110010101110110111111111111111110111110111100111101110001111111101011101011101111001111111111111010111110111000111111100100111001011111100100111110101111011111111111111111101110111111110110110011111
000000000000000000000
000000000000000000000
000000000000000000000
000111111111111111000
000011111111111110000
000111111111111101000
000000110111111110000
000111111111111111000
000001011111111110000
000111111111111101000
000001111011111110000
000111111111111111000
000001111111111110000
000111111111110101000
000000101111101110000
000111110111011111000
000010011001100110000
000111011101110111000
000000000000000000000
000000000000000000000
000000000000000000000
#
It:462:Diff:47:PSOStep:7:Time:9.666268547:s:AutomataStep:7:Transition:01111111011110111010110111011111011110011110110001011111111111111111100111111011110011011010111111110111011111111111101011101111110111011111010010111101101011111111011011110111010101010101111111110111101101110111111000110111111010011110110111110101010111111010111101010110111111111111111111101011111111001111111110110010111111110101110111111111110111110111100011101110011101111001111101011101111001111111111111010111110111000111111100100111111011111100100101110101111001111111111111111111110111111111110110011111
000000000000000000000
000000000000000000000
000000000000000000000
000111111111111111000
000011111111111110000
000111111111111101000
000000110111111110000
000111111111111111000
000001011111111110000
000111111111111101000
000001111011111110000
000111111111111111000
000001111111111110000
000111111111111101000
000000101011101110000
000111111111111111000
000010011110100110000
000111011101110111000
000000000000000000000
000000000000000000000
000000000000000000000
#
It:483:Diff:46:PSOStep:7:Time:10.075572017:s:AutomataStep:7:Transition:01111111011010101110100111011101000110011010110011111111111111111111100111111011110010111010111110110111011111111111011011101111110111001111110010111101001111111111011011111100010101010001111111110111101101000110111011110101111011011110110111110111010110111010111101010110111110111111011111101011111101101111111110110010110111010101111111101111110111110111000111101110001101111101011101001101111000111111111110010111110111000111111100100111011011111110100101110101111011111111111111011111110111111111110110011111
000000000000000000000
000000000000000000000
000000000000000000000
000111111111111111000
000011111111111110000
000111111111111101000
000000110111111110000
000111111111111111000
000001011111111110000
000111111111111101000
000001111101111110000
000111111111111111000
000001111110111110000
000111111111111101000
000000111010001110000
000111111111111111000
000010011001100110000
000111011101110111000
000000000000000000000
000000000000000000000
000000000000000000000
#
It:489:Diff:45:PSOStep:7:Time:10.192576035:s:AutomataStep:7:Transition:01111111011110101110110111011111011110010110110001111111111111111111100011111011110101011010111111110111011111111111111011101111110111011111110010111101011111111111011011110101010101010100111111110111101111100100111010110011111011111110111111110111010111101010111101010110101110111111111111101111111111101111111110110000111010110111111111111111110111101111000111101110011111111001011101011101111001111111111111010111110111000111111100101111001111111110100101110101111011111111111111111001111101111110110110011111
000000000000000000000
000000000000000000000
000000000000000000000
000111111111111111000
000011111111111110000
000111111111111101000
000000110111111110000
000111111111111111000
000000011111111110000
000111111111111101000
000001111101111110000
000111111111111111000
000001111111111110000
000111110111111101000
000000111010101110000
000111110111111111000
000010011001100110000
000111011101110111000
000000000000000000000
000000000000000000000
000000000000000000000
end
