PSO TRACE
INIT:../../instances/fazia/init.csv
REF:../../instances/fazia/asm3.csv
DecodingPolicy:CPP2
MutationPolicy:Null
ParticleNeighborhood:Fixed
ParticleDims:515
ParticleCount:100
AccP:2.0
AccG:2.0
AccL:1.5
AccI:2.3
Pos:0.0-3.0
Inertia:0.9-0.6
VeloMax:2.0
MaxPSOIteration:500
InertiaDecrFactor:6.000000000000001E-4
INIT
000000000000000000000
000000000000000000000
000000000000000000000
000000000000000000000
000000000000000000000
000000000000000000000
000000000000000000000
000000000000000000000
000000000000000000000
000000000000000000000
000000000010000000000
000000000000000000000
000000000000000000000
000000000000000000000
000000000000000000000
000000000000000000000
000000000000000000000
000000000000000000000
000000000000000000000
000000000000000000000
000000000000000000000
REF
000000000000000000000
000000000000000000000
000000000000000000000
000111111111111111000
000011000011011110000
000111011110111101000
000000110111100010000
000111101011011111000
000010011111010110000
000111101110110001000
000001011001011110000
000111111110111111000
000011100010101010000
000111110011101101000
000000110011101110000
000111101110011111000
000010010101110110000
000111001100110011000
000000000000000000000
000000000000000000000
000000000000000000000
Classic CPP Decoder
0 :1,2,3,4,
1 :0,2,3,4,
2 :0,1,3,4,
3 :0,1,2,4,
4 :0,1,2,3,
5 :6,7,8,9,
6 :5,7,8,9,
7 :5,6,8,9,
8 :5,6,7,9,
9 :5,6,7,8,
10 :11,12,13,14,
11 :10,12,13,14,
12 :10,11,13,14,
13 :10,11,12,14,
14 :10,11,12,13,
15 :16,17,18,19,
16 :15,17,18,19,
17 :15,16,18,19,
18 :15,16,17,19,
19 :15,16,17,18,
20 :21,22,23,24,
21 :20,22,23,24,
22 :20,21,23,24,
23 :20,21,22,24,
24 :20,21,22,23,
25 :26,27,28,29,
26 :25,27,28,29,
27 :25,26,28,29,
28 :25,26,27,29,
29 :25,26,27,28,
30 :31,32,33,34,
31 :30,32,33,34,
32 :30,31,33,34,
33 :30,31,32,34,
34 :30,31,32,33,
35 :36,37,38,39,
36 :35,37,38,39,
37 :35,36,38,39,
38 :35,36,37,39,
39 :35,36,37,38,
40 :41,42,43,44,
41 :40,42,43,44,
42 :40,41,43,44,
43 :40,41,42,44,
44 :40,41,42,43,
45 :46,47,48,49,
46 :45,47,48,49,
47 :45,46,48,49,
48 :45,46,47,49,
49 :45,46,47,48,
50 :51,52,53,54,
51 :50,52,53,54,
52 :50,51,53,54,
53 :50,51,52,54,
54 :50,51,52,53,
55 :56,57,58,59,
56 :55,57,58,59,
57 :55,56,58,59,
58 :55,56,57,59,
59 :55,56,57,58,
60 :61,62,63,64,
61 :60,62,63,64,
62 :60,61,63,64,
63 :60,61,62,64,
64 :60,61,62,63,
65 :66,67,68,69,
66 :65,67,68,69,
67 :65,66,68,69,
68 :65,66,67,69,
69 :65,66,67,68,
70 :71,72,73,74,
71 :70,72,73,74,
72 :70,71,73,74,
73 :70,71,72,74,
74 :70,71,72,73,
75 :76,77,78,79,
76 :75,77,78,79,
77 :75,76,78,79,
78 :75,76,77,79,
79 :75,76,77,78,
80 :81,82,83,84,
81 :80,82,83,84,
82 :80,81,83,84,
83 :80,81,82,84,
84 :80,81,82,83,
85 :86,87,88,89,
86 :85,87,88,89,
87 :85,86,88,89,
88 :85,86,87,89,
89 :85,86,87,88,
90 :91,92,93,94,
91 :90,92,93,94,
92 :90,91,93,94,
93 :90,91,92,94,
94 :90,91,92,93,
95 :96,97,98,99,
96 :95,97,98,99,
97 :95,96,98,99,
98 :95,96,97,99,
99 :95,96,97,98,
#
It:0:Diff:89:PSOStep:7:Time:0.150580903:s:AutomataStep:7:Transition:01111101110011111111101111111101110111011111010111010000001001111111111011100111011110001111111111111101111101111111101101011111110111111110100010010110110111111001111101111110100111010111111111111101111111111011011000111110101011110110011111111101111001111111111110101110001101110101111111001111010111100111000101101011010001100011110111111111111110010101110111011101111011101111110111111110111011110110010101001111110011011010010010010111101111110101011111111111111101000101111011111111101011101101011101010101
000000000000000000000
000000000000000000000
000000000000000000000
000111011101110111000
000111011101110111000
000111111111111111000
000110111111101101000
000111001011101011000
000111111110101001000
000111111111011101000
000111111111101101000
000111101111111101000
000111001111000101000
000111110101110111000
000110010011110101000
000111111010111011000
000110110111111011000
000111010101010111000
000000000000000000000
000000000000000000000
000000000000000000000
#
It:1:Diff:74:PSOStep:7:Time:0.263105721:s:AutomataStep:7:Transition:01101101110110011111101111111101001111111100111011011100001001101101100101100111101110011010110011111011111100111010111101000101110011111011101111111111110011110010111101011010101111111010011111110110011110001010110001111000111111110100011111111101110110101110010010111110111101110101111111111111010111101100011110111111011010110011101101110111110100110111111111011101111011001001011111111101111000111110111111111111011011111010110011110111000111001101111101100001010101101011110011111111010011111011110100110101
000000000000000000000
000000000000000000000
000000000000000000000
000111111111111111000
000110111110001110000
000101110110010011000
000000011001100010000
000111111111010111000
000110101111111110000
000101101100110101000
000011101111111100000
000111011101001111000
000110101111100110000
000101111011011111000
000000000001110010000
000111101011011111000
000110011110000110000
000111111111111111000
000000000000000000000
000000000000000000000
000000000000000000000
#
It:5:Diff:68:PSOStep:7:Time:0.359386511:s:AutomataStep:7:Transition:01111101110010001111101111111100011111111100111011111101011001011101100101101111111110011110110011111111111100111010111001000111111111111110101111110111110111110110111111111011101111101011011111111110111010000011111001111001111111111101011111111111111010101111110010111110111101110101011111111101110111011100111110111111010110011111101101110111110111110111110111011101111011011000011111111100111000111110111111011111011011111011111111110011011111011101111101100001000111111110110111111111010011111111110100110101
000000000000000000000
000000000000000000000
000000000000000000000
000111011101110111000
000110101011101010000
000111111111110111000
000000010111000110000
000111111111110111000
000110011010011010000
000111111111111111000
000000011011011110000
000111111111111111000
000110000101111110000
000111111111111111000
000000001101000110000
000111111111111111000
000110011110000110000
000111111111111111000
000000000000000000000
000000000000000000000
000000000000000000000
#
It:7:Diff:56:PSOStep:7:Time:0.403562738:s:AutomataStep:7:Transition:01111111110110001111101111111100011111111110111011110101111001011101110101111110111000011110110011001111111110111010111101000111111111110110101011101111110011111110111111110111101111101011010111111001111010000011111001111001111111111101011101111111111001101011110010111110111101110101111111111100110110011100111010111111010110111101101101110111110111110111110111011101101011011000011111110000001000111110111001010111010101111011111111110011011111011101101101101001000111111110111111011011010011111110110100110001
000000000000000000000
000000000000000000000
000000000000000000000
000111111111111111000
000110011011110110000
000111111111111101000
000000001111110000000
000111111110111111000
000111111111000110000
000111111111010101000
000000000011001100000
000111111111111111000
000111101000101110000
000111111111111101000
000000000011101100000
000111111111111111000
000111110100010110000
000111111111111111000
000000000000000000000
000000000000000000000
000000000000000000000
end
