PSO TRACE
INIT:../../instances/fazia/init.csv
REF:../../instances/fazia/asm3.csv
DecodingPolicy:CPP2
MutationPolicy:Null
ParticleNeighborhood:Fixed
ParticleDims:515
ParticleCount:100
AccP:2.0
AccG:2.0
AccL:1.5
AccI:2.3
Pos:0.0-3.0
Inertia:0.9-0.6
VeloMax:2.0
MaxPSOIteration:500
InertiaDecrFactor:6.000000000000001E-4
INIT
000000000000000000000
000000000000000000000
000000000000000000000
000000000000000000000
000000000000000000000
000000000000000000000
000000000000000000000
000000000000000000000
000000000000000000000
000000000000000000000
000000000010000000000
000000000000000000000
000000000000000000000
000000000000000000000
000000000000000000000
000000000000000000000
000000000000000000000
000000000000000000000
000000000000000000000
000000000000000000000
000000000000000000000
REF
000000000000000000000
000000000000000000000
000000000000000000000
000111111111111111000
000011000011011110000
000111011110111101000
000000110111100010000
000111101011011111000
000010011111010110000
000111101110110001000
000001011001011110000
000111111110111111000
000011100010101010000
000111110011101101000
000000110011101110000
000111101110011111000
000010010101110110000
000111001100110011000
000000000000000000000
000000000000000000000
000000000000000000000
Classic CPP Decoder
0 :1,2,3,4,
1 :0,2,3,4,
2 :0,1,3,4,
3 :0,1,2,4,
4 :0,1,2,3,
5 :6,7,8,9,
6 :5,7,8,9,
7 :5,6,8,9,
8 :5,6,7,9,
9 :5,6,7,8,
10 :11,12,13,14,
11 :10,12,13,14,
12 :10,11,13,14,
13 :10,11,12,14,
14 :10,11,12,13,
15 :16,17,18,19,
16 :15,17,18,19,
17 :15,16,18,19,
18 :15,16,17,19,
19 :15,16,17,18,
20 :21,22,23,24,
21 :20,22,23,24,
22 :20,21,23,24,
23 :20,21,22,24,
24 :20,21,22,23,
25 :26,27,28,29,
26 :25,27,28,29,
27 :25,26,28,29,
28 :25,26,27,29,
29 :25,26,27,28,
30 :31,32,33,34,
31 :30,32,33,34,
32 :30,31,33,34,
33 :30,31,32,34,
34 :30,31,32,33,
35 :36,37,38,39,
36 :35,37,38,39,
37 :35,36,38,39,
38 :35,36,37,39,
39 :35,36,37,38,
40 :41,42,43,44,
41 :40,42,43,44,
42 :40,41,43,44,
43 :40,41,42,44,
44 :40,41,42,43,
45 :46,47,48,49,
46 :45,47,48,49,
47 :45,46,48,49,
48 :45,46,47,49,
49 :45,46,47,48,
50 :51,52,53,54,
51 :50,52,53,54,
52 :50,51,53,54,
53 :50,51,52,54,
54 :50,51,52,53,
55 :56,57,58,59,
56 :55,57,58,59,
57 :55,56,58,59,
58 :55,56,57,59,
59 :55,56,57,58,
60 :61,62,63,64,
61 :60,62,63,64,
62 :60,61,63,64,
63 :60,61,62,64,
64 :60,61,62,63,
65 :66,67,68,69,
66 :65,67,68,69,
67 :65,66,68,69,
68 :65,66,67,69,
69 :65,66,67,68,
70 :71,72,73,74,
71 :70,72,73,74,
72 :70,71,73,74,
73 :70,71,72,74,
74 :70,71,72,73,
75 :76,77,78,79,
76 :75,77,78,79,
77 :75,76,78,79,
78 :75,76,77,79,
79 :75,76,77,78,
80 :81,82,83,84,
81 :80,82,83,84,
82 :80,81,83,84,
83 :80,81,82,84,
84 :80,81,82,83,
85 :86,87,88,89,
86 :85,87,88,89,
87 :85,86,88,89,
88 :85,86,87,89,
89 :85,86,87,88,
90 :91,92,93,94,
91 :90,92,93,94,
92 :90,91,93,94,
93 :90,91,92,94,
94 :90,91,92,93,
95 :96,97,98,99,
96 :95,97,98,99,
97 :95,96,98,99,
98 :95,96,97,99,
99 :95,96,97,98,
#
It:0:Diff:99:PSOStep:7:Time:0.162632551:s:AutomataStep:7:Transition:01011101110010011010110011111111110110101001111110111111111111111111100111101110100111011111110011100101111100111111010110110111111001111011011110111110111101110001111100111111101100111100111111100011101111001111011001101011000111111111011101101111111110111111110011001111110011100111101111100001111010011001111011111001101110011110001101101011011101111111101111111110000100111110110101100110101111001110110011101010111111111111111101111111110111101101110000111111110111111010110111101011110110111111101011001101
000000000000000000000
000000000000000000000
000000000000000000000
000101010101010101000
000111111111111111000
000110000000000111000
000111101111101111000
000111000111110111000
000110101011111101000
000110010011000111000
000111110011101011000
000111101111111101000
000111111111001011000
000111011111110101000
000110110010101101000
000111010011011101000
000111111111111111000
000111011101110111000
000000000000000000000
000000000000000000000
000000000000000000000
#
It:1:Diff:96:PSOStep:7:Time:0.258921235:s:AutomataStep:7:Transition:01010011011110111111111111111111101011111101101111111111111110111111111111111001000101111111101011100111011111001111111011111101011011111111011111111111111111111001011110110111101111111101111111111011111111111111101111101010101111111011111111001011110111111111111111110011111101110100101111111001011011001011011001111111100111111111010101011001111101011111110111110111110111111100010101100101011011011101111101111111100111110010011110111011111100111101111111111011111101111011111111011000110000111111101011011111
000000000000000000000
000000000000000000000
000000000000000000000
000100000000000000000
000011000000000000000
000111111111100000000
000010011111110000000
000111010111101000000
000010101111110100000
000111110110111010000
000011011111111111000
000111011111111111000
000010001101111111000
000111111111111111000
000011001111111111000
000110110101110111000
000010111111111111000
000101010101010101000
000000000000000000000
000000000000000000000
000000000000000000000
#
It:3:Diff:84:PSOStep:7:Time:0.306522255:s:AutomataStep:7:Transition:01011001111110111111110111111111111111100101101101110111111110111111110111111100000111001101101010100101010111001011111000111111111011111101011111111111110111111001011110100100101110111001111111101011111101111111101100101010111011101011101101101010111111011101110111110011111111110100101111101001011010011110011001001110111110111101010101011011011101011111110111111111010110101100010001000111001111001111110111111101111111010010001111111011110110101001101111111001011101111011111111001000110110111111001111011111
000000000000000000000
000000000000000000000
000000000000000000000
000101010101010101000
000110111000100011000
000111101010101011000
000110010111010011000
000110111111110111000
000111110111111011000
000111111111110111000
000111011111011111000
000110111110111111000
000111011011111111000
000111001101111111000
000110101111111111000
000111101110111111000
000111011101110111000
000111011101110111000
000000000000000000000
000000000000000000000
000000000000000000000
#
It:4:Diff:79:PSOStep:7:Time:0.341452275:s:AutomataStep:7:Transition:01011011011110111111111111111111111011110100101111110111111110111111010011111000000101001101101010100101111110001011111010111101111011111101011111111111110101111001011110000101101110111001111011101011111101110101101100101010101011101110101110101010101111111101110111010011111101110100101111111001011010101100001001001110111110111100000101010010011101001111110111111111011111101100011001000101001011011111111111011101111111010010001111111111110100111000100111111000011101111011101111010000111000110011101111011111
000000000000000000000
000000000000000000000
000000000000000000000
000101010101010101000
000011011111111111000
000111000011010111000
000011110111111111000
000111011111100111000
000011110001111111000
000111111011110111000
000011111111011111000
000111110001111111000
000011111101111111000
000111110111111111000
000011111001111111000
000111101110111111000
000011011111010111000
000111011101110111000
000000000000000000000
000000000000000000000
000000000000000000000
#
It:5:Diff:72:PSOStep:7:Time:0.366298589:s:AutomataStep:7:Transition:01111110001111010011110111101111101111100111111100111011111001101011111011010101111111111101100011111101010110011011110110111111011001011101011111101110010111110001011000010110111100101011101011101110101011110101011100100110111001111110111100100011100111011111010101010111111011010100100111100000011010011010011100101111101110001010000100110101011110101110111111111000011110011110011001001111110111101110110111110110111001111111110011111111110111101110111000111111110011111011111111001000111111111011101011101101
000000000000000000000
000000000000000000000
000000000000000000000
000111111111111111000
000011100111111011000
000100010111101111000
000010101010111010000
000111101111011101000
000011011100010110000
000100010111111011000
000011010100111010000
000111101111110111000
000010000111110010000
000101010110011101000
000010100111100110000
000111111111111111000
000000111111111111000
000101010101010101000
000000000000000000000
000000000000000000000
000000000000000000000
#
It:19:Diff:69:PSOStep:7:Time:0.68635434:s:AutomataStep:7:Transition:01111111011111011011110111101111110111100111111100111111111011101011011011010101111111111101101011111101110110101001111110111111111011011101011110111110010111110000111100010110111100101011000011101110101011110101011100100110111011101110110101100011111111011110010111000011110001010100101111110000011010011010011110101111101110111110000110111111011111111110111111111100011010011110011001001111110111111110110111110111111001110111111011111011110111111110111010111111111111111011110111001000011111110011101011101001
000000000000000000000
000000000000000000000
000000000000000000000
000111111111111111000
000011111011011011000
000111010101101011000
000001101011110110000
000111001101110001000
000011111011111110000
000111111010111011000
000001010100111110000
000111100101011111000
000010111011111110000
000110111111100101000
000000111001111010000
000110001110110111000
000011000100010011000
000111011101110111000
000000000000000000000
000000000000000000000
000000000000000000000
#
It:23:Diff:68:PSOStep:7:Time:0.79440708:s:AutomataStep:7:Transition:01111111010111010111110011111011101111101101111101111111111011101011111011010101111110111100101011110101010110101001011110110111111011111101011111100110110111110001001100010110111110101011001011101110101111110101101100100110111011111111110101100011101111111111010101011011110011010100101111101001011010111010101000101110101110111110110110110101011111111111111111111100001111011110011101011111100111111110110111111111111101011100111011111011100111111110110010111111110101111011011110010010111101110111101011110001
000000000000000000000
000000000000000000000
000000000000000000000
000111111111111111000
000010000011011011000
000101001101101111000
000011011111111111000
000111011111111111000
000011111110011111000
000111111110110011000
000000111111001101000
000111110110111111000
000011001110010111000
000101111011011111000
000010101100111111000
000110110110111011000
000011011101110111000
000111011101110111000
000000000000000000000
000000000000000000000
000000000000000000000
#
It:29:Diff:65:PSOStep:7:Time:0.932060668:s:AutomataStep:7:Transition:01111111010111010111110111111111011111101101111101111111111011101011110010011100111111111000110111111101110110111011111111111111111011111101011111100110110111111000011000110110111110111001001111101111111011010101011100101110111111111110111100100011110101111101110101001111111011100110101111111001011010011110111111101100101110011111110110111111011111111110111111111011111111011110011111011101100111111110111111111110111111110110011100011011100111101110110110111111111111111011010111010010101101010111101111000101
000000000000000000000
000000000000000000000
000000000000000000000
000111111111111111000
000010001101101100000
000110001111111001000
000000111111101100000
000111111011111111000
000011001111111100000
000110101010101101000
000001111111111100000
000110101111111111000
000011101111111100000
000111011010101101000
000000111111111100000
000111111011101111000
000011111111111100000
000111111111111111000
000000000000000000000
000000000000000000000
000000000000000000000
#
It:37:Diff:63:PSOStep:7:Time:1.161082137:s:AutomataStep:7:Transition:01111111011111010111110011101111011111001101111100110111111010101111111011011100111111111101100111111101110111111001011110111101111011111001011111101100010111100100111000111110111110101101010111100111101011010101011100100110111011111010111101101011110111111111110111011011110011110110101111111001011010011111011111101111011110110111010100111111001111111110111111111010011110111110011011011101111111111110111110110110111011011110111101001011110111101110111111111111011111111000110111000000101101010111101001101101
000000000000000000000
000000000000000000000
000000000000000000000
000111111111111111000
000010111111101100000
000111101110101001000
000010111111101100000
000111110011011111000
000010011011010100000
000111111111101101000
000011101111011100000
000111101100101111000
000011100010010100000
000111111011100101000
000010110000101100000
000111010111111111000
000011111111111100000
000111111111111111000
000000000000000000000
000000000000000000000
000000000000000000000
#
It:92:Diff:57:PSOStep:7:Time:2.402639308:s:AutomataStep:7:Transition:01111111000111111111100111101111011110001101111101011011011011011011111000111100111111111101101111101111110111111011111110111101111011111101011111101100110101101101111010110110011111111000101011111100111011011011111100100100110001111110010111001010100111101111111101101011111011010110100111111001011110111110001111111101111111001011110101111111001111111110111101111111111111011110001001011111111111111110101111111100111111111111111011110110101111111110101001111101111111111110110101001010011011100111101101111001
000000000000000000000
000000000000000000000
000000000000000000000
000111111111111111000
000010101010101010000
000111110110111111000
000000111110111100000
000111101010011111000
000010101110111110000
000110101111101011000
000001101011111100000
000111101111110011000
000011100111111110000
000111110111110111000
000000100011110100000
000111101111110011000
000011010101010110000
000111011101110111000
000000000000000000000
000000000000000000000
000000000000000000000
#
It:196:Diff:54:PSOStep:7:Time:4.606426297:s:AutomataStep:7:Transition:01111111010111111111110111101111011100001101111001111011011011111011111111111100111111111101101111001111111111111011111110110111111101111101011111111100110111101101011010110110011111111010011010111110111010111111011100100110010101111110010111101111111111111111110111111011111011010110101111111001011110111110111111011101001111011011111101111111001111111110111111111111111111011110011001111111111111111110110111110100111111111110111111110110101111111110101011111111111011111110110111011010011001110111101111111001
000000000000000000000
000000000000000000000
000000000000000000000
000111111111111111000
000010111011101110000
000111111111111111000
000000111111011110000
000100100011111111000
000010111110111110000
000111110111111111000
000011011111111110000
000111111011111111000
000010000110111110000
000111110111011111000
000000111110111110000
000111101111010011000
000011001111110110000
000111001100110011000
000000000000000000000
000000000000000000000
000000000000000000000
#
It:269:Diff:52:PSOStep:7:Time:6.190725353:s:AutomataStep:7:Transition:01111110000010111111010111101110010111001101111100010111111101101111110011010100101101111100101101111111111111111111111110111111111001111101110111111100110101101100110010100111011100111010111011101100101010011110110110110100010101111010000100011011100111101101111101101011011011110110101101100001011111110010111101111101001111011111110101010011001111111111111100011110111110111110010001001111111111111110101011111111111011001011101001111011100111111110000000110101011111111000110101011000001000000101101001111010
000000000000000000000
000000000000000000000
000000000000000000000
000111111111111111000
000011010111101100000
000111110100011101000
000000100111000110000
000111111111001111000
000011011111011110000
000101001100011111000
000010010001010100000
000111110111110101000
000000110111111000000
000101011011111101000
000000010111101110000
000111101110111111000
000011001100110010000
000111001100110011000
000000000000000000000
000000000000000000000
000000000000000000000
#
It:298:Diff:50:PSOStep:7:Time:6.807133716:s:AutomataStep:7:Transition:01111110000010111111100111111110011111100101111100011111111011101111111001111100111101111111101111101111111111111111111010111101111001011101111111111100110101100101111010110110010110111010111011101000101010110011111100100100010101101010100100101011100111101110100111011011111011010110100100111001011111110010111101101001001111011111011101010011101111111110111111011101101101011110010001001111111111111110101111111011111111011111010011110011100110111100101010111101111011111110110111011000011001110101101110110001
000000000000000000000
000000000000000000000
000000000000000000000
000111111111111111000
000011011111010110000
000110010111111011000
000011111111110010000
000111110111111111000
000010011100110110000
000111101110110011000
000010110011010010000
000111011100111111000
000011100110010110000
000111111011101011000
000010111011111110000
000111111011011111000
000011110111011010000
000111001100110011000
000000000000000000000
000000000000000000000
000000000000000000000
#
It:344:Diff:48:PSOStep:7:Time:7.771765728:s:AutomataStep:7:Transition:01111111010010111111110111111111010111101101111010011011111111111011111110111101111101111111111111001111110111111001111110111111111101111111011111110100110111101100111111110110110111111010110011100100111011111010111100100101110010111111001110001011110111111111111111101111110011011110101111111001011111111111101111011101001111011011111101111101111111111110111101011001101111011110011001111111111111111110110111111111111110111111011010110111110110111110101000111110111111111110110111011010111011110101111110111001
000000000000000000000
000000000000000000000
000000000000000000000
000111111111111111000
000011111111111110000
000111111111111111000
000000110011111110000
000101111111111111000
000010011111111110000
000111111111111111000
000001111111111110000
000110011101011111000
000011110110111110000
000111111111100111000
000000110111111110000
000101101100101111000
000011011101110110000
000111001100110011000
000000000000000000000
000000000000000000000
000000000000000000000
#
It:352:Diff:47:PSOStep:7:Time:7.948380177:s:AutomataStep:7:Transition:01111111011110111111110111111110010111100101111110011011111011111011111110111101111100111101111111011111111111101001111110111111111101111111011111101100110111101110111111111110011101111010111011111110111011011110111100100111010110111111001110101011100111101110101101011011111011111110101111111101011111011111111111011101011111011111111001111011011111101110111101111111101111111110011100111111111111111100111011111111111111011111011110111011111110111100101001111111111111111100110101011010111010110001111110111011
000000000000000000000
000000000000000000000
000000000000000000000
000111111111111111000
000010111011101110000
000111111111111111000
000000111011101110000
000111110111111111000
000010011111011110000
000111111111111111000
000000010111101110000
000111111111111111000
000011011110011110000
000111110111111111000
000000111111101110000
000111100010111111000
000011011101110110000
000111001100110011000
000000000000000000000
000000000000000000000
000000000000000000000
#
It:455:Diff:38:PSOStep:7:Time:10.137838975:s:AutomataStep:7:Transition:01111111011111111111110111111111011111001101111110011011111011111011111111111101111101111101111111011111111111111011111110111111111011111101011111111100110111101110111111111110011101111001111011111110111011111010111100100110010110111011111110101011100111101111111101011011011011111100101111110101011111011111111111011101011111011111110101111011001111111110111111111111101111011110011101111111111111111100111011111111111111011111110110111011111110111100101001110110111111111100110101011010111011110101111110111011
000000000000000000000
000000000000000000000
000000000000000000000
000111111111111111000
000010111011101110000
000111111111111111000
000000111011001010000
000111110111001111000
000010111111110110000
000111101110110011000
000011011111111110000
000111111111111111000
000011110011111010000
000111111111111111000
000000111010101110000
000111101110111111000
000011011101110100000
000111001100110011000
000000000000000000000
000000000000000000000
000000000000000000000
end
