PSO TRACE
INIT:../../instances/fazia/init.csv
REF:../../instances/fazia/asm3.csv
DecodingPolicy:CPP2:CDLE2
MutationPolicy:Std
ParticleNeighborhood:Fixed
ParticleDims:515
ParticleCount:100
AccP:2.0
AccG:2.0
AccL:1.5
AccI:2.3
Pos:0.0-3.0
Inertia:0.9-0.6
VeloMax:2.0
MaxPSOIteration:500
InertiaDecrFactor:6.000000000000001E-4
INIT
000000000000000000000
000000000000000000000
000000000000000000000
000000000000000000000
000000000000000000000
000000000000000000000
000000000000000000000
000000000000000000000
000000000000000000000
000000000000000000000
000000000010000000000
000000000000000000000
000000000000000000000
000000000000000000000
000000000000000000000
000000000000000000000
000000000000000000000
000000000000000000000
000000000000000000000
000000000000000000000
000000000000000000000
REF
000000000000000000000
000000000000000000000
000000000000000000000
000111111111111111000
000011000011011110000
000111011110111101000
000000110111100010000
000111101011011111000
000010011111010110000
000111101110110001000
000001011001011110000
000111111110111111000
000011100010101010000
000111110011101101000
000000110011101110000
000111101110011111000
000010010101110110000
000111001100110011000
000000000000000000000
000000000000000000000
000000000000000000000
Classic CPP Decoder
0 :1,2,3,4,
1 :0,2,3,4,
2 :0,1,3,4,
3 :0,1,2,4,
4 :0,1,2,3,
5 :6,7,8,9,
6 :5,7,8,9,
7 :5,6,8,9,
8 :5,6,7,9,
9 :5,6,7,8,
10 :11,12,13,14,
11 :10,12,13,14,
12 :10,11,13,14,
13 :10,11,12,14,
14 :10,11,12,13,
15 :16,17,18,19,
16 :15,17,18,19,
17 :15,16,18,19,
18 :15,16,17,19,
19 :15,16,17,18,
20 :21,22,23,24,
21 :20,22,23,24,
22 :20,21,23,24,
23 :20,21,22,24,
24 :20,21,22,23,
25 :26,27,28,29,
26 :25,27,28,29,
27 :25,26,28,29,
28 :25,26,27,29,
29 :25,26,27,28,
30 :31,32,33,34,
31 :30,32,33,34,
32 :30,31,33,34,
33 :30,31,32,34,
34 :30,31,32,33,
35 :36,37,38,39,
36 :35,37,38,39,
37 :35,36,38,39,
38 :35,36,37,39,
39 :35,36,37,38,
40 :41,42,43,44,
41 :40,42,43,44,
42 :40,41,43,44,
43 :40,41,42,44,
44 :40,41,42,43,
45 :46,47,48,49,
46 :45,47,48,49,
47 :45,46,48,49,
48 :45,46,47,49,
49 :45,46,47,48,
50 :51,52,53,54,
51 :50,52,53,54,
52 :50,51,53,54,
53 :50,51,52,54,
54 :50,51,52,53,
55 :56,57,58,59,
56 :55,57,58,59,
57 :55,56,58,59,
58 :55,56,57,59,
59 :55,56,57,58,
60 :61,62,63,64,
61 :60,62,63,64,
62 :60,61,63,64,
63 :60,61,62,64,
64 :60,61,62,63,
65 :66,67,68,69,
66 :65,67,68,69,
67 :65,66,68,69,
68 :65,66,67,69,
69 :65,66,67,68,
70 :71,72,73,74,
71 :70,72,73,74,
72 :70,71,73,74,
73 :70,71,72,74,
74 :70,71,72,73,
75 :76,77,78,79,
76 :75,77,78,79,
77 :75,76,78,79,
78 :75,76,77,79,
79 :75,76,77,78,
80 :81,82,83,84,
81 :80,82,83,84,
82 :80,81,83,84,
83 :80,81,82,84,
84 :80,81,82,83,
85 :86,87,88,89,
86 :85,87,88,89,
87 :85,86,88,89,
88 :85,86,87,89,
89 :85,86,87,88,
90 :91,92,93,94,
91 :90,92,93,94,
92 :90,91,93,94,
93 :90,91,92,94,
94 :90,91,92,93,
95 :96,97,98,99,
96 :95,97,98,99,
97 :95,96,98,99,
98 :95,96,97,99,
99 :95,96,97,98,
#
It:0:Diff:81:PSOStep:7:Time:1.39807769:s:AutomataStep:7:Transition:01111011111111001111111111111111101111111011111111111111111111111101111111110110101011111000111111111101111110101111111110100011110111100111110111110101111111110110111001011111010110111011101000111111100111011010111111110011101111111111111011111110011111111111111111111101111100111111010111001111101111110111110111101111011111111110110101111101010011011111111001111101111110111110111001110101111001111111111011101011111111101100011110011111111111011011100101011111101101101101111010101111111111111111011111111111
000000000000000000000
000000000000000000000
000000000000000000000
000111111111111111000
000111111111111111000
000111111111111111000
000111111111111111000
000111111111111101000
000111111111111111000
000111111111111011000
000111111111111011000
000111111111111101000
000111111111001111000
000111111111111111000
000111111010011111000
000111111110110101000
000111110111011111000
000110110111011011000
000000000000000000000
000000000000000000000
000000000000000000000
#
It:3:Diff:73:PSOStep:7:Time:2.044831605:s:AutomataStep:7:Transition:01111111111101011111111111101011101111110101111111111111101111011111110011110011011011111111111011111111011111001100110111110010110001110101110010100000111101011110111011111111011110111110101011011111110001011111111111110101101111111111101010011111111111101111111111111001010001111111010001000111110111111110111010111111111111110110110111110101110111011111001001011101111010111111111001010111111110111111111111001011001110111111011010011111111111011011111101011111101101101101101100000010011111110101101110111111
000000000000000000000
000000000000000000000
000000000000000000000
000111111111111111000
000111111111111111000
000111111111111110000
000110011111111111000
000111101011111111000
000111100011111110000
000111101111111111000
000111111011111011000
000111111100111010000
000111111111111010000
000111111111111110000
000111111111011111000
000111101111111101000
000111011111110101000
000111011101110111000
000000000000000000000
000000000000000000000
000000000000000000000
#
It:13:Diff:73:PSOStep:7:Time:3.73597158:s:AutomataStep:7:Transition:01111111111101011111111111101011011111110101011111111111101111111111110111110110111111111111111001111111011111101100110111110010110000110111010010100000111101011110111011111111011110011110101011011111110001011111111111110101101111111111101010011101111111101011111111111001010101001101010001000111110101111110110010111110111111110110111111110001110111111110011011011101011110111111111101010111110110111111101111001011001110111111011010001111111111011001111001011111001101101101100000000010011111110101111010111011
000000000000000000000
000000000000000000000
000000000000000000000
000111111111111111000
000111111111111110000
000111010101010111000
000111001111111110000
000111101111111111000
000111101101001110000
000111110011010111000
000111111111011110000
000111001111111111000
000111101111111110000
000111111010001111000
000111100101101110000
000111111010111111000
000111001100110100000
000111011101110111000
000000000000000000000
000000000000000000000
000000000000000000000
#
It:15:Diff:70:PSOStep:7:Time:4.081533606:s:AutomataStep:7:Transition:01111111111111011011011011101111111111111011111111111111111101111101110111110110011111111001101111111111111110111111110011101110100011110101110011111001111101111011111011111111100100011011101111111110110111101111111001011101101111111111101110011111111011111111111111111111110100101101011001011111110111111110111111111111101111111110111111111111111001011111100011111101111011111111111111100110111101111111111111101110101101111111111110101111111111111111100011010111101111111111101101000110111101111011011111111111
000000000000000000000
000000000000000000000
000000000000000000000
000111111111111111000
000111111111111111000
000111111111111111000
000111111111111110000
000111111111111111000
000111111111111111000
000111111111111111000
000101111111111110000
000111111111111111000
000111111111111111000
000111111111111111000
000101111111111110000
000111111111111111000
000111111111111111000
000111111111111111000
000000000000000000000
000000000000000000000
000000000000000000000
#
It:27:Diff:69:PSOStep:7:Time:5.949189817:s:AutomataStep:7:Transition:01111111111111011111001011111111001111011011111111111111111101111111100111110110001111011101101111110111111011101101110111111111111101110111110111011100111111111010111001110111111101101010110110001110100111001011111101110111101111011111101110111111011011101111111111111101111101110101111001101110110111111110111111111111101101001110010111110111111111011111110101010111111111111101111111101111111011111111111011111001101111111111111110111111111111011011111111011111101111111101101001011110011101111111101111111111
000000000000000000000
000000000000000000000
000000000000000000000
000111111111111111000
000111111111111110000
000111111111111111000
000111111111111010000
000111111111111111000
000111111111111110000
000111111111111111000
000111111111111010000
000111111111111111000
000111111111111110000
000111111111111111000
000111111111111010000
000111011101110111000
000111011101110110000
000111111111111111000
000000000000000000000
000000000000000000000
000000000000000000000
#
It:36:Diff:68:PSOStep:7:Time:7.297541151:s:AutomataStep:7:Transition:01111011111111001111000011111011001111111110111111111111111101111111110111010111000111111100101011110111111111001101100001110010110101110111110111000000111011011010111001111110111100101111100110001110100111001011111011110111000010111111010110110101011011101111111111010111111000110101111001011100010111111110111111111111101111100110010111010111111111111111101101110110111110111111111111101111101101111100101011111110101110111111111100111111111101011010111011111111101111101101101101000110111111111111001111111011
000000000000000000000
000000000000000000000
000000000000000000000
000111111111111111000
000111111111111110000
000111111111111111000
000111111110101010000
000111111111010111000
000111111111011110000
000111111110100011000
000111111111111010000
000111111111111111000
000111111111111110000
000111111111110011000
000111111111111010000
000111111111111111000
000111111111111110000
000111111111111111000
000000000000000000000
000000000000000000000
000000000000000000000
#
It:43:Diff:64:PSOStep:7:Time:8.313613775:s:AutomataStep:7:Transition:01111111111111001111101111101011001111111011111111111111111111111111110111010111000111110110101110110111011110001101100111110010110100110111110111101100111011011111111001110110110101101011100110001111100111101011111001110111011011111111001111111101110111001111111111010110111100110101111101011111010111111110111110001111111111110110110111110111111111111111101100110011101111111111110101101111011101111110011111111010101111111111110100111111111110011000111011111111001111111101101101001111101111111111011101100011
000000000000000000000
000000000000000000000
000000000000000000000
000111111111111111000
000111111111111110000
000111111111111111000
000100110110101010000
000111111111111111000
000110111000001110000
000111111110111111000
000101001000101010000
000111111111111111000
000111110011111110000
000111110101011111000
000110111111101010000
000111100000101111000
000111111011101110000
000111011101110111000
000000000000000000000
000000000000000000000
000000000000000000000
#
It:45:Diff:56:PSOStep:7:Time:8.608008238:s:AutomataStep:7:Transition:01111111111111001111111111101011001111110011111111111111111111111101110111110011011111111110111111111110011111001101110111110010110100110111010111101100111111011111111111010111111111100110101010011111110111001111111111110111101111111111001011111101111111101111111111011111110101110101111001001011100111111110111110101101011111110111110111110011111101111111000101111111111010110111111001101111111111111111111111111011101111111111111010111101111111011001111111110111001111111101101100001111111111110111111111111011
000000000000000000000
000000000000000000000
000000000000000000000
000111111111111111000
000111111111111110000
000111111111111111000
000110011111101010000
000111111111111111000
000111111111110010000
000111111111111111000
000111110110111010000
000111111111111111000
000111110011001010000
000111111111111111000
000111111111111010000
000111101110111111000
000111011101110110000
000111001100110011000
000000000000000000000
000000000000000000000
000000000000000000000
#
It:67:Diff:55:PSOStep:7:Time:11.864331908:s:AutomataStep:7:Transition:01111011111111001111011111111011011111110001111111111110101111101101100111110011011101111110111110111110011111001100110111010010100110110111010011101100111011011110111111010111110101111110101110011110110111001111111101010111111111111111001011111101101111101111111111110101110101111111011111001011100111111110111110101111011111110111111111110011011101111111000100111110111110110111111101111111011101111111111111111010101110111101111111111100101111011001111001110111001111111111101100101001111111110111111111101011
000000000000000000000
000000000000000000000
000000000000000000000
000111111111111111000
000110011111000110000
000111111111111111000
000100011111100010000
000111100111111111000
000111111111111010000
000111101110111111000
000101111111010010000
000111111011011111000
000111100111111010000
000111111111111111000
000100111001100010000
000111101110111111000
000110111011101110000
000111001100110011000
000000000000000000000
000000000000000000000
000000000000000000000
#
It:73:Diff:51:PSOStep:7:Time:12.763997708:s:AutomataStep:7:Transition:01111011111111001111011111111111011111111101111111111110111111111101100111110111011101111110111111111111011111101100110111110110110110110111010111101100111011011110111101010111110100101110101110011111110111101111111101010111111111111111001111011101110111101111111111111111110101011101011111010111100111111110111110101111011111110111111111110011011111111111000100111111111101110111111101111111011101111111111111111011101110111101111111111110111111011000111011110111001111111111101100001111111111110111111111111011
000000000000000000000
000000000000000000000
000000000000000000000
000111111111111111000
000111111111111110000
000111111111111111000
000100111110101010000
000111111111111111000
000111011111110010000
000111111111111111000
000101110011111010000
000111111011111111000
000111101111011010000
000111111101111111000
000100110111101010000
000111101110111111000
000110111101110110000
000111001100110011000
000000000000000000000
000000000000000000000
000000000000000000000
#
It:177:Diff:50:PSOStep:7:Time:28.036267503:s:AutomataStep:7:Transition:01111011111111001111011111111111011111111101111111111110111111111101100111010001011011110110111111111111000010001100110111110110100110100111010011101100111011011110110011010111110100101110100010011101110111101111111101010111111111111111101111111101110111001101111101110111010101010111111101000111100111111110111110101101001111010111110111110011011101111111000100110111111100100110111101111111011101111110111111111010111110111111111111111110111111011000111000110111001111111111101100001111111111110111011101111011
000000000000000000000
000000000000000000000
000000000000000000000
000111111111111111000
000111111111111110000
000111111111111111000
000100111110101010000
000111111111111111000
000111011110010010000
000111111111111111000
000101011000110110000
000111111110111111000
000111101111111010000
000111111101110111000
000100110011101110000
000111101110110111000
000110111011111100000
000111001100110011000
000000000000000000000
000000000000000000000
000000000000000000000
#
It:272:Diff:49:PSOStep:7:Time:41.95365843:s:AutomataStep:7:Transition:01111011111111001111011111111111011111111101111111111111111111111101100011010011011101111110111111111111101110001100110101111110110110100111110011101100111011011110110011011111111100101110101010011111110111101111111101010111111111111111001010011101110111101111101111111111110101011101011101010111100101111110101110001101001111110111111111110111011001111111010100110011111100110110111101111111111101111110101111111011101110111111111111111101111111011000111011110111001111111111101100001101111111110111011111111011
000000000000000000000
000000000000000000000
000000000000000000000
000111111111111111000
000111111111111110000
000111111111111111000
000100111110101010000
000111111111111111000
000111011110010010000
000111111111011111000
000101011001111010000
000111111111101111000
000111101101111010000
000111111111111111000
000100110111100010000
000111101110111111000
000110111101110110000
000111001100110011000
000000000000000000000
000000000000000000000
000000000000000000000
#
It:405:Diff:48:PSOStep:7:Time:61.747697456:s:AutomataStep:7:Transition:01111011111111001111111111111111001111110101111111111110011111111101100011010011011101111110111110111111011111001100110101110110100110100111110011101100111010011110111001001111110100101110101010011111110111101111111101010110111111111111001010011101110111101111111111110111110001111111011101010111100111111110111110001111011111110111111111110111011001111111010100110010111101100111111101111111011101111010111111111010101110110101111011111101111101011000111011010111001111111111101100001101111111110111011111111011
000000000000000000000
000000000000000000000
000000000000000000000
000111111111111111000
000111111111111110000
000111111111111111000
000100111110101010000
000111111111111111000
000111011111010010000
000111111111111111000
000101010011011010000
000111111011111111000
000111101111101010000
000111110101111111000
000100110111101010000
000111101110111111000
000110111101101010000
000111001100110011000
000000000000000000000
000000000000000000000
000000000000000000000
end
