PSO TRACE
INIT:../../instances/fazia/init.csv
REF:../../instances/fazia/asm3.csv
DecodingPolicy:CPP2:CDLE2
MutationPolicy:Std
ParticleNeighborhood:Fixed
ParticleDims:515
ParticleCount:100
AccP:2.0
AccG:2.0
AccL:1.5
AccI:2.3
Pos:0.0-3.0
Inertia:0.9-0.6
VeloMax:2.0
MaxPSOIteration:500
InertiaDecrFactor:6.000000000000001E-4
INIT
000000000000000000000
000000000000000000000
000000000000000000000
000000000000000000000
000000000000000000000
000000000000000000000
000000000000000000000
000000000000000000000
000000000000000000000
000000000000000000000
000000000010000000000
000000000000000000000
000000000000000000000
000000000000000000000
000000000000000000000
000000000000000000000
000000000000000000000
000000000000000000000
000000000000000000000
000000000000000000000
000000000000000000000
REF
000000000000000000000
000000000000000000000
000000000000000000000
000111111111111111000
000011000011011110000
000111011110111101000
000000110111100010000
000111101011011111000
000010011111010110000
000111101110110001000
000001011001011110000
000111111110111111000
000011100010101010000
000111110011101101000
000000110011101110000
000111101110011111000
000010010101110110000
000111001100110011000
000000000000000000000
000000000000000000000
000000000000000000000
Classic CPP Decoder
0 :1,2,3,4,
1 :0,2,3,4,
2 :0,1,3,4,
3 :0,1,2,4,
4 :0,1,2,3,
5 :6,7,8,9,
6 :5,7,8,9,
7 :5,6,8,9,
8 :5,6,7,9,
9 :5,6,7,8,
10 :11,12,13,14,
11 :10,12,13,14,
12 :10,11,13,14,
13 :10,11,12,14,
14 :10,11,12,13,
15 :16,17,18,19,
16 :15,17,18,19,
17 :15,16,18,19,
18 :15,16,17,19,
19 :15,16,17,18,
20 :21,22,23,24,
21 :20,22,23,24,
22 :20,21,23,24,
23 :20,21,22,24,
24 :20,21,22,23,
25 :26,27,28,29,
26 :25,27,28,29,
27 :25,26,28,29,
28 :25,26,27,29,
29 :25,26,27,28,
30 :31,32,33,34,
31 :30,32,33,34,
32 :30,31,33,34,
33 :30,31,32,34,
34 :30,31,32,33,
35 :36,37,38,39,
36 :35,37,38,39,
37 :35,36,38,39,
38 :35,36,37,39,
39 :35,36,37,38,
40 :41,42,43,44,
41 :40,42,43,44,
42 :40,41,43,44,
43 :40,41,42,44,
44 :40,41,42,43,
45 :46,47,48,49,
46 :45,47,48,49,
47 :45,46,48,49,
48 :45,46,47,49,
49 :45,46,47,48,
50 :51,52,53,54,
51 :50,52,53,54,
52 :50,51,53,54,
53 :50,51,52,54,
54 :50,51,52,53,
55 :56,57,58,59,
56 :55,57,58,59,
57 :55,56,58,59,
58 :55,56,57,59,
59 :55,56,57,58,
60 :61,62,63,64,
61 :60,62,63,64,
62 :60,61,63,64,
63 :60,61,62,64,
64 :60,61,62,63,
65 :66,67,68,69,
66 :65,67,68,69,
67 :65,66,68,69,
68 :65,66,67,69,
69 :65,66,67,68,
70 :71,72,73,74,
71 :70,72,73,74,
72 :70,71,73,74,
73 :70,71,72,74,
74 :70,71,72,73,
75 :76,77,78,79,
76 :75,77,78,79,
77 :75,76,78,79,
78 :75,76,77,79,
79 :75,76,77,78,
80 :81,82,83,84,
81 :80,82,83,84,
82 :80,81,83,84,
83 :80,81,82,84,
84 :80,81,82,83,
85 :86,87,88,89,
86 :85,87,88,89,
87 :85,86,88,89,
88 :85,86,87,89,
89 :85,86,87,88,
90 :91,92,93,94,
91 :90,92,93,94,
92 :90,91,93,94,
93 :90,91,92,94,
94 :90,91,92,93,
95 :96,97,98,99,
96 :95,97,98,99,
97 :95,96,98,99,
98 :95,96,97,99,
99 :95,96,97,98,
#
It:0:Diff:92:PSOStep:7:Time:1.160804126:s:AutomataStep:7:Transition:01101101010110100111101111101010110110010010100111011000001110011111110111111101111111110111101111101110100111100110111100011110001101011100100100100111110101110001111100101101010111110100011101110111101110101101000111101101100111111010010111001110111100111100110100111110110111000101111111110110001100100110101011011100110110110111101111111011001011001010101001001110111111111001111110010001111011011101001111001010101011110111100111111000101000101010111010011101100101111100001111101111011100000100111111101110
000000000000000000000
000000000000000000000
000000000000000000000
000111111111111111000
000010100010001011000
000100111011101101000
000010001100100111000
000110100001110011000
000010000011001101000
000100111111111011000
000001111100100111000
000111011010010001000
000010010100110101000
000111111111111101000
000001111111110111000
000111001101110011000
000001000100010001000
000101010101010101000
000000000000000000000
000000000000000000000
000000000000000000000
#
It:1:Diff:76:PSOStep:7:Time:1.459345976:s:AutomataStep:7:Transition:01101101000110100000100111101110010110010001100111100100011100011111000111011011100011110111111101101110000111101111011001111100011101111001100100100110110011110000000010001100000110110100011001011010001110101010000110100101100111111010010010000100111100111010110110111100110011000100100010101100000101000011001011101100110000111111101101111011101011011001001011001100111111001100111110000101110011111101001000000100000110100001110101010010001010111010101011011101110111100101001111101011101100011000111111100010
000000000000000000000
000000000000000000000
000000000000000000000
000111111111111111000
000000000101000010000
000101110110011101000
000010100000101110000
000111011010010111000
000011111111001010000
000110101111111001000
000010100111001110000
000111101010001111000
000011001101101110000
000111011110110101000
000010101111100110000
000111101110111011000
000000000000000000000
000101010101010101000
000000000000000000000
000000000000000000000
000000000000000000000
#
It:2:Diff:70:PSOStep:7:Time:1.691251261:s:AutomataStep:7:Transition:01101101010110101101101111101010010110010011100111110100011100011111010111111011010101000111101101101110011111101111011001110100011110111001100100110111110001111100100000001100010101110100011111110010101110101011010111101101110111111111010011011110111100111110110111011101110011001100110100100111001001000101000010001100010100101110101101101111001011111100001111011100111111011001110110000001111011111101011010001100000110100011111111110010001010111010001011011101000100101100011011101110110101010001111111100111
000000000000000000000
000000000000000000000
000000000000000000000
000111111111111111000
000011111010111110000
000111101010011111000
000001100100111110000
000111111010001001000
000011011111110110000
000110101101101101000
000001101011011010000
000111011111111101000
000011110110111010000
000110100111110101000
000001000001111010000
000110110011011101000
000010111011101110000
000101010101010101000
000000000000000000000
000000000000000000000
000000000000000000000
#
It:7:Diff:67:PSOStep:7:Time:2.686581779:s:AutomataStep:7:Transition:01101101010110101101101111101010000110010010110111110100011100011111111111111011010111000111101111101110011111100111011001110110011110111001100101110111110001111100100000001101010111110100010101110110101110101011000111101101110111111111000111011110111100111110111111001111110011001100110100100111001001100010000011001100010100100111101101111111101011111101101111011100111111011001111110000001111011111101011110001100000111100011111111110010001001111110011011111101000101001100011111101110111101011001111111100111
000000000000000000000
000000000000000000000
000000000000000000000
000111111111111111000
000010111101101110000
000111111010101111000
000001111101111110000
000111111101110101000
000011111110100010000
000111111110111101000
000001011110111010000
000111111111111101000
000011111110001010000
000111110111111101000
000001111111101110000
000110100101011101000
000010111001001110000
000101010101010101000
000000000000000000000
000000000000000000000
000000000000000000000
#
It:12:Diff:65:PSOStep:7:Time:3.455143162:s:AutomataStep:7:Transition:01101101010110111101101111101111011111010110101111111101011100011110010111111011011101010011100111101110001111101101011101111100001110011101101101011111110101110101111100101101110111110100011111110011111111101011000111101111110111111110100011011110111100111000110111111101110011101110110110110110001011100100111111111001010110100111101110101011000011101111001111011100111111111100101110011001001110111101011111011111101111100111111111110010101010111001110010111101001010101110011111101110001101010101111111101111
000000000000000000000
000000000000000000000
000000000000000000000
000111111111111111000
000010111111010110000
000111101111101111000
000001111001111110000
000111101111011111000
000011111101011110000
000111111111111111000
000001011100101110000
000111110111001111000
000011110111111110000
000111110010110111000
000001011100111110000
000111011110011011000
000010110111111110000
000101010101010101000
000000000000000000000
000000000000000000000
000000000000000000000
#
It:35:Diff:60:PSOStep:7:Time:7.346196104:s:AutomataStep:7:Transition:01101101010110111101111111101111011110011110100111111101011110001111111111011011011001000011100100001110001111101100011101111100011110111101101101011111110001111111101000001100110111111101011111110011111111101111000111101101110011111110101011011110101100101110110111111101110001101110111011110011101111000111111111111101010110101101101101111011001111111111101111011100111111111100111111010011011101111101111111001110101111100111111011111011111011111011101011111101001110101110010111101011111101011101111110100111
000000000000000000000
000000000000000000000
000000000000000000000
000111111111111111000
000010111111111010000
000111011110111111000
000001110111111010000
000111111011011111000
000011101111010110000
000110111111011011000
000001110111010110000
000111111101011111000
000011101010111110000
000110010001110111000
000001111110111110000
000110111111111011000
000010111011111110000
000101010101010101000
000000000000000000000
000000000000000000000
000000000000000000000
#
It:131:Diff:59:PSOStep:7:Time:22.533887624:s:AutomataStep:7:Transition:01101101010110111111111111101101011110010111100111111101111101011111111111111011011010110110100100001110011111110100011101111100011110111100101101011111110101111111101000001100110111111101011111110010111111101111000111101001110111111111101011011110111100111101110111111101110001001111111011110111101111100111111111111100010110101111111111110111011111101111101111011111111111111110111110010011111100111111111101001110101110100111111011111011101011111011111111111101101111111100010111101111111101010001111111100111
000000000000000000000
000000000000000000000
000000000000000000000
000111111111111111000
000011101110111010000
000100110011011111000
000001011101101110000
000111111010111111000
000011111111011110000
000111101111111111000
000001011101111110000
000111111110111111000
000011110101011110000
000111111101101111000
000001110011001110000
000111111010111011000
000010111111110110000
000101010101010101000
000000000000000000000
000000000000000000000
000000000000000000000
#
It:159:Diff:58:PSOStep:7:Time:27.015566358:s:AutomataStep:7:Transition:01101101010110111111111111111111011110110111110111110111111110001111111111111111011011110111101110111110001110110111011101111101011110111110111101111111111101111101101000001010110111111101011111111000111111101111000110101111110111111110100011011110100101011111111111111001100011101111111011110001111011110111011111111100011110101111111111101111011111111111001111001011110111111110111110111111111111111111011111101111101111101111111111111111101010111111111111111101101111111111011010101011001101110101110101110111
000000000000000000000
000000000000000000000
000000000000000000000
000111111111111111000
000011111011111110000
000101111101111111000
000000111111001110000
000110101111111111000
000011011111010110000
000111101111111011000
000000111001110110000
000111111101010111000
000011111011111110000
000110111001101111000
000001111011111000000
000111111001111111000
000010111111111110000
000101010101010101000
000000000000000000000
000000000000000000000
000000000000000000000
#
It:220:Diff:56:PSOStep:7:Time:36.27615126:s:AutomataStep:7:Transition:01101101010110111100100111101111001110110111101111101110011110111110010111111011001111010011101110011010000111100111011101111111001110011010110101011111110101110101101000101110111111110100011111110000111111101111010111101111100111111110100011010110111100111110111111111101110011001100110010110111101111000100111111111000011110110111101111111111011011101111001111011101111011111110111110111011111111111101011111010111111111101111111111111110101010111011111011111101100111110101110111101111111100111101111110111111
000000000000000000000
000000000000000000000
000000000000000000000
000111111111111111000
000011000111110110000
000100111011111111000
000001110111011110000
000111111111111111000
000010111111111110000
000111101101111111000
000001011001111110000
000111111111111111000
000011111011111110000
000111111011011111000
000001011111111110000
000111111010101111000
000010111111111110000
000101010101010101000
000000000000000000000
000000000000000000000
000000000000000000000
#
It:260:Diff:55:PSOStep:7:Time:42.186946898:s:AutomataStep:7:Transition:01101101010111111111101111101011011111110111101111111110011110001111011111111111001111010111110110101110001111101111011101111111011110111111111101111110110011110111101000101111011111111101011111110111111111101111100111111101110101111111110011110110101100111110110111111111110111111110101111110111011101000111101111111001010110111111110111111111001111111010110111011111110111101100111110100001111111111101111111011111110111100011110111111111111111111001101011111101100111101110011111101111101101111101111111100111
000000000000000000000
000000000000000000000
000000000000000000000
000111111111111111000
000011101111110110000
000111111111101111000
000001101111111110000
000111101111011111000
000011011111111110000
000111111011111101000
000001111111111110000
000110111111111111000
000011101011111110000
000111111011111101000
000001110111111110000
000111110011110111000
000010111111110110000
000101010101010101000
000000000000000000000
000000000000000000000
000000000000000000000
#
It:390:Diff:54:PSOStep:7:Time:60.904990738:s:AutomataStep:7:Transition:01101101010111111111100111101111011111110111111111111110011110111111011111111111001111110111101110111110001111101111011101111111011110111111101101111111110011110111101000101111111111111101011111110011111111101111000111111011110101111111110011110110111100111110110111111101110111101111111111110111001101000111111111111001010110111111110111111111001111111110111111011111111011111111111110000011111111111111111111001111110111100111111111111111111011111001011011111101101111111111011111101111111101111101111111111111
000000000000000000000
000000000000000000000
000000000000000000000
000111111111111111000
000011011111011110000
000111111111111111000
000001011111111110000
000110111111111111000
000011011111111110000
000111101111111101000
000001111111111110000
000110111111110111000
000011110011111110000
000111111111111101000
000001111111111110000
000110101111110111000
000010111111110110000
000101010101010101000
000000000000000000000
000000000000000000000
000000000000000000000
#
It:477:Diff:54:PSOStep:7:Time:73.453083289:s:AutomataStep:7:Transition:01101101010111111111100111101111011111110111111111101110111100111111011111111111001110110111101110111010001111101111011101111111011110111111101101111111110011110111011000101011111101110101011111110011111110101111000111111001110101111011110011010110101100111010110111111101110111101110111011110111001101000111101111111001010010111111110111111110001111111010111111011101111011111011111110000011111011111010111111000111110111100111111111111111111011111001111011111101100111111111011111101110101101101101111111110111
000000000000000000000
000000000000000000000
000000000000000000000
000111111111111111000
000011011111011110000
000111111111111111000
000001111111111110000
000111111111111111000
000010101111111110000
000111101111111101000
000001111111111110000
000110111111110111000
000011101111101110000
000111111111111101000
000001100111111110000
000111111011110111000
000010111111110110000
000101010101010101000
000000000000000000000
000000000000000000000
000000000000000000000
end
