PSO TRACE
INIT:../../instances/fazia/init.csv
REF:../../instances/fazia/asm3.csv
DecodingPolicy:CPP2:CDLE2
MutationPolicy:Std
ParticleNeighborhood:Fixed
ParticleDims:515
ParticleCount:100
AccP:2.0
AccG:2.0
AccL:1.5
AccI:2.3
Pos:0.0-3.0
Inertia:0.9-0.6
VeloMax:2.0
MaxPSOIteration:500
InertiaDecrFactor:6.000000000000001E-4
INIT
000000000000000000000
000000000000000000000
000000000000000000000
000000000000000000000
000000000000000000000
000000000000000000000
000000000000000000000
000000000000000000000
000000000000000000000
000000000000000000000
000000000010000000000
000000000000000000000
000000000000000000000
000000000000000000000
000000000000000000000
000000000000000000000
000000000000000000000
000000000000000000000
000000000000000000000
000000000000000000000
000000000000000000000
REF
000000000000000000000
000000000000000000000
000000000000000000000
000111111111111111000
000011000011011110000
000111011110111101000
000000110111100010000
000111101011011111000
000010011111010110000
000111101110110001000
000001011001011110000
000111111110111111000
000011100010101010000
000111110011101101000
000000110011101110000
000111101110011111000
000010010101110110000
000111001100110011000
000000000000000000000
000000000000000000000
000000000000000000000
Classic CPP Decoder
0 :1,2,3,4,
1 :0,2,3,4,
2 :0,1,3,4,
3 :0,1,2,4,
4 :0,1,2,3,
5 :6,7,8,9,
6 :5,7,8,9,
7 :5,6,8,9,
8 :5,6,7,9,
9 :5,6,7,8,
10 :11,12,13,14,
11 :10,12,13,14,
12 :10,11,13,14,
13 :10,11,12,14,
14 :10,11,12,13,
15 :16,17,18,19,
16 :15,17,18,19,
17 :15,16,18,19,
18 :15,16,17,19,
19 :15,16,17,18,
20 :21,22,23,24,
21 :20,22,23,24,
22 :20,21,23,24,
23 :20,21,22,24,
24 :20,21,22,23,
25 :26,27,28,29,
26 :25,27,28,29,
27 :25,26,28,29,
28 :25,26,27,29,
29 :25,26,27,28,
30 :31,32,33,34,
31 :30,32,33,34,
32 :30,31,33,34,
33 :30,31,32,34,
34 :30,31,32,33,
35 :36,37,38,39,
36 :35,37,38,39,
37 :35,36,38,39,
38 :35,36,37,39,
39 :35,36,37,38,
40 :41,42,43,44,
41 :40,42,43,44,
42 :40,41,43,44,
43 :40,41,42,44,
44 :40,41,42,43,
45 :46,47,48,49,
46 :45,47,48,49,
47 :45,46,48,49,
48 :45,46,47,49,
49 :45,46,47,48,
50 :51,52,53,54,
51 :50,52,53,54,
52 :50,51,53,54,
53 :50,51,52,54,
54 :50,51,52,53,
55 :56,57,58,59,
56 :55,57,58,59,
57 :55,56,58,59,
58 :55,56,57,59,
59 :55,56,57,58,
60 :61,62,63,64,
61 :60,62,63,64,
62 :60,61,63,64,
63 :60,61,62,64,
64 :60,61,62,63,
65 :66,67,68,69,
66 :65,67,68,69,
67 :65,66,68,69,
68 :65,66,67,69,
69 :65,66,67,68,
70 :71,72,73,74,
71 :70,72,73,74,
72 :70,71,73,74,
73 :70,71,72,74,
74 :70,71,72,73,
75 :76,77,78,79,
76 :75,77,78,79,
77 :75,76,78,79,
78 :75,76,77,79,
79 :75,76,77,78,
80 :81,82,83,84,
81 :80,82,83,84,
82 :80,81,83,84,
83 :80,81,82,84,
84 :80,81,82,83,
85 :86,87,88,89,
86 :85,87,88,89,
87 :85,86,88,89,
88 :85,86,87,89,
89 :85,86,87,88,
90 :91,92,93,94,
91 :90,92,93,94,
92 :90,91,93,94,
93 :90,91,92,94,
94 :90,91,92,93,
95 :96,97,98,99,
96 :95,97,98,99,
97 :95,96,98,99,
98 :95,96,97,99,
99 :95,96,97,98,
#
It:0:Diff:90:PSOStep:7:Time:0.471636745:s:AutomataStep:7:Transition:01111001110011111110011111111111111101101101111111111111111001111111110011101111111001111010111010111011111101011101101111101011001111110000111110111110011011000101101000111111111000110011111100111111110111110111101111001111111111101011101111111110111111101111101110111011010111111101100111111011111111110001111110101111100101111100100011111110001101011001111101111111110011111101100101110011001111101111011010111101011111011100110011111111101110100101111111111011111001101111111111001111011011111111111110111100
000000000000000000000
000000000000000000000
000000000000000000000
000111001100110011000
000111111011111101000
000101111111110111000
000111111111110010000
000111111011000011000
000111111011100011000
000111011101000101000
000111111100100010000
000111101110111011000
000111100111111101000
000110010010111111000
000111010011010110000
000111011111111111000
000111111111111111000
000101010101010101000
000000000000000000000
000000000000000000000
000000000000000000000
#
It:1:Diff:81:PSOStep:7:Time:0.635600778:s:AutomataStep:7:Transition:01111001010011111101010011101101111110011110111111111111111111111010101111110111010111111111111111001111110111011100101101110111000111001000111110111111001111111101111111011011111011110111011110100111111111111011001111111111111101000110110101011110011111101111111111111111111110111110100101111011101111110111111111110011110010111101110000011111111111011101111111101111111111111111110111011011101111100111111011111111101110111101100110111101011110110101101111110011110001011111111101100111011111111010111110011111
000000000000000000000
000000000000000000000
000000000000000000000
000111001100110011000
000011111111111101000
000111110111011111000
000011111111111110000
000111111111011011000
000011111111111111000
000111111111101001000
000011111111111110000
000111111111101011000
000011111111101011000
000111111100111111000
000011100111111110000
000111001011111001000
000011111011011111000
000101010101010101000
000000000000000000000
000000000000000000000
000000000000000000000
#
It:3:Diff:79:PSOStep:7:Time:0.840670831:s:AutomataStep:7:Transition:01111001010011111111111011101111011111011111111111110111111110111011101111110101110110111111111111001111100111010111111100110110110111011001111111111111101111111101101111110111111010110111011111100101110111110010011111011111111001010111110101111101010111101111100111111111011111111111111101011111111111110101111111111011110110110111111010011110111111110111111101101101110111010011101111111001101111100101111111011111101110111111101100111110111010101101101110111001110101000111111101000111011111101111111111011001
000000000000000000000
000000000000000000000
000000000000000000000
000111001100110011000
000011111111111110000
000111101101110101000
000011101111111110000
000111101110110111000
000010111011011110000
000110011011110101000
000011111011111110000
000111111011111101000
000010111111001100000
000110111110111111000
000011111101001100000
000111111111011101000
000010110011001110000
000111111111111111000
000000000000000000000
000000000000000000000
000000000000000000000
#
It:6:Diff:72:PSOStep:7:Time:1.166418165:s:AutomataStep:7:Transition:01111101000111011111111011101111011110011110111111100110111101111010101011100101100100111111101111001111101110011011111100111010100110101000111101110110101111111101101111111111111100110111001110111101110011110010010111011011111101000111110101011001010101101111100101111110010110110110011101001111101111010111101110111111100010011111111101011110111111011111111101101111110111000111101111110011101111100101111111111111101110000111001110111110111110000101111110111001110101010110110101000011011111111011111101011101
000000000000000000000
000000000000000000000
000000000000000000000
000111011101110111000
000011110111011110000
000111111101011101000
000000111111111110000
000111100100100111000
000011111111101100000
000111111111100101000
000000101111101100000
000100111110111111000
000001100111111010000
000111111111111011000
000000111110011110000
000111110011101011000
000011110100100110000
000111111111111111000
000000000000000000000
000000000000000000000
000000000000000000000
#
It:7:Diff:69:PSOStep:7:Time:1.264398957:s:AutomataStep:7:Transition:01111111110111011111110111111101111110111110101111101111111001101110111001110011000100111111111101101111101111101100101011111011110111011101111111011111101111101110111110101111111111110111111110111001111111101110100111011111111101111100111101111011110110101111111111111111110110111110001101111111111111111111111111110110100110111101101101001111111111111111111111110101111111101111111111011111111101101111011011111111110110111111011111101111111011110101111011110111111011011101111111101011111111110011111101110111
000000000000000000000
000000000000000000000
000000000000000000000
000111111111111111000
000111100011011011000
000111111111111111000
000010101111011010000
000111111111111011000
000110111111111111000
000111111111111111000
000011111111011110000
000111111111111111000
000111111011111111000
000111111111111111000
000011111111111010000
000110011111111011000
000111111111011111000
000111111111111111000
000000000000000000000
000000000000000000000
000000000000000000000
#
It:10:Diff:64:PSOStep:7:Time:1.532554397:s:AutomataStep:7:Transition:01111111010111011101111011111101011110111111111111101111101010111011111101111011000100101111111111101111001110111101111101110111101111011001111111011111101111101101111111101111111101110111111110101001110111110110010110111110111101110111110101101100110111101111101111111111111111110111111101110101111111111111101010110011100111111111111100001011111111111111111110111101101111010111111111010001101111111111111011011111101110111110101110111100111111110101111111100011111101001111111011001111111111111111111110111111
000000000000000000000
000000000000000000000
000000000000000000000
000111111111111111000
000010110011001110000
000111101011111111000
000010111101101110000
000110101011101111000
000011111111111110000
000111111110111111000
000010111111101110000
000110101111101111000
000011111011111110000
000111111010111111000
000011111011101110000
000111100111111011000
000011001111011110000
000111111111111111000
000000000000000000000
000000000000000000000
000000000000000000000
#
It:11:Diff:61:PSOStep:7:Time:1.622686206:s:AutomataStep:7:Transition:01111101011011111101111011101111011110011110111111101110011111111011111111101111110101111111111111011111100110011101111101110111110111011100111111110110111111111101001111001111111110111111111111101001100111110111111111111011111001000111111011011101010111101111100111111111111110110011111101011111111111111101111110110111100011010111111001111011111111111011111011111111100111110011111111110011101111110101111011111111101111010111101110111101101110111111111110111111110001100111111101110111011111111011110111111111
000000000000000000000
000000000000000000000
000000000000000000000
000111011101110111000
000011011101110110000
000101111111111101000
000011111111111110000
000101111111111111000
000011111101110110000
000110101111111101000
000001111111111110000
000111111111111111000
000011111111111110000
000111111111111101000
000000111111111110000
000101101110111111000
000010110011001110000
000111111111111111000
000000000000000000000
000000000000000000000
000000000000000000000
#
It:21:Diff:61:PSOStep:7:Time:2.456069486:s:AutomataStep:7:Transition:01111011000011011101111011111101011110011111111111101111111010111011111101111111000101111111101111001111101110011111111111010111101111001001111101111111111111101101111111001111111100110111111110101001110111110110111111111010111101110110110101111101110111101111101111011111111111110111111111110101111111111111101111110111100111011111111000011111111111110011111101111101100111010011101101110001101111101111111011111111101110011111101110111000111011111101111111100011111001001111111111001111011111111111110110111101
000000000000000000000
000000000000000000000
000000000000000000000
000111111111111111000
000010111011101110000
000111101111110111000
000010111011101110000
000111101011111101000
000011110110111110000
000111101111101111000
000011111111111110000
000111101110111101000
000011101111111110000
000111110101100111000
000011111111111110000
000111011111011101000
000010111111111110000
000111011101110111000
000000000000000000000
000000000000000000000
000000000000000000000
#
It:35:Diff:60:PSOStep:7:Time:3.665796737:s:AutomataStep:7:Transition:01111011001011011101111011111101011100111101111111001010111001111011111111110101000111111111101111011111101110011111110111110111100111011001111111111110101111101101111111001110111000110111011110101001110111111111111101111010111101111110110101111101110111101111101100011101111110110011011101010001111110111111101011010000100111001111111000001010111111110011111011111111100111000011101101110001101111110111101011011111100110011101101110111100111111111101011110110110111001001110110011001111011111111111110111111101
000000000000000000000
000000000000000000000
000000000000000000000
000111111111111111000
000010111011101110000
000111111010111101000
000011111110010110000
000111111011011101000
000011111011111110000
000111011101101111000
000011111001011110000
000110111111111101000
000011101111110110000
000111110111111111000
000011111011111110000
000110111011011101000
000010111111111110000
000111011101110111000
000000000000000000000
000000000000000000000
000000000000000000000
#
It:94:Diff:59:PSOStep:7:Time:8.665972343:s:AutomataStep:7:Transition:01111011001010011101111011110101011010111101111111001011111010111011111111111101100101111111111111001111101110011111110101010011100111011001111111011111010111101101111110001111011001110111011110101001110111111111111101011011011101111110100101011101110101101111100100011101111110110111011101010011111110111011101011010010100111011111111000001110111111110011111011101111100111010011111111110010101111111011111011011111100110011111101110011100111101111101111111110011111001001110110111100011011111111111110111111101
000000000000000000000
000000000000000000000
000000000000000000000
000111111111111111000
000010111011101110000
000111110011111101000
000011111110110110000
000111111011111111000
000010101111011110000
000111111111011101000
000010110111011110000
000111101110111111000
000011111111111110000
000111111011111101000
000011011111111110000
000111111111111111000
000010000111110010000
000111111111111111000
000000000000000000000
000000000000000000000
000000000000000000000
#
It:133:Diff:57:PSOStep:7:Time:11.983784446:s:AutomataStep:7:Transition:01111011000011011101111001101101011110001111111111001011111110111011111111100001100101111111111111001111101111011111110011110111100111111001111111111110101111101101101110001100011000110111001110101001100111111110110101011010101001111110100001111101110111101111100100011111111100110011011101010011111110110011001011010011100110011111101000001011101111110011111010011101100111010011110101110011101111101011101011011011110110011101101110111110111101101101111110110010110001000111111110101110011111111111110101111111
000000000000000000000
000000000000000000000
000000000000000000000
000111111111111111000
000011111111111110000
000101111111111101000
000011111111110110000
000101111111111101000
000011111111111110000
000101001111110011000
000011111111111110000
000111111110101111000
000011110011011110000
000101010101111101000
000010111001111110000
000101100111001101000
000010011001100110000
000111011101110111000
000000000000000000000
000000000000000000000
000000000000000000000
#
It:169:Diff:55:PSOStep:7:Time:15.050360718:s:AutomataStep:7:Transition:01111011001011011101111011111101011001001111111101101011111110111011111111111111100111101111111111011111101110011111111111110111101011111001111111111110001011111101111101001110111000110111111110101001110111111011110101011011111101001110110001111101110111101111111100011111111111110111111101010011110110110011101111010111101111011111111001001111111111110011111111111111100111010011111101110001101110111111111011011011101010011111101111111100111111111101111111110011111001010111110111110110011111111111110111111111
000000000000000000000
000000000000000000000
000000000000000000000
000111111111111111000
000011111111111110000
000111111111111111000
000010111111111110000
000110111111111111000
000010111111111110000
000111111111111111000
000011111111111110000
000111111111111111000
000011111110111110000
000111111111111111000
000010111111111110000
000111011111111111000
000010010000101110000
000111011101110111000
000000000000000000000
000000000000000000000
000000000000000000000
#
It:172:Diff:54:PSOStep:7:Time:15.30242452:s:AutomataStep:7:Transition:01111011001011011101111011111011011101001111111001101011111110111111101111111111100111111111111111001011101110011111111111010111101011111000111111111110101011111101011101001110111000100111111110101001110111110111110100011011111101001110110001111101010111101111111100011111111110110111111101110111110110110011101111010111100011011111111001001111101111110001111111111111100101010011111101110001101110111111111011011111111010011111101111111110011111111101110111110011111001010111110111001111011111111110110111111011
000000000000000000000
000000000000000000000
000000000000000000000
000111111111111111000
000011111111111110000
000111111111111111000
000010111111111110000
000111111111111111000
000011111111111110000
000111101111111111000
000010011111111110000
000111111011111111000
000011111111111110000
000111011101101111000
000010110011111110000
000111011100010111000
000010011000110110000
000111011101110111000
000000000000000000000
000000000000000000000
000000000000000000000
#
It:177:Diff:50:PSOStep:7:Time:15.723488334:s:AutomataStep:7:Transition:01111011001011011111111011111011011001001111111001101011111110111011111011110111100011101111110111011001101010011111110111000111101111111000010111111010111011100101011110001000110000110111111110100001110111100011110100011011110001100111110001101100110011101111101110010111111111110010110011000111110100110011101010010111100011011111111001001110101111111011111111111111000101010011111101110001101110110111101011010111001000010111101111111100001111111101110111110010111001010111110101011111111101111111110010111001
000000000000000000000
000000000000000000000
000000000000000000000
000111111111111111000
000011111111111110000
000111010101101111000
000010111111101110000
000110000010011111000
000010111111111110000
000111101111111111000
000011111011111110000
000111110110111111000
000010001111111110000
000111011111101111000
000010110011101110000
000111011111011111000
000010011001110110000
000111011101110111000
000000000000000000000
000000000000000000000
000000000000000000000
end
