PSO TRACE
INIT:../../instances/fazia/init.csv
REF:../../instances/fazia/asvn1.csv
DecodingPolicy:CPP2:CDLE2
MutationPolicy:Std
ParticleNeighborhood:Fixed
ParticleDims:515
ParticleCount:100
AccP:2.0
AccG:2.0
AccL:1.5
AccI:2.3
Pos:0.0-3.0
Inertia:0.9-0.6
VeloMax:2.0
MaxPSOIteration:500
InertiaDecrFactor:6.000000000000001E-4
INIT
000000000000000000000
000000000000000000000
000000000000000000000
000000000000000000000
000000000000000000000
000000000000000000000
000000000000000000000
000000000000000000000
000000000000000000000
000000000000000000000
000000000010000000000
000000000000000000000
000000000000000000000
000000000000000000000
000000000000000000000
000000000000000000000
000000000000000000000
000000000000000000000
000000000000000000000
000000000000000000000
000000000000000000000
REF
000000000000000000000
000000000000000000000
000000000000000000000
000000000010000000000
000000000111000000000
000000001010100000000
000000011100110000000
000000101001101000000
000001111001111100000
000010111111111010000
000111011111110111000
000000000000000000000
000000000000000000000
000000000000000000000
000000000000000000000
000000000000000000000
000000000000000000000
000000000000000000000
000000000000000000000
000000000000000000000
000000000000000000000
Classic CPP Decoder
0 :1,2,3,4,
1 :0,2,3,4,
2 :0,1,3,4,
3 :0,1,2,4,
4 :0,1,2,3,
5 :6,7,8,9,
6 :5,7,8,9,
7 :5,6,8,9,
8 :5,6,7,9,
9 :5,6,7,8,
10 :11,12,13,14,
11 :10,12,13,14,
12 :10,11,13,14,
13 :10,11,12,14,
14 :10,11,12,13,
15 :16,17,18,19,
16 :15,17,18,19,
17 :15,16,18,19,
18 :15,16,17,19,
19 :15,16,17,18,
20 :21,22,23,24,
21 :20,22,23,24,
22 :20,21,23,24,
23 :20,21,22,24,
24 :20,21,22,23,
25 :26,27,28,29,
26 :25,27,28,29,
27 :25,26,28,29,
28 :25,26,27,29,
29 :25,26,27,28,
30 :31,32,33,34,
31 :30,32,33,34,
32 :30,31,33,34,
33 :30,31,32,34,
34 :30,31,32,33,
35 :36,37,38,39,
36 :35,37,38,39,
37 :35,36,38,39,
38 :35,36,37,39,
39 :35,36,37,38,
40 :41,42,43,44,
41 :40,42,43,44,
42 :40,41,43,44,
43 :40,41,42,44,
44 :40,41,42,43,
45 :46,47,48,49,
46 :45,47,48,49,
47 :45,46,48,49,
48 :45,46,47,49,
49 :45,46,47,48,
50 :51,52,53,54,
51 :50,52,53,54,
52 :50,51,53,54,
53 :50,51,52,54,
54 :50,51,52,53,
55 :56,57,58,59,
56 :55,57,58,59,
57 :55,56,58,59,
58 :55,56,57,59,
59 :55,56,57,58,
60 :61,62,63,64,
61 :60,62,63,64,
62 :60,61,63,64,
63 :60,61,62,64,
64 :60,61,62,63,
65 :66,67,68,69,
66 :65,67,68,69,
67 :65,66,68,69,
68 :65,66,67,69,
69 :65,66,67,68,
70 :71,72,73,74,
71 :70,72,73,74,
72 :70,71,73,74,
73 :70,71,72,74,
74 :70,71,72,73,
75 :76,77,78,79,
76 :75,77,78,79,
77 :75,76,78,79,
78 :75,76,77,79,
79 :75,76,77,78,
80 :81,82,83,84,
81 :80,82,83,84,
82 :80,81,83,84,
83 :80,81,82,84,
84 :80,81,82,83,
85 :86,87,88,89,
86 :85,87,88,89,
87 :85,86,88,89,
88 :85,86,87,89,
89 :85,86,87,88,
90 :91,92,93,94,
91 :90,92,93,94,
92 :90,91,93,94,
93 :90,91,92,94,
94 :90,91,92,93,
95 :96,97,98,99,
96 :95,97,98,99,
97 :95,96,98,99,
98 :95,96,97,99,
99 :95,96,97,98,
#
It:0:Diff:46:PSOStep:1:Time:1.900331114:s:AutomataStep:1:Transition:01111111111111101100110010111010011111011111000111101011101100111101101111101011111110010100001011001111100111111111111110100111000001110111011010111110110100000111011110010111111011011101111101011010111110111010001101000101101100111111111011101101010111000011111011111110111000001010110101011110111111011110111010111001111100100110101011100101010110011100000010111110111111111111110110001111001011110011011100101111111000110110011001110101010111110101001000010011011111101111111100111010001111001100110100111101
000000000000000000000
000000000000000000000
000000000000000000000
000000000000000000000
000000000000000000000
000000000000000000000
000000000000000000000
000000000000000000000
000000000000000000000
000000000111000000000
000000000110000000000
000000000100000000000
000000000000000000000
000000000000000000000
000000000000000000000
000000000000000000000
000000000000000000000
000000000000000000000
000000000000000000000
000000000000000000000
000000000000000000000
#
It:1:Diff:41:PSOStep:5:Time:2.253096103:s:AutomataStep:5:Transition:00110110111100001101111010001110001100010001010110111000010110010001001010011000001110100100001011101101100011101110000101000101010001100111001010100000100000000101011110000100101010111100011001111100100111011011010101000000001100100110101100111000011101010010011010111101101100001011010001001101100001110111111000111101001000011110000000100101000110011110010000101110110110010010100010000101011010111110011001001010111100100110000000100100010101110011001000010000111111110011101100001000001100010010110100101000
000000000000000000000
000000000000000000000
000000000000000000000
000000000000000000000
000000000000000000000
000000000010000000000
000000000110000000000
000000001010000000000
000000011001000000000
000000111101000000000
000001011110000000000
000000010111000000000
000000000100000000000
000000000000000000000
000000000000000000000
000000000000000000000
000000000000000000000
000000000000000000000
000000000000000000000
000000000000000000000
000000000000000000000
#
It:2:Diff:38:PSOStep:7:Time:2.533074871:s:AutomataStep:7:Transition:00110000001101000110001001111011111011100101011100101001101110100001000101001000001110010100001100110000000101100010011000001111000101010000011000100100010101000011101000100111110000011100001100011000110100100010000101010000000101010001101011001111000100000000011001111010100100101100000000001000110010010101101011101101011100101010000101010101010010001011010011110100000110010010000010001101001000000000001000101101101010110100011010000111010010101001000000011001001100101101110000011010001000000110100100000110
000000000000000000000
000000000000000000000
000000000000000000000
000000000010000000000
000000000001000000000
000000000011100000000
000000000010010000000
000000000001001000000
000000000001111100000
000000000000000110000
000000000000000101000
000000000000000000000
000000000000000000000
000000000000000000000
000000000000000000000
000000000000000000000
000000000000000000000
000000000000000000000
000000000000000000000
000000000000000000000
000000000000000000000
#
It:3:Diff:35:PSOStep:5:Time:2.728668663:s:AutomataStep:5:Transition:00110111111111101111111001110011111110111101011100101001101110100001001000101000001100000100101110100100000101100010010010001110010001010001001100101000110101000011101010110011111100011100001100011010010100100011001101110010101001110101110011101101100001000000111001101010111100101110000000011100110010010101101011111101011100101111000001111001010010001010010111110100110110011010000010001111011001010010001000111110110011010100011010010110010111001001110000001001001111100101100010011010000001000110000100000111
000000000000000000000
000000000000000000000
000000000000000000000
000000000000000000000
000000000000000000000
000000000010000000000
000000000111000000000
000000001011100000000
000000010101010000000
000000100110011000000
000001001011110100000
000000000000001000000
000000000000000000000
000000000000000000000
000000000000000000000
000000000000000000000
000000000000000000000
000000000000000000000
000000000000000000000
000000000000000000000
000000000000000000000
#
It:4:Diff:25:PSOStep:7:Time:2.97033976:s:AutomataStep:7:Transition:00110011111111101110000001110011111010110111000100101001101100100001101001001000001110010000001101000000000001100010111010100101000001110001001000111010010101000011001000110101111000011100001001001000110000101011001101100000101000110101010011001101000000000000001001101110100100101110010100001100110010010101101010111100011100101100010000101101010110001011010011111100010110011110010011001101011000010010001000111101100010010100011000110100010110000001001000001001001111101101111000111010000000001010010100100101
000000000000000000000
000000000000000000000
000000000000000000000
000000000010000000000
000000000101000000000
000000001010100000000
000000010001010000000
000000100000011000000
000001001000111100000
000011001111111010000
000100000011101011000
000000001100000000000
000000000000000000000
000000000000000000000
000000000000000000000
000000000000000000000
000000000000000000000
000000000000000000000
000000000000000000000
000000000000000000000
000000000000000000000
#
It:12:Diff:24:PSOStep:7:Time:5.066356007:s:AutomataStep:7:Transition:00110101111111000100000011111011101010110101001110101101101100100101000101001001011110100100001110101100100101100010011000010111000001010000011010110100100001000011111011110011011000011000001000011010111100000000001101110010000001110101011011011001000100000000001001111110111110100110000001001100110011011101111110101101011100101110001110001100010110001010010011110111010110011110010011001101011011000010001010101101110010010100011000010110010010100001001000001001001110100101100000111010001001100110101000100101
000000000000000000000
000000000000000000000
000000000000000000000
000000000010000000000
000000000101000000000
000000001010100000000
000000010101010000000
000000101001101000000
000001010001001100000
000010101000010110000
000101011011101011000
000000010001000010000
000000000000010000000
000000000000000000000
000000000000000000000
000000000000000000000
000000000000000000000
000000000000000000000
000000000000000000000
000000000000000000000
000000000000000000000
#
It:16:Diff:23:PSOStep:7:Time:6.092931422:s:AutomataStep:7:Transition:00100010111111101011001001110011111110111111001110101101001100100000101101101100000110010100101100000000100100110000000000100001000111111001000000111000010101001011001000110111111000011100011100001010100000100011001101100010101000110100111111101000001100010010101001111010011100101110110010001000010011010000111000100101001100101010010000100100010110001011000011110100010110010110110011001101001001000110000110101110011011110100001010100110010010100100000000011001100110100101110100111010000101000110100100101111
000000000000000000000
000000000000000000000
000000000000000000000
000000000010000000000
000000000101000000000
000000001010100000000
000000010001010000000
000000101001101000000
000001011100010100000
000010111011001010000
000100011101101101000
000000001101000010000
000000000000000000000
000000000000000000000
000000000000000000000
000000000000000000000
000000000000000000000
000000000000000000000
000000000000000000000
000000000000000000000
000000000000000000000
#
It:27:Diff:22:PSOStep:7:Time:10.159157841:s:AutomataStep:7:Transition:00100000101001110111100001101110111110110111111001001001101110100101000101001010001110100000010100110000000101001010111010011111000101010001111000110100110111000111011011100101111010011101101100010110110101101010010100011000001111100000100000101100101010100000010011101010110000101101000001011000110100010101101011101100011110001111000100000010000100001010000011110111100111010010010001001100111100000011001100011100101010110100101000000010010111100010001000011001001100101101010000011100001100001000010111000000
000000000000000000000
000000000000000000000
000000000000000000000
000000000010000000000
000000000101000000000
000000001010100000000
000000010101110000000
000000010011011000000
000001111101001100000
000010011001101010000
000101011001000101000
000000000000000000000
000000000000000000000
000000000000000000000
000000000000000000000
000000000000000000000
000000000000000000000
000000000000000000000
000000000000000000000
000000000000000000000
000000000000000000000
#
It:29:Diff:21:PSOStep:7:Time:10.928784805:s:AutomataStep:7:Transition:00100000101000110111110001101110111010110111101000001001101110100000001100001000001110100100010101110000000101001010110010011111000101011001001000101000110111000111011101100101110010011001001101010010111101100010010100011100101110100010100000001101100110010001010011111110110000001100000001011000110000010001101010101101011110001110000101100011110100001011000011110110100111010010110000000101101110010001011000011100100010110100111000010010010001100010001000011001001100101110010010111110100101000010010011001101
000000000000000000000
000000000000000000000
000000000000000000000
000000000010000000000
000000000001000000000
000000001010100000000
000000011100010000000
000000111000001000000
000000011100110100000
000010001111101010000
000101001010101101000
000000000000000000000
000000000000000000000
000000000000000000000
000000000000000000000
000000000000000000000
000000000000000000000
000000000000000000000
000000000000000000000
000000000000000000000
000000000000000000000
#
It:33:Diff:20:PSOStep:7:Time:12.444055223:s:AutomataStep:7:Transition:00110001111111100101101001111011101010100111001010001101101101100001000101001010001110100100011100100101000111100010111100001111000111010000011000100100110111000111111001110111111000011010001101010110011100100010001100111010100101111000110011001101101110100001001001011110111000100100000001001100110001110101101110101101011100101111000100001100011110001011010011111111110110111110010010001101111010010011001110101111110100110100011011110110010011100001001000111001001101100111010010111110001101000110000000100101
000000000000000000000
000000000000000000000
000000000000000000000
000000000010000000000
000000000101000000000
000000001010100000000
000000010101010000000
000000101010101000000
000001100100010100000
000010110111001010000
000101100111110101000
000000000000000000000
000000000000000000000
000000000000000000000
000000000000000000000
000000000000000000000
000000000000000000000
000000000000000000000
000000000000000000000
000000000000000000000
000000000000000000000
#
It:35:Diff:20:PSOStep:7:Time:13.245701353:s:AutomataStep:7:Transition:00110101111111111101101011111011101110100111111111011101101100100001001101001011011110110100011100101101010111100010011100111111000111010000011010110100100011000111111111110111111100011010001101010010011110100010001100111010010101111101111111011101101111110001011001111110111111100110000001011100110011111101101111101101011100101111010111011100011110101111010111111111110110111110010010001101111011010101001111111111110110110100011011110111010111100011011000111001001111100111000111111110001101010110001001100101
000000000000000000000
000000000000000000000
000000000000000000000
000000000010000000000
000000000101000000000
000000001010100000000
000000010101110000000
000000101011011000000
000001011001001100000
000010111110110010000
000101111100101111000
000000000110000010000
000000000000000000000
000000000000000000000
000000000000000000000
000000000000000000000
000000000000000000000
000000000000000000000
000000000000000000000
000000000000000000000
000000000000000000000
#
It:41:Diff:20:PSOStep:7:Time:15.544331031:s:AutomataStep:7:Transition:00110011111111101110001001100001111010110001011100101001101111100101001011101000011100110000011100111000000101100010000000011011000111010011001100110100100101000011001001111000011010011101001110011010110100110000001101110010000001100110100001101100100101100000111011111110011110101000010011001100110010010101111010101001011100101111000101100101010110001010000011111101010110011010110011000111001111001000001010111001100001010100111000010111010011100011010000011001001110111101010010011011001110000110000100000101
000000000000000000000
000000000000000000000
000000000000000000000
000000000010000000000
000000000101000000000
000000001010100000000
000000011100110000000
000000110110011000000
000001111110111100000
000011111000001010000
000111010111010111000
000000001000000000000
000000000000000000000
000000000000000000000
000000000000000000000
000000000000000000000
000000000000000000000
000000000000000000000
000000000000000000000
000000000000000000000
000000000000000000000
#
It:54:Diff:20:PSOStep:7:Time:20.45675284:s:AutomataStep:7:Transition:00110000011101001000001001100011111010100111100001001101101111100010001111101001011100000000011100101000000101101010011000000011000101111011001100111100110101000011101011000010111000011110001100001010111100110010001101110010001111100100100011001100100000000000001011011010010000101110010000001100110011011100111011101101011100001010011001001001010010001111010011110110010110111011110001001101011110010011001100111110010011110100001000010110010110100100100000001001001100101101010010011010001001000010100010100101
000000000000000000000
000000000000000000000
000000000000000000000
000000000010000000000
000000000101000000000
000000001011100000000
000000010001110000000
000000100000101000000
000001000001011100000
000011111110000010000
000010001110110111000
000000000000000000000
000000000000000000000
000000000000000000000
000000000000000000000
000000000000000000000
000000000000000000000
000000000000000000000
000000000000000000000
000000000000000000000
000000000000000000000
#
It:55:Diff:18:PSOStep:7:Time:20.821514742:s:AutomataStep:7:Transition:00110110111101001011011001100011111010100101100011101101101101000010001111101001011100000000001101101010000101101010010010000101000011111011011100111100100101100011111011010010111100011110111100001010111100110101001101110010001110100100100010011100100000010000011011001010010000101110010100111100100011011100111011101100011100011010111011011001110110001111000111110110010110111011010001001101010011010011001101111110010001110100000000010110010100000101100000000001001100100101010011011010001001001010100010101101
000000000000000000000
000000000000000000000
000000000000000000000
000000000010000000000
000000000111000000000
000000001010100000000
000000010111110000000
000000101000001000000
000001000000011100000
000010111011001010000
000101111001111111000
000000000000000000000
000000000000000000000
000000000000000000000
000000000000000000000
000000000000000000000
000000000000000000000
000000000000000000000
000000000000000000000
000000000000000000000
000000000000000000000
#
It:56:Diff:14:PSOStep:7:Time:21.180702567:s:AutomataStep:7:Transition:00110110111101101111011011100011111010101101101011101101101101000110001111101111011100000000111100101010000101100010010010111111000111011010011100111100100101101011111011111010111110011110111100001010111100100101011111110010000001100000100011011101100000010000111011001010011010101110010101110100110011011110111001101100011100111011111011011001110010011111000111111101110110111011010001001111010111011001001101111111111101110100010000011111100000000001100000001011001100100101010011011010001001001010000010100111
000000000000000000000
000000000000000000000
000000000000000000000
000000000010000000000
000000000111000000000
000000001000100000000
000000011101110000000
000000101000001000000
000001111111111100000
000010001111001010000
000101111111011111000
000000000000000000000
000000000000000000000
000000000000000000000
000000000000000000000
000000000000000000000
000000000000000000000
000000000000000000000
000000000000000000000
000000000000000000000
000000000000000000000
#
It:105:Diff:13:PSOStep:7:Time:41.423579906:s:AutomataStep:7:Transition:00110110101101101101011011100011111110100101101111101111101101000110001111101111011100000000111101101010011101101010110010110111011011011010111110111100100101101011011011111110111101011110111100001010111100100101011101111010101001110010100011011101100100110000111011101011110000101111001101111100100011010010101101101100011101111000111001011101110010011111000111111111110110111010000101001111010111001011001110110011110101110101000000011111100001000100100000001011001101100001010010011010001001011010010010100111
000000000000000000000
000000000000000000000
000000000000000000000
000000000010000000000
000000000111000000000
000000001010100000000
000000011101110000000
000000101111101000000
000001111110011100000
000010111111111010000
000101010100101111000
000000000000000000000
000000000000000000000
000000000000000000000
000000000000000000000
000000000000000000000
000000000000000000000
000000000000000000000
000000000000000000000
000000000000000000000
000000000000000000000
#
It:122:Diff:12:PSOStep:7:Time:48.368299651:s:AutomataStep:7:Transition:00110110111011001111011011110011111110101001110111101101101101000110001111001111011100000000001100101010011101101000111010100111001011011010111110111100100101101011111011111110111101011110111100001110111100100101011101111010101011110010110011011101100100110000111011101111110010101111001101111100100011010000101101101000011101110000111011001111010010011111010111111110110100111110100001000111010111000011011100111011111101110101001010011111100011000100100000000011001100100101010011111010001001111010110010100111
000000000000000000000
000000000000000000000
000000000000000000000
000000000010000000000
000000000111000000000
000000001010100000000
000000011111010000000
000000101101101000000
000001111101011100000
000010101011111010000
000111000111101111000
000000000000000000000
000000000000000000000
000000000000000000000
000000000000000000000
000000000000000000000
000000000000000000000
000000000000000000000
000000000000000000000
000000000000000000000
000000000000000000000
#
It:164:Diff:11:PSOStep:7:Time:65.329349606:s:AutomataStep:7:Transition:00110110111001001111001011110011111110101001100111101101101100000000000111101101011100000000001100101010001101101000110010100111001011011010111100111100100101001011111011111110111101011110111100001010111100100101011101111010101001110010110011011100100100110000111011101011110000101111001101111100100011010000101101101000011101110000111001011101010010001111000111111110110100111110000001000111010111000011011100110001110001110101001000011111100001000100100000000011001100100101010011111010001001011010110010100111
000000000000000000000
000000000000000000000
000000000000000000000
000000000010000000000
000000000111000000000
000000001010100000000
000000011111010000000
000000101101101000000
000001111001110100000
000010101011111010000
000111000110010111000
000000000000000000000
000000000000000000000
000000000000000000000
000000000000000000000
000000000000000000000
000000000000000000000
000000000000000000000
000000000000000000000
000000000000000000000
000000000000000000000
#
It:294:Diff:10:PSOStep:7:Time:115.492725433:s:AutomataStep:7:Transition:00110111111111101111011011110011111111101101100111101111101101110010101111101111011110010100111101101010101101111110111011110111001011111011111111111101100101101111111011111010111101011110111100001110111110111111011111111111101011111110110111011101101001110000111011101011011000101110011111111110110011011010111011101101011101111010111001011101010010011111010111111111110110111111111001001111011111001001011101111111110111110111011010111110010110100110110001011011101111100101110010111010000011111010100110101111
000000000000000000000
000000000000000000000
000000000000000000000
000000000010000000000
000000000111000000000
000000001110100000000
000000011101010000000
000000111101001000000
000001101011111100000
000010111111111010000
000101011110110111000
000000000000000000000
000000000000000000000
000000000000000000000
000000000000000000000
000000000000000000000
000000000000000000000
000000000000000000000
000000000000000000000
000000000000000000000
000000000000000000000
#
It:412:Diff:10:PSOStep:7:Time:160.340742047:s:AutomataStep:7:Transition:00110100111011101001011011110111111110101101100010101101111100000010001111101001011100010000101101101000000100011001111000101101001001111010011110111100101100100011001110100010101111001111111100000010111100100101001001010110100001110110110010011011000000110010001000011111110000101111010100000110000011000000101011101001011001001010011000011001010010101110010010110100010100011011100001010111110011001100001100111101111001110100010000001111110001010101000000000011100110101101110010100000001001111010010010100111
000000000000000000000
000000000000000000000
000000000000000000000
000000000010000000000
000000000111000000000
000000001010100000000
000000011000110000000
000000101001101000000
000001011011011100000
000010010101011010000
000111010011110111000
000000000000000000000
000000000000000000000
000000000000000000000
000000000000000000000
000000000000000000000
000000000000000000000
000000000000000000000
000000000000000000000
000000000000000000000
000000000000000000000
#
It:415:Diff:10:PSOStep:7:Time:161.642875882:s:AutomataStep:7:Transition:00110110111111101011011011110011111110101101101111101111111111110010101111101101011110110100101111101010111101101010011011101101010011011011111111111100100101111011111011111010111111001110111100001110111100111101011101111111101011111110110111011101111100010101011011101011010010101111010010111110100011011100111011101101011100111010111011111101010010111111010111111111110110111111110001011111011111010011011101111111110101110110010010111110010111100111110001001011100110100101110011111010000011111010110010100111
000000000000000000000
000000000000000000000
000000000000000000000
000000000010000000000
000000000111000000000
000000001010100000000
000000011101110000000
000000101111101000000
000001011111111100000
000010110110111010000
000101011101110111000
000000000000000000000
000000000000000000000
000000000000000000000
000000000000000000000
000000000000000000000
000000000000000000000
000000000000000000000
000000000000000000000
000000000000000000000
000000000000000000000
#
It:417:Diff:10:PSOStep:7:Time:162.484727722:s:AutomataStep:7:Transition:00110111101111101111011011110011111110111101100111101111101111110010101111101111011110100100111101101010111101111110111011111111010011111011001111111101100101101111111011111111111101011110111100011010111100111101011101111110111011111110110111011101101101110011111011111010011010101110010111111110110011111110111111101100011101111010111001011101010010011111010111111111110110111011110101001111011111001011011111111111110111110110011000111110000110100111110001011011101111100101010011111110000001011110100111101111
000000000000000000000
000000000000000000000
000000000000000000000
000000000010000000000
000000000111000000000
000000001010100000000
000000011111110000000
000000111100001000000
000001111001111100000
000010111110111010000
000101011100110111000
000000000000000000000
000000000000000000000
000000000000000000000
000000000000000000000
000000000000000000000
000000000000000000000
000000000000000000000
000000000000000000000
000000000000000000000
000000000000000000000
#
It:458:Diff:10:PSOStep:7:Time:176.532184696:s:AutomataStep:7:Transition:00110111101111101111111011110011111110101101101111101111101111110011100111101111011110100100111101101010111111111011111011110111010111111010111111111111110101100011111011111011111101011111111101010010111110110101011101111110111011110110110111011101101000110011111111101011110010101111010111111110100011111111111101101100011100111110111011011111011010011011010111111111110110111111110101001111011111011011011101111111110111110101001000111111110011100101110011001011101001100101010111111110101001111110000010101111
000000000000000000000
000000000000000000000
000000000000000000000
000000000010000000000
000000000111000000000
000000001010100000000
000000011111110000000
000000101000101000000
000001111111111100000
000010001011111010000
000101011011110111000
000000000000000000000
000000000000000000000
000000000000000000000
000000000000000000000
000000000000000000000
000000000000000000000
000000000000000000000
000000000000000000000
000000000000000000000
000000000000000000000
#
It:483:Diff:9:PSOStep:7:Time:182.34074718:s:AutomataStep:7:Transition:00110111101110101111111011110011111010101101101111101111101111110011101111101101011110100100111101101010111111011011111011111111010011111011011111111111110101100011111011111011111101011111111101010010111010110101011111111110110011110110110111001101101000110011111111101011110000101111000111111110100011111111111101101100011101011010111011011111011010011011010111111111110110111111110101001111011010010011011111110111010110110101001000111111110011100101110011000011101101100101010111111110101001111110000010100111
000000000000000000000
000000000000000000000
000000000000000000000
000000000010000000000
000000000111000000000
000000001010100000000
000000011111110000000
000000101000101000000
000001111111111100000
000010001111111010000
000101111111110111000
000000000000000000000
000000000000000000000
000000000000000000000
000000000000000000000
000000000000000000000
000000000000000000000
000000000000000000000
000000000000000000000
000000000000000000000
000000000000000000000
end
