PSO TRACE
INIT:../../instances/fazia/init.csv
REF:../../instances/fazia/asvn1.csv
DecodingPolicy:CPP2:CDLE2
MutationPolicy:Std
ParticleNeighborhood:Fixed
ParticleDims:515
ParticleCount:100
AccP:2.0
AccG:2.0
AccL:1.5
AccI:2.3
Pos:0.0-3.0
Inertia:0.9-0.6
VeloMax:2.0
MaxPSOIteration:500
InertiaDecrFactor:6.000000000000001E-4
INIT
000000000000000000000
000000000000000000000
000000000000000000000
000000000000000000000
000000000000000000000
000000000000000000000
000000000000000000000
000000000000000000000
000000000000000000000
000000000000000000000
000000000010000000000
000000000000000000000
000000000000000000000
000000000000000000000
000000000000000000000
000000000000000000000
000000000000000000000
000000000000000000000
000000000000000000000
000000000000000000000
000000000000000000000
REF
000000000000000000000
000000000000000000000
000000000000000000000
000000000010000000000
000000000111000000000
000000001010100000000
000000011100110000000
000000101001101000000
000001111001111100000
000010111111111010000
000111011111110111000
000000000000000000000
000000000000000000000
000000000000000000000
000000000000000000000
000000000000000000000
000000000000000000000
000000000000000000000
000000000000000000000
000000000000000000000
000000000000000000000
Classic CPP Decoder
0 :1,2,3,4,
1 :0,2,3,4,
2 :0,1,3,4,
3 :0,1,2,4,
4 :0,1,2,3,
5 :6,7,8,9,
6 :5,7,8,9,
7 :5,6,8,9,
8 :5,6,7,9,
9 :5,6,7,8,
10 :11,12,13,14,
11 :10,12,13,14,
12 :10,11,13,14,
13 :10,11,12,14,
14 :10,11,12,13,
15 :16,17,18,19,
16 :15,17,18,19,
17 :15,16,18,19,
18 :15,16,17,19,
19 :15,16,17,18,
20 :21,22,23,24,
21 :20,22,23,24,
22 :20,21,23,24,
23 :20,21,22,24,
24 :20,21,22,23,
25 :26,27,28,29,
26 :25,27,28,29,
27 :25,26,28,29,
28 :25,26,27,29,
29 :25,26,27,28,
30 :31,32,33,34,
31 :30,32,33,34,
32 :30,31,33,34,
33 :30,31,32,34,
34 :30,31,32,33,
35 :36,37,38,39,
36 :35,37,38,39,
37 :35,36,38,39,
38 :35,36,37,39,
39 :35,36,37,38,
40 :41,42,43,44,
41 :40,42,43,44,
42 :40,41,43,44,
43 :40,41,42,44,
44 :40,41,42,43,
45 :46,47,48,49,
46 :45,47,48,49,
47 :45,46,48,49,
48 :45,46,47,49,
49 :45,46,47,48,
50 :51,52,53,54,
51 :50,52,53,54,
52 :50,51,53,54,
53 :50,51,52,54,
54 :50,51,52,53,
55 :56,57,58,59,
56 :55,57,58,59,
57 :55,56,58,59,
58 :55,56,57,59,
59 :55,56,57,58,
60 :61,62,63,64,
61 :60,62,63,64,
62 :60,61,63,64,
63 :60,61,62,64,
64 :60,61,62,63,
65 :66,67,68,69,
66 :65,67,68,69,
67 :65,66,68,69,
68 :65,66,67,69,
69 :65,66,67,68,
70 :71,72,73,74,
71 :70,72,73,74,
72 :70,71,73,74,
73 :70,71,72,74,
74 :70,71,72,73,
75 :76,77,78,79,
76 :75,77,78,79,
77 :75,76,78,79,
78 :75,76,77,79,
79 :75,76,77,78,
80 :81,82,83,84,
81 :80,82,83,84,
82 :80,81,83,84,
83 :80,81,82,84,
84 :80,81,82,83,
85 :86,87,88,89,
86 :85,87,88,89,
87 :85,86,88,89,
88 :85,86,87,89,
89 :85,86,87,88,
90 :91,92,93,94,
91 :90,92,93,94,
92 :90,91,93,94,
93 :90,91,92,94,
94 :90,91,92,93,
95 :96,97,98,99,
96 :95,97,98,99,
97 :95,96,98,99,
98 :95,96,97,99,
99 :95,96,97,98,
#
It:0:Diff:45:PSOStep:3:Time:1.745197155:s:AutomataStep:3:Transition:01011111101110111111111111011111101110110001100111111111011000110011010010011010101111111011011101111111111111111011111111010101100111011111000010110111110110111100111110011011010101111111101101011100011010110111111011011110111111110110111111111111110100010010110101111111000111110111011011110101111110111001111111110011111001011101111111111111011101101110111010111001001000011101100111111111111111100111101111011111101011110011010011110111101111011000111101110011101001101111100111110111111001011110010011111011
000000000000000000000
000000000000000000000
000000000000000000000
000000000000000000000
000000000000000000000
000000000000000000000
000000000000000000000
000000010101010000000
000000011111110000000
000000001111000000000
000000011111110000000
000000000111100000000
000000000101000000000
000000000010000000000
000000000000000000000
000000000000000000000
000000000000000000000
000000000000000000000
000000000000000000000
000000000000000000000
000000000000000000000
#
It:1:Diff:44:PSOStep:2:Time:2.137262449:s:AutomataStep:2:Transition:01101110000010001110111011011001110000001001010101110010111100110111101000000110101000100001011111110111001100110111101011000101110010011010000010100101000000010110000110000011010101000001101100110101110111100101110001100101011101000010111101110100110110011110010000111001010111101110010001110100100100100101111101001010101001010011101111001111011100100001111010011011100100010100011001111000011111000010000110100001111101110110101010110100101101100001001000000111011101101111101010111101011000110000110111111101
000000000000000000000
000000000000000000000
000000000000000000000
000000000000000000000
000000000000000000000
000000000000000000000
000000000000000000000
000000000000000000000
000000001001100000000
000000000111000000000
000000000110000000000
000000000001000000000
000000000000100000000
000000000000000000000
000000000000000000000
000000000000000000000
000000000000000000000
000000000000000000000
000000000000000000000
000000000000000000000
000000000000000000000
#
It:3:Diff:42:PSOStep:2:Time:2.636934033:s:AutomataStep:2:Transition:01101110011010001110111001000101110010101000010011110000111110000101111010000000010001110011000111111111111111101000100000011000000010111010000000100101000000010100000110000011110001100011111110110101111111110101111101101000111100111000000001110100110111010110000001111001110111000011011100010100110101100111001001110010001001011111100111001111011001110001001010011010000000110000010001111000010001110010100111100111010110111110101010000100000101001000001011010100011000101010100011110100010011010000010111110001
000000000000000000000
000000000000000000000
000000000000000000000
000000000000000000000
000000000000000000000
000000000000000000000
000000000000000000000
000000000000000000000
000000001001100000000
000000000110100000000
000000000111000000000
000000000010000000000
000000000000000000000
000000000000000000000
000000000000000000000
000000000000000000000
000000000000000000000
000000000000000000000
000000000000000000000
000000000000000000000
000000000000000000000
#
It:6:Diff:41:PSOStep:3:Time:3.383265446:s:AutomataStep:3:Transition:01101111101011001110101001010001110010111000110011110000101100100011111011001100000101111011011111110000111101100011111011011100000010110101000100100101000001011100001100111011010100000001110110000001101111110100111101100000011100111010101001110100110110110110000010111011010110001001011001000100100110000010111101111011001001000010110011101111011000110110100000011010100000110001010011111000000111010100100011110101010101000111101110111101010100010000001011110100111010101010101011110000011001110010010110101011
000000000000000000000
000000000000000000000
000000000000000000000
000000000000000000000
000000000000000000000
000000000000000000000
000000000000000000000
000000011101110000000
000000011000110000000
000000000110100000000
000000010111000000000
000000000110000000000
000000000000000000000
000000000000000000000
000000000000000000000
000000000000000000000
000000000000000000000
000000000000000000000
000000000000000000000
000000000000000000000
000000000000000000000
#
It:7:Diff:39:PSOStep:4:Time:3.624869767:s:AutomataStep:4:Transition:01111011010011000100101001001011110010011000110111110010011100110110111111011101110011111011001111010011011001110010001000000101011010011011000100110000000011011110000101000011010101100001101110110001111101100101111011100011011110110001111101010100110110000111011110111111110110101011110110101100110110111111010101011010001101101110110011001111011001100010101110111011110000110000010010110000011011010110001111100001110111110110101110010111100101011001001101100011100010101011001011110000011001100010110110001001
000000000000000000000
000000000000000000000
000000000000000000000
000000000000000000000
000000000000000000000
000000000000000000000
000000111111111000000
000000001111111000000
000000011111001000000
000000001001111000000
000000001010101000000
000000000000000000000
000000000000000000000
000000000000000000000
000000000000000000000
000000000000000000000
000000000000000000000
000000000000000000000
000000000000000000000
000000000000000000000
000000000000000000000
#
It:9:Diff:39:PSOStep:5:Time:4.090546999:s:AutomataStep:5:Transition:00001011010111000100100001010010110000001000110101100100111000110110110110011001110011101011000110010011111101110110001000010101010010011011000100110000000111011100000001000001010101001001101100110001111100100101010011100010010111110001111100000100110100000110011000111100000110101010000110101100110110111011000101001010001101101111010011000111010000100000101110010011110000010000010001110000011011010100000111100001110101110110010110000110100001011001100011000001100110001010000001110000011001000010011010001001
000000000000000000000
000000000000000000000
000000000000000000000
000000000000000000000
000000000000000000000
000000000000000100000
000000000000010100000
000000000001000000000
000000000101110100000
000000010001100000000
000000010101010100000
000000000000000000000
000000000000000000000
000000000000000000000
000000000000000000000
000000000000000000000
000000000000000000000
000000000000000000000
000000000000000000000
000000000000000000000
000000000000000000000
#
It:12:Diff:38:PSOStep:4:Time:4.739448549:s:AutomataStep:4:Transition:01111111111110001100100011010110111010011100110011110000111100000011111110011110111011111111111111011011101100110101101110011101011011011111100111110001100111011110101011000011011101111101101110110011111101111111111101100111111110110011011111110110111111110111010110111111110111101010010101101110110111111111111101101011100101111111101001010111011100110111001011011010110001110000011101110100110001010111001011111111010101110110111110010111100101010010101110110111111010111110101011110010111011101010111110111101
000000000000000000000
000000000000000000000
000000000000000000000
000000000000000000000
000000000000000000000
000000000000000000000
000000111111111000000
000000110011001000000
000000110011110000000
000000011111100000000
000000111110110000000
000000011011000000000
000000000100000000000
000000000000000000000
000000000000000000000
000000000000000000000
000000000000000000000
000000000000000000000
000000000000000000000
000000000000000000000
000000000000000000000
#
It:18:Diff:35:PSOStep:4:Time:6.12479226:s:AutomataStep:4:Transition:01101111101011011100101011100101110010111101110101110010110100100011110011011101111011111111111111111111101100110011100110010111011010110111000011101001100011011110101111000011011101110101111100010111111110110111111101100111011111100111011111110110111111110111010111111110111111111010011101101110011100101101011011111011001101111101011011111111111100100100101101011011110001110110010001111100111111000110001111111111010111111111111110010111101101100011001100110111011110111110101111111010011011111010011111100101
000000000000000000000
000000000000000000000
000000000000000000000
000000000000000000000
000000000000000000000
000000000000000000000
000000101110111000000
000000000011011000000
000000110001010000000
000000011111100000000
000000111111000000000
000000000000000000000
000000000000000000000
000000000000000000000
000000000000000000000
000000000000000000000
000000000000000000000
000000000000000000000
000000000000000000000
000000000000000000000
000000000000000000000
#
It:25:Diff:34:PSOStep:7:Time:7.734629613:s:AutomataStep:7:Transition:00100111010010001110011000000000110011010000110011000100111100000010110010001000001011111111100010111011110000100100000100000101001010111001000110110100000000100100001111000000011100111000101100110001110110100001010000000101011111010000001000100100001100100111101100010000010111111000010011001110000110110111001101000010000001000011010010101100010000100000100001110010110000010000011101111100111011000110101101010101010111010110111100000110100000001010100010100000000111111011100010110001011000010000011101000001
000000000000000000000
000000000000000000000
000000000000000000000
000000000010000000000
000000000011000000000
000000000010100000000
000000000010110000000
000000011011111000000
000000011111001100000
000010001001001110000
000010100000011011000
000000000000000000000
000000000000000000000
000000000000000000000
000000000000000000000
000000000000000000000
000000000000000000000
000000000000000000000
000000000000000000000
000000000000000000000
000000000000000000000
#
It:26:Diff:32:PSOStep:7:Time:7.971882855:s:AutomataStep:7:Transition:00110001101001000000010000000011110011001000111101100001010100110000111111010111011011101111011110110011010100101100101000010111011011010001000111110000000110011010001001000001010000110011101110000001101101100111110111100101010100101000001001000100010100000111011000110000000000001011110100101100110011111001010100001110001101001100111011100111011001000000001001101010010000110100010000010000010001010100011101100000110101011111101100011100100010011000100001000010100110000111001001110000111001100000000011000110
000000000000000000000
000000000000000000000
000000000000000000000
000000000010000000000
000000000001000000000
000000000100100000000
000000011111010000000
000000001001011000000
000001100100000100000
000010010110100010000
000101000111000001000
000000011000000000000
000000000000000000000
000000000000000000000
000000000000000000000
000000000000000000000
000000000000000000000
000000000000000000000
000000000000000000000
000000000000000000000
000000000000000000000
#
It:44:Diff:30:PSOStep:7:Time:12.050895681:s:AutomataStep:7:Transition:00110100100011001000111010001110010011101001010001000110000100010010110101011101010011001111000011110000111010101001101100000100011010011000001001101100010011000000001000001001010101001101101101110111111000100110000101100011010111101001011011100100000000100110010110000010001010001001110011101101010100111001110000001011001001001100011010000110001000100000101001111000110000110010010000001000000000000011011001100100110111011110101010010000111000000000101100100110010011100011001000000000110001000000100011000000
000000000000000000000
000000000000000000000
000000000000000000000
000000000010000000000
000000000100000000000
000000000001100000000
000000011110000000000
000000111000100000000
000000010111001000000
000010011101100110000
000110010011111010000
000000000000000000000
000000000000000000000
000000000000000000000
000000000000000000000
000000000000000000000
000000000000000000000
000000000000000000000
000000000000000000000
000000000000000000000
000000000000000000000
#
It:48:Diff:24:PSOStep:7:Time:13.015020426:s:AutomataStep:7:Transition:00110110101111111100111110101111110001011011110001000111000101010110110101011101110011001111011111110011111101101011111100000111011010110011001011101101100111111010001000100011110111111111111101110100111111100110111101100011010101101111111101111110110001110110010111011110111011101011110101101100011101111001100111001001001000011111011011101110101111000000101011110110110111111110011101111100011011010111111011001111111111011111101010011000101110010010101111101110110011110111001101101100111011110000011011110011
000000000000000000000
000000000000000000000
000000000000000000000
000000000010000000000
000000000110000000000
000000001110100000000
000000011110010000000
000000111110111000000
000001110111011000000
000011100110110010000
000111111011101101000
000000000000000000000
000000000000000000000
000000000000000000000
000000000000000000000
000000000000000000000
000000000000000000000
000000000000000000000
000000000000000000000
000000000000000000000
000000000000000000000
#
It:49:Diff:21:PSOStep:7:Time:13.255744118:s:AutomataStep:7:Transition:00100010101111111100111111100110101000101001111101011101001100010100110011010100010110011101010011111010111111100111110001010111011110110010100011110100111011110110011011110011111111001111111100111100111101101000110110100010111001101110111101111111111100100111001011110110010101111010101100111011011101111011110011101101010010011111011110101110101111011110101101010111110111011001011101111110100011011111101111000011010110001011111000011111101110110010001100101100111110100110001111101001111011011000011101101110
000000000000000000000
000000000000000000000
000000000000000000000
000000000010000000000
000000000111000000000
000000001010100000000
000000010111010000000
000000110101101000000
000001010011010100000
000010001010001010000
000111001111000111000
000000000000000000000
000000000000000000000
000000000000000000000
000000000000000000000
000000000000000000000
000000000000000000000
000000000000000000000
000000000000000000000
000000000000000000000
000000000000000000000
#
It:53:Diff:15:PSOStep:7:Time:14.170601963:s:AutomataStep:7:Transition:00100110111111111000111111111100101001111011110101011111111111110110111111111101110101011110111101111011101111101110110001011011011111111011010011111101100111111110011101100011111100101111111100111100111101010101110011000010111000111111010111111011111111110111010111110010011111111010001111111010011101110111110111100011011010010111011111101111100111111110111111110111110110101110011100110100110011011110101111000011001110011010110010011111101011110011101110101110101111001100101111111101111011011110011111101111
000000000000000000000
000000000000000000000
000000000000000000000
000000000010000000000
000000000111000000000
000000001111100000000
000000011111110000000
000000111111111000000
000001111111111100000
000011111111111110000
000111111111111101000
000000000000000000000
000000000000000000000
000000000000000000000
000000000000000000000
000000000000000000000
000000000000000000000
000000000000000000000
000000000000000000000
000000000000000000000
000000000000000000000
#
It:54:Diff:14:PSOStep:7:Time:14.375583507:s:AutomataStep:7:Transition:00100010101111111000111111110110100001101011110101000101011100110110110011011101010010011011110111111011111111100110111000111111011110011011000111111100100101111110011011111011111101001111111101111001101101110001110010000011111001111111011111111111111100110111010111110010010111111010101111111101011101111111111111100101111010010111011101101110100101011111111011110111110011101000011101011100100011011010101111100011010110011010111010011111111111110010101110101111101110011111001111111001111011011000011111101011
000000000000000000000
000000000000000000000
000000000000000000000
000000000010000000000
000000000111000000000
000000001111100000000
000000011111110000000
000000111111111000000
000001111111111100000
000011111111111110000
000111111111111111000
000000000000000000000
000000000000000000000
000000000000000000000
000000000000000000000
000000000000000000000
000000000000000000000
000000000000000000000
000000000000000000000
000000000000000000000
000000000000000000000
#
It:67:Diff:9:PSOStep:7:Time:17.365565036:s:AutomataStep:7:Transition:00110010101111111100111111111011101011111011110101011111001111110101110111011111010010111011111011111011111111110100111111110110011010111011111010111110101111111111111111111011111101001111111101111110111101110000110111010011010101110110011111110111110011110111101110110110011101101010110101111110111111111011111011100111101111001011001101111111111110101111111001111111110111111010111101111010110011001111111011101101100111001011111100011111111111110010100100111110111111111110101111111100111000011001110111111111
000000000000000000000
000000000000000000000
000000000000000000000
000000000010000000000
000000000111000000000
000000001010100000000
000000011111110000000
000000100101101000000
000001111111111100000
000010111011111010000
000111111111111111000
000000000000000000000
000000000000000000000
000000000000000000000
000000000000000000000
000000000000000000000
000000000000000000000
000000000000000000000
000000000000000000000
000000000000000000000
000000000000000000000
#
It:89:Diff:8:PSOStep:7:Time:22.228586345:s:AutomataStep:7:Transition:00110010101111111100111110110011111111111011110101011111101111110111110111011111010010011011110011111011101111110101111111111111011010111001101111111110111111111111111111111011110101001111111101111101111101111000110111010011011101110110001111110111110111110111101111110110011111101010101101111111111111111111111011000111111111001011011101100111111110101111111001111111110111011010111101111110110011001111111011101101100111001011111100011111111111110010100101101110111111110111101111111111111010010001100111101111
000000000000000000000
000000000000000000000
000000000000000000000
000000000010000000000
000000000111000000000
000000001010100000000
000000011101110000000
000000101111101000000
000001111111111100000
000010111011111010000
000111111111111111000
000000000000000000000
000000000000000000000
000000000000000000000
000000000000000000000
000000000000000000000
000000000000000000000
000000000000000000000
000000000000000000000
000000000000000000000
000000000000000000000
#
It:126:Diff:7:PSOStep:7:Time:30.400179569:s:AutomataStep:7:Transition:00110000101111111100111111111011101010111011110101011111101100110100110111001111011010011111110001111011101111100100111111110111011010111011011011101110111111111100111111111111110101001111111101011101111101110001110111110011011101110110011111110111111111110111111111100110011101101010100111101110111101111111111011000111111111001011001100100111110110101101111001111111110011011010101101111010110011011111011011101101100111000011110100010110111111110010100101101110110111110110101111111101111000011101111111100111
000000000000000000000
000000000000000000000
000000000000000000000
000000000010000000000
000000000111000000000
000000001010100000000
000000011101110000000
000000101101101000000
000001111111111100000
000010111011111010000
000111111111111111000
000000000000000000000
000000000000000000000
000000000000000000000
000000000000000000000
000000000000000000000
000000000000000000000
000000000000000000000
000000000000000000000
000000000000000000000
000000000000000000000
#
It:153:Diff:7:PSOStep:7:Time:36.324560378:s:AutomataStep:7:Transition:00110000101111111110111111101011101010111011110101011111101101110101110111001101011010011111110011111111101111110100111111111111011010111011111011111110111101111111111111111111110101001111111101011101111101111001110111110011011101110110011111111111111111110111101111100110011101101010100111101010111101111111111011000111111111001011001100111111110110101101111001111111110011011010101101111010110011001111111111101101100111000011110110010110111111110010100100101110111111111110101111111101111000011101111111101111
000000000000000000000
000000000000000000000
000000000000000000000
000000000010000000000
000000000111000000000
000000001010100000000
000000011101110000000
000000101101101000000
000001111111111100000
000010111011111010000
000111111111111111000
000000000000000000000
000000000000000000000
000000000000000000000
000000000000000000000
000000000000000000000
000000000000000000000
000000000000000000000
000000000000000000000
000000000000000000000
000000000000000000000
#
It:154:Diff:6:PSOStep:7:Time:36.538310889:s:AutomataStep:7:Transition:00110110111111111110111111101111101011111011110101011101101100110111010111011101111010011111110001111111111111110111111111111111011110111011111011111110111111111111111111110111111101101111111101111101111101111001110111110111111101111110111111111111111110110111110110110110011101101110111111101111110101111111111011100111111111011111011100111111111111111111111001111110110111111010101101111110110011001011111111100101110111000111111110011111111111110011100100001110110111111110101111111011111011011101111111101111
000000000000000000000
000000000000000000000
000000000000000000000
000000000010000000000
000000000111000000000
000000001010100000000
000000011101110000000
000000101011101000000
000001111111111100000
000010111111111010000
000111111111111111000
000000000000000000000
000000000000000000000
000000000000000000000
000000000000000000000
000000000000000000000
000000000000000000000
000000000000000000000
000000000000000000000
000000000000000000000
000000000000000000000
#
It:162:Diff:6:PSOStep:7:Time:38.165619548:s:AutomataStep:7:Transition:00110110111111111100111111101110101011111010110100011101100001110110010011011111111010011111110001111111111111110111111111101111011110111011111011111110111111111111111111110111111101101111111101111101111101111001110111110111111101011110111111111111111110110111100111110110011111101110111111101111110111111111111011100111111111011111011100101111111111011111101001111110110110111010100101111110110011001011111111100111110111000111111110011111111111110011100101001110110111111110101111111111111011011101111111101111
000000000000000000000
000000000000000000000
000000000000000000000
000000000010000000000
000000000111000000000
000000001010100000000
000000011101110000000
000000101011101000000
000001111111111100000
000010111111111010000
000111111111111111000
000000000000000000000
000000000000000000000
000000000000000000000
000000000000000000000
000000000000000000000
000000000000000000000
000000000000000000000
000000000000000000000
000000000000000000000
000000000000000000000
#
It:188:Diff:6:PSOStep:7:Time:43.593722017:s:AutomataStep:7:Transition:00110110111111111110111111111110101011101011110101011111101111110101110111011101111010011111110001111111111111100111111111110111011110111011111111111110111101110111111101111111111101101111111101111111111101111001110111110111111101111110111111111111111100110111101111110010011101101110111111101111111101111111111011100111011111011111011101111111111111011111111001111111110111111010111101111100100011011111101011111101110111010111111110011111111111110011100101001110111111111110101111111011111111011101111111101111
000000000000000000000
000000000000000000000
000000000000000000000
000000000010000000000
000000000111000000000
000000001010100000000
000000011101110000000
000000101011101000000
000001111111111100000
000010111111111010000
000111111111111111000
000000000000000000000
000000000000000000000
000000000000000000000
000000000000000000000
000000000000000000000
000000000000000000000
000000000000000000000
000000000000000000000
000000000000000000000
000000000000000000000
#
It:229:Diff:6:PSOStep:7:Time:52.30036488:s:AutomataStep:7:Transition:00110111101111111110111111111110101011101011110101011111111111010111111111011101110110011111110001111111111111110111111111110111011110111011111111111110111101110111111111111111111101101111111101111110111101111001110111110111111101111110111111111111111111110111111101111110011111101110111111111111111111111111111011100111011111011111011101111111111111111111111001111111110111111010111101111010110111011111101111101100110111011111111110010111111111110011100101011110111111111110101111111011111110011101111111101111
000000000000000000000
000000000000000000000
000000000000000000000
000000000010000000000
000000000111000000000
000000001010100000000
000000011101110000000
000000101011101000000
000001111111111100000
000010111111111010000
000111111111111111000
000000000000000000000
000000000000000000000
000000000000000000000
000000000000000000000
000000000000000000000
000000000000000000000
000000000000000000000
000000000000000000000
000000000000000000000
000000000000000000000
#
It:285:Diff:5:PSOStep:7:Time:63.800999583:s:AutomataStep:7:Transition:00110100101111101110111111111010101011101001111101011111111100010101111111011101110110011111110000111101111110110110111111110111011010111011011111111110111101110111111111111111111101101111111101111110111101111001110110110111111101011010110111111111111010110111111101111010011111101110111111110111111111111111111011100111011111110001011101101111111111111111101011111110110111111010001101111010101111011111001111101100110111011110110100011111111111110011000101111110111111111101101011111111110110011101111111101101
000000000000000000000
000000000000000000000
000000000000000000000
000000000010000000000
000000000111000000000
000000001010100000000
000000011101110000000
000000101001101000000
000001111111111100000
000010111111111010000
000111111111111111000
000000000000000000000
000000000000000000000
000000000000000000000
000000000000000000000
000000000000000000000
000000000000000000000
000000000000000000000
000000000000000000000
000000000000000000000
000000000000000000000
#
It:302:Diff:5:PSOStep:7:Time:67.338770104:s:AutomataStep:7:Transition:00110110111111111110111111111111101011111011111101011111111101010101111001011101111110011111110010111101111010100110111111010101011010111011111111111111111101111111111111111111111101101111111101111110111101111001110110010101011101111110111111111111111010110111111101111110011101101110111111101111111111111111111011100111011111111001011100101111111111111111101001111110110111111010111101111010111111011111101111101101111111011111110110011111111111110011100101111110111111111110101011111011111111011101111111101111
000000000000000000000
000000000000000000000
000000000000000000000
000000000010000000000
000000000111000000000
000000001010100000000
000000011101110000000
000000101001101000000
000001111111111100000
000010111111111010000
000111111111111111000
000000000000000000000
000000000000000000000
000000000000000000000
000000000000000000000
000000000000000000000
000000000000000000000
000000000000000000000
000000000000000000000
000000000000000000000
000000000000000000000
#
It:328:Diff:5:PSOStep:7:Time:72.444075135:s:AutomataStep:7:Transition:00110111111111111110111111111110101011101011111101011111111101010101111011011101111110011111110010111111111000100110111111010101011110111011011111111111111101111111111101111111111101101111111101011110111101111001110110110101011101111010111111111111111111110111111111111010011111101110111111111111111111111111111011100111011111111001011100101111111111111111101001111110110111011010011101111010111111111111101111101101111111011111110110011111111111110011100111111110111111111111101011111111111111011101111111101111
000000000000000000000
000000000000000000000
000000000000000000000
000000000010000000000
000000000111000000000
000000001010100000000
000000011101110000000
000000101001101000000
000001111111111100000
000010111111111010000
000111111111111111000
000000000000000000000
000000000000000000000
000000000000000000000
000000000000000000000
000000000000000000000
000000000000000000000
000000000000000000000
000000000000000000000
000000000000000000000
000000000000000000000
#
It:400:Diff:4:PSOStep:7:Time:86.929902314:s:AutomataStep:7:Transition:00100110111111101110110111111110101011101011111101011111111100000110111111101111110010011111110000111111111001100100111111100100011010111011011111111101111101111111011111111111111111101111111101111110111101111001110111110111010101010010111111111111111011110111111101111010011111101110001111101101111111111111111011100110011111011001011100111110111101111111111001111111110111011010011101111010110111111111111111101001111111011111110110111111101111110011100111111110111111111110101011111101110110011101011111001111
000000000000000000000
000000000000000000000
000000000000000000000
000000000010000000000
000000000111000000000
000000001010100000000
000000011101110000000
000000101001101000000
000001111011111100000
000010111111111010000
000111111111111111000
000000000000000000000
000000000000000000000
000000000000000000000
000000000000000000000
000000000000000000000
000000000000000000000
000000000000000000000
000000000000000000000
000000000000000000000
000000000000000000000
#
It:404:Diff:4:PSOStep:7:Time:87.656519975:s:AutomataStep:7:Transition:00100111111111111110111111111110101011101011111101011111111100010110111011001101110010011111110000111110111001100100111111110100011110111011011010111111110101111111011111111111111101101111111101011110111101111001110111000111010101011010011111110111111010110111111111111110011111101110001111101111111111111111111011100111011111010101011111101111111100111111111001111111110111011010010101111010111111111111101011101101111111011110110100111111101111110011000111111110111111110111101011111001111100011101011111101111
000000000000000000000
000000000000000000000
000000000000000000000
000000000010000000000
000000000111000000000
000000001010100000000
000000011101110000000
000000101001101000000
000001111011111100000
000010111111111010000
000111111111111111000
000000000000000000000
000000000000000000000
000000000000000000000
000000000000000000000
000000000000000000000
000000000000000000000
000000000000000000000
000000000000000000000
000000000000000000000
000000000000000000000
#
It:447:Diff:4:PSOStep:7:Time:96.355657222:s:AutomataStep:7:Transition:00110111101111101110111111111111101011101011111101011111111100010111111111011101111010011111110010111110111011100100111111111110011110111011111011111111111101111111011111111111111101101111111101011111111101111001110110010111010101111010011111110111111110110111111111111110011111101010001111101111111101101111111011100111011111010101011111101111111110111111111001111111110111011000111101111010111111111111101111101101111111011111110100111111101111110011100111111110111111111111101011111001111100011101011111001111
000000000000000000000
000000000000000000000
000000000000000000000
000000000010000000000
000000000111000000000
000000001010100000000
000000011101110000000
000000101001101000000
000001111011111100000
000010111111111010000
000111111111111111000
000000000000000000000
000000000000000000000
000000000000000000000
000000000000000000000
000000000000000000000
000000000000000000000
000000000000000000000
000000000000000000000
000000000000000000000
000000000000000000000
#
It:464:Diff:4:PSOStep:7:Time:100.115296625:s:AutomataStep:7:Transition:00110101101110101110111111111111101011101011111100011101111001000101111001011100110110001111110000011101111000111100110111010000011010111011111011111110111101100101011111111111111101001111111101011100111101110001110111010110011101011110100111111111111010110111110111111110011101101110101111101111111111111111111011100111011111010001001101101110111101011111101001111111100110110010001101110110110011011111101011101001110111001110110110011110101111110011100100111110111111111110101011111001110101011101110111001111
000000000000000000000
000000000000000000000
000000000000000000000
000000000010000000000
000000000111000000000
000000001010100000000
000000011101110000000
000000100101101000000
000001111001111100000
000010111111111010000
000111010111110111000
000000000000000000000
000000000000000000000
000000000000000000000
000000000000000000000
000000000000000000000
000000000000000000000
000000000000000000000
000000000000000000000
000000000000000000000
000000000000000000000
end
