PSO TRACE
INIT:../../instances/fazia/init.csv
REF:../../instances/fazia/asvn1.csv
DecodingPolicy:CPP2:CDLE2
MutationPolicy:Std
ParticleNeighborhood:Fixed
ParticleDims:515
ParticleCount:100
AccP:2.0
AccG:2.0
AccL:1.5
AccI:2.3
Pos:0.0-3.0
Inertia:0.9-0.6
VeloMax:2.0
MaxPSOIteration:500
InertiaDecrFactor:6.000000000000001E-4
INIT
000000000000000000000
000000000000000000000
000000000000000000000
000000000000000000000
000000000000000000000
000000000000000000000
000000000000000000000
000000000000000000000
000000000000000000000
000000000000000000000
000000000010000000000
000000000000000000000
000000000000000000000
000000000000000000000
000000000000000000000
000000000000000000000
000000000000000000000
000000000000000000000
000000000000000000000
000000000000000000000
000000000000000000000
REF
000000000000000000000
000000000000000000000
000000000000000000000
000000000010000000000
000000000111000000000
000000001010100000000
000000011100110000000
000000101001101000000
000001111001111100000
000010111111111010000
000111011111110111000
000000000000000000000
000000000000000000000
000000000000000000000
000000000000000000000
000000000000000000000
000000000000000000000
000000000000000000000
000000000000000000000
000000000000000000000
000000000000000000000
Classic CPP Decoder
0 :1,2,3,4,
1 :0,2,3,4,
2 :0,1,3,4,
3 :0,1,2,4,
4 :0,1,2,3,
5 :6,7,8,9,
6 :5,7,8,9,
7 :5,6,8,9,
8 :5,6,7,9,
9 :5,6,7,8,
10 :11,12,13,14,
11 :10,12,13,14,
12 :10,11,13,14,
13 :10,11,12,14,
14 :10,11,12,13,
15 :16,17,18,19,
16 :15,17,18,19,
17 :15,16,18,19,
18 :15,16,17,19,
19 :15,16,17,18,
20 :21,22,23,24,
21 :20,22,23,24,
22 :20,21,23,24,
23 :20,21,22,24,
24 :20,21,22,23,
25 :26,27,28,29,
26 :25,27,28,29,
27 :25,26,28,29,
28 :25,26,27,29,
29 :25,26,27,28,
30 :31,32,33,34,
31 :30,32,33,34,
32 :30,31,33,34,
33 :30,31,32,34,
34 :30,31,32,33,
35 :36,37,38,39,
36 :35,37,38,39,
37 :35,36,38,39,
38 :35,36,37,39,
39 :35,36,37,38,
40 :41,42,43,44,
41 :40,42,43,44,
42 :40,41,43,44,
43 :40,41,42,44,
44 :40,41,42,43,
45 :46,47,48,49,
46 :45,47,48,49,
47 :45,46,48,49,
48 :45,46,47,49,
49 :45,46,47,48,
50 :51,52,53,54,
51 :50,52,53,54,
52 :50,51,53,54,
53 :50,51,52,54,
54 :50,51,52,53,
55 :56,57,58,59,
56 :55,57,58,59,
57 :55,56,58,59,
58 :55,56,57,59,
59 :55,56,57,58,
60 :61,62,63,64,
61 :60,62,63,64,
62 :60,61,63,64,
63 :60,61,62,64,
64 :60,61,62,63,
65 :66,67,68,69,
66 :65,67,68,69,
67 :65,66,68,69,
68 :65,66,67,69,
69 :65,66,67,68,
70 :71,72,73,74,
71 :70,72,73,74,
72 :70,71,73,74,
73 :70,71,72,74,
74 :70,71,72,73,
75 :76,77,78,79,
76 :75,77,78,79,
77 :75,76,78,79,
78 :75,76,77,79,
79 :75,76,77,78,
80 :81,82,83,84,
81 :80,82,83,84,
82 :80,81,83,84,
83 :80,81,82,84,
84 :80,81,82,83,
85 :86,87,88,89,
86 :85,87,88,89,
87 :85,86,88,89,
88 :85,86,87,89,
89 :85,86,87,88,
90 :91,92,93,94,
91 :90,92,93,94,
92 :90,91,93,94,
93 :90,91,92,94,
94 :90,91,92,93,
95 :96,97,98,99,
96 :95,97,98,99,
97 :95,96,98,99,
98 :95,96,97,99,
99 :95,96,97,98,
#
It:0:Diff:42:PSOStep:5:Time:1.600688509:s:AutomataStep:5:Transition:00100011100000100000000100100000100000010001011011100100001100000100100011000001100100101100010001000110010000101000101000000001010011110000000000101001000110100010110100010111001101001110000100100100100000010011010010100011100000011000011100010100111000000101001001011000001000001001100000101111011011001001000111010010000111100000110011101010111101100000011000100011000101000000101000111010001001110001110001001000110110000100101110100000000011001000001010101101001011100001101111110100010011000100010000110010
000000000000000000000
000000000000000000000
000000000000000000000
000000000000000000000
000000000000000000000
000000000010000000000
000000000101000000000
000000001000000000000
000000000001000000000
000000000110001000000
000001100010010100000
000000000100000000000
000000000000000000000
000000000000000000000
000000000000000000000
000000000000000000000
000000000000000000000
000000000000000000000
000000000000000000000
000000000000000000000
000000000000000000000
#
It:1:Diff:42:PSOStep:3:Time:1.935377506:s:AutomataStep:3:Transition:01100010100000000010000000111010110000010010011010100100011000000110101111011011011000111110010000001110000000100001111010000100000011101001000000001101000100101010000100000111101110000110101110100100110000000011000000100001100111011011001010000100111001100001010100000010010000100001100011001111000011100001001001000001010110010010000010001010101001000100000000000000100100011000000111110010101101101010111100110010100000000100000011110001001000001000000010000010111010100010101010110110010010010001011110110100
000000000000000000000
000000000000000000000
000000000000000000000
000000000000000000000
000000000000000000000
000000000000000000000
000000000000000000000
000000011010000000000
000000010000000000000
000000010011100000000
000000010110010000000
000000000000000000000
000000000000000000000
000000000000000000000
000000000000000000000
000000000000000000000
000000000000000000000
000000000000000000000
000000000000000000000
000000000000000000000
000000000000000000000
#
It:2:Diff:38:PSOStep:7:Time:2.206639543:s:AutomataStep:7:Transition:00100011001100100010000000001000100100010001010111001100111110010000101000001100000110100100100000011110000000000100110000010100010011010000000001101011000100000011000100010000101100000010100100010101110100000001110001110011101111000010001011010100011000100011101001011010100000000001100010001110010010001000110111000000001110000000100001001010101100000100000000100000000100001100011100111010001101100000010000000010110000001000010100110100100101001000000010101000000000100010100011110100010010110010000000110100
000000000000000000000
000000000000000000000
000000000000000000000
000000000010000000000
000000000001000000000
000000000011100000000
000000000000110000000
000000000000101000000
000000000000000100000
000000000000101110000
000000000000000011000
000000000000000000000
000000000000000000000
000000000000000000000
000000000000000000000
000000000000000000000
000000000000000000000
000000000000000000000
000000000000000000000
000000000000000000000
000000000000000000000
#
It:7:Diff:32:PSOStep:7:Time:3.622825556:s:AutomataStep:7:Transition:00100011101100000010010100001001111010011001011110101100011110110000101010010100001111101000000001111010000001000110000011100100011111101011000011001111100000000111010100010000101100010111100100010101110100000001001110110110110101011000100111010100001100110101011100011100010100100001000010011110010010101001010111000001001111010000100110001010101100100010110000000010111100000100001000111110100001110001010010100010111000010000000010111100000011011001000111101000011000100010101111100000010000010100010000111100
000000000000000000000
000000000000000000000
000000000000000000000
000000000010000000000
000000000101000000000
000000001011100000000
000000011001110000000
000000100001010000000
000001000101001000000
000010010001100010000
000101101001011101000
000000010110000000000
000000000000000000000
000000000000000000000
000000000000000000000
000000000000000000000
000000000000000000000
000000000000000000000
000000000000000000000
000000000000000000000
000000000000000000000
#
It:12:Diff:28:PSOStep:7:Time:4.918657998:s:AutomataStep:7:Transition:00100011101100100010010100001001111010010011011110111100011100110000111010010100001110101000000001011011000001010110010010100110011111001001000011011011100000000111011100010000101110110011100100010101110100000111101010110111111111010010100111110101001111110001011000011100010100100000000010101110011010101000110111010001001111000000100010001010101100101010010000100010110100100100111001111111101001110001010010100000111000000100000011101100010011011001000111101100011000100110101111100100000000011110010000110110
000000000000000000000
000000000000000000000
000000000000000000000
000000000010000000000
000000000101000000000
000000001010100000000
000000010110110000000
000000110001010000000
000001010000001000000
000010101011011010000
000100110001011101000
000000000101000000000
000000000000000000000
000000000000000000000
000000000000000000000
000000000000000000000
000000000000000000000
000000000000000000000
000000000000000000000
000000000000000000000
000000000000000000000
#
It:21:Diff:27:PSOStep:7:Time:7.333385189:s:AutomataStep:7:Transition:00100011101110000110010100011010110000010011010110101100010111110100111010100100000110011000001010001011000011000101010010100100011011100001010001111010101000000111011100000010101100110111101101000101110000000011001011101011010101010000000111110100011011010101001101000000110110101101101010101110011010100001110011001101000011000000000001011010101100100010001000000110111100000100001000011010000101110001010001110011011001010110010010111100010011001001000011101100100000000010100111100100010011011111001010000100
000000000000000000000
000000000000000000000
000000000000000000000
000000000010000000000
000000000101000000000
000000001110000000000
000000011010000000000
000000101000111000000
000001001101011000000
000010100001000010000
000100001001110111000
000000000000100000000
000000000000000000000
000000000000000000000
000000000000000000000
000000000000000000000
000000000000000000000
000000000000000000000
000000000000000000000
000000000000000000000
000000000000000000000
#
It:26:Diff:23:PSOStep:7:Time:8.588956949:s:AutomataStep:7:Transition:00100011100110000110010100001010110000011011010111101101010111110100111010110000000110001000001011001010010010000101010011101110011011101001000011001100101100000100111101000010101100110110101100000101111000000011111011101011011101011000000101100100011011110100000101011000001010101100000011011011011010100101111111101101010011000000011001011011111000000110001010100010111100001101001100011110101011010001000001111011111001010110110110111110010011010001100111001110101000000010110100100000010011011111000000100100
000000000000000000000
000000000000000000000
000000000000000000000
000000000010000000000
000000000010000000000
000000001011100000000
000000010100100000000
000000111011010000000
000000111101111000000
000010111011101010000
000101000011000001000
000000000000000000000
000000000000000000000
000000000000000000000
000000000000000000000
000000000000000000000
000000000000000000000
000000000000000000000
000000000000000000000
000000000000000000000
000000000000000000000
#
It:33:Diff:23:PSOStep:7:Time:10.284742244:s:AutomataStep:7:Transition:00100011101100000110110000011000101000010011010111100001010110110000010010100100000110001000001001011011000110000111010010100110010011111001000001011110100100000111011000000110101100110111100100000101110100000111001011011110010101011000100111100010011010100100010001000000100011101100000010011110111010100001000101100101001110001000010001001011011100101110000000100010111100100101101100011110000001110011001011100010111001010100010010111011010000010001100011101100111000001010110110100110010101011000000000110100
000000000000000000000
000000000000000000000
000000000000000000000
000000000010000000000
000000000100000000000
000000001011000000000
000000011100010000000
000000101100100000000
000001101001110000000
000010111011000010000
000100000100111101000
000000000000000000000
000000000000000000000
000000000000000000000
000000000000000000000
000000000000000000000
000000000000000000000
000000000000000000000
000000000000000000000
000000000000000000000
000000000000000000000
#
It:36:Diff:23:PSOStep:7:Time:11.052667815:s:AutomataStep:7:Transition:00100001100100101110100100001000101000010011010111001001010010110100111010100100000110001001011011011011100010000101011000100110011011110001000001011010100100000111001100000010101100110111100100000101110100000101001011111010000101011000100111100000011011010100001000001000100001101100000010011111010000100101000111100101001011000000110010001010111100111110100000100010110100101100101100011110000001110001011011100010111001010100010010111010010111010001100010101100100000001011100100100100010101001010000000110000
000000000000000000000
000000000000000000000
000000000000000000000
000000000010000000000
000000000110000000000
000000001000100000000
000000010001010000000
000000111001011000000
000001000010101100000
000011111010101010000
000111001111101011000
000000000000000000000
000000000000000000000
000000000000000000000
000000000000000000000
000000000000000000000
000000000000000000000
000000000000000000000
000000000000000000000
000000000000000000000
000000000000000000000
#
It:40:Diff:22:PSOStep:7:Time:12.080529905:s:AutomataStep:7:Transition:00100001100110101110100100011000101000010011010111111001010110110100111011100100000110001001001011011011000010000111010010110110011011111001111001001110100100100111101101000010101110110111101100000101110100000101001111111010000101011010100111110101011011010100001101011000110001111000000010011111011010100001000111100101010011000000110000001010011100111110100000100010100100101101101100011110000101110011011011110000111001110100010010101010000011000001100010101000101000001010100101100100010111001010000010110000
000000000000000000000
000000000000000000000
000000000000000000000
000000000010000000000
000000000110000000000
000000000111000000000
000000011100100000000
000000101101110000000
000001111001110100000
000011011001100010000
000111101110011011000
000000000000000000000
000000000000000000000
000000000000000000000
000000000000000000000
000000000000000000000
000000000000000000000
000000000000000000000
000000000000000000000
000000000000000000000
000000000000000000000
#
It:42:Diff:22:PSOStep:7:Time:12.593934055:s:AutomataStep:7:Transition:00100001110110101110100110011000110000111011100111000001010110110100111111100100000110001001011011101011001010000100001010100100011010101001011001001000100100100110101100000110101110110111101100000101110100000101001111111010000101010010000111110110011011010100011101001000110101011100000010001001011010000001010101000101010010000100100001001010001100011111100000100000100100101101101000011010000101101011011011110010111001110100010100101010000011010001111010001000101000011010100101100000000111000010000010010000
000000000000000000000
000000000000000000000
000000000000000000000
000000000010000000000
000000000111000000000
000000001010100000000
000000011100110000000
000000111010100000000
000001010011011000000
000011011100010100000
000111011110001011000
000000000000000000000
000000000000000000000
000000000000000000000
000000000000000000000
000000000000000000000
000000000000000000000
000000000000000000000
000000000000000000000
000000000000000000000
000000000000000000000
#
It:57:Diff:21:PSOStep:7:Time:16.314231492:s:AutomataStep:7:Transition:00110000101110101110010100011000111110010011111111111000010111110100111001000100001110001111010011001011100010000101011010111100010110101011011000001100100000100110011100000010101110110111101001100101111100000101001111111111001101010000000111100010011111010000001100001000101011101100000011001001011010100000010011101101011101001000101011011010001100011110000000100100101100001101001000011000000111011011011011110010110001110100000010100111010011100001010011100000100000011011110110110000000011011111000010110000
000000000000000000000
000000000000000000000
000000000000000000000
000000000010000000000
000000000111000000000
000000001000000000000
000000011001000000000
000000101011001000000
000001001110101100000
000010100111011010000
000111011111001011000
000000000000000000000
000000000000000000000
000000000000000000000
000000000000000000000
000000000000000000000
000000000000000000000
000000000000000000000
000000000000000000000
000000000000000000000
000000000000000000000
#
It:59:Diff:20:PSOStep:7:Time:16.846238583:s:AutomataStep:7:Transition:00100011111100000010110000001000110010010011010111111101010111110100111011000100001110001001001011011011100010000101010011111110010111101011011000011100001100110110100100000110101100010111101100100101110000000011001011110111010101010000000011100111011111110100001000000000100110100100000010001001111010100001000111000101011011000100111000011010001100011110100000100000110100101101101100111000000101100011001011110000111001110100010011111011010011000001010011001100100000101010100110110100000101011110010010110100
000000000000000000000
000000000000000000000
000000000000000000000
000000000010000000000
000000000101000000000
000000001010100000000
000000010001010000000
000000101110001000000
000001011001110100000
000010110110111010000
000100001100100011000
000000000000000000000
000000000000000000000
000000000000000000000
000000000000000000000
000000000000000000000
000000000000000000000
000000000000000000000
000000000000000000000
000000000000000000000
000000000000000000000
#
It:68:Diff:19:PSOStep:7:Time:19.059086839:s:AutomataStep:7:Transition:00100011111110001010110000011000111010010011010111101001010111110100111010000100001110001001001001011001100010000111010011111110010111111001010001001110001100110100100100000110101100010111100101101101110000010011001111100110010101011000000111100110011011110100001110000000100111100100000010001011011010100001000101000101011010000100010000011010111000001110000000100010111100101001111000011010000001110011010001110000111111110100010011110111010011000001010011001100100000000010100111110100000011011110010010110100
000000000000000000000
000000000000000000000
000000000000000000000
000000000010000000000
000000000111000000000
000000001000100000000
000000010100110000000
000000100000111000000
000001000110111100000
000010101101110010000
000111001000100111000
000000000000000000000
000000000000000000000
000000000000000000000
000000000000000000000
000000000000000000000
000000000000000000000
000000000000000000000
000000000000000000000
000000000000000000000
000000000000000000000
#
It:85:Diff:18:PSOStep:7:Time:23.115090736:s:AutomataStep:7:Transition:00100011101110001110110101011000111000010010000111101001010111110101111010100100001110001001001101011001110001010101011011110110010111111011011001001110000100110100000101000010100100110111101101101101110000010111001011111111010100001000100110110100011011110010001100000000100011101100001010011111011110100001000111100101011011000000010011011010011100011110000000100010101100101101101100111011000001110011010011100001111111010100010011111111010011000001000011001100100000001011100110101110000111011101010111110100
000000000000000000000
000000000000000000000
000000000000000000000
000000000010000000000
000000000111000000000
000000001000100000000
000000010010110000000
000000101010101000000
000001000011111100000
000011011001001010000
000111011110111111000
000000000000000000000
000000000000000000000
000000000000000000000
000000000000000000000
000000000000000000000
000000000000000000000
000000000000000000000
000000000000000000000
000000000000000000000
000000000000000000000
#
It:87:Diff:17:PSOStep:7:Time:23.569477853:s:AutomataStep:7:Transition:00100000111100101010100100001000110000111010000111111001010110110101111011100100001110001001001001011001000011000101011011101110010110111011010001001100100100110100010100000110101110010110101101000101110000000011001011111101000100111000100111110110011011110110011111000000100011100100000010011111010110100001001111101101011011000100110001011010011100001010000000100010101100101101101001011110000101110011011011100001110111100100010011101110010111000000000011001110100000000010100100100100000111001101010011100000
000000000000000000000
000000000000000000000
000000000000000000000
000000000010000000000
000000000111000000000
000000001010000000000
000000010100110000000
000000100101100000000
000001000001001100000
000010101011011000000
000111011010110011000
000000000000000000000
000000000000000000000
000000000000000000000
000000000000000000000
000000000000000000000
000000000000000000000
000000000000000000000
000000000000000000000
000000000000000000000
000000000000000000000
#
It:111:Diff:17:PSOStep:7:Time:29.642523558:s:AutomataStep:7:Transition:00100001111100001110110000001000110000010010110111111101011101110100111011000100011110001000001001111001110010000101010010100110010110111001101001101110000100000110010100000000101110010001100100001101110000010001101100111101001101011000100111110001001111110000001100000000110111000110101010101111011011100000000101100101011011001100111001001010011100011010000000100010101100001001011101011110001001100011001011111011110111110010010001111111011111000001100011001100100000001011110101110100010011111011000010101100
000000000000000000000
000000000000000000000
000000000000000000000
000000000010000000000
000000000111000000000
000000001000100000000
000000010000110000000
000000100011001000000
000001011001001100000
000010111010111010000
000111100101011111000
000000000000000000000
000000000000000000000
000000000000000000000
000000000000000000000
000000000000000000000
000000000000000000000
000000000000000000000
000000000000000000000
000000000000000000000
000000000000000000000
#
It:112:Diff:16:PSOStep:7:Time:29.80801454:s:AutomataStep:7:Transition:00100011101110001010110000011000111010010011010111111111010101110010111010000100001110001001001101011001100111000111010011010110011011111001111010111111000100010111000101000010100111110111100101100101110000010001011111110110110101000010000101100101011111110001100110000000110110110100101010011010011011110001000001100101001011001000100000001110001101011110000000100000101100000000111100011000000101100001001010101000111011110100010011111111010110000001100011001100100000001001110100110100010111011011000110110100
000000000000000000000
000000000000000000000
000000000000000000000
000000000010000000000
000000000111000000000
000000001000100000000
000000011100110000000
000000101111101000000
000001110111001100000
000010001100101010000
000111111110100111000
000000000000000000000
000000000000000000000
000000000000000000000
000000000000000000000
000000000000000000000
000000000000000000000
000000000000000000000
000000000000000000000
000000000000000000000
000000000000000000000
#
It:114:Diff:11:PSOStep:7:Time:30.352369871:s:AutomataStep:7:Transition:00100011101110001010110000011000110010011011010111111011010111110100111000000100000110001001001101011011100111000101010011011100011011011001010001001100101010010100011100000010100110110111100101000101110000000001101111110011010101000010000101110100011011100001000111000000100010100100000010011110011010110001000011100101001011000000100000011110111101001110100000100100101100000000011100011100000111101011001011100001110101110100010011111010010011000001000111001110100000000010100100100000010111011011010010110100
000000000000000000000
000000000000000000000
000000000000000000000
000000000010000000000
000000000111000000000
000000001010100000000
000000011101110000000
000000101000001000000
000001101100111100000
000010111011001010000
000111011110111111000
000000000000000000000
000000000000000000000
000000000000000000000
000000000000000000000
000000000000000000000
000000000000000000000
000000000000000000000
000000000000000000000
000000000000000000000
000000000000000000000
#
It:300:Diff:9:PSOStep:7:Time:77.183057696:s:AutomataStep:7:Transition:00100011101110001110110000011000110000011111010111111111010110110010111010000100001110001001001011011001100011000101010011011110010111111001010001001100001110110001011100000110100110110111100101101101110001000001111100110110010101001010000101110000011011100000000111001001100010100000000010001011011011110001000111100101001011000100101000111110111100001010100000100000100100000001111100011000000011100011001010100001111111110100010010111010010011000001100111001110100000001000100110100000110111011011010010110100
000000000000000000000
000000000000000000000
000000000000000000000
000000000010000000000
000000000111000000000
000000001010100000000
000000011000110000000
000000101001001000000
000001111000111100000
000010111000101010000
000111011101111111000
000000000000000000000
000000000000000000000
000000000000000000000
000000000000000000000
000000000000000000000
000000000000000000000
000000000000000000000
000000000000000000000
000000000000000000000
000000000000000000000
#
It:306:Diff:8:PSOStep:7:Time:78.646162078:s:AutomataStep:7:Transition:00100011101110001110110000011000110000010011010111111101010110110010111010000100001110001001001001011001100011000101010011011110010111111001010001001100101010100001011100000110100110110111100101100101111000000001111100110110010101001010000101110100011011100000000111000000100010100000000010001011011010100001000111100101011011001000100100011110111100001010100000100000101100100101111100011100000011101011001001100001111010110100010010111110010011000001100111001110100000000000100100000000010111011011010010110010
000000000000000000000
000000000000000000000
000000000000000000000
000000000010000000000
000000000111000000000
000000001010100000000
000000011100110000000
000000101000001000000
000001111010111100000
000010111110101010000
000111011101111111000
000000000000000000000
000000000000000000000
000000000000000000000
000000000000000000000
000000000000000000000
000000000000000000000
000000000000000000000
000000000000000000000
000000000000000000000
000000000000000000000
#
It:351:Diff:7:PSOStep:7:Time:89.776973518:s:AutomataStep:7:Transition:00100011111110001110110000011000110000011111010111111111010110110010111010000100001110001001001011011001100011000100010011011110000111111001010001001100101110100000011100000110100110110111100101100101110101000001011000100110011101001010000101110000011011100000000110001000101110100000000010011111011011110001000111101101011011001000001000101110111100001010100000100000101100100001111100011100000111100111001011100000111110110100010011111110010011000001010011001100100000100000100100100000010111011011010010110100
000000000000000000000
000000000000000000000
000000000000000000000
000000000010000000000
000000000111000000000
000000001010100000000
000000011101110000000
000000101011101000000
000001111001011100000
000010110111101010000
000111011111101111000
000000000000000000000
000000000000000000000
000000000000000000000
000000000000000000000
000000000000000000000
000000000000000000000
000000000000000000000
000000000000000000000
000000000000000000000
000000000000000000000
end
