PSO TRACE
INIT:../../instances/fazia/init.csv
REF:../../instances/fazia/asvn1.csv
DecodingPolicy:CPP2:CDLE2
MutationPolicy:Std
ParticleNeighborhood:Fixed
ParticleDims:515
ParticleCount:100
AccP:2.0
AccG:2.0
AccL:1.5
AccI:2.3
Pos:0.0-3.0
Inertia:0.9-0.6
VeloMax:2.0
MaxPSOIteration:500
InertiaDecrFactor:6.000000000000001E-4
INIT
000000000000000000000
000000000000000000000
000000000000000000000
000000000000000000000
000000000000000000000
000000000000000000000
000000000000000000000
000000000000000000000
000000000000000000000
000000000000000000000
000000000010000000000
000000000000000000000
000000000000000000000
000000000000000000000
000000000000000000000
000000000000000000000
000000000000000000000
000000000000000000000
000000000000000000000
000000000000000000000
000000000000000000000
REF
000000000000000000000
000000000000000000000
000000000000000000000
000000000010000000000
000000000111000000000
000000001010100000000
000000011100110000000
000000101001101000000
000001111001111100000
000010111111111010000
000111011111110111000
000000000000000000000
000000000000000000000
000000000000000000000
000000000000000000000
000000000000000000000
000000000000000000000
000000000000000000000
000000000000000000000
000000000000000000000
000000000000000000000
Classic CPP Decoder
0 :1,2,3,4,
1 :0,2,3,4,
2 :0,1,3,4,
3 :0,1,2,4,
4 :0,1,2,3,
5 :6,7,8,9,
6 :5,7,8,9,
7 :5,6,8,9,
8 :5,6,7,9,
9 :5,6,7,8,
10 :11,12,13,14,
11 :10,12,13,14,
12 :10,11,13,14,
13 :10,11,12,14,
14 :10,11,12,13,
15 :16,17,18,19,
16 :15,17,18,19,
17 :15,16,18,19,
18 :15,16,17,19,
19 :15,16,17,18,
20 :21,22,23,24,
21 :20,22,23,24,
22 :20,21,23,24,
23 :20,21,22,24,
24 :20,21,22,23,
25 :26,27,28,29,
26 :25,27,28,29,
27 :25,26,28,29,
28 :25,26,27,29,
29 :25,26,27,28,
30 :31,32,33,34,
31 :30,32,33,34,
32 :30,31,33,34,
33 :30,31,32,34,
34 :30,31,32,33,
35 :36,37,38,39,
36 :35,37,38,39,
37 :35,36,38,39,
38 :35,36,37,39,
39 :35,36,37,38,
40 :41,42,43,44,
41 :40,42,43,44,
42 :40,41,43,44,
43 :40,41,42,44,
44 :40,41,42,43,
45 :46,47,48,49,
46 :45,47,48,49,
47 :45,46,48,49,
48 :45,46,47,49,
49 :45,46,47,48,
50 :51,52,53,54,
51 :50,52,53,54,
52 :50,51,53,54,
53 :50,51,52,54,
54 :50,51,52,53,
55 :56,57,58,59,
56 :55,57,58,59,
57 :55,56,58,59,
58 :55,56,57,59,
59 :55,56,57,58,
60 :61,62,63,64,
61 :60,62,63,64,
62 :60,61,63,64,
63 :60,61,62,64,
64 :60,61,62,63,
65 :66,67,68,69,
66 :65,67,68,69,
67 :65,66,68,69,
68 :65,66,67,69,
69 :65,66,67,68,
70 :71,72,73,74,
71 :70,72,73,74,
72 :70,71,73,74,
73 :70,71,72,74,
74 :70,71,72,73,
75 :76,77,78,79,
76 :75,77,78,79,
77 :75,76,78,79,
78 :75,76,77,79,
79 :75,76,77,78,
80 :81,82,83,84,
81 :80,82,83,84,
82 :80,81,83,84,
83 :80,81,82,84,
84 :80,81,82,83,
85 :86,87,88,89,
86 :85,87,88,89,
87 :85,86,88,89,
88 :85,86,87,89,
89 :85,86,87,88,
90 :91,92,93,94,
91 :90,92,93,94,
92 :90,91,93,94,
93 :90,91,92,94,
94 :90,91,92,93,
95 :96,97,98,99,
96 :95,97,98,99,
97 :95,96,98,99,
98 :95,96,97,99,
99 :95,96,97,98,
#
It:0:Diff:45:PSOStep:1:Time:1.330615927:s:AutomataStep:1:Transition:01111001110110101111011010101100110111000111011111110011011111111111110111111110111110011111111011010110110100011011110011111011011011010111011100110101101000111111111111101110001111001011100001110110101011110001111111111111010110011101011110111011011110100011111111101111111111111101011110011101011111111111101110111110111111111110100111000100101111111110001101111111011011011010101101101100101110110111111111111111011010110101111111000110111110100111111111111101101011111001100110011101010011100111111110111011
000000000000000000000
000000000000000000000
000000000000000000000
000000000000000000000
000000000000000000000
000000000000000000000
000000000000000000000
000000000000000000000
000000000000000000000
000000000111000000000
000000000111000000000
000000000100000000000
000000000000000000000
000000000000000000000
000000000000000000000
000000000000000000000
000000000000000000000
000000000000000000000
000000000000000000000
000000000000000000000
000000000000000000000
#
It:1:Diff:41:PSOStep:3:Time:1.675444512:s:AutomataStep:3:Transition:00101000110000111111011010101100100101000110111010110101011010011011000010110110111110010101000001010000010000011001110111110111011011000010110000010101101000011010010101111110011111000111100001010111011011100001011111001111001101011101110110100001010110100101110110101000011010110101111110011101010111111111111100110100101111111010101100110100101010111100011100011111101011011100101101100000100100101111111101101101011001110101011101000111111110100110111111011111101011010001100101010001010011001111101010110001
000000000000000000000
000000000000000000000
000000000000000000000
000000000000000000000
000000000000000000000
000000000000000000000
000000000000000000000
000000000000110000000
000000000001110000000
000000001010110000000
000000011110110000000
000000000001000000000
000000010100000000000
000000010000000000000
000000000000000000000
000000000000000000000
000000000000000000000
000000000000000000000
000000000000000000000
000000000000000000000
000000000000000000000
#
It:5:Diff:40:PSOStep:6:Time:2.659403086:s:AutomataStep:6:Transition:00100111011101010000100101011010100101100010111101100101101000100010010101001001001100100000110010101011111101101100000010100000011001001001110111000101011101001100110001100011110101000100111000001000010001110110011100000000001101000101110101110001000100000100001000000001001101000010100010101000000100111000110111001011100101100111000101011010111100100001110011100110000000010110011111010011011010000000000010110000101010000010000000001101000010010100100000011010010001010011000000001010001011101110000100000001
000000000000000000000
000000000000000000000
000000000000000000000
000000000000000000000
000000000010000000000
000000000000000000000
000000000000100000000
000000000001000000000
000000000000011000000
000000000001111000000
000000000001100010000
000000000000011000000
000000000000000000000
000000000000000000000
000000000000000000000
000000000000000000000
000000000000000000000
000000000000000000000
000000000000000000000
000000000000000000000
000000000000000000000
#
It:6:Diff:39:PSOStep:7:Time:2.890197583:s:AutomataStep:7:Transition:00100110010101011010101101001010100101000010110001010110010000000001100101011010111110010111110000011011110101011000000010010010000001001001000001000110011101011011100010100001110001000100111110011001011111111001011011000000001111000101111111101001000100000111000000100001011001001001110010111111000100011000110111001001100101100011100101001011111011101011000011111010000001010000001001100000010110001101100010100100111001100010000000101010010011110000101000111000000101010010000001111000000011000010101100000001
000000000000000000000
000000000000000000000
000000000000000000000
000000000010000000000
000000000011000000000
000000001101100000000
000000001100010000000
000000011011111000000
000000010010010100000
000000001101000110000
000000001000101101000
000000000010100000000
000000000001100000000
000000000000000000000
000000000000000000000
000000000000000000000
000000000000000000000
000000000000000000000
000000000000000000000
000000000000000000000
000000000000000000000
#
It:7:Diff:39:PSOStep:6:Time:3.146268441:s:AutomataStep:6:Transition:00100100110111100100101111101000000000000010010000010010101011000000000111010010111110000110100000010111111111010010010110000010000001001011010001101000100011110111100010101001001000100100001000001011001011111001100010111001001010000101111011000100110000000111000010111010101010111000101000011101010000011001001111101000001111000001100001000010001011010010001000111000100010011000000001000000000101001111111011100000100001101000001111011000010011110001000100001000101000000000010001110000110010000001111000011000
000000000000000000000
000000000000000000000
000000000000000000000
000000000000000000000
000000000010000000000
000000000010000000000
000000001100000000000
000000010000000000000
000000100000000000000
000000111110000000000
000011000000000000000
000000000000000000000
000000000000000000000
000000000000000000000
000000000000000000000
000000000000000000000
000000000000000000000
000000000000000000000
000000000000000000000
000000000000000000000
000000000000000000000
#
It:8:Diff:31:PSOStep:7:Time:3.377612381:s:AutomataStep:7:Transition:00110000110110100011110010011100110101001000011000110001101001000101100101000000011010000110010010011100010110010001001010101000011011010101000000000010101000101001001101101111001010000001100010010011000010100001001010101100100110011100000010000001110110100001000001101000001011111000011010010100110100111101000101111110001110100000000101100101101011111000001100110100100111001101101111000101000001110101111110100100010001101101111001000110110010000010110000000001101001101001001000000001011010010111001000100001
000000000000000000000
000000000000000000000
000000000000000000000
000000000010000000000
000000000100000000000
000000000110000000000
000000001100100000000
000000100010100000000
000001111110001000000
000010010011010110000
000101000001010001000
000000000000000000000
000000000000000000000
000000000000000000000
000000000000000000000
000000000000000000000
000000000000000000000
000000000000000000000
000000000000000000000
000000000000000000000
000000000000000000000
#
It:20:Diff:30:PSOStep:6:Time:6.309334272:s:AutomataStep:6:Transition:00110100110010100011011011111100111111101100011001111001101011000101110111100000101111001110010010111100011110010101001010101011011011010000011000001111111100111001101100100111101110100101100100010011100011100001101000101100101110011101100110000001101110110101000001111100011011110000111110000101011101011111100101011111001111110100010101010101101000101000000101110001100011011101101101010101001001010111011110100101010010101101111011000111110010000110111001111101001001111100010000101000011111110111001100101001
000000000000000000000
000000000000000000000
000000000000000000000
000000000000000000000
000000000010000000000
000000000011000000000
000000001110100000000
000000001000110000000
000000101100111000000
000000011001001100000
000011011101110010000
000000000000000000000
000000000000000000000
000000000000000000000
000000000000000000000
000000000000000000000
000000000000000000000
000000000000000000000
000000000000000000000
000000000000000000000
000000000000000000000
#
It:21:Diff:27:PSOStep:7:Time:6.534221318:s:AutomataStep:7:Transition:00110100110010100001111010011100101101001000011111111011101011100100110110110000001110001000000010111100011110010101011011001001011111010100001000001111011100111101100110100111001111101011100100010011000110100001001000101101111110011001000110000001011110100101010001011100011111111000111100001111010101010011100100011111001011110100010111110101001000101001000101111101100101111101101100010101011000010111010110101100001010011101111010001101100010000010101101110001001000111100010100001000011101110111001100100001
000000000000000000000
000000000000000000000
000000000000000000000
000000000010000000000
000000000110000000000
000000001011100000000
000000010111000000000
000000100000011000000
000001111101101000000
000010110101011010000
000100000000000101000
000000000000000000000
000000000000000000000
000000000000000000000
000000000000000000000
000000000000000000000
000000000000000000000
000000000000000000000
000000000000000000000
000000000000000000000
000000000000000000000
#
It:27:Diff:22:PSOStep:7:Time:8.05128867:s:AutomataStep:7:Transition:00110111111010101101110010111110111101101000101110111101111101000101100110101000001110010010110000111101010110010011000111001100011101011110000000001100001010011110101110100111001101101001100100000111010000101001001100101101100100011001100010100000111100100101100011111100011011100000111000011111111100010011101101011110011011110000010111010101000010011000000100110100000110111100111100010001001001010111010110100100011010001111111111001101010011000110110011110000100000011100100000011000110000010110000110100001
000000000000000000000
000000000000000000000
000000000000000000000
000000000010000000000
000000000111000000000
000000000111100000000
000000000111010000000
000000111010001000000
000001111011001100000
000011010101111110000
000111011110110101000
000000000000000000000
000000000000000000000
000000000000000000000
000000000000000000000
000000000000000000000
000000000000000000000
000000000000000000000
000000000000000000000
000000000000000000000
000000000000000000000
#
It:31:Diff:15:PSOStep:7:Time:8.992990332:s:AutomataStep:7:Transition:00110110111010111111111010111110111101101110111011111111101111000111110110110000001111101110100010110111010110010111000111011111011111010101001001011111111100111011101111100111001111101001100100000011010100101101001100101101110111011101110010101001110110100101001011010100011011111000111000011111110100011011101111011110001010110000010111110101101010101101001101111101100110111101111100010101011001000111010110101111011011101111111110001111111011010110101001010011100001111111010100011100101110111111000000101001
000000000000000000000
000000000000000000000
000000000000000000000
000000000010000000000
000000000111000000000
000000001001100000000
000000011110110000000
000000101111111000000
000001110001011100000
000011101111011110000
000111111111011111000
000000000000000000000
000000000000000000000
000000000000000000000
000000000000000000000
000000000000000000000
000000000000000000000
000000000000000000000
000000000000000000000
000000000000000000000
000000000000000000000
#
It:77:Diff:14:PSOStep:7:Time:20.049143552:s:AutomataStep:7:Transition:00110000110010011111111010111110101101101110111111111011111001000111110111100010011100111111000000111111110100010011010111101111011110011110001110001111110101111111000111101111111011100010000100010111010111101001011110101101101101011001110010000001110110100101001010011010111011101010101000111111011100111000101111101110011010110010111111110101100010101101010100111100000110101100111101000101011101010111110010101111011011111101011011101111110111010110100101011101101001111111110100100001101110111110001100000001
000000000000000000000
000000000000000000000
000000000000000000000
000000000010000000000
000000000111000000000
000000001000100000000
000000011111110000000
000000101101101000000
000001101010001100000
000010111110101010000
000111101110110111000
000000000000000000000
000000000000000000000
000000000000000000000
000000000000000000000
000000000000000000000
000000000000000000000
000000000000000000000
000000000000000000000
000000000000000000000
000000000000000000000
#
It:82:Diff:13:PSOStep:7:Time:21.274067015:s:AutomataStep:7:Transition:00110000110010110111111010111110101101101010111111101111011000010010110111110010111111111111100010111111110100010010010111101001011111011111001010001111111101111010001110101111111110100011100000010011010111101001011110011101100110001001010010001001111110100101001010001110111011101010111110111101011101111100101111111111011011100010101111110101100111111100000000111010100110101111101101001101010001010111110110100111011011111111011001111111110111010110111101001000101001011011110100100001111111111111101110100001
000000000000000000000
000000000000000000000
000000000000000000000
000000000010000000000
000000000111000000000
000000001111100000000
000000011111110000000
000000111000001000000
000001111001111100000
000010101101011110000
000111011110111111000
000000000000000000000
000000000000000000000
000000000000000000000
000000000000000000000
000000000000000000000
000000000000000000000
000000000000000000000
000000000000000000000
000000000000000000000
000000000000000000000
#
It:92:Diff:12:PSOStep:7:Time:23.570002169:s:AutomataStep:7:Transition:00110100110010111101101010111110111111101010111111101001111111010100110101010010111101111110110110111111010100010110010110101000011111011011001010001111111111101111101111100111101110100011100000000001010111101111011110001101100111011100000110101101110110000001100011111111111011101111111110101101010101111111101111111111001011110001101111110101110101111100100100111010100110101111111100000001010001010011110110110111001010101101111111110111110110010110101101100000101001111011110100111001101111111110101100100000
000000000000000000000
000000000000000000000
000000000000000000000
000000000010000000000
000000000111000000000
000000001000100000000
000000011101110000000
000000101001011000000
000001101011011100000
000010001100111010000
000111111111110111000
000000000000000000000
000000000000000000000
000000000000000000000
000000000000000000000
000000000000000000000
000000000000000000000
000000000000000000000
000000000000000000000
000000000000000000000
000000000000000000000
#
It:95:Diff:10:PSOStep:7:Time:24.254077732:s:AutomataStep:7:Transition:00110101110000110101101010111110101101101010111111101001111001010100110001110010111100011110010110111111010100010000010110101000011010011011001010001111110101100111101111100111101110100011000000000101010111101011011010001101100111011110000110001001110110000001100000000110011010101110101101101101010101111110101110111111011011100000100111010101110101111100001100111010100110101111111101001101010001010011010010100111000010101101111001100111110110010010100101000000101001011011110100100000001101111110101100100000
000000000000000000000
000000000000000000000
000000000000000000000
000000000010000000000
000000000111000000000
000000001010100000000
000000011001010000000
000000100001101000000
000001011001011100000
000010111011101010000
000111010111110101000
000000000000000000000
000000000000000000000
000000000000000000000
000000000000000000000
000000000000000000000
000000000000000000000
000000000000000000000
000000000000000000000
000000000000000000000
000000000000000000000
#
It:219:Diff:10:PSOStep:7:Time:52.785071797:s:AutomataStep:7:Transition:00110101110010111101101011011111111101100011111111111111101101000111110111110010011110111110111010111111010110010101000111001000011111111011000010001111111101101111111110100111001101101011100100011111010111101101111111001101100101011110000110101101111110100101000011010101111011101110111110011111110100111101111111111110011011100001110111110101110101111011000001111110100110111110111101011101010101010011111111100110010011111111111111111111111011010110110111000010001001111111111100111001001101111111001110110001
000000000000000000000
000000000000000000000
000000000000000000000
000000000010000000000
000000000111000000000
000000001100100000000
000000011000110000000
000000101100101000000
000001101011101100000
000010111111111010000
000111111111111111000
000000000000000000000
000000000000000000000
000000000000000000000
000000000000000000000
000000000000000000000
000000000000000000000
000000000000000000000
000000000000000000000
000000000000000000000
000000000000000000000
#
It:235:Diff:9:PSOStep:7:Time:56.39030756:s:AutomataStep:7:Transition:00110101111010111111111011111111111111100111111111101011111001010101110111111010111111111110111110111111010110010111010111001001011111111011000010010111111111111111111111100111001111101011001100011011010111101111111111101101111111011010100110101001111110100101000011101111111011101110111111011111110101111101111111111010001011100111100111110101011101111111111100111111110110111111111101011101010001010111011111100111000010111111111111110111111111000110111111110010001001111111110010111011001101111111001110100001
000000000000000000000
000000000000000000000
000000000000000000000
000000000010000000000
000000000111000000000
000000001100100000000
000000011111110000000
000000111101101000000
000001111001111100000
000010111110111010000
000111111111111111000
000000000000000000000
000000000000000000000
000000000000000000000
000000000000000000000
000000000000000000000
000000000000000000000
000000000000000000000
000000000000000000000
000000000000000000000
000000000000000000000
#
It:258:Diff:9:PSOStep:7:Time:61.608709243:s:AutomataStep:7:Transition:00110001110010111111111011111111101111101011111111101011101100100111110111111010111111111110111110111111010100010011010111101001011111011011001010001111111101111111101111100111101111100011100000011011010111101001011111101101111111011111100110100000111110000101100001101110111011101110111111011111110101111101111110111010001111100111100111110101111110011100010100111111100111111111111101011101010001010111110111110111000010111111111011110111111111010110111101101011001001111111110010111001111101111110001110100001
000000000000000000000
000000000000000000000
000000000000000000000
000000000010000000000
000000000111000000000
000000001100100000000
000000011000110000000
000000101111101000000
000001101101101100000
000010110111111010000
000111011111110111000
000000000000000000000
000000000000000000000
000000000000000000000
000000000000000000000
000000000000000000000
000000000000000000000
000000000000000000000
000000000000000000000
000000000000000000000
000000000000000000000
#
It:318:Diff:7:PSOStep:7:Time:75.529732213:s:AutomataStep:7:Transition:00110001110010111101111010111111101111101111111111101011011001110011110111111010111101111111101110111111010100010111010111101110011111011111001110101111111101110111101111100111111111100011100100010111010111101011111011111101101111011011010010011100110110100001101001001111111011101111111111011111111101111111111111111110011010110111100111111101110111111000111100111111100111111111111101010101011101010111110110111111011011111111111111110111110011010110111101100010101001111001110100011001101111111111011110100001
000000000000000000000
000000000000000000000
000000000000000000000
000000000010000000000
000000000111000000000
000000001110100000000
000000011100110000000
000000101111101000000
000001101001101100000
000010111110111010000
000111111111110111000
000000000000000000000
000000000000000000000
000000000000000000000
000000000000000000000
000000000000000000000
000000000000000000000
000000000000000000000
000000000000000000000
000000000000000000000
000000000000000000000
#
It:396:Diff:6:PSOStep:7:Time:92.656826956:s:AutomataStep:7:Transition:00110101110010111101111010111110111111101110111111101011011101010111110011111010010111111111111110111111010100010010010111101110011110011111001110011111111111110111101111100111011111100011001100010011010111101011011111111101111111011111010110011100111110000001001000001110111010101101111111011111111101111111111111111110001011110111101111110101110001111100011001111110100111111101001101010001010001010111110110111110010011111111111111010111110011010110111101101000101001111111110110101001101111111111111110100001
000000000000000000000
000000000000000000000
000000000000000000000
000000000010000000000
000000000111000000000
000000001000100000000
000000011101110000000
000000101101101000000
000001110001011100000
000010111111111010000
000111111111110111000
000000000000000000000
000000000000000000000
000000000000000000000
000000000000000000000
000000000000000000000
000000000000000000000
000000000000000000000
000000000000000000000
000000000000000000000
000000000000000000000
end
