PSO TRACE
INIT:../../instances/fazia/init.csv
REF:../../instances/fazia/asvn3.csv
DecodingPolicy:CPPNot
MutationPolicy:Std10
ParticleNeighborhood:Fixed
ParticleDims:515
ParticleCount:100
AccP:2.0
AccG:2.0
AccL:1.5
AccI:2.3
Pos:0.0-3.0
Inertia:0.9-0.6
VeloMax:2.0
MaxPSOIteration:250
InertiaDecrFactor:0.0012000000000000001
INIT
000000000000000000000
000000000000000000000
000000000000000000000
000000000000000000000
000000000000000000000
000000000000000000000
000000000000000000000
000000000000000000000
000000000000000000000
000000000000000000000
000000000010000000000
000000000000000000000
000000000000000000000
000000000000000000000
000000000000000000000
000000000000000000000
000000000000000000000
000000000000000000000
000000000000000000000
000000000000000000000
000000000000000000000
REF
000000000000000000000
000000000000000000000
000000000000000000000
000000000010000000000
000000000111000000000
000000001011100000000
000000011111110000000
000000101011111000000
000001111111011100000
000010111110101110000
000111011101110111000
000010111011101110000
000001110111011100000
000000101110111000000
000000011101110000000
000000001011100000000
000000000111000000000
000000000010000000000
000000000000000000000
000000000000000000000
000000000000000000000
Classic CPP Decoder + Not Test
0 :1,2,3,4,
1 :0,2,3,4,
2 :0,1,3,4,
3 :0,1,2,4,
4 :0,1,2,3,
5 :6,7,8,9,
6 :5,7,8,9,
7 :5,6,8,9,
8 :5,6,7,9,
9 :5,6,7,8,
10 :11,12,13,14,
11 :10,12,13,14,
12 :10,11,13,14,
13 :10,11,12,14,
14 :10,11,12,13,
15 :16,17,18,19,
16 :15,17,18,19,
17 :15,16,18,19,
18 :15,16,17,19,
19 :15,16,17,18,
20 :21,22,23,24,
21 :20,22,23,24,
22 :20,21,23,24,
23 :20,21,22,24,
24 :20,21,22,23,
25 :26,27,28,29,
26 :25,27,28,29,
27 :25,26,28,29,
28 :25,26,27,29,
29 :25,26,27,28,
30 :31,32,33,34,
31 :30,32,33,34,
32 :30,31,33,34,
33 :30,31,32,34,
34 :30,31,32,33,
35 :36,37,38,39,
36 :35,37,38,39,
37 :35,36,38,39,
38 :35,36,37,39,
39 :35,36,37,38,
40 :41,42,43,44,
41 :40,42,43,44,
42 :40,41,43,44,
43 :40,41,42,44,
44 :40,41,42,43,
45 :46,47,48,49,
46 :45,47,48,49,
47 :45,46,48,49,
48 :45,46,47,49,
49 :45,46,47,48,
50 :51,52,53,54,
51 :50,52,53,54,
52 :50,51,53,54,
53 :50,51,52,54,
54 :50,51,52,53,
55 :56,57,58,59,
56 :55,57,58,59,
57 :55,56,58,59,
58 :55,56,57,59,
59 :55,56,57,58,
60 :61,62,63,64,
61 :60,62,63,64,
62 :60,61,63,64,
63 :60,61,62,64,
64 :60,61,62,63,
65 :66,67,68,69,
66 :65,67,68,69,
67 :65,66,68,69,
68 :65,66,67,69,
69 :65,66,67,68,
70 :71,72,73,74,
71 :70,72,73,74,
72 :70,71,73,74,
73 :70,71,72,74,
74 :70,71,72,73,
75 :76,77,78,79,
76 :75,77,78,79,
77 :75,76,78,79,
78 :75,76,77,79,
79 :75,76,77,78,
80 :81,82,83,84,
81 :80,82,83,84,
82 :80,81,83,84,
83 :80,81,82,84,
84 :80,81,82,83,
85 :86,87,88,89,
86 :85,87,88,89,
87 :85,86,88,89,
88 :85,86,87,89,
89 :85,86,87,88,
90 :91,92,93,94,
91 :90,92,93,94,
92 :90,91,93,94,
93 :90,91,92,94,
94 :90,91,92,93,
95 :96,97,98,99,
96 :95,97,98,99,
97 :95,96,98,99,
98 :95,96,97,99,
99 :95,96,97,98,
#
It:0:Diff:64:PSOStep:6:Time:0.217799194:s:AutomataStep:6:Transition:01110010111011111110011010110110110001110110100110011110011101100101010111101010100010110001110111110100100111110101110011101110100000100001000111110011111111011110110111111100011001101111100101110110111011010010101110011011100111110011110111111011010111010111011110011110011100011100001111011011111101111001000110111101011101101100001101100111001111100110111010100101111110000010111011110000010101010111011001100010011010100111011101111101010011001111010100100111111000001001010111111110001010110111001111011111
000000000000000000000
000000000000000000000
000000000000000000000
000000000000000000000
000011101010000000000
000011011010000000000
000010100111000000000
000011101111110000000
000011111101111000000
000011101111101100000
000010011110111010000
000000111111010100000
000000000011011000000
000000001111000000000
000000001000100000000
000000000110000000000
000000000010000000000
000000000000000000000
000000000000000000000
000000000000000000000
000000000000000000000
#
It:1:Diff:62:PSOStep:6:Time:0.257617249:s:AutomataStep:6:Transition:01011111111111111010101011111011101111111000111110110111111101100001011111111011100011111100111111110001111010110111111010111111101001000001010101111011110111001111101110111110111011111111110101110110111111010110111110011001101011110011110111111011110111100110111100101111011011010101111111011111111101110111111111111111111101101111101111101111101011011111101110001101101110000010011111111110110101011111110101111010111001111111111001011101000011011111100110100111111010010111011111111110111111110111111111011111
000000000000000000000
000000000000000000000
000000000000000000000
000000000000000000000
000010101010101010000
000010111011101110000
000011111111111110000
000011101111001010000
000010111110111110000
000010101110111110000
000011011111101110000
000000101111111100000
000000111011111000000
000000011111110000000
000000001111100000000
000000000111000000000
000000000010000000000
000000000000000000000
000000000000000000000
000000000000000000000
000000000000000000000
#
It:2:Diff:58:PSOStep:7:Time:0.303753735:s:AutomataStep:7:Transition:00110110111001101111110110011111101101110111111110110101110110101011110000011111011011101111011111100111001111111010111011110111010111101111011010101101111111100111111111010111111111111110110111111110111011111100111110011101101110001001101111011100110111110001011111011110111000110111100010000111111110100101101111111111111100101111001111111111110011111110101010001111101011000001111011110110011101011101010100111101101110111101010010010101010011001100011111110011011101110011110111111111111110110101100111101011
000000000000000000000
000000000000000000000
000000000000000000000
000000000010000000000
000000000111000000000
000000001111100000000
000000011011110000000
000000110101011000000
000000011110111100000
000001111101111110000
000111111110011011000
000011011011010000000
000111111110011100000
000011111000010000000
000111111111110000000
000011011101000000000
000101111111000000000
000100000000000000000
000000000000000000000
000000000000000000000
000000000000000000000
#
It:7:Diff:49:PSOStep:7:Time:0.435565298:s:AutomataStep:7:Transition:00111111111111101111101110111111101100010110101110110111010111110001011111111110111011110111111111111101110101110111110011111100110100110111010111101110111111111111011111111111111011101111110100111111111111110111111111011011101110011011110111111111111111110111111001101111111111011100001111111111111101101101101111111101111110011000101111110101111111110110111110111111111110000111111111110111111111110111101111111011101011111111110111011101011011001110010101110111111011010000110110111110001111011101111011111111
000000000000000000000
000000000000000000000
000000000000000000000
000000000011111111000
000000000111111101000
000000001111111011000
000000011111111010000
000000111111111101000
000001111111111111000
000011111110110011000
000111111110111001000
000010011111011110000
000001111111111100000
000000011111111000000
000000011111110000000
000000000111100000000
000000000111000000000
000000000010000000000
000000000000000000000
000000000000000000000
000000000000000000000
#
It:10:Diff:40:PSOStep:7:Time:0.508887165:s:AutomataStep:7:Transition:00110110111111001111000010100100110001100110110001101101111100000110010111011110010110000111110110110101100011010100010110111111000011011011101100110001101111011101111001010010011110101101100111111110111011110010111101011111111101010001101111111101100111100011001110011111011000011110100010011001011100001101100111111110111111101101011011001101011011100100001000010101001010110010101110110010010101011001011000110100011110111101010100101100000111101111110000110111011101110110111111111111110011110110101110011010
000000000000000000000
000000000000000000000
000000000000000000000
000000000010000000000
000000000100000000000
000000001011100000000
000000011100000000000
000000101111000000000
000001111011101100000
000010100011101110000
000111001011111111000
000010101010011000000
000001100100001100000
000000110101110000000
000000011100110000000
000000001010000000000
000000000111000000000
000000000000000000000
000000000000000000000
000000000000000000000
000000000000000000000
#
It:11:Diff:35:PSOStep:7:Time:0.549557482:s:AutomataStep:7:Transition:00110110111111001111011010100100110001101110110001101101110100110110011111011110011111101111101111110101100111010100011110110111000011011011100101111001111111011101111111010110011111101101100111111011111011111011011111011111111101011001111111101101110111100011001110111111111011111110100010111101011101001111101111111110111111101111011011001111111011101101011011010101001010110111101111110010011101111111001000111011111111111101011100111110000111101111111010111111111001111110111101111101110011111110001111011010
000000000000000000000
000000000000000000000
000000000000000000000
000000000010000000000
000000000110000000000
000000001101100000000
000000011101010000000
000000101111011000000
000001111101001000000
000010111100011110000
000111000111111011000
000011100111111010000
000001111010010100000
000000111111101000000
000000011111010000000
000000001111100000000
000000000111000000000
000000000000000000000
000000000000000000000
000000000000000000000
000000000000000000000
#
It:13:Diff:26:PSOStep:7:Time:0.603852481:s:AutomataStep:7:Transition:00100110111111111111100011100110110001111110111111111111111111110111111110011111011011101111111111111110101011110100111111101011100000101011110111111111111111101111111101011011111111111111111111111011111011110011111111110111111101011011111111111111110111110101011111111111101011011110101110011101111110111111111111111111111111111111011111100111101011111111111110111011111011111111111111011001111111111111101110111010011111111101011011111111010111111111011111010111011111110101101111111111101010111111011111011011
000000000000000000000
000000000000000000000
000000000000000000000
000000000010000000000
000000000111000000000
000000001111100000000
000000010111110000000
000000111111111000000
000001111111111100000
000010111111111110000
000111111110111111000
000011111111011010000
000001111111111100000
000000111111111000000
000000011111100000000
000000001100000000000
000000000111000000000
000000000010000000000
000000000000000000000
000000000000000000000
000000000000000000000
#
It:23:Diff:25:PSOStep:7:Time:0.872071582:s:AutomataStep:7:Transition:00110111111110101111101111011100111001110110110111111111110110110011110111011011111111011111111101111110111111110101111111111111101010101011011111011101111011101111111111110111111111111111111110111111011011110011001111110111111111011011111011111111111111110100011111011111001010011110000110011111111101101001100111111101111111111111011111101111101111111011110110011111111010010010111111110011110011111111011111111010001111111101111111011100010111111101111101111111011111011111011011111111111011111111100111111011
000000000000000000000
000000000000000000000
000000000000000000000
000000000010000000000
000000000111000000000
000000001111100000000
000000011111110000000
000000111111111000000
000001111111111100000
000011101111111110000
000111100111111111000
000011011111110110000
000001111111111100000
000000111101111000000
000000011111110000000
000000001111100000000
000000000111000000000
000000000010000000000
000000000000000000000
000000000000000000000
000000000000000000000
#
It:27:Diff:18:PSOStep:7:Time:1.001307363:s:AutomataStep:7:Transition:00110111111110111011101101111100111001111110110111110111110111110011110101011011111111010111111111111110110111110001111111111101100000101011011101101001110110111011111111001010111011111111111111111111111011010011001111100111110011011011001011000111111111110101011111011100111001111110001110011111111101101001111111111001111111111111011111101111101011001011110110111011111111010110111111110011111011111111011111101010001111111111011011011001000101111101111111111111011111111001011101101111101011111110010111111011
000000000000000000000
000000000000000000000
000000000000000000000
000000000010000000000
000000000111000000000
000000001111100000000
000000011111110000000
000000111111111000000
000001110111111100000
000011111111101110000
000111011101111011000
000011111010101110000
000001111111111100000
000000111110011000000
000000011011110000000
000000001111100000000
000000000111000000000
000000000010000000000
000000000000000000000
000000000000000000000
000000000000000000000
#
It:65:Diff:17:PSOStep:7:Time:1.982307438:s:AutomataStep:7:Transition:00110111111110111111101101111100111101111110110111110111110111110011110111011011111111110111111111111110111111110101111111111101100000111011011101111001111111111011111111001110111111111111111111111111111111111011111111110111111111011001011011111111111111110101111111111101111111111110001110011111111111111001111111111001111111111111011111101111101011101011111110111111111111011011111111110011111111111111111111111010001111111111011010111101011001111101111111111101111111111011111111111111101011111111010111111011
000000000000000000000
000000000000000000000
000000000000000000000
000000000010000000000
000000000111000000000
000000001111100000000
000000011111110000000
000000111011111000000
000001111111111100000
000011111111111110000
000111110111111011000
000010111011010110000
000001111111111100000
000000101110111000000
000000011111110000000
000000001011100000000
000000000111000000000
000000000010000000000
000000000000000000000
000000000000000000000
000000000000000000000
#
It:171:Diff:15:PSOStep:7:Time:4.965599245:s:AutomataStep:7:Transition:00100110111111101111101111111100110001111110110111011111111111110111110110011111111111011111110110111101110111110101111111111101101011101010111101111101111111110111111101111011111111011111111110110111111111110011101111110111111011011011111011111111111111110111111111111011111101111110100110111010011111101101111111111101111111110111101111100011101011101011110010111101111111011111111011110111111001111111111011110110001111111111011011101000011111011100111110111111111111111001111110111111010011111111101111111011
000000000000000000000
000000000000000000000
000000000000000000000
000000000010000000000
000000000111000000000
000000001111100000000
000000011111110000000
000000111011111000000
000001111111111100000
000011101110111110000
000111111111111111000
000010111111111110000
000001111111111100000
000000101111111000000
000000011111110000000
000000001011100000000
000000000111000000000
000000000010000000000
000000000000000000000
000000000000000000000
000000000000000000000
end
