PSO TRACE
INIT:../../instances/fazia/init.csv
REF:../../instances/fazia/asm1.csv
DecodingPolicy:Nibble
MutationPolicy:Std
ParticleNeighborhood:EDist
ParticleDims:146
ParticleCount:100
AccP:2.0
AccG:2.0
AccL:1.5
AccI:2.3
Pos:0.0-3.0
Inertia:0.9-0.6
VeloMax:2.0
MaxPSOIteration:500
InertiaDecrFactor:6.000000000000001E-4
INIT
000000000000000000000
000000000000000000000
000000000000000000000
000000000000000000000
000000000000000000000
000000000000000000000
000000000000000000000
000000000000000000000
000000000000000000000
000000000000000000000
000000000010000000000
000000000000000000000
000000000000000000000
000000000000000000000
000000000000000000000
000000000000000000000
000000000000000000000
000000000000000000000
000000000000000000000
000000000000000000000
000000000000000000000
REF
000000000000000000000
000000000000000000000
000000000000000000000
000110000000000000000
000111000000000000000
000011010000000000000
000010110100000000000
000011111101100000000
000010011011100000000
000001101110111100000
000001111101001010000
000000110111111110000
000001110110101110000
000000110111010010000
000000011111011010000
000000001101110110000
000000000110101110000
000000000011110111000
000000000000000000000
000000000000000000000
000000000000000000000
Nibble Decoder
#
It:0:Diff:82:PSOStep:7:Time:0.169235564:s:AutomataStep:7:Transition:01100010100011100010101000100100001001101010101010101110111010000000100010100110100011001010100010001110100000101000000010001100101011001110011001100100001001101100000001100000010001100100001011001010000011100100100001001100000011000110011010001110101000001010110011100010100011000110101011001010100001101100101011001010111001001010110010100010001011100000100000000100111010000110010001100110011011101010010001001110011010001100011000100110110010101110110010101000101000000000101011001000101010101010101010000100
000000000000000000000
000000000000000000000
000000000000000000000
000110101010000000000
000100101010000000000
000001000011000000000
000100110101000000000
000001000000100000000
000101111101100000000
000010000111100000000
000101110000100000000
000010001010001000000
000001011001011000000
000000111101111100000
000000010100011100000
000000001010001100000
000000000110011010000
000000000011110111000
000000000000000000000
000000000000000000000
000000000000000000000
#
It:1:Diff:69:PSOStep:7:Time:0.373869527:s:AutomataStep:7:Transition:01000010100000100100100000101000001011001000010000001000111001000010100010101010011001000110100011000110010000100000000011001110101001000100110010000110001000100110010001100000111011000110001011100010011000101110000010000110111001100010100011101000011001001100111000101100100011101000101000000010001000100100010000001000111001101010010010100010011010100000011000100110111011000110000010101010000010101010010001101110101010100100100010100110110001100100000001001000100001100010101000001010010001001010100010001010
000000000000000000000
000000000000000000000
000000000000000000000
000100000000000000000
000100000000000000000
000011110000000000000
000101000100000000000
000011000110000000000
000110110111001000000
000001100110100000000
000101110001101000000
000010000010000100000
000001001000100000000
000000111100010100000
000000010000001100000
000000001001110010000
000000000111110000000
000000000011101011000
000000000000000000000
000000000000000000000
000000000000000000000
#
It:90:Diff:63:PSOStep:7:Time:6.536890547:s:AutomataStep:7:Transition:01000010011001101000001001101110101000001110110011100010011010100100100000100000100001001010111011100110111001001110000011001110101011100000101011101110110001101110111001000100000001101110000011000100010001100100111001101110100001100110010011100000010001101110000001101100100011101000101011100010011010000110011010101010100001100110111010101010011001000110010001100000010011101110001000100010011001000100111010100100001001100110011000101010111011101010111001100100110010000110111001001000000010100110110010000110
000000000000000000000
000000000000000000000
000000000000000000000
000100000000000000000
000011100000000000000
000011100000000000000
000000010110000000000
000001000010100000000
000000011110110000000
000000100011110000000
000000010001101010000
000000000010110100000
000000000110101010000
000000000001001100000
000000000110010010000
000000000101001000000
000000000010010111000
000000000011110111000
000000000000000000000
000000000000000000000
000000000000000000000
#
It:154:Diff:59:PSOStep:7:Time:10.672748925:s:AutomataStep:7:Transition:01100100011001101000101001001110111001001110110011100110010011100100001010101110011011101110111010000110111011101110111011101100110011101010111011101110111001101110111010001110101010001110110010001110100001100100111001101110001001000110101011101010011010101110111001100100010011100010000011100110011000001110001000101010000001100110111011100100011001100110111001101000000011100100100001100110000001101110111011101000111001101000011011001010011000101100111001100100011010000100100011101110111011100100000011000110
000000000000000000000
000000000000000000000
000000000000000000000
000110000000000000000
000001000000000000000
000011100000000000000
000001011100000000000
000001001110110000000
000000101110100000000
000010111110010000000
000001000000101000000
000001101111111000000
000000111110101100000
000000010110101100000
000000011011011000000
000000001101101110000
000000000110011011000
000000000010101011000
000000000000000000000
000000000000000000000
000000000000000000000
#
It:203:Diff:58:PSOStep:7:Time:14.067093968:s:AutomataStep:7:Transition:01100100010000101010000010001110111001001110111011100010001000100000011010001110010000001010111011000100110011101110111011101110111011101000101011001110111001001110111000000000100010101110111010101110000011101100100001001110010000100100010000000110001001101110111000101110111011101110110011100100011011001000000000101110111001000100111011101010010001100100110001101010101011100100100001001110010001001110110010001110010001000000001011101100010000101110111001001110010011001100101010001110111010100100111010100100
000000000000000000000
000000000000000000000
000000000000000000000
000110000000000000000
000011000000000000000
000011000000000000000
000011100000000000000
000001111100000000000
000001100110000000000
000000001111000000000
000001101111100000000
000000000110110000000
000000111100110000000
000000000110111000000
000000011000111000000
000000001100001110000
000000000110101011000
000000000011110111000
000000000000000000000
000000000000000000000
000000000000000000000
#
It:264:Diff:57:PSOStep:7:Time:17.918388323:s:AutomataStep:7:Transition:01100100010001001100000010101100111011001100110011000100011001000100010011001100010011001000110011000100110011001100110011001100110011001100110011001100110001001100110011001100110011001100110010000010110001000100110001101100010001000100101000101010010001001100110001001010010010000100101011000100000011001100011001001100110001000100110011000010010001000100110010101000111011000100110001000100110001001100110011001100000001001010011001001100010001001100110001100100010011001000110011001100110011000100101000000100
000000000000000000000
000000000000000000000
000000000000000000000
000110000000000000000
000011000000000000000
000010100000000000000
000010110100000000000
000010100100000000000
000010101010000000000
000010111100110000000
000010010001010011000
000011001110110001000
000001100110111101000
000000110011000110000
000000011010010101000
000000001101000100000
000000000111011111000
000000000011110111000
000000000000000000000
000000000000000000000
000000000000000000000
#
It:303:Diff:55:PSOStep:7:Time:20.40922632:s:AutomataStep:7:Transition:01100100010001101110110010001110110000001110110011100100010001000110010011001110010011101000111010100100111011101110111011101110111011101110111011101110111001001110111011101110111011101110110011100100111001000100111001000000011000100100000000000010001001001100111001001110010010000110001011101110100011101100101000101110110001000100111011101100010001000100111011001100010011100100010001000110111001001110000011101110010001001010111001001110010011101110111011100100010010001000111011101110111011100100111000100100
000000000000000000000
000000000000000000000
000000000000000000000
000110000000000000000
000011000000000000000
000010000000000000000
000010010000000000000
000010001110000000000
000010010010000000000
000010100111110000000
000010111010010000000
000011010111010000000
000001100110011100000
000000110010101000000
000000011011001110000
000000001101000100000
000000000111011111000
000000000011110111000
000000000000000000000
000000000000000000000
000000000000000000000
#
It:370:Diff:53:PSOStep:7:Time:24.696737397:s:AutomataStep:7:Transition:01000100010010001000001011101100110011001100101011000100010001000010010011001100000011001110110011000100110010100000110011001010110011001100110011001100110001001100110011101100110011001100110011000110101001001110001001001110111000100100110000001110010000001010110001001110010000001100001011000100101010101100011011101100101001000100110011001100010000000100110001001100010010000100101001001110110001001100110011000000010001000000010000101100010010001100110001000100111000000000110010001100110011000110110010100100
000000000000000000000
000000000000000000000
000000000000000000000
000100000000000000000
000011000000000000000
000011010000000000000
000010101100000000000
000010001101000000000
000010000111010000000
000011110100110000000
000010010101000001000
000011011101100001000
000001100110101101000
000000110010000000000
000000011011011101000
000000001101000100000
000000000101101111000
000000000011110111000
000000000000000000000
000000000000000000000
000000000000000000000
#
It:382:Diff:52:PSOStep:7:Time:25.505934762:s:AutomataStep:7:Transition:01000100010001000010100010101110111010101110111011100100010001100100010011101110011011100000111011000100111011001110111011101110111011101110111011101110111001001110101011001110111011101110111011100100110001000010001001000010010000000100110000000010111001101110111001001110010011101000011011100010011011001100111010001110111001000110111011100100010001000100111010101100010011100110010000100010110001001110111010001110011001000000010011101110011011101110111011100100010011000110111011101110110011101110111011000100
000000000000000000000
000000000000000000000
000000000000000000000
000100000000000000000
000001000000000000000
000010110000000000000
000000110000000000000
000001000001000000000
000000011111100000000
000000101111110000000
000000010100000001000
000000010111101011000
000000010110111101000
000000010110101010000
000000011110100011000
000000001101001110000
000000000101100111000
000000000011110111000
000000000000000000000
000000000000000000000
000000000000000000000
#
It:411:Diff:51:PSOStep:7:Time:27.356743768:s:AutomataStep:7:Transition:01000100010001101010111011101110111011101110110011100100010001000100010010101110000011100000111011000100111011100010111011101110111011101110111011101110111001001110101011101110111011101110111011100010100001000100101001000110110001000100111011100100100001001000111001001110010011100010111011100010000011101110111011101110111001100110111011000110010001000100111000001110001011100100010001000010011001001110011001001100001001000000010010000000000010001110111001000100010010001100111001001110111011100100111011100100
000000000000000000000
000000000000000000000
000000000000000000000
000100000000000000000
000011000000000000000
000010010000000000000
000010010000000000000
000011010101000000000
000010011101000000000
000000100011110100000
000001100000111111000
000001000100100111000
000001100101111111000
000000110100100110000
000000011110000011000
000000001101000110000
000000000110110111000
000000000011110111000
000000000000000000000
000000000000000000000
000000000000000000000
end
