PSO TRACE
INIT:../../instances/fazia/init.csv
REF:../../instances/fazia/asm2.csv
DecodingPolicy:CPP2:CDLE2
MutationPolicy:Std
ParticleNeighborhood:Fixed
ParticleDims:515
ParticleCount:100
AccP:2.0
AccG:2.0
AccL:1.5
AccI:2.3
Pos:0.0-3.0
Inertia:0.9-0.6
VeloMax:2.0
MaxPSOIteration:500
InertiaDecrFactor:6.000000000000001E-4
INIT
000000000000000000000
000000000000000000000
000000000000000000000
000000000000000000000
000000000000000000000
000000000000000000000
000000000000000000000
000000000000000000000
000000000000000000000
000000000000000000000
000000000010000000000
000000000000000000000
000000000000000000000
000000000000000000000
000000000000000000000
000000000000000000000
000000000000000000000
000000000000000000000
000000000000000000000
000000000000000000000
000000000000000000000
REF
000000000000000000000
000000000000000000000
000000000000000000000
000100000000000000000
000100000000000000000
000010111111000000000
000100001110100000000
000111111111010000000
000001100001011000000
000110101111010100000
000101101100111110000
000010100011110010000
000011111111110010000
000011000111110010000
000110110111011010000
000111101101110010000
000111100111100010000
000111111111111111000
000000000000000000000
000000000000000000000
000000000000000000000
Classic CPP Decoder
0 :1,2,3,4,
1 :0,2,3,4,
2 :0,1,3,4,
3 :0,1,2,4,
4 :0,1,2,3,
5 :6,7,8,9,
6 :5,7,8,9,
7 :5,6,8,9,
8 :5,6,7,9,
9 :5,6,7,8,
10 :11,12,13,14,
11 :10,12,13,14,
12 :10,11,13,14,
13 :10,11,12,14,
14 :10,11,12,13,
15 :16,17,18,19,
16 :15,17,18,19,
17 :15,16,18,19,
18 :15,16,17,19,
19 :15,16,17,18,
20 :21,22,23,24,
21 :20,22,23,24,
22 :20,21,23,24,
23 :20,21,22,24,
24 :20,21,22,23,
25 :26,27,28,29,
26 :25,27,28,29,
27 :25,26,28,29,
28 :25,26,27,29,
29 :25,26,27,28,
30 :31,32,33,34,
31 :30,32,33,34,
32 :30,31,33,34,
33 :30,31,32,34,
34 :30,31,32,33,
35 :36,37,38,39,
36 :35,37,38,39,
37 :35,36,38,39,
38 :35,36,37,39,
39 :35,36,37,38,
40 :41,42,43,44,
41 :40,42,43,44,
42 :40,41,43,44,
43 :40,41,42,44,
44 :40,41,42,43,
45 :46,47,48,49,
46 :45,47,48,49,
47 :45,46,48,49,
48 :45,46,47,49,
49 :45,46,47,48,
50 :51,52,53,54,
51 :50,52,53,54,
52 :50,51,53,54,
53 :50,51,52,54,
54 :50,51,52,53,
55 :56,57,58,59,
56 :55,57,58,59,
57 :55,56,58,59,
58 :55,56,57,59,
59 :55,56,57,58,
60 :61,62,63,64,
61 :60,62,63,64,
62 :60,61,63,64,
63 :60,61,62,64,
64 :60,61,62,63,
65 :66,67,68,69,
66 :65,67,68,69,
67 :65,66,68,69,
68 :65,66,67,69,
69 :65,66,67,68,
70 :71,72,73,74,
71 :70,72,73,74,
72 :70,71,73,74,
73 :70,71,72,74,
74 :70,71,72,73,
75 :76,77,78,79,
76 :75,77,78,79,
77 :75,76,78,79,
78 :75,76,77,79,
79 :75,76,77,78,
80 :81,82,83,84,
81 :80,82,83,84,
82 :80,81,83,84,
83 :80,81,82,84,
84 :80,81,82,83,
85 :86,87,88,89,
86 :85,87,88,89,
87 :85,86,88,89,
88 :85,86,87,89,
89 :85,86,87,88,
90 :91,92,93,94,
91 :90,92,93,94,
92 :90,91,93,94,
93 :90,91,92,94,
94 :90,91,92,93,
95 :96,97,98,99,
96 :95,97,98,99,
97 :95,96,98,99,
98 :95,96,97,99,
99 :95,96,97,98,
#
It:0:Diff:95:PSOStep:8:Time:1.782170119:s:AutomataStep:8:Transition:01000001010110011011101100101100110101111111010011111001110101001100100111010011001011111000000011001010101111011110011110110111011110100110101110000101101001100111001110101101100110001100110001010001101011100001101111010100111111111111101111000000111101101111000100011000101110111001011101110000111000011100101100011011001111011001000100010110010001110011101100101100001111001011001100110011100010111101000011001011101011010101111011010110000100111110111011001010111110110110000110001000100010110101111101011100
000000000000000000000
000000000000000000000
001000000000000000000
000010000000000000000
001010100000000000000
000110011000000000000
001000100100000000000
000011001000000000000
001011011011000000000
000110000100110000000
001001011100101000000
000010000001010100000
001011101011011100000
000110011111110000000
001001111101111110000
000010010110011011000
001110101000110010000
000011011011011011000
001000000000000000100
000000000000000000000
000000000000000000000
#
It:1:Diff:93:PSOStep:7:Time:2.334146774:s:AutomataStep:7:Transition:00100110000010011001100101111111110111110111011011010000110010111100110110110011111000011001000011101110101111010110011101010111111110110011011111010111111011000011101110101001101010101110100101011011001011100110110011111100111111011110111111001000111001111101001100111010001101110101011001110001111100010110111100001010110101101000000100000101010011001011100100000111010011101111100100010010101111111101110011111101011111010100111111100100010100101110001010101110011110010010001110011011000011100011111101011011
000000000000000000000
000000000000000000000
000000000000000000000
000000000010000000000
000000000011000000000
000000000110100000000
000000000011010000000
000000001101111000000
000000000101011100000
000000011100010000000
000000011001101101000
000000110111011110000
000000011100011101000
000000001100101110000
000000111101110111000
000011011010111110000
000011111011010001000
000111111111111111000
000000000000000000000
000000000000000000000
000000000000000000000
#
It:2:Diff:90:PSOStep:8:Time:2.645253768:s:AutomataStep:8:Transition:00010111000011110011011010111011000111011111000111101011100001111100000111111101001001011001111011010110101111011111010110110100111011000001100111001111111011100011100110111111111111111110100101100111111111001101111111001110111110111111110011001010111100101111010111011011110110111011011111011100010000000111100100100011011101011111101100010100000011111010001111101111010110100011111100110011100011111111111011001101111010000001000011001000000100101111001010011111001110101010000110011111010011100111101110111100
000000000000000000000
000000000000000000000
000000000000000000000
000000000000000000000
000000000111000000000
000000000111000000000
000000001000010000000
000000000111011000000
000000001001011100000
000000001100110100000
000000111001110000000
000000001001000110000
000000101011110110000
000001110101110010000
000010001001111000000
000001010100010100000
000000011110111110000
000111010111010110000
001000000010000000100
000000000000000000000
000000000000000000000
#
It:3:Diff:82:PSOStep:7:Time:2.9253242:s:AutomataStep:7:Transition:00010101000110111011111010111010110110111111010111111111110011111100100110111111101011011001001011010110001111011111010110111110111111100011001010001001111011100101100110111111111101111110110101100111011111011101111111001100101110111111111111001010111111101101010111111011011110111011011111110101010100000111100100001011111111011111101110010101010011011011101111101111010111101011101100110011101011111111111011000111011010011001110011111111100100101111101010001111011110100000000010011111110010100111111111111111
000000000000000000000
000000000000000000000
000000000000000000000
000000000000000000000
000000000000000000000
000000000000000000000
000000000000000000000
000000001101000000000
000000001110110000000
000000011101111100000
000000011111111111000
000000111010100010000
000000101011110111000
000000011111110010000
000000101101101111000
000011110110010110000
000011010101010111000
000111111111111111000
000000000000000000000
000000000000000000000
000000000000000000000
#
It:5:Diff:78:PSOStep:7:Time:3.50921446:s:AutomataStep:7:Transition:01010110001111101001010111011101011100010110000110000001110110111100000100100011001011010010110010000100001111001011011110111011100111000001001111011101101011010111100010110011010001000111100100001111110111000101010000101011000100011110100001000010111000001101000110010000100100110101010100111001011100000001000110010000111011100000000011010100000111010011001111101111000000010011110000010010101111110111110011010111011010001001111010011000101000111010001101011101011111110010000010010001110001101000001110101101
000000000000000000000
000000000000000000000
000000000000000000000
000100000000000000000
000011001000000000000
000110011000000000000
000011101100000000000
000100101100000000000
000010110100000000000
000111111000000000000
000011101100000000000
000101110001100000000
000011110001000000000
000111000011111000000
000011100111111000000
000100000110100000000
000010101101001010000
000111111111111111000
000000000000000000000
000000000000000000000
000000000000000000000
#
It:9:Diff:75:PSOStep:7:Time:4.621706791:s:AutomataStep:7:Transition:00010110001111101011011110111010010110110110101111001010001011111100000110111101001100011111011011111111100111000111010100011110111111000001011111111100101111001001101110111111110101101100100001000111001101000101111101011110111101011111110011001010111000001101001110111010110110110110011111011101011000100010000100001000111101011111001101110100000111010010000001001011000101010011111100111011100111111111111011010001111111001000100011101111000101111110001011111110100110011101010010010101011011101011011110101010
000000000000000000000
000000000000000000000
000000000000000000000
000000000000000000000
000000000000000000000
000000000000000000000
000000000000000000000
000000001111000000000
000000001011000000000
000000011111011100000
000000011110111100000
000000110010111100000
000000110011111100000
000000010111011100000
000000100111111100000
000011010101010100000
000001010111101010000
000111111111111111000
000000000000000000000
000000000000000000000
000000000000000000000
#
It:21:Diff:73:PSOStep:7:Time:7.930039782:s:AutomataStep:7:Transition:00010110011111101011011110111010011110111110001110101011101001111100010110111101001100011111111011111111100111001111010110011110111111010001011011001100101111111000101110111111111101101101110001011111001101000101110101001110111101011111110001001110111001001101111111111011110010111111111111011101011000101100101110100110111101111111101111110101000111011010010101001111000101010011111100111011100111111111111111010101111111000100010111101001101111111111111001011010100111011111010010011101011011110011111110001110
000000000000000000000
000000000000000000000
000000000000000000000
000000000000000000000
000000000000000000000
000000000000000000000
000000000111000000000
000000010011110000000
000000100010101000000
000001000001110000000
000001110011010100000
000010011011111110000
000001011101110010000
000001111110000010000
000011110010000010000
000010111111110000000
000001100110101010000
000111111111111111000
000000000000000000000
000000000000000000000
000000000000000000000
#
It:23:Diff:72:PSOStep:7:Time:8.49080265:s:AutomataStep:7:Transition:00100111011011011011111111011010011110111110101111111111100001011010100111111111011011111011111011011110101110111111000111111111111111010111110011001101111011110110101110111111111111110101110111111101110111101101111101111111111110111011111101001010111111101101111011011111111011111111001111010111110110011101100110101111111111101100101110100111101101011111111111100111100111001111111101111111111110011111011111110111101111011101110111111101101010101011011111011011111101111011011010001111111111110111111111111111
000000000000000000000
000000000000000000000
000000000000000000000
000000000010000000000
000000000011000000000
000000001111100000000
000000001110110000000
000000111111101000000
000000111101101000000
000011101101001100000
000011101111111100000
000011111111111110000
000011111101110000000
000011101100101000000
000011111100111000000
000011110111111100000
000010111101110110000
000111011101110111000
000000000000000000000
000000000000000000000
000000000000000000000
#
It:26:Diff:62:PSOStep:7:Time:9.265082208:s:AutomataStep:7:Transition:01110101001011111011011111011010001111111111001111111111111001111110100111111111011001111001111011011011001110111111011111111101111111011111111111001101101011110111111101111111111111110111110101111110100111111111111101001111111110111111100101001010111111011111011011011111111111110111111111111111111010011111111110100111111111011100101110101101101011111111101111101111111111101111111101111111110110011101101111110111101111011001110011111001101110101011001111111111111111111111011000011001011111110111111110111111
000000000000000000000
000000000000000000000
000000000000000000000
000110000000000000000
000011100000000000000
000111111000000000000
000001111110000000000
000110111111100000000
000001111011111000000
000110111110111110000
000001111111111010000
000110101110111010000
000001110111111110000
000111111111111110000
000001101111001110000
000101101110111010000
000001110111101010000
000111111111111111000
000000000000000000000
000000000000000000000
000000000000000000000
#
It:33:Diff:59:PSOStep:7:Time:11.02071951:s:AutomataStep:7:Transition:01110101000011111001001110111000011011111110011010110111111010101010110101111111011011011111011011010111001111011111010110000001111101010011111011001001111011111101101110111011111101110101110101111111111111001101100110001010010101111111111101001010001011101101111011011011111010111111111111111101111110001010110110100111111101111101101111100101100111111111101101101111000111111011111001111011101111111111001111010101111111011101010011101011101111101011001011011010101101111010110010011111111111110111111110000010
000000000000000000000
000000000000000000000
000000000000000000000
000110000000000000000
000010000000000000000
000111111000000000000
000001011110000000000
000111011110000000000
000011111011100000000
000111111111011000000
000001111111010110000
000110101011010110000
000011010011110110000
000111110011110110000
000010110011001010000
000110111011110110000
000001101111111110000
000111111111111111000
000000000000000000000
000000000000000000000
000000000000000000000
#
It:166:Diff:57:PSOStep:7:Time:44.657304391:s:AutomataStep:7:Transition:01010111111101111111001111111010011111111110111110110111111000101011110100111111111001011001011011110111001101111111011111011111111111110111011111001111111011111101111110111111110111100111110101101111111011111111100011101100111101111101101101101010011111101111111111110111111110111111111111111111111110011110010110100111111101001101100110100111001111011111111111101111011011111100101101111101111111011111101111011101111111000101110001101011111010101111101111011011111101111111111010011111111001110111011110001011
000000000000000000000
000000000000000000000
000000000000000000000
000100000000000000000
000111111110000000000
000010101011000000000
000111111110100000000
000111111111010000000
000111111110011000000
000110101011000100000
000011101100011110000
000000011110100110000
000111101110110110000
000111101101011110000
000111111100011110000
000111111111100110000
000111111111111010000
000111111111111111000
000000000000000000000
000000000000000000000
000000000000000000000
#
It:197:Diff:57:PSOStep:7:Time:52.625686687:s:AutomataStep:7:Transition:01010011111100111111000110111001011111111011101110100111111101111011110100011111111100010001101011110011001101011100011111011010110111110111011111001110111011111101111010111111110101111111110001101111011011111111101011111000111101101101101111101010011111001111111111011111100010111111111111111111111100011110001110100111111101101101100110110111111111011111100111001110011011111100011101011101101111001111101111001100111011000101110111101010111001101011101111111011110101110011111010011101111001010111001110001011
000000000000000000000
000000000000000000000
000000000000000000000
000100000000000000000
000111111110000000000
000010111001000000000
000111001010100000000
000111110111110000000
000100111000101000000
000111111111010100000
000000111101010110000
000000100111001110000
000110111101101110000
000101010111110110000
000111011111011110000
000110110101111010000
000111111111111010000
000111111111111111000
000000000000000000000
000000000000000000000
000000000000000000000
#
It:213:Diff:56:PSOStep:7:Time:56.652557898:s:AutomataStep:7:Transition:01000111110111011101111111011010011111111011101111100111111111111010110111101111111110011111011001000011011100011011011111111011111111011111110111001111111111110101101010111111010101111100110101111111000011011111110111111110111101111111101100101010001011101111111001010111100111111111111111111111111110111110001110100100101101111111101110100110110111111001110101101111110111101011111001110111101111111011001111110111111111010101110001111011101110101111100011011111110111111011101010011101011111010101101111011111
000000000000000000000
000000000000000000000
000000000000000000000
000100000000000000000
000111111110000000000
000110111111000000000
000111011111100000000
000111111001110000000
000111110111101000000
000110000111110100000
000111111100111110000
000111111111000110000
000111110111111110000
000110001111111110000
000111111111111110000
000111110111110010000
000110101010101010000
000111111111111111000
000000000000000000000
000000000000000000000
000000000000000000000
#
It:264:Diff:56:PSOStep:7:Time:69.713648046:s:AutomataStep:7:Transition:01010110111110111011111111111010011011111111101110100111111101011110110111111111011011011111111010100011001100011111011111111010111110011111110110001111111110111101101110111111111111011110110101111111100101111111110011111110011101111111110100101010001111101111111011010011111111110111111111111111001110111110001110100111111101111111101110101111111111111111111101101111100111101111110001110111101111111101001111111111111111011101110001110001101110101111100011011111110111111001111010011101011111010111111111011111
000000000000000000000
000000000000000000000
000000000000000000000
000100000000000000000
000111101000000000000
000111111111000000000
000111011100100000000
000111111011010000000
000111111101111000000
000111111001100100000
000111000110101110000
000111110111111010000
000111100111011110000
000111111010110010000
000111110111111010000
000111111011110010000
000110101011111110000
000111111111111111000
000000000000000000000
000000000000000000000
000000000000000000000
#
It:290:Diff:55:PSOStep:7:Time:76.028946366:s:AutomataStep:7:Transition:01010111111110111111101111111000011110111111111110100111111101111011111111111111111011011001111010110111101101011101011111111110110111111111111111001111111111111101110010111111111111111110110101101111101011111111110011111110111111111111110101101010001111101111111011110111110010100111111111111111111110111110000110100111111101111101101110101111111111111010110111101111110011111111111101111111101111111111101111110111111111001101110001101010011110101111110111011111110111111101111010011111110111010111111111001111
000000000000000000000
000000000000000000000
000000000000000000000
000100000000000000000
000111111110000000000
000111111111000000000
000111111100100000000
000111111111010000000
000111111011111000000
000111111110110100000
000111111010101010000
000111111011110110000
000111101011110110000
000111111101110110000
000111110011011110000
000111111111110010000
000111111111111110000
000111111111111111000
000000000000000000000
000000000000000000000
000000000000000000000
#
It:307:Diff:53:PSOStep:7:Time:80.365289609:s:AutomataStep:7:Transition:01000111110011011101111111111010011111111111001111100111111011111010000110001101111011001111111001010110011100011011011110101000111111110111110111101111111111110101111110111111011101111100110100111111100001011111110110101110001101111101101100001010101011101111111001010011111011111110111111111111111110111110011110100101101101111111101111100111101111111111100101101110111111101011111001111111101111111111001111110111011111011101110011101011101111001111101001011111100111111011101000011101111111010101101111011111
000000000000000000000
000000000000000000000
000000000000000000000
000100000000000000000
000111111110000000000
000110111111000000000
000000111101100000000
000110111110110000000
000001111111101000000
000110011110110100000
000001101111111110000
000110110011110110000
000011110111110110000
000111101100100110000
000011111111111110000
000111101110100010000
000111101111111110000
000111111111111111000
000000000000000000000
000000000000000000000
000000000000000000000
#
It:362:Diff:53:PSOStep:7:Time:94.390443294:s:AutomataStep:7:Transition:01110101010011011111000100111010011111111111101111101110111101111110010111101111111011011110111011010111101110010111011110101000111111011101100111001110111101110101111110010111111101111101110101111111111101001111111110101110010101111011101110101110111111111111111111111000111011111111101111101101111110011010101110110110111111111001001111111101101101111110110100101111011110110011111001010111101111011111011111000111001111011101110111111011111101001001001001111111101110101110111000011001111110110111011111111111
000000000000000000000
000000000000000000000
000000000000000000000
000110000000000000000
000001100000000000000
000111111100000000000
000000111111000000000
000111111011010000000
000001101001111000000
000111111101110100000
000000100110011110000
000111011111101110000
000001111111111110000
000111100011111110000
000000011111111010000
000111101111110010000
000011101111111110000
000111111111111111000
000000000000000000000
000000000000000000000
000000000000000000000
#
It:435:Diff:52:PSOStep:7:Time:112.667042731:s:AutomataStep:7:Transition:01010110100011011101111111000110001110111111111011101110111111111010010101111001011001010010111011111111101111111101011111111110101111001111111111000111111111110101111100011111111101111111110100110111110101101110110011111110100110011110111100001110101111101111001111101111111111101111111110111111101110011010111101110101111111011111101110101101101001111111111111101111110110111011111000111111111111111101011111011111111111011111110111011001111101101111110101011111111111111111010010011111110101110111111001111111
000000000000000000000
000000000000000000000
000000000000000000000
000100000000000000000
000111101000000000000
000011011111000000000
000101010101100000000
000111111100110000000
000001000011111000000
000101111111110100000
000111111100011110000
000111111110111010000
000011011110110110000
000111100110110110000
000110110010110010000
000011111111111010000
000101111111111110000
000111111111111111000
000000000000000000000
000000000000000000000
000000000000000000000
end
