PSO TRACE
INIT:../../instances/fazia/init.csv
REF:../../instances/fazia/asvn3.csv
DecodingPolicy:Nibble
MutationPolicy:Std
ParticleNeighborhood:Fixed
ParticleDims:146
ParticleCount:100
AccP:2.0
AccG:2.0
AccL:1.5
AccI:2.3
Pos:0.0-3.0
Inertia:0.9-0.6
VeloMax:2.0
MaxPSOIteration:500
InertiaDecrFactor:6.000000000000001E-4
INIT
000000000000000000000
000000000000000000000
000000000000000000000
000000000000000000000
000000000000000000000
000000000000000000000
000000000000000000000
000000000000000000000
000000000000000000000
000000000000000000000
000000000010000000000
000000000000000000000
000000000000000000000
000000000000000000000
000000000000000000000
000000000000000000000
000000000000000000000
000000000000000000000
000000000000000000000
000000000000000000000
000000000000000000000
REF
000000000000000000000
000000000000000000000
000000000000000000000
000000000010000000000
000000000111000000000
000000001011100000000
000000011111110000000
000000101011111000000
000001111111011100000
000010111110101110000
000111011101110111000
000010111011101110000
000001110111011100000
000000101110111000000
000000011101110000000
000000001011100000000
000000000111000000000
000000000010000000000
000000000000000000000
000000000000000000000
000000000000000000000
Nibble Decoder
0 :1,2,3,4,
1 :0,2,3,4,
2 :0,1,3,4,
3 :0,1,2,4,
4 :0,1,2,3,
5 :6,7,8,9,
6 :5,7,8,9,
7 :5,6,8,9,
8 :5,6,7,9,
9 :5,6,7,8,
10 :11,12,13,14,
11 :10,12,13,14,
12 :10,11,13,14,
13 :10,11,12,14,
14 :10,11,12,13,
15 :16,17,18,19,
16 :15,17,18,19,
17 :15,16,18,19,
18 :15,16,17,19,
19 :15,16,17,18,
20 :21,22,23,24,
21 :20,22,23,24,
22 :20,21,23,24,
23 :20,21,22,24,
24 :20,21,22,23,
25 :26,27,28,29,
26 :25,27,28,29,
27 :25,26,28,29,
28 :25,26,27,29,
29 :25,26,27,28,
30 :31,32,33,34,
31 :30,32,33,34,
32 :30,31,33,34,
33 :30,31,32,34,
34 :30,31,32,33,
35 :36,37,38,39,
36 :35,37,38,39,
37 :35,36,38,39,
38 :35,36,37,39,
39 :35,36,37,38,
40 :41,42,43,44,
41 :40,42,43,44,
42 :40,41,43,44,
43 :40,41,42,44,
44 :40,41,42,43,
45 :46,47,48,49,
46 :45,47,48,49,
47 :45,46,48,49,
48 :45,46,47,49,
49 :45,46,47,48,
50 :51,52,53,54,
51 :50,52,53,54,
52 :50,51,53,54,
53 :50,51,52,54,
54 :50,51,52,53,
55 :56,57,58,59,
56 :55,57,58,59,
57 :55,56,58,59,
58 :55,56,57,59,
59 :55,56,57,58,
60 :61,62,63,64,
61 :60,62,63,64,
62 :60,61,63,64,
63 :60,61,62,64,
64 :60,61,62,63,
65 :66,67,68,69,
66 :65,67,68,69,
67 :65,66,68,69,
68 :65,66,67,69,
69 :65,66,67,68,
70 :71,72,73,74,
71 :70,72,73,74,
72 :70,71,73,74,
73 :70,71,72,74,
74 :70,71,72,73,
75 :76,77,78,79,
76 :75,77,78,79,
77 :75,76,78,79,
78 :75,76,77,79,
79 :75,76,77,78,
80 :81,82,83,84,
81 :80,82,83,84,
82 :80,81,83,84,
83 :80,81,82,84,
84 :80,81,82,83,
85 :86,87,88,89,
86 :85,87,88,89,
87 :85,86,88,89,
88 :85,86,87,89,
89 :85,86,87,88,
90 :91,92,93,94,
91 :90,92,93,94,
92 :90,91,93,94,
93 :90,91,92,94,
94 :90,91,92,93,
95 :96,97,98,99,
96 :95,97,98,99,
97 :95,96,98,99,
98 :95,96,97,99,
99 :95,96,97,98,
#
It:0:Diff:77:PSOStep:5:Time:0.439614564:s:AutomataStep:5:Transition:01101010111000100000010010001110000010100100101010100000000001101100001011100110010001000000011001000110000010001100010001101000110001000110100000001110101011001010000001100100111010100000110000100010100010100010000001001110101011101010100011100110111001001000110010101100010010001000100001100110000001001110111010000000110010000010010000001010111001000010001011100000100001000010000011101110000010001110000000101010010011100100111000001000001011100000110010100010110010001100110000000010000001001100011011100000
000000000000000000000
000000000000000000000
000000000000000000000
000000000000000000000
000000000000000000000
000001110111101100000
000001001000010000000
000001001011101100000
000001101010101000000
000001111110001100000
000001000111010000000
000001100101101100000
000001000000011000000
000001101000001100000
000001001001001000000
000001110101101100000
000000000000000000000
000000000000000000000
000000000000000000000
000000000000000000000
000000000000000000000
#
It:1:Diff:68:PSOStep:7:Time:0.899447077:s:AutomataStep:7:Transition:00101110110010101000101000001000111001101010000010000000101010000000010010000110000010001010010011100000011000001010110001001110100011100000000000000110000000001010111011000110111011100110001000001000000010001100110001101100111011100100000010100100000010000000011001101100100011000110000011000000001011101110100001100000000010000010100010001000010011100000100010001000010010000110000010100000111000001000000001000100100011101100100001000000010011100010000011001000111000000000110000000010000011001000000011101000
000000000000000000000
000000000000000000000
000000000000000000000
000000000000000011000
000000000000111011000
000000000110000010000
000000000101000111000
000000000100100010000
000000100110110111000
000011000110100010000
000111100101110111000
000011010100000010000
000001000111101100000
000000100000011000000
000000011101110000000
000000001101100000000
000000000111000000000
000000000010000000000
000000000000000000000
000000000000000000000
000000000000000000000
#
It:6:Diff:66:PSOStep:7:Time:1.321322158:s:AutomataStep:7:Transition:00100110101011000100100000100100110000100010001010001000010001000010010001000100010001000010001010000010001000101110010000100100010000100010001000100010000011100010101011000100110000101110101000101010001001000010100001000100010001000110000001001110100010000010101001001100010011000010010001100000100001000100010000100010111011000010010001001100100001101010010000000110001011001100001001000010001001001000001001101010110011001000101000100010001001100100001010100100011001000010101000101100001001001000001000100110
000000000000000000000
000000000000000000000
000000000000000000000
000000000010000000000
000000000101000000000
000000001101000000000
000000000111000000000
000000100000111000000
000001110010011100000
000011000110001010000
000100000011000001000
000000000011001100000
000000000000000000000
000000000000000000000
000000000000000000000
000000000000000000000
000000000000000000000
000000000000000000000
000000000000000000000
000000000000000000000
000000000000000000000
#
It:12:Diff:63:PSOStep:6:Time:1.810250789:s:AutomataStep:6:Transition:00100010100010001000100000101010111000100100010011000100110010100010101001000100100010000100010001000010010001000010110000100100100001001100001010101100000000100110100010001000011001000010100001101000101010000010100010001100110010001010100001001110110011100100000010001000111001100100101000100100010010101000101011100010010001100010000011001010100000101000111011000010010000101010001010000000010010001010001011001010110001000010110000100010001000101100110000001010100010101100111001000100010011100000001010000100
000000000000000000000
000000000000000000000
000000000000000000000
000000000000000000000
000000000010000000000
000000000001000000000
000000001111100000000
000000000001110000000
000000000001011000000
000001000001100100000
000010001100001110000
000001100011001100000
000000110111000000000
000000011001110000000
000000001110100000000
000000000111000000000
000000000010000000000
000000000000000000000
000000000000000000000
000000000000000000000
000000000000000000000
#
It:13:Diff:54:PSOStep:7:Time:1.912309552:s:AutomataStep:7:Transition:00100010010011000000100011101110100011100100101010000100100010000010100011101000100010001110001011000010011001001010110000000110100011101110001001101000111000101110101000101000100000100100100011100010111010000010100010001000101000000010100011001110011001100010111001001000100010001110101000001110110010001000010011100010100011100000111011101110110000100010110010000010111011100010111011101110111011101110001010101100111010001110100001000010001000001000100000101110001011001110111010000010111010001100111000101110
000000000000000000000
000000000000000000000
000000000000000000000
000000000010000000000
000000000001000000000
000000000001100000000
000000000100010000000
000000000100111000000
000000010101010100000
000000000001100010000
000001000001110001000
000001000100000110000
000001011101011100000
000000100000111000000
000000011001110000000
000000001111100000000
000000000101000000000
000000000010000000000
000000000000000000000
000000000000000000000
000000000000000000000
#
It:25:Diff:53:PSOStep:7:Time:2.868306193:s:AutomataStep:7:Transition:00100010101010100010100010001110100011101010001010000000100011000010100000001000100001100100001011000010000011001010111010101100110010001110001000000100111000101100100010101000100000100000110011000010010010000000100011001000000011100010100010001110100011100010001000101110100010001110111010101000101010000100101010101110100000001010001001100010100000100010111011000100100001000010101011001010011001000010001010100100101010001110101000001110001000001000011010101110101010001000111010000100110010001000111001101110
000000000000000000000
000000000000000000000
000000000000000000000
000000000010000000000
000000000001000000000
000000000000000000000
000000010111000000000
000000001111100000000
000001010000001100000
000011100001010010000
000100001101100001000
000011110001000110000
000001101000011100000
000000110100111000000
000000000100110000000
000000001001100000000
000000000101000000000
000000000010000000000
000000000000000000000
000000000000000000000
000000000000000000000
#
It:34:Diff:51:PSOStep:7:Time:3.608889284:s:AutomataStep:7:Transition:00100010101001000100011001100000111000100000011001100000011011000010011011001010011000001010010011100010010011001100111001101110101001100010001001100000111000101000011000100110011011100100101001100010100001100100011011001010111000001110000000001000101010000010111010000010111001100010110010101010110010000110011001100010000010100000011011100010011000100010001001101100011000100010001011100000011000001110001010000000100001100010011000101000000000000000101011000010011001100110111000000100111001100110010000101110
000000000000000000000
000000000000000000000
000000000000000000000
000000000010000000000
000000000001000000000
000000000111100000000
000000000100010000000
000000000001111000000
000001001001010100000
000000101110001110000
000111101110010101000
000001111011011010000
000000100010110100000
000000010000101000000
000000011000010000000
000000000100100000000
000000000101000000000
000000000010000000000
000000000000000000000
000000000000000000000
000000000000000000000
#
It:36:Diff:43:PSOStep:7:Time:3.792756925:s:AutomataStep:7:Transition:00100010100001000100100010001010100011000100001010000000101010000010110001001000100000000010001000000010110001101110110000000000100010000010001000101000011011100000110011001000100000100010000001000010000011001100100010001000010000100000100010100000100010000010111011100100100000000010000010100100000010101100100000001100101011000000111000100010101000100010101010000010000000000100001000101000000010000000001000001100110010001000100000101110001000001100100010000100011001101000010010000010111010001000011000100000
000000000000000000000
000000000000000000000
000000000000000000000
000000000010000000000
000000000101000000000
000000001110100000000
000000011001010000000
000000111001101000000
000001010110110100000
000011100101001010000
000101000100010101000
000010100010000110000
000001000011000100000
000000101100100000000
000000010101100000000
000000001011100000000
000000000101000000000
000000000010000000000
000000000000000000000
000000000000000000000
000000000000000000000
#
It:39:Diff:41:PSOStep:7:Time:4.075434728:s:AutomataStep:7:Transition:00100010100010000010100010101010100011101110000010000010010010000010100000101000100011100100011010100010100001100010101000100110110010000000001000101000100010100000100001001000110000100010100001100010010010001010100010001000000001000110111000100000101010000010111000100100100011000010010011000100101011101000100010101010110010000010001000000010100000100010111010000010111011100110001011101100001010000000001010100010110011101000100000100100001000101000011010100010101010001000001010000110110010001000100000101100
000000000000000000000
000000000000000000000
000000000000000000000
000000000010000000000
000000000101000000000
000000001110100000000
000000001100010000000
000000110101111000000
000001011010010100000
000011100110100010000
000100010010111111000
000010111011001110000
000000000110011000000
000000011100101000000
000000010101010000000
000000001010100000000
000000000101000000000
000000000010000000000
000000000000000000000
000000000000000000000
000000000000000000000
#
It:62:Diff:39:PSOStep:7:Time:5.752926985:s:AutomataStep:7:Transition:00100010110001101010101011000100101001001110010010000010011010000010011010101000110010101000001001000010010011101010110000000110101010000100001000000010111000001100010011001000110011000100111000100010000011101110100011001110000001000010010001101100100001100010101000000000111011100110110010000110110000001110010001000000100011001010001010100010101010100010000010000010101011101110000001001110100010100010001011001100001010101110011000000110010000101000001001100010011010001000110011001000101010001010010011100110
000000000000000000000
000000000000000000000
000000000000000000000
000000000010000000000
000000000111000000000
000000000100100000000
000000011111110000000
000000100010101000000
000001111000111100000
000011001100001010000
000110111101101011000
000010000010101010000
000001101011110100000
000000000000100000000
000000011101110000000
000000001010100000000
000000000111000000000
000000000010000000000
000000000000000000000
000000000000000000000
000000000000000000000
#
It:108:Diff:37:PSOStep:7:Time:9.263061544:s:AutomataStep:7:Transition:00100010101010001100100011000110011011100010001011001110110011000010110010101100100010001000001001000000000001000010110001001000110011001100001011100000101000100110100011101000100011101100011001001110000011101010100011101000010000100010010010000000101011000010001001001000101011101110011010001100100011100110101001100010100010000100111001100010100011100010111010100010100001100010011001001000100011000010001011001110110010000110110000101110001011101100111010100010011010001110111011101000110010100010000010001100
000000000000000000000
000000000000000000000
000000000000000000000
000000000010000000000
000000000111000000000
000000001110100000000
000000011001010000000
000000001100101000000
000000000100010100000
000011110100100110000
000110010001011110000
000010111001101010000
000001100100011000000
000000101110111000000
000000011001100000000
000000001010100000000
000000000110000000000
000000000010000000000
000000000000000000000
000000000000000000000
000000000000000000000
#
It:213:Diff:20:PSOStep:7:Time:17.010644842:s:AutomataStep:7:Transition:00100010101010001000100000101000110010000010000011001000011010000010110001101010100011001000001000101000001010001000001010001110100001101010001010100010101000100110100011001000100011000100110000000100001000000100111000100000101000100010010010100100100011000010000010101100100010001010110011000110100000101110000001000010101011001000001010101010100010000010100010000010100000100000001000100100110001101010001000101000011010001100011001100000010000100010011010001010010010000110001011100010001010000110000000100110
000000000000000000000
000000000000000000000
000000000000000000000
000000000010000000000
000000000111000000000
000000001110100000000
000000011101110000000
000000111011101000000
000001111111011100000
000011100110111010000
000111010111110111000
000010111110101110000
000001111100011100000
000000100100111000000
000000001101110000000
000000001011100000000
000000000111000000000
000000000010000000000
000000000000000000000
000000000000000000000
000000000000000000000
end
