PSO TRACE
INIT:../../instances/fazia/init.csv
REF:../../instances/fazia/asvn3.csv
DecodingPolicy:Nibble
MutationPolicy:Std
ParticleNeighborhood:Fixed
ParticleDims:146
ParticleCount:100
AccP:2.0
AccG:2.0
AccL:1.5
AccI:2.3
Pos:0.0-3.0
Inertia:0.9-0.6
VeloMax:2.0
MaxPSOIteration:500
InertiaDecrFactor:6.000000000000001E-4
INIT
000000000000000000000
000000000000000000000
000000000000000000000
000000000000000000000
000000000000000000000
000000000000000000000
000000000000000000000
000000000000000000000
000000000000000000000
000000000000000000000
000000000010000000000
000000000000000000000
000000000000000000000
000000000000000000000
000000000000000000000
000000000000000000000
000000000000000000000
000000000000000000000
000000000000000000000
000000000000000000000
000000000000000000000
REF
000000000000000000000
000000000000000000000
000000000000000000000
000000000010000000000
000000000111000000000
000000001011100000000
000000011111110000000
000000101011111000000
000001111111011100000
000010111110101110000
000111011101110111000
000010111011101110000
000001110111011100000
000000101110111000000
000000011101110000000
000000001011100000000
000000000111000000000
000000000010000000000
000000000000000000000
000000000000000000000
000000000000000000000
Nibble Decoder
0 :1,2,3,4,
1 :0,2,3,4,
2 :0,1,3,4,
3 :0,1,2,4,
4 :0,1,2,3,
5 :6,7,8,9,
6 :5,7,8,9,
7 :5,6,8,9,
8 :5,6,7,9,
9 :5,6,7,8,
10 :11,12,13,14,
11 :10,12,13,14,
12 :10,11,13,14,
13 :10,11,12,14,
14 :10,11,12,13,
15 :16,17,18,19,
16 :15,17,18,19,
17 :15,16,18,19,
18 :15,16,17,19,
19 :15,16,17,18,
20 :21,22,23,24,
21 :20,22,23,24,
22 :20,21,23,24,
23 :20,21,22,24,
24 :20,21,22,23,
25 :26,27,28,29,
26 :25,27,28,29,
27 :25,26,28,29,
28 :25,26,27,29,
29 :25,26,27,28,
30 :31,32,33,34,
31 :30,32,33,34,
32 :30,31,33,34,
33 :30,31,32,34,
34 :30,31,32,33,
35 :36,37,38,39,
36 :35,37,38,39,
37 :35,36,38,39,
38 :35,36,37,39,
39 :35,36,37,38,
40 :41,42,43,44,
41 :40,42,43,44,
42 :40,41,43,44,
43 :40,41,42,44,
44 :40,41,42,43,
45 :46,47,48,49,
46 :45,47,48,49,
47 :45,46,48,49,
48 :45,46,47,49,
49 :45,46,47,48,
50 :51,52,53,54,
51 :50,52,53,54,
52 :50,51,53,54,
53 :50,51,52,54,
54 :50,51,52,53,
55 :56,57,58,59,
56 :55,57,58,59,
57 :55,56,58,59,
58 :55,56,57,59,
59 :55,56,57,58,
60 :61,62,63,64,
61 :60,62,63,64,
62 :60,61,63,64,
63 :60,61,62,64,
64 :60,61,62,63,
65 :66,67,68,69,
66 :65,67,68,69,
67 :65,66,68,69,
68 :65,66,67,69,
69 :65,66,67,68,
70 :71,72,73,74,
71 :70,72,73,74,
72 :70,71,73,74,
73 :70,71,72,74,
74 :70,71,72,73,
75 :76,77,78,79,
76 :75,77,78,79,
77 :75,76,78,79,
78 :75,76,77,79,
79 :75,76,77,78,
80 :81,82,83,84,
81 :80,82,83,84,
82 :80,81,83,84,
83 :80,81,82,84,
84 :80,81,82,83,
85 :86,87,88,89,
86 :85,87,88,89,
87 :85,86,88,89,
88 :85,86,87,89,
89 :85,86,87,88,
90 :91,92,93,94,
91 :90,92,93,94,
92 :90,91,93,94,
93 :90,91,92,94,
94 :90,91,92,93,
95 :96,97,98,99,
96 :95,97,98,99,
97 :95,96,98,99,
98 :95,96,97,99,
99 :95,96,97,98,
#
It:0:Diff:69:PSOStep:7:Time:0.401579627:s:AutomataStep:7:Transition:00100010111010001100011000001110101011000100100010000110101001100000000001001110111011001010000010100010110001101100100001001010110000101000101000101110111000000100110000101100111011101110010000000000001001100010011010101110010010101010110011000100010011101010111000101000111001000110100011001100011010000110001000100100001010001110001010000100010001101100010011100000011000000000101011000110000011101110001001100010011011000110000001001010011000000000010010100100111010001000011000000000010011001110110001000110
000000000000000000000
000000000000000000000
000000000000000000000
000000000010000000000
000000000111000000000
000000001001000000000
000000011011010000000
000000100110011000000
000001100000001100000
000010000010010110000
000110010110010001000
000010111001101011000
000000011100001011000
000000000001011011000
000000000100111101000
000000000000000011000
000000000000001011000
000000000000000011000
000000000000000000000
000000000000000000000
000000000000000000000
#
It:1:Diff:64:PSOStep:7:Time:0.799836973:s:AutomataStep:7:Transition:01100010101000101110011000101010110000000010001001100100001011100010011001001010110000001010001000000000001011101000001010100000111010100010001000101010101000001110101000100110110011001010001011101110001000001110110010101010101001101110111010101110110000000010010000100000101000001010001010101100110001001110011010101100000001101100001000100010111010100110101011100010000000100000001010101100001001101010011011001010101001101000110011000110111010001010111010101000000000101000000011000110000011101000101010101000
000000000000000000000
000000000000000000000
000000000000000000000
000110101010000000000
000110101011000000000
000010111011100000000
000001010010110000000
000000100110101000000
000000111110001000000
000000111000000010000
000001100000001101000
000000111110101010000
000000001001000100000
000000001011101000000
000000001011010000000
000000000110100000000
000000000111000000000
000000000010000000000
000000000000000000000
000000000000000000000
000000000000000000000
#
It:4:Diff:53:PSOStep:7:Time:1.094906144:s:AutomataStep:7:Transition:00100010010001000100001000001100111010001100010011000000000001100100111010001110111010001110001000101100111011000000001010100100110010100100010001000100001010101000100001100010001011001110010010000100011011000010100001000010000001000100010001000110111000100010001001000100001001000010001001000010110001100010101011100100100000101100001010001000010000000010110000100000010011001110100011001000110010001000010001101000111001000000110001000100101010100010101010001010011011100010000000101000010001101010100010101100
000000000000000000000
000000000000000000000
000000000000000000000
000000000010000000000
000000000001000000000
000000001110100000000
000000001100010000000
000000001000111000000
000000100100000000000
000000011101111010000
000001000001000001000
000000110111000010000
000000100010010100000
000000101010001000000
000000011101110000000
000000000100100000000
000000000101000000000
000000000010000000000
000000000000000000000
000000000000000000000
000000000000000000000
#
It:12:Diff:51:PSOStep:7:Time:1.75559186:s:AutomataStep:7:Transition:00100010010010001100101000101110111001000010001010001110100001000010111000101000111000100100010011001110101011101110001011101110111010100010111000100010111011101110001011100010001011101110001010101110010011101110111000101110001000001110111011100100101001000000110011101000010001001110011011101110001011101110011011101110000000101110001000100110000011000010010011000010010001101000001011101110001011101110000011101110010011101110111000001000100000101010111011101010100000101110010011101000111001101110111011100110
000000000000000000000
000000000000000000000
000000000000000000000
000000000010000000000
000000000011000000000
000000000111100000000
000000001100110000000
000000001010111000000
000000000110101100000
000000000110101110000
000000000101100011000
000000000000101010000
000000000010110100000
000000000110101000000
000000000011010000000
000000000010100000000
000000000011000000000
000000000010000000000
000000000000000000000
000000000000000000000
000000000000000000000
#
It:26:Diff:50:PSOStep:7:Time:2.816351509:s:AutomataStep:7:Transition:00100010101001001000001000101110111000000010001010001110010000100010111000100110111000100110001000001110011001101010001011101110010010000010111000100010111011101110001001000010001000001110001010001110111011100100111000101110001011101110111001000100100011100000001011001110100001101110101011101110001011101110010001001110111000101110001000100010010000000010101011100010000001001000001011101110001011101110111001001110011011100100111011001100000000101010111011100110001000100110100011101010111001101110111011100010
000000000000000000000
000000000000000000000
000000000000000000000
000000000010000000000
000000000111000000000
000000000100100000000
000000011000110000000
000000111110001000000
000001100011101100000
000010000111110010000
000111111110000111000
000001011111111100000
000000010011111100000
000000001000100000000
000000010001010000000
000000000011000000000
000000000111000000000
000000000000000000000
000000000000000000000
000000000000000000000
000000000000000000000
#
It:29:Diff:49:PSOStep:7:Time:3.067609839:s:AutomataStep:7:Transition:00100010101000100000001000101100111010100010001001101110100000000010110000100110111011001110001000101110001010100010001011101110111000100010110000100010010010101110001001000010001011101110001010001110101000001100111000101110111001101110111011101110011001100100011011101110111000101110101011100100001011100100001011101110111011101110001000100010011011001000111011001100111011000100001011101100110011101110111011101100001011101110111011100010110000101110111011100010001000101100101011100000111001101110111000000010
000000000000000000000
000000000000000000000
000000000000000000000
000000000010000000000
000000000101000000000
000000000001100000000
000000011001110000000
000000001101111000000
000001010000000100000
000000011001100010000
000110111111000101000
000011110000110110000
000001100100010100000
000000010000111000000
000000011100100000000
000000001110100000000
000000000001000000000
000000000010000000000
000000000000000000000
000000000000000000000
000000000000000000000
#
It:41:Diff:46:PSOStep:7:Time:4.00061396:s:AutomataStep:7:Transition:00100010110001001100001000100100111011100010001011001110001000000010010000101000000001100110011001101110011000101010001011101110111011100010000000100010111010001110001000000010001010000100001000001110101011101010111000101110101010100100111000001110001000000100001011001110111000101110001011101110001001001110110011101110000010001110001000100010101011100010111010100110111011101100001011001110011011100100010001001010001010101110111011000100010000101110111011001110001000100100001011101000111010001010111001000010
000000000000000000000
000000000000000000000
000000000000000000000
000000000010000000000
000000000111000000000
000000000000100000000
000000010001110000000
000000101110101000000
000001000101001100000
000001011110101010000
000111100110011111000
000010110001000110000
000001001000101100000
000000001100111000000
000000000101010000000
000000001000100000000
000000000001000000000
000000000010000000000
000000000000000000000
000000000000000000000
000000000000000000000
#
It:46:Diff:33:PSOStep:7:Time:4.427600501:s:AutomataStep:7:Transition:00100010110000101100100000100000111010000010001001101110001011100010000001000010111000100010101011001110011000101110001001101110111011100010010010000010111011101110001011100010001011101110001011101110111011101110111000101110001011001110111011101010000010100100000001101110001011101110111011101110001000001110001011101110110000101110001000101010001010100010001000000010110000100100001000001110001011101100111010000000101011101110000011100010111000100010111011101010001000101110011011100010010000101110101011101100
000000000000000000000
000000000000000000000
000000000000000000000
000000000010000000000
000000000111000000000
000000001010100000000
000000011000110000000
000000100000101000000
000001111101101100000
000010000000101010000
000111011011110111000
000000101000101110000
000000000111011100000
000000001100111000000
000000010001010000000
000000000010100000000
000000000111000000000
000000000010000000000
000000000000000000000
000000000000000000000
000000000000000000000
#
It:70:Diff:26:PSOStep:7:Time:6.239492207:s:AutomataStep:7:Transition:00100010100000001100001000100000111010001010001001100000001011000010000000100010111011000010001011101110110000101110001011001110111011100010001000100010010011101110001011100010001011001110001000101110000000001110111000101110001011101110110011101010010000100100111001001100001000101110110011101110100011101000001011101110000000101110001000101100110011000010101000001100100000100010110000001110100011101110111000101100010011101010111000000010011000101100111011101010001000101110101011101000111011001110101011101110
000000000000000000000
000000000000000000000
000000000000000000000
000000000010000000000
000000000111000000000
000000001011100000000
000000011111110000000
000000101000111000000
000001110001101100000
000010111111101110000
000111111001110111000
000010110011010010000
000001111010111100000
000000111100101000000
000000000111110000000
000000001010100000000
000000000111000000000
000000000010000000000
000000000000000000000
000000000000000000000
000000000000000000000
#
It:467:Diff:22:PSOStep:7:Time:37.011604988:s:AutomataStep:7:Transition:00100010101011101100001000101110111011001000001000101110001010000010010000100010111011100010001011101110010000101110001011001110111011100010010000100010101011101110001011100010001011001110001000101110000010001110111000101110001000101110011011100000010000100100011010100000001000101110100011101110100001100000001011101110000000101110001000101100000011100010001011101110100000100010111001001110100011100110111001001100011011100110111011000010100000101110111011100100001000101110001011100110111011001110110011101010
000000000000000000000
000000000000000000000
000000000000000000000
000000000010000000000
000000000111000000000
000000001111100000000
000000011111110000000
000000101010111000000
000001110111011100000
000011111011111110000
000111111101100111000
000010101000001010000
000001111100000100000
000000101110101000000
000000011111110000000
000000001010100000000
000000000111000000000
000000000010000000000
000000000000000000000
000000000000000000000
000000000000000000000
end
