PSO TRACE
INIT:../../instances/fazia/init.csv
REF:../../instances/fazia/asvn3.csv
DecodingPolicy:Nibble
MutationPolicy:Std
ParticleNeighborhood:Fixed
ParticleDims:146
ParticleCount:100
AccP:2.0
AccG:2.0
AccL:1.5
AccI:2.3
Pos:0.0-3.0
Inertia:0.9-0.6
VeloMax:2.0
MaxPSOIteration:500
InertiaDecrFactor:6.000000000000001E-4
INIT
000000000000000000000
000000000000000000000
000000000000000000000
000000000000000000000
000000000000000000000
000000000000000000000
000000000000000000000
000000000000000000000
000000000000000000000
000000000000000000000
000000000010000000000
000000000000000000000
000000000000000000000
000000000000000000000
000000000000000000000
000000000000000000000
000000000000000000000
000000000000000000000
000000000000000000000
000000000000000000000
000000000000000000000
REF
000000000000000000000
000000000000000000000
000000000000000000000
000000000010000000000
000000000111000000000
000000001011100000000
000000011111110000000
000000101011111000000
000001111111011100000
000010111110101110000
000111011101110111000
000010111011101110000
000001110111011100000
000000101110111000000
000000011101110000000
000000001011100000000
000000000111000000000
000000000010000000000
000000000000000000000
000000000000000000000
000000000000000000000
Nibble Decoder
0 :1,2,3,4,
1 :0,2,3,4,
2 :0,1,3,4,
3 :0,1,2,4,
4 :0,1,2,3,
5 :6,7,8,9,
6 :5,7,8,9,
7 :5,6,8,9,
8 :5,6,7,9,
9 :5,6,7,8,
10 :11,12,13,14,
11 :10,12,13,14,
12 :10,11,13,14,
13 :10,11,12,14,
14 :10,11,12,13,
15 :16,17,18,19,
16 :15,17,18,19,
17 :15,16,18,19,
18 :15,16,17,19,
19 :15,16,17,18,
20 :21,22,23,24,
21 :20,22,23,24,
22 :20,21,23,24,
23 :20,21,22,24,
24 :20,21,22,23,
25 :26,27,28,29,
26 :25,27,28,29,
27 :25,26,28,29,
28 :25,26,27,29,
29 :25,26,27,28,
30 :31,32,33,34,
31 :30,32,33,34,
32 :30,31,33,34,
33 :30,31,32,34,
34 :30,31,32,33,
35 :36,37,38,39,
36 :35,37,38,39,
37 :35,36,38,39,
38 :35,36,37,39,
39 :35,36,37,38,
40 :41,42,43,44,
41 :40,42,43,44,
42 :40,41,43,44,
43 :40,41,42,44,
44 :40,41,42,43,
45 :46,47,48,49,
46 :45,47,48,49,
47 :45,46,48,49,
48 :45,46,47,49,
49 :45,46,47,48,
50 :51,52,53,54,
51 :50,52,53,54,
52 :50,51,53,54,
53 :50,51,52,54,
54 :50,51,52,53,
55 :56,57,58,59,
56 :55,57,58,59,
57 :55,56,58,59,
58 :55,56,57,59,
59 :55,56,57,58,
60 :61,62,63,64,
61 :60,62,63,64,
62 :60,61,63,64,
63 :60,61,62,64,
64 :60,61,62,63,
65 :66,67,68,69,
66 :65,67,68,69,
67 :65,66,68,69,
68 :65,66,67,69,
69 :65,66,67,68,
70 :71,72,73,74,
71 :70,72,73,74,
72 :70,71,73,74,
73 :70,71,72,74,
74 :70,71,72,73,
75 :76,77,78,79,
76 :75,77,78,79,
77 :75,76,78,79,
78 :75,76,77,79,
79 :75,76,77,78,
80 :81,82,83,84,
81 :80,82,83,84,
82 :80,81,83,84,
83 :80,81,82,84,
84 :80,81,82,83,
85 :86,87,88,89,
86 :85,87,88,89,
87 :85,86,88,89,
88 :85,86,87,89,
89 :85,86,87,88,
90 :91,92,93,94,
91 :90,92,93,94,
92 :90,91,93,94,
93 :90,91,92,94,
94 :90,91,92,93,
95 :96,97,98,99,
96 :95,97,98,99,
97 :95,96,98,99,
98 :95,96,97,99,
99 :95,96,97,98,
#
It:0:Diff:79:PSOStep:6:Time:0.428730516:s:AutomataStep:6:Transition:01100000111000000110001001000100101010000000111000000000111000000100110011100010110000001100011000000010001001000000011001001110100001100110001010001010001011101010000010001010101001001000100011100100001011100000011011000010100011100010010000101010011011000000101010000010000000101000011000100100011010100000001010001000001011000010111010000000111000001110010001000000111000100110111011001100100001101110011011000100100011101110111011001010010001100110111001101010110001001110000010001000001001101000101010000110
000000000000000000000
000000000000000000000
000000000000000000000
000000000000000000000
000010000000000000000
000010000000000000000
000010100010000000000
000010100000010000000
000010001000101000000
000010011111000100000
000010101010000010000
000000100101000100000
000000111110101000000
000000000111010000000
000000001010100000000
000000000011000000000
000000000010000000000
000000000000000000000
000000000000000000000
000000000000000000000
000000000000000000000
#
It:1:Diff:77:PSOStep:5:Time:0.780495583:s:AutomataStep:5:Transition:00100110100011100000100001001010000010100000010000000000010000000010001011100010110010000010101001001100000001101000010000101100100001001000100000100110001010100100111011100100011001101100101001101010010010101000111011000100010000101010100000000100011011001000010001001000100000100010000000101010111011101010100010101000110010100010011001001110111010001010100010001000101010001000100001000100101001100110100010000010001001000100010011100110001001001110010000101000101010100100001010100100010000101010011010100100
000000000000000000000
000000000000000000000
000000000000000000000
000000000000000000000
000000000000000000000
000000000010000000000
000000000010000000000
000000000000000000000
000000001110000000000
000000110100100000000
000001001101000000000
000000100000000000000
000000010000000000000
000000001000001000000
000000000000110000000
000000000000001100000
000000000000000000000
000000000000000000000
000000000000000000000
000000000000000000000
000000000000000000000
#
It:2:Diff:75:PSOStep:8:Time:0.896355264:s:AutomataStep:8:Transition:00100100100011101110101001001000010000100100100010101100011001000100000001001000011000001000111000101110110011100100100010101010010001101010010001000100100011101110010011000110110001101100100010100010111001001000010010100010001000000100011000001110011000101110010001101000100010001000001000001000010011100010010010000010001001000100010001001010010000001000100011100000100000000010110010101000010001000100011010000100100001001000100001000100010000000110111000101110010011000100010010001000100001001110010010000100
000000000000000000000
000000000000000000000
000000000010000000000
000000000010000000000
000000000010000000000
000000001101000000000
000000000101100000000
000000111101100000000
000000010101010000000
000000001101100000000
001111001110101000000
000101000111101000000
000000110000001000000
000000011010001000000
000000001000111010000
000000000000101000000
000000000000000100000
000000000000000101000
000000000000000000100
000000000000000000000
000000000000000000000
#
It:3:Diff:58:PSOStep:7:Time:0.990257568:s:AutomataStep:7:Transition:00100010010000101100110000000110100011000010001010001100110001000010001011000010110011001100101000000110110010100010001010100010101000101010110000000110001010001110110011100110100010001110011001100010010010001100001010001100110000001100111000100010010000101100010001100110111011001100100011000000011000101100000001100010110000101010110010001100001010100010001001001110001010000000001010101010011010101100110000000110110000101100100001101100010001001100110001101100000011000000110001100010101000100100011011001100
000000000000000000000
000000000000000000000
000000000000000000000
000000000010000000000
000000000011000000000
000000000111100000000
000000000110110000000
000000100111111000000
000000101001011100000
000010111110001110000
000010001100111011000
000010000000100010000
000001111100000111000
000000011000010110000
000000001000100001000
000000000011001010000
000000000000000011000
000000000000000011000
000000000000000000000
000000000000000000000
000000000000000000000
#
It:4:Diff:48:PSOStep:7:Time:1.104399815:s:AutomataStep:7:Transition:00100110101000100010010010000000101000100010100011101110111000000110001011100010011011101110010000101100010011100010001001101000100000100110011011001110001011100000010001101110111011100010110001000010011011100000111000101110100010101010001000001100111001100100000001100010001001001010111011100010100010100110101000101100111011101100001011101000111010100010101010101010101000001110011011001000101001000100011001000010010010100100111010101110101011101110111011000110100001100110100010000010000000100000100011000000
000000000000000000000
000000000000000000000
000000000000000000000
000000000010000000000
000000000101000000000
000000001010100000000
000000001011110000000
000000001100001000000
000000111001001100000
000000010110111110000
000111111011000001000
000001010001101110000
000001100000111100000
000000100000011000000
000000000010110000000
000000000100100000000
000000000111000000000
000000000010000000000
000000000000000000000
000000000000000000000
000000000000000000000
#
It:152:Diff:45:PSOStep:7:Time:12.446334045:s:AutomataStep:7:Transition:00100010110000100010111001000100110000100010001011100000111001100000001011100100100011101110111000001110100011100010001001001110111011100010001001101110001011101010001001000100111011100010011011000010111011000010111001100100000000000000011011001110111011100010110000100000001011100110110000000010001001000110001001100000000011100100111010101010100001000010001011100010101000101110001010000010001011100010000000100000101011100110111010100100011001101110100000000000011011100010001000100010001000101110111010100010
000000000000000000000
000000000000000000000
000000000000000000000
000000000010000000000
000000000110000000000
000000000010100000000
000000010010010000000
000000100011100000000
000001101101001000000
000010111001001010000
000100110001001101000
000010000001001110000
000001000101110100000
000000100000111000000
000000010101010000000
000000001111100000000
000000000101000000000
000000000010000000000
000000000000000000000
000000000000000000000
000000000000000000000
#
It:163:Diff:40:PSOStep:7:Time:13.26060584:s:AutomataStep:7:Transition:00100010100000100100100001101110111010000010110011100000111000100110001011100110110011001110111011101110001011100010110010001110111000001010110011001010001010001010001001101100111011100010011011100010111000000010111000100100001010001100100011101110111011100010011000100110001011100010100000000010110010000110011011000100011011101110000001100110011011100010001011100110101010100100011011100010011011100010000000100010111011100010111011101100000001101110000001100110001011101100001000100010001000100100111001100110
000000000000000000000
000000000000000000000
000000000000000000000
000000000010000000000
000000000111000000000
000000000111100000000
000000001000110000000
000000000001101000000
000001110000011100000
000000000000100000000
000111011101000001000
000010101101001110000
000001011000011100000
000000100010111000000
000000011100110000000
000000001011100000000
000000000101000000000
000000000010000000000
000000000000000000000
000000000000000000000
000000000000000000000
#
It:215:Diff:38:PSOStep:7:Time:17.132146267:s:AutomataStep:7:Transition:00100010111000100010111000101110111000100010001011101110011010000000011011101000001010001110101010000100001011100010001001101110111001101000110001101110001000101100110011100010101011100010010011100010000001000010111001100000011001100010001001001110111011100010111011001110001011100010101010000110001010101100000010101110011011101110111000000010001010000010001011101100111000101110001001000010001011100010110000100000100011100010111011101010111010001110010011000110101011100010001010000010001000100110110010000010
000000000000000000000
000000000000000000000
000000000000000000000
000000000010000000000
000000000101000000000
000000001010100000000
000000011100010000000
000000100100001000000
000000011100110100000
000010011000110010000
000101010011110101000
000010110111001110000
000001010110010100000
000000101100111000000
000000010101010000000
000000001011100000000
000000000101000000000
000000000010000000000
000000000000000000000
000000000000000000000
000000000000000000000
#
It:255:Diff:36:PSOStep:7:Time:20.084623145:s:AutomataStep:7:Transition:00100010111000101010111011101110111000100010011011100010011000100110001011100010100010101110010010000100001011101010011010001110111001101100001000101110001000101100111000101010010011000010001011100010111011000010111000100010111011001110001000101110011011100000101001001110001011100110001000100010101001100010001001001110101011000110110010100010001001000010001001101000100000100100100011101100100011100000000000100010101011101000111011101110000011101110111011100110001011100010001000100010101000100100011011000010
000000000000000000000
000000000000000000000
000000000000000000000
000000000010000000000
000000000111000000000
000000001011100000000
000000011000010000000
000000010110101000000
000001100100010100000
000000000101101110000
000111011101010111000
000010001010011010000
000001110110011100000
000000100010001000000
000000011111110000000
000000001000100000000
000000000111000000000
000000000010000000000
000000000000000000000
000000000000000000000
000000000000000000000
#
It:439:Diff:35:PSOStep:7:Time:33.844172426:s:AutomataStep:7:Transition:00100010111000101100000011101110111000100010011011100010110000100100011011100010001000001110110000101100101011101000011010001110111001101100001000101110001000101100011000101100010011000010001011100010111000000010111000101000111000000110001000101110111011100110010001101110001011100000001000100010100011000010001000101110010001000110011010000010001011000010001000001000101010100110001011100000101011101010010000100010110011100010111011101110011011101110111000001100100011101000001000100010011000100000000011000010
000000000000000000000
000000000000000000000
000000000000000000000
000000000010000000000
000000000111000000000
000000000100100000000
000000010111010000000
000000011101001000000
000001101101011100000
000000111011001110000
000110111100100011000
000010001100111110000
000001010111011100000
000000101110101000000
000000010000010000000
000000001011100000000
000000000111000000000
000000000010000000000
000000000000000000000
000000000000000000000
000000000000000000000
#
It:473:Diff:27:PSOStep:7:Time:36.350799467:s:AutomataStep:7:Transition:00100100010001101100011011101110111011100010110011100100110011100000101011101010111000101110110000000010011011000000001011100010100011000010111010101110001010101010111000101110111001001000111001101100111011100010111000101000111000100100001010001110011011100010001011100010001011100010100011000010111001100000001000100110110011100110001011101110010011100010001000000010100000101110111011101110000011101110111000101010111001001110011011101010000011101110111011100100111011100010110000100010100000101010010011100110
000000000000000000000
000000000000000000000
000000000000000000000
000000000010000000000
000000000011000000000
000000001110100000000
000000001101110000000
000000000010001000000
000000110101010100000
000010111110101110000
000011011010010111000
000010011111001110000
000000110011011100000
000000111010111000000
000000011101110000000
000000001011100000000
000000000011000000000
000000000010000000000
000000000000000000000
000000000000000000000
000000000000000000000
end
