PSO TRACE
INIT:../../instances/fazia/init.csv
REF:../../instances/fazia/asvn4.csv
DecodingPolicy:CPP2
MutationPolicy:Std
ParticleNeighborhood:Fixed
ParticleDims:515
ParticleCount:100
AccP:2.0
AccG:2.0
AccL:1.5
AccI:2.3
Pos:0.0-3.0
Inertia:0.9-0.6
VeloMax:2.0
MaxPSOIteration:500
InertiaDecrFactor:6.000000000000001E-4
INIT
000000000000000000000
000000000000000000000
000000000000000000000
000000000000000000000
000000000000000000000
000000000000000000000
000000000000000000000
000000000000000000000
000000000000000000000
000000000000000000000
000000000010000000000
000000000000000000000
000000000000000000000
000000000000000000000
000000000000000000000
000000000000000000000
000000000000000000000
000000000000000000000
000000000000000000000
000000000000000000000
000000000000000000000
REF
000000000000000000000
000000000000000000000
000000000000000000000
000000000010000000000
000000000111000000000
000000001011100000000
000000011011110000000
000000101111111000000
000001100001111100000
000010110010101110000
000110111101110111000
000010110111111010000
000001111111111100000
000000101110101000000
000000011111110000000
000000001010100000000
000000000111000000000
000000000010000000000
000000000000000000000
000000000000000000000
000000000000000000000
Classic CPP Decoder
0 :1,2,3,4,
1 :0,2,3,4,
2 :0,1,3,4,
3 :0,1,2,4,
4 :0,1,2,3,
5 :6,7,8,9,
6 :5,7,8,9,
7 :5,6,8,9,
8 :5,6,7,9,
9 :5,6,7,8,
10 :11,12,13,14,
11 :10,12,13,14,
12 :10,11,13,14,
13 :10,11,12,14,
14 :10,11,12,13,
15 :16,17,18,19,
16 :15,17,18,19,
17 :15,16,18,19,
18 :15,16,17,19,
19 :15,16,17,18,
20 :21,22,23,24,
21 :20,22,23,24,
22 :20,21,23,24,
23 :20,21,22,24,
24 :20,21,22,23,
25 :26,27,28,29,
26 :25,27,28,29,
27 :25,26,28,29,
28 :25,26,27,29,
29 :25,26,27,28,
30 :31,32,33,34,
31 :30,32,33,34,
32 :30,31,33,34,
33 :30,31,32,34,
34 :30,31,32,33,
35 :36,37,38,39,
36 :35,37,38,39,
37 :35,36,38,39,
38 :35,36,37,39,
39 :35,36,37,38,
40 :41,42,43,44,
41 :40,42,43,44,
42 :40,41,43,44,
43 :40,41,42,44,
44 :40,41,42,43,
45 :46,47,48,49,
46 :45,47,48,49,
47 :45,46,48,49,
48 :45,46,47,49,
49 :45,46,47,48,
50 :51,52,53,54,
51 :50,52,53,54,
52 :50,51,53,54,
53 :50,51,52,54,
54 :50,51,52,53,
55 :56,57,58,59,
56 :55,57,58,59,
57 :55,56,58,59,
58 :55,56,57,59,
59 :55,56,57,58,
60 :61,62,63,64,
61 :60,62,63,64,
62 :60,61,63,64,
63 :60,61,62,64,
64 :60,61,62,63,
65 :66,67,68,69,
66 :65,67,68,69,
67 :65,66,68,69,
68 :65,66,67,69,
69 :65,66,67,68,
70 :71,72,73,74,
71 :70,72,73,74,
72 :70,71,73,74,
73 :70,71,72,74,
74 :70,71,72,73,
75 :76,77,78,79,
76 :75,77,78,79,
77 :75,76,78,79,
78 :75,76,77,79,
79 :75,76,77,78,
80 :81,82,83,84,
81 :80,82,83,84,
82 :80,81,83,84,
83 :80,81,82,84,
84 :80,81,82,83,
85 :86,87,88,89,
86 :85,87,88,89,
87 :85,86,88,89,
88 :85,86,87,89,
89 :85,86,87,88,
90 :91,92,93,94,
91 :90,92,93,94,
92 :90,91,93,94,
93 :90,91,92,94,
94 :90,91,92,93,
95 :96,97,98,99,
96 :95,97,98,99,
97 :95,96,98,99,
98 :95,96,97,99,
99 :95,96,97,98,
#
It:0:Diff:69:PSOStep:5:Time:0.148402744:s:AutomataStep:5:Transition:00011111111101101101101101111111111111100110110001011011010111001101101010011001011110101111100011010111100110101010011111101001111110111101111011101110111110111110101011011011011111111101110111111101111000101111110111110110110111110001111111011101001111101101111001111011001111100110101111111001111101111101111001101101111111101011101100100001011110111010010111111111010101101101010001101110011011110100100111110101111010101101011111101100010110000111110010110111111111110111101001101110111000111011111111101111
000000000000000000000
000000000000000000000
000000000000000000000
000000000000000000000
000000000000000000000
000000000000000100000
000000000011111100000
000000001011111100000
000000011100100100000
000000101111101100000
000001111111110100000
000000100111101100000
000000110100110100000
000000111010111100000
000001111101011100000
000001101101011100000
000000000000000000000
000000000000000000000
000000000000000000000
000000000000000000000
000000000000000000000
#
It:2:Diff:61:PSOStep:4:Time:0.279717107:s:AutomataStep:4:Transition:01011110111100111111110111011101111101101111111011010111111111101111101111011001110111101110011011111101110101110111011101111111011111111111111011111110011100111110111011111011111110101100100110111101110111111101101111111111111111110111111001011101101111111101111100011110110101000110111101111011101111111101111001111111111111110011111110111101111110101010111111101101010111101111110011101110011011110101101100111111011110111110011111111111001111101110111010110110111011110111011011101111111100110111101110011111
000000000000000000000
000000000000000000000
000000000000000000000
000000000000000000000
000000000000000000000
000000000000000000000
000000101010101000000
000000110101000000000
000000110110011000000
000000111110111000000
000000111101111000000
000000110011111000000
000000111101111000000
000000111011100000000
000000101010101000000
000000000000000000000
000000000000000000000
000000000000000000000
000000000000000000000
000000000000000000000
000000000000000000000
#
It:3:Diff:55:PSOStep:4:Time:0.30559375:s:AutomataStep:4:Transition:00111111111110111111110111111111011111111111111111011111010111111111111011111111011111111101111010010111110111111011111101111111111111111110111111111111001111101110111111111011111111111001100111111111111101101111110111110111011111111101101111011111101111001111111111111111101111110100110111111111111111111001111101011011111111100111101110111111110110011111101110111111111111101101111101101111111111111110110111111110111011111100011111111110111110111111111110111111111111111111011011111101111011100011111111011111
000000000000000000000
000000000000000000000
000000000000000000000
000000000000000000000
000000000000000000000
000000000000000000000
000000000011111000000
000000000111110000000
000000001101111000000
000000011110110000000
000000111100111000000
000000111111110000000
000000111111111000000
000000111111110000000
000000111011101000000
000000000000000000000
000000000000000000000
000000000000000000000
000000000000000000000
000000000000000000000
000000000000000000000
#
It:7:Diff:52:PSOStep:7:Time:0.382534495:s:AutomataStep:7:Transition:00110101110010000000101010001111011110001000100000001101001100110110101011010011011000000001100010011111011000000000011100000011101111101111110011011010000100001100011100001111010101100100000011101001100010000110011000100100000111101101001011100011001011000100000100011101111110000000000100110100000110100010101101101011011001100011001101011101101100001111010000111101111010100100000000111011010010011110100110011100000010110110000010010011011100100001100110111000000101010110111100111111110110100001010001011001
000000000000000000000
000000000000000000000
000000000000000000000
000000000010000000000
000000000101000000000
000000001010100000000
000000010011110000000
000000101111000000000
000001001111100000000
000011000110100000000
000100110010000000000
000010111010100000000
000001111101100000000
000000111010000000000
000000011000000000000
000000001011000000000
000000000110000000000
000000000010000000000
000000000000000000000
000000000000000000000
000000000000000000000
#
It:12:Diff:47:PSOStep:7:Time:0.48841732:s:AutomataStep:7:Transition:00110011110010101101111111111111001111110110111111111111011111100101010101010111111111001001111110101111110011011110111001111011001111111010110111111111011001111111111010011110110111110111110111111011110110011111111101111110011010111111000111011110101101110101110110101011111011100010110101110101111110111001001110111011111111000101101111110111101111001111110111111111111110011111101110110111110111011010111111111111011111111010001111110111111100111111100110111111111011111101011110111101101111101111111011010111
000000000000000000000
000000000000000000000
000000000000000000000
000000000010000000000
000000000111000000000
000000001110100000000
000000011111100000000
000000111111100000000
000001111111000000000
000010111101100000000
000111011101100000000
000011011011100000000
000001111111000000000
000000101110000000000
000000011111000000000
000000001110000000000
000000000110000000000
000000000000000000000
000000000000000000000
000000000000000000000
000000000000000000000
#
It:15:Diff:40:PSOStep:7:Time:0.554541627:s:AutomataStep:7:Transition:00110111111010011011010111111010111001011110111010011100111111010011110000111011110000000000111001101111111111001010100001000110111111000111000000111010001111001001001110111011111000111110001111100011100010101111111111010101001101011001000111000011111001110100111010110011000110000100000001111011111011010100101101111110011011000101001110100001110101111110100111010000110110101000001010001110111111111010110001111110001001011111000101110010101111000011100000010100101001110111010001010110011100001111011011011110
000000000000000000000
000000000000000000000
000000000000000000000
000000000010000000000
000000000110000000000
000000001110100000000
000000011011010000000
000000111110111000000
000000010011110100000
000011110011001010000
000111011001100111000
000010011010111010000
000000001000110000000
000000001010100000000
000000000011100000000
000000001110100000000
000000000110000000000
000000000010000000000
000000000000000000000
000000000000000000000
000000000000000000000
#
It:17:Diff:33:PSOStep:7:Time:0.599263211:s:AutomataStep:7:Transition:00110111111010001001111111111010111101011110001010011110111110100011111100111011111110011001111001101111111111011010000100000111101111110101010000011010011111001111001110111011110101111110101111100001100011001011111111110101001111010001001110000111111101110101111011011101100111001101010111111111111110011100101101111111011001001101001111110111110111111111010110010010111011101010000010011111111111111110111001011110101001010111001101010011111111110111101010110000101001110101000101011111010111101111011011110101
000000000000000000000
000000000000000000000
000000000000000000000
000000000010000000000
000000000111000000000
000000000110100000000
000000011110100000000
000000001101011000000
000000010111111100000
000011110110111010000
000110111011111111000
000011111111111010000
000000011011111100000
000000011111101000000
000000010101110000000
000000000110100000000
000000000111000000000
000000000010000000000
000000000000000000000
000000000000000000000
000000000000000000000
#
It:21:Diff:32:PSOStep:7:Time:0.691574957:s:AutomataStep:7:Transition:00110111101011001001111111111011111101111110001010111110111111100011111101111011111110011011111101111111111111011010100100000101101111110101110001111110011111001101001110111011111101111110101111100001100011001011111111111101111111011001000111000111111111110101011011011101101111001111100111111111111111011111101101111111011011000101001111110101110111111111010110010010111011101010011010111111111111111110111001011110110101010111011001010011101011110011101010010000100001110111011111011111010111101111011001110111
000000000000000000000
000000000000000000000
000000000000000000000
000000000010000000000
000000000011000000000
000000001011100000000
000000001111110000000
000000010111111000000
000001011011111100000
000010011011111110000
000111111111111111000
000010011110011010000
000000111100011100000
000000011111001000000
000000010111110000000
000000000110100000000
000000000111000000000
000000000010000000000
000000000000000000000
000000000000000000000
000000000000000000000
#
It:30:Diff:25:PSOStep:7:Time:0.901300785:s:AutomataStep:7:Transition:00110111111011001001111111111011011111111110001010011100111110100011111000111111111011000111111111111111111111011010100100001101101111110101110001111110011111001111001110111111110101111111101111110101100011011011111111110101111101011001001111000111111111110100111011011101101110111011010111111111111111011111111111111111011011010101011110110101111111111111110111011110111111101010010010101111111110111110111101011111110001010111011001010011101011101011001010010001100001011101011111011111111111101111011011110111
000000000000000000000
000000000000000000000
000000000000000000000
000000000010000000000
000000000111000000000
000000001111100000000
000000011101110000000
000000100111111000000
000001110111111100000
000011111011011110000
000110111111111110000
000011111111101010000
000001111110010100000
000000111010101000000
000000011011110000000
000000001110100000000
000000000111000000000
000000000010000000000
000000000000000000000
000000000000000000000
000000000000000000000
#
It:34:Diff:24:PSOStep:7:Time:0.997862138:s:AutomataStep:7:Transition:00110111111011011011111111111011111110111110011110111111111111110011111100111111111111110111111111111111111110011010101000001111111111110111110000111101001111001111001110011111110101111111001011111001100011111011111111110101011101011001001111000111111111110100111011011101101111011111010111110111111110011111101111111111011011010101001110010111111111111111110010011110111111101010000010101111111110011110111101011111111001010111011111110011101111101011001010010001101001111101011111011110110111101111011111111111
000000000000000000000
000000000000000000000
000000000000000000000
000000000010000000000
000000000111000000000
000000001111100000000
000000011011110000000
000000111111111000000
000001110111111100000
000011011111110110000
000110110111101111000
000011100111111010000
000001101111111100000
000000111011101000000
000000011011110000000
000000001110100000000
000000000111000000000
000000000010000000000
000000000000000000000
000000000000000000000
000000000000000000000
#
It:44:Diff:21:PSOStep:7:Time:1.205973566:s:AutomataStep:7:Transition:00110111101111011011111110111111111100111110000010111110101111110111111111111011111111010111111101111111111111011110101101100111111011010101111101111110011111001111011110011011111101111110111111111011111010101101111111110111001111111011100111001111111111100101111100111111111111001111000111111111111111011111111101111111011101010001111001111101111111011111010110011010111111101111010110011111111111111110111101111101110111110111010101011011001111111111101111010100100101111110011111011110011111111111001001111111
000000000000000000000
000000000000000000000
000000000000000000000
000000000010000000000
000000000111000000000
000000001111100000000
000000011111110000000
000000111111111000000
000001111101111100000
000011111111111110000
000111111011111111000
000011110111111010000
000001111011111100000
000000111011101000000
000000011111110000000
000000001110100000000
000000000111000000000
000000000010000000000
000000000000000000000
000000000000000000000
000000000000000000000
#
It:118:Diff:20:PSOStep:7:Time:2.825048307:s:AutomataStep:7:Transition:00110011111010101011111111111111111101111110101011111111111111110111111111111011111011100011111011111111111000011110110101110110111111011111111101111011011101111101011111111111111011110111111111111101111110111111011111110111011111111001100101001111111111100100111110111110111111011101000111111101111111010111111101111111011101010001001111101101110011111111110111011010111111101111010110111111111111111110111101111101111111110101011101110001101111111101101110111010000101111110011100101010111111111111001001111111
000000000000000000000
000000000000000000000
000000000000000000000
000000000010000000000
000000000111000000000
000000000111100000000
000000011111110000000
000000111011111000000
000001010111111100000
000011111111111110000
000111111111111111000
000011110101111010000
000001111101111100000
000000101110101000000
000000011111110000000
000000001010100000000
000000000111000000000
000000000010000000000
000000000000000000000
000000000000000000000
000000000000000000000
#
It:119:Diff:14:PSOStep:7:Time:2.848916909:s:AutomataStep:7:Transition:00110111111110101011111111111111111111111110100011111111011110110111111111111011111111100111101011111011111101011110010101110111111011010111111111111011011101111101011110101111111110111111111111111111111110111111011011110111011101011001100101001111111101100100101110110110110101011101000011110101111111011111111101111111011100010001111111111100110111111111111111011010111111101110010110111011110111111110111101111101111111110101011101111001101110111101101111111010010101111100011100101110111111111111001001010111
000000000000000000000
000000000000000000000
000000000000000000000
000000000010000000000
000000000111000000000
000000001011100000000
000000011111110000000
000000111111111000000
000001100001111100000
000010111011111110000
000111101100111111000
000011111111111010000
000001111111111100000
000000111110101000000
000000011111110000000
000000001100100000000
000000000111000000000
000000000010000000000
000000000000000000000
000000000000000000000
000000000000000000000
end
