PSO TRACE
INIT:../../instances/fazia/init.csv
REF:../../instances/fazia/asm4.csv
DecodingPolicy:CPP2:CDLE2
MutationPolicy:Std
ParticleNeighborhood:Fixed
ParticleDims:515
ParticleCount:100
AccP:2.0
AccG:2.0
AccL:1.5
AccI:2.3
Pos:0.0-3.0
Inertia:0.9-0.6
VeloMax:2.0
MaxPSOIteration:500
InertiaDecrFactor:6.000000000000001E-4
INIT
000000000000000000000
000000000000000000000
000000000000000000000
000000000000000000000
000000000000000000000
000000000000000000000
000000000000000000000
000000000000000000000
000000000000000000000
000000000000000000000
000000000010000000000
000000000000000000000
000000000000000000000
000000000000000000000
000000000000000000000
000000000000000000000
000000000000000000000
000000000000000000000
000000000000000000000
000000000000000000000
000000000000000000000
REF
000000000000000000000
010000000000000000010
001011111111111111110
000000000000000000000
001011111111111110100
001011111111111110100
001011111111111110100
001011111111111110100
001011111011111110100
001011111101111110100
001011000101111110100
001011000110111110100
001011110111111110100
001011111111111110100
001011111111111110100
001011111111111110100
001011111111111110100
010100000000000001100
001011111111111110010
010000000000000001000
000000000000000000000
Classic CPP Decoder
0 :1,2,3,4,
1 :0,2,3,4,
2 :0,1,3,4,
3 :0,1,2,4,
4 :0,1,2,3,
5 :6,7,8,9,
6 :5,7,8,9,
7 :5,6,8,9,
8 :5,6,7,9,
9 :5,6,7,8,
10 :11,12,13,14,
11 :10,12,13,14,
12 :10,11,13,14,
13 :10,11,12,14,
14 :10,11,12,13,
15 :16,17,18,19,
16 :15,17,18,19,
17 :15,16,18,19,
18 :15,16,17,19,
19 :15,16,17,18,
20 :21,22,23,24,
21 :20,22,23,24,
22 :20,21,23,24,
23 :20,21,22,24,
24 :20,21,22,23,
25 :26,27,28,29,
26 :25,27,28,29,
27 :25,26,28,29,
28 :25,26,27,29,
29 :25,26,27,28,
30 :31,32,33,34,
31 :30,32,33,34,
32 :30,31,33,34,
33 :30,31,32,34,
34 :30,31,32,33,
35 :36,37,38,39,
36 :35,37,38,39,
37 :35,36,38,39,
38 :35,36,37,39,
39 :35,36,37,38,
40 :41,42,43,44,
41 :40,42,43,44,
42 :40,41,43,44,
43 :40,41,42,44,
44 :40,41,42,43,
45 :46,47,48,49,
46 :45,47,48,49,
47 :45,46,48,49,
48 :45,46,47,49,
49 :45,46,47,48,
50 :51,52,53,54,
51 :50,52,53,54,
52 :50,51,53,54,
53 :50,51,52,54,
54 :50,51,52,53,
55 :56,57,58,59,
56 :55,57,58,59,
57 :55,56,58,59,
58 :55,56,57,59,
59 :55,56,57,58,
60 :61,62,63,64,
61 :60,62,63,64,
62 :60,61,63,64,
63 :60,61,62,64,
64 :60,61,62,63,
65 :66,67,68,69,
66 :65,67,68,69,
67 :65,66,68,69,
68 :65,66,67,69,
69 :65,66,67,68,
70 :71,72,73,74,
71 :70,72,73,74,
72 :70,71,73,74,
73 :70,71,72,74,
74 :70,71,72,73,
75 :76,77,78,79,
76 :75,77,78,79,
77 :75,76,78,79,
78 :75,76,77,79,
79 :75,76,77,78,
80 :81,82,83,84,
81 :80,82,83,84,
82 :80,81,83,84,
83 :80,81,82,84,
84 :80,81,82,83,
85 :86,87,88,89,
86 :85,87,88,89,
87 :85,86,88,89,
88 :85,86,87,89,
89 :85,86,87,88,
90 :91,92,93,94,
91 :90,92,93,94,
92 :90,91,93,94,
93 :90,91,92,94,
94 :90,91,92,93,
95 :96,97,98,99,
96 :95,97,98,99,
97 :95,96,98,99,
98 :95,96,97,99,
99 :95,96,97,98,
#
It:0:Diff:139:PSOStep:6:Time:1.696057702:s:AutomataStep:6:Transition:01110110111101110011011111110101011011111110011111100111101011011101100110010101111110101100111110111110011111111111010111101011111101110110100011110101111111111111101110111011111100101101011010100110110111010111110111011111011101111110111111011101101111111111010101111001111111111110111111011101101111110011110011111111101110110110111111111111111111101011010000111011111111011111101111111101100101111111111111110111110100111111111111111111111011011001110111110111110111111101101111110111111111100110001110111110
000000000000000000000
000000000000000000000
000000000000000000000
000000000000000000000
000011100110000000000
000011111111000000000
000001101101000000000
000001011110000000000
000011101111100000000
000011011111110000000
000000111111111000000
000011111101101000000
000010111110101000000
000001011111110000000
000001101111011000000
000011111111111100000
000011111111111110000
000000000000000000000
000000000000000000000
000000000000000000000
000000000000000000000
#
It:1:Diff:88:PSOStep:8:Time:2.087883607:s:AutomataStep:8:Transition:01111110011111110011110111111111111011110110111111110111110011111101111111011101101111110000111111111111011110111110111111111111111101011111110011010101111011011111101110111111111111001101110111100111011101011111110111111011111101011011111111111111111101111111101111111101111111111111111111011111001111111111111011011110111111111111111111111111101111101011111001101111110111001101011101111101111111110011111110010101111110011111111111111111111011111111111101110111011111111111111111111101111111110110101111111111
000000000000000000000
000000000000000000000
001100000000000001100
000101111111111111100
001111111111111111100
000011111111111111100
001011111111111111100
000111111111111111100
001011111111111111100
000111111111111111100
001011111111111111100
000111111111111111100
001011111111111111100
000111111111111111100
001011111111111111100
000111111101111111100
001011111111111111100
000111011101110111100
001110111011101110100
000000000000000000000
000000000000000000000
#
It:3:Diff:84:PSOStep:8:Time:2.633246157:s:AutomataStep:8:Transition:01111011110111110011111000110101101011111111111111011110111001111111101111011101111010111000111101111110011111111111111111110110111101110111110111011111100111111101101111111101110110101111010111101110101111111111110111110111010001111101111111010011101101101111000001011011111111101111110111011001110101110011111111110001111111111011011111110101101011011111000101101111111111111101101111110101010111110011110110100111110110010111001111111111011001111011110111110101111100101111101110111011111111000111111111011111
000000000000000000000
000000000000000000000
001111111111111111100
001111111111111110100
001111111111111100100
001111111111111111100
001111111111111111100
001111111111111011100
001111111111111101100
001111111111111111100
001111111111111111100
001111111111111011100
001111111111111101100
001111111111111111100
001111111111111111100
001111111111111011100
001111111111111101100
001111111111111111100
001111111111111111100
000000000000000000000
000000000000000000000
#
It:5:Diff:77:PSOStep:6:Time:3.001403048:s:AutomataStep:6:Transition:01111111111111111111011100110110101011111101111111111110111010111111100111011101111110111000111101111111010111111111110111110011111111110111110111111111111111111111101111111101011110111101010110101101110111011111111111110111011001111110111110110111101101101111010001011011111110101110110111111001111111110011111111111111111111111011011111110111111011010111000111111111111111111111111111111111110111110111111110100101110100011111101111111111111001101011110111111101111101100101101111111011111011100111100110011011
000000000000000000000
000000000000000000000
000000000000000000000
000000000000000000000
000011111111111110000
000011111111111110000
000011111111111110000
000011111111111110000
000011111111111110000
000011111111111110000
000011111111111110000
000011111111111110000
000011111111111110000
000011111111111110000
000011111111111110000
000011111111111110000
000011111111111110000
000000000000000000000
000000000000000000000
000000000000000000000
000000000000000000000
#
It:6:Diff:73:PSOStep:8:Time:3.237084778:s:AutomataStep:8:Transition:01111111111111110110011100110101111011110111111111111110111011111111100111011101111110110001111111111111011111111111111111101111111111111101110011011111111111111110011100111101011111100001010011110110111111011111110101011111111011111111111111111101111111111101100101011101111111111110111011011111101111110011111111111111111111111111111111110101111111111111001011111111111111111010111101111111110101110011111111010111111111011111101111111001011011101111111001111111111111111111111111111011111001110011111110111111
000000000000000000000
000000000000000000000
001111111111111111100
001111111111111111100
001111111111111111100
001111111111111111100
001111111111111111100
001011111111111011100
001111111111111110100
001111111111111110100
001111111111111110100
001011111111111110100
001111111110101110100
001111111111111110100
001111101011101110100
001011111111111110100
001111111111111110100
001111111011101111100
001110111011101110100
000000000000000000000
000000000000000000000
#
It:7:Diff:71:PSOStep:8:Time:3.467318333:s:AutomataStep:8:Transition:01111111111100110110010100110101111011111111111111110111011011111111100111011101111110001001101111111111001110111110011111101111111111111001000011111101110111111110010111111101001101110011010010110011111111010111111101011101101001011011111111111101001111111111010100001111111111111111111011111111001111110011110111111111111111110111111111100111111111101111011111111111110111111011111111111111100101110011111111010101111111011111111111111010011010101111111001111111111111111101111111101101111011110110111110111111
000000000000000000000
000000000000000000000
001111111111111111100
001111111111111111100
001111111111111111100
001111111111111111100
001111111111111111100
001011111111111111100
001111111111111111100
001111111111111111100
001111111111111111100
001011111111111111100
001111111111111111100
001111111111111111100
001111111111111111100
001011111111111111100
001111111111111111100
001110101010101010100
001111111111111111100
000000000000000000000
000000000000000000000
#
It:9:Diff:71:PSOStep:8:Time:4.154651468:s:AutomataStep:8:Transition:01111111111100110111011100110101111011111111101111110111011011111111100111011101111110011011101111111111011110111101011111111111111111111101010011111101100111111110010111111101001101110001010010110111111111011111111101011101001001011011111111111101001111111111010110101111111111101111101011111111101111110011110111111101101111010111111111010111111011101111001111111111111110111111111111111101110101110011110111100100111111011111111111111010011011101111100001101111111101101111111111101101111011110111111110111111
000000000000000000000
000000000000000000000
001111111111111111100
001111111111111111100
001111111111111111100
001111111111111111100
001111111111111111100
001011111111111111100
001111111111111111100
001111111111111111100
001111111111111111100
001011111111111111100
001111111111111111100
001111111111111111100
001111111111111111100
001011101111111111100
001111111111111110100
001110101010101010100
001111111111111111100
000000000000000000000
000000000000000000000
#
It:42:Diff:69:PSOStep:8:Time:12.227639647:s:AutomataStep:8:Transition:01111111111100110110010100110101101011111111111111010111011011111111100111011111111110011010101111111111011110111101011111111111111111111101010011111101100111111110010111111101001101110001010010110111111111011111111101011111001001011011111111111101001111111111010110101111111111101111111111111111101111110011110111111111101111110111111111011111111011101111001111111111111110111111111111111101100101111011110110100101111111011111111111111010011011101111100001111111111111111111111111101101111011110111101110111111
000000000000000000000
000000000000000000000
001111111111111111100
001111111111111110100
001111111111111110100
001111111111111111100
001111111111111110100
001011111111101011100
001111111111111110100
001111111111111011100
001111111111111111100
001011111110111111100
001111111111111111100
001111101111111111100
001111111111111111100
001011111111111111100
001111111111111110100
001110101010101010100
001111111111111111100
000000000000000000000
000000000000000000000
#
It:52:Diff:69:PSOStep:8:Time:14.670439097:s:AutomataStep:8:Transition:01111111110100110011011101110101101011111011111111110111011011111111110111011101111110000010101111101111011010111100010111111111110111110101110011001101100111111110010111111001001101110001010010110100111111011011110101010101001001001010111111011101001111111111000110001101111110100111011011111101101111010011111111111110101111010010111111011111111011100111000110111111111110011110111111111101110001110000110110100111111110011111101111111010011000101111100001111111111111100111101111101101111011110101111110111111
000000000000000000000
000000000000000000000
001111111111111111100
001111111111111111100
001111111111111111100
001111111111111111100
001111111111111111100
001011111111111111100
001111111111111111100
001111111111111111100
001111111111111010100
001011111111111010100
001111111111111110100
001111111110111110100
001111111111111110100
001011101011111110100
001111111111111110100
001110101010101010100
001111111111111111100
000000000000000000000
000000000000000000000
#
It:83:Diff:62:PSOStep:8:Time:22.213725563:s:AutomataStep:8:Transition:01111111111100110000010100111101111011111011101011000111011011111111100111010111111110010010101101110111011110111110011111111111011111111001000011001101100111111110010111111101001000100001010011110110111111010111111111011100001101011010111111011101001101111111000110101111111111110111111011111111100111000011001101111111101110111110111111011111111011100111000011101111110110111110111111111101110001110001100110101101111111011111101111011011111011101101100001111111111110111111101101101101101011110111101110011111
000000000000000000000
000000000000000000000
001111111111111111100
001111111111111110100
001111111111111110100
001111111111111110100
001011111111111110100
001111111111111110100
001011111111111110100
001111111111111110100
001011111111111110100
001111111111111111100
001011111111111110100
001111111111111111100
001011111111111110100
001111111011111111100
001010111111111110100
001110101010101011100
001010101010101010100
000000000000000000000
000000000000000000000
#
It:117:Diff:60:PSOStep:8:Time:30.057725474:s:AutomataStep:8:Transition:01111111111100110011000100111101111011111011100011000111000011111111100111011111111110011010101101111111011110111101011111111111101111011111000001001101101111111110010111111101011110100000011011110110101111110111011001010110001101001000111111011101001101111111101010011111111111110111011011111111001011100011001001111111101110111111011111011111111111100111010011111111111010111111111111111101110001111000100110001101111111011111111111101111111011101110110001111111111111111011111111111001101011110011111110111111
000000000000000000000
000000000000000000000
001111111111111111100
001111111111111110100
001111111111111110100
001111111111111110100
001111111111111110100
001011111111111110100
001111111111111110100
001111111111111110100
001111111111111110100
001011111111111110100
001111111111111110100
001111111111111110100
001111111111111110100
001011111111111110100
001111111111111110100
001110111011101110100
001111111111111111100
000000000000000000000
000000000000000000000
#
It:166:Diff:60:PSOStep:8:Time:41.51132511:s:AutomataStep:8:Transition:01111111111100110011100100111101111011111011100011000111010011111111100111011111111110011010101101111111011110111111011111111111101111011111000101001101101111111100001111111101011110100000011011110110100111110111011001011100001101001000111111011101001111111111001010011111111111110101011011111111001111100011101101111111101110111111011111011111111111101111010011111111101011111111111111111111110001101000100110101101111111011111111111101011111011111110110001101111111111111011111101101001101011110111101110111111
000000000000000000000
000000000000000000000
001111111111111111100
001111111111111110100
001111111111111110100
001111111111111110100
001111111111111110100
001011111111111110100
001111111111111110100
001111111111111110100
001111111111111110100
001011111111111110100
001111111111111110100
001111111111111110100
001111111111111110100
001011111111111110100
001111111111111110100
001110111011101110100
001111111111111111100
000000000000000000000
000000000000000000000
#
It:181:Diff:56:PSOStep:8:Time:44.955534346:s:AutomataStep:8:Transition:01111111110100110011011100111101111111111111101011000111010011011111110111011111111110011010111101111111011110111101111111111111101111011101000101001101101111111100011111111101011110100000011011110010100111110111111101011001001101001000111111111111011101111111011011111101111111100110011011011010001101100011101101111111101111111111111111111111011111101111010011111111100111011111111111111101110001001000100111101101111111011111101111101011111011011110111001111111111111111011101110101001101111110011111110111111
000000000000000000000
000000000000000000000
001111111111111111100
001110101010101010100
001111111111111110100
001111111011101110100
001111111111111110100
001011111111111110100
001111111111111110100
001111111111111110100
001111111111111110100
001011111111111110100
001111111111111110100
001111111111111110100
001111111111111110100
001011111111111110100
001111111111111110100
001110111011101110100
001111111111111111100
000000000000000000000
000000000000000000000
#
It:183:Diff:54:PSOStep:8:Time:45.363135018:s:AutomataStep:8:Transition:01111111111100110110011100111101111111111111101011010111110011011111110111011101111110010000111101111111011111111111111111111011101111011001000111001101101111111110010111111001011110100001011111010000100111111111010101011011001101011000111110111111011101111111011001111101111111100110011011011111101101110011101101111111111111111111011111111111011111100111000111111111100111011111111111111101100001011001100111100111111111011111101111111111111011011110110001111111111111111011111101101011110011110111111110111111
000000000000000000000
000000000000000000000
001111111111111111100
001110101010101010100
001111111111111110100
001111111111111110100
001111111111111110100
001011111111111110100
001111111111111110100
001111111111111110100
001111111111111110100
001011111111111110100
001111111111111110100
001111111111111110100
001111111111111110100
001011111111111110100
001111111111111110100
001110111011101110100
001111111111111111100
000000000000000000000
000000000000000000000
#
It:199:Diff:54:PSOStep:8:Time:49.011203959:s:AutomataStep:8:Transition:01111111111100110110011100111101111111111011101011000111110011011111110111011111111110011010111101111111011100111100111101111011101111011101000101001101100111001110010111111101001110100010011111110010100111110111011001011001000101001000111111111101001111111111011000111101111111100110111011011111101101110011101001111111111111111111011111111111001111101111010111111111101111011111111111110110110011011001100101100101111111011111111111101011111011111110111001111111111111111011111101101011110011110111111110111111
000000000000000000000
000000000000000000000
001111111111111111100
001110101010101010100
001111111111111110100
001111111111111110100
001111111111111110100
001011111111111110100
001111111111111110100
001111111111111110100
001111111111111110100
001011111111111110100
001111111111111110100
001111111111111110100
001111111111111110100
001011111111111110100
001111111111111110100
001110111011101110100
001111111111111111100
000000000000000000000
000000000000000000000
#
It:209:Diff:51:PSOStep:8:Time:51.463052627:s:AutomataStep:8:Transition:01111111110100110111010101011101111111111101101111000111110011011111100011011111111100010001100101111111011000111110111011111111100110011101000101001101001111011110000111111101011011100011010111000110101111110111011001011100011101001000111011001111001101111111011001111101111110100111111011111101101101110010101001010111111111111111011111011111010111100111010011111111100110011110011111100000110011011000100111100111111111011111001111101111111011101101110001111111111111111111111100101011111101110011101110111101
000000000000000000000
000000000000000000000
001111111111111111100
001010101010101010100
001111111111111110100
001111111111111110100
001111111111111110100
001011111111111110100
001111111111111110100
001111111111111110100
001111111111111110100
001011111111111110100
001111111111111110100
001111111111111110100
001111111111111110100
001011111111111110100
001111111111111110100
001010101010101010100
001111111111111111100
000000000000000000000
000000000000000000000
#
It:217:Diff:48:PSOStep:8:Time:53.308331408:s:AutomataStep:8:Transition:01111111110100110111000101011101111111111111101111000111110011011111110011011101111110111001100101111111111010111101111111111011100110011101000011001101000111011110001111111101011010110001011111111110101111110111011001011100000101001010111111101101001101111111001000111101111111100111111011111101101101110011111001111111111111110111111111011111010111110111010011111111100111011111011111110000110101011000100101100111111111011111101111101011011001111101110001111111111111111011111110101011110001110011101110111111
000000000000000000000
000000000000000000000
001111111111111111100
001010101010101010100
001111111111111110100
001011111111111110100
001111111111111110100
001011111111111110100
001111111111111110100
001011111111111110100
001111111111111110100
001011111111111110100
001111111111111110100
001011111111111110100
001111111111111110100
001011111111111110100
001111111111111110100
001010101010101010100
001111111111111111100
000000000000000000000
000000000000000000000
#
It:260:Diff:48:PSOStep:8:Time:63.048715944:s:AutomataStep:8:Transition:01111111110100110110001100011101111111111001101111000111110011111111100011011101111110111001100101111111011010111111111111111111100110011101010011001101000111011110100111111101011010100001010111111110101111110111011001011101000101001000111111001101001101111111111000011101111110100111101011111101101101110011101001111111111111111111011111011111010111110111010011111111100011011111011111110110110101011000100101000101111111011111101111101011111001111101110001111111111111111111111110101011110111110011101110111111
000000000000000000000
000000000000000000000
001111111111111111100
001010101010101010100
001111111111111110100
001011111111111110100
001111111111111110100
001011111111111110100
001111111111111110100
001011111111111110100
001111111111111110100
001011111111111110100
001111111111111110100
001011111111111110100
001111111111111110100
001011111111111110100
001111111111111110100
001010101010101010100
001111111111111111100
000000000000000000000
000000000000000000000
#
It:261:Diff:48:PSOStep:8:Time:63.241616684:s:AutomataStep:8:Transition:01111111110100110111001100011101111111111001101111000111110011011111100011011110111110110000100101111111011010111111111111011111100110011001010101001101000111011110000111111001011010110001010111011110101111110111011001011101001101001010011111100101001101111111110000111101111110100111111011111101101001110011101001011111101111111111011111111111010111100011010011111111100111011011011111100110111101011000100111101101110111011111001111101111111001111101110001111111111111111011111100101011100111110011101110111111
000000000000000000000
000000000000000000000
001111111111111111100
001010101010101010100
001111111111111110100
001011111111111110100
001111111111111110100
001011111111111110100
001111111111111110100
001011111111111110100
001111111111111110100
001011111111111110100
001111111111111110100
001011111111111110100
001111111111111110100
001011111111111110100
001111111111111110100
001010101010101010100
001111111111111111100
000000000000000000000
000000000000000000000
#
It:262:Diff:48:PSOStep:8:Time:63.455326541:s:AutomataStep:8:Transition:01111111110100110111001101011101111111111011101111000111110011011111110011011101111110111010100101111111011010111111111111111111100110011101010111001101000111011110000111111101011010110001011111011110101111110111111001011101000101001010111111111001101101111111111000111101111111100111111011111101101101110011101001111111111111111111011111111111011111100011010011111111101010111111111111110110110101011001100101100101111111011111101111101011011001111111110001111111111111111011111100101011111101110111101110111111
000000000000000000000
000000000000000000000
001111111111111111100
001010101010101010100
001111111111111110100
001011111111111110100
001111111111111110100
001011111111111110100
001111111111111110100
001011111111111110100
001111111111111110100
001011111111111110100
001111111111111110100
001011111111111110100
001111111111111110100
001011111111111110100
001111111111111110100
001010101010101010100
001111111111111111100
000000000000000000000
000000000000000000000
#
It:264:Diff:48:PSOStep:8:Time:63.902110526:s:AutomataStep:8:Transition:01111111110100110111001101111101111111111011101111000111010010011111110011011001111110110000101101111111111110111111111111111011101110011101010011001101100111011110011111111101011010110000010111110010101111110111010001011101001101001100011111001111001101111111010010011101111111100110111011111110101001110011101001111111111111111111011111011111011111100111010011111111101110011110111111101100110001011001100110001100110111111111101111101111011011111100110101111111111111111111111110101011111001110011101111111111
000000000000000000000
000000000000000000000
001111111111111111100
001100000000000000100
001111111111111110100
001111111110111110100
001111111111111110100
001011111111111100100
001111111111111110100
001111111111111110100
001111111111111110100
001011111111111100100
001111111111111110100
001111111111111110100
001111111111111110100
001011111111111100100
001111111111111110100
001110101010101010100
001111111111111111100
000000000000000000000
000000000000000000000
#
It:371:Diff:45:PSOStep:8:Time:88.87541088:s:AutomataStep:8:Transition:01111111111100110111001100110101111111111011101111000111010010011111110011011011111110010001101100111101111010111111111111111111101110011001010111001101000111011110101111111101011010110001010111101110101111110111010001011101001101001100110111001101001111111111010000011101111110100111111011111010101101110011101001011111101111111011011111111111010111100011010011111111100110011111011111101100110001011001100111101100110111111111101111101011101011111100110001111111111110110111111110101011111111110011111110111111
000000000000000000000
000000000000000000000
001111111111111111100
001100000000000000100
001111111111111110100
001011111111111110100
001111111111111110100
001011111111111100100
001111111111111110100
001011111111111110100
001111111111111110100
001011111111111100100
001111111111111110100
001011111111111110100
001111111111111110100
001011111111111100100
001111111111111110100
001010101010101010100
001111111111111111100
000000000000000000000
000000000000000000000
#
It:486:Diff:45:PSOStep:8:Time:117.067436895:s:AutomataStep:8:Transition:01111111110100110110001100111101111111111011101111000111010010011111110011011101110110110000100100111111011010111111111111111111101110011001010111001101000111011110001111111101011010110001011110111010101111110111010001011101001101001100111111010101001111111111111000111001111111100110111011111010101001010011101001011111111111111111011111111111010111100011010011111111100110011111011111101110110101011001100101101100110111111111101111101011011011111100110001111101111111111111101110101011111101110011101110111111
000000000000000000000
000000000000000000000
001111111111111111100
001100000000000000100
001111111111111110100
001011111111111110100
001111111111111110100
001011111111111100100
001111111111111110100
001011111111111110100
001111111111111110100
001011111111111100100
001111111111111110100
001011111111111110100
001111111111111110100
001011111111111100100
001111111111111110100
001010101010101010100
001111111111111111100
000000000000000000000
000000000000000000000
#
It:491:Diff:45:PSOStep:8:Time:118.221528337:s:AutomataStep:8:Transition:01111111110100110111001100110101111111111011101111000111010010011111110011111001111110110000100100111111111110111111111111111111101110011001010111001101000111011110101111111101011010110001011111100110101111110111010001011101001101001100011111011100001111111111010001011001111110100111111011111010101001110011101001111111111111111011011111111111011111100011010011111111101110011111011111101110110101011001100101101100110111111111101111101011010011111100110001111111111111110111111110101011111111110011111111111111
000000000000000000000
000000000000000000000
001111111111111111100
001100000000000000100
001111111111111110100
001011111111111110100
001111111111111110100
001011111111111100100
001111111111111110100
001011111111111110100
001111111111111110100
001011111111111100100
001111111111111110100
001011111111111110100
001111111111111110100
001011111111111100100
001111111111111110100
001010101010101010100
001111111111111111100
000000000000000000000
000000000000000000000
end
