PSO TRACE
INIT:../../instances/fazia/init.csv
REF:../../instances/fazia/asm1.csv
DecodingPolicy:CPP
MutationPolicy:Null
ParticleNeighborhood:DynamicGeneralizedEuclideanDistance
ParticleDims:515
ParticleCount:100
AccP:2.0
AccG:2.0
AccL:1.5
AccI:2.3
Pos:0.0-3.0
Inertia:0.9-0.6
VeloMax:2.0
MaxPSOIteration:500
InertiaDecrFactor:6.000000000000001E-4
INIT
000000000000000000000
000000000000000000000
000000000000000000000
000000000000000000000
000000000000000000000
000000000000000000000
000000000000000000000
000000000000000000000
000000000000000000000
000000000000000000000
000000000010000000000
000000000000000000000
000000000000000000000
000000000000000000000
000000000000000000000
000000000000000000000
000000000000000000000
000000000000000000000
000000000000000000000
000000000000000000000
000000000000000000000
REF
000000000000000000000
000000000000000000000
000000000000000000000
000110000000000000000
000111000000000000000
000011010000000000000
000010110100000000000
000011111101100000000
000010011011100000000
000001101110111100000
000001111101001010000
000000110111111110000
000001110110101110000
000000110111010010000
000000011111011010000
000000001101110110000
000000000110101110000
000000000011110111000
000000000000000000000
000000000000000000000
000000000000000000000
Classic CPP Decoder
#
It:0:Diff:74:PSOStep:5:Time:0.143857956:s:AutomataStep:5:Transition:01110111111111100111101000000100111110111111111111110011111100011111100011000111100100000111111010100111111111010111011111111011011111001110111100111100111111000010101011111011001011101011011101001111111111110111111100101101111111110011111111101111111111001110110111011111111000101101101111111000010101010111101111011011011000111101111011101101011110011111110011111110110111011101100101101111011111011100101010001101111101111001111011111010111111110101111111111111010001001110111111111111101111011011110110111111
000000000000000000000
000000000000000000000
000000000000000000000
000000000000000000000
000000000000000000000
000001111110000000000
000001001111000000000
000001111111100000000
000001111110110000000
000001111100101000000
000001111100111100000
000001111110111100000
000001111110101100000
000001111101000100000
000001010000010100000
000001010000010100000
000000000000000000000
000000000000000000000
000000000000000000000
000000000000000000000
000000000000000000000
#
It:2:Diff:68:PSOStep:6:Time:0.441993186:s:AutomataStep:6:Transition:01010111111101100001001001011111101010111111110101011011111101111111101110011111101111110011110111111110010111011110111110111011111111011100111111011101101110000011101111111100111111100110011101111011110010101001011101101111011111110111111111111110111110101011110101011111100010010101101111111100111111010111011111001011111110110001111110110111011110011101100011111110010111111110001111111001111110011100111110111111111100111110111110110010010011111101111110000111011011010110100111110110011111101101111100110111
000000000000000000000
000000000000000000000
000000000000000000000
000000000000000000000
000010000000000000000
000010000000000000000
000001101111100000000
000001110111110000000
000010111111111000000
000010111110111100000
000001011110111110000
000011111111001110000
000011011111101110000
000001011111111110000
000001111101001110000
000010011001101110000
000010111011101110000
000000000000000000000
000000000000000000000
000000000000000000000
000000000000000000000
#
It:3:Diff:66:PSOStep:5:Time:0.545173029:s:AutomataStep:5:Transition:01010111111111101101101011110111111010011011110101011011111111111111111111011111101011110111110111111110111111011110111111011011111111011100111110011100111110000011111111111011011111100110011111111011110101100011011101101110011111110111111111111111111111101111111101011111101010001101101111111101101111011111111111001011111010111001111111100011011111011111000111111110010111111110000111101001001011001100111101111111111101111010111110111010110111111101111110000111011111010111100101111111100111110101111111111111
000000000000000000000
000000000000000000000
000000000000000000000
000000000000000000000
000000000000000000000
000001000000000000000
000001111111000000000
000001111111000000000
000001111111100000000
000001111111110000000
000001010111011100000
000001010111111100000
000001010111111100000
000001100111111100000
000001111111111100000
000001111111111100000
000000000000000000000
000000000000000000000
000000000000000000000
000000000000000000000
000000000000000000000
#
It:5:Diff:63:PSOStep:4:Time:0.706372794:s:AutomataStep:4:Transition:01010111111101011111001101111111111011011111100011111111111100111011001111011111111011010011111110111100010111011111111110111111111111001011100111001111111110000011111111111010111111111111011111111011110001011011111111111110111011110111111111111100011100101011111001111110100010000111101101111011101111010011111111001011101010011001111111110111111101101111000111111110111111111100011111111111101000111100111111010011111100111010111110110110100011101101110110000101111111111111001101111111100110111111111111110111
000000000000000000000
000000000000000000000
000000000000000000000
000000000000000000000
000000000000000000000
000000000000000000000
000000100000000000000
000000111111000000000
000000111111100000000
000000111110110000000
000000111110111000000
000000111111111000000
000000111111111000000
000000111111110000000
000000111111111000000
000000000000000000000
000000000000000000000
000000000000000000000
000000000000000000000
000000000000000000000
000000000000000000000
#
It:6:Diff:57:PSOStep:7:Time:0.807318083:s:AutomataStep:7:Transition:01010011101101011111101101111110001000000111101011101010111101110011011110011010111011010011111010111110010101000111111010101110111111001011000110001110111010000011011100110010111111111111011111101001110001011011111111011110111001110101110100001110011100101011111001111110010010000110101100111011101111000001010111000011101010011001110111110111110101101101100111011010011011111100011111111111101000010100111111010010010100101010111101000110101011101101110100010101011111111110001001111111100010111101101101110111
000000000000000000000
000000000000000000000
000000000000000000000
000100000000000000000
000111000000000000000
000010010000000000000
000101011100000000000
000000000100000000000
000111000101100000000
000001111111000000000
000101011111100000000
000011001101011000000
000001101110101000000
000000110011011100000
000000011101111100000
000000001101111110000
000000000111111110000
000000000011111111000
000000000000000000000
000000000000000000000
000000000000000000000
#
It:9:Diff:53:PSOStep:7:Time:1.08441501:s:AutomataStep:7:Transition:01010011111111111111101111110111000000010011100011100010111101110111011100011110111011110111111110111110010111000111111011101111111111001111000110001110111011001011011101111011111111111100011111001011110001110011001111011110111011110111110100001101111110101011111101111110010010000111111110111111101101010001010111000111101011011101111111110111110101101111110111111010111111111110111111111011001000010100111101011010010101111010110110000111110111101101110100110101011111111110101011111111110011101111101101111111
000000000000000000000
000000000000000000000
000000000000000000000
000100000000000000000
000110000000000000000
000011000000000000000
000010000000000000000
000000111111100000000
000001111111100000000
000001101111110000000
000000111111100000000
000000101010011000000
000000011111010000000
000000010111101100000
000000001101110000000
000000001101011110000
000000000111111110000
000000000011111111000
000000000000000000000
000000000000000000000
000000000000000000000
#
It:11:Diff:46:PSOStep:7:Time:1.261694926:s:AutomataStep:7:Transition:01010011111101111011111111110111000000100111001011110000111110110111101001001110111011110111111111111110011111001101111110101010111101001101010110001110101010101011001001110111111111110110011111011001110001111011011110101011111111011111111110101101111110011111111101111011011000100110101100111011111111111111110111001110110111111111111111110111110111101111100110111101111111110111110111111011001000001110111111110111111101101110010111010111110011101111111010100101011011011111001011111111110111101111111011101111
000000000000000000000
000000000000000000000
000000000000000000000
000100000000000000000
000110100000000000000
000011100011000000000
000010111010000000000
000011110101100000000
000001110111100000000
000001001100110000000
000001111111010000000
000000110110011000000
000000100111010000000
000000111111010100000
000000011101011000000
000000001111111110000
000000000111111110000
000000000011111111000
000000000000000000000
000000000000000000000
000000000000000000000
#
It:72:Diff:43:PSOStep:7:Time:6.148716493:s:AutomataStep:7:Transition:01010011101111111111101111110111010010110001111001110110111110010111111100111110111010010111111111111110011111000111101110001010111111001111010110001110100011101010111001101011111111111110011111111001100011111111011000010011111011110111011110001111111010011111111001111100101010100110101010111010101110011011110111101110111101111101111111111111110111101101100111111001111111101110010111011011001001110010111111110111111100111000111101010011111111101100111110111001011111111110001011111111100011101111111011011110
000000000000000000000
000000000000000000000
000000000000000000000
000100000000000000000
000110100000000000000
000011100011000000000
000010111011000000000
000011000101010000000
000001111111011000000
000001101100011000000
000001100111011110000
000000110111111110000
000000110111001110000
000000110111010110000
000000011100011110000
000000001101000110000
000000000111111110000
000000000011111111000
000000000000000000000
000000000000000000000
000000000000000000000
#
It:95:Diff:39:PSOStep:7:Time:8.007896615:s:AutomataStep:7:Transition:01010011111111111111111111111111110101100011111011111110111111110111101100101110111100100111111111111100011111001111111111001010111111101111000111001110101011111010101000111010111111111100011111111101110011111011011001100111111011111101011110000101111010111111111001111111111010110100111111111011111101111111110111001110111101111101111111110110111111111101100111111100111101111110100101111011000000011010111111111110111101111001111100010111111111101100111110110001011111011111001011111111100111111111111011111110
000000000000000000000
000000000000000000000
000000000000000000000
000100000000000000000
000111000000000000000
000011010110000000000
000011110101000000000
000011111001100000000
000001010001100000000
000001101111111000000
000000011111111100000
000000110111111100000
000000111010011100000
000000011100011010000
000000001101111010000
000000001111111110000
000000000111111111000
000000000011110111000
000000000000000000000
000000000000000000000
000000000000000000000
#
It:117:Diff:36:PSOStep:7:Time:9.776391651:s:AutomataStep:7:Transition:01010001101111111111101111111111010111100111111001111110111111100111101101001110111100110111111011111110011111001101111111000111111111101110010111000111100111101011001010111110111111111000011111111101110011111111111101101111111111111101011110100101111101011111111001101110111000110100111111111011111111111111111110001110111100111101111111110111110111101111000111111101011111111011100101011010000000011110111011111111111101111000111101010111111111101100111110010001101011011111011011111111110101111110011010111100
000000000000000000000
000000000000000000000
000000000000000000000
000100000000000000000
000111000000000000000
000011110000000000000
000010111000000000000
000011111111000000000
000001011011110000000
000001101001011100000
000000110101000110000
000000110010110110000
000000100111111110000
000000011100110110000
000000011101001110000
000000001111110110000
000000000111111110000
000000000011110111000
000000000000000000000
000000000000000000000
000000000000000000000
#
It:249:Diff:33:PSOStep:7:Time:20.606696861:s:AutomataStep:7:Transition:01010010101001111110101110111111000111100111110011110010101111100111011000101110011010110111111111111110011111010111011111101111111111101011010111001111100111111011011001111010111111111100011110011101110001011011001110110010001011111101111110101101101111011011111101111011111010001100111010101011111111111101111111011111111111111101111111111110111111111101010011111101111011011111010111110001011000010100111101111110111101011011111010010111111111101111111110111101011011011110011001111111110111111110011011011101
000000000000000000000
000000000000000000000
000000000000000000000
000100000000000000000
000110000000000000000
000011010000000000000
000010110010000000000
000011111001000000000
000001111111100000000
000001111101111100000
000001101101111110000
000000111111101110000
000000100110111110000
000000111111111110000
000000011111111110000
000000001111111110000
000000000111111110000
000000000011111111000
000000000000000000000
000000000000000000000
000000000000000000000
#
It:257:Diff:32:PSOStep:7:Time:21.291129597:s:AutomataStep:7:Transition:01010000111011111110101111111111001111110110101011110110111101110111111101011110011110110111111111111110111111011111011111100111111101111111010111001111101011111011001001111010111111101110011110111101110011011111011110100110001001010101111110101100101111111011111101011111101010011100111111111011111111111111111111011111101011111101111111110110111111101011110110111101111111110111101101110010011000111010101111111110111101011011010110010111111011101111111110111101011011011110011011111111110101111101111011011111
000000000000000000000
000000000000000000000
000000000000000000000
000100000000000000000
000111000000000000000
000011010000000000000
000011110100000000000
000011111101000000000
000001111011110000000
000000111101111100000
000001111101111110000
000000101111011110000
000000111111010110000
000000110111111110000
000000011111111110000
000000001101111110000
000000000101111110000
000000000011110111000
000000000000000000000
000000000000000000000
000000000000000000000
#
It:403:Diff:30:PSOStep:7:Time:33.258731214:s:AutomataStep:7:Transition:01010010101011111110101010111111000111100111111011110110111101100111010100001110011010110111110111111110111111011111111111101111111001111111010111001111101111111000000001111110111111101100011011111101110000010011011010101110101011110101111110101100001111011010111001011111111010110100101111101011110011111111111110101011101101111101111111110110111111101111110110110101111001111111011101110010001000011011101011011111111101111011111110010111111011101111111010111101111011011111000011111111110101111101111011011101
000000000000000000000
000000000000000000000
000000000000000000000
000100000000000000000
000110000000000000000
000011010000000000000
000010111000000000000
000011111101000000000
000001111011110000000
000001001110110100000
000001101111111110000
000000111111011110000
000000101101111110000
000000111111010110000
000000011101011110000
000000001101110110000
000000000111111110000
000000000011110111000
000000000000000000000
000000000000000000000
000000000000000000000
#
It:466:Diff:29:PSOStep:7:Time:38.531463415:s:AutomataStep:7:Transition:01010000111001011110101010111111001111110110010011110110111101110111010100001110010010110111111011111110111111011101111111100111111001101111010111001111101010111000001001111110111111101100011010111101110010001001011010101010011001110111111110101100101110011010111101001111111010010100111101101011110011111111111110011011101011111101111111110110110111101011110110110101111001111111010101110010001000000010101011011110111101011011111110010111111011101011111110111001011011011111000011111111110101111101111011011101
000000000000000000000
000000000000000000000
000000000000000000000
000100000000000000000
000111000000000000000
000011010000000000000
000011111100000000000
000011111101000000000
000001101011110000000
000001001111110100000
000001111001011110000
000000101111011110000
000000110010011110000
000000111011010110000
000000011111011110000
000000001101110110000
000000000101111110000
000000000011110111000
000000000000000000000
000000000000000000000
000000000000000000000
end
