PSO TRACE
INIT:../../instances/fazia/init.csv
REF:../../instances/fazia/asm1.csv
DecodingPolicy:CPP
MutationPolicy:Null
ParticleNeighborhood:DynamicGeneralizedEuclideanDistance
ParticleDims:515
ParticleCount:100
AccP:2.0
AccG:2.0
AccL:1.5
AccI:2.3
Pos:0.0-3.0
Inertia:0.9-0.6
VeloMax:2.0
MaxPSOIteration:500
InertiaDecrFactor:6.000000000000001E-4
INIT
000000000000000000000
000000000000000000000
000000000000000000000
000000000000000000000
000000000000000000000
000000000000000000000
000000000000000000000
000000000000000000000
000000000000000000000
000000000000000000000
000000000010000000000
000000000000000000000
000000000000000000000
000000000000000000000
000000000000000000000
000000000000000000000
000000000000000000000
000000000000000000000
000000000000000000000
000000000000000000000
000000000000000000000
REF
000000000000000000000
000000000000000000000
000000000000000000000
000110000000000000000
000111000000000000000
000011010000000000000
000010110100000000000
000011111101100000000
000010011011100000000
000001101110111100000
000001111101001010000
000000110111111110000
000001110110101110000
000000110111010010000
000000011111011010000
000000001101110110000
000000000110101110000
000000000011110111000
000000000000000000000
000000000000000000000
000000000000000000000
Classic CPP Decoder
#
It:0:Diff:75:PSOStep:7:Time:0.144069679:s:AutomataStep:7:Transition:01000000111001010000000001000001001010010000100110010111000010000001111000100001111110000000101001100010100001000000100100010110100101011000000110101111100100100011011100011101001110000111011000010001100010111111101011001001001010011010100001100011100001001001100111110110000101001001010111010000001100000111001001000100100000001010001100101000111110110101001100100011110111001100010110101101001101000010011010010110101100000101001111100110010000001011001010011101110101000000111001100101101011000111011101000011
000000000000000000000
000000000000000000000
000000000000000000000
000100000000000000000
000100000000000000000
000010000000000000000
000000000000000000000
000010000100000000000
000000000100000000000
000010111010000000000
000000000001010000000
000010000101001000000
000001110000101100000
000000011100100100000
000000000111000000000
000000000011110100000
000000000000001100000
000000000000000011000
000000000000000000000
000000000000000000000
000000000000000000000
#
It:1:Diff:73:PSOStep:6:Time:0.293076999:s:AutomataStep:6:Transition:01110001111100001010101111101000011011001111100100111101011010000010101101111011001110110100100111100000000100000110110001100010101101011011001100000110010111101101101100001111001010100110010010101100000101111101010001001100010001100110100111111101110111110101100110110010100101111001010011010101100100111100010100001111100011001000101000100010101010110100001111000100111010101110010010001011000101101000000110010011001000100001010101110011011111101010100011010011111011110001011100101101101011100111100001000011
000000000000000000000
000000000000000000000
000000000000000000000
000000000000000000000
000011000000000000000
000010100010000000000
000001110000000000000
000000001010010000000
000000100011100000000
000000100110101000000
000000110111000000000
000000110111001000000
000000011100000000000
000000001110000000000
000000001011100000000
000000000101000000000
000000000010000000000
000000000000000000000
000000000000000000000
000000000000000000000
000000000000000000000
#
It:2:Diff:65:PSOStep:7:Time:0.462162475:s:AutomataStep:7:Transition:01110001111100011110100011111011011111001111110100111111001011000110111101111111111110111111001011100100111111010110101001100111111111001111101111110111101111101111011101011111011111100110011001101101101110111101011000001111111001001110001111111111111011111001101110110011101101111101011011110100111110111001111111111110100001011100001100110010110111110111001111010101111100010101001111001110001101101000011100110010101001110111010111010011010111111010110110010011110111110001111000111111111011110111000111000010
000000000000000000000
000000000000000000000
000000000000000000000
000110000000000000000
000111000000000000000
000001100000000000000
000010001100000000000
000011011010000000000
000001011101000000000
000000011100110000000
000001111110100000000
000001111111110000000
000000101011101000000
000000111010111100000
000000011101010110000
000000000011001100000
000000000000011110000
000000000000000011000
000000000000000000000
000000000000000000000
000000000000000000000
#
It:4:Diff:62:PSOStep:6:Time:0.652052273:s:AutomataStep:6:Transition:01110001111101111011101011111011111111011111110110011110011111011110111110111111001111110110101011100111111111110110111101101101111111101111111111111110111011101111111111011111001110100001011000101101001011111101110001111110111111001111101111111110111011111101101111110011101111111101011111111101110011111110010111111111100011101111011001110010111100110111001111010100111110110011011110111111011101101001110100111111001001101001011111110011011111011110101010000111111111110101011010111111101010110111101111110111
000000000000000000000
000000000000000000000
000000000000000000000
000000000000000000000
000011000000000000000
000011011000000000000
000001110110000000000
000001111101100000000
000011011100110000000
000011111010011000000
000000010111011010000
000011101110111110000
000011011111001110000
000001111111001110000
000001110111011110000
000010111011101110000
000010111011101110000
000000000000000000000
000000000000000000000
000000000000000000000
000000000000000000000
#
It:11:Diff:55:PSOStep:6:Time:1.276979561:s:AutomataStep:6:Transition:01110101111101111011111111111011111111011111110110011101011111010110111111111111001111110110111111100111111111110110101101101101111111101111110111111110111111101111110111011111011111100000010000111101001011011101111001101110111111001111111111111110111111111111101111110011101111111101011111111101110011111100011111111111110011101111011101111011111110110111001111010100110110110011011111111111011101101001111110110111001011110001011111110011011111111110100010101111111111110111111111111111101110110111101111110101
000000000000000000000
000000000000000000000
000000000000000000000
000000000000000000000
000011000000000000000
000011100000000000000
000011101100000000000
000011111111000000000
000011111111100000000
000010111111111000000
000010111011111010000
000000101111111110000
000000011110111110000
000000000011111110000
000000000011111110000
000000000000110110000
000000000000000110000
000000000000000000000
000000000000000000000
000000000000000000000
000000000000000000000
#
It:14:Diff:54:PSOStep:6:Time:1.514614207:s:AutomataStep:6:Transition:01010101111101111001111111111111111111011111110111011101011111010111111111111111001111110110111111100111111111100110101101101111111111111111100101011111101110101111110111011111011111100000010000101101101011011101111001111111111111001111101111110110011111111111101111110011100111111111011111111100111011110100011111111111110011111111011101111011111110110111001111011100110110110011011111111111011101101001111110110111011011110001011111110011011111111110111010101111111111110111111111111111101110110111001111110101
000000000000000000000
000000000000000000000
000000000000000000000
000000000000000000000
000010000000000000000
000011100000000000000
000011101000000000000
000011111110000000000
000011111010100000000
000011111111111000000
000011111110101010000
000001111111111110000
000000110111111110000
000000011011011110000
000000000010001110000
000000000000110110000
000000000000000110000
000000000000000000000
000000000000000000000
000000000000000000000
000000000000000000000
#
It:17:Diff:51:PSOStep:7:Time:1.792248031:s:AutomataStep:7:Transition:01010101111111111011111011111011111111111111110101011101011111000110111111111111001111110110111111110111111111100111101111101111111111101111100100011110111111100111110111011111011111100010011111101101001011001101110001111110111101001111110111111110111111111101111110110111110101111111011111111111110111111100111111111011110011011111001011010011111110110111001111000100110100110010001110010010111101101000110101111110101011111011011111010111011111011110101010101111111111110111111111101111101011110111101111000111
000000000000000000000
000000000000000000000
000000000000000000000
000100000000000000000
000111000000000000000
000111010000000000000
000111111100000000000
000111110101000000000
000111111111110000000
000111011111110100000
000110111101101111000
000011111111111111000
000000100111111111000
000000111011011111000
000000001101111111000
000000001111111111000
000000000111111111000
000000000011111111000
000000000000000000000
000000000000000000000
000000000000000000000
#
It:18:Diff:50:PSOStep:7:Time:1.884499171:s:AutomataStep:7:Transition:01110100011111101011110001111111111111011111111101111111011110100111101110111101011111111111101111101110101010111110111011110111111111111110110101011111111100100101001010011111001111100111011100111111101111111001011001111111111110001110101101111111011111110101011111111011111111101111011111011111111011101110111101101011101011001110100011111110101111111101110111010100111101110110101111101111001101101100110111111110111011101111011111111111111111001111111010111100111111111111111101111111111101010111101011100000
000000000000000000000
000000000000000000000
000000000000000000000
000110000000000000000
000011000000000000000
000011010000000000000
000011111110000000000
000011111011100000000
000011111011110000000
000000111111110100000
000001011111000111000
000000000111111110000
000000110100101100000
000000011011111000000
000000011000110000000
000000001111100000000
000000000111000000000
000000000010000000000
000000000000000000000
000000000000000000000
000000000000000000000
#
It:34:Diff:46:PSOStep:7:Time:3.289730024:s:AutomataStep:7:Transition:01110000011111111011111111111111110011111111111001111101011110010111101110111111011111111110111111110100001111111110110111110111110111111110111101111111111101100111101011011111001111100101001110111111101111111001111001111110111101001110111101111111111111111111011111111011101101011111111111111111111111111110111111101111110011001110110100010111111110111111101111010100111101110010101111100110101111111101110111111111110111100011011111111011011111001111101010101110111111110111111111111011111101110111100111110101
000000000000000000000
000000000000000000000
000000000000000000000
000110000000000000000
000011100000000000000
000011011000000000000
000011111100000000000
000011111011100000000
000011111111111000000
000000101011101110000
000001111111111111000
000000011111101111000
000000111011111111000
000000110111111111000
000000011111111111000
000000001111111111000
000000000111111111000
000000000011111111000
000000000000000000000
000000000000000000000
000000000000000000000
#
It:55:Diff:44:PSOStep:7:Time:5.120074663:s:AutomataStep:7:Transition:01110100011111101011101111111111110101111101111101011101011111010111111110111111010111011110101111110101011111011110110111100111111111011011111111011111111111100111101111010111001111100100001110101111101111011101111001111110111101001110111111111001111110111111001101111001101101111111111111111011011111111110111110101101110011001111111100010111111110111110101101010100111101100010111110101110111101111001110111111111111011111011011111100011011111011110101010000110111111110111111111011011111101110011100111110111
000000000000000000000
000000000000000000000
000000000000000000000
000110000000000000000
000011100000000000000
000011011000000000000
000011111110000000000
000010111111100000000
000011011111110000000
000000111111110000000
000001111111101000000
000000001111111000000
000000111111111100000
000000111101111100000
000000011111111010000
000000001010111110000
000000000111111111000
000000000011111111000
000000000000000000000
000000000000000000000
000000000000000000000
#
It:63:Diff:42:PSOStep:7:Time:5.749163492:s:AutomataStep:7:Transition:01100100011111101111101101110111111111111101110101111111011111010111001110111111100111111110111111100110011111011110110111110111111111011011001011001111111111100111100111000111011011100100000110111111100111011001111001111110111101001110111111111011111111111111001100111011101111011111111111101010011111111010111110010001111011001111111100011111111110101111101101000100111111100011101111101101111101111001110110111111110011111011011111100011011111111110101010010110010111110111111111111011111110000011110011110111
000000000000000000000
000000000000000000000
000000000000000000000
000110000000000000000
000011000000000000000
000011111000000000000
000010111100000000000
000011111111100000000
000011111111110000000
000001111111111110000
000001101111111111000
000000111111111111000
000000111111111111000
000000011111111111000
000000001111111111000
000000001111111111000
000000000111111111000
000000000011111111000
000000000000000000000
000000000000000000000
000000000000000000000
#
It:90:Diff:39:PSOStep:7:Time:7.899020673:s:AutomataStep:7:Transition:01000000011101111011111111101011011111101101110100011101011111010100111111111111010110011110101111110110011111011110110111110111110101001111000111110111111111100111100111000111011111100101001110111111100111111101111011111110111101001111101101111111111110111111011101111011111111011111001111101110111111111110111111011011100011011110111100010111111110101111101101010100111010110000100111111111010101111111111110011111110111111011111111100011001111111111101010000110111111110111111011111111111110111011110101110111
000000000000000000000
000000000000000000000
000000000000000000000
000100000000000000000
000011000000000000000
000011110000000000000
000010111000000000000
000011111111000000000
000011111011000000000
000011111111011100000
000011111100111110000
000011111111101110000
000001111111111110000
000000111111111110000
000000011111101110000
000000001100111110000
000000000111100010000
000000000011111111000
000000000000000000000
000000000000000000000
000000000000000000000
#
It:142:Diff:37:PSOStep:7:Time:12.074849547:s:AutomataStep:7:Transition:01010000111110111111110101110111000111111111111110011101011111010100111101111101111111111110101111100110011111111110110101110110110011111111110001100111111111110111111011100111011111101101001110111111100111010100111111101110111011001111011101111111111111111101011111101011101101011110101110111111110111111010111100111011110011011101111100011011111111111111111101000100110111100000101111111100110111111011111100111101111011111011111111010011001011011110111010111111110111111110111011111101111111101111011111100011
000000000000000000000
000000000000000000000
000000000000000000000
000100000000000000000
000111000000000000000
000011110000000000000
000000011000000000000
000001111101000000000
000000111001000000000
000001111011111000000
000001011101011010000
000000111111101110000
000000111010011110000
000000010011110110000
000000001111011010000
000000000101011110000
000000000110010110000
000000000011111111000
000000000000000000000
000000000000000000000
000000000000000000000
#
It:146:Diff:35:PSOStep:7:Time:12.384084701:s:AutomataStep:7:Transition:01100000110010011111110111111111011111111100111101111111010101110110111101101101111101110110001111100110111111101110111111111110111111111111110101101111101111100110000111000111011111100101001110111011100111110100010110111111111111001110101101101101110110111101011100110001111110111111111111111011111111111010011010110011110011111111110001111001101101111111111101010101111100110000101111111111011101111111110100111010110011110011101110010111101110111010110110111110111111110011111111011111111101010111010111110011
000000000000000000000
000000000000000000000
000000000000000000000
000110000000000000000
000111000000000000000
000010111000000000000
000001110100000000000
000010111111100000000
000011111011010000000
000000101101111110000
000001111111111010000
000001111011111110000
000001111011111010000
000000111111111110000
000000011111111010000
000000001111110110000
000000000110001010000
000000000011111111000
000000000000000000000
000000000000000000000
000000000000000000000
#
It:338:Diff:34:PSOStep:7:Time:27.652200985:s:AutomataStep:7:Transition:01100101111001111010101111001111011110110011111101011111011111000111101101111101110101011100101110111111011111011010010111111111111101011111100111101110111111110111110011100111011111100110011110101111100111111101101110101110111111010111110111110101111111011011011111100111010111011011011111101010111011111111101011010001110011011111111110010101111111101110101101110101111011111001100111111111011111010110110101111011111111111011110111110111011111011111011110110011011111010111111111111011111100111111011101100101
000000000000000000000
000000000000000000000
000000000000000000000
000110000000000000000
000110000000000000000
000011011000000000000
000011111110000000000
000011111101100000000
000010101111111000000
000001101111111110000
000001111111111110000
000000111111111110000
000000100010111110000
000000001111111110000
000000011011111110000
000000001111111110000
000000000110101010000
000000000011111111000
000000000000000000000
000000000000000000000
000000000000000000000
#
It:348:Diff:33:PSOStep:7:Time:28.464727173:s:AutomataStep:7:Transition:01100100111111011111111111111111011111111111111101111111010111010111111101101101111100011110101111110110111111111010111111111111111111011111110101111111101111010111110111100111011111110111001110111110100111010101011110101111111110011110111101101111110110111111011100110011111111011111101111111011110111111011111011110011110011111111111101111110101111111111111101010101111110111010101111111111011111101011110111111011110111111111111111110111111111111110010010101110111111110111111110011111111101010111010111110111
000000000000000000000
000000000000000000000
000000000000000000000
000110000000000000000
000111000000000000000
000011111000000000000
000000110100000000000
000010111101100000000
000011111111110000000
000001111111111110000
000001111111111110000
000001101111111110000
000001111111111110000
000000111111111110000
000000011111111110000
000000001111111110000
000000000101111110000
000000000011111111000
000000000000000000000
000000000000000000000
000000000000000000000
#
It:386:Diff:32:PSOStep:7:Time:31.619217443:s:AutomataStep:7:Transition:01100000111011001111110111101111010111010001111111111111011110000110111101111111111111111011001111100110011111100110111111101111111111111110111101010111101011100111111111011111011111110101000110111011100111110101111110111110111110001111111111111111010111111101001111011011111111111101111111111011111111111010111110111101111011111110111100111111111101111111111101010101111111110001101111111011111101111010111101111111110111111011101110010111011111111110110110001110111111110111011111011111111111111111000101100111
000000000000000000000
000000000000000000000
000000000000000000000
000110000000000000000
000111000000000000000
000001010000000000000
000011111100000000000
000011011111000000000
000011111111110000000
000000101110110110000
000001110111101010000
000001111111111110000
000001101111011110000
000000110111111110000
000000011110001010000
000000001111110110000
000000000110001010000
000000000011111111000
000000000000000000000
000000000000000000000
000000000000000000000
#
It:454:Diff:30:PSOStep:7:Time:37.275406418:s:AutomataStep:7:Transition:01100000111011101111110111111111011111110001111111011111000111010110111101111101110111111110111110111110011111111110111111111111111111111111110101001111111111110111011011100111011101100101001110111110100111111101111110111111111100011101011101111101111111111011011110111011011111011111111101101011111011111010111011111101010001111111111111111110110110111111101111110101011110101011101111111010111111101101111101111111101011110110101111110111111110111011111110110101111010010111111111111111111110010111011111110001
000000000000000000000
000000000000000000000
000000000000000000000
000110000000000000000
000111000000000000000
000011111000000000000
000001110100000000000
000011111101100000000
000011110011110000000
000001111111111110000
000001111111111110000
000001111111111110000
000001111001101110000
000000111111111110000
000000011111011110000
000000001111111110000
000000000110101010000
000000000011111111000
000000000000000000000
000000000000000000000
000000000000000000000
end
