PSO TRACE
INIT:../../instances/fazia/init.csv
REF:../../instances/fazia/asm1.csv
DecodingPolicy:CPP
MutationPolicy:Null
ParticleNeighborhood:DynamicGeneralizedEuclideanDistance
ParticleDims:515
ParticleCount:100
AccP:2.0
AccG:2.0
AccL:1.5
AccI:2.3
Pos:0.0-3.0
Inertia:0.9-0.6
VeloMax:2.0
MaxPSOIteration:500
InertiaDecrFactor:6.000000000000001E-4
INIT
000000000000000000000
000000000000000000000
000000000000000000000
000000000000000000000
000000000000000000000
000000000000000000000
000000000000000000000
000000000000000000000
000000000000000000000
000000000000000000000
000000000010000000000
000000000000000000000
000000000000000000000
000000000000000000000
000000000000000000000
000000000000000000000
000000000000000000000
000000000000000000000
000000000000000000000
000000000000000000000
000000000000000000000
REF
000000000000000000000
000000000000000000000
000000000000000000000
000110000000000000000
000111000000000000000
000011010000000000000
000010110100000000000
000011111101100000000
000010011011100000000
000001101110111100000
000001111101001010000
000000110111111110000
000001110110101110000
000000110111010010000
000000011111011010000
000000001101110110000
000000000110101110000
000000000011110111000
000000000000000000000
000000000000000000000
000000000000000000000
Classic CPP Decoder
#
It:0:Diff:76:PSOStep:5:Time:0.127363774:s:AutomataStep:5:Transition:01110001101111111111010110010110111111111111111111111101011011111101100100111111111110111110111111111111111111111111111011111011011111011111110101111011110111111001111110111101111101111011111111111111111001111110011101111001110111010111011110011101111111010111111111111111111010111111111111111111111001111101011101011011110111011101111110111110101111111111111111110011110111110000101100111111111010110111100100100111111101011111110111101010111110011001101101111111101101001110001111111111111111111111111110110111
000000000000000000000
000000000000000000000
000000000000000000000
000000000000000000000
000000000000000000000
000001100000000000000
000001111000000000000
000001111110000000000
000000111111100000000
000001101111111000000
000001111001111100000
000001111110110000000
000000000111000000000
000001111100000000000
000001110000000000000
000001000000000000000
000000000000000000000
000000000000000000000
000000000000000000000
000000000000000000000
000000000000000000000
#
It:2:Diff:58:PSOStep:6:Time:0.434193622:s:AutomataStep:6:Transition:01110001101111111111011100111110111111111111101111011111111011111100101110011111111110111110111111011111111111011111111011111111011111111101111111111011100111010101000101100101111101111111111111111111111011110110111101111011110111011111011110110111111110101111111111011111101000111111111111111011101111111111001100101011111111011111111111111110001011111111111101111111111111111110100100111111111110110101100100100111111101011111111111101010111101111001101101111111101110101110001111101111101111011111101111110111
000000000000000000000
000000000000000000000
000000000000000000000
000000000000000000000
000011000000000000000
000001110000000000000
000000111100000000000
000010100111000000000
000010111111110000000
000011110111111100000
000010111111011110000
000000110110101010000
000011111111101110000
000010110111111010000
000001110111111110000
000010111010111010000
000010101010101010000
000000000000000000000
000000000000000000000
000000000000000000000
000000000000000000000
#
It:5:Diff:52:PSOStep:6:Time:0.731144259:s:AutomataStep:6:Transition:01110001111111111111011000111111101111111111101111110111111010110100100010111011011110011110011111111111011111011111101011011010111111111111100111111011000111011000000101110011111100010101111011111111111001111100111101111011110111010101011110111101111110011101111001010111101010111101110101110011111101111101001100001111011111111111011110111111001111111111011100010111110101101110100101011111111100111111000100100111101101111111111111101010111110110001101111110111101101011111011111111111101111011111101111110011
000000000000000000000
000000000000000000000
000000000000000000000
000000000000000000000
000011000000000000000
000011110000000000000
000011111100000000000
000001101111000000000
000001111111110000000
000010101111111100000
000011111111111110000
000001111111111100000
000000111110101010000
000000011111111100000
000000001110001110000
000000000111111100000
000000000010101010000
000000000000000000000
000000000000000000000
000000000000000000000
000000000000000000000
#
It:8:Diff:49:PSOStep:6:Time:1.002065473:s:AutomataStep:6:Transition:01110001111010111111011100111110101111111011100111111111101100110100100011111011001110011110111111100011011110011011011011011011111111101111100101111011110010011001001101010010111100110111111111111111011010111100011001111111110101011101011100101011001110011101011001111110010111111111110111011111111100111101001100101011111111111101011110111101001111101111011100110111110101001110100111001111111100011100000101100111101101011111111111101010111100110011101110110110101111111110001110011111101111111110101111111011
000000000000000000000
000000000000000000000
000000000000000000000
000000000000000000000
000011000000000000000
000011110000000000000
000011111100000000000
000011110011000000000
000011111011110000000
000011111110111100000
000010111101111110000
000001010110111110000
000000110111111110000
000000011111111110000
000000000111111110000
000000000111011110000
000000000011001110000
000000000000000000000
000000000000000000000
000000000000000000000
000000000000000000000
#
It:16:Diff:45:PSOStep:6:Time:1.666600675:s:AutomataStep:6:Transition:01110001111010011111011100111110111111111011101111111101101001110100101111011011101101011110111111110011011111011001001011111011111111111111100101110010011111011000101101101000111110111111111111011111110011111110001101111011110101010011010110111011101110011101111011011110001110110101111111111110111100111101011100111111111111011111011111011001001111101111011101111111110001001110101101010101111101101111001100100111100001011111111111110010111100110110001111010100101101111110101111001111100111111100111111111011
000000000000000000000
000000000000000000000
000000000000000000000
000000000000000000000
000011000000000000000
000011110000000000000
000011111100000000000
000011111111000000000
000011111111110000000
000011111111111100000
000011111111111110000
000001111111111110000
000000111111111110000
000000011111011110000
000000001111111110000
000000000111111110000
000000000010101010000
000000000000000000000
000000000000000000000
000000000000000000000
000000000000000000000
#
It:31:Diff:44:PSOStep:6:Time:2.826870904:s:AutomataStep:6:Transition:01100001111111111110011010110101111111111011101111111101101001110100100111011110101100011110101111111110011111111011001011111011111001111111011111110011011111001001100111101110111110111111010111111111110111100110101111111101110111001111010110111011101110011111111011010110101010110110111111111110111101111001111100011101111111011111011111001110101111111111011101111111010001100111101101011101001111111101010100101111101100011111111111101011111100111110001111010100101101111111111111101111101111111111111110111001
000000000000000000000
000000000000000000000
000000000000000000000
000000000000000000000
000010000000000000000
000011110000000000000
000010111100000000000
000011011111000000000
000010111011110000000
000011111110111100000
000011111111111110000
000001111111111110000
000000111110101110000
000000011111101110000
000000001111111110000
000000000111111110000
000000000010111010000
000000000000000000000
000000000000000000000
000000000000000000000
000000000000000000000
#
It:64:Diff:40:PSOStep:7:Time:5.426574427:s:AutomataStep:7:Transition:01110001111111111100001010110111011111111011101111111111111011110000100100111110101110011100101111011111011010111011101011111011101010110111001111101011011111010001100111111110111011111111001111111111110111100111100111111101110101111001011110111011101111111101111011010110101010011011010101111110110100111001111100011101111111011111011111111100111110111110011001111111110001100010100111011101000011111101010100101111111101011111101111101011111100111110011111110110111101111100011001101111101111111101111101110011
000000000000000000000
000000000000000000000
000000000000000000000
000110000000000000000
000111100000000000000
000011111000000000000
000010011110000000000
000001110111100000000
000001011101111000000
000000101110111110000
000000111111111010000
000000011111111110000
000000011100111110000
000000001010010110000
000000001111101110000
000000000101110110000
000000000110101110000
000000000011111111000
000000000000000000000
000000000000000000000
000000000000000000000
#
It:131:Diff:39:PSOStep:7:Time:10.700449999:s:AutomataStep:7:Transition:01100000111111111100011000110101011111111011101101111111101010110000000110011100101111001100101111111011011010011010001011111001111001111111111111000011011111000000100111111100111110111111000111001111110111000111100111101101110101001111010110111011101010011110111011000100111010110110011111111110111100111001111100001101111111011111011011101010111110111111001111111111101101110010100110010101001011111101111100100111101000011111101111101011011100111010011110010100111101111101011011101111101101111111101101111011
000000000000000000000
000000000000000000000
000000000000000000000
000110000000000000000
000101000000000000000
000011111000000000000
000111100100000000000
000011011101100000000
000111011101110000000
000011101111111110000
000111111111111110000
000010011111011110000
000001111111111110000
000000111101110110000
000000011111110110000
000000001111110110000
000000000111001110000
000000000011111111000
000000000000000000000
000000000000000000000
000000000000000000000
#
It:187:Diff:37:PSOStep:7:Time:15.099914887:s:AutomataStep:7:Transition:01100000111111111110011110100101011111111011111100111111101010110000101110011110100101011110101111111010011111111011001011110001110001011111111101101010011111000001101111111101111110111011111111111111110110000111001101111111110111101111011110111011101110011101111011110110110010110110111001111111111100111001111100011101111111011111011011101110110111111110010111111111101100110000101110011001001011101101101101101111111100011101001111111011111100111011001110110111111101110101011101101111101111111111101101110011
000000000000000000000
000000000000000000000
000000000000000000000
000110000000000000000
000111000000000000000
000001111000000000000
000110111100000000000
000011110101100000000
000110111011110000000
000011111111101110000
000111111101111110000
000011111111111110000
000001111111111110000
000000111111111110000
000000011111011110000
000000001111111110000
000000000101011110000
000000000011111111000
000000000000000000000
000000000000000000000
000000000000000000000
#
It:196:Diff:31:PSOStep:7:Time:15.844211529:s:AutomataStep:7:Transition:01100000011111111100011010110101011111111011111101111111001011110100101110111110100101011110101111111011011111111011101111111000111001011111111111111010011111000001001111111101111110111011111111111111110110001111001101111111110111111111011110111011111010111101111011110100111010110110111101111111111100111101111100011101111111011111011010111110110111111111011101111111101100110000101110011001001011101101101100101111111100011110011111111011111100111011011111100111111101110111111111101111101111110111111111111011
000000000000000000000
000000000000000000000
000000000000000000000
000110000000000000000
000011000000000000000
000011111000000000000
000010101100000000000
000011111111100000000
000011011111110000000
000001110111111110000
000001111101111110000
000000110111111110000
000001111111111110000
000000100111111110000
000000011101111110000
000000001111111110000
000000000111111110000
000000000011111111000
000000000000000000000
000000000000000000000
000000000000000000000
#
It:304:Diff:30:PSOStep:7:Time:24.222924916:s:AutomataStep:7:Transition:01000000011111111100011010110101011111111010111110111111001011110100100110111000101101011111101111111011011111111011101111111000111001011111111111111010011111000011001111111001111010111011011111111111110110001110101101111011110111111111011110111011101010101100111011100100111010011000011111111111101100111001111100011101111111011110011010011110111111111111010101111111101100110000101110011001001111101000101100001111111100011110011111111011111100111010010110100111111101110111111101101111101111110101111111111011
000000000000000000000
000000000000000000000
000000000000000000000
000100000000000000000
000011000000000000000
000010110000000000000
000000111100000000000
000011000111000000000
000011111010110000000
000001101111111100000
000001111101111010000
000000110111100110000
000001110110111110000
000000111111110110000
000000011111011110000
000000001111111110000
000000000111111110000
000000000011111111000
000000000000000000000
000000000000000000000
000000000000000000000
#
It:399:Diff:28:PSOStep:7:Time:32.294763369:s:AutomataStep:7:Transition:01000000011111111100011010110101011111110011101101111111101011100100110110111110101100001110101111110101011111111100101111111000110010111111111111111011011111000011101111111101111110111111110111101111110110101111100111111111110111111111011110111001001010011101111011111100010010110111111101111110111100111101111100011111111111011111011011101111111111111111011101111111101100101001001110011111001111111101100101100111111100011111111111111011111100111111011110100111111111110111101101101111100111011111111110111011
000000000000000000000
000000000000000000000
000000000000000000000
000100000000000000000
000011000000000000000
000011110000000000000
000001111100000000000
000011111111000000000
000011111011110000000
000001101111111100000
000001111001111110000
000000111111111110000
000001111110111110000
000000111111111110000
000000011111011110000
000000001111111110000
000000000111101110000
000000000011111111000
000000000000000000000
000000000000000000000
000000000000000000000
end
