PSO TRACE
INIT:../../instances/fazia/init.csv
REF:../../instances/fazia/asvn2.csv
DecodingPolicy:Nibble
MutationPolicy:Std
ParticleNeighborhood:Fixed
ParticleDims:146
ParticleCount:100
AccP:2.0
AccG:2.0
AccL:1.5
AccI:2.3
Pos:0.0-3.0
Inertia:0.9-0.6
VeloMax:2.0
MaxPSOIteration:500
InertiaDecrFactor:6.000000000000001E-4
INIT
000000000000000000000
000000000000000000000
000000000000000000000
000000000000000000000
000000000000000000000
000000000000000000000
000000000000000000000
000000000000000000000
000000000000000000000
000000000000000000000
000000000010000000000
000000000000000000000
000000000000000000000
000000000000000000000
000000000000000000000
000000000000000000000
000000000000000000000
000000000000000000000
000000000000000000000
000000000000000000000
000000000000000000000
REF
000000000000000000000
000000000000000000000
000000000000000000000
000000000010000000000
000000000101000000000
000000001000100000000
000000010100010000000
000000100010001000000
000001010001000100000
000010001010101010000
000100010001000101000
000010001000100010000
000001000100010100000
000000100010001000000
000000010001010000000
000000001000100000000
000000000101000000000
000000000010000000000
000000000000000000000
000000000000000000000
000000000000000000000
Nibble Decoder
0 :1,2,3,4,
1 :0,2,3,4,
2 :0,1,3,4,
3 :0,1,2,4,
4 :0,1,2,3,
5 :6,7,8,9,
6 :5,7,8,9,
7 :5,6,8,9,
8 :5,6,7,9,
9 :5,6,7,8,
10 :11,12,13,14,
11 :10,12,13,14,
12 :10,11,13,14,
13 :10,11,12,14,
14 :10,11,12,13,
15 :16,17,18,19,
16 :15,17,18,19,
17 :15,16,18,19,
18 :15,16,17,19,
19 :15,16,17,18,
20 :21,22,23,24,
21 :20,22,23,24,
22 :20,21,23,24,
23 :20,21,22,24,
24 :20,21,22,23,
25 :26,27,28,29,
26 :25,27,28,29,
27 :25,26,28,29,
28 :25,26,27,29,
29 :25,26,27,28,
30 :31,32,33,34,
31 :30,32,33,34,
32 :30,31,33,34,
33 :30,31,32,34,
34 :30,31,32,33,
35 :36,37,38,39,
36 :35,37,38,39,
37 :35,36,38,39,
38 :35,36,37,39,
39 :35,36,37,38,
40 :41,42,43,44,
41 :40,42,43,44,
42 :40,41,43,44,
43 :40,41,42,44,
44 :40,41,42,43,
45 :46,47,48,49,
46 :45,47,48,49,
47 :45,46,48,49,
48 :45,46,47,49,
49 :45,46,47,48,
50 :51,52,53,54,
51 :50,52,53,54,
52 :50,51,53,54,
53 :50,51,52,54,
54 :50,51,52,53,
55 :56,57,58,59,
56 :55,57,58,59,
57 :55,56,58,59,
58 :55,56,57,59,
59 :55,56,57,58,
60 :61,62,63,64,
61 :60,62,63,64,
62 :60,61,63,64,
63 :60,61,62,64,
64 :60,61,62,63,
65 :66,67,68,69,
66 :65,67,68,69,
67 :65,66,68,69,
68 :65,66,67,69,
69 :65,66,67,68,
70 :71,72,73,74,
71 :70,72,73,74,
72 :70,71,73,74,
73 :70,71,72,74,
74 :70,71,72,73,
75 :76,77,78,79,
76 :75,77,78,79,
77 :75,76,78,79,
78 :75,76,77,79,
79 :75,76,77,78,
80 :81,82,83,84,
81 :80,82,83,84,
82 :80,81,83,84,
83 :80,81,82,84,
84 :80,81,82,83,
85 :86,87,88,89,
86 :85,87,88,89,
87 :85,86,88,89,
88 :85,86,87,89,
89 :85,86,87,88,
90 :91,92,93,94,
91 :90,92,93,94,
92 :90,91,93,94,
93 :90,91,92,94,
94 :90,91,92,93,
95 :96,97,98,99,
96 :95,97,98,99,
97 :95,96,98,99,
98 :95,96,97,99,
99 :95,96,97,98,
#
It:0:Diff:44:PSOStep:1:Time:0.399224379:s:AutomataStep:1:Transition:00100100010010100100001010100000100011100100001001000110000011001100001010000100010011001000010001101110010000000000110000100100000011101100010000001000101010001110011001100110011000000110011011000100010011101110111000101110001000100010010011001100101011100000000011100110101000000100000000001010001001101100101010000010110000101010111000000000000000000000111011000010010001000110100001001100100010100100010010000000000000100010100000101010110001101100100000100110101011100010010010000110010000100100001010000100
000000000000000000000
000000000000000000000
000000000000000000000
000000000000000000000
000000000000000000000
000000000000000000000
000000000000000000000
000000000000000000000
000000000000000000000
000000000010000000000
000000000001000000000
000000000100000000000
000000000000000000000
000000000000000000000
000000000000000000000
000000000000000000000
000000000000000000000
000000000000000000000
000000000000000000000
000000000000000000000
000000000000000000000
#
It:6:Diff:43:PSOStep:2:Time:1.102245749:s:AutomataStep:2:Transition:00000100100000100000111001001000110011101000000010001000100000101100010011000000100001100110100001100010100000100100111011101000111011101110011000101000011000000010111011100110010000000010110011101100100000100010001000100010011010100110000001100010010011100100100000100110111010001000111000100100110001101110000001001110001001100100010011001000110001001010100001001100000010000010100001000110001000100000100001101000010011001100100001101110101000101010011001001110001000100010010010001000100000100100010000100110
000000000000000000000
000000000000000000000
000000000000000000000
000000000000000000000
000000000000000000000
000000000000000000000
000000000000000000000
000000000000000000000
000000000000000000000
000000000010000000000
000000000001100000000
000000001000000000000
000000001100000000000
000000000000000000000
000000000000000000000
000000000000000000000
000000000000000000000
000000000000000000000
000000000000000000000
000000000000000000000
000000000000000000000
#
It:9:Diff:42:PSOStep:3:Time:1.330681845:s:AutomataStep:3:Transition:00100100001011100100000001000110101000101110101011100110010001100110000001000100011010001110010000000110111001100010010011100100001000000000101001000100000000000000011011100000010000100000000001000000010000000000000000000000000000000100010001000100111001100100010000000000000001000100110001000010000001001010011001000100111000000100000011000100001001101110000011000100000000000000010011100100101010100100010001000110110001001000111011000100000000001100000001000100000000000000000001100100010000000000000011001010
000000000000000000000
000000000000000000000
000000000000000000000
000000000000000000000
000000000000000000000
000000000000000000000
000000000000000000000
000000000010000000000
000000000001000000000
000000000000100000000
000000000001010000000
000000000000000000000
000000000000000000000
000000000000000000000
000000000000000000000
000000000000000000000
000000000000000000000
000000000000000000000
000000000000000000000
000000000000000000000
000000000000000000000
#
It:11:Diff:38:PSOStep:7:Time:1.512254926:s:AutomataStep:7:Transition:00100010100000100010011000000000111001100100101011101100010011000000110001000100011001100010100001100110100001000100011000100100100011001100100001000000011000000110110010000110001001000110110011100100100001101100111001100110011010100110110001000100100000100000001010100000011011000100010001000010110001000010011001000000111010000100011010000010110001000000110010000010101011000110100001000100110010100100010001000110000000100000010011000110011001100000001000000100110001101110110010000100000011001100011011000100
000000000000000000000
000000000000000000000
000000000000000000000
000000000010000000000
000000000101000000000
000000000011100000000
000000000000010000000
000000100000001000000
000001010010001100000
000011101001001110000
000100011110001101000
000011010000100010000
000001101000101000000
000000110011000000000
000000011101000000000
000000001101100000000
000000000101000000000
000000000010000000000
000000000000000000000
000000000000000000000
000000000000000000000
#
It:53:Diff:35:PSOStep:7:Time:4.611971346:s:AutomataStep:7:Transition:00100110001001000010011000001100111011001100011011100000000001100000010001000010001010101010111011000110100000100010011010000000100001101100001010000010011000100010110011000110001000100110101001100010010001000000010001101010111010000110111000101000100001100010000001100010000001100010001000101010110000100010111000000100111011001000111001001100011001000010011011000010011000001000010000100010000011000010010011000110100000100010001000101000011001100010001001000010011011000110001001001100001011101110011010101100
000000000000000000000
000000000000000000000
000000000000000000000
000000000010000000000
000000000001000000000
000000000010100000000
000000000000010000000
000000000010101000000
000000000001010000000
000000000011101110000
000000000000000001000
000000000000000110000
000000000001010000000
000000000011100000000
000000000001010000000
000000000001100000000
000000000001000000000
000000000010000000000
000000000000000000000
000000000000000000000
000000000000000000000
#
It:436:Diff:34:PSOStep:7:Time:31.910800036:s:AutomataStep:7:Transition:00100010001011000010011000000010111010100100001000101100110000100010000000000010001001101100001011000010001000100010001011000010111010100110001000101100001000001010001010001100111000000000110000100010001010101110001011000010110000001100110000100010001011100010000001100010110000100010001011000010001011000010001011001110000001000000101011001100110000101110011001000110110001101110001000100110101000100010101001000010001000000010000000001100011011100010111000000010001011101000101000100100001000101110001000100010
000000000000000000000
000000000000000000000
000000000000000000000
000000000010000000000
000000000001000000000
000000000010100000000
000000000000010000000
000000000010001000000
000000000001010100000
000000000010100110000
000000000000011101000
000000000001100010000
000000000010110100000
000000000001011000000
000000000001010000000
000000000011100000000
000000000001000000000
000000000010000000000
000000000000000000000
000000000000000000000
000000000000000000000
end
