PSO TRACE
INIT:../../instances/fazia/init.csv
REF:../../instances/fazia/asvn2.csv
DecodingPolicy:Nibble
MutationPolicy:Std
ParticleNeighborhood:Fixed
ParticleDims:146
ParticleCount:100
AccP:2.0
AccG:2.0
AccL:1.5
AccI:2.3
Pos:0.0-3.0
Inertia:0.9-0.6
VeloMax:2.0
MaxPSOIteration:500
InertiaDecrFactor:6.000000000000001E-4
INIT
000000000000000000000
000000000000000000000
000000000000000000000
000000000000000000000
000000000000000000000
000000000000000000000
000000000000000000000
000000000000000000000
000000000000000000000
000000000000000000000
000000000010000000000
000000000000000000000
000000000000000000000
000000000000000000000
000000000000000000000
000000000000000000000
000000000000000000000
000000000000000000000
000000000000000000000
000000000000000000000
000000000000000000000
REF
000000000000000000000
000000000000000000000
000000000000000000000
000000000010000000000
000000000101000000000
000000001000100000000
000000010100010000000
000000100010001000000
000001010001000100000
000010001010101010000
000100010001000101000
000010001000100010000
000001000100010100000
000000100010001000000
000000010001010000000
000000001000100000000
000000000101000000000
000000000010000000000
000000000000000000000
000000000000000000000
000000000000000000000
Nibble Decoder
0 :1,2,3,4,
1 :0,2,3,4,
2 :0,1,3,4,
3 :0,1,2,4,
4 :0,1,2,3,
5 :6,7,8,9,
6 :5,7,8,9,
7 :5,6,8,9,
8 :5,6,7,9,
9 :5,6,7,8,
10 :11,12,13,14,
11 :10,12,13,14,
12 :10,11,13,14,
13 :10,11,12,14,
14 :10,11,12,13,
15 :16,17,18,19,
16 :15,17,18,19,
17 :15,16,18,19,
18 :15,16,17,19,
19 :15,16,17,18,
20 :21,22,23,24,
21 :20,22,23,24,
22 :20,21,23,24,
23 :20,21,22,24,
24 :20,21,22,23,
25 :26,27,28,29,
26 :25,27,28,29,
27 :25,26,28,29,
28 :25,26,27,29,
29 :25,26,27,28,
30 :31,32,33,34,
31 :30,32,33,34,
32 :30,31,33,34,
33 :30,31,32,34,
34 :30,31,32,33,
35 :36,37,38,39,
36 :35,37,38,39,
37 :35,36,38,39,
38 :35,36,37,39,
39 :35,36,37,38,
40 :41,42,43,44,
41 :40,42,43,44,
42 :40,41,43,44,
43 :40,41,42,44,
44 :40,41,42,43,
45 :46,47,48,49,
46 :45,47,48,49,
47 :45,46,48,49,
48 :45,46,47,49,
49 :45,46,47,48,
50 :51,52,53,54,
51 :50,52,53,54,
52 :50,51,53,54,
53 :50,51,52,54,
54 :50,51,52,53,
55 :56,57,58,59,
56 :55,57,58,59,
57 :55,56,58,59,
58 :55,56,57,59,
59 :55,56,57,58,
60 :61,62,63,64,
61 :60,62,63,64,
62 :60,61,63,64,
63 :60,61,62,64,
64 :60,61,62,63,
65 :66,67,68,69,
66 :65,67,68,69,
67 :65,66,68,69,
68 :65,66,67,69,
69 :65,66,67,68,
70 :71,72,73,74,
71 :70,72,73,74,
72 :70,71,73,74,
73 :70,71,72,74,
74 :70,71,72,73,
75 :76,77,78,79,
76 :75,77,78,79,
77 :75,76,78,79,
78 :75,76,77,79,
79 :75,76,77,78,
80 :81,82,83,84,
81 :80,82,83,84,
82 :80,81,83,84,
83 :80,81,82,84,
84 :80,81,82,83,
85 :86,87,88,89,
86 :85,87,88,89,
87 :85,86,88,89,
88 :85,86,87,89,
89 :85,86,87,88,
90 :91,92,93,94,
91 :90,92,93,94,
92 :90,91,93,94,
93 :90,91,92,94,
94 :90,91,92,93,
95 :96,97,98,99,
96 :95,97,98,99,
97 :95,96,98,99,
98 :95,96,97,99,
99 :95,96,97,98,
#
It:0:Diff:43:PSOStep:3:Time:0.502364226:s:AutomataStep:3:Transition:00100110111010000010110001101010100011001110110010101100111000000100000010001110101001001010011001101110010010101010101001001100110010001010010000100000110010000100001000100000100010101100111011100110111011000110110001001110100010101000011010001010110010001110001001100000100010000110101000101010000010000010000000000110101010001000001011001010001001100110101010001100010010001110010001000000110010000110110010100100100001000110111000001000101000001110110011100110110011000100011000000100000010100110110010000010
000000000000000000000
000000000000000000000
000000000000000000000
000000000000000000000
000000000000000000000
000000000000000000000
000000000000000000000
000000000010000000000
000000000001000000000
000000001010100000000
000000010001110000000
000000001011000000000
000000000110110000000
000000000011110000000
000000000000000000000
000000000000000000000
000000000000000000000
000000000000000000000
000000000000000000000
000000000000000000000
000000000000000000000
#
It:10:Diff:37:PSOStep:7:Time:1.571108544:s:AutomataStep:7:Transition:00100100001001000010101001100100111001100100001000100000001001000010011000100110011010100110001001100110010011100010011011000010001001000100101000100000010010100010001010000000100011100010011001001100010000101010001000100110010001101010110000101000011010000000001010101000000010000110011000101000010010000010011000100000011010100010011000100010100010000100000001100100011001000110011001101110011011001100011000100110000000100110010001101100001001001000001001000000011000000110110010000100000000100110001011101000
000000000000000000000
000000000000000000000
000000000000000000000
000000000010000000000
000000000001000000000
000000000000100000000
000000000000010000000
000000000000001000000
000000000000000100000
000000000000000010000
000000000000000001000
000000000000000000000
000000000000000000000
000000000000000000000
000000000000000000000
000000000000000000000
000000000000000000000
000000000000000000000
000000000000000000000
000000000000000000000
000000000000000000000
#
It:76:Diff:36:PSOStep:7:Time:6.746143355:s:AutomataStep:7:Transition:00100010100011000010010011000000101001100000001001100010111011000010001011101010101010100110101010101010100010001110101011100100111001001110110000101110010000100010001000101000001000101000101010101010100000101010001000101010011010100010110011000010101011000010100010100010101011001010101000100110101001100010110010101100001001100010001000100110001000100000100010101010000010101010101010101000101011001000101000101010101000101010101011101000100010100010001000000010001011101010011010001010010000100100001000100010
000000000000000000000
000000000000000000000
000000000000000000000
000000000010000000000
000000000101000000000
000000000110100000000
000000000001110000000
000000001010111000000
000000110011000100000
000011011100100010000
000100000101011101000
000010100111001010000
000001000110011100000
000000101000001000000
000000010001000000000
000000001001100000000
000000000101000000000
000000000010000000000
000000000000000000000
000000000000000000000
000000000000000000000
#
It:79:Diff:27:PSOStep:7:Time:7.020285067:s:AutomataStep:7:Transition:00100000100010100010001000001010101011101010001000100100101010100010001000101010101001000000101001101100010000001010000011101010100011100000001011000010101000100010100011101000011001100010101010100110100011001010001000100000110010101010101000101000101001000010111010100010101010100110001011100010011010100010011010100010101010000010001000100010001000101010101001101010111010101010101010100010101011001110101000101010101010001000011010101010001000000010111011100010010010101010011000101110000000101000001001001000
000000000000000000000
000000000000000000000
000000000000000000000
000000000010000000000
000000000101000000000
000000000010100000000
000000010101010000000
000000100000101000000
000001010011110100000
000010000000100010000
000101010001001001000
000010010010001110000
000001000101010100000
000000101000001000000
000000010100010000000
000000001011100000000
000000000101000000000
000000000010000000000
000000000000000000000
000000000000000000000
000000000000000000000
#
It:204:Diff:20:PSOStep:7:Time:16.285436205:s:AutomataStep:7:Transition:00100110111011100010001001100000111010101000001010100110000000000010001000100000000000100000101001100100011011101100100010000000100000001100001010000100000010000010001000001000010010100010000010101010101000000000001011000100100000000100101000100000000000000010000011101010001000100100001011100010111000000010100011000010000011100010001000100010001010000000000010000000000001100000000000001010000001000110000000100110000000100010101000000000001011101100000010001010010010100000011000101100010000101000001000001000
000000000000000000000
000000000000000000000
000000000000000000000
000000000010000000000
000000000101000000000
000000001000100000000
000000010000010000000
000000100010001000000
000001010100000100000
000010000000000010000
000101110000000101000
000010101010001010000
000001010000010100000
000000101010101000000
000000010101010000000
000000001010100000000
000000000101000000000
000000000010000000000
000000000000000000000
000000000000000000000
000000000000000000000
#
It:325:Diff:19:PSOStep:7:Time:25.497234633:s:AutomataStep:7:Transition:00100010110011000010101011101100110010001000110000101100001000000010001000101000000000100100001000101100110010001000010001001100111011000010111000101100000011100010001011001100100000100010110010001100011001001100001000100110110011001100100000101110110010100010000011101000001000101010101011001100100011001010010011000000101000100010101000100010011011001000011011000010110011001100110011000010110011001100010000101100110000000010010011001100001011000010001010101010011001101100110000101010001000101010001000101110
000000000000000000000
000000000000000000000
000000000000000000000
000000000010000000000
000000000101000000000
000000001010100000000
000000010101010000000
000000101010101000000
000001010101010100000
000010101010101010000
000101010101010101000
000010101010101010000
000001010101010100000
000000101010101000000
000000010101010000000
000000001010100000000
000000000101000000000
000000000010000000000
000000000000000000000
000000000000000000000
000000000000000000000
end
