PSO TRACE
INIT:../../instances/fazia/init.csv
REF:../../instances/fazia/asvn2.csv
DecodingPolicy:Nibble
MutationPolicy:Std
ParticleNeighborhood:Fixed
ParticleDims:146
ParticleCount:100
AccP:2.0
AccG:2.0
AccL:1.5
AccI:2.3
Pos:0.0-3.0
Inertia:0.9-0.6
VeloMax:2.0
MaxPSOIteration:500
InertiaDecrFactor:6.000000000000001E-4
INIT
000000000000000000000
000000000000000000000
000000000000000000000
000000000000000000000
000000000000000000000
000000000000000000000
000000000000000000000
000000000000000000000
000000000000000000000
000000000000000000000
000000000010000000000
000000000000000000000
000000000000000000000
000000000000000000000
000000000000000000000
000000000000000000000
000000000000000000000
000000000000000000000
000000000000000000000
000000000000000000000
000000000000000000000
REF
000000000000000000000
000000000000000000000
000000000000000000000
000000000010000000000
000000000101000000000
000000001000100000000
000000010100010000000
000000100010001000000
000001010001000100000
000010001010101010000
000100010001000101000
000010001000100010000
000001000100010100000
000000100010001000000
000000010001010000000
000000001000100000000
000000000101000000000
000000000010000000000
000000000000000000000
000000000000000000000
000000000000000000000
Nibble Decoder
0 :1,2,3,4,
1 :0,2,3,4,
2 :0,1,3,4,
3 :0,1,2,4,
4 :0,1,2,3,
5 :6,7,8,9,
6 :5,7,8,9,
7 :5,6,8,9,
8 :5,6,7,9,
9 :5,6,7,8,
10 :11,12,13,14,
11 :10,12,13,14,
12 :10,11,13,14,
13 :10,11,12,14,
14 :10,11,12,13,
15 :16,17,18,19,
16 :15,17,18,19,
17 :15,16,18,19,
18 :15,16,17,19,
19 :15,16,17,18,
20 :21,22,23,24,
21 :20,22,23,24,
22 :20,21,23,24,
23 :20,21,22,24,
24 :20,21,22,23,
25 :26,27,28,29,
26 :25,27,28,29,
27 :25,26,28,29,
28 :25,26,27,29,
29 :25,26,27,28,
30 :31,32,33,34,
31 :30,32,33,34,
32 :30,31,33,34,
33 :30,31,32,34,
34 :30,31,32,33,
35 :36,37,38,39,
36 :35,37,38,39,
37 :35,36,38,39,
38 :35,36,37,39,
39 :35,36,37,38,
40 :41,42,43,44,
41 :40,42,43,44,
42 :40,41,43,44,
43 :40,41,42,44,
44 :40,41,42,43,
45 :46,47,48,49,
46 :45,47,48,49,
47 :45,46,48,49,
48 :45,46,47,49,
49 :45,46,47,48,
50 :51,52,53,54,
51 :50,52,53,54,
52 :50,51,53,54,
53 :50,51,52,54,
54 :50,51,52,53,
55 :56,57,58,59,
56 :55,57,58,59,
57 :55,56,58,59,
58 :55,56,57,59,
59 :55,56,57,58,
60 :61,62,63,64,
61 :60,62,63,64,
62 :60,61,63,64,
63 :60,61,62,64,
64 :60,61,62,63,
65 :66,67,68,69,
66 :65,67,68,69,
67 :65,66,68,69,
68 :65,66,67,69,
69 :65,66,67,68,
70 :71,72,73,74,
71 :70,72,73,74,
72 :70,71,73,74,
73 :70,71,72,74,
74 :70,71,72,73,
75 :76,77,78,79,
76 :75,77,78,79,
77 :75,76,78,79,
78 :75,76,77,79,
79 :75,76,77,78,
80 :81,82,83,84,
81 :80,82,83,84,
82 :80,81,83,84,
83 :80,81,82,84,
84 :80,81,82,83,
85 :86,87,88,89,
86 :85,87,88,89,
87 :85,86,88,89,
88 :85,86,87,89,
89 :85,86,87,88,
90 :91,92,93,94,
91 :90,92,93,94,
92 :90,91,93,94,
93 :90,91,92,94,
94 :90,91,92,93,
95 :96,97,98,99,
96 :95,97,98,99,
97 :95,96,98,99,
98 :95,96,97,99,
99 :95,96,97,98,
#
It:0:Diff:45:PSOStep:2:Time:0.390166753:s:AutomataStep:2:Transition:11100010111011100010000000000010111010100100101010001010110011101100011010000000000010001000101000100110110000100000011011101000010010101000011011100110111000100110100011001000000011100010101011000010111001101010000011101010000011100000000000000000000000100100111010000000101001101110100011001010111001101010000011000010000010100100111010000010110000100110110000100110011011100100010010001000010001100000100001001110011011000100000000001000011000101100110001000000000001000000110001101110111000000110011001101100
000000000000000000001
000000000000000000000
000000000000000000000
000000000000000000000
000000000000000000000
000000000000000000000
000000000000000000000
000000000000000000000
000000000001000000000
000000000010000000000
000000000101000000000
000000000000000000000
000000000000000000000
000000000000000000000
000000000000000000000
000000000000000000000
000000000000000000000
000000000000000000000
000000000000000000000
000000000000000000000
100000000000000000000
#
It:1:Diff:44:PSOStep:7:Time:0.742072788:s:AutomataStep:7:Transition:00000010001001001100001010001010110011000010010000101000110010000000100000100110010010101000111001101000101010000010001011100100111000000110111010100100000010001100000010101100111010101010000010000100000001000110010010100000100001101110010010100100010011100010011010101010101001001000000011000100010010001000111000000010111000000100111000101110010000000000001010001010000001001010111001001100011011100110010011001000101011000110111011101100010011001010100001001100101010100100110000000110010000100110100000000010
000000000000000000000
000000000000000000000
000000000000000000000
000000000000000000000
000000000000000000000
000000000000000000000
000000000000000000000
000000000000000000000
000000000000000000000
000000000000010000000
000000000001011011000
000000000001000010000
000000000000010100000
000000000000011000000
000000000011110000000
000000000011100000000
000000000001000000000
000000000010000000000
000000000000000000000
000000000000000000000
000000000000000000000
#
It:3:Diff:42:PSOStep:10:Time:0.96557473:s:AutomataStep:10:Transition:10100000111010000010100011001000100000000110110010001100001011000100101001001010100011000000000011100000101011101000010001101000110010001100110011101110000010000100101001001110101010001000111000000000100011100100010001000000101010001000000000101000000011001000010001001110000011100000010010000000000010001000000000000010111010000000001001001110100010101000100010001000000001000000010000001110111010000100111011000010111001100000100000001000110010001110101010001000010000000110100000000100010011101110100000000000
000000000000000000000
000000000000000000000
000000000000000000000
000000000000000000000
000000000000000000000
000000001000000000000
000000010000000000000
000000100000000000000
000000000000000000000
000000000000000000000
000000000000000000000
000000000000000000000
000000000000000000000
000000000000000000000
000000000000000000000
000000000000000000000
000000000000000000000
000000000000000000000
000000000000000000000
000000000000000000000
000000000000000000000
#
It:80:Diff:32:PSOStep:7:Time:7.012163146:s:AutomataStep:7:Transition:00100010111010000010101000100100111001100110111010001000001000100010001000001100011001001110011011100100001000100000011000001000010011001110111001001000011010000100101000100010001010000110100001001110011001100110110011100100001010001000001000101000010011100110111011100010000010000010101010001110001001100100001000000000011001101110001011000010100011000010100010001000111010101110011011001100101010000010100000000110011001101000101000101000100010001000010010001000111000001010011011000000101001001000101001100100
000000000000000000000
000000000000000000000
000000000000000000000
000000000010000000000
000000000101000000000
000000001000100000000
000000000001010000000
000000100010001000000
000001000011010100000
000010010001100010000
000100000101000101000
000000000000000000000
000000000000000000000
000000000000000000000
000000000000000000000
000000000000000000000
000000000000000000000
000000000000000000000
000000000000000000000
000000000000000000000
000000000000000000000
#
It:111:Diff:30:PSOStep:7:Time:9.207765326:s:AutomataStep:7:Transition:00100010101011000010100000101100110010000100100011001100001000000010001011000010000000100010001011000000010000100000011011001010101010000010111000101100111011000110011000001010100011001110110000101110000001001000101001000010000011001100001001001100010010100000010011000000111001000000001011000100001001101010001010101000100011101110100000100000110010100100110010001100101011001100000000001010001011000000000011100010000001000000011010101100011001100100110011000110110011001000111010101010000010000010110010001010
000000000000000000000
000000000000000000000
000000000000000000000
000000000010000000000
000000000111000000000
000000001000100000000
000000010111110000000
000000100000001000000
000001111100000100000
000010011100001110000
000100000000010101000
000010000101110010000
000000100010010100000
000000000000101000000
000000010101010000000
000000001010100000000
000000000101000000000
000000000010000000000
000000000000000000000
000000000000000000000
000000000000000000000
#
It:280:Diff:28:PSOStep:7:Time:21.531647795:s:AutomataStep:7:Transition:00100010101011100100010000001010100000000100101010101010001010100100001011101010000000100010001010101110000000101000001010101110111011101100000000101010000010100000111000000000001010100010101010101000110010000010000000000010000010101010111000101010001001000100010010101100101001100010001010101110010010001110001011101010000011101110001000100100101011100110101000101010000000101010000010000000111010100010111010001110100010100100011011101010100010100100111010101000010010100010001001001010111011001110000011001100
000000000000000000000
000000000000000000000
000000000000000000000
000000000010000000000
000000000101000000000
000000001010000000000
000000010100000000000
000000100010101000000
000001001011100000000
000010001011010010000
000100100000011101000
000010011110100010000
000001000000000100000
000000100110000000000
000000010001000000000
000000001010000000000
000000000101000000000
000000000010000000000
000000000000000000000
000000000000000000000
000000000000000000000
#
It:321:Diff:20:PSOStep:7:Time:24.54037646:s:AutomataStep:7:Transition:00100010110001100010100011001100100000001000001011001100001011000010000001001100100000100010010011000000001000101000110011001000100001001100001000001100000011000100001011001100001011000100100010000110011000101100010000100100110011001100100000101100001000100000000011000100000011000100001011000000001001100110001011001000011011100100010000001010110010001100110000101100101011000110011010100010010011000010101000101100010011000010000011001100110000001000001011000010100011001010001011001100000010101100000000000010
000000000000000000000
000000000000000000000
000000000000000000000
000000000010000000000
000000000101000000000
000000000000100000000
000000011000010000000
000000100000001000000
000001010111000100000
000011011010110010000
000100011001100111000
000010001000100110000
000001000101001100000
000000100000101000000
000000010001110000000
000000001000100000000
000000000101000000000
000000000010000000000
000000000000000000000
000000000000000000000
000000000000000000000
end
