PSO TRACE
INIT:../../instances/fazia/init.csv
REF:../../instances/fazia/asm3.csv
DecodingPolicy:CPPNot
MutationPolicy:Null
ParticleNeighborhood:Fixed
ParticleDims:515
ParticleCount:100
AccP:2.0
AccG:2.0
AccL:1.5
AccI:2.3
Pos:0.0-3.0
Inertia:0.9-0.6
VeloMax:2.0
MaxPSOIteration:250
InertiaDecrFactor:0.0012000000000000001
INIT
000000000000000000000
000000000000000000000
000000000000000000000
000000000000000000000
000000000000000000000
000000000000000000000
000000000000000000000
000000000000000000000
000000000000000000000
000000000000000000000
000000000010000000000
000000000000000000000
000000000000000000000
000000000000000000000
000000000000000000000
000000000000000000000
000000000000000000000
000000000000000000000
000000000000000000000
000000000000000000000
000000000000000000000
REF
000000000000000000000
000000000000000000000
000000000000000000000
000111111111111111000
000011000011011110000
000111011110111101000
000000110111100010000
000111101011011111000
000010011111010110000
000111101110110001000
000001011001011110000
000111111110111111000
000011100010101010000
000111110011101101000
000000110011101110000
000111101110011111000
000010010101110110000
000111001100110011000
000000000000000000000
000000000000000000000
000000000000000000000
Classic CPP Decoder + Not Test
0 :1,2,3,4,
1 :0,2,3,4,
2 :0,1,3,4,
3 :0,1,2,4,
4 :0,1,2,3,
5 :6,7,8,9,
6 :5,7,8,9,
7 :5,6,8,9,
8 :5,6,7,9,
9 :5,6,7,8,
10 :11,12,13,14,
11 :10,12,13,14,
12 :10,11,13,14,
13 :10,11,12,14,
14 :10,11,12,13,
15 :16,17,18,19,
16 :15,17,18,19,
17 :15,16,18,19,
18 :15,16,17,19,
19 :15,16,17,18,
20 :21,22,23,24,
21 :20,22,23,24,
22 :20,21,23,24,
23 :20,21,22,24,
24 :20,21,22,23,
25 :26,27,28,29,
26 :25,27,28,29,
27 :25,26,28,29,
28 :25,26,27,29,
29 :25,26,27,28,
30 :31,32,33,34,
31 :30,32,33,34,
32 :30,31,33,34,
33 :30,31,32,34,
34 :30,31,32,33,
35 :36,37,38,39,
36 :35,37,38,39,
37 :35,36,38,39,
38 :35,36,37,39,
39 :35,36,37,38,
40 :41,42,43,44,
41 :40,42,43,44,
42 :40,41,43,44,
43 :40,41,42,44,
44 :40,41,42,43,
45 :46,47,48,49,
46 :45,47,48,49,
47 :45,46,48,49,
48 :45,46,47,49,
49 :45,46,47,48,
50 :51,52,53,54,
51 :50,52,53,54,
52 :50,51,53,54,
53 :50,51,52,54,
54 :50,51,52,53,
55 :56,57,58,59,
56 :55,57,58,59,
57 :55,56,58,59,
58 :55,56,57,59,
59 :55,56,57,58,
60 :61,62,63,64,
61 :60,62,63,64,
62 :60,61,63,64,
63 :60,61,62,64,
64 :60,61,62,63,
65 :66,67,68,69,
66 :65,67,68,69,
67 :65,66,68,69,
68 :65,66,67,69,
69 :65,66,67,68,
70 :71,72,73,74,
71 :70,72,73,74,
72 :70,71,73,74,
73 :70,71,72,74,
74 :70,71,72,73,
75 :76,77,78,79,
76 :75,77,78,79,
77 :75,76,78,79,
78 :75,76,77,79,
79 :75,76,77,78,
80 :81,82,83,84,
81 :80,82,83,84,
82 :80,81,83,84,
83 :80,81,82,84,
84 :80,81,82,83,
85 :86,87,88,89,
86 :85,87,88,89,
87 :85,86,88,89,
88 :85,86,87,89,
89 :85,86,87,88,
90 :91,92,93,94,
91 :90,92,93,94,
92 :90,91,93,94,
93 :90,91,92,94,
94 :90,91,92,93,
95 :96,97,98,99,
96 :95,97,98,99,
97 :95,96,98,99,
98 :95,96,97,99,
99 :95,96,97,98,
#
It:0:Diff:89:PSOStep:7:Time:0.462825028:s:AutomataStep:7:Transition:01111010011011101111000101011111111110011010111111010011101100001100111011010111010000101111110110100101111111110011010101110010010111100111111001100010100010110110100111011100101001010101011101111110111111110000111110101010111101011111001001010011111001111111110111100111101111111101110111110111011101101111011000111100100010111001110011110111010111111110001101001111110101011101111001010110001010110110110001110100111011000111111000010101111100111011101010111110111111011010000111110100101110010001011101111011
000000000000000000000
000000000000000000000
000000000000000000000
000111010101010111000
000011111110011111000
000110111110011101000
000011010010010101000
000110101101001011000
000011010110100111000
000110110101110001000
000011011011111101000
000110011101110111000
000010111010111001000
000110011111111001000
000010111110111111000
000110111101100111000
000011000100010001000
000101010101010101000
000000000000000000000
000000000000000000000
000000000000000000000
#
It:1:Diff:81:PSOStep:7:Time:0.566724443:s:AutomataStep:7:Transition:01111010011011101111000001011111111110011010111111010011101100001100111011010111010000101011110110100101111111110011010101110010010111100111111001100010100010110100100111011100101001010101011101111110111110110000111110101010111101011111001001010011111001111111110111100111101111111101110111110111011101101111011000111100100010111000110011110111010111111110001101001111110101011101111001010110001010110110110001110100111011000111111000010101111100111011101010111110111111011010000111110100101010010001011101111011
000000000000000000000
000000000000000000000
000000000000000000000
000111010101010111000
000011101010011111000
000110110111011101000
000011111001010101000
000111101111001011000
000011111110100111000
000110111011110001000
000010111011111101000
000111111111110111000
000011110010111001000
000110111011111001000
000011110000111111000
000110111101100111000
000011000100010001000
000101010101010101000
000000000000000000000
000000000000000000000
000000000000000000000
#
It:43:Diff:77:PSOStep:7:Time:3.169860848:s:AutomataStep:7:Transition:01111110010110000101001011011111110100101010011110111111111110101001100001010101011011011110100000011001110111100110011111011111101111000010001111110001111010011001100011111100111011111000011110101001111010111100101001101111011100011101000010101101110111111001101100001011110001000111111011001101001100101010101100111001011100010111000100110110001011001010000010111010101001011001000110111110110110100111110001011110000011101011110110011000111000100100110111000101000011111001001010010010111100011110010110111111
000000000000000000000
000000000000000000000
000000000000000000000
000111111111111111000
000011101111111111000
000111001100011001000
000000011100110000000
000110110111101111000
000011100110111101000
000111010111011001000
000000001011110110000
000111111111101001000
000011110100011011000
000110010011111101000
000000100101011100000
000111100110010111000
000011101010101111000
000111010101010111000
000000000000000000000
000000000000000000000
000000000000000000000
#
It:51:Diff:66:PSOStep:7:Time:3.690550103:s:AutomataStep:7:Transition:01111110010110100111000011011111110100101011110110111111111100101011101011010101011011011110110000101001110111100111011111111111111111000010101011110011011010011001100011111100111011111000011111101011111010111100101011101111011111011101011010111101110111111001101100101010001001010111111011011101001100101010101100111101111110010010100100110110001011001110000111011010111001011001110100110110000110101111110001011110110111101011110110001101111000101101111111000101001111111001000011010110111100010011010110111111
000000000000000000000
000000000000000000000
000000000000000000000
000111111111111111000
000011101111111111000
000110011111011001000
000000001011011000000
000111111001111111000
000011110100101011000
000110011111011101000
000000000111110100000
000111011110111111000
000011000110101111000
000110111111011101000
000000110010001100000
000111101111111111000
000011011101110111000
000111011101110111000
000000000000000000000
000000000000000000000
000000000000000000000
#
It:109:Diff:64:PSOStep:7:Time:6.975392276:s:AutomataStep:7:Transition:01111100010110001111100011011111110000101011110110111111111100101000101010010101011011011111110000110001110111100111011111011110101101000010101011110011011010011001101010111101111111111011011111101110111110111100111001100111011111011101111000101001111011111001101100001010001001011111111011011101001100111010101100110101011101010010100100110110001111001010000101111010101001011001100101111110101110101111110001011110110111001111110110011001111000101110110111000111001111111001000010010110111000110111011111111111
000000000000000000000
000000000000000000000
000000000000000000000
000110110110001111000
000011011011010011000
000110010010110101000
000000011111011000000
000110101001011111000
000010110011001111000
000110101011111101000
000001111101011100000
000111000110111011000
000010001110110111000
000101011111100101000
000000010111101000000
000111010110111111000
000011011101110111000
000111001100110011000
000000000000000000000
000000000000000000000
000000000000000000000
#
It:173:Diff:61:PSOStep:7:Time:10.572039651:s:AutomataStep:7:Transition:01111110010110000101100001011111110000101111111111011111111100101000101000010101111111011110110000110001110111100111011111111110101101000010101011010011010010110011101000111101111011111011011111101111111010011100111001100111011101011111011010101101111011111110101100011010001001010111111011011101101100111010101101110101011100000110100100110110001111001010000101111010101001111001111100111110101110101111110001011110000111001011110110011001111000101111111111000101000111111100000011110110111000010111110111111111
000000000000000000000
000000000000000000000
000000000000000000000
000111111111111111000
000001001111111111000
000110101101011001000
000000111110111100000
000111001111011111000
000001101010110111000
000111110111110011000
000000011101111100000
000111101110101111000
000001101100111111000
000110110010101111000
000000010111001100000
000111110111111111000
000001111101110111000
000111001100110011000
000000000000000000000
000000000000000000000
000000000000000000000
#
It:209:Diff:58:PSOStep:7:Time:12.557763943:s:AutomataStep:7:Transition:01111110010110001101100011011111100000101111111110011011110100101000001001010101001001001111110100110001110111100111001110010010101101000010001001010010011010110011100000111101111111111011011111101011111010011000100001100111011101011111101010101011101011111110111100011010011001010111111011011101101100101010101100100101011110000000010100110110001111001011000101111100101000011001110000101110000110101111010001011111000101101011110110011101111000101111111110000011001111011100111111110110111000110111010111111111
000000000000000000000
000000000000000000000
000000000000000000000
000111111111111111000
000011101111101111000
000111011000100001000
000000110101101100000
000111111001011111000
000011111110110011000
000111101110111011000
000000000001010000000
000111000100101011000
000011001101000111000
000111000111101101000
000000100011001100000
000111111111111111000
000011011101110111000
000111001100110011000
000000000000000000000
000000000000000000000
000000000000000000000
end
