PSO TRACE
INIT:../../instances/fazia/init.csv
REF:../../instances/fazia/asm3.csv
DecodingPolicy:CPPNot
MutationPolicy:Null
ParticleNeighborhood:Fixed
ParticleDims:515
ParticleCount:100
AccP:2.0
AccG:2.0
AccL:1.5
AccI:2.3
Pos:0.0-3.0
Inertia:0.9-0.6
VeloMax:2.0
MaxPSOIteration:250
InertiaDecrFactor:0.0012000000000000001
INIT
000000000000000000000
000000000000000000000
000000000000000000000
000000000000000000000
000000000000000000000
000000000000000000000
000000000000000000000
000000000000000000000
000000000000000000000
000000000000000000000
000000000010000000000
000000000000000000000
000000000000000000000
000000000000000000000
000000000000000000000
000000000000000000000
000000000000000000000
000000000000000000000
000000000000000000000
000000000000000000000
000000000000000000000
REF
000000000000000000000
000000000000000000000
000000000000000000000
000111111111111111000
000011000011011110000
000111011110111101000
000000110111100010000
000111101011011111000
000010011111010110000
000111101110110001000
000001011001011110000
000111111110111111000
000011100010101010000
000111110011101101000
000000110011101110000
000111101110011111000
000010010101110110000
000111001100110011000
000000000000000000000
000000000000000000000
000000000000000000000
Classic CPP Decoder + Not Test
0 :1,2,3,4,
1 :0,2,3,4,
2 :0,1,3,4,
3 :0,1,2,4,
4 :0,1,2,3,
5 :6,7,8,9,
6 :5,7,8,9,
7 :5,6,8,9,
8 :5,6,7,9,
9 :5,6,7,8,
10 :11,12,13,14,
11 :10,12,13,14,
12 :10,11,13,14,
13 :10,11,12,14,
14 :10,11,12,13,
15 :16,17,18,19,
16 :15,17,18,19,
17 :15,16,18,19,
18 :15,16,17,19,
19 :15,16,17,18,
20 :21,22,23,24,
21 :20,22,23,24,
22 :20,21,23,24,
23 :20,21,22,24,
24 :20,21,22,23,
25 :26,27,28,29,
26 :25,27,28,29,
27 :25,26,28,29,
28 :25,26,27,29,
29 :25,26,27,28,
30 :31,32,33,34,
31 :30,32,33,34,
32 :30,31,33,34,
33 :30,31,32,34,
34 :30,31,32,33,
35 :36,37,38,39,
36 :35,37,38,39,
37 :35,36,38,39,
38 :35,36,37,39,
39 :35,36,37,38,
40 :41,42,43,44,
41 :40,42,43,44,
42 :40,41,43,44,
43 :40,41,42,44,
44 :40,41,42,43,
45 :46,47,48,49,
46 :45,47,48,49,
47 :45,46,48,49,
48 :45,46,47,49,
49 :45,46,47,48,
50 :51,52,53,54,
51 :50,52,53,54,
52 :50,51,53,54,
53 :50,51,52,54,
54 :50,51,52,53,
55 :56,57,58,59,
56 :55,57,58,59,
57 :55,56,58,59,
58 :55,56,57,59,
59 :55,56,57,58,
60 :61,62,63,64,
61 :60,62,63,64,
62 :60,61,63,64,
63 :60,61,62,64,
64 :60,61,62,63,
65 :66,67,68,69,
66 :65,67,68,69,
67 :65,66,68,69,
68 :65,66,67,69,
69 :65,66,67,68,
70 :71,72,73,74,
71 :70,72,73,74,
72 :70,71,73,74,
73 :70,71,72,74,
74 :70,71,72,73,
75 :76,77,78,79,
76 :75,77,78,79,
77 :75,76,78,79,
78 :75,76,77,79,
79 :75,76,77,78,
80 :81,82,83,84,
81 :80,82,83,84,
82 :80,81,83,84,
83 :80,81,82,84,
84 :80,81,82,83,
85 :86,87,88,89,
86 :85,87,88,89,
87 :85,86,88,89,
88 :85,86,87,89,
89 :85,86,87,88,
90 :91,92,93,94,
91 :90,92,93,94,
92 :90,91,93,94,
93 :90,91,92,94,
94 :90,91,92,93,
95 :96,97,98,99,
96 :95,97,98,99,
97 :95,96,98,99,
98 :95,96,97,99,
99 :95,96,97,98,
#
It:0:Diff:92:PSOStep:7:Time:0.416756172:s:AutomataStep:7:Transition:01111110011111110001101011111111111001111111110100111100010111111111110111011111110011100011101101111011110101000111111011110111101011110100111001001100111111111111110111111111111000001111111111001100101110111010101111101110111100101111101110111110001111101110010010111001111001110000111101110111000001100011110001111011101010010101011100011011111110101111100111100110111011100111011110101110011101111101011111000111111011101011111100111101011111000101111000011100110111111111001111111111001010011101111111101101
000000000000000000000
000000000000000000000
000000000000000000000
000111111111111111000
000011111011011111000
000111100110011111000
000000111000111100000
000101000011111011000
000001111111110011000
000110001111001111000
000001101111111000000
000101011010001001000
000011010100001111000
000110111110110111000
000011111111011100000
000101001000110111000
000001101000110101000
000111111111111111000
000000000000000000000
000000000000000000000
000000000000000000000
#
It:6:Diff:81:PSOStep:7:Time:0.887110858:s:AutomataStep:7:Transition:01111110111101111011011001011011111111101111111111101100011110111111110110010000111111000011111010110010110101011100010110101111111011011101111011111001011111010001111111011111011000010011111111111110111111101111111111101110001110101111111101111101111111101110011011110011101111111011000100111111001111110010111100011110101011110110111111110110011100111111110111111100111111101111011111101110011111111111111100111111111101111000111101111110111111110101110100110111111111111111111111111011001011010111110111111111
000000000000000000000
000000000000000000000
000000000000000000000
000111111111111111000
000110100111011011000
000111101110111111000
000110110000111000000
000110111010111110000
000111111111010101000
000111111111111111000
000111101011101100000
000111111001111010000
000111100001111101000
000111111111110111000
000110011001111100000
000111111111011110000
000110101110100111000
000111111111111111000
000000000000000000000
000000000000000000000
000000000000000000000
#
It:11:Diff:80:PSOStep:7:Time:1.2389694:s:AutomataStep:7:Transition:01111111011001111111111000011011110101101101010011101000011110111111110110100000111110011011111011111011110101011000011111011000101011011111011111110011011111010011111111111011010000011010101111111010111111101110110101101010011100101111111111011110111111101100111011010011011110111011000100111111011101110101111000010110111011110111001111110001011101110111110110111100111101111101111101111110111111011111111100111111111000111000111101111111011110100101110100110111110110110111111110011011101010011011110111100111
000000000000000000000
000000000000000000000
000000000000000000000
000111111111111111000
000001111111111111000
000111111111111111000
000001111111111011000
000111111111111111000
000001111101110011000
000111111110111111000
000001110000100011000
000111111011010111000
000001111111110011000
000111111101111111000
000001111101111111000
000111110111101011000
000011101101110111000
000110110110001111000
000000000000000000000
000000000000000000000
000000000000000000000
#
It:14:Diff:74:PSOStep:7:Time:1.43220251:s:AutomataStep:7:Transition:01111111010101111111111111011011111011111011111111111000111110111011010110010101011110011011101101111011111101111111010010011111111001111111011111101010101111010111111111111111011011011110101111111010111111111010010101101111001100111111111111011111111111101101111111010011111110110001011110010111011111010101111110111110110111110111101111111001111101111110101111110111011110101111111011111110111111111111111100111111111111011101110111111110111111110101110110111111110111111110110111111111101011001111111111111111
000000000000000000000
000000000000000000000
000000000000000000000
000111111111111111000
000011111110101011000
000110111110111011000
000000111111000111000
000111111111101111000
000011101111111111000
000110111010111111000
000000001111111111000
000111111110100111000
000011101011101111000
000110111111110011000
000000111110101011000
000111111111111111000
000011111111001111000
000111111111111111000
000000000000000000000
000000000000000000000
000000000000000000000
#
It:18:Diff:59:PSOStep:7:Time:1.758498702:s:AutomataStep:7:Transition:01111111011000111101111010011011111101101111011111100100010110011111110110000000111111011011011111111011111101011001110110111010111011011111011011111010111111010111111110011011011000011010111111111010111111101110110101101111001110101111111111011111111111101111111011110011011110111011001100111111011101110100111100011110111011110110111111100110111111110110110110111101111111111111111101111010011111011101111000111110111101111100110101111110011101101101110100001111110111110111110111011011101011001011111101111111
000000000000000000000
000000000000000000000
000000000000000000000
000111111111111111000
000011011101110111000
000111111111111111000
000001111101110011000
000111101111111111000
000011111101010111000
000111101111111111000
000001111111101111000
000111101110111111000
000011111111111111000
000111111111111111000
000001111111001111000
000111101110111011000
000011001100110011000
000111011101110111000
000000000000000000000
000000000000000000000
000000000000000000000
#
It:59:Diff:58:PSOStep:7:Time:4.380335682:s:AutomataStep:7:Transition:01111110011000111111001111011111001101101111110111100100010010111011110010001000111110010011011001110010110101011011110111111110110011111110011011111110111111010011101111111001001100011011101101110110111111101111011111100110011110111011101111011111111111101101111011011111011110111011011110011011011101110100111110011111111010111100101111110010111111111011110110111011111111111111111101001010001111011111111011111110111111111101111001101111111110100101110100001011111110111010110111111011111101101000111100111111
000000000000000000000
000000000000000000000
000000000000000000000
000111111111111111000
000011111011001110000
000111100111111111000
000011111111111110000
000111111011111111000
000011110100111110000
000111111111101111000
000010011111011110000
000111111100111101000
000011100011101110000
000111111001111011000
000011111101111110000
000111111110111101000
000010111111110110000
000111011101110111000
000000000000000000000
000000000000000000000
000000000000000000000
#
It:133:Diff:52:PSOStep:7:Time:9.378315785:s:AutomataStep:7:Transition:01111111011100111111101111110110011011110110010111111100011110111011010010001001111110011111111010110010110101011001110111111110110011111001011011110100111111010001111111110111011000011011101001111110111111101111111111001001011111111111111111011110111111101110111011001111011110101011011111111001001111110110111110011101111011111100101110110011111111111111111111011111011111111101111101111010101111011111111011111111111111111111110011101111111111110001110100111001111110110101111111011011101111101011101100111111
000000000000000000000
000000000000000000000
000000000000000000000
000111111111111111000
000011111111111110000
000111111111111111000
000000111111111100000
000101111111111111000
000010011111111010000
000111011011110111000
000000011111011100000
000111111111101111000
000011000111111010000
000111111111111111000
000000111011111100000
000101111111111111000
000010011111110110000
000111011101110111000
000000000000000000000
000000000000000000000
000000000000000000000
#
It:154:Diff:48:PSOStep:7:Time:10.702945961:s:AutomataStep:7:Transition:01111111011100111111101111110111011111111111110111010100011110111111110110001001111110010111111011111011110101011001110100110010111011111101111011111100011111010111111101111111011000011011111101111110111111101111011111101111011111111111111111011110111111111111111011001110011110111011101111111011001111110111111110011101101011110100111111110011111111111111110101111111011101111111111101111000111111011111111011111111111111101111111011111111111111110101110100111101111111111011111111011111101111111001110110101111
000000000000000000000
000000000000000000000
000000000000000000000
000111111111111111000
000011111111111110000
000111111111111101000
000001110111011110000
000111111111111101000
000011111111011110000
000111111111111101000
000001011101111110000
000111111110110111000
000011111111111010000
000111111111111111000
000001110111110110000
000111111101111111000
000011010101100110000
000111011101110111000
000000000000000000000
000000000000000000000
000000000000000000000
end
