PSO TRACE
INIT:../../instances/fazia/init.csv
REF:../../instances/fazia/asm3.csv
DecodingPolicy:CPPNot
MutationPolicy:Null
ParticleNeighborhood:Fixed
ParticleDims:515
ParticleCount:100
AccP:2.0
AccG:2.0
AccL:1.5
AccI:2.3
Pos:0.0-3.0
Inertia:0.9-0.6
VeloMax:2.0
MaxPSOIteration:250
InertiaDecrFactor:0.0012000000000000001
INIT
000000000000000000000
000000000000000000000
000000000000000000000
000000000000000000000
000000000000000000000
000000000000000000000
000000000000000000000
000000000000000000000
000000000000000000000
000000000000000000000
000000000010000000000
000000000000000000000
000000000000000000000
000000000000000000000
000000000000000000000
000000000000000000000
000000000000000000000
000000000000000000000
000000000000000000000
000000000000000000000
000000000000000000000
REF
000000000000000000000
000000000000000000000
000000000000000000000
000111111111111111000
000011000011011110000
000111011110111101000
000000110111100010000
000111101011011111000
000010011111010110000
000111101110110001000
000001011001011110000
000111111110111111000
000011100010101010000
000111110011101101000
000000110011101110000
000111101110011111000
000010010101110110000
000111001100110011000
000000000000000000000
000000000000000000000
000000000000000000000
Classic CPP Decoder + Not Test
0 :1,2,3,4,
1 :0,2,3,4,
2 :0,1,3,4,
3 :0,1,2,4,
4 :0,1,2,3,
5 :6,7,8,9,
6 :5,7,8,9,
7 :5,6,8,9,
8 :5,6,7,9,
9 :5,6,7,8,
10 :11,12,13,14,
11 :10,12,13,14,
12 :10,11,13,14,
13 :10,11,12,14,
14 :10,11,12,13,
15 :16,17,18,19,
16 :15,17,18,19,
17 :15,16,18,19,
18 :15,16,17,19,
19 :15,16,17,18,
20 :21,22,23,24,
21 :20,22,23,24,
22 :20,21,23,24,
23 :20,21,22,24,
24 :20,21,22,23,
25 :26,27,28,29,
26 :25,27,28,29,
27 :25,26,28,29,
28 :25,26,27,29,
29 :25,26,27,28,
30 :31,32,33,34,
31 :30,32,33,34,
32 :30,31,33,34,
33 :30,31,32,34,
34 :30,31,32,33,
35 :36,37,38,39,
36 :35,37,38,39,
37 :35,36,38,39,
38 :35,36,37,39,
39 :35,36,37,38,
40 :41,42,43,44,
41 :40,42,43,44,
42 :40,41,43,44,
43 :40,41,42,44,
44 :40,41,42,43,
45 :46,47,48,49,
46 :45,47,48,49,
47 :45,46,48,49,
48 :45,46,47,49,
49 :45,46,47,48,
50 :51,52,53,54,
51 :50,52,53,54,
52 :50,51,53,54,
53 :50,51,52,54,
54 :50,51,52,53,
55 :56,57,58,59,
56 :55,57,58,59,
57 :55,56,58,59,
58 :55,56,57,59,
59 :55,56,57,58,
60 :61,62,63,64,
61 :60,62,63,64,
62 :60,61,63,64,
63 :60,61,62,64,
64 :60,61,62,63,
65 :66,67,68,69,
66 :65,67,68,69,
67 :65,66,68,69,
68 :65,66,67,69,
69 :65,66,67,68,
70 :71,72,73,74,
71 :70,72,73,74,
72 :70,71,73,74,
73 :70,71,72,74,
74 :70,71,72,73,
75 :76,77,78,79,
76 :75,77,78,79,
77 :75,76,78,79,
78 :75,76,77,79,
79 :75,76,77,78,
80 :81,82,83,84,
81 :80,82,83,84,
82 :80,81,83,84,
83 :80,81,82,84,
84 :80,81,82,83,
85 :86,87,88,89,
86 :85,87,88,89,
87 :85,86,88,89,
88 :85,86,87,89,
89 :85,86,87,88,
90 :91,92,93,94,
91 :90,92,93,94,
92 :90,91,93,94,
93 :90,91,92,94,
94 :90,91,92,93,
95 :96,97,98,99,
96 :95,97,98,99,
97 :95,96,98,99,
98 :95,96,97,99,
99 :95,96,97,98,
#
It:0:Diff:116:PSOStep:8:Time:0.296690998:s:AutomataStep:8:Transition:01000011100001101101111110111110100100111001000101101110011000101110001100011110000011111010001000100010011101101000000100111001010100110001001000001101010100011011110001000011010111000100110111100101111001100000011100100010011010101111101101101000010110000010011110111111000011111110010111101101101101001010110011110111001001101000001100100011000011111100000011110100110101011101101100111100000110010000110001110001010011010101001111011000011011011011100111111001011110010001100011111011001110100111111000010100
000000000000000000000
000000000000000000000
001000000000000000000
000111111111000000000
000011010101000000000
000011000110100000000
001010111110101000000
000010100111101000000
000010000100011000000
000010001000101011000
001010111100011110100
000101100111010110000
000011001011001000000
000011011100000000000
001011010010000000000
000011000000000000000
000010000000000000000
000000000000000000000
001000000000000000000
000000000000000000000
000000000000000000000
#
It:1:Diff:108:PSOStep:7:Time:0.396496057:s:AutomataStep:7:Transition:01110100101111110111111011110001111101101011111011000011011111011001111111110100110111001100111101010101101001011000111110110010110010110111011111011111100110110011011101001101001111111100001111011010111111101111111111111111011110111011101001110011101000101001111110111001001010110110101111111110000110011101010001110010110111101111111101100111111101111111110111111001001100111110101110111111111000111011100110110001111111010111111111110111011110010011010011011000111011010000110111111100101010101101011100100111
000000000000000000000
000000000000000000000
000000000000000000000
000110000000000000000
000110100000000000000
000011000000000000000
000001111100000000000
000111111111010000000
000111000010100000000
000010011110011000000
000001011011010000000
000111011110110100000
000111110101111100000
000011100011110100000
000001001010011110000
000111111101111110000
000111111110110101000
000111111111111111000
000000000000000000000
000000000000000000000
000000000000000000000
#
It:2:Diff:83:PSOStep:7:Time:0.450744983:s:AutomataStep:7:Transition:01111101001111111111111010111101111111110011111111001111010111111101111111110111110111110110111101110111101011111000111111111011110111111111010111010111110111011111111101001101101111011111011110111011001111101111101111111111011010111111001000111011101111011010111111111101111111110110111111110100111111111111111011110011110111111101110101100101111111111111111111111011010111111111101111111111111111111111011110111011111101010111101111111111101110010010011111111000111010011100110111011001101010101111011100111111
000000000000000000000
000000000000000000000
000000000000000000000
000111011101110111000
000011011111111111000
000110011111111111000
000011101111111101000
000111111111111101000
000011111111111111000
000110111111111111000
000011111111111111000
000110010000011111000
000011010100011111000
000111110111011101000
000011100111110101000
000110111011111111000
000011111111111111000
000111111111111111000
000000000000000000000
000000000000000000000
000000000000000000000
#
It:5:Diff:76:PSOStep:7:Time:0.609324972:s:AutomataStep:7:Transition:01111111111110111111111110011111111111110011111011101111010111101111011111111111110011111111011100111111101110011111111010111110010111101111011111011101111011011011111111101101101111111111111111111111011101100101101111110011110111111111111101111111111101001001111111111101011011110110111111111110111101111111111011111111111101111101110101110110111111110111110111110011101101110111101111111111111111111111001111110011101101110111100111111001110111010010111111111001111011110111111111110001101111111111011110101011
000000000000000000000
000000000000000000000
000000000000000000000
000111111111111111000
000111111111111111000
000111111111100101000
000111100111101101000
000111111011011111000
000111111111001111000
000111111101110011000
000111111111101111000
000111110111111111000
000111111111111001000
000111010011100001000
000111111101111101000
000100111110101111000
000111011101110111000
000101010101010101000
000000000000000000000
000000000000000000000
000000000000000000000
#
It:9:Diff:75:PSOStep:7:Time:0.798061073:s:AutomataStep:7:Transition:01111111111110111110111010011111111110100011011011101111010111111011011111111011110011110111111101010111001011111100101110111010110111101111011111011100000110011111111111101101101111010111101101001110011101101111101110111111010110111111101100011111101101011110111111111000011111110110010111110100111110111111110011110110111101110101110001110100111111111001111111111011001101011111110110111111111111111111001101110011100101010111100111110101111110010010111111101001111110011010110111010011101100101111001110001111
000000000000000000000
000000000000000000000
000000000000000000000
000111111111111111000
000111111111111111000
000111111111111111000
000111111111110111000
000111111111111111000
000111111111011111000
000111111111111111000
000111111111110111000
000111111111111011000
000111111011101111000
000111110011110011000
000111111111011111000
000111011110111111000
000111111111111111000
000111100011011011000
000000000000000000000
000000000000000000000
000000000000000000000
#
It:17:Diff:70:PSOStep:7:Time:1.208331291:s:AutomataStep:7:Transition:01111110101110111110111010011101011100100011111111101111010110111111011111011111111011101111010101100101001111111110101010011010010111101111111011010100111110011111111111111101101111111111101011111111001101101110101111111111010110111111111101111011001100101101111111111111001011101011110111110110111101111101111111110110111100100111111101111110111111111001111111011111001111110111101111111111111101111111011111110011111101010111001111111111111110011011101111110001111111011111111111110010111011101111111011011011
000000000000000000000
000000000000000000000
000000000000000000000
000111111111111111000
000100010111110010000
000111001110011101000
000010110011101110000
000111110010100101000
000110011110110110000
000111111111111001000
000010110111011010000
000111101110101001000
000111111011110110000
000111111111111101000
000011111110111110000
000111101010110111000
000110001111100010000
000101010101010101000
000000000000000000000
000000000000000000000
000000000000000000000
#
It:20:Diff:68:PSOStep:7:Time:1.363125167:s:AutomataStep:7:Transition:01101001001111111011111011011101111101100011111011001011111111111101110111111011111111110111111100110111111001110010111010101111010111011111111111010100101011010011110100111111101111111111111111110111001101100111101111111111110100111111111111111111111110101011111101101111011011101011100111111111110111011111111101111000111110001111100100101110111101111100111011111110001111111111100111111111101111110111111011111011111101111101011110110010110011010111111011111011111111011100111110110000101111101111011111010110
000000000000000000000
000000000000000000000
000000000000000000000
000110110111011011000
000001100010110111000
000111111111111101000
000011101011110110000
000111011101111111000
000011111111111111000
000111110111111001000
000011110011101110000
000111111110110011000
000011001011101111000
000111111111111101000
000011111101001110000
000111111110101111000
000011011101110111000
000101010101010101000
000000000000000000000
000000000000000000000
000000000000000000000
#
It:24:Diff:64:PSOStep:7:Time:1.573689068:s:AutomataStep:7:Transition:01101101001111111011111011011101111101100011111011001110111111111101110111110111111011111111111100110111011111111110111010111111010111101111111111011101111111011011110101111111101111111111111111111111001101100110111111111111110110111111111111111111111110101111111101101111011011101011100111111111111111011111111101111010111110001111100101101110111111111101101111111101001111111111100101111111111111110111111111111011111101111101011110110011111111011111111011111011111111010111111110110010101011101011011111110111
000000000000000000000
000000000000000000000
000000000000000000000
000111111111111111000
000001110100000111000
000111111111111101000
000011111111111110000
000111111111111111000
000011111011111111000
000111111111111101000
000011111111011110000
000111111111101111000
000011111111111111000
000111111111111101000
000011111111111110000
000111111111111111000
000011011101110111000
000101010101010101000
000000000000000000000
000000000000000000000
000000000000000000000
#
It:30:Diff:60:PSOStep:7:Time:1.880279508:s:AutomataStep:7:Transition:01111111001111111011111011010101111101100011011011101110110111111101111111110111110011111111111100110111101111111010111111111111110111101111111111010111110111011011110111101111101111111111111111111111011101111111101111111111111110111111101111111111111110101110111101111111111011111111101111111111110111111111111111110010111110011101110101110110101111111100100011111111011111111111100101111111111111010111111011110011111101011101011110110111100111011111111111111011111011010101111110111100100010111011011111111111
000000000000000000000
000000000000000000000
000000000000000000000
000111111111111111000
000011111111111111000
000111111111111101000
000011111111111110000
000111111111111111000
000011111111111111000
000111111111111101000
000011111111111110000
000111111111111111000
000011111111111111000
000111111111111101000
000011111111111110000
000111111111111111000
000011110111011101000
000111011101110111000
000000000000000000000
000000000000000000000
000000000000000000000
#
It:42:Diff:55:PSOStep:7:Time:2.499712331:s:AutomataStep:7:Transition:01101101001111110111110011010101010111100011101011101110010110111101111101010001100111110011111101110111101101110001111110111111110111001111110011010111111110011011100110001111001111111111111011110110000100101110000111111011011100111011101111111111111110101110111001111111111111010110111111110101110111011111111111110100001110001111100101100101101111111100100101111111001111111110100101111111111011010111011000111001101101110110111110110111101011011110111101011011111011010111111110111100100010011010011111011111
000000000000000000000
000000000000000000000
000000000000000000000
000111111111111111000
000011011101110110000
000111111101110101000
000001100111111010000
000111111101011111000
000011011111111110000
000111111111111101000
000001011111110110000
000111101111110011000
000011111111101010000
000111100111110101000
000001111111110110000
000111110011111111000
000001110111010110000
000111001100110011000
000000000000000000000
000000000000000000000
000000000000000000000
#
It:47:Diff:53:PSOStep:7:Time:2.761442613:s:AutomataStep:7:Transition:01101101001111110111110011010101010111100011101111101110010110111101111101010011100111110011111101110111101101110001111110011111110111001111010111011111111100011010100110001111101111111101111111110111100100101110000111101111011100111011101111111111111110101100111001111111111111010110111111110101110111111111011011110010001100011111110101110101101111111000100101111101001111111100100101101111111011010011111010111011101101110111111110110101101011011101011101011011111010010111111110111100100010011011011111011111
000000000000000000000
000000000000000000000
000000000000000000000
000111111111111111000
000011001101110110000
000111111011111101000
000001110111101000000
000111101011111011000
000011011111111010000
000111111110110101000
000001011111111100000
000111111101110111000
000010101001111110000
000111110111110101000
000001101111011100000
000111110111111111000
000001110111011010000
000111001100110011000
000000000000000000000
000000000000000000000
000000000000000000000
#
It:49:Diff:51:PSOStep:7:Time:2.860372878:s:AutomataStep:7:Transition:01101101001110111111110011010101010111100011001011101110110110111101111111110001010011110011101101110011001111110001111110111111110111001111010111111111101110011011100110011111001111111111111011010110000101101110000111111011111110111011101111111111011110101110111001111111111011010110111111110111110111011111111111110000001100001111101101100101101111110101100101111101001111111101101101111111111111010111001010111011101101111111111110110111101011011110001101011111111011010111111110111000100010011010011011011111
000000000000000000000
000000000000000000000
000000000000000000000
000111111111111111000
000011001101110110000
000111111101110101000
000001111111101010000
000111011011111111000
000011101110110110000
000111011011111101000
000000000010010110000
000111111101111111000
000011101011011110000
000111111111111101000
000000100111110110000
000111111011011111000
000011010101111110000
000111001100110011000
000000000000000000000
000000000000000000000
000000000000000000000
#
It:126:Diff:50:PSOStep:7:Time:6.768191552:s:AutomataStep:7:Transition:01101101001110111101110011010101010111100011001011101110110110101101111101110001010011110011101101110111011110110001111110111111110111001111010111110111001110010011100110011111001111111111111011110111000101101100000111011011111110111011101111111111011110101110111001111111111011000110111111110101010111011111111110110010001100011011101101100101101111010101000101111101000111111101101101111111111110010111001010111011101101111111011110110111101011011110101101011111111011010010111110111100100010011010001111011111
000000000000000000000
000000000000000000000
000000000000000000000
000111111111111111000
000011011111110110000
000111011111111101000
000001111011111110000
000111110100001111000
000011111010001110000
000111101111111001000
000000010101111010000
000111111111111111000
000011101111110110000
000111111111111101000
000000100101111110000
000111111111011011000
000011010101111110000
000111001100110011000
000000000000000000000
000000000000000000000
000000000000000000000
#
It:150:Diff:49:PSOStep:7:Time:7.996265274:s:AutomataStep:7:Transition:01101101001111111101110011010101010111100010101011101110110111111101111101110001010111110111111101010111010110010011111100111111100111001111110111010111101100010011100110011111101101110111111111111011100100100100100111111011111110111011101011011111011110111110111101111111111011010110110111110101110111111101111111110010001100011110101101100111101111011100100101111111001111111101101101101111111111010111000000111011111101101111111110110101101011011101111101011011111000010111111100111000100110011010011111011111
000000000000000000000
000000000000000000000
000000000000000000000
000111111111111111000
000011111001100110000
000111111111111101000
000000111111111010000
000111111111111111000
000011111111111110000
000111111111110101000
000000111111111010000
000111111111111111000
000011111111111110000
000111111111000101000
000000101111101110000
000111111100111011000
000011010111010110000
000111001100110011000
000000000000000000000
000000000000000000000
000000000000000000000
#
It:176:Diff:47:PSOStep:7:Time:9.374861662:s:AutomataStep:7:Transition:01101101001111111101110011110101010101100011101111101111110111111101111101110001110111110101111101110111010110010000111000111111111111001111110111011111101100111011100110111111101111111111111111110111101100100100100111111111011110111111101111011111011110101110111001111111111011010110110111110101110111011101011111110000001100011111101101000111101111011101101111111101001111111111111101111111111011011111001000111011111101100111111110110111101011011101111101111011111001010111111110111100100100011010001111011110
000000000000000000000
000000000000000000000
000000000000000000000
000111111111111111000
000011010101010110000
000111111111111101000
000001010111111100000
000111100111111111000
000011110111010110000
000111111111111001000
000001010001111100000
000111111111001111000
000011110110111110000
000111111100100101000
000001110110111100000
000111101110111111000
000010111101011010000
000111001100110011000
000000000000000000000
000000000000000000000
000000000000000000000
end
