PSO TRACE
INIT:../../instances/fazia/init.csv
REF:../../instances/fazia/asm3.csv
DecodingPolicy:CPPNot
MutationPolicy:Null
ParticleNeighborhood:Fixed
ParticleDims:515
ParticleCount:100
AccP:2.0
AccG:2.0
AccL:1.5
AccI:2.3
Pos:0.0-3.0
Inertia:0.9-0.6
VeloMax:2.0
MaxPSOIteration:250
InertiaDecrFactor:0.0012000000000000001
INIT
000000000000000000000
000000000000000000000
000000000000000000000
000000000000000000000
000000000000000000000
000000000000000000000
000000000000000000000
000000000000000000000
000000000000000000000
000000000000000000000
000000000010000000000
000000000000000000000
000000000000000000000
000000000000000000000
000000000000000000000
000000000000000000000
000000000000000000000
000000000000000000000
000000000000000000000
000000000000000000000
000000000000000000000
REF
000000000000000000000
000000000000000000000
000000000000000000000
000111111111111111000
000011000011011110000
000111011110111101000
000000110111100010000
000111101011011111000
000010011111010110000
000111101110110001000
000001011001011110000
000111111110111111000
000011100010101010000
000111110011101101000
000000110011101110000
000111101110011111000
000010010101110110000
000111001100110011000
000000000000000000000
000000000000000000000
000000000000000000000
Classic CPP Decoder + Not Test
0 :1,2,3,4,
1 :0,2,3,4,
2 :0,1,3,4,
3 :0,1,2,4,
4 :0,1,2,3,
5 :6,7,8,9,
6 :5,7,8,9,
7 :5,6,8,9,
8 :5,6,7,9,
9 :5,6,7,8,
10 :11,12,13,14,
11 :10,12,13,14,
12 :10,11,13,14,
13 :10,11,12,14,
14 :10,11,12,13,
15 :16,17,18,19,
16 :15,17,18,19,
17 :15,16,18,19,
18 :15,16,17,19,
19 :15,16,17,18,
20 :21,22,23,24,
21 :20,22,23,24,
22 :20,21,23,24,
23 :20,21,22,24,
24 :20,21,22,23,
25 :26,27,28,29,
26 :25,27,28,29,
27 :25,26,28,29,
28 :25,26,27,29,
29 :25,26,27,28,
30 :31,32,33,34,
31 :30,32,33,34,
32 :30,31,33,34,
33 :30,31,32,34,
34 :30,31,32,33,
35 :36,37,38,39,
36 :35,37,38,39,
37 :35,36,38,39,
38 :35,36,37,39,
39 :35,36,37,38,
40 :41,42,43,44,
41 :40,42,43,44,
42 :40,41,43,44,
43 :40,41,42,44,
44 :40,41,42,43,
45 :46,47,48,49,
46 :45,47,48,49,
47 :45,46,48,49,
48 :45,46,47,49,
49 :45,46,47,48,
50 :51,52,53,54,
51 :50,52,53,54,
52 :50,51,53,54,
53 :50,51,52,54,
54 :50,51,52,53,
55 :56,57,58,59,
56 :55,57,58,59,
57 :55,56,58,59,
58 :55,56,57,59,
59 :55,56,57,58,
60 :61,62,63,64,
61 :60,62,63,64,
62 :60,61,63,64,
63 :60,61,62,64,
64 :60,61,62,63,
65 :66,67,68,69,
66 :65,67,68,69,
67 :65,66,68,69,
68 :65,66,67,69,
69 :65,66,67,68,
70 :71,72,73,74,
71 :70,72,73,74,
72 :70,71,73,74,
73 :70,71,72,74,
74 :70,71,72,73,
75 :76,77,78,79,
76 :75,77,78,79,
77 :75,76,78,79,
78 :75,76,77,79,
79 :75,76,77,78,
80 :81,82,83,84,
81 :80,82,83,84,
82 :80,81,83,84,
83 :80,81,82,84,
84 :80,81,82,83,
85 :86,87,88,89,
86 :85,87,88,89,
87 :85,86,88,89,
88 :85,86,87,89,
89 :85,86,87,88,
90 :91,92,93,94,
91 :90,92,93,94,
92 :90,91,93,94,
93 :90,91,92,94,
94 :90,91,92,93,
95 :96,97,98,99,
96 :95,97,98,99,
97 :95,96,98,99,
98 :95,96,97,99,
99 :95,96,97,98,
#
It:0:Diff:115:PSOStep:7:Time:0.350093935:s:AutomataStep:7:Transition:01101100001101110110011110010100001111111011000111000110010111100001000101011010001111011001111110110011110001110101111001111100100011001010001111010101110101110101010001111010011001101111110100011101111110011110010111001000111110111010001101010011001110111111101111101111111111111101110101000011111001101101010011100101011100101101111101101101001101101110110001111100010100111111110111011111101110111011111100010101011101111100010101101111111111011110111010110010111111110111101101011010101111011111011100111001
000000000000000000000
000000000000000000000
000000000000000000000
000111011101110111000
000011111111000100000
000011110111011101000
000001001011000110000
000000010100101001000
000000100110110100000
000000010100101101000
000000011110011110000
000000010100000001000
000000001111110100000
000000000110110101000
000000000011111100000
000000000001100111000
000000000000011010000
000000000000000011000
000000000000000000000
000000000000000000000
000000000000000000000
#
It:1:Diff:99:PSOStep:7:Time:0.445299422:s:AutomataStep:7:Transition:01101011001111110110111110110101011110110110010100100110011010001110101101001111110110000101101110000010010010001001011111010100100011111110001111011001100011010010011011110010011101101110101110111101100111111110111110101110011100111011110101111000011101011010111101101100000111111100111101110011100001001100110010011110011101101111010100011001100111111101010110010111000010010111010111111110101010101101011100111001010011001000110010001011100000111101001110101111111111101001100010000110101000010011100011111011
000000000000000000000
000000000000000000000
000000000000000000000
000110011001100111000
000011000100010000000
000101101010011111000
000010011011101000000
000100010010000111000
000011101111001000000
000111110100111111000
000011011101111000000
000111001000100111000
000010110110011000000
000101011010011111000
000011010001111000000
000110110011000111000
000001001110011000000
000111111111111111000
000000000000000000000
000000000000000000000
000000000000000000000
#
It:2:Diff:87:PSOStep:7:Time:0.518218605:s:AutomataStep:7:Transition:01101011001111110110011110110100011110110100010111100110011010001110101001001101010110001111101100100011010111111001010111011100100011011110001111011001100011010010011011110110011101101100101110110101100110110110111110101011011100111011110101011000101101111010010011101100010111111110111101111011100001001101110010011110011101111111011101010001101011111111010100010111000010110111010111111110101110101101011101111001010010011011110001001010110111111101001010111111101111111001100110101110101010110011100011111111
000000000000000000000
000000000000000000000
000000000000000000000
000110011001100111000
000010000010100100000
000101111110010111000
000011111001111010000
000101111110101011000
000011011100110010000
000111100001101101000
000011111111111100000
000111011101111011000
000011111111111110000
000101111111110111000
000011110101000010000
000111111111000011000
000011111101111110000
000111111111111111000
000000000000000000000
000000000000000000000
000000000000000000000
#
It:5:Diff:80:PSOStep:7:Time:0.653844367:s:AutomataStep:7:Transition:01101011011011110111011110111100011110100110010111111010011010001110001011001101010110001101101101000010010111011011010111011100100011011110011111011101100011010010111011100110010001101100101110110110100111110110011110001000010110101011110101011000100101111010011001101100000110101100110101111011000011101101110010011100011101101111111101100001100010101111110010010011000111101111010111001111100110101101111100111011010110011001100000011010100011101101001110110111111101101101000000000110001000000001100011111111
000000000000000000000
000000000000000000000
000000000000000000000
000110011001100111000
000010000100001110000
000101010111111101000
000010011111001110000
000101101010101111000
000011011011000110000
000110111000100011000
000010011010010100000
000111110110101111000
000011101101110010000
000101110111110101000
000010001011010000000
000110000001000011000
000011111111111110000
000111111111111111000
000000000000000000000
000000000000000000000
000000000000000000000
#
It:7:Diff:76:PSOStep:7:Time:0.751791132:s:AutomataStep:7:Transition:01111111011011110110011101111100011110110110010111111110011011011110001111001111110111111110101101100010011010011011001111011100100011011111010111001101101111110011111010100110011101101110101110110110110111111111011111000000000110101011110101011000001111111110111100101100101100111100110101111011010011101101110110001110011111100011111101110001100010001111111010110111000111011111110111000111100110101101111100111111010111001001000001011010100011101101001110110111111110101001000001001011101000001001100011111111
000000000000000000000
000000000000000000000
000000000000000000000
000111111111111111000
000000111011101110000
000111110111100101000
000000111011101110000
000111111011010101000
000000110000111010000
000111111110010111000
000000110011100010000
000111111010111001000
000000111111010010000
000111100011111001000
000000110110001110000
000111100100001001000
000000111011101110000
000111111111111111000
000000000000000000000
000000000000000000000
000000000000000000000
#
It:40:Diff:67:PSOStep:7:Time:2.366431883:s:AutomataStep:7:Transition:01111011001011110110011011011100011111100111000110001110011011001010001110111100110111111110101101100010011010001011001001011001101001111111010101101001110011110011111111100010011101001110100110010000110111100110011100001000011100001011110101110010011101101010011101101100110101111100111101111001111010001100110110001100011001010111111101001000100000110111011010011111000011000111011111110101101110001101101110010011011111101001100111011010100010101101001110000111111111101101000100010011000000000001110011011111
000000000000000000000
000000000000000000000
000000000000000000000
000111111111111111000
000011101111101110000
000111111101111111000
000000100011011110000
000111000111101101000
000011010101011010000
000111101101000011000
000000001101001110000
000111110111101001000
000011110011001110000
000111111110110001000
000000111111111110000
000111110110011001000
000011011001100110000
000111111111111111000
000000000000000000000
000000000000000000000
000000000000000000000
#
It:76:Diff:60:PSOStep:7:Time:4.129950019:s:AutomataStep:7:Transition:01111011001001110110011011010100011111100111000110001110011011001010001110111100110111101110001101100011001010001111111000011001101101111111011101111001110011110111111111000110011101001100101110010000010111100110000100000000011100001011000101110010011101101000011101101100110101111100111101111001111010001100110110011100011001010011111101011000100010111110001001011111100011010111111110100100100110001101001100010111001111101101100101011010100010101101001110000101111111101111000110010011001000100001110001011111
000000000000000000000
000000000000000000000
000000000000000000000
000111111111111111000
000011101111101110000
000111111100111111000
000000100011010110000
000111011010111101000
000011010011011110000
000111101100011011000
000000010001000110000
000111101111001001000
000011110011001110000
000111111111100001000
000000110111110110000
000111111110011001000
000011011001100110000
000111111111111111000
000000000000000000000
000000000000000000000
000000000000000000000
#
It:167:Diff:56:PSOStep:7:Time:8.630182886:s:AutomataStep:7:Transition:01111011011011110110011111011100011111100110000110001110011011001010001100111101110111101110001101100011011010011111011001011001101101111111010101111001110111110111111111000011011101001110101110110100010110101110100100000100011000001011000101110011010111011000011001101100110111111100011101101011110010101100110110011110011101010111011101001000010010011111001011011111100011000011111110100101101010001111011100011111001111011111100111011110100010101101001110010101111111101111000010010010000000001001110011011111
000000000000000000000
000000000000000000000
000000000000000000000
000111111111111111000
000011101111101110000
000111011000010101000
000001001111100100000
000111111110010111000
000010011110000110000
000111100010010101000
000001010100011100000
000111101110111011000
000011111011101010000
000111111011010101000
000001110001111100000
000111000010001111000
000011011001100110000
000111111111111111000
000000000000000000000
000000000000000000000
000000000000000000000
end
