PSO TRACE
INIT:../../instances/fazia/init.csv
REF:../../instances/fazia/asvn1.csv
DecodingPolicy:CPP
MutationPolicy:Null
ParticleNeighborhood:Fixed
ParticleDims:515
ParticleCount:100
AccP:2.0
AccG:2.0
AccL:1.5
AccI:2.3
Pos:0.0-3.0
Inertia:0.9-0.6
VeloMax:2.0
MaxPSOIteration:500
InertiaDecrFactor:6.000000000000001E-4
INIT
000000000000000000000
000000000000000000000
000000000000000000000
000000000000000000000
000000000000000000000
000000000000000000000
000000000000000000000
000000000000000000000
000000000000000000000
000000000000000000000
000000000010000000000
000000000000000000000
000000000000000000000
000000000000000000000
000000000000000000000
000000000000000000000
000000000000000000000
000000000000000000000
000000000000000000000
000000000000000000000
000000000000000000000
REF
000000000000000000000
000000000000000000000
000000000000000000000
000000000010000000000
000000000111000000000
000000001010100000000
000000011100110000000
000000101001101000000
000001111001111100000
000010111111111010000
000111011111110111000
000000000000000000000
000000000000000000000
000000000000000000000
000000000000000000000
000000000000000000000
000000000000000000000
000000000000000000000
000000000000000000000
000000000000000000000
000000000000000000000
Classic CPP Decoder
0 :1,2,3,4,
1 :0,2,3,4,
2 :0,1,3,4,
3 :0,1,2,4,
4 :0,1,2,3,
5 :6,7,8,9,
6 :5,7,8,9,
7 :5,6,8,9,
8 :5,6,7,9,
9 :5,6,7,8,
10 :11,12,13,14,
11 :10,12,13,14,
12 :10,11,13,14,
13 :10,11,12,14,
14 :10,11,12,13,
15 :16,17,18,19,
16 :15,17,18,19,
17 :15,16,18,19,
18 :15,16,17,19,
19 :15,16,17,18,
20 :21,22,23,24,
21 :20,22,23,24,
22 :20,21,23,24,
23 :20,21,22,24,
24 :20,21,22,23,
25 :26,27,28,29,
26 :25,27,28,29,
27 :25,26,28,29,
28 :25,26,27,29,
29 :25,26,27,28,
30 :31,32,33,34,
31 :30,32,33,34,
32 :30,31,33,34,
33 :30,31,32,34,
34 :30,31,32,33,
35 :36,37,38,39,
36 :35,37,38,39,
37 :35,36,38,39,
38 :35,36,37,39,
39 :35,36,37,38,
40 :41,42,43,44,
41 :40,42,43,44,
42 :40,41,43,44,
43 :40,41,42,44,
44 :40,41,42,43,
45 :46,47,48,49,
46 :45,47,48,49,
47 :45,46,48,49,
48 :45,46,47,49,
49 :45,46,47,48,
50 :51,52,53,54,
51 :50,52,53,54,
52 :50,51,53,54,
53 :50,51,52,54,
54 :50,51,52,53,
55 :56,57,58,59,
56 :55,57,58,59,
57 :55,56,58,59,
58 :55,56,57,59,
59 :55,56,57,58,
60 :61,62,63,64,
61 :60,62,63,64,
62 :60,61,63,64,
63 :60,61,62,64,
64 :60,61,62,63,
65 :66,67,68,69,
66 :65,67,68,69,
67 :65,66,68,69,
68 :65,66,67,69,
69 :65,66,67,68,
70 :71,72,73,74,
71 :70,72,73,74,
72 :70,71,73,74,
73 :70,71,72,74,
74 :70,71,72,73,
75 :76,77,78,79,
76 :75,77,78,79,
77 :75,76,78,79,
78 :75,76,77,79,
79 :75,76,77,78,
80 :81,82,83,84,
81 :80,82,83,84,
82 :80,81,83,84,
83 :80,81,82,84,
84 :80,81,82,83,
85 :86,87,88,89,
86 :85,87,88,89,
87 :85,86,88,89,
88 :85,86,87,89,
89 :85,86,87,88,
90 :91,92,93,94,
91 :90,92,93,94,
92 :90,91,93,94,
93 :90,91,92,94,
94 :90,91,92,93,
95 :96,97,98,99,
96 :95,97,98,99,
97 :95,96,98,99,
98 :95,96,97,99,
99 :95,96,97,98,
#
It:0:Diff:42:PSOStep:3:Time:0.13232982:s:AutomataStep:3:Transition:01001010101101100110101011001101111100000000111100011011101001100011000111001011111100111111011011000100110111111011100000111111011001001000001100100100001111010010011110100010100100100010010011001111011111111001100001010011101001101101011001110011001000110011001000100111111010101010000100001011011100000011001000010101101001110110010001001011100111111100011011110011100110011001010111011101010111101110101100111001001100111101011101111110010001011100001101100100111110110101100100000110001101010011100110101010
000000000000000000000
000000000000000000000
000000000000000000000
000000000000000000000
000000000000000000000
000000000000000000000
000000000000000000000
000000010101010000000
000000011101110000000
000000000011000000000
000000011110000000000
000000000000000000000
000000000000000000000
000000000000000000000
000000000000000000000
000000000000000000000
000000000000000000000
000000000000000000000
000000000000000000000
000000000000000000000
000000000000000000000
#
It:4:Diff:41:PSOStep:2:Time:0.29623383:s:AutomataStep:2:Transition:01101110101111101011101010011101111110000000111011010011101001100011010111001011111100111111010011100001110111111011110100110111111001001001001000100100001011010010111110000001010100110010010011001111001111110001101101010011101000000101111000110011001000010011001100111111011010001000000110001111011100000001000000010001101001110110010001001011110111111101010010110011100100111001010110011101010110101010100100111001011110111001000101011110010001001100001001100100111110110101101100010110011101010111101100101001
000000000000000000000
000000000000000000000
000000000000000000000
000000000000000000000
000000000000000000000
000000000000000000000
000000000000000000000
000000000000000000000
000000001001100000000
000000000101100000000
000000001111100000000
000000000010000000000
000000000010000000000
000000000000000000000
000000000000000000000
000000000000000000000
000000000000000000000
000000000000000000000
000000000000000000000
000000000000000000000
000000000000000000000
#
It:5:Diff:39:PSOStep:3:Time:0.322981377:s:AutomataStep:3:Transition:01001100110010100011001011001101110010000000011111010001001011100010001110111001100100110011100101100001111111111011111100110001010001001101001000100000001011010010010010000011110100111000010010000100000011011001101101010011000000011111111000110011001000000011001100011101010010101000000110001111011101000011000000010000100000000110010001000111100011011000011010110011001100011001010110010100000100101110000000000000100100100000100111111100010011000000001001011000011111110101101000010111101111000100010100101001
000000000000000000000
000000000000000000000
000000000000000000000
000000000000000000000
000000000000000000000
000000000000000000000
000000000000000000000
000000010101010000000
000000011101110000000
000000001101010000000
000000011011110000000
000000000001000000000
000000000000000000000
000000000000000000000
000000000000000000000
000000000000000000000
000000000000000000000
000000000000000000000
000000000000000000000
000000000000000000000
000000000000000000000
#
It:8:Diff:36:PSOStep:3:Time:0.376107812:s:AutomataStep:3:Transition:01101011100100110111011111101111111110101000111111100011100100100111000111110101010111111101011011011111110001100011001011100100011000011011001000110110101100010011111111111001100001100110111011101111010101111001001001010011101001001101111101110011001010110011110011100011111000001010100010000011011110011111010111111110111110111111111111101001010101111110011010110111100111001010011111011100011111011100101100011100011111001110011110011110110011111110100111000110101111111101100101011101101111110111000011001001
000000000000000000000
000000000000000000000
000000000000000000000
000000000000000000000
000000000000000000000
000000000000000000000
000000000000000000000
000000011001110000000
000000011011110000000
000000011111100000000
000000011111110000000
000000001110100000000
000000000000000000000
000000000000000000000
000000000000000000000
000000000000000000000
000000000000000000000
000000000000000000000
000000000000000000000
000000000000000000000
000000000000000000000
#
It:35:Diff:35:PSOStep:4:Time:0.834362109:s:AutomataStep:4:Transition:01101111111011110111111111101011111010111000110111110111100111110110101111011111010111111101011111011111100111111011011011101001011011011010010100111110111100010111111111111011100100111111111011101111011101110001001001010011101001001111111111111011001110110111110111101101111110111010100010001111110111011111110101110011111110111111111101111111111101111111011011011111111111101011011111011101111101111111111110111101011101011111011111011110110001111110100111010101111111101101110101010111100111111111000011011001
000000000000000000000
000000000000000000000
000000000000000000000
000000000000000000000
000000000000000000000
000000000000000000000
000000101110111000000
000000101111111000000
000000111111111000000
000000101111111000000
000000101101011000000
000000001010100000000
000000000000000000000
000000000000000000000
000000000000000000000
000000000000000000000
000000000000000000000
000000000000000000000
000000000000000000000
000000000000000000000
000000000000000000000
#
It:37:Diff:33:PSOStep:4:Time:0.880119367:s:AutomataStep:4:Transition:01101011110110000111000111101011101110001000110101000111001101000111100111000111010110010101001010011111000001110011011001000000000010010111000000110110001110010111111111011000001000000111111001001001000101110001001001010001111001000101110000110011000010100011010011001110111010001010100010000011111010011110010011111010101010101110011111101001111101111010110010010011100001001010011111111101000011011100101000010000011111001100011111011100110000010100000011011010100010111101100101001111101111110011000011001001
000000000000000000000
000000000000000000000
000000000000000000000
000000000000000000000
000000000000000000000
000000000000000000000
000000101110111000000
000000101001101000000
000000111001111000000
000000101111010000000
000000101001011000000
000000001011000000000
000000000000000000000
000000000000000000000
000000000000000000000
000000000000000000000
000000000000000000000
000000000000000000000
000000000000000000000
000000000000000000000
000000000000000000000
#
It:97:Diff:30:PSOStep:4:Time:1.927995208:s:AutomataStep:4:Transition:01101011111010001111110111001110100111000010101110000101001100100110001110011001111011100101011010010001110100100011001000100100011000011011000110110100011010010001100110011100010001100110001001101010010011111001101011000000111001000111101110010010000010010011110000111100111100111000010110000110011011000111010111110110000000110101010101001000011101101010011000110011100101111011010110111010011111001000101001010000001111101110011011111110010100010110101010101100000011011101110001000101111111001001010110111001
000000000000000000000
000000000000000000000
000000000000000000000
000000000000000000000
000000000000000000000
000000000000000000000
000000101110111000000
000000101001001000000
000000110001111000000
000000101001101000000
000000111111111000000
000000000100000000000
000000000000000000000
000000000000000000000
000000000000000000000
000000000000000000000
000000000000000000000
000000000000000000000
000000000000000000000
000000000000000000000
000000000000000000000
#
It:181:Diff:29:PSOStep:4:Time:3.374586417:s:AutomataStep:4:Transition:01101011110110100111100111101010101111001010100101001101101111100110001111111001010111110111011000011001111100100011011111100100011000111011000110110101111010010111101110110111011001100110111001101011010001111001101011000100111001000111101110000010000111010011111101111110111100111010010110011111011111001111010111011110010000110101011101001000111101111010011001010011100001111011011100111011011111001010111001010100011111101110011011111100010101110110001110101010001011111101110101101110111111011001011110111001
000000000000000000000
000000000000000000000
000000000000000000000
000000000000000000000
000000000000000000000
000000000000000000000
000000101110111000000
000000101001101000000
000000101010111000000
000000111110111000000
000000111001111000000
000000000000000000000
000000000000000000000
000000000000000000000
000000000000000000000
000000000000000000000
000000000000000000000
000000000000000000000
000000000000000000000
000000000000000000000
000000000000000000000
#
It:192:Diff:27:PSOStep:4:Time:3.563987241:s:AutomataStep:4:Transition:01101011111110100111100111100111100111001010101111001101101111100110001111111111111111100111011011001111111100100011011111100100011000111011000110110100111110010111101110111111001001100110111001101011010011111001101011010100111001001111111110000010001111010011111101111110111100111010010110011111011111001111010111111110010010110101011101001000111101111010011001110011100101111011011100111011111111001011111001110100011111101110011011111110010101110011101010101010000011111101110111101111111011101001011110111001
000000000000000000000
000000000000000000000
000000000000000000000
000000000000000000000
000000000000000000000
000000000000000000000
000000101110111000000
000000101001101000000
000000111100011000000
000000111111111000000
000000111101111000000
000000000000000000000
000000000000000000000
000000000000000000000
000000000000000000000
000000000000000000000
000000000000000000000
000000000000000000000
000000000000000000000
000000000000000000000
000000000000000000000
#
It:207:Diff:26:PSOStep:7:Time:3.822385597:s:AutomataStep:7:Transition:00100110111010110001111011101111100111011000110000110101001100100111010110000101011111100010110100000000111100000000100001100001011000001010000010111110000010011111111110011011100010011100111010101010010001111011101101000001011001100010111101010001001000100011000000001111011000011100100110000001011111100000010111101110011000110101111111111100010101001100110110011111100010101011001100010111110010111010101110011000011110100000111010011110110000010010000000101000001011010101100100000010101001110100001111111001
000000000000000000000
000000000000000000000
000000000000000000000
000000000010000000000
000000000011000000000
000000001110100000000
000000011000110000000
000000101011101000000
000000001010110100000
000011001101001010000
000100111000010101000
000000010100000000000
000000000000000000000
000000000000000000000
000000000000000000000
000000000000000000000
000000000000000000000
000000000000000000000
000000000000000000000
000000000000000000000
000000000000000000000
#
It:236:Diff:20:PSOStep:7:Time:4.418857352:s:AutomataStep:7:Transition:00100010110000011001101111100110100110001000100101000101101001100111010111011000010010100110000000000011110000000010110011110000010001110010000010110100000010010011100110110000010011111010011000101011010001110001000000000001011001010110101100000001000101100001000001011111101000100110100100001010010111111001010011011100011100110100111001000000011111111000111101010111100000111001001101010111111110111000001110010100011111100010011011011100010100110110000100101010001011110101110011001010111101011000010110111000
000000000000000000000
000000000000000000000
000000000000000000000
000000000010000000000
000000000101000000000
000000000010100000000
000000011111010000000
000000101001001000000
000001000100111100000
000010111001000010000
000111010101111101000
000000000000000000000
000000000000000000000
000000000000000000000
000000000000000000000
000000000000000000000
000000000000000000000
000000000000000000000
000000000000000000000
000000000000000000000
000000000000000000000
#
It:237:Diff:19:PSOStep:7:Time:4.438959599:s:AutomataStep:7:Transition:00100010110000011001101111100110100110001010100001001101101011000111011111011000010010100110101000011011110011000011110010010000010000110000000010110100010010000011000110110100000011111001011000101011010001110000001000000000011001011110101100000001000101100000010001011111101000100110100100001001010111011001010011011100011100110110111001000000010111111000111101010111101100111000010101010111111111111001001111010101011111100010010011011100010100110110001100101010001101011101110011101011111101011001010110111000
000000000000000000000
000000000000000000000
000000000000000000000
000000000010000000000
000000000101000000000
000000000010100000000
000000011110110000000
000000100010101000000
000001010100010100000
000010110010111110000
000111010111010101000
000000000000000000000
000000000000000000000
000000000000000000000
000000000000000000000
000000000000000000000
000000000000000000000
000000000000000000000
000000000000000000000
000000000000000000000
000000000000000000000
#
It:241:Diff:15:PSOStep:7:Time:4.495490872:s:AutomataStep:7:Transition:00100011110010011101101111100011100111001010100111100101101110000111001111010000010010100111010010001011110001010010011111100000000001111011010110111100001010010011100111001110010010111100011001101011010001010001001010010001011001011111101100000011000101010011010101111111111000110110010100011111111111011111000111111110000100110111111101100000111101010010111101010111100001111001011101010111111111111101101101010100011111101010011011011100010101110100001100001110001011111101100101101011101111011001010110111000
000000000000000000000
000000000000000000000
000000000000000000000
000000000010000000000
000000000101000000000
000000001011100000000
000000011101010000000
000000100001111000000
000001010001111100000
000010111001111110000
000111010001111111000
000000000000000000000
000000000000000000000
000000000000000000000
000000000000000000000
000000000000000000000
000000000000000000000
000000000000000000000
000000000000000000000
000000000000000000000
000000000000000000000
#
It:364:Diff:11:PSOStep:7:Time:6.914975103:s:AutomataStep:7:Transition:00100011110010011111101111110011100111101010100111100101101111000111001111011010010010100111010011011011110101010011011111100000011001111011010110111100011110010111100011111001010001111110111001101011010001010001001010010001011001011111101100010011000101010001111001111111111100110110010100011111111111011111010111111110010100110111111101100000111101010010111111010111100101111001011101110111111111111101101111010101011111101010011011111110110100110100000100101010001011101101100101101011101111011001010110111001
000000000000000000000
000000000000000000000
000000000000000000000
000000000010000000000
000000000111000000000
000000001011100000000
000000011001110000000
000000101101111000000
000001111101111100000
000010111011111110000
000111010011111111000
000000000000000000000
000000000000000000000
000000000000000000000
000000000000000000000
000000000000000000000
000000000000000000000
000000000000000000000
000000000000000000000
000000000000000000000
000000000000000000000
#
It:403:Diff:10:PSOStep:7:Time:7.714133089:s:AutomataStep:7:Transition:00100011110010011101101111110111100111101010101111101101101000100111011110010000010011110111000011011011110111011010011011100000011001111011010110111101001010010011100111011000010100111110111001101011010001111001101010010011111001011011101110010001000101000111111111111111111000100110110100011111111111011111010111111100000100110111111101100000111111011010111101110111100101111001011101011111111111111111101101010100011001101010011011011110110101110100001100101010001011111001110101101011101111011001001110111001
000000000000000000000
000000000000000000000
000000000000000000000
000000000010000000000
000000000111000000000
000000001001100000000
000000011101110000000
000000111001111000000
000001111001111100000
000010011111111110000
000111111101111111000
000000000000000000000
000000000000000000000
000000000000000000000
000000000000000000000
000000000000000000000
000000000000000000000
000000000000000000000
000000000000000000000
000000000000000000000
000000000000000000000
end
