PSO TRACE
INIT:../../instances/fazia/init.csv
REF:../../instances/fazia/asvn1.csv
DecodingPolicy:CPP
MutationPolicy:Null
ParticleNeighborhood:Fixed
ParticleDims:515
ParticleCount:100
AccP:2.0
AccG:2.0
AccL:1.5
AccI:2.3
Pos:0.0-3.0
Inertia:0.9-0.6
VeloMax:2.0
MaxPSOIteration:500
InertiaDecrFactor:6.000000000000001E-4
INIT
000000000000000000000
000000000000000000000
000000000000000000000
000000000000000000000
000000000000000000000
000000000000000000000
000000000000000000000
000000000000000000000
000000000000000000000
000000000000000000000
000000000010000000000
000000000000000000000
000000000000000000000
000000000000000000000
000000000000000000000
000000000000000000000
000000000000000000000
000000000000000000000
000000000000000000000
000000000000000000000
000000000000000000000
REF
000000000000000000000
000000000000000000000
000000000000000000000
000000000010000000000
000000000111000000000
000000001010100000000
000000011100110000000
000000101001101000000
000001111001111100000
000010111111111010000
000111011111110111000
000000000000000000000
000000000000000000000
000000000000000000000
000000000000000000000
000000000000000000000
000000000000000000000
000000000000000000000
000000000000000000000
000000000000000000000
000000000000000000000
Classic CPP Decoder
0 :1,2,3,4,
1 :0,2,3,4,
2 :0,1,3,4,
3 :0,1,2,4,
4 :0,1,2,3,
5 :6,7,8,9,
6 :5,7,8,9,
7 :5,6,8,9,
8 :5,6,7,9,
9 :5,6,7,8,
10 :11,12,13,14,
11 :10,12,13,14,
12 :10,11,13,14,
13 :10,11,12,14,
14 :10,11,12,13,
15 :16,17,18,19,
16 :15,17,18,19,
17 :15,16,18,19,
18 :15,16,17,19,
19 :15,16,17,18,
20 :21,22,23,24,
21 :20,22,23,24,
22 :20,21,23,24,
23 :20,21,22,24,
24 :20,21,22,23,
25 :26,27,28,29,
26 :25,27,28,29,
27 :25,26,28,29,
28 :25,26,27,29,
29 :25,26,27,28,
30 :31,32,33,34,
31 :30,32,33,34,
32 :30,31,33,34,
33 :30,31,32,34,
34 :30,31,32,33,
35 :36,37,38,39,
36 :35,37,38,39,
37 :35,36,38,39,
38 :35,36,37,39,
39 :35,36,37,38,
40 :41,42,43,44,
41 :40,42,43,44,
42 :40,41,43,44,
43 :40,41,42,44,
44 :40,41,42,43,
45 :46,47,48,49,
46 :45,47,48,49,
47 :45,46,48,49,
48 :45,46,47,49,
49 :45,46,47,48,
50 :51,52,53,54,
51 :50,52,53,54,
52 :50,51,53,54,
53 :50,51,52,54,
54 :50,51,52,53,
55 :56,57,58,59,
56 :55,57,58,59,
57 :55,56,58,59,
58 :55,56,57,59,
59 :55,56,57,58,
60 :61,62,63,64,
61 :60,62,63,64,
62 :60,61,63,64,
63 :60,61,62,64,
64 :60,61,62,63,
65 :66,67,68,69,
66 :65,67,68,69,
67 :65,66,68,69,
68 :65,66,67,69,
69 :65,66,67,68,
70 :71,72,73,74,
71 :70,72,73,74,
72 :70,71,73,74,
73 :70,71,72,74,
74 :70,71,72,73,
75 :76,77,78,79,
76 :75,77,78,79,
77 :75,76,78,79,
78 :75,76,77,79,
79 :75,76,77,78,
80 :81,82,83,84,
81 :80,82,83,84,
82 :80,81,83,84,
83 :80,81,82,84,
84 :80,81,82,83,
85 :86,87,88,89,
86 :85,87,88,89,
87 :85,86,88,89,
88 :85,86,87,89,
89 :85,86,87,88,
90 :91,92,93,94,
91 :90,92,93,94,
92 :90,91,93,94,
93 :90,91,92,94,
94 :90,91,92,93,
95 :96,97,98,99,
96 :95,97,98,99,
97 :95,96,98,99,
98 :95,96,97,99,
99 :95,96,97,98,
#
It:0:Diff:45:PSOStep:4:Time:0.154141789:s:AutomataStep:4:Transition:00111011011001111101111011011010000111011111100011100001110110100100000111001011000001010001010111011011101011111101001001001001011101111100000111111110010100101101000110101010100001100101001000111100001011000111111000011011100101011110001010010110101111010001100000110100110000111100000000001111110100010110010110101110001110111111111110101110011110111011100001010111111110101001101111110111111111101110111110101011011111011010000110110110100000110101001111010110011001000001100100111010000001100001110011100111
000000000000000000000
000000000000000000000
000000000000000000000
000000000000000000000
000000000000000000000
000000000000000000000
000000000011111000000
000000000000100000000
000000001011010000000
000000010001100000000
000000010000000000000
000000000100000000000
000000000000000000000
000000000000000000000
000000000000000000000
000000000000000000000
000000000000000000000
000000000000000000000
000000000000000000000
000000000000000000000
000000000000000000000
#
It:1:Diff:37:PSOStep:6:Time:0.280643648:s:AutomataStep:6:Transition:00001000011001111111101111011011000111001011111010111111110110110101000110100111001001000101011111000101111011101111001111001011010110111110100011111111111101111001111011101000110110101101001100011101101011011111001000011011100101011110001010010010100101010101101000101111111000111111100000101110101110010110111100111111011111111011101011101111111110111111011101100111011110101001011001110111011111101110100110111111111110111010000101111111111001110001000101010111011101100001100000111010010001000111011011000111
000000000000000000000
000000000000000000000
000000000000000000000
000000000000000000000
000000000000000010000
000000000000001100000
000000000000011100000
000000000001101000000
000000000011011000000
000000011111110000000
000000011011010000000
000000000000000000000
000000000000000000000
000000000000000000000
000000000000000000000
000000000000000000000
000000000000000000000
000000000000000000000
000000000000000000000
000000000000000000000
000000000000000000000
#
It:11:Diff:32:PSOStep:8:Time:0.493457799:s:AutomataStep:8:Transition:00010010011011101111011011111010100011101011010010111100110110110101001110100001011001101001011111000010111011001111011001101011011110110010100111011111110100101000111011111100110010100100111001011101011011010111001100111111100111100010010010111111101111000101101100111011101000110101001010101111111110111110011100111011010111101011001101100110011111011011011001101111011111101111011011010111011111111101101110101110111100110010010111011111101111110001010101010111010111101001111010001100110001010111011110001011
000000000000000000000
000000000000000000000
000000000000000000000
000000000011000000000
000000000011000000000
000000000011110000000
000000011100110000000
000000011111111100000
000000011111011100000
000011110011101100000
000011001111111110100
000000001011000001000
000000000010000000000
000000000000000000000
000000000000000000000
000000000000000000000
000000000000000000000
000000000000000000000
000000000000000000000
000000000000000000000
000000000000000000000
#
It:12:Diff:23:PSOStep:7:Time:0.525617992:s:AutomataStep:7:Transition:00110101011011111101011110111011111011001111111111111110110110110101101010100000011111111001111011000111111011001111011001001001011110111010100111011111110101111000011011101100110010000101111101111001111011010101011100110111101111100010011010111111101011100100101100111111101010011101111010101010111101111111111110111001110110101011101100001111011111111011011101101111111111111111011011100111111001110101111111000110011100111010011111011111101110100111110101010111010111001001111110101110100001110111011111101011
000000000000000000000
000000000000000000000
000000000000000000000
000000000010000000000
000000000011000000000
000000001100000000000
000000001001110000000
000000111011100000000
000001111011111100000
000011010001011000000
000011111101100111000
000000010000000000000
000000000000000000000
000000000000000000000
000000000000000000000
000000000000000000000
000000000000000000000
000000000000000000000
000000000000000000000
000000000000000000000
000000000000000000000
#
It:17:Diff:22:PSOStep:7:Time:0.633627799:s:AutomataStep:7:Transition:00110001011011101000001000001000101011001010010000101000000010000100001110011000011010100001101011000010010011001010011101011001001100100000100011000001110000101100001010001000100010000001111000110001011011000000011110100111101111110010010010111111001011000000000100110001100100010101001000001011110000110000010100111001010110101010001100000011010010010001000000001101110111001010000000101001101010000101101100000100001100110010000101010110110110100101000100010011010111001000110110001000100000010100011110001111
000000000000000000000
000000000000000000000
000000000000000000000
000000000010000000000
000000000101000000000
000000000010100000000
000000001100010000000
000000101001101000000
000001010001000100000
000010000110010010000
000011111010001111000
000000000000000000000
000000000000000000000
000000000000000000000
000000000000000000000
000000000000000000000
000000000000000000000
000000000000000000000
000000000000000000000
000000000000000000000
000000000000000000000
#
It:36:Diff:20:PSOStep:7:Time:1.061212447:s:AutomataStep:7:Transition:00110111011001111111011110011111101111011111010010101010111010100111011011101101011111110111011111010011111011111010011101001001011110111111100011011001110110101010001111101100110010101010001101010001111111001001101101100111101111110110001010110111100011110100101100111111101010111101011001101111110100011011001111111101010111111111101101001111111111010001010101101111101111101011011001100111111101110100101110001111011110111011000111110111111100110101010110010111110101001001110101100000010001110111011111101111
000000000000000000000
000000000000000000000
000000000000000000000
000000000010000000000
000000000011000000000
000000000101100000000
000000011111110000000
000000011010101000000
000001110111111100000
000010000111111110000
000011011111111111000
000000000000000000000
000000000000000000000
000000000000000000000
000000000000000000000
000000000000000000000
000000000000000000000
000000000000000000000
000000000000000000000
000000000000000000000
000000000000000000000
#
It:45:Diff:16:PSOStep:7:Time:1.260957895:s:AutomataStep:7:Transition:00110111111011111111011110011011101011101111011010101110111010110111011111111101011111110011101111011011111111101110101111111001011110111111110111011011110111111010011011101101110010101001001101111111111111011111011101111111111111110111011010111111101011110101101100111111100110111101011011101111110110011011011111111101010111111111111101101111111111010011010101101111111111101011011001100111111111111100101110101111011110111010000111111111101110110111011100010111010111101001110111111011000001110111011111001111
000000000000000000000
000000000000000000000
000000000000000000000
000000000010000000000
000000000111000000000
000000001111100000000
000000011111110000000
000000111111111000000
000001111111011100000
000011111111111110000
000111010011111111000
000000000000000000000
000000000000000000000
000000000000000000000
000000000000000000000
000000000000000000000
000000000000000000000
000000000000000000000
000000000000000000000
000000000000000000000
000000000000000000000
#
It:60:Diff:13:PSOStep:7:Time:1.563734206:s:AutomataStep:7:Transition:00110010111011011100001010011010101011101011010011000001100010110101001010011101010111100111001101000011111011001111000110101011011010111101100010111001000111101010011011001101110010101110001100110001111010001100001100000010100110100010000010100100110011000000111100111111110000111101011001101011100000000000001011011111010111100011101100000011111111110000000101101111001111001010001001100111111110100100101110000110001010110011000101111110110100110001000100000111100101101000110011100000010011100110011100001111
000000000000000000000
000000000000000000000
000000000000000000000
000000000010000000000
000000000111000000000
000000001000100000000
000000011101110000000
000000100011001000000
000001111000111100000
000010001111101110000
000111011101000111000
000000000000000000000
000000000000000000000
000000000000000000000
000000000000000000000
000000000000000000000
000000000000000000000
000000000000000000000
000000000000000000000
000000000000000000000
000000000000000000000
#
It:146:Diff:11:PSOStep:7:Time:3.394400208:s:AutomataStep:7:Transition:00110111010111111101101111011111101111100011010011111001101011110101001010110111010110100111101111111011101111101111001111111011001110111100100011111111110111101110011011111111111110111111001001111101011001011111101110110110101111111011011011100101110111000010101100111110111111111110111010101011110111110111001111111011010111111011101101001111011111111011010001111111000110101011111100110011111111110101111111110111011110111011101100111110111011110101111111111111111011001001110100101100010001010110001111010001
000000000000000000000
000000000000000000000
000000000000000000000
000000000010000000000
000000000111000000000
000000001110100000000
000000011101110000000
000000111111101000000
000001111111111100000
000011001111111010000
000011011111110111000
000000000000000000000
000000000000000000000
000000000000000000000
000000000000000000000
000000000000000000000
000000000000000000000
000000000000000000000
000000000000000000000
000000000000000000000
000000000000000000000
#
It:185:Diff:9:PSOStep:7:Time:4.239758859:s:AutomataStep:7:Transition:00110111111111011111011111011111101111101011010011111001111011110101001011110111010111110111101101111011101111101111001111111011001110111000100011111111110111101110011011111111111110111111001001110101111011010111111110110110101111111011010111100101111011000010100100111110101111111110001010001011111111000111001111111001010111111011111100001111011110111001010001111111001110101011011101110011111111110111111111110111011010110011101111010110111111110111111111111111011011001001110101101100110001000110011111010111
000000000000000000000
000000000000000000000
000000000000000000000
000000000010000000000
000000000111000000000
000000001010100000000
000000011110110000000
000000101111101000000
000001111001001100000
000010111111110010000
000101011111010011000
000000000000000000000
000000000000000000000
000000000000000000000
000000000000000000000
000000000000000000000
000000000000000000000
000000000000000000000
000000000000000000000
000000000000000000000
000000000000000000000
#
It:327:Diff:7:PSOStep:7:Time:7.292128999:s:AutomataStep:7:Transition:00110111110101011011101110011110101111100011011011010011001010010101001011110011010110110101101111111001111111001111100111111011001110111000100001111111110111101010111011101101111110111111001001110111011001011111110110100110100101111011011101100101111010110000101101111100101110011101001010001010111111000010001111111011010011110011101110101111010110100011010001111111001111101011111101100011111111110111111111110101011000110011001110011110110111110111011100011111111011001000110110111100110001100110011111011111
000000000000000000000
000000000000000000000
000000000000000000000
000000000010000000000
000000000111000000000
000000001110100000000
000000011100110000000
000000111101101000000
000001111101111100000
000010011111111010000
000111111111110011000
000000000000000000000
000000000000000000000
000000000000000000000
000000000000000000000
000000000000000000000
000000000000000000000
000000000000000000000
000000000000000000000
000000000000000000000
000000000000000000000
end
