PSO TRACE
INIT:../../instances/fazia/init.csv
REF:../../instances/fazia/asm3.csv
DecodingPolicy:CPP
MutationPolicy:Null
ParticleNeighborhood:DynamicGeneralizedEuclideanDistance
ParticleDims:515
ParticleCount:100
AccP:2.0
AccG:2.0
AccL:1.5
AccI:2.3
Pos:0.0-3.0
Inertia:0.9-0.6
VeloMax:2.0
MaxPSOIteration:500
InertiaDecrFactor:6.000000000000001E-4
INIT
000000000000000000000
000000000000000000000
000000000000000000000
000000000000000000000
000000000000000000000
000000000000000000000
000000000000000000000
000000000000000000000
000000000000000000000
000000000000000000000
000000000010000000000
000000000000000000000
000000000000000000000
000000000000000000000
000000000000000000000
000000000000000000000
000000000000000000000
000000000000000000000
000000000000000000000
000000000000000000000
000000000000000000000
REF
000000000000000000000
000000000000000000000
000000000000000000000
000111111111111111000
000011000011011110000
000111011110111101000
000000110111100010000
000111101011011111000
000010011111010110000
000111101110110001000
000001011001011110000
000111111110111111000
000011100010101010000
000111110011101101000
000000110011101110000
000111101110011111000
000010010101110110000
000111001100110011000
000000000000000000000
000000000000000000000
000000000000000000000
Classic CPP Decoder
#
It:0:Diff:96:PSOStep:7:Time:0.112030306:s:AutomataStep:7:Transition:01101111101101111011111011101111000111110110111111110101011101111011111101111111101011101101111111111110110111110101110111101011111111101111000110111111111111110111101111111111110111011110111111110111111111111111011100101111110010101011111111101100111111000011110111101111111111110010001111011111011101111101111001010111101011111011111111111111110110101111011111110100011111101111001111100111111111011111010011111011101100111111110111111011100111110111111101011011111111101101111101111100111111111111111010111111
000000000000000000000
000000000000000000000
000000000000000000000
000111011101110111000
000111111101111010000
000011110101110110000
000111111011110010000
000111111101111110000
000000101111111110000
000111111101111110000
000111011111111110000
000111111111111100000
000011111100111000000
000111101101111000000
000111111011110000000
000011100111100000000
000111111111000000000
000110101110000000000
000000000000000000000
000000000000000000000
000000000000000000000
#
It:1:Diff:68:PSOStep:7:Time:0.269506933:s:AutomataStep:7:Transition:01111111101011111011111011111111000111110110111111111100101111111111111101110110101011101101111111111110110111111111011101001110111111101111100110111111110111101011101110111111110010011100111111111111011111111111011101101111110110101011111011101110111110001111110111100111111111101110111111001111111101111111111001001111111011111111111111010001110111101111111011010100011111101111001101100011101111111111110011111001101011110111111111111011101111111101111001111011111101111101011101011010101111111111110111111111
000000000000000000000
000000000000000000000
000000000000000000000
000111111111111111000
000111111111111110000
000111111111111111000
000101111111111110000
000110011111111111000
000111111111111110000
000111111111111111000
000101001111111110000
000110011101111111000
000111111011111110000
000111100111111111000
000110011110111110000
000111111111111111000
000110110110111010000
000111011101110111000
000000000000000000000
000000000000000000000
000000000000000000000
#
It:19:Diff:67:PSOStep:7:Time:1.995270252:s:AutomataStep:7:Transition:01111111101111111011101001111011000111110110111110111111101111111111111101110110111111101101111111111110110111110100110111011010111111111110001110011111110111110011101100111111110110011110111111111110011111111111011101111111110010111011111111101110111110001111010111100111111111100010101111011111111111111111111011011101011111111111111111010111110110111111101011000110011101101111001101100010101111011111111011111011101010110110111111111011111111111101111101111011111110101111111101011010111111011111110111111111
000000000000000000000
000000000000000000000
000000000000000000000
000111111111111111000
000111111111111110000
000111111111111011000
000111111111111110000
000111111111111111000
000110111111111110000
000111101111111011000
000111111011111110000
000111111111111001000
000111111110111110000
000110111110111111000
000111101111100110000
000111111111111001000
000101100111111010000
000111001100110011000
000000000000000000000
000000000000000000000
000000000000000000000
#
It:35:Diff:66:PSOStep:7:Time:3.217790378:s:AutomataStep:7:Transition:01111011111001100111111011111111010111110110111110111110001111111110111101011110101010101011101011101111110111111010010111011010111100111011000110011111101111100111001110011011111110001110101111110110011111111111011101000111110011011011111111100011101110001111100101110101111111110111101111101111101111101111110011011101011000111110011111101111110101111111110000000110001111111111011001111001100110111111101010111011101111110000110100111111111111101101011011111011110101101110011111001010111011110111110110111111
000000000000000000000
000000000000000000000
000000000000000000000
000111111111111111000
000111111111111110000
000101111111111111000
000011111111111110000
000111111111111111000
000111111111111110000
000101010111111111000
000010101111111110000
000111111111111111000
000110001111101110000
000101111011110111000
000011111011101110000
000111110101011111000
000111100111010010000
000111001100110011000
000000000000000000000
000000000000000000000
000000000000000000000
#
It:45:Diff:65:PSOStep:7:Time:3.982206903:s:AutomataStep:7:Transition:01111111111001101011111011111011010111110110111110111110011011111111111101011110111010101011101111101111111111111110010111011010111100111011000111011111101111100011001111111111110111011010111111110110011111111111011101100111110011011011111111100111101110001111110001011101111111111111101111101110001111111111111111011101111010111110011111111111110101111111111110000100011111110111011001101011111110111111111011111011101111110000110111111111111111101111011001111011111100111110110100010010111011110111110111111111
000000000000000000000
000000000000000000000
000000000000000000000
000111111111111111000
000111111111111110000
000111111111111111000
000010111111111110000
000111011111111111000
000110111111111110000
000111111111111111000
000010111111111110000
000111011101011111000
000110110111101110000
000111111010011111000
000011101011111110000
000111101101011111000
000111101100110010000
000111011101110111000
000000000000000000000
000000000000000000000
000000000000000000000
#
It:66:Diff:64:PSOStep:7:Time:5.581181761:s:AutomataStep:7:Transition:01111111101011101011111011111011000011110100111110101110011111111111111101011110011010101011101011101111110111111110010111010010111100111110000111011111110111100010101110001011110110011110111111111110011111101111011101100111110010011011111110100010101010001101110111010101101111110111100111101111011111111011111001001101010000111111111111011111110101111011111110000100011111110111011001101010110111111111111011111011101011110000110111111110111111101101111101111011111100111100110100010010100111110111010111111111
000000000000000000000
000000000000000000000
000000000000000000000
000111111111111111000
000111111111111110000
000111111111111111000
000100011111111110000
000111111111111111000
000110000111111110000
000111111111111111000
000100100111111110000
000111111111111111000
000100110101111110000
000111111011100111000
000100011011011110000
000111101110110111000
000111101101101010000
000111001100110011000
000000000000000000000
000000000000000000000
000000000000000000000
#
It:72:Diff:59:PSOStep:7:Time:6.044061972:s:AutomataStep:7:Transition:01111011111011101111111011111011010111110110111110110110011111111111111101010110001110101011110111101111100111110110010101010110101101101101000111011111111111101001111110111111110111111100101111110111011111111111001101111111111111111011111111111011111111001101100111110101111111111110110011101111011111101111111001001111110010111111101111111111110101101111111001001100111111010111011001100011111111111111011010111111111110110001110111111100101111101111111001111011110100111111011101111010101111110111110111111111
000000000000000000000
000000000000000000000
000000000000000000000
000111111111111111000
000111111111111110000
000111111111111011000
000001111111110100000
000111111111111111000
000110011111111110000
000111111110111011000
000001011111110100000
000110111110111111000
000111111000101110000
000111111111110011000
000001111101111100000
000111111011111111000
000110111100110010000
000111011101110111000
000000000000000000000
000000000000000000000
000000000000000000000
#
It:91:Diff:56:PSOStep:7:Time:7.501756234:s:AutomataStep:7:Transition:01111111111001111111100011111011010111110110111110111110111111111111110101011110101010101011110111101111100111110110011111010110111111101101100111111111111111100011011110111111111111111110101111110111011111111111011101011111110011111011111111111111101110011101100111110101111111111111110111101111011101101111111001001111110011111111101111111111110101111111111111001110111111111111011101100011111111111111011011111011111110111011111111111101111111111101111001111011111100111111111001011010101111101111110111111111
000000000000000000000
000000000000000000000
000000000000000000000
000111111111111111000
000111111111111110000
000111111111111111000
000001111111111110000
000111111111111111000
000111110111111110000
000111111111111111000
000001111101011110000
000111111110111111000
000111110111111110000
000111111111111111000
000001111111111110000
000111111111111111000
000111111111111110000
000111011101110111000
000000000000000000000
000000000000000000000
000000000000000000000
#
It:121:Diff:54:PSOStep:7:Time:9.825262691:s:AutomataStep:7:Transition:01111111111011101011111011111111010111110110111110111111011111111111111101011110101010101011111111101110100111110110011111000110111111101101000111111111110111100011001000111111110111011110111111110111011111111111011101111111110110111011111111100111111111011111110111010101101111111111111101011111011111111111111101001111010011111111111111011111110111101011110111001110011111111111011001101011111111011111111011011011111111111111110111111111111111101101111111111011110100111111111101011010111111111111111111111111
000000000000000000000
000000000000000000000
000000000000000000000
000111111111111111000
000111111111111110000
000111111111111111000
000001111111111110000
000111111111111111000
000111111111111110000
000111111111111111000
000001111111111110000
000111111111111111000
000111111111111110000
000111110111111111000
000001111011111110000
000111111111111111000
000111111111111110000
000111001100110011000
000000000000000000000
000000000000000000000
000000000000000000000
#
It:125:Diff:53:PSOStep:7:Time:10.123462272:s:AutomataStep:7:Transition:01111011111011111111111011111011010111110110111111111111011111111111111101011111101000101111101011101111100111110011010101010010101111111111101111111111110101100000011010011111111111101110111111111110111111111111011101110111111110111011111010111011111111011111110111010101101111111111011011000111111101111111111101011111011111111111111111111111110101101011111111001100011111011111111101101011111111111111111010111111111011110110111111111110110010111111011101111011111101111110111111100010111011111111110010111111
000000000000000000000
000000000000000000000
000000000000000000000
000111111111111111000
000111111111111110000
000111111111111111000
000001011111101110000
000111111111111111000
000111011011101110000
000110111111111111000
000001001111111110000
000111111111111011000
000111101011101010000
000111111001101111000
000001111011111110000
000111111111111111000
000110111111111010000
000111001100110011000
000000000000000000000
000000000000000000000
000000000000000000000
#
It:242:Diff:50:PSOStep:7:Time:19.397771409:s:AutomataStep:7:Transition:01111011111011111111011011111011011011111110101111101000011101111111110101010110011010101111111011101111101111110111010111011010110111101101101111111111110101111110011110011010111111101110101111110011111111111111001101111111111011011011011111110011111011011111111110011100101111111111010001100110011111011111111100011110011111111011101111111111010101101011111011000111011101011110011101000011111011111111111010011111101111110110111111111110111011011110011101111011110100111011111111111010111111110111010110111011
000000000000000000000
000000000000000000000
000000000000000000000
000111111111111111000
000111111111111110000
000111111111111111000
000000101010101010000
000111111111111111000
000110101111011010000
000111101101111111000
000000010001111010000
000111111111111111000
000110010000111010000
000111111111111111000
000000110011101010000
000111111110111111000
000111110101111010000
000111001100110011000
000000000000000000000
000000000000000000000
000000000000000000000
#
It:379:Diff:48:PSOStep:7:Time:29.963002916:s:AutomataStep:7:Transition:01111111111011101111011011111111011111110100111111111110011111111111110101010100101000111011110111101111100111010101011101111110110110101011001111101110100101100111011000111100111111101110101110110111111111011011011101111111110110111011111010110110101110011101100101101111111111110110010001001101011111101111111101011111111011111111101111111111110101101111111111001001011111111011111101100011101111011011011010111111110110011010111111110110111110101101011101111011111100111010001111010000111011111111010110110111
000000000000000000000
000000000000000000000
000000000000000000000
000111111111111111000
000111111111111110000
000111111111111101000
000000111111111110000
000111111111111111000
000110111111111110000
000111111111010101000
000000111101111110000
000111111110110111000
000110110110111110000
000111110111111101000
000000110111111110000
000111111111111111000
000110110111111110000
000111011101110111000
000000000000000000000
000000000000000000000
000000000000000000000
end
