PSO TRACE
INIT:../../instances/fazia/init.csv
REF:../../instances/fazia/asm3.csv
DecodingPolicy:CPP
MutationPolicy:Null
ParticleNeighborhood:DynamicGeneralizedEuclideanDistance
ParticleDims:515
ParticleCount:100
AccP:2.0
AccG:2.0
AccL:1.5
AccI:2.3
Pos:0.0-3.0
Inertia:0.9-0.6
VeloMax:2.0
MaxPSOIteration:500
InertiaDecrFactor:6.000000000000001E-4
INIT
000000000000000000000
000000000000000000000
000000000000000000000
000000000000000000000
000000000000000000000
000000000000000000000
000000000000000000000
000000000000000000000
000000000000000000000
000000000000000000000
000000000010000000000
000000000000000000000
000000000000000000000
000000000000000000000
000000000000000000000
000000000000000000000
000000000000000000000
000000000000000000000
000000000000000000000
000000000000000000000
000000000000000000000
REF
000000000000000000000
000000000000000000000
000000000000000000000
000111111111111111000
000011000011011110000
000111011110111101000
000000110111100010000
000111101011011111000
000010011111010110000
000111101110110001000
000001011001011110000
000111111110111111000
000011100010101010000
000111110011101101000
000000110011101110000
000111101110011111000
000010010101110110000
000111001100110011000
000000000000000000000
000000000000000000000
000000000000000000000
Classic CPP Decoder
#
It:0:Diff:98:PSOStep:6:Time:0.104258484:s:AutomataStep:6:Transition:01111111111111111111000110111111101111111111111111111111111101111101011111010110101111011111001111111110110011111111110000111111011101101011101101111011010101111110111111110011101011110111111111101111111111111011111111110010110111101101001111110111010110111111100101111111101110101001111111011111010100111101110111111111110111111011110100111111110011111110111010101110111110111111111110111111011111011101110111011111111111110111111011101111111011111111111001110111111111111100111111111111101101110111111101011011
000000000000000000000
000000000000000000000
000000000000000000000
000000000000000000000
000011111111111110000
000011111111111110000
000011111101111110000
000011111111111110000
000011111110111110000
000011111111111110000
000011111111011110000
000011111111111110000
000011111111101110000
000011111111111110000
000011000110110110000
000011111111111110000
000010101010101010000
000000000000000000000
000000000000000000000
000000000000000000000
000000000000000000000
#
It:1:Diff:68:PSOStep:7:Time:0.257052561:s:AutomataStep:7:Transition:01111011111011111111001111110111011101111111111010111111111011111001111011101011101111111111011111111111111111101101010001111111111111101011111111111011110111111100110010111111001101110101111111111111111111011100111111110110111111111111010111111111111111111111101111010111010110111000111111111111101101111111101111111011111111111111111110110001011111101110111011111010110110001011111111110111111111111001010111111110111111101101111101110111111010111011001101111111111100111111100111111110100111111111111111110011
000000000000000000000
000000000000000000000
000000000000000000000
000111111111111111000
000111111111111110000
000111111111111111000
000111111111111110000
000111111111111111000
000111111111111110000
000111111111111111000
000111111111111110000
000111111111111111000
000111111111111110000
000111111111111111000
000111111111111110000
000111111111111111000
000111111111111110000
000111111111111111000
000000000000000000000
000000000000000000000
000000000000000000000
#
It:2:Diff:67:PSOStep:7:Time:0.465958456:s:AutomataStep:7:Transition:01111111111101111111101111011111001111111111111011111101111110111111111111001001111111110011111111111111111111100011101101001111111111111011111111111101110111101110100110111111111111111101011111111101111111111111011010011111111111111111011110111111111111111111001111101111111101101111111111011111110111111011111111111011111111111111111110101111111101101111111111111011111011101111111110111111111111111111101011111111111111101001111111111011111010111111111111111111111111111111100011011011110111111101111101111111
000000000000000000000
000000000000000000000
000000000000000000000
000111111111111111000
000111111111111110000
000111111111111111000
000111111111111110000
000111111111111111000
000111111111111110000
000111111111111111000
000111111111111110000
000111111111111111000
000111111111110110000
000111111111111111000
000111111011110110000
000111111110111111000
000110011111000110000
000111111111111111000
000000000000000000000
000000000000000000000
000000000000000000000
#
It:7:Diff:63:PSOStep:7:Time:0.987584206:s:AutomataStep:7:Transition:01111111111111111111001111011111011101111111011010111110111111111001111010101011111111111111101111111111111101100111001101001111111101111011111111111011010111101010110111111111101111111101011111111101111111100011111110001011111111111111001111011111111110111011101111111111111110101011111111011111010101111111111111110011111111111111111110101111110101111110111111111111111010001111111110110111111111111011100111111110111111101111111111110011111110111111111101110111111101110111100111111011110111111101111111010011
000000000000000000000
000000000000000000000
000000000000000000000
000111111111111111000
000111111111111110000
000111111111111111000
000011111111111110000
000111111111111111000
000011111111111110000
000111111111111111000
000011111111111110000
000111111111111111000
000011111111111110000
000111111111111111000
000011111111111110000
000111111111111111000
000111111111111110000
000111111111111111000
000000000000000000000
000000000000000000000
000000000000000000000
#
It:21:Diff:61:PSOStep:7:Time:2.144158485:s:AutomataStep:7:Transition:01111111111111111110101111111101001111111111111010111100011111111011111010101011101111110111101111110111111111100111011101001111111100011011110111111010101111101010110100111111111111111101011101100101111111110010111110000001101111101111011110011110111100111111100111110111111110101000111100010011111101111011111101110011111111111111111110101101110001101110011111111100111010101111011110110111011101011011100111111110011110100111111111110011111100111111111001110110111001110111101111111010110111011101110101110011
000000000000000000000
000000000000000000000
000000000000000000000
000111111111111111000
000111111111111110000
000111111111111111000
000000110111111110000
000111111111111111000
000000111111111110000
000111111111111111000
000001110111111110000
000110011110111111000
000001110101111110000
000111111100111111000
000000110111111110000
000111111101101111000
000101001110110110000
000111011101110111000
000000000000000000000
000000000000000000000
000000000000000000000
#
It:31:Diff:59:PSOStep:7:Time:2.924241831:s:AutomataStep:7:Transition:01111111111110111111100111111101001111111111110110111100111111111010111010101011101111110111101111111111111101100111011101001111111100110011011111111010001011101110110100100010110111010101011111100101011111110011111110001011101110101110011110010110111101101011101111101111110010101011111011000011101101111011111111010011011110111111111110101111110101111110011111101101111111101111011110010110101101111011110111111110001110100111111111110011111100111111011001010110111001110111001111111010110111011101011101110111
000000000000000000000
000000000000000000000
000000000000000000000
000111111111111111000
000111111111111110000
000111111111111111000
000000111111111110000
000111111111111111000
000001011111111110000
000110011111111111000
000000111101111110000
000111011111111111000
000000001111111110000
000111110111101111000
000000100011111110000
000111101111111111000
000110011011000110000
000111111111111111000
000000000000000000000
000000000000000000000
000000000000000000000
#
It:114:Diff:58:PSOStep:7:Time:9.302241243:s:AutomataStep:7:Transition:01111111111010011110100111110101001001111111110110111010111110111000111010101011101110110111100110111101111100100111001011001101111100011011111111111011001101101110110111101011111111010101011111100101011111110011111110101011101111101110011110011110111100101011101110110111110000101011111010000011000111111011111111110011011110111111111110101111010101111111110111111101110010101111011101010111001101111011110111111110011110100111111110010011101000111111011001010110011001110011001110111010100111011101110101010011
000000000000000000000
000000000000000000000
000000000000000000000
000111111111111111000
000111111111111110000
000111111111111111000
000000101111111110000
000111110011111111000
000000111110111110000
000111110011011111000
000000010101111110000
000111111110101111000
000000011010111110000
000111111011110111000
000000111110001110000
000111111011011111000
000110111101111010000
000111001100110011000
000000000000000000000
000000000000000000000
000000000000000000000
#
It:152:Diff:53:PSOStep:7:Time:12.22265873:s:AutomataStep:7:Transition:01111111111110111111110111110101001001111111110110111101111110111000111110001011101111111111101110111101111101101111001101001101111100111001110111111011011111101110110110100110110111010101001111100101011101110011111110101011101110101110001110011110110100101011101111010111111010101011111011000011000101011111111111100011011110111111111110101101110001111111101111111101110010101111011100010101001101111011110011111110011111100110111110110011101000111111011001010110011001100111001111111010110111011101011101110111
000000000000000000000
000000000000000000000
000000000000000000000
000111111111111111000
000111111111111110000
000111111111111111000
000000111111111110000
000110111111111111000
000000001111111110000
000111100111111111000
000001111101111110000
000111111001111111000
000001110100111110000
000111111011011111000
000000011110101110000
000111111110011111000
000110111111111010000
000111001100110011000
000000000000000000000
000000000000000000000
000000000000000000000
#
It:176:Diff:52:PSOStep:7:Time:14.032764982:s:AutomataStep:7:Transition:01111111111110111011100111110101001001111010110110111100011111111010111010001011101111111111101111111111111101101111011001001101111100111011110111111011001101101110110010101010110111010101011111100101011101110111111110101011101110101110001110011010111101101011101111111111110010101011111011000011000101111111111111100011011110111111111110101101110001111111001111111100111011101111011100010101101101111011110011111110011110100111111111010011101100111111011001010110111001100011001111111011110111011101011101110111
000000000000000000000
000000000000000000000
000000000000000000000
000111111111111111000
000111111111111110000
000111111111111111000
000000111111111110000
000110100111111111000
000000011111111110000
000110111111111111000
000001111011111110000
000111101010111111000
000001111111111110000
000111111011111111000
000000010101001110000
000111111110011111000
000110110011111010000
000111001100110011000
000000000000000000000
000000000000000000000
000000000000000000000
#
It:242:Diff:49:PSOStep:7:Time:19.050921205:s:AutomataStep:7:Transition:01111111111010111111100111110101001001111111110110111101111110111000111010001011101111111111100011111101111100101111001001001001111100111011111111110011001101101110110110101111100111100101011111100001011111110011111110101010101110101110011110011110111111111011101111111111111001101001110011000011001101111111111111100011011110111111111100101101010001111111101111101111111010101111011100010111101101111011110111111110011111100110111111110011101100101111011001010110111001100111101111111011111111011101011101110111
000000000000000000000
000000000000000000000
000000000000000000000
000111111111111111000
000111111111111110000
000111111111111111000
000000111111111110000
000110111111111111000
000000001111111110000
000111101111111111000
000001111001111110000
000111101111111111000
000001110010111110000
000111101101111111000
000000110111111110000
000111111111111111000
000110110111111010000
000111001100110011000
000000000000000000000
000000000000000000000
000000000000000000000
#
It:309:Diff:48:PSOStep:7:Time:24.248253756:s:AutomataStep:7:Transition:01111111111110111111100111110111001011111111110110111101111110111010111110011010111111111111101000111101111100101111011101001111111100111011111111111001001101101010111110100111100111111101011111100101011111110111011110100011101110101110011110011111111101111011101111110111111001100011111011000011100111111111111111100011011111111111111100001111110001111111011111101111111010101111011101010111101101111011110111111111011110101111111111110011111100111111011001010110111001100111101111111011010111011101011101110111
000000000000000000000
000000000000000000000
000000000000000000000
000111111111111111000
000111111111111110000
000111111111111111000
000000111111111110000
000110111111111111000
000000001111111110000
000111101111111111000
000001111111111110000
000111111111111111000
000001101111111110000
000111110011111111000
000000110111001110000
000111100110011111000
000110100010111110000
000111001100110011000
000000000000000000000
000000000000000000000
000000000000000000000
#
It:311:Diff:46:PSOStep:7:Time:24.395271912:s:AutomataStep:7:Transition:01111111111110111110100111110101001011111111110110111101111111111010111110011011111111111111101001111101111100101111011101001111111100101011111111110011001101101010111110101111100111100101010111100101011111110111011110101011101110101110011110011110111100101011101111111111110000101011111011000011100111111111111111100011011110111111111100101111110101111111011111111111101010101111011100010111101101111011110011111110011010101111111111110011101100111011011001011110110001110111001111001011110111011101011101110111
000000000000000000000
000000000000000000000
000000000000000000000
000111111111111111000
000111111111111110000
000111111111111111000
000000111111111110000
000110111111111111000
000000011111111110000
000111111111111111000
000001111101111110000
000111111111111111000
000001110011111110000
000111010001111111000
000000111011101110000
000111111111011111000
000110111111111110000
000111001100110011000
000000000000000000000
000000000000000000000
000000000000000000000
#
It:394:Diff:45:PSOStep:7:Time:30.761771527:s:AutomataStep:7:Transition:01111111111110011011100111110101001001101111110110111100111111111000110110001010101111111111100101111101111100100111011101001101111110111011110111111001001101101110110110110111100111100101010111100101011111110111011110101011101110101100011110011110110100101011101110111111110010101011111011000011100101111111111111100011010111111111111100101101010001111011001111101110111010101111011100010101101101111001110011111110011010101111111111110011101100111011011001010110011001110111001110101011110111011101011101111111
000000000000000000000
000000000000000000000
000000000000000000000
000111111111111111000
000111111111111110000
000111111111111111000
000000111111111110000
000111111111111111000
000000111111111110000
000111111111111111000
000001011101111110000
000110111111111111000
000001110011111110000
000111010001111111000
000000111011101110000
000111111110111111000
000110111101111110000
000111001100110011000
000000000000000000000
000000000000000000000
000000000000000000000
end
