PSO TRACE
INIT:../../instances/fazia/init.csv
REF:../../instances/fazia/asvn1.csv
DecodingPolicy:Nibble:CDLE2
MutationPolicy:Std
ParticleNeighborhood:EDist
ParticleDims:146
ParticleCount:100
AccP:2.0
AccG:2.0
AccL:1.5
AccI:2.3
Pos:0.0-3.0
Inertia:0.9-0.6
VeloMax:2.0
MaxPSOIteration:500
InertiaDecrFactor:6.000000000000001E-4
INIT
000000000000000000000
000000000000000000000
000000000000000000000
000000000000000000000
000000000000000000000
000000000000000000000
000000000000000000000
000000000000000000000
000000000000000000000
000000000000000000000
000000000010000000000
000000000000000000000
000000000000000000000
000000000000000000000
000000000000000000000
000000000000000000000
000000000000000000000
000000000000000000000
000000000000000000000
000000000000000000000
000000000000000000000
REF
000000000000000000000
000000000000000000000
000000000000000000000
000000000010000000000
000000000111000000000
000000001010100000000
000000011100110000000
000000101001101000000
000001111001111100000
000010111111111010000
000111011111110111000
000000000000000000000
000000000000000000000
000000000000000000000
000000000000000000000
000000000000000000000
000000000000000000000
000000000000000000000
000000000000000000000
000000000000000000000
000000000000000000000
Nibble Decoder
#
It:0:Diff:45:PSOStep:4:Time:4.979284232:s:AutomataStep:4:Transition:01001110111001100110000001000000001000001000100011100110000010100000111011100100101000001110110001100100001010100010111010000100011000001110110001100110001011000100111001100010011001100000101001100010010010100110110011001100001001001010111011000100101011101010110000001100101001101100110011000000111001000000001010000100000000000000111010000100100010101000011011101000111001100010010011100010001011000110100001001000100010000100001010101010110011101110001000100100111001101010010000101000111011101100001000000100
000000000000000000000
000000000000000000000
000000000000000000000
000000000000000000000
000000000000000000000
000000000000000000000
000000101010101000000
000000111001100000000
000000101000011000000
000000110100000000000
000000100010011000000
000000000000100000000
000000000000011000000
000000000000000000000
000000000000001000000
000000000000000000000
000000000000000000000
000000000000000000000
000000000000000000000
000000000000000000000
000000000000000000000
#
It:1:Diff:45:PSOStep:3:Time:6.775298868:s:AutomataStep:3:Transition:00100000010011001000001010001000101001001110100000101010001001100110010000100100100000000110110010001110010000100100010011101000010001001010100011000010001000100110110000000010110001100100101011001110111011000010111010001100110010001010101000101100111010000100001011100110111001000010111010000000101010100010100001000110111000100010111000100100110000100000100011101000001011100000001000101000010000101000001011000100000010001100100001000110110010001110001010001110101000101000011001000010110010100110010011100100
000000000000000000000
000000000000000000000
000000000000000000000
000000000000000000000
000000000000000000000
000000000000000000000
000000000000000000000
000000000010000000000
000000000001000000000
000000000101100000000
000000000101110000000
000000000011000000000
000000000000000000000
000000000000000000000
000000000000000000000
000000000000000000000
000000000000000000000
000000000000000000000
000000000000000000000
000000000000000000000
000000000000000000000
#
It:2:Diff:44:PSOStep:6:Time:8.082704318:s:AutomataStep:6:Transition:11001110011010000110010000000110111010001100100011001110010001101000100011000100100011101010111011100100001001100000010001000000001011000110110000001100110000001110001001101110101011100010100011100110011000101010100001101110010011000100011011001000101011000100001000001100001011000110000011000010000000001010111000100110100011101110111011001100001001000110100000100000110011000110000010001100110011000000011000001000110011101100011001001000001010000100110001100110100000001100101011101110100010000000111001001100
000000000000000000100
000000000000000000000
000000000000000000001
000000000000000000000
000000000010000000001
000000000100000000000
000000000101000000000
000000001100000000000
000000000001000000000
000000000111000000000
000000000111110000000
000000000000000000000
000000000000000000000
000000000000000000000
000000000000000000000
000000000000000000000
000000000000000000000
000000000000000000000
000000000000000000000
000000000000000000000
000000000000000000000
#
It:4:Diff:43:PSOStep:3:Time:10.276742213:s:AutomataStep:3:Transition:01101100011000000000111001100110100001001100000000101110111011000100011001100110111000000110000001100110000001100100000000100000010000000000100000001000001011100100101011100110101000000100000000100000010000000010101000000100010010100000111001101110000000000010100000000110110001101110110011001010000000001110111000000010000000001110010001100100011000000010110000001100001001101100010000001100011001001100010000001100110000000110110001100110000010100000011001000010010000001100000001101000001001101100100000000000
000000000000000000000
000000000000000000000
000000000000000000000
000000000000000000000
000000000000000000000
000000000000000000000
000000000000000000000
000000011101110000000
000000000000110000000
000000000010110000000
000000000000110000000
000000000000000000000
000000000000000000000
000000000000000000000
000000000000000000000
000000000000000000000
000000000000000000000
000000000000000000000
000000000000000000000
000000000000000000000
000000000000000000000
#
It:5:Diff:41:PSOStep:2:Time:11.538001688:s:AutomataStep:2:Transition:01101110110000100000000000001110000000001010110010100000110011000000110001000100110011000100010011100000000011000000110010000000000010101100000010000000000001001010110011000000000000101110001011101100110000001110001001100000000011001100110010000010111010000110100000000000100001100100000000100000000000101100100010101010110011001010011011100100011011000100001000001100111000001010000011001110000000001010101011001100001010100000010000001110011010101010110001100000010001101010101010101000001011001110011010100000
000000000000000000000
000000000000000000000
000000000000000000000
000000000000000000000
000000000000000000000
000000000000000000000
000000000000000000000
000000000000000000000
000000001001100000000
000000001011000000000
000000000111000000000
000000000000000000000
000000000000000000000
000000000000000000000
000000000000000000000
000000000000000000000
000000000000000000000
000000000000000000000
000000000000000000000
000000000000000000000
000000000000000000000
#
It:11:Diff:40:PSOStep:4:Time:17.586659103:s:AutomataStep:4:Transition:01001100111000000010001001101110001010001110111000101000011000100110010010100000101011100110001011100010010011000110111011100010011000001110001001100000001001101110100010000010100011001110011000001100010001101000101000100110001011100010111001001000100011100010100001101110101000100000011011000110011000001110011001001000011000101100011001101010000011100110011001101110111001101010011001001000010011101000111011101110000011100110001011101100011011101100100001100110110001101110000001000000110010100000111001000100
000000000000000000000
000000000000000000000
000000000000000000000
000000000000000000000
000000000000000000000
000000000000000000000
000000101010101000000
000000111001100000000
000000111001000000000
000000101110000000000
000000101000000000000
000000000000000000000
000000000000000000000
000000000000000000000
000000000000000000000
000000000000000000000
000000000000000000000
000000000000000000000
000000000000000000000
000000000000000000000
000000000000000000000
#
It:15:Diff:40:PSOStep:5:Time:21.824139449:s:AutomataStep:5:Transition:00001110110011100110011000000010000010100010111000101010111000000010001000001010111000000110100010000100011010001010111000100110011010001110011000000010011001100010111011000000011011101110111000100010011001100000011000000100000000101110111000100100010000100110111001100010000001000010011011101100101000000010011000100110111000001110000000000110001011100000111001101100001000000000011000100100101010000010111000100000001011100100001001001100011000101110111001100110001001000010011000100110100011100010010011100110
000000000000000000000
000000000000000000000
000000000000000000000
000000000000000000000
000000000000000000000
000000000000000100000
000000000000010000000
000000000001100000000
000000000110110000000
000000011011010000000
000001011010000000000
000000000001000000000
000000000000000000000
000000000000000000000
000000000000000000000
000000000000000000000
000000000000000000000
000000000000000000000
000000000000000000000
000000000000000000000
000000000000000000000
#
It:17:Diff:38:PSOStep:7:Time:23.859776262:s:AutomataStep:7:Transition:00100000001001100010111001100000111001100110000000000000000010100000101000000010110000001000100011000100000001100010001000000110000011100100110001100010011001100110000010001100111011001000001001001000010011100110100010000000101010001000100011001100111001000000100011101100110001101110110000001110001010000000111010000000100010001010011010101000001011000110000000001010000011001010111001000100111010000000110001101110000000001010000001001000111010000000000011100100101000100000111010101000001001101000001011101110
000000000000000000000
000000000000000000000
000000000000000000000
000000000010000000000
000000000001000000000
000000000010100000000
000000000000010000000
000000000011001000000
000000000011110100000
000000000000011010000
000000000001001001000
000000000000010000000
000000000000000000000
000000000000000000000
000000000000000000000
000000000000000000000
000000000000000000000
000000000000000000000
000000000000000000000
000000000000000000000
000000000000000000000
#
It:90:Diff:32:PSOStep:7:Time:100.09373008:s:AutomataStep:7:Transition:00100010010010101110011011100010111000101000001000101000001010100010010010101100001000101000101011100100100010001010001011001100000000100000110000101110110000001100010001100000011001001010001011100000101000001100100000100110000010001010101001100010000010100000001010000000011010100010001000101010010001100010010010100010001000101000100001101000011011100110001000001110001000100010111000100100100000000000100010100000110011000100011001000010000000001110001010000010010000100100111001001010101011100000111001001000
000000000000000000000
000000000000000000000
000000000000000000000
000000000010000000000
000000000011000000000
000000001000100000000
000000001100110000000
000000000010001000000
000000000010110100000
000010010100001110000
000011111110100001000
000001010011000000000
000000000000000000000
000000000000000000000
000000000000000000000
000000000000000000000
000000000000000000000
000000000000000000000
000000000000000000000
000000000000000000000
000000000000000000000
#
It:290:Diff:31:PSOStep:7:Time:303.403047809:s:AutomataStep:7:Transition:00100100111001100010100000000010100001001100010001001100011010000100100001100000000000101100101001100110000001000000010011101110001000101100011001001100110000001110101011001100000010100100010011000000100001100110010001001000000001000100110001000000000000000000111011000000000001100100010001001010000000000000100010100100010001001000101011001000000011100100010001001000010001001110100000000110101000001000111001101110010001000100000010000010000010101010010000101010010000000010000000100000111000100100110001101110
000000000000000000000
000000000000000000000
000000000000000000000
000000000010000000000
000000000111000000000
000000001011100000000
000000001011010000000
000000000100001000000
000001011001011100000
000010000000101110000
000101001010010101000
000000111001000000000
000000000000000000000
000000000000000000000
000000000000000000000
000000000000000000000
000000000000000000000
000000000000000000000
000000000000000000000
000000000000000000000
000000000000000000000
#
It:315:Diff:30:PSOStep:7:Time:329.208635659:s:AutomataStep:7:Transition:00100100101001000100000000000100110001001000010010100000110010000110100011100000010000100110011011000010010011001100010001100000001011001000101010000100001010000100110000101110111011001100110011000000000011001010110001000110110010001000111011000100000000000000010000001000000001000100001001100000010010000100010001000100010001101100001001000100010011000100001000100110010001000110110001000110000000000000010010101110110011000010000000000000000010001100010001000010111001000000000011100000001011000100011000000000
000000000000000000000
000000000000000000000
000000000000000000000
000000000010000000000
000000000101000000000
000000001000100000000
000000010100010000000
000000100000000000000
000001010000000000000
000010000100110010000
000100010110101101000
000000001010000000000
000000000000000000000
000000000000000000000
000000000000000000000
000000000000000000000
000000000000000000000
000000000000000000000
000000000000000000000
000000000000000000000
000000000000000000000
#
It:405:Diff:26:PSOStep:7:Time:419.898320596:s:AutomataStep:7:Transition:00100100101010100100101000001110110001000000010001001100001000000010001001001000000010100000010000100010011010100000010000001100010001001100000011000100010000000100111010000100001001000110000011000110000010000010000001000100110010000000100000000110000000000000101011100000000011100010111001000110010000001000010000100100010000001010001000000100010010000010010001100110010001001000100001000110010000001010000001100010000000000100000010000110000010100100010001000010010001000000000001000110011011000010011011100000
000000000000000000000
000000000000000000000
000000000000000000000
000000000010000000000
000000000111000000000
000000000010100000000
000000010100010000000
000000100000000000000
000001110000001000000
000010001110010110000
000101000001000101000
000000000000000000000
000000000000000000000
000000000000000000000
000000000000000000000
000000000000000000000
000000000000000000000
000000000000000000000
000000000000000000000
000000000000000000000
000000000000000000000
#
It:418:Diff:18:PSOStep:7:Time:433.064401873:s:AutomataStep:7:Transition:00100010100000100010101011100010111000101100001000000110111001100000000000000110001010101010011000100010001001101010001001100110011010100110110011100100000011001000001010100000100001101010000000100000101000000010000010000010001001100100101001100110110001100110101011100010011010000010011000101010001001100010110000101100001000100000100001000010001000000010001011001010111000100110100010100010001001101100101001100010001010101110100010001110110001100110000000100000100000100000011000101010100010100000101000101010
000000000000000000000
000000000000000000000
000000000000000000000
000000000010000000000
000000000101000000000
000000001010100000000
000000010100010000000
000000100000101000000
000001010001010100000
000010101010101010000
000101010101010101000
000000000000000000000
000000000000000000000
000000000000000000000
000000000000000000000
000000000000000000000
000000000000000000000
000000000000000000000
000000000000000000000
000000000000000000000
000000000000000000000
end
