PSO TRACE
INIT:../../instances/fazia/init.csv
REF:../../instances/fazia/asvn1.csv
DecodingPolicy:Nibble:CDLE2
MutationPolicy:Std
ParticleNeighborhood:EDist
ParticleDims:146
ParticleCount:100
AccP:2.0
AccG:2.0
AccL:1.5
AccI:2.3
Pos:0.0-3.0
Inertia:0.9-0.6
VeloMax:2.0
MaxPSOIteration:500
InertiaDecrFactor:6.000000000000001E-4
INIT
000000000000000000000
000000000000000000000
000000000000000000000
000000000000000000000
000000000000000000000
000000000000000000000
000000000000000000000
000000000000000000000
000000000000000000000
000000000000000000000
000000000010000000000
000000000000000000000
000000000000000000000
000000000000000000000
000000000000000000000
000000000000000000000
000000000000000000000
000000000000000000000
000000000000000000000
000000000000000000000
000000000000000000000
REF
000000000000000000000
000000000000000000000
000000000000000000000
000000000010000000000
000000000111000000000
000000001010100000000
000000011100110000000
000000101001101000000
000001111001111100000
000010111111111010000
000111011111110111000
000000000000000000000
000000000000000000000
000000000000000000000
000000000000000000000
000000000000000000000
000000000000000000000
000000000000000000000
000000000000000000000
000000000000000000000
000000000000000000000
Nibble Decoder
#
It:0:Diff:44:PSOStep:7:Time:0.362841219:s:AutomataStep:7:Transition:00100010111010100010011011100110100000101100010000100110000000100010011011100000111001101110111001100000101010000000110001000000000010000100011001000110101010101010010010101010111010101010110000101110000001001100101000101100010001100110110011001000100000000010010010100000110010101110101001001000100010100010101000101110111010001100011000000010111010000100111001000010011011000100000000101110111010001100011010000100111010001110110000101110110000000110110011100010110011001000100001001010111010100110000001101100
000000000000000000000
000000000000000000000
000000000000000000000
000000000010000000000
000000000010000000000
000000001110100000000
000000010011100000000
000000100110101000000
000000110000001000000
000001001101100010000
000110000000100101000
000001100010111000000
000000001111100000000
000000000000000000000
000000000000000000000
000000000000000000000
000000000000000000000
000000000000000000000
000000000000000000000
000000000000000000000
000000000000000000000
#
It:2:Diff:42:PSOStep:3:Time:1.010458908:s:AutomataStep:3:Transition:01101110110011101100001011101010100001000100110010100000100001100100010010000110101001100100101010101010100010001110010011000100010010100100000010101010011011001100010011000110010011000110011001101100100011101100101001000100111001000000111000001000100010000100001000001110110010000100100000101110101010101010110010100110101010100100110011100100101010001000000010101100101000001010010001101000011000001000010010001000000011101110011001001010101001000100101010001000010001000000001001001010100001101010111011001010
000000000000000000000
000000000000000000000
000000000000000000000
000000000000000000000
000000000000000000000
000000000000000000000
000000000000000000000
000000011110110000000
000000010011110000000
000000001101000000000
000000011111000000000
000000000100000000000
000000000000000000000
000000000000000000000
000000000000000000000
000000000000000000000
000000000000000000000
000000000000000000000
000000000000000000000
000000000000000000000
000000000000000000000
#
It:4:Diff:41:PSOStep:3:Time:1.2908497:s:AutomataStep:3:Transition:01100110000000001000000011000100100010000000100010000010001001100110001010001100100010001000110010000000110010101010001010100110011010000110110010001000110010000110110010100000011010000110101001001000100001101000010001100110000000001000010001101010100000000110111011001100011010100110001010001010000001100110000010000100100011100110101001101000011010000000011010101000001011101000011001101000000001100110100000001010100011101110011001101010101001000000100011101000100001100110001011100110101001101110001001001000
000000000000000000000
000000000000000000000
000000000000000000000
000000000000000000000
000000000000000000000
000000000000000000000
000000000000000000000
000000011110000000000
000000000001000000000
000000001111100000000
000000001110110000000
000000000000000000000
000000000000000000000
000000000000000000000
000000000000000000000
000000000000000000000
000000000000000000000
000000000000000000000
000000000000000000000
000000000000000000000
000000000000000000000
#
It:8:Diff:21:PSOStep:7:Time:1.854505079:s:AutomataStep:7:Transition:00100100110010001000101011000100101000101000000001100110100001100100011010001110111011100110000010001110001010000100111010001010010001000100110010000100110010000000111010100100010010100100100001000110111010001110000001000100100001001110000010101000000000000100100000001100010001101000111010000000111000001110100001100000001011000100101000001000000000101110111011101000111000100000010001001100001011100100111010100000111010001000010010000010111011100000100011001110111001000100101000100100000000101110011011000000
000000000000000000000
000000000000000000000
000000000000000000000
000000000010000000000
000000000101000000000
000000000000100000000
000000011100010000000
000000000011001000000
000001100010001100000
000010100110001010000
000111111111100111000
000000000000000000000
000000000000000000000
000000000000000000000
000000000000000000000
000000000000000000000
000000000000000000000
000000000000000000000
000000000000000000000
000000000000000000000
000000000000000000000
end
