PSO TRACE
INIT:../../instances/fazia/init.csv
REF:../../instances/fazia/asvn1.csv
DecodingPolicy:Nibble:CDLE2
MutationPolicy:Std
ParticleNeighborhood:EDist
ParticleDims:146
ParticleCount:100
AccP:2.0
AccG:2.0
AccL:1.5
AccI:2.3
Pos:0.0-3.0
Inertia:0.9-0.6
VeloMax:2.0
MaxPSOIteration:500
InertiaDecrFactor:6.000000000000001E-4
INIT
000000000000000000000
000000000000000000000
000000000000000000000
000000000000000000000
000000000000000000000
000000000000000000000
000000000000000000000
000000000000000000000
000000000000000000000
000000000000000000000
000000000010000000000
000000000000000000000
000000000000000000000
000000000000000000000
000000000000000000000
000000000000000000000
000000000000000000000
000000000000000000000
000000000000000000000
000000000000000000000
000000000000000000000
REF
000000000000000000000
000000000000000000000
000000000000000000000
000000000010000000000
000000000111000000000
000000001010100000000
000000011100110000000
000000101001101000000
000001111001111100000
000010111111111010000
000111011111110111000
000000000000000000000
000000000000000000000
000000000000000000000
000000000000000000000
000000000000000000000
000000000000000000000
000000000000000000000
000000000000000000000
000000000000000000000
000000000000000000000
Nibble Decoder
#
It:0:Diff:46:PSOStep:4:Time:0.373413775:s:AutomataStep:4:Transition:01001110111010100100111011100000000010100000010011000100001001000110010011001000110000000010100010101100110001100110011000101100101010100110111011000100110001100100010001001110101001000100011001101000000001001000111000100000000000000000101000001110101010100100011010000100000000100010101010000100101011001000111011101100100010101000010000101110100011101100111000001110000001100100111011100110010000101010001010000010000000101100100000101110111011001010110000100100110011000010010000101110110011000010100011100100
000000000000000000000
000000000000000000000
000000000000000000000
000000000000000000000
000000000000000000000
000000000000000000000
000000101010101000000
000000100000000000000
000000101110010000000
000000100111000000000
000000111111100000000
000000000110000000000
000000001101000000000
000000000000000000000
000000000010000000000
000000000000000000000
000000000000000000000
000000000000000000000
000000000000000000000
000000000000000000000
000000000000000000000
#
It:1:Diff:40:PSOStep:6:Time:0.743477822:s:AutomataStep:6:Transition:10000100111001000100111010100010000000100000000000000000010011000000000000100010111011001010010011101000000011101110010001101010011000000100111011100010000000001010000011101010101010000110101010001010101001001010110000000110110000100000111000101010000010100000011011100000011000000000000010000100000000001000111011100000101001101010010011101110001001001110111001001110111000000000101000000100010000000010000011100000111000001110111000001000100011100100111000000000010000001000000000000000010010101000111001000000
000000000000000000000
000000000000000000000
000000000000000000000
000000000000000000000
000000000000010000000
000000000100100000000
000000010000010000000
000000000100110000000
000000111101000000000
000000110000000000000
000011011010000000000
000000000000000000000
000000000000000000000
000000000000000000000
000000000000000000000
000000000000000000000
000000000000000000000
000000000000000000000
000000000000000000000
000000000000000000000
000000000000000000000
#
It:26:Diff:31:PSOStep:7:Time:4.584965756:s:AutomataStep:7:Transition:00100000111000001000111011101110000010000000000000000000000011100000000001100010111011100000000011100000100011101110000010001000010000000100111011100000000000100110000011101110111010001000010000001110111000101110100000000010111010100100111000101110000011100000111011101100111000000000000010000000001000001010111011100000111011100010000011101110111000001110111000000000111000000000001000000010011000001010111011100000111000001110010000101110111000000000111000000000000000000000000000001110000010101110111000000110
000000000000000000000
000000000000000000000
000000000000000000000
000000000010000000000
000000000110000000000
000000001110000000000
000000010011010000000
000000011001110000000
000001011010100000000
000010100011101010000
000111111110011110000
000001010011000000000
000000000000000000000
000000000000000000000
000000000000000000000
000000000000000000000
000000000000000000000
000000000000000000000
000000000000000000000
000000000000000000000
000000000000000000000
#
It:78:Diff:28:PSOStep:7:Time:11.680929159:s:AutomataStep:7:Transition:00100010111000000010011011100110100010000100111001000010010011100010111001100100111011000100001011100100010011101110001010001010000000100010111011101000001000101110001011101110111000101110111000101110111001000100010000100110000001100010111000101110001011100010001011001010010001001000001011101000011000101010111010100010111011101000110011001110000000101110111000100100111000100010011000101010000000100110010011100010111000101110111000101010110001000010100000100000001000100010001000101100000011001110111000100110
000000000000000000000
000000000000000000000
000000000000000000000
000000000010000000000
000000000011000000000
000000000010100000000
000000011000110000000
000000000100101000000
000000111000010100000
000010000010001010000
000101011011011101000
000000001001000100000
000000010100000000000
000000000000000000000
000000000000000000000
000000000000000000000
000000000000000000000
000000000000000000000
000000000000000000000
000000000000000000000
000000000000000000000
#
It:79:Diff:26:PSOStep:7:Time:11.840801918:s:AutomataStep:7:Transition:00100010111000100010101011101100101010100100010010000010100010000010001011100010111011001110001011100010101011101110001011101000011010100010111011101110001000101110010011101110111000101110111000101110111011001010100000101100111011101100101000101110001011100010110011100110100011100010001011000010111000101110111011100100111011101110001011101110111000101110111000100000111000100010110000100010101000100000111000100010111000101110110011001100101011100010111000100010001000100010001000101100010010101110011000100000
000000000000000000000
000000000000000000000
000000000000000000000
000000000010000000000
000000000101000000000
000000000010100000000
000000011110010000000
000000000110111000000
000001111110110100000
000000000000000010000
000111111111111111000
000000000000000000000
000000000000000000000
000000000000000000000
000000000000000000000
000000000000000000000
000000000000000000000
000000000000000000000
000000000000000000000
000000000000000000000
000000000000000000000
#
It:84:Diff:20:PSOStep:7:Time:12.536870758:s:AutomataStep:7:Transition:00100010111000101000111011101100101011001100101011000010001000000010001000100010111001000110001011100010101011101110001011101110010000100010111010001100001000101110001011101110111000101110111000101110111001001100100000100000111010100000111011001110001011100010001011100110001010100100001000100010111000101110010011100010000011101110001011101110111000101110111000101000111000100010110000100010111001100100000000000010000000100000000000001110111011100010111000100000001000100000001000100010011011101110011000101100
000000000000000000000
000000000000000000000
000000000000000000000
000000000010000000000
000000000111000000000
000000001000100000000
000000010000010000000
000000100110001000000
000001111010110100000
000010011011000010000
000111111011110011000
000000000000000000000
000000000000000000000
000000000000000000000
000000000000000000000
000000000000000000000
000000000000000000000
000000000000000000000
000000000000000000000
000000000000000000000
000000000000000000000
#
It:151:Diff:17:PSOStep:7:Time:21.656145185:s:AutomataStep:7:Transition:00100010111000101100111011100000101001101100001011000010001000000010010000100010111000000110001011100010011011101110111011101000011000100010111011101110001000101110001011101110111000100010111000101110111000100010001000101100110011100010111000001110001011100010000011100010001010000010001000100010101000101110110010001000101011101110001011101110111000101110111000000000111000100100001000101000111010001000111010101000111011101100001011100100111011100010001000101110001000101110001000100010111001101110111000100010
000000000000000000000
000000000000000000000
000000000000000000000
000000000010000000000
000000000111000000000
000000001000100000000
000000011100110000000
000000100100001000000
000001110101111100000
000010001100101010000
000111001100110011000
000000000000001000000
000000000000000000000
000000000000000000000
000000000000000000000
000000000000000000000
000000000000000000000
000000000000000000000
000000000000000000000
000000000000000000000
000000000000000000000
#
It:155:Diff:16:PSOStep:7:Time:22.10884938:s:AutomataStep:7:Transition:00100010111000101110111011100010111001101110000000100010001001000010001000100010111000100110001011100010000011101110101011101110010000100010111010100010110000101110001010001110111000100010111000101110111000100010001000101000100010000100011010001110001011100010111011101110100011100010001000100010010000101110110010100100010011101110001011101110111000101010111001101010110000100010001000100010111001001100101000100100011010000110010000100010111011100010010000101010001000101000001000100010000011101100111000100100
000000000000000000000
000000000000000000000
000000000000000000000
000000000010000000000
000000000111000000000
000000001000100000000
000000011100110000000
000000100100001000000
000001110011101100000
000010011111001010000
000111000001100111000
000000000000000000000
000000000000000000000
000000000000000000000
000000000000000000000
000000000000000000000
000000000000000000000
000000000000000000000
000000000000000000000
000000000000000000000
000000000000000000000
#
It:173:Diff:14:PSOStep:7:Time:24.677912685:s:AutomataStep:7:Transition:00100010111000101110111011100010111000101110001000100010001010100010001000100010110010000110001011100000011011101110010011101110011000100110111000101010100000001110001001001110111000100010111000101110111000100010001000101010001000001100011011101010001011100010000011101110101010100010001000100010101000101110001010101100001010001010001001101110111000100000111010001110110000101100001000100010010011100110100000001010001001000010001000100010111010100010001000101110001011001110001000100010111011100110100000100010
000000000000000000000
000000000000000000000
000000000000000000000
000000000010000000000
000000000111000000000
000000001010100000000
000000011110010000000
000000101001101000000
000001100000110100000
000010111001011010000
000111000010010111000
000000000000000000000
000000000000000000000
000000000000000000000
000000000000000000000
000000000000000000000
000000000000000000000
000000000000000000000
000000000000000000000
000000000000000000000
000000000000000000000
#
It:215:Diff:9:PSOStep:7:Time:30.668846164:s:AutomataStep:7:Transition:00100110111000101100111011100110111001101110001010100010001001100010001000100010111010100010001011101010011001001110000011101110001000100100111011000000110001001110001010101110111000100010111000101110111000100010001000101110001010101010011011001110001011100010001011101110111001001100001011000010111000101110110001001100000011100100001001101000111000100110111010101110110000100000001000100010010000000010010000101100001000100010001011100010111001100010001000101110001000101100001000100010111010000000101000100010
000000000000000000000
000000000000000000000
000000000000000000000
000000000010000000000
000000000111000000000
000000001010100000000
000000011100110000000
000000100001001000000
000001110001111100000
000010100100111010000
000111010110110111000
000000000000000000000
000000000000000000000
000000000000000000000
000000000000000000000
000000000000000000000
000000000000000000000
000000000000000000000
000000000000000000000
000000000000000000000
000000000000000000000
end
