PSO TRACE
INIT:../../instances/fazia/init.csv
REF:../../instances/fazia/asm4.csv
DecodingPolicy:CPP2:CDLE2
MutationPolicy:Null
ParticleNeighborhood:Fixed
ParticleDims:515
ParticleCount:100
AccP:2.0
AccG:2.0
AccL:1.5
AccI:2.3
Pos:0.0-3.0
Inertia:0.9-0.6
VeloMax:2.0
MaxPSOIteration:500
InertiaDecrFactor:6.000000000000001E-4
INIT
000000000000000000000
000000000000000000000
000000000000000000000
000000000000000000000
000000000000000000000
000000000000000000000
000000000000000000000
000000000000000000000
000000000000000000000
000000000000000000000
000000000010000000000
000000000000000000000
000000000000000000000
000000000000000000000
000000000000000000000
000000000000000000000
000000000000000000000
000000000000000000000
000000000000000000000
000000000000000000000
000000000000000000000
REF
000000000000000000000
010000000000000000010
001011111111111111110
000000000000000000000
001011111111111110100
001011111111111110100
001011111111111110100
001011111111111110100
001011111011111110100
001011111101111110100
001011000101111110100
001011000110111110100
001011110111111110100
001011111111111110100
001011111111111110100
001011111111111110100
001011111111111110100
010100000000000001100
001011111111111110010
010000000000000001000
000000000000000000000
Classic CPP Decoder
0 :1,2,3,4,
1 :0,2,3,4,
2 :0,1,3,4,
3 :0,1,2,4,
4 :0,1,2,3,
5 :6,7,8,9,
6 :5,7,8,9,
7 :5,6,8,9,
8 :5,6,7,9,
9 :5,6,7,8,
10 :11,12,13,14,
11 :10,12,13,14,
12 :10,11,13,14,
13 :10,11,12,14,
14 :10,11,12,13,
15 :16,17,18,19,
16 :15,17,18,19,
17 :15,16,18,19,
18 :15,16,17,19,
19 :15,16,17,18,
20 :21,22,23,24,
21 :20,22,23,24,
22 :20,21,23,24,
23 :20,21,22,24,
24 :20,21,22,23,
25 :26,27,28,29,
26 :25,27,28,29,
27 :25,26,28,29,
28 :25,26,27,29,
29 :25,26,27,28,
30 :31,32,33,34,
31 :30,32,33,34,
32 :30,31,33,34,
33 :30,31,32,34,
34 :30,31,32,33,
35 :36,37,38,39,
36 :35,37,38,39,
37 :35,36,38,39,
38 :35,36,37,39,
39 :35,36,37,38,
40 :41,42,43,44,
41 :40,42,43,44,
42 :40,41,43,44,
43 :40,41,42,44,
44 :40,41,42,43,
45 :46,47,48,49,
46 :45,47,48,49,
47 :45,46,48,49,
48 :45,46,47,49,
49 :45,46,47,48,
50 :51,52,53,54,
51 :50,52,53,54,
52 :50,51,53,54,
53 :50,51,52,54,
54 :50,51,52,53,
55 :56,57,58,59,
56 :55,57,58,59,
57 :55,56,58,59,
58 :55,56,57,59,
59 :55,56,57,58,
60 :61,62,63,64,
61 :60,62,63,64,
62 :60,61,63,64,
63 :60,61,62,64,
64 :60,61,62,63,
65 :66,67,68,69,
66 :65,67,68,69,
67 :65,66,68,69,
68 :65,66,67,69,
69 :65,66,67,68,
70 :71,72,73,74,
71 :70,72,73,74,
72 :70,71,73,74,
73 :70,71,72,74,
74 :70,71,72,73,
75 :76,77,78,79,
76 :75,77,78,79,
77 :75,76,78,79,
78 :75,76,77,79,
79 :75,76,77,78,
80 :81,82,83,84,
81 :80,82,83,84,
82 :80,81,83,84,
83 :80,81,82,84,
84 :80,81,82,83,
85 :86,87,88,89,
86 :85,87,88,89,
87 :85,86,88,89,
88 :85,86,87,89,
89 :85,86,87,88,
90 :91,92,93,94,
91 :90,92,93,94,
92 :90,91,93,94,
93 :90,91,92,94,
94 :90,91,92,93,
95 :96,97,98,99,
96 :95,97,98,99,
97 :95,96,98,99,
98 :95,96,97,99,
99 :95,96,97,98,
#
It:0:Diff:125:PSOStep:8:Time:1.95504309:s:AutomataStep:8:Transition:01111111010011111010001110001000111111011101111001111111111101110110101101000101011100110101111101111111001111011110011110011111110110111111010100100111110011110100001111011111110001111011101011101000111111011111011110110100101100000010110111110111111010111110001111011110111000010110111011100011100111111111111101111110001011001111101111101101111101111001100011011111110111111111010011111101111111111111111111110111011101111111110111001000111111110111100111110011010110101011011111111111101110111110101110111111
000000000000000000000
000000000000000000000
001111111111111111100
000011111111111111100
000111111111111110000
000001111111111111100
000011111111111110000
000000111111111111100
000001111111111111000
000000111110101111100
000000111101111110000
000000011110101111100
000000011011110111000
000000000101101111100
000000001111111010000
000000000001111101100
000000000111101100000
000000000011111111100
000000000010101011100
000000000000000000000
000000000000000000000
#
It:1:Diff:106:PSOStep:8:Time:2.297466213:s:AutomataStep:8:Transition:01101111011011111010101111011111101011011001101111101111111011010101011111100111110111111111011001011111000111111110011110111111110000011110101010111011111001111101001110011111111110111111101011111000101010011111111010110111111010111111110111100111101000011111010111111111111100111111111010101111101011111011111101110111111011110110011111111111111101101011110111110111110111011111011111111111111101011111111111111010111111100111111111111101101011101111111111110011111011010011011111111011111101101011111110001111
000000000000000000000
000000000000000000000
001011101110111011100
000110111011110101100
000110110011111110100
000111101101001110100
000111101111111110100
000111011111111110100
000110101011111110100
000111011101111110100
000111111011101110100
000011111111110110100
000001101101110110100
000000111111111110100
000000111100110010100
000000011101110110100
000000001111101110100
000000000111111111100
000000000011111111100
000000000000000000000
000000000000000000000
#
It:3:Diff:89:PSOStep:8:Time:2.926932838:s:AutomataStep:8:Transition:01111111011111111010101110011110101111011101101110101111011011010111011111101111111111111101111111011111010110111110111100001011110010111111100011100011101111111111011111101111111100111111111010011000101010001011111011110111101110110111110111100011101100011111011111111111111111110110111010111111101111110111101111111111101011110111011101011111111101101010111110110111010111010111010111101010111011011111101110111010111010101111111111111101001011111111011111110001001111110111111101111111111101111011111111111111
000000000000000000000
000000000000000000000
001111111111111111100
000011101101111101100
000011111111111110100
000111011111101110100
000111111111111110100
000111101111101110100
000111111111101110100
000111111111111110100
000111111101111110100
000010111111111110100
000000111111101110100
000000111111111110100
000000101111111110100
000000011111111110100
000000001011111110100
000000000111111111100
000000000011111111100
000000000000000000000
000000000000000000000
#
It:4:Diff:84:PSOStep:8:Time:3.203408712:s:AutomataStep:8:Transition:01111011111111101100001100011101111111011111101010100111010000010101111111101111111111111101110101011111011110111111111100011011110010111111110011100011101111111111111111100111110100110011011011000000101010001010101101110110100111110111110111110011001100011011011101101111111110010110111010111101001110110111110111110110101011110111011101111111111101100011101111111111010111110111010111101000111111111111111101011011101000111111101110111101001011110111011101110101001111011111111001111111100001111011111111111111
000000000000000000000
000000000000000000000
001111111111111111100
001111111111111111100
001111111111111110100
001111111111111110100
001111111111111110100
001111111111111010100
001111111111111110100
001111111111111110100
001111111111111110100
000111111111111010100
000011111111111110100
000001001111111110100
000000111111111010100
000000011100111110100
000000001001111110100
000000000100101011100
000000000010111111100
000000000000000000000
000000000000000000000
#
It:6:Diff:82:PSOStep:8:Time:3.723707848:s:AutomataStep:8:Transition:01111011111001101010101110011101111111011101111010101111101000110101011011101111111111111101111101011111011110111111111110001011111010111111110001101111101111111011011111111111110110110111111110001000111000011111111111110111110011100111111111110111111000111101011111101101111110110110111111111101101111110101101111110111011011111111111111111111111101100010101111101111011111101110010111101010111111111111111111011101100001111110111110111101001011111110011101110001101111011111011101101111100010111111111111111111
000000000000000000000
000000000000000000000
001111111111111111100
001111111111111111100
001111111111111110100
001111111111111110100
001111111111111110100
001111111111111110100
001111111111111110100
001111111111111110100
001111111111110110100
000111111111111110100
000011111111011110100
000001111111111110100
000000111110111110100
000000011111111110100
000000001101111110100
000000000111111111100
000000000011111111100
000000000000000000000
000000000000000000000
#
It:8:Diff:72:PSOStep:8:Time:4.239714117:s:AutomataStep:8:Transition:01101111011111101100101110111101111111011101111010101111101100111101011111101111101111101101111001011101011110111110111100101011111010111011100001100111001111111011011111110111111110110111111110000000011000011111101101111111110010101111110111100011001000111111011111101111111110010110111111111100101111110111100111110111101001111111111111011111111101101011101011110111010111001101011111101000101111011111101110011001100101111110111110111101001111111110011111111001100100011111111100111111100101111111111111101111
000000000000000000000
000000000000000000000
001011101110111011100
000011011101110111100
001011111111111110100
000101111111111110100
001011111111110010100
000100110110111110100
001011111111111110100
000100111111111110100
001011110111111010100
000001101011111110100
001011101111111100100
000101100011110110100
001011111111111100100
000111111011111110100
001011111111111110100
000101010101010101100
001111111111111111100
000000000000000000000
000000000000000000000
#
It:9:Diff:71:PSOStep:8:Time:4.499638931:s:AutomataStep:8:Transition:01111011111011101011101110011101111111011101111010101111101101011111111011101111111111101101111001011111011110111111111101101011111010111111111001101111101111111111011111111111111110111111101111011100111000011111111111111111110111110111111011110111111011111101011111101111111110010110111111111101101110111011101111110111111111111111111111111111111101101010101111111111011111111101011111100110101111111111111111011111110011111111111110111101111011111110011101110011111111011111011101111110100111111111111111111111
000000000000000000000
000000000000000000000
001111111111111111100
001111111111111111100
001111111111111110100
001111111111111110100
001111111111111110100
001111111111111110100
001111111111101110100
001111111111101110100
001111111111101110100
001111111111101110100
001111111111101110100
001111111111111110100
001111111111111110100
001111111111111110100
001111111111111110100
001111111111111111100
001111111111111111100
000000000000000000000
000000000000000000000
#
It:10:Diff:62:PSOStep:8:Time:4.70683817:s:AutomataStep:8:Transition:01111111111101101011101010111101111111111111101010101111101111111111101111101111101111101111111001111110111110111110111111111011111011111111111001101111100111111110111100111111111000111111011111011101111010010100111111101110100111111110111011111011111110111111011111101111111100010110111110111111001101111001101111110111011011110111111111111111101101101010111111011111111111110110111111100100101011111111111111111111111011111111111101111001111011111110011000110111011111111111011100111110101111111111101111110111
000000000000000000000
000000000000000000000
001111111111111111100
001111111111111111100
001011111111111110100
001111111111111110100
001011111111111110100
001110111111111110100
001010111111111010100
001011111111111110100
001011111111111110100
001011111011111110100
001011111011111110100
001110111111111110100
001010111111111110100
001111111111111110100
001011111111111110100
001111111110101010100
001111111111111111100
000000000000000000000
000000000000000000000
#
It:52:Diff:60:PSOStep:8:Time:14.95567543:s:AutomataStep:8:Transition:01111011111111101010101010011101111111111111111010111111111111111101101011101111101111001111111001111111011110111110111111111011111011111111100011101111101011111111111001111111111100010111011111010100101010011101111111101100010101101111110011110111011010111111011111101100111100010110111111111101001101110011101111110111111011111111111101101111111101101010001111111111111111110110110111100110101011101111111111111011111011111111111101111001111011111110010100110111111101111111111101101110110111111111101111110111
000000000000000000000
000000000000000000000
001111111111111111100
001111111111111111100
001011111111111110100
001011111111111110100
001011111111111110100
001011111111111110100
001011101111111010100
001111111111111110100
001011101111111110100
001111111111111110100
001011111111101110100
001011111111111110100
001111111111111110100
001111111111110010100
001011111111111110100
001111111111111000100
001111111111111111100
000000000000000000000
000000000000000000000
#
It:85:Diff:58:PSOStep:8:Time:23.058161147:s:AutomataStep:8:Transition:01111111111011101010100010011001110111111011111010011111011101111011001011100111101111100111111000111111011110111110101011101011111011111110110011101111101111111110111001111111111100100101001110010100101010011101111111100111110111101111010011111011011010111111111011101100111100110100110110111101101101110011101111100111111011111111111111111111111101001010111111111111111110111100110111100110101011111111111111011110111011111111111101100000001011011110010010110111011101111111001101101110110111111111101111110111
000000000000000000000
000000000000000000000
001111111111111111100
001111111111111111100
001011111111111110100
001011111111111110100
001011111111111110100
001111111111111110100
001111111111101110100
001111111111111110100
001011111111111110100
001111111111111110100
001110111111111110100
001111111111101110100
001011111111111110100
001011111111111110100
001010111111111110100
001110101010101010100
001111111111111111100
000000000000000000000
000000000000000000000
#
It:180:Diff:56:PSOStep:8:Time:46.11544521:s:AutomataStep:8:Transition:01111111111111101011101110111101111111111111001110001111101101111101010111101111101111101111111000111111011111111110111011111001111011111110110011101111111111111111111010101111111100110111111110010100111000011101111110100100110011111111010011111011011010111111111011101111111100010110111111101111001101110001101011100111111011110111111111111011111101101010101111111111111111111110110111101010101011111111111111110010110011111111111101101001001011111110111000110011001111111111001100111110101111111111111011110111
000000000000000000000
000000000000000000000
001111111111111111100
001111111111111111100
001011111111111110100
001011111111111110100
001011111111111110100
001111111111111110100
001111111111111010100
001111111111111110100
001011111111111110100
001111101111111110100
001111111111111110100
001111111111101110100
001011111111111110100
001011111111111110100
001010111111111110100
001110101010101010100
001111111111111111100
000000000000000000000
000000000000000000000
#
It:198:Diff:54:PSOStep:8:Time:50.335455095:s:AutomataStep:8:Transition:01111011111111101011100010011101110111111101011010001111110101111111011111101111101111101101111001011111001010111110111101101011101011111010110011101011101111111100111001111111101110110101011111010100100010010101111111101101110111111111110010111110011101111111001011101101111100010010110110111111101111110001101101110111111111111111111111110111111101101010101111111111011111111110010111100010101010001111111111101111110011111111111101110101001011011110010000110011101101111011001101101111110111011111101111111111
000000000000000000000
000000000000000000000
001111111111111111100
001111111111111111100
001011111111111110100
001011111111111110100
001011111111111110100
001111111111111110100
001111111111111110100
001111111111111110100
001011111111111110100
001111111111111110100
001111111111111110100
001111111111111110100
001011111111111110100
001011111111111110100
001011111111111110100
001110101010101010100
001111111111111111100
000000000000000000000
000000000000000000000
#
It:296:Diff:49:PSOStep:8:Time:74.03944912:s:AutomataStep:8:Transition:01111011111111001110101100110101110011110111111110010111110111101111111111111111111111101111111111110110111001111110111111101011111011111110111011101111111111111110111001111111111100110011011111010100000010011100111111101100010111011110111111111110011111111101000111111101111110010010111110111101111100010111101011001111011111111110111111110110111111101010101111111111011111101111011111100000001001011111111111011011111111111111110101111101001011111110111110110111111011111111001100101110101111011111111111110101
000000000000000000000
000000000000000000000
001111111111111111100
001100000000000001100
001011101101110110100
001111111110011110100
001011111110110110100
001111111111111110100
001011111011111010100
001111111111111110100
001011111111111110100
001111111111111110100
001011111111101110100
001111111111111110100
001011111111111110100
001111111111111110100
001011111111111110100
001110101010101010100
001111111111111111100
000000000000000000000
000000000000000000000
#
It:410:Diff:49:PSOStep:8:Time:100.967766583:s:AutomataStep:8:Transition:01111011111111001110001100110001110111110101111010000111010111101111111111101111111111100111111111000111011011111110111101101011101011011110111011100111100111111110111000111111101100110111111111010100000010010100111111101100000110011111111111111110011011111001001111111101111100010010111110111101111100010111101111111111011111111011111111110110111101100010101111111111001111101111011111100000001001011111111111010011111111111111010101111101001011111110011110110111101101111111001100101101101110111111011111110111
000000000000000000000
000000000000000000000
001111111111111111100
001100000000000001100
001011111111111110100
001111111111111110100
001011101111111110100
001101111111110110100
001011111111111010100
001011111111111110100
001011111110011110100
001011111111111110100
001001111111111110100
001110111111111110100
001011101111111110100
001111011111111110100
001011111111111110100
001110101010101010100
001111111111111111100
000000000000000000000
000000000000000000000
#
It:445:Diff:45:PSOStep:8:Time:109.401621988:s:AutomataStep:8:Transition:01111011111111001111001110110001110111111101001010000111011111101111011111101111110111101111111011000111111011111100111111101011101011011110111011100111110111111110111000110111101110110101111111010100000010010101111111100100100111011111111010110110011110111101011011011101111110010010111111101101110100011111101111110111010111111011111111100110111111100010101111111111011111101110011111100000001001011111111111110011011011111111011100111101001011111110011010110011111101111111001100101111101111111111011111110111
000000000000000000000
000000000000000000000
001111111111111111100
001100000000000001100
001011111111111110100
001011111011111110100
001011110011111110100
001111111101111110100
001111111111111110100
001111111100111110100
001011111111011110100
001111111110111110100
001111111111111110100
001111111111111110100
001011111111111110100
001011111111111110100
001011111111111110100
001110101010101010100
001111111111111111100
000000000000000000000
000000000000000000000
#
It:450:Diff:44:PSOStep:8:Time:110.545552548:s:AutomataStep:8:Transition:01111011111011001111101110010001110111111101011010010011011111101011011111101111110111101111111010010111111010111110111111101011101011011110111011100011111111111110111001110111101110110101110111010100000010010101111111100110110111011111111010111110011111111101011111011101110110010010110111101101100101111011101111010111110111111011111111100110111111100010101111111111000111101111111111100000001011111111111011010011111011111111111101111101001011111110011010110011111101111011001100101111101111111111011111110111
000000000000000000000
000000000000000000000
001111111111111111100
001100000000000001100
001011111111111110100
001011111111111110100
001011111111111110100
001111111111111110100
001111111111111010100
001111111100111110100
001011111111011110100
001111111111111110100
001111111111111110100
001111111111111110100
001011111111111110100
001011111111111110100
001011111011111110100
001110101010101010100
001111111111111111100
000000000000000000000
000000000000000000000
#
It:486:Diff:43:PSOStep:8:Time:119.307424289:s:AutomataStep:8:Transition:01111011111111001111101110010001110111111011111010010111010111101011111111101111111111101111111111011110111111111110111111101111111011111110111011101111101111111110011001101111111101110101111111010100001010011101111111100100010111011111111111111011011111111111010011111101111110010110111111101101111100111111101011010111110111111111111111100111111111101010101111011111111111101111011111100010001011111111111111011011111111111111110101111101001011111110011110110111111101111111001100101101101111111111111111110111
000000000000000000000
000000000000000000000
001111111111111111100
001100000000000001100
001011111111111110100
001011111111111110100
001011111111111110100
001111111111111110100
001111111111111010100
001111111111111110100
001011111110111110100
001111111111111110100
001111111111111110100
001111111111111110100
001011111111111110100
001011111111111110100
001011111111111110100
001110101010101010100
001111111111111111100
000000000000000000000
000000000000000000000
end
