PSO TRACE
INIT:../../instances/fazia/init.csv
REF:../../instances/fazia/asm4.csv
DecodingPolicy:CPP2:CDLE2
MutationPolicy:Null
ParticleNeighborhood:Fixed
ParticleDims:515
ParticleCount:100
AccP:2.0
AccG:2.0
AccL:1.5
AccI:2.3
Pos:0.0-3.0
Inertia:0.9-0.6
VeloMax:2.0
MaxPSOIteration:500
InertiaDecrFactor:6.000000000000001E-4
INIT
000000000000000000000
000000000000000000000
000000000000000000000
000000000000000000000
000000000000000000000
000000000000000000000
000000000000000000000
000000000000000000000
000000000000000000000
000000000000000000000
000000000010000000000
000000000000000000000
000000000000000000000
000000000000000000000
000000000000000000000
000000000000000000000
000000000000000000000
000000000000000000000
000000000000000000000
000000000000000000000
000000000000000000000
REF
000000000000000000000
010000000000000000010
001011111111111111110
000000000000000000000
001011111111111110100
001011111111111110100
001011111111111110100
001011111111111110100
001011111011111110100
001011111101111110100
001011000101111110100
001011000110111110100
001011110111111110100
001011111111111110100
001011111111111110100
001011111111111110100
001011111111111110100
010100000000000001100
001011111111111110010
010000000000000001000
000000000000000000000
Classic CPP Decoder
0 :1,2,3,4,
1 :0,2,3,4,
2 :0,1,3,4,
3 :0,1,2,4,
4 :0,1,2,3,
5 :6,7,8,9,
6 :5,7,8,9,
7 :5,6,8,9,
8 :5,6,7,9,
9 :5,6,7,8,
10 :11,12,13,14,
11 :10,12,13,14,
12 :10,11,13,14,
13 :10,11,12,14,
14 :10,11,12,13,
15 :16,17,18,19,
16 :15,17,18,19,
17 :15,16,18,19,
18 :15,16,17,19,
19 :15,16,17,18,
20 :21,22,23,24,
21 :20,22,23,24,
22 :20,21,23,24,
23 :20,21,22,24,
24 :20,21,22,23,
25 :26,27,28,29,
26 :25,27,28,29,
27 :25,26,28,29,
28 :25,26,27,29,
29 :25,26,27,28,
30 :31,32,33,34,
31 :30,32,33,34,
32 :30,31,33,34,
33 :30,31,32,34,
34 :30,31,32,33,
35 :36,37,38,39,
36 :35,37,38,39,
37 :35,36,38,39,
38 :35,36,37,39,
39 :35,36,37,38,
40 :41,42,43,44,
41 :40,42,43,44,
42 :40,41,43,44,
43 :40,41,42,44,
44 :40,41,42,43,
45 :46,47,48,49,
46 :45,47,48,49,
47 :45,46,48,49,
48 :45,46,47,49,
49 :45,46,47,48,
50 :51,52,53,54,
51 :50,52,53,54,
52 :50,51,53,54,
53 :50,51,52,54,
54 :50,51,52,53,
55 :56,57,58,59,
56 :55,57,58,59,
57 :55,56,58,59,
58 :55,56,57,59,
59 :55,56,57,58,
60 :61,62,63,64,
61 :60,62,63,64,
62 :60,61,63,64,
63 :60,61,62,64,
64 :60,61,62,63,
65 :66,67,68,69,
66 :65,67,68,69,
67 :65,66,68,69,
68 :65,66,67,69,
69 :65,66,67,68,
70 :71,72,73,74,
71 :70,72,73,74,
72 :70,71,73,74,
73 :70,71,72,74,
74 :70,71,72,73,
75 :76,77,78,79,
76 :75,77,78,79,
77 :75,76,78,79,
78 :75,76,77,79,
79 :75,76,77,78,
80 :81,82,83,84,
81 :80,82,83,84,
82 :80,81,83,84,
83 :80,81,82,84,
84 :80,81,82,83,
85 :86,87,88,89,
86 :85,87,88,89,
87 :85,86,88,89,
88 :85,86,87,89,
89 :85,86,87,88,
90 :91,92,93,94,
91 :90,92,93,94,
92 :90,91,93,94,
93 :90,91,92,94,
94 :90,91,92,93,
95 :96,97,98,99,
96 :95,97,98,99,
97 :95,96,98,99,
98 :95,96,97,99,
99 :95,96,97,98,
#
It:0:Diff:106:PSOStep:6:Time:1.732806273:s:AutomataStep:6:Transition:01111111011110100111010111111011110100011101110011011111111111111101111010101001111111111101111011101011110010111111111111111111010110101011111101011111111101011101011111111111110111110111110011101110010111100101111111111101111001000111101010111011111111111110111111111000110100101011101111111111111110111111010111111001011111111111001011001111011111011011001000111111001010101010101111111111111011111111111001010111001110110111101111101011111111111000111110111111111111101011111111110101110111000110111111111111
000000000000000000000
000000000000000000000
000000000000000000000
000000000000000000000
000011111111111110000
000001111111111100000
000011111111111110000
000001111111111110000
000011111111111110000
000001111111111100000
000011111111111110000
000001111111111110000
000011111111111110000
000001111111110000000
000011111111100110000
000000101010100010000
000010001000100010000
000000000000000000000
000000000000000000000
000000000000000000000
000000000000000000000
#
It:1:Diff:87:PSOStep:6:Time:2.137321388:s:AutomataStep:6:Transition:01111101111110101111011111111101111010111111010011111101111111111111011011111011100111111101011111101111111110011111111010111111101111111111111001111111101110111101111110111111010010101111111010101111010111100100111110111101111111101111001111001110011011111110111111011001110100100111111111011000111111111111010111011001011111111111111111011011111111111111101001111111111111111010111111101011111011111110011011110111111110111101101111101110111111111100111110111111111100111111011111111111110011000110111111110111
000000000000000000000
000000000000000000000
000000000000000000000
000000000000000000000
000011101110111010000
000011101110111010000
000011111111111110000
000011101010111110000
000011111101111110000
000011111111111110000
000011111111111110000
000011111111111110000
000011111111111110000
000011111111111110000
000011111111111110000
000011111111111110000
000011111111111110000
000000000000000000000
000000000000000000000
000000000000000000000
000000000000000000000
#
It:2:Diff:80:PSOStep:8:Time:2.485309845:s:AutomataStep:8:Transition:01111111111110111111010110011011110111011111110101111111111101101101111111001011110011111100011011100110110111110111111111111101111111111011010111111111110011011101001111001101100010010011111111101111010111101011011010111111011011011111100100011110011011111110110111011001110011111100111111111101110110011111011011111111001111111111011111001111011010111001110100110111111010101111111110110110110111111101110111011111001110111001111110101110111111111100101110111111101111111101111111110101110011101111111010111111
000000000000000000000
000000000000000000000
001111111111111111100
001100011111000001100
001111010111011111100
001101111111111111100
001111111110111111100
001101110111111111100
001111101111111111100
001101111111111111100
001111111111111111100
001111111111111111100
001111111111111111100
001111111111111111100
001111111111111111100
001111111111111111100
001111111111111111100
001111111111111111100
001111111111111111100
000000000000000000000
000000000000000000000
#
It:3:Diff:78:PSOStep:8:Time:2.768084144:s:AutomataStep:8:Transition:01111111110100110111010111011011111111011111111111110111110001111001011111001011110111111100101010101111110110110111101010111110111110110011100100111111101111011101111110100111100010011011111011000010110101101111111000111111111001010111000100111110110110111110111111101001110010111101101111111101011111011111011111111101001011111111011011001111011110110101011001111111001111111011111111111111111111111110111111011111010011111011110111101111111111111100001110111101101110111111110111110101110111011111111111111111
000000000000000000000
000000000000000000000
001111111111111111100
001010101010101011100
001111111111111111100
001110101010101111100
001111111111111111100
001111111111111111100
001111111111111111100
001111111011111111100
001111111111111111100
001111111111111111100
001111111111111111100
001111111111111111100
001111111111111111100
001111111111111111100
001111111111111111100
001111111111111111100
001111111111111111100
000000000000000000000
000000000000000000000
#
It:4:Diff:73:PSOStep:8:Time:3.075558894:s:AutomataStep:8:Transition:01101111110101110111010110001111111011111111011101110111111101111011111111111011110011111101000010111010111110101111001110011101111111110111101100111111101111111011110110100111100110010011101010001111011100110001111011110111111001011101111111101110110110111111111101001010111010111001111111111111011111111111111111101101111110111111001101111111110111011111111000111111010010111111011111111111110111110101010111010111100011111001111111101011111111111110011110111101101110111011111111111010101111011101111111111111
000000000000000000000
000000000000000000000
001011101110111011100
001011101110111011100
001111111111111111100
001111111111111111100
001111111111111111100
001111111111111111100
001111111111111111100
001111111111111111100
001111111111111110100
001111111111111111100
001111111111111110100
001111111111111111100
001111111111111110100
001111111111111111100
001111111111111110100
001111111111111111100
001111111111111111100
000000000000000000000
000000000000000000000
#
It:8:Diff:66:PSOStep:8:Time:4.015689891:s:AutomataStep:8:Transition:01101111111101101111011110111111011111111110101101111111111101111001111111110111110011110101001111101010101101111111001110111100111110111111011111111111101101111101110110100111101110110011101001000111011110101011111001101111110011001111001111111110111110111111110101111010111010111111111011111111110110111111011001101111011111111111011111101111110110111111111101011111100110111111011111111111110111111101111111011111101001011001111111101111011111111110001110111101111111111011111110111010111111011101111111111111
000000000000000000000
000000000000000000000
001011101110111011100
001111111111111111000
001011111111111110100
001011111111111110000
001011111111111110100
001011111111111110000
001011101111111110100
001011101111111110000
001011101111111110100
001011101111111110000
001011111111111110100
001011111111111110000
001011111111111011100
001011111011111011000
001011011111110110100
001011101110110001000
001011101110111011100
000000000000000000000
000000000000000000000
#
It:13:Diff:64:PSOStep:8:Time:5.243063717:s:AutomataStep:8:Transition:01111111110100111111010110111011111011110110101111111111111101111001111111111111110101110101000110101010101111011111101010111101110111110011000111111111110111011101111111100111101111111011111010000111011001101111111000101111101011011111111111110110111010111101110111111011101011111001111111111111010100111111110111111011111111111011101111001101110011010101111101111111100010101111011111111110111110111101010111011110100110111101111110111101111011111110101100011011101111110100111111011010111111011001111111111111
000000000000000000000
000000000000000000000
001111111111111111100
001111111111111111100
001011111111111110100
001011111111111111100
001011101111111110100
001011111111111111100
001011111110111110100
001011111110111111100
001011111111111110100
001011111011111111100
001011111111111110100
001011111111111111100
001011111111111110100
001011111111111111100
001011111111111110100
001011111111111111100
001111111111111111100
000000000000000000000
000000000000000000000
#
It:35:Diff:62:PSOStep:8:Time:10.132361197:s:AutomataStep:8:Transition:01111111110100101111010111111011111111110110101111111111110101111101011011111011110001110100000101101010111111011111101010111101111111110110001111110111110111101101001111100111101110111011101011000111011101100111111000101111101011001101111110110111111110111101110110111011111010111000111111111111010100001111110111110111001111111011101111101101110111010111111101111101100110100011111111011111111110111011010111001110100110111001110111101100111111111110111000011111101111110100111111011010111011011001111111111111
000000000000000000000
000000000000000000000
001111111111111111100
001111111111111111100
001011111111111110100
001011111111111111100
001011101111111110100
001010111111111111100
001011111111111110100
001011111111111111100
001011111011111110100
001011101011111111100
001011101111111110100
001011101111111111100
001011111111111110100
001011111111111111100
001011111111111110100
001010101011111111100
001111111111111111100
000000000000000000000
000000000000000000000
#
It:54:Diff:57:PSOStep:8:Time:14.68424062:s:AutomataStep:8:Transition:01111111111101111111010111111011111111011110101111111111110111101101011011001011110101100100000111101111110111010111110010111111111111110111001111111111110111011101011111100111111100111011111011101111011101111111111010101111101011001111001011110110111110111111110110111011111010111111111011101111010100011101110111110111001111010011101111001101110111010111111100111111100111101011011111111110111110111111110111011110110100111001110111101101111011111110101100111111101111110001111110010011110111011111111111111111
000000000000000000000
000000000000000000000
001111111111111111100
001100000000000001100
001011111111111110100
001011111111111111100
001011111111111110100
001011110000000111100
001011111111111110100
001011111111111111100
001011111111111110100
001011111110111111100
001011111110011110100
001011111111111011100
001011111111111010100
001011111111111011100
001011111111111110100
001111111111111111100
001111111111111111100
000000000000000000000
000000000000000000000
#
It:55:Diff:56:PSOStep:8:Time:14.92823243:s:AutomataStep:8:Transition:01111111111100101110010110111011111111110110101111110111111111111111011011101011110111111100000111101110111111010111111010111101111111110011011111111111101111111101001111100100011110111111111110100111011111101111011011101111111011110111001110110110110111111111110111001011111010111100111111101101011110111101011111110010011110011010101111001101110111011111110101111111101110100011111111111110111111111110011101011110111110111100110011111100111111111110111110011111101011111011011110111011111011011101111111111111
000000000000000000000
000000000000000000000
001111111111111111100
001111111111111111100
001011111111111110100
001011111111111110100
001011111111111110100
001011111111111110100
001010111111101110100
001011111111111110100
001011111111111110100
001011111111111110100
001011111111111110100
001011111111111110100
001011111111101110100
001011111111111110100
001011111111111110100
001111111111111111100
001111111111111111100
000000000000000000000
000000000000000000000
#
It:129:Diff:53:PSOStep:8:Time:31.840753502:s:AutomataStep:8:Transition:01111111111100101110110110111110111111111111100011111111111111111101111111011011110011111100000111101110101010010011111100111101111111110011000111111111100110001101011110100110111111101111101110100110011111110111011011101111111101001111011110111111110111111110110111001011111010111100101111101110011110011111110110110111011110011111101111011101111111011101111101111111101110100011111111111111111111111111011111011110100110111010110111101101111111111110111000111111101011110011111010011111111011011001111111111111
000000000000000000000
000000000000000000000
001111111111111111100
001111111111111111100
001011111111111110100
001011111111111110100
001011111111111110100
001011111111111110100
001011111111111110100
001011111111111110100
001011111111111110100
001011111111111110100
001011111111111110100
001011111111111110100
001011111111111110100
001011111111111110100
001011111111111110100
001111111111111111100
001111111111111111100
000000000000000000000
000000000000000000000
#
It:132:Diff:52:PSOStep:8:Time:32.455508596:s:AutomataStep:8:Transition:01111111111110101111110111111111111111110111111101111111111111101101111111111011110011111100000110101110101101110111101111111101111111110111011111110111100110001101001111100111111101001011111011100111010111111111011010101111111111001111111110111111111101111111110111101011111010111100111111101111011101011111010111110111101110011011101111111101110111111111111101111111110110101011111111111111111110111101011111011110110110111010110111101101111111111110111100111101101111110010111110111110100111011101111111111111
000000000000000000000
000000000000000000000
001111111111111111100
001100000000000001100
001011111111111110100
001011111111111110100
001011101111111111100
001011111110011110100
001011111001111011100
001011110111111111100
001011101011111110100
001011101111111111100
001011111111111111100
001011111111111110100
001011111111111111100
001011111111111111100
001011111111111010100
001111111111111111100
001111111111111111100
000000000000000000000
000000000000000000000
#
It:136:Diff:52:PSOStep:8:Time:33.423670987:s:AutomataStep:8:Transition:01111111110100101110110110111110111111110111100101111111110111101111111111111011110001111100000101101110001110110111111100110101111111100011010101110111100110001111101110100111011111101111111011100111010101101011011010101111111101011111111110111110111110111101110111101011111010011101111111101111010111011111011111100111111110011011101111011101111011011101111101111101100110100011110111111111111111111111011101011110100010111010110110111101001111111110111010111111101011111010110010011111101111011001111111111111
000000000000000000000
000000000000000000000
001111111111111111100
001100000000000001100
001011111111111110100
001011111100010110100
001011101000101110100
001011111111101010100
001011111111111110100
001011111111011110100
001011111101111110100
001011111011111110100
001011111111111110100
001011111111111110100
001011111111111110100
001011111111111110100
001011111111111110100
001111111111111111100
001111111111111111100
000000000000000000000
000000000000000000000
#
It:145:Diff:50:PSOStep:8:Time:35.559251017:s:AutomataStep:8:Transition:01111011111100101110111110111110111011110111101111111111110111101111111111111011110111111100000101101110100110010111111010111101111111110011110001110111110110001101111110100101111111111101110110100111010101111111011011100110111101011111111111010011111010111100110111101011111010011101111011101111011111111111111111110011111110111011101101011111111111011101101101111111101110100011011111111111111111111111011101001110101010111010111110101101111111111110111110111011101010111011010010011110111011111000011111111111
000000000000000000000
000000000000000000000
001111111111111111100
001100000000000001100
001011111111111110100
001011111111111110100
001011111111111110100
001011110000011110100
001011101111111010100
001011111111111110100
001011111111111110100
001011111111111110100
001011111110111110100
001011111111111010100
001011101111111110100
001011111111111110100
001011111111111110100
001111111111111111100
001111111111111111100
000000000000000000000
000000000000000000000
#
It:146:Diff:50:PSOStep:8:Time:35.795935951:s:AutomataStep:8:Transition:01111011111110101110010110111110111111110111110111111111111101101111111111111011110111111100000111101110111111011011111110110101110111110011011101111111101111111101111111100111010111111011101111000111010111110111111011100101111101001111011111010111011011111111110111101001111010011100111111101111011110111111111111110111111110111010101111011101111011011111101101111101101110101111111111110111111111111111011101111110101001010111111111101101111111111110111110111101001010111111110110111110111111111100111111111111
000000000000000000000
000000000000000000000
001111111111111111100
001100011111000001100
001011111111111110100
001011111100111110100
001011111100111110100
001011111111011110100
001011111111111110100
001011111111111110100
001011111111111110100
001011111111111110100
001011111111111110100
001011111111111110100
001011111111111110100
001011111111111110100
001011111111111110100
001111111111111111100
001111111111111111100
000000000000000000000
000000000000000000000
#
It:147:Diff:48:PSOStep:8:Time:36.044086192:s:AutomataStep:8:Transition:01101101111100101111111110111110110011110011111111111111111111101101011011111011110111111100000111100010110111111111111110111001111111110111111111011111111111111101110111100010111110100111111111000111011111101011111011100110111101011101011110110011111001111111111101111001111010011101101111101111110101111101111101000111111011111011001101101001110011110101101101101111111110100111111111111111111111111111101101111111011011111111111110111100111111111110101010111001001010110111110110011010110111111101111110111111
000000000000000000000
000000000000000000000
001011111111111110100
001100000000000001100
001011011111111110100
001011011011111110100
001011111111111110100
001010111111111110100
001011110111111110100
001011101110111110100
001011111111111110100
001011111111101110100
001011111111111110100
001011111111111110100
001011111111111110100
001011111111111110100
001011111111111110100
001111111111111111100
001111111111111111100
000000000000000000000
000000000000000000000
#
It:148:Diff:48:PSOStep:8:Time:36.266132736:s:AutomataStep:8:Transition:01111011111100101111111110111110111111110011111111111111111111101101111011111011110111111100000111101011110111111111111110111111111111110111111111011111111111111101111111100010111110111111101111100111011111110111111011100111111101011111011010110111111011111111111111111000111110011101111111001111111100111111111111110111111111111010001111111001110011010111101101111111111110100111111111111111111111111111111101111111011010111111111111111100111111111110111110111101011011111111110110111010111111111101111111111111
000000000000000000000
000000000000000000000
001111111111111111100
001100000000000001100
001011111111111110100
001011111111111110100
001011101111111010100
001011110000010110100
001011111111111110100
001011111111111110100
001011111111111110100
001011111111111110100
001011111111111110100
001011111111111110100
001011111111111110100
001011111111111110100
001011111111111110100
001111111111111111100
001111111111111111100
000000000000000000000
000000000000000000000
#
It:170:Diff:48:PSOStep:8:Time:41.358131019:s:AutomataStep:8:Transition:01111111111101101111111110111110111111110111111111111111111111101111111111111011110111111100000111101111110111111111111110111101111111110111011101111111111111111101111111100011011111111111101111001111011111110111111011101111111101011111011110111111111111111111111111111011111010011111111111101111111111111111111111110111111111111011101111111111111011011111101101111101101110100111111111110111111111111111011101111111111100111111111111111100111111111110111110111101111011111111110110111111111111111101111111111111
000000000000000000000
000000000000000000000
001111111111111111100
001100000000000001100
001011111111111110100
001011111111111110100
001011111111111110100
001011110000011110100
001010111111101110100
001011111111111110100
001011111111111110100
001011111111111110100
001011111111111110100
001011111111111110100
001011111111101110100
001011111111111110100
001011111111111110100
001111111111111111100
001111111111111111100
000000000000000000000
000000000000000000000
#
It:179:Diff:46:PSOStep:8:Time:43.370692174:s:AutomataStep:8:Transition:01111111111100101111110111111101111111110110100111111111111111101111111111111011110111111100000111101111111111011111011110111111110111110011011111111111111111011101111111100100111111111101101111100111011111110011111011101111111101011111011110110111011111111111111111111001111010011110111111101111111111111111111111110111011111111011101111011101111111011101111100111111101110100111111111111111111111111111111111111111101100110111111111111101111111111110111110111101101011111111111110011111111111111101111111111111
000000000000000000000
000000000000000000000
001111111111111111100
001100000000000001100
001011111111111110100
001011111111111110100
001011101111111110100
001011110000011110100
001011111111111110100
001011111111111110100
001011111111111110100
001011111111111110100
001011111111111110100
001011111111111110100
001011111111111110100
001011111111111110100
001011111111111110100
001111111111111111100
001111111111111111100
000000000000000000000
000000000000000000000
#
It:181:Diff:45:PSOStep:8:Time:43.818881731:s:AutomataStep:8:Transition:01111111111100101110110111111100111111110010100111111111111111101111111111111011110111111100000111101111111111011111111110111111111111110011011111111111111111111101111111100000111111111111101111001111011111110111111001101111111001011110011110111111011111111111111111011001111010011100111111101111111111111111111111110111011110111011101101011101110111011101111100111111111110110111101111111111111111111111111100111111110111110111111111111101101111111110101110111101101010111111110110111111111111111101111111111111
000000000000000000000
000000000000000000000
001111111111111111100
001100000000000001100
001011111111111110100
001011111111111110100
001011101111111110100
001011100000011110100
001011111111111110100
001011111111111110100
001011111111111110100
001011111111111110100
001011111111111110100
001011111111111110100
001011111111111110100
001011111111111110100
001011111111111110100
001011101110111011100
001111111111111111100
000000000000000000000
000000000000000000000
#
It:186:Diff:45:PSOStep:8:Time:44.933817365:s:AutomataStep:8:Transition:01111111111100111110110111111111111111110110100111111111111111101111111111111011110111111100000111101111111111011111111110111111111111110111011111111111111111101101111111100110011110111111111111101111011111110111111011101111111001011111011110111111111011111111111111011001111010111101111111101111111111111111111111110111111111111011111101011101110011011101101101111111111110110111111111111111110111111111111101111111110111111101111110111101101111111110111110111101101011111111110110011111111111111100111111111111
000000000000000000000
000000000000000000000
001111111111111111100
001100000000000001100
001011111111111110100
001011111111111110100
001011111111111110100
001011110000011110100
001011111111111110100
001011111111111110100
001011111111111110100
001011111111111110100
001011111111111110100
001011111111111110100
001011111111111110100
001011111111111110100
001011111111111110100
001111111111111111100
001111111111111111100
000000000000000000000
000000000000000000000
#
It:190:Diff:43:PSOStep:8:Time:45.833642656:s:AutomataStep:8:Transition:01111111111100101110110110111001111111110110100111111111111111101111011111111011110101111100000101101011111111011111111010111101111111110011011111111111111111111101111111100101011111111111111110000111011111110111111000100110111001011111011111110011111011111111111111011011111010011100111011111111111111111111111111110111011111111011101101011101110011011101101100111101110110100111111111111111110111111011111100011110111111111100110110111101101111111110111110111101101010111111111110010110110111011101111111111111
000000000000000000000
000000000000000000000
001111111111111111100
001100000000000001100
001011111111111110100
001011111111111110100
001011101111111110100
001011111110011110100
001011111111111110100
001011111101111110100
001011111111111110100
001011111111111110100
001011111111111110100
001011101111111110100
001011101111111110100
001011011111111110100
001011111111111110100
001010101011111111100
001111111111111111100
000000000000000000000
000000000000000000000
#
It:268:Diff:43:PSOStep:8:Time:58.321286022:s:AutomataStep:8:Transition:01111111111100101110110110111011111111110110100111111111111111101111011111111011110101111100000101101010111111011111111010110101111111110011011111111111111111111101111111100101011111111111111110000111011111110111111010100110111111011111011110110011110011111111110111111011111010011100111111111111111111111101111101110111011111111011101101011101110011011101110101111101111110100111011111111111111111111111111100001110111111111100110111101101111111111110101110111101101011110011110110011110111111011101111111111111
000000000000000000000
000000000000000000000
001111111111111111100
001100000000000001100
001011111111111110100
001011111111111110100
001011101111111110100
001011111110011110100
001011111111111110100
001011111101111110100
001011111111111110100
001011111111111110100
001011111111111110100
001011111111111110100
001011101111111110100
001011111111111110100
001011111111111110100
001111111111111111100
001111111111111111100
000000000000000000000
000000000000000000000
#
It:362:Diff:42:PSOStep:8:Time:70.063497297:s:AutomataStep:8:Transition:01111111110110101110010110111111111111111110100111111111111111101001011111011111110011111100001111101111111111111011001110111111111111100110011111111111111111111101111111100101011110111111111111000101010101010111111011100111111001111111001110111111111011111111111110101001111010111100111111001111111111111111111111111111011111111111101101011101110111011101111100111111101110101011011111111111011111111011011001011110110111111101110111111101111111111110111110011111101011111101010110101111101111011101111111111111
000000000000000000000
000000000000000000000
001111111111111111100
001100000000000001100
001011111111111110100
001011111111111110100
001011111111111110100
001011111110011110100
001011111111111110100
001011111111111110100
001011111111111110100
001011111111111110100
001011111111111110100
001011111111111110100
001011111111111110100
001011111111111110100
001011111111111110100
001111111111111111100
001111111111111111100
000000000000000000000
000000000000000000000
#
It:377:Diff:36:PSOStep:8:Time:71.912804582:s:AutomataStep:8:Transition:01111111111110101110010110111111110111111110100111111111111111101001011111011111110011110100001111101011111111111001011110111111111111100010011111111111111110101101111111100101111110011111111011100111010101010111111011101111111001011111011110111011111011111101111110101001111010111100111111001111111111111111111111111111011111111111101101011101110111011101111101111111101110101111011111111111011111111001011001011110110111110101110110111101111111111110111110111101101011111101110110110111100111011101111101111111
000000000000000000000
000000000000000000000
001111111111111111100
001100000000000001100
001011111111111110100
001011111111111110100
001011111111111111100
001011111111111110100
001011111111111011100
001011110101011111100
001011101111111110100
001011111111011111100
001011111111111111100
001011111111111110100
001011111111111111100
001011111111111111100
001011111111111110100
001100000000000001100
001111111111111111100
000000000000000000000
000000000000000000000
#
It:410:Diff:27:PSOStep:8:Time:76.036574647:s:AutomataStep:8:Transition:01111111111100101110010111111111110111111110100011111111111111101001010111011011110011111100000101101111111111111011011010111111111111100010010111111111111110100101011111110101111110110111111110000011010101010111111011100111111001111111011110011111111011111111111110001011110010111100111111001111111111111111111111111111011111111111101101011101110111011101111101101111111110001011111111011011011111111011011001011110110111110101110111111101111111111110111110111111101010111101010110111111100111011101111101111111
000000000000000000000
000000000000000000000
001111111111111111100
001100000000000001100
001011111111111110100
001011111111111110100
001011111111111110100
001011111111111110100
001011111111111110100
001011111101111110100
001011111101111110100
001011111101111110100
001011111011111110100
001011111111111110100
001011111111111110100
001011111111111110100
001011111111111110100
001100000000000001100
001111111111111111100
000000000000000000000
000000000000000000000
#
It:436:Diff:25:PSOStep:8:Time:79.147766544:s:AutomataStep:8:Transition:01111111111101101110010111111111110111111010101111110111110111101111111111011011110011111100001101101111101111011111011110111111111111100011010111111111110111111101011111000101011111111111111010000111011101010011111011100111111001110111111110011111110011111111111110111011111010011100111111101111111111111111111111111111011111111011101101111101111111011101111101111111111110001111011111111111111111111011111101011111110111111100110111111101111011111110111110011111101011110111011110111111110111011101111101111111
000000000000000000000
000000000000000000000
001111111111111111100
001100000000000001100
001011111111111110100
001011111111111110100
001011111111111110100
001011111111111110100
001011111111111110100
001011111101111110100
001011111101111110100
001011111111111110100
001011111111111110100
001011111111111110100
001011111111111110100
001011111111111110100
001011111111111110100
001100000000000001100
001111111111111111100
000000000000000000000
000000000000000000000
end
