PSO TRACE
INIT:../../instances/fazia/init.csv
REF:../../instances/fazia/asm1.csv
DecodingPolicy:CPPNot:CDLE2
MutationPolicy:Std10
ParticleNeighborhood:Fixed
ParticleDims:515
ParticleCount:100
AccP:2.0
AccG:2.0
AccL:1.5
AccI:2.3
Pos:0.0-3.0
Inertia:0.9-0.6
VeloMax:2.0
MaxPSOIteration:250
InertiaDecrFactor:0.0012000000000000001
INIT
000000000000000000000
000000000000000000000
000000000000000000000
000000000000000000000
000000000000000000000
000000000000000000000
000000000000000000000
000000000000000000000
000000000000000000000
000000000000000000000
000000000010000000000
000000000000000000000
000000000000000000000
000000000000000000000
000000000000000000000
000000000000000000000
000000000000000000000
000000000000000000000
000000000000000000000
000000000000000000000
000000000000000000000
REF
000000000000000000000
000000000000000000000
000000000000000000000
000110000000000000000
000111000000000000000
000011010000000000000
000010110100000000000
000011111101100000000
000010011011100000000
000001101110111100000
000001111101001010000
000000110111111110000
000001110110101110000
000000110111010010000
000000011111011010000
000000001101110110000
000000000110101110000
000000000011110111000
000000000000000000000
000000000000000000000
000000000000000000000
Classic CPP Decoder + Not Test
0 :1,2,3,4,
1 :0,2,3,4,
2 :0,1,3,4,
3 :0,1,2,4,
4 :0,1,2,3,
5 :6,7,8,9,
6 :5,7,8,9,
7 :5,6,8,9,
8 :5,6,7,9,
9 :5,6,7,8,
10 :11,12,13,14,
11 :10,12,13,14,
12 :10,11,13,14,
13 :10,11,12,14,
14 :10,11,12,13,
15 :16,17,18,19,
16 :15,17,18,19,
17 :15,16,18,19,
18 :15,16,17,19,
19 :15,16,17,18,
20 :21,22,23,24,
21 :20,22,23,24,
22 :20,21,23,24,
23 :20,21,22,24,
24 :20,21,22,23,
25 :26,27,28,29,
26 :25,27,28,29,
27 :25,26,28,29,
28 :25,26,27,29,
29 :25,26,27,28,
30 :31,32,33,34,
31 :30,32,33,34,
32 :30,31,33,34,
33 :30,31,32,34,
34 :30,31,32,33,
35 :36,37,38,39,
36 :35,37,38,39,
37 :35,36,38,39,
38 :35,36,37,39,
39 :35,36,37,38,
40 :41,42,43,44,
41 :40,42,43,44,
42 :40,41,43,44,
43 :40,41,42,44,
44 :40,41,42,43,
45 :46,47,48,49,
46 :45,47,48,49,
47 :45,46,48,49,
48 :45,46,47,49,
49 :45,46,47,48,
50 :51,52,53,54,
51 :50,52,53,54,
52 :50,51,53,54,
53 :50,51,52,54,
54 :50,51,52,53,
55 :56,57,58,59,
56 :55,57,58,59,
57 :55,56,58,59,
58 :55,56,57,59,
59 :55,56,57,58,
60 :61,62,63,64,
61 :60,62,63,64,
62 :60,61,63,64,
63 :60,61,62,64,
64 :60,61,62,63,
65 :66,67,68,69,
66 :65,67,68,69,
67 :65,66,68,69,
68 :65,66,67,69,
69 :65,66,67,68,
70 :71,72,73,74,
71 :70,72,73,74,
72 :70,71,73,74,
73 :70,71,72,74,
74 :70,71,72,73,
75 :76,77,78,79,
76 :75,77,78,79,
77 :75,76,78,79,
78 :75,76,77,79,
79 :75,76,77,78,
80 :81,82,83,84,
81 :80,82,83,84,
82 :80,81,83,84,
83 :80,81,82,84,
84 :80,81,82,83,
85 :86,87,88,89,
86 :85,87,88,89,
87 :85,86,88,89,
88 :85,86,87,89,
89 :85,86,87,88,
90 :91,92,93,94,
91 :90,92,93,94,
92 :90,91,93,94,
93 :90,91,92,94,
94 :90,91,92,93,
95 :96,97,98,99,
96 :95,97,98,99,
97 :95,96,98,99,
98 :95,96,97,99,
99 :95,96,97,98,
#
It:0:Diff:76:PSOStep:5:Time:1.49127:s:AutomataStep:5:Transition:00010111100011101100111111111011100101101110101111010011001010100010000011110000010110011011000110110001110101001001110001110101010101000110110010011111111100011011001001100101110101101011011111011010101000100101010001111001101000101010100011110101111001011111000001111010011111011111011111001011111010111011111110111110110111000000111111001110100110110001101011011000101011100100101010111011101101011111000101111111001011001001111001100100110110011101101101110111100111011011011010000110111111010000100111001100
000000000000000000000
000000000000000000000
000000000000000000000
000000000000000000000
000000000000000000000
000000000000000000000
000000000111000000000
000000000101100000000
000000001011110000000
000000110110110000000
000001101111101000000
000000111100101000000
000000010010010000000
000000000000110000000
000000000011111100000
000000000000000100000
000000000000000000000
000000000000000000000
000000000000000000000
000000000000000000000
000000000000000000000
#
It:1:Diff:75:PSOStep:6:Time:2.544406:s:AutomataStep:6:Transition:01010111100011111100111111010011100101001010011111000011011011110110100011100111100111011110011110010001110111110000011001111111011100010110100110111011110101001011111001110111000101101100011100001000111100100111110100111001000100101111100101101001110110011110010000111010000011011110001101010010111000001101101101000111001111111010101110011011110111111010001010101011110000010001101011110111101000111110000100011110001011000001011010101100011110011111100101110011000011001000111000001111111111110100101001001100
000000000000000000000
000000000000000000000
000000000000000000000
000000000000000000000
000010000000000000000
000000011110000000000
000011110101000000000
000010011011000000000
000011011000110000000
000001110110100000000
000010001111000000000
000000111111101100000
000000000110000100000
000000000000101000000
000000000000011000000
000000000000001100000
000000000000000010000
000000000000000000000
000000000000000000000
000000000000000000000
000000000000000000000
#
It:2:Diff:70:PSOStep:8:Time:3.560759:s:AutomataStep:8:Transition:01100100000011101111100011010111100001001000011101101111111010110100101100111111100111001011011101011000011100110010010010101111000110001110100100110001110101001000111111111001010101000111111100000111111111111100000100011000001100100111100101111001110110011010010100011010001101110110111111001001101010001111100001000011001111111110101100010011110111101010001011101111100010010011100110010110101000101000100000110100011001000001000110101110011111001011100111100011010001011011111000011010010011110100101001101000
000000000000000000000
000000000000000000000
001000000000000000000
000110000000000000000
000101000000000000000
000010101000000000000
000010010101000000000
000000110100000000000
000000110110000000000
000000111000111000000
000000010111011000000
000000000111111110000
000000000010111010000
000000000000111000000
000000000000001000000
000000000000011010000
000000000000001111000
000000000000000011100
000000000000000000100
000000000000000000000
000000000000000000000
#
It:3:Diff:68:PSOStep:6:Time:4.476097:s:AutomataStep:6:Transition:01000110111011111101101110010101110000010111000011000100111001110101111001100110101001011100110111000001011111101100111110111010101010110001001000111010100111001100011011001010110110011100111110100000110011111110100110011111100111100100101101011011110011010010010011110100010011110100100000110110101111001101000011110000101111001011101100100001110011010110011011101111000010010101111001110111111001101110110001010010100100101010100010001110000101101000000011011011011011100100001100101101011011111110101011100001
000000000000000000000
000000000000000000000
000000000000000000000
000000000000000000000
000010000000000000000
000011110100000000000
000000100100000000000
000001000101000000000
000001111111000000000
000001100111000100000
000000111111001010000
000000000100111100000
000000111101111000000
000000011100110000000
000000000011100000000
000000000001000000000
000000000010000000000
000000000000000000000
000000000000000000000
000000000000000000000
000000000000000000000
#
It:4:Diff:58:PSOStep:6:Time:5.389601:s:AutomataStep:6:Transition:01000110110111111101111111111011110000010111100011100101110101110011011111110111101001010111011111110001011111111100101110111001101110010100101011101010110011001111110011011111011111101101111110101011011111111010110111011011111110100110101110111001101011110011010001110101010111101111010100011011001101001100111001011001101001011111100100001110111011000110011000101011000110010101110001110111101000110111110000100010110101101011111011101110111101101010100011111011001110111111111110111101100011111100101000010011
000000000000000000000
000000000000000000000
000000000000000000000
000000000000000000000
000010000000000000000
000011110100000000000
000010110111000000000
000010111100100000000
000010011011110000000
000010111010111100000
000011110111100010000
000000111111111100000
000000111011111000000
000000000010110000000
000000001111100000000
000000000001000000000
000000000010000000000
000000000000000000000
000000000000000000000
000000000000000000000
000000000000000000000
#
It:36:Diff:58:PSOStep:7:Time:37.303065:s:AutomataStep:7:Transition:01010101111101101101110111111011100000011010100011100111111101110010011111110101110011011111000111110101101111111100101100110101101110010100101101101010110111010101100011100101010111011101010100111100111111111110110101111011101110011111111100010011111111100110110001111011110111100110111101001011011101010100101111101110111111011101011111001110101111111100011010101111110010010001101001110111111000111111101001111010001111101001110111101101110111111010100101010111011111011110011010011101100011101100111111111101
000000000000000000000
000000000000000000000
000000000000000000000
000100000000000000000
000111000000000000000
000110100000000000000
000111110100000000000
000111111111000000000
000111111111100000000
000111111110011000000
000111101011011011000
000011101011111110000
000000111111101000000
000000110110100000000
000000011011000000000
000000001101000000000
000000000110000000000
000000000010000000000
000000000000000000000
000000000000000000000
000000000000000000000
#
It:60:Diff:55:PSOStep:6:Time:61.103546:s:AutomataStep:6:Transition:01000100110111101111111111110011111010011110101011100111111111110111010111110111111011101111010011010101010111111100110111111111101101111100000111111011110111011100110011101111010111111111011110100111110101111111100110110110101111000100111100111010001011101110110001110111000111000110111101001011011101010100111111011111111011010101011111111111111011111110011010011011010111010111100001111110101000110111110001000110111010100000010011101001111111111010000101110111010111110110010110111100100011101100101000011001
000000000000000000000
000000000000000000000
000000000000000000000
000000000000000000000
000010000000000000000
000011100000000000000
000011111000000000000
000011111100000000000
000011110011100000000
000011000011101000000
000011010101111110000
000001110011111100000
000000111010111110000
000000011001001110000
000000001111111010000
000000000101110100000
000000000010111010000
000000000000000000000
000000000000000000000
000000000000000000000
000000000000000000000
#
It:61:Diff:49:PSOStep:7:Time:62.001058:s:AutomataStep:7:Transition:01010101110111101111111110110011111010011110101010100111111111110111010111111111111011011111010011010111101110111101110111111111111111111000000111101011110111011100110011111011010100001111011110100011110101111111100110110110111111000100111100111010101011111110110001101111010111101110111101011011111101010100111111011101111011011001111111111111111011100110011000111011010111010111010001111110101000100111110001100110110010100000110001101101010111111010100101110011110111111111010110111100100011101100101001111001
000000000000000000000
000000000000000000000
000000000000000000000
000100000000000000000
000111000000000000000
000111110000000000000
000110111100000000000
000111111111000000000
000111101111110000000
000111111101111100000
000101111110111001000
000011110110011011000
000001110111101111000
000000111101011011000
000000011111111100000
000000001111101111000
000000000101100111000
000000000011110111000
000000000000000000000
000000000000000000000
000000000000000000000
#
It:163:Diff:48:PSOStep:7:Time:158.808232:s:AutomataStep:7:Transition:01010100110111101111111110110011111010011110101011000111011111110111010111110111110011001111010011010101111100111100110111110111101101111001001101101011110111011100110011101110010011001110011110100011110111111111110110110111111111010000111100111010101001111110110001111111000111001111110101011011111101010100111111011111111011111001110111111111111011100110011000111011010111010111010001111110101000100011110001100110110010100011110001101101110111111010100101110101110111111111010110111101100011101100101001110001
000000000000000000000
000000000000000000000
000000000000000000000
000100000000000000000
000111000000000000000
000111110000000000000
000110111100000000000
000111111111000000000
000111111111100000000
000111111111111000000
000101011100111011000
000011011111101111000
000001111010111111000
000000111011110011000
000000011110011100000
000000001111111111000
000000000101110111000
000000000011110111000
000000000000000000000
000000000000000000000
000000000000000000000
end
