PSO TRACE
INIT:../../instances/fazia/init.csv
REF:../../instances/fazia/asm1.csv
DecodingPolicy:CPPNot:CDLE2
MutationPolicy:Std10
ParticleNeighborhood:Fixed
ParticleDims:515
ParticleCount:100
AccP:2.0
AccG:2.0
AccL:1.5
AccI:2.3
Pos:0.0-3.0
Inertia:0.9-0.6
VeloMax:2.0
MaxPSOIteration:250
InertiaDecrFactor:0.0012000000000000001
INIT
000000000000000000000
000000000000000000000
000000000000000000000
000000000000000000000
000000000000000000000
000000000000000000000
000000000000000000000
000000000000000000000
000000000000000000000
000000000000000000000
000000000010000000000
000000000000000000000
000000000000000000000
000000000000000000000
000000000000000000000
000000000000000000000
000000000000000000000
000000000000000000000
000000000000000000000
000000000000000000000
000000000000000000000
REF
000000000000000000000
000000000000000000000
000000000000000000000
000110000000000000000
000111000000000000000
000011010000000000000
000010110100000000000
000011111101100000000
000010011011100000000
000001101110111100000
000001111101001010000
000000110111111110000
000001110110101110000
000000110111010010000
000000011111011010000
000000001101110110000
000000000110101110000
000000000011110111000
000000000000000000000
000000000000000000000
000000000000000000000
Classic CPP Decoder + Not Test
0 :1,2,3,4,
1 :0,2,3,4,
2 :0,1,3,4,
3 :0,1,2,4,
4 :0,1,2,3,
5 :6,7,8,9,
6 :5,7,8,9,
7 :5,6,8,9,
8 :5,6,7,9,
9 :5,6,7,8,
10 :11,12,13,14,
11 :10,12,13,14,
12 :10,11,13,14,
13 :10,11,12,14,
14 :10,11,12,13,
15 :16,17,18,19,
16 :15,17,18,19,
17 :15,16,18,19,
18 :15,16,17,19,
19 :15,16,17,18,
20 :21,22,23,24,
21 :20,22,23,24,
22 :20,21,23,24,
23 :20,21,22,24,
24 :20,21,22,23,
25 :26,27,28,29,
26 :25,27,28,29,
27 :25,26,28,29,
28 :25,26,27,29,
29 :25,26,27,28,
30 :31,32,33,34,
31 :30,32,33,34,
32 :30,31,33,34,
33 :30,31,32,34,
34 :30,31,32,33,
35 :36,37,38,39,
36 :35,37,38,39,
37 :35,36,38,39,
38 :35,36,37,39,
39 :35,36,37,38,
40 :41,42,43,44,
41 :40,42,43,44,
42 :40,41,43,44,
43 :40,41,42,44,
44 :40,41,42,43,
45 :46,47,48,49,
46 :45,47,48,49,
47 :45,46,48,49,
48 :45,46,47,49,
49 :45,46,47,48,
50 :51,52,53,54,
51 :50,52,53,54,
52 :50,51,53,54,
53 :50,51,52,54,
54 :50,51,52,53,
55 :56,57,58,59,
56 :55,57,58,59,
57 :55,56,58,59,
58 :55,56,57,59,
59 :55,56,57,58,
60 :61,62,63,64,
61 :60,62,63,64,
62 :60,61,63,64,
63 :60,61,62,64,
64 :60,61,62,63,
65 :66,67,68,69,
66 :65,67,68,69,
67 :65,66,68,69,
68 :65,66,67,69,
69 :65,66,67,68,
70 :71,72,73,74,
71 :70,72,73,74,
72 :70,71,73,74,
73 :70,71,72,74,
74 :70,71,72,73,
75 :76,77,78,79,
76 :75,77,78,79,
77 :75,76,78,79,
78 :75,76,77,79,
79 :75,76,77,78,
80 :81,82,83,84,
81 :80,82,83,84,
82 :80,81,83,84,
83 :80,81,82,84,
84 :80,81,82,83,
85 :86,87,88,89,
86 :85,87,88,89,
87 :85,86,88,89,
88 :85,86,87,89,
89 :85,86,87,88,
90 :91,92,93,94,
91 :90,92,93,94,
92 :90,91,93,94,
93 :90,91,92,94,
94 :90,91,92,93,
95 :96,97,98,99,
96 :95,97,98,99,
97 :95,96,98,99,
98 :95,96,97,99,
99 :95,96,97,98,
#
It:0:Diff:76:PSOStep:4:Time:1.510813:s:AutomataStep:4:Transition:01111011110111000001001101001111111101101110000110111101111110101001011110110000111011101001000010110111101010101001111010011011111100010010111011000101101101010100110010110101001101011000110110000111111100111110111001111010100100001001100110100001110111001111000001111010110111011100000111001110010101111010010001010100110101110001110110100011100101011101101001101110001101110110111110110011110100111101101011100111000101111111001111010100111111011011100110111010110010101001011011110110110111011011100000011111
000000000000000000000
000000000000000000000
000000000000000000000
000000000000000000000
000000000000000000000
000000000000000000000
000000111111111000000
000000100100000000000
000000001011001000000
000000100011001000000
000000010100011000000
000000110101110000000
000000001110111000000
000000110101001000000
000000111111111000000
000000000000000000000
000000000000000000000
000000000000000000000
000000000000000000000
000000000000000000000
000000000000000000000
#
It:1:Diff:64:PSOStep:7:Time:2.581331:s:AutomataStep:7:Transition:01110100101001100010111001001110010010111111000110101111011100100001111110010010100110011100100011011011011100001110111111110001101111110110110011100001001110001000001011011000011001011000010110101011111100011110111011011011100101011010000110101101010110001111011011111101111111001110000010001110110111011011100100110101110100010011110110100101110100011111101011100110000101111111011100010001011100101101110011100011010111101110010101010100111111001001001011111010111110111000011111111110110001000011000101111100
000000000000000000000
000000000000000000000
000000000000000000000
000110000000000000000
000100000000000000000
000000010000000000000
000111111110000000000
000011010110000000000
000110111111010000000
000011000011011000000
000110101110111000000
000011010001110000000
000001011110100100000
000000011011011100000
000000000000010010000
000000001000100100000
000000000111100110000
000000000011110111000
000000000000000000000
000000000000000000000
000000000000000000000
#
It:3:Diff:60:PSOStep:7:Time:5.132459:s:AutomataStep:7:Transition:01110100101001100011011011101111010110111111011111101111011100100001111110010110100110111100100111011111111100011110111111110001101111110110111011110011101110111010001011111101011011111011110011101011111100111110111111011001111111111011000110101111010110111111011111111101111111011111000011111111110111011011111100110101010110011011110110110101010111111111101011100110000111111111111100010011011111111101110011100111010111101111010101011100111111001001101011111110111111111110011111011111110011000010000100111101
000000000000000000000
000000000000000000000
000000000000000000000
000110000000000000000
000111100000000000000
000001000110000000000
000111111011100000000
000000011000110000000
000111010111111000000
000011101100111100000
000111011110111110000
000011101010110010000
000001111011110110000
000000111111110010000
000000011111101110000
000000001111111110000
000000000111111110000
000000000010101011000
000000000000000000000
000000000000000000000
000000000000000000000
#
It:9:Diff:57:PSOStep:7:Time:12.766858:s:AutomataStep:7:Transition:01110100110100110111011011111111111110111111011011111111011100100111111111010110101010011100100001111111111100011111011111111011101111110111111011100111101111110010111111111110111111111111111111011111010100111110111111001001111111111011010111111111110010111111011111111101101111011111010000111111110111010011010100110101111011101011110110110101010111011111001111101110010111011001111101110111111111111111110011100101110111111111011101101100010111111011101011111000111101111110011111111111010011011011010110111101
000000000000000000000
000000000000000000000
000000000000000000000
000110000000000000000
000111100000000000000
000101111000000000000
000111011110000000000
000100111101100000000
000111011111011000000
000101111011110110000
000110001100001111000
000011011101100110000
000001111101101011000
000000110111111110000
000000011011111001000
000000001111111110000
000000000111111111000
000000000011110111000
000000000000000000000
000000000000000000000
000000000000000000000
#
It:12:Diff:54:PSOStep:7:Time:16.403318:s:AutomataStep:7:Transition:01110100110011110111111011011011111111110111000010111111001100010111111111010110110010011000001011111101111100011111111111111011111111111111111001111111101111111011101011111110011011110111111111011111110100011111111111011011011111111011010110101111111010111011011111111101101111111111001010111111110111010011110100110100111100111011110110110101111111111110011111101110010111011110011101110111111111111111110011000101010111111110011101011100010111111111101011111000111100111100011111111110010111001010000100111111
000000000000000000000
000000000000000000000
000000000000000000000
000110000000000000000
000101100000000000000
000111011000000000000
000111110110000000000
000111111101100000000
000111111111011000000
000111111111110110000
000111110111011111000
000011111101110111000
000001111000111111000
000000111000010111000
000000011101010111000
000000001101110111000
000000000111100101000
000000000011110111000
000000000000000000000
000000000000000000000
000000000000000000000
#
It:14:Diff:48:PSOStep:7:Time:18.806135:s:AutomataStep:7:Transition:01100100111111111111111011011111011111111111100011111111001101010111111111010110100000011100100011111101111101001111111111110101111111110111111011101111101111111111101111111110111111011111111111111111110111111111111111011111111111111011010111101111001110111011111011111101111111011111010000111111110111011011110100110001111001011011110111110111111111111110111111100110001111101111101101010111011111111111110011001111010111101100011101111101111111011101101011011010111110111100011111111111011011000010010111111111
000000000000000000000
000000000000000000000
000000000000000000000
000110000000000000000
000111000000000000000
000111111000000000000
000111101100000000000
000111111111100000000
000111110111110000000
000111111111001110000
000111111110110010000
000011111111010110000
000001111111011110000
000000111111110110000
000000011101111010000
000000001111111110000
000000000111110110000
000000000011110111000
000000000000000000000
000000000000000000000
000000000000000000000
#
It:17:Diff:35:PSOStep:7:Time:21.970423:s:AutomataStep:7:Transition:01110100111111111111010011111111011111111111101010111111011001000111111110110110100110011010100001111111111100011111111111111101101111010110111111101011101111111111101111111110011111111110111111111111110110111110111111011011111111111001000110101111100110111011111111111111111111011111010000111111110110011111100110110001111011010011110111110101110111011111011111100110001111101111111101010111111111111111110011001111010111101110011101111101111111111001101011111010111111111110011111111111110001011010011111111111
000000000000000000000
000000000000000000000
000000000000000000000
000110000000000000000
000111100000000000000
000011111000000000000
000111110110000000000
000011111101100000000
000111111111111000000
000101111110111110000
000111111111101010000
000011111111111110000
000001111111111010000
000000111111111110000
000000011111111010000
000000001111111110000
000000000111111110000
000000000011110111000
000000000000000000000
000000000000000000000
000000000000000000000
#
It:123:Diff:30:PSOStep:7:Time:155.599715:s:AutomataStep:7:Transition:01110000110111111110011010101101011110111111101010101111011001000111110110110010100100111010001001111111111100010111001111110000111111111110111111111111101111111111101111010110111111011111111110011111100110110111111111000011101111101000001110101111100110111011111010101111101110010111010000001110010111011111110100100001111011000011110110110101011111011111011111101110101100101111111101010011111111111111110010000001110111111110011101011101010111011101101011011000110111111100011111111110110101011010001101111111
000000000000000000000
000000000000000000000
000000000000000000000
000110000000000000000
000111100000000000000
000011011000000000000
000111000110000000000
000011111101100000000
000110011111111000000
000111111111111100000
000111111111011010000
000011110111101100000
000001111100111110000
000000110111001010000
000000011111011010000
000000001101110100000
000000000111101110000
000000000011110111000
000000000000000000000
000000000000000000000
000000000000000000000
end
