PSO TRACE
INIT:../../instances/fazia/init.csv
REF:../../instances/fazia/asvn4.csv
DecodingPolicy:CPP2
MutationPolicy:Null
ParticleNeighborhood:Fixed
ParticleDims:515
ParticleCount:100
AccP:2.0
AccG:2.0
AccL:1.5
AccI:2.3
Pos:0.0-3.0
Inertia:0.9-0.6
VeloMax:2.0
MaxPSOIteration:500
InertiaDecrFactor:6.000000000000001E-4
INIT
000000000000000000000
000000000000000000000
000000000000000000000
000000000000000000000
000000000000000000000
000000000000000000000
000000000000000000000
000000000000000000000
000000000000000000000
000000000000000000000
000000000010000000000
000000000000000000000
000000000000000000000
000000000000000000000
000000000000000000000
000000000000000000000
000000000000000000000
000000000000000000000
000000000000000000000
000000000000000000000
000000000000000000000
REF
000000000000000000000
000000000000000000000
000000000000000000000
000000000010000000000
000000000111000000000
000000001011100000000
000000011011110000000
000000101111111000000
000001100001111100000
000010110010101110000
000110111101110111000
000010110111111010000
000001111111111100000
000000101110101000000
000000011111110000000
000000001010100000000
000000000111000000000
000000000010000000000
000000000000000000000
000000000000000000000
000000000000000000000
Classic CPP Decoder
0 :1,2,3,4,
1 :0,2,3,4,
2 :0,1,3,4,
3 :0,1,2,4,
4 :0,1,2,3,
5 :6,7,8,9,
6 :5,7,8,9,
7 :5,6,8,9,
8 :5,6,7,9,
9 :5,6,7,8,
10 :11,12,13,14,
11 :10,12,13,14,
12 :10,11,13,14,
13 :10,11,12,14,
14 :10,11,12,13,
15 :16,17,18,19,
16 :15,17,18,19,
17 :15,16,18,19,
18 :15,16,17,19,
19 :15,16,17,18,
20 :21,22,23,24,
21 :20,22,23,24,
22 :20,21,23,24,
23 :20,21,22,24,
24 :20,21,22,23,
25 :26,27,28,29,
26 :25,27,28,29,
27 :25,26,28,29,
28 :25,26,27,29,
29 :25,26,27,28,
30 :31,32,33,34,
31 :30,32,33,34,
32 :30,31,33,34,
33 :30,31,32,34,
34 :30,31,32,33,
35 :36,37,38,39,
36 :35,37,38,39,
37 :35,36,38,39,
38 :35,36,37,39,
39 :35,36,37,38,
40 :41,42,43,44,
41 :40,42,43,44,
42 :40,41,43,44,
43 :40,41,42,44,
44 :40,41,42,43,
45 :46,47,48,49,
46 :45,47,48,49,
47 :45,46,48,49,
48 :45,46,47,49,
49 :45,46,47,48,
50 :51,52,53,54,
51 :50,52,53,54,
52 :50,51,53,54,
53 :50,51,52,54,
54 :50,51,52,53,
55 :56,57,58,59,
56 :55,57,58,59,
57 :55,56,58,59,
58 :55,56,57,59,
59 :55,56,57,58,
60 :61,62,63,64,
61 :60,62,63,64,
62 :60,61,63,64,
63 :60,61,62,64,
64 :60,61,62,63,
65 :66,67,68,69,
66 :65,67,68,69,
67 :65,66,68,69,
68 :65,66,67,69,
69 :65,66,67,68,
70 :71,72,73,74,
71 :70,72,73,74,
72 :70,71,73,74,
73 :70,71,72,74,
74 :70,71,72,73,
75 :76,77,78,79,
76 :75,77,78,79,
77 :75,76,78,79,
78 :75,76,77,79,
79 :75,76,77,78,
80 :81,82,83,84,
81 :80,82,83,84,
82 :80,81,83,84,
83 :80,81,82,84,
84 :80,81,82,83,
85 :86,87,88,89,
86 :85,87,88,89,
87 :85,86,88,89,
88 :85,86,87,89,
89 :85,86,87,88,
90 :91,92,93,94,
91 :90,92,93,94,
92 :90,91,93,94,
93 :90,91,92,94,
94 :90,91,92,93,
95 :96,97,98,99,
96 :95,97,98,99,
97 :95,96,98,99,
98 :95,96,97,99,
99 :95,96,97,98,
#
It:0:Diff:75:PSOStep:5:Time:0.123353028:s:AutomataStep:5:Transition:01101111100011111111001100111011110110001011110101111011011110110111010001100001111101111111011011111001011111111100101011110110111011011111110011111011110111110001111111011111010111011111011110111011011101101100100111101110101110111111110101011111110111011000011110111000111111111011111111101110101101011001111110011111101111111101100110100100111111011010101111111000110011101111101011111101101111001111111010111110101011111111010111110011011101100111001110110000011111111110001001100011110010011010101110111111
000000000000000000000
000000000000000000000
000000000000000000000
000000000000000000000
000000000000000000000
000001110111011100000
000001111111111100000
000000110111111100000
000000010100111100000
000000011101111100000
000000001110111100000
000000001110011100000
000000000110111100000
000000000101111100000
000000000011111100000
000000000010001100000
000000000000000000000
000000000000000000000
000000000000000000000
000000000000000000000
000000000000000000000
#
It:1:Diff:65:PSOStep:7:Time:0.237952128:s:AutomataStep:7:Transition:00111100101000001101001001000101011110111001011111000111001101010000010111001110111000000000110110011110100000111011010110111101001111101111101101011001100100011111100100110010000000111100001110011010110010100111010001111010010010011100101001101100000110110110001001001000111001000001111111011000011101110111000110111000111000010100000011110100001100101011110111011111101010000111011010001111001101101000101111001111110000001010110100001111011100010001000100000110111000000010011111011111001110110100000001000010
000000000000000000000
000000000000000000000
000000000000000000000
000000000011111111000
000000000111101110000
000000001110001110000
000000001010111000000
000000110010011100000
000001101000010100000
000010101100110100000
000111100001011000000
000010100011100000000
000001111011110000000
000000111010100000000
000000010110000000000
000000001011000000000
000000000110000000000
000000000000000000000
000000000000000000000
000000000000000000000
000000000000000000000
#
It:2:Diff:56:PSOStep:7:Time:0.271734633:s:AutomataStep:7:Transition:00110100101000001101001000000101001111111100111111000111001101011100011111001110011000000110010110011111000000111011010110111011001111101111001101011001110100110111100100110000100000111101001110011010110010101111000001101010110010111101111110001101011110110110001001000101111001100001111111011010011110111111000011110010111100010101000001100100001100110011110101011011101010010011011010001011001100101000111111001011010010001010110100111111111101010001000000000111111000000111011111011111001010110100100101100110
000000000000000000000
000000000000000000000
000000000000000000000
000000000010000000000
000000000011000000000
000000000001100000000
000000001011010000000
000000000111011000000
000000001111111100000
000000011110000110000
000000011100010110000
000000100101001000000
000000110011111000000
000000011111000000000
000000111010000000000
000010000000000000000
000110000000000000000
000100000000000000000
000000000000000000000
000000000000000000000
000000000000000000000
#
It:3:Diff:39:PSOStep:7:Time:0.311037337:s:AutomataStep:7:Transition:00110100101001001100000000001101001111110100010101100111001111010100011111001110011000000110010110011111000000111011000110101011001111101101001100011001100100100111000100110000000000111101001110011010110010101111000100101010110010111101111000000100011110110110001001000111011001100001111110011010011110111101000111110000110100011101010001100100001100010011110001011011101010000011011010001111001101100000111001001011010010001010110100111111011100010001000000000111111000000011011101011111001000010100100101000110
000000000000000000000
000000000000000000000
000000000000000000000
000000000010000000000
000000000111000000000
000000000011100000000
000000010010010000000
000000110000111000000
000001010101111100000
000000100011000110000
000110001011000110000
000010100110001000000
000001011011111000000
000000101000100000000
000000011111100000000
000000001010000000000
000000000110000000000
000000000000000000000
000000000000000000000
000000000000000000000
000000000000000000000
#
It:52:Diff:31:PSOStep:7:Time:1.31795697:s:AutomataStep:7:Transition:00110110111110110111011100001001101111111101111111110111011111110111011111101110111001010111011110001111000011111011110111111011001111101100011111010001110110101111100100110010000000111111001110011100110010111111000001101110110010111110111111101101011110110111001001011111111001010101111110111010111111111111110111110110111100010001010101110100001011011111110101111111101010110111011011001111111111101011110111111101110011011110110100011111111101011001100101010111111001111111110101011111111110110101110111111011
000000000000000000000
000000000000000000000
000000000000000000000
000000000010000000000
000000000111000000000
000000001101100000000
000000011111110000000
000000111111111000000
000001110011111100000
000011101110111110000
000111111011110111000
000011110111011010000
000001100100011100000
000000101011101000000
000000010101110000000
000000001111100000000
000000000000000000000
000000000000000000000
000000000000000000000
000000000000000000000
000000000000000000000
#
It:55:Diff:30:PSOStep:7:Time:1.433425314:s:AutomataStep:7:Transition:00110110101110101111001100011101101110111101111111111111001111110111101111101110111011010110011110001111101011111011010101011101001110101110001111010011110110101111100100110110100010111111111110011100110010111111100001101110110010111100111111001101011110110110001011011101111001100101111111101010011111111111100011110110111100011101010101100100001111111011110101111011101010111111011111001111101100101011110111001111110011011110111101011111111100111000100111001111111001111011010101111111111111110101111111111010
000000000000000000000
000000000000000000000
000000000000000000000
000000000010000000000
000000000111000000000
000000001110100000000
000000011011110000000
000000111111001000000
000001101101111100000
000011111111110010000
000110110111111111000
000010101100011010000
000001111110111100000
000000101111011000000
000000011101110000000
000000001001100000000
000000000111000000000
000000000000000000000
000000000000000000000
000000000000000000000
000000000000000000000
#
It:56:Diff:27:PSOStep:7:Time:1.453095162:s:AutomataStep:7:Transition:00110110101111101111001101011001101111111101111011111111001111110111101111101100100011010110010110010110001011111010010100111100101111101111001111010011110100101110100101110100101000111111111110011100110010111111110001100110110010111101101111001101011110110111001011011110111001100101111101111110011110111111001011110110111110011101010101100000001111111110011001011010111010101011011011001111111100101011110101001111110011011110111101100111111111101001100111011111110011111010010111110101111111110001111111110010
000000000000000000000
000000000000000000000
000000000000000000000
000000000010000000000
000000000111000000000
000000001110100000000
000000011111010000000
000000111011101000000
000001111111111100000
000011101110100110000
000111111100010101000
000010111010111010000
000001111001111100000
000000101110111000000
000000011111110000000
000000001011100000000
000000000111000000000
000000000010000000000
000000000000000000000
000000000000000000000
000000000000000000000
#
It:67:Diff:23:PSOStep:7:Time:1.66266432:s:AutomataStep:7:Transition:00110110111111111110011101111101001111111101111101011110010111110111111111101110100011010111110111111111101011111010011110111101101111101111101111011011100100101111110101110110100011111110011111011100111010111111110111101110110010111101101111111101111110110111001011011110111001111101111111101010111110111111010111110110111110111101010101111100101111011111111101111011111011101111011111011110111110111011111111011111110011011110111101111111111101101011001111111110111101101011110011101101111111111001101111110110
000000000000000000000
000000000000000000000
000000000000000000000
000000000010000000000
000000000111000000000
000000001011100000000
000000011111110000000
000000100111111000000
000001111101111100000
000011111011111110000
000111011110011110000
000010110101011110000
000001111111111100000
000000101010111000000
000000011011110000000
000000001011100000000
000000000111000000000
000000000010000000000
000000000000000000000
000000000000000000000
000000000000000000000
#
It:95:Diff:19:PSOStep:7:Time:2.247167365:s:AutomataStep:7:Transition:00110110111111111110011100111001001111110101111111011110010111110111001111101100100011010111110111111110101011011000011110111101111111101111111111010011100100101111010101110100100011111110011111011111111010111111110111101100110101111101111111101101111110110110001011011110101001011101101111101010111111111111010111111110011010111111010101111001000111011111110101111111111111101111011111011111111010101011111111011111010011011111111100111111011110111001101111110110110101101010011111101101011010111001111011111010
000000000000000000000
000000000000000000000
000000000000000000000
000000000010000000000
000000000111000000000
000000001011100000000
000000011001110000000
000000101011111000000
000001111100111100000
000010111010111010000
000110111101110110000
000011111111011010000
000001111111011100000
000000101110101000000
000000011010110000000
000000001111100000000
000000000110000000000
000000000010000000000
000000000000000000000
000000000000000000000
000000000000000000000
end
