PSO TRACE
INIT:../../instances/fazia/init.csv
REF:../../instances/fazia/asvn4.csv
DecodingPolicy:CPP2
MutationPolicy:Null
ParticleNeighborhood:Fixed
ParticleDims:515
ParticleCount:100
AccP:2.0
AccG:2.0
AccL:1.5
AccI:2.3
Pos:0.0-3.0
Inertia:0.9-0.6
VeloMax:2.0
MaxPSOIteration:500
InertiaDecrFactor:6.000000000000001E-4
INIT
000000000000000000000
000000000000000000000
000000000000000000000
000000000000000000000
000000000000000000000
000000000000000000000
000000000000000000000
000000000000000000000
000000000000000000000
000000000000000000000
000000000010000000000
000000000000000000000
000000000000000000000
000000000000000000000
000000000000000000000
000000000000000000000
000000000000000000000
000000000000000000000
000000000000000000000
000000000000000000000
000000000000000000000
REF
000000000000000000000
000000000000000000000
000000000000000000000
000000000010000000000
000000000111000000000
000000001011100000000
000000011011110000000
000000101111111000000
000001100001111100000
000010110010101110000
000110111101110111000
000010110111111010000
000001111111111100000
000000101110101000000
000000011111110000000
000000001010100000000
000000000111000000000
000000000010000000000
000000000000000000000
000000000000000000000
000000000000000000000
Classic CPP Decoder
0 :1,2,3,4,
1 :0,2,3,4,
2 :0,1,3,4,
3 :0,1,2,4,
4 :0,1,2,3,
5 :6,7,8,9,
6 :5,7,8,9,
7 :5,6,8,9,
8 :5,6,7,9,
9 :5,6,7,8,
10 :11,12,13,14,
11 :10,12,13,14,
12 :10,11,13,14,
13 :10,11,12,14,
14 :10,11,12,13,
15 :16,17,18,19,
16 :15,17,18,19,
17 :15,16,18,19,
18 :15,16,17,19,
19 :15,16,17,18,
20 :21,22,23,24,
21 :20,22,23,24,
22 :20,21,23,24,
23 :20,21,22,24,
24 :20,21,22,23,
25 :26,27,28,29,
26 :25,27,28,29,
27 :25,26,28,29,
28 :25,26,27,29,
29 :25,26,27,28,
30 :31,32,33,34,
31 :30,32,33,34,
32 :30,31,33,34,
33 :30,31,32,34,
34 :30,31,32,33,
35 :36,37,38,39,
36 :35,37,38,39,
37 :35,36,38,39,
38 :35,36,37,39,
39 :35,36,37,38,
40 :41,42,43,44,
41 :40,42,43,44,
42 :40,41,43,44,
43 :40,41,42,44,
44 :40,41,42,43,
45 :46,47,48,49,
46 :45,47,48,49,
47 :45,46,48,49,
48 :45,46,47,49,
49 :45,46,47,48,
50 :51,52,53,54,
51 :50,52,53,54,
52 :50,51,53,54,
53 :50,51,52,54,
54 :50,51,52,53,
55 :56,57,58,59,
56 :55,57,58,59,
57 :55,56,58,59,
58 :55,56,57,59,
59 :55,56,57,58,
60 :61,62,63,64,
61 :60,62,63,64,
62 :60,61,63,64,
63 :60,61,62,64,
64 :60,61,62,63,
65 :66,67,68,69,
66 :65,67,68,69,
67 :65,66,68,69,
68 :65,66,67,69,
69 :65,66,67,68,
70 :71,72,73,74,
71 :70,72,73,74,
72 :70,71,73,74,
73 :70,71,72,74,
74 :70,71,72,73,
75 :76,77,78,79,
76 :75,77,78,79,
77 :75,76,78,79,
78 :75,76,77,79,
79 :75,76,77,78,
80 :81,82,83,84,
81 :80,82,83,84,
82 :80,81,83,84,
83 :80,81,82,84,
84 :80,81,82,83,
85 :86,87,88,89,
86 :85,87,88,89,
87 :85,86,88,89,
88 :85,86,87,89,
89 :85,86,87,88,
90 :91,92,93,94,
91 :90,92,93,94,
92 :90,91,93,94,
93 :90,91,92,94,
94 :90,91,92,93,
95 :96,97,98,99,
96 :95,97,98,99,
97 :95,96,98,99,
98 :95,96,97,99,
99 :95,96,97,98,
#
It:0:Diff:67:PSOStep:4:Time:0.126024912:s:AutomataStep:4:Transition:01001111101101011001111111110100111001101101110111000111001001011100110111110100100110100111110010010110100110001001011111101111110100000100110001101111011111010010010111110011111110111010111011111111110101110111111000101010111010100000101001010001101101100111010010110011000100011001101011000111011001011010110101111101001101110011111111011111010101101011110001101110110110111001000100100000111010101111111110111110100000100101000001010101110010100011000111110111100101111101110110100111011111111100001001101001
000000000000000000000
000000000000000000000
000000000000000000000
000000000000000000000
000000000000000000000
000000000000000000000
000000101010101000000
000000001101110000000
000000111111011000000
000000111001000000000
000000101111101000000
000000010110110000000
000000110111100000000
000000101100000000000
000000110000000000000
000000000000000000000
000000000000000000000
000000000000000000000
000000000000000000000
000000000000000000000
000000000000000000000
#
It:2:Diff:58:PSOStep:7:Time:0.266888543:s:AutomataStep:7:Transition:00101011100100101101111110110100101001100111000101100011101001010111111100001110110001111111110111010100101111010001011111001111110111001000010001001101011111110110110011000111101110111100111111010011010001010110010000111110111100010010100101110101011101100001000010110011101100111111101111101111100101011010100111111000010000111011110001011111111101001000000101101011000110111011001100110001111001100111011001010110100011001010000011001101100010100010000111101111000111010101111101100111111101101110001101011001
000000000000000000000
000000000000000000000
000000000000000000000
000000000000000011000
000000000010110101000
000000001011100100000
000000011001110111000
000000101001111100000
000000111010001011000
000011101000110000000
000111100111011011000
000011111101101010000
000000010101101100000
000000100111001000000
000000011011110000000
000000001011000000000
000000000110000000000
000000000010000000000
000000000000000000000
000000000000000000000
000000000000000000000
#
It:3:Diff:51:PSOStep:7:Time:0.303189537:s:AutomataStep:7:Transition:00110111100100101011111011110101111011101010010101110010110101010111111111011110100101100011011111011111110111001011111111101111010101111111111011101101111111111010111111110101111110111011111111111111011100111111111001011111111001110010011100111001001101000101011110110010000010011111101111011101110100011010110101111100111111111011111011111111111111101111100111000010011110111000001111110011111011101111111111111110010111110111100101001101110011110011100111110111111101010110111110110110011101101111111101111001
000000000000000000000
000000000000000000000
000000000000000000000
000000000010000000000
000000000011000000000
000000000111100000000
000000010110110000000
000000011101111000000
000001011101011100000
000001011010010110000
000100110111111011000
000011101011011000000
000000111101101100000
000000000000101000000
000000010000010000000
000000000000000000000
000000000000000000000
000000000000000000000
000000000000000000000
000000000000000000000
000000000000000000000
#
It:5:Diff:48:PSOStep:7:Time:0.349721945:s:AutomataStep:7:Transition:00110001101111101011111001110101110111101010010100111010010111010111111101011100101101100011011111011101110111101011110110100111000001101100011011101111011111100000110111111101011110110010011110111110011100011100010100011111111111111000001100110000001101000101111110110001010010011011101111011100110100011010110100111110111011111011110011111101011111101011100111011100010110111001001111010011011011100011110011011110011111110111100000111100110011110101110101110110111101110100011110110111011111100110111111111001
000000000000000000000
000000000000000000000
000000000000000000000
000000000010000000000
000000000111000000000
000000001110000000000
000000010011000000000
000000100101111000000
000001111111011000000
000010011111001010000
000100111111110111000
000010111111111000000
000000100101101000000
000000001000110000000
000000000001000000000
000000000110000000000
000000000000000000000
000000000000000000000
000000000000000000000
000000000000000000000
000000000000000000000
#
It:6:Diff:45:PSOStep:7:Time:0.375822587:s:AutomataStep:7:Transition:00110101111101101111111011111101110111101010010100111010010111010111111101111111101101100011110111111001110111101011011110100111110001101100001111101111011111111000110111111101011010111011011110110111011100111100010111011111111111111000011101111000001101000101111110111000010010011101101111001101110100011010110110111010111011101011110011111101011111101111101111011110010110111001001111010011110011100011111011011110011111110100100101101101100001110101100111110111111101010110011110110111011111101110111011111001
000000000000000000000
000000000000000000000
000000000000000000000
000000000010000000000
000000000111000000000
000000001101000000000
000000010111100000000
000000111101111000000
000001010100111100000
000011011010110110000
000111101110111011000
000011011111101010000
000001100110001100000
000000100001111000000
000000001010000000000
000000001011000000000
000000000011000000000
000000000010000000000
000000000000000000000
000000000000000000000
000000000000000000000
#
It:7:Diff:42:PSOStep:7:Time:0.405786162:s:AutomataStep:7:Transition:00110111111110001111111011111111110111101010010100111010000111010111111100001111101101100011111111011001110011101011111110100111010001101101010011101111011111110000111111100101011010111010001111110111011100011100010010011111111101111100001101011000001101010101011110111000010110011101101111001100110100011010111100111100111011101011111001111101011111101111100111011000010111101000001111110011100011111011111010111110011111111110100111001101110011111101100101110110111101011100011110010111011101101110111011011001
000000000000000000000
000000000000000000000
000000000000000000000
000000000010000000000
000000000111000000000
000000001111100000000
000000011010110000000
000000111111111000000
000001101110100000000
000011111111110110000
000100101111110111000
000011101110110100000
000000100001111100000
000000100101100000000
000000001110110000000
000000000111000000000
000000000111000000000
000000000000000000000
000000000000000000000
000000000000000000000
000000000000000000000
#
It:9:Diff:28:PSOStep:7:Time:0.456027378:s:AutomataStep:7:Transition:00110111111110001011111011111111110111101010010100101010010111010111111111001111101111100011111111011111110111101010111110100111110001101101110111101111111101110000110111010001011010111010101111110111011100011100110010011111111001111010001101111000101101010111111111111000010010111101101111001100110000101000111100111110111011101010111010101101011111101111100111011010010111101001001111111011000010111001111111111110011111111101100111101101110011111111100101010110011101011110011110110110011101101111111111001001
000000000000000000000
000000000000000000000
000000000000000000000
000000000010000000000
000000000111000000000
000000001100100000000
000000010100110000000
000000111111101000000
000001100011110000000
000011111010011110000
000110101101111111000
000010100110010010000
000001111110011100000
000000100111101000000
000000011101110000000
000000001110100000000
000000000111000000000
000000000010000000000
000000000000000000000
000000000000000000000
000000000000000000000
#
It:31:Diff:26:PSOStep:7:Time:0.916070692:s:AutomataStep:7:Transition:00010111111110001111111111101111110111101010110000101011010111010111111111000111011111100011111111011111111101111010111111100111111001001101110111101111111101110101111111010011011010111010101100110111011100011100111110111111111010111010001101111000101111010111111111110110011110011101111111001110100101111010111100111111111011101010111000011101011011101111100111011110010011100001001111111011100111110101111101111111011101111101100111101101111111111111100111010110111101110110011110110111111001101111111011010001
000000000000000000000
000000000000000000000
000000000000000000000
000000000000000000000
000000000111000000000
000000001110100000000
000000011011110000000
000000111111111000000
000001101110111100000
000011111111101110000
000101011111110111000
000011010110111010000
000000101011111100000
000000011110001000000
000000011111110000000
000000001000100000000
000000000111000000000
000000000010000000000
000000000000000000000
000000000000000000000
000000000000000000000
#
It:57:Diff:25:PSOStep:7:Time:1.454496689:s:AutomataStep:7:Transition:00110111111110001110111101101111111111101011110100011011010111110110111101100111011111110011111111111111111101101010110111100111011101001101111111101111111111110001111111010111011111110010111111110111111100011100111010011111111010111010001111111000101111010111111110010101011110011001111111011100100001011011111100110111111011101010111110010101011010101111100111011110010011101001101111111011101110100011111111111111011111111100100111101001110011111111111101010000011101011110011110100110011101111111111111110001
000000000000000000000
000000000000000000000
000000000000000000000
000000000010000000000
000000000111000000000
000000001111100000000
000000011111110000000
000000111111111000000
000001110011111100000
000011111000110110000
000110111111111111000
000011111111111100000
000001111111111100000
000000111111110000000
000000011110110000000
000000001111000000000
000000000111000000000
000000000000000000000
000000000000000000000
000000000000000000000
000000000000000000000
#
It:61:Diff:24:PSOStep:7:Time:1.534307649:s:AutomataStep:7:Transition:00110111111111101101111101101111111111101111110100011111010011110111010111010111111101100011011110111111111111101010110111100111111111101111111011101101111111011101010111111101111110111110111111110111111100111100011110111111111111111010011101110000101111010111111010110000011110011101101111011100110100011011111111111111111011101011111111011101011111101111100101011100010111101001001110011011101110100011111111111110011111110111100111101101111111110101100001010110011101111110011110100111111101101110111011111101
000000000000000000000
000000000000000000000
000000000000000000000
000000000010000000000
000000000111000000000
000000001111100000000
000000011111110000000
000000111111111000000
000001111011111100000
000011101010111110000
000110101111010111000
000011110101111010000
000001111111011100000
000000111101111000000
000000011101100000000
000000001110000000000
000000000111000000000
000000000010000000000
000000000000000000000
000000000000000000000
000000000000000000000
#
It:88:Diff:20:PSOStep:7:Time:2.15782691:s:AutomataStep:7:Transition:00110111011110101111111101100111111111101111110110011110110010100010011111000111011101100011110111011111111111100000110111100111111011101111111101001100011111011101110111010001111110111110111111101111011100110101111110011110101011111010001101110100101111010111111110111101011110011101111111011100110101111011111110110010111011101011111001001101011111101101100101011110010111100001001010101011101110100111111111111110011111111111101111101110111111111111100101100110011101110110111110100110011100101011111011010101
000000000000000000000
000000000000000000000
000000000000000000000
000000000010000000000
000000000111000000000
000000001111100000000
000000011111110000000
000000111111111000000
000001100101111100000
000011111011111110000
000010101000110111000
000010111111111010000
000001111111111100000
000000001110101000000
000000001100110000000
000000001111100000000
000000000101000000000
000000000010000000000
000000000000000000000
000000000000000000000
000000000000000000000
#
It:289:Diff:19:PSOStep:7:Time:6.252382418:s:AutomataStep:7:Transition:00110111111111101111111011110111111111101111110100111110011111010101011110110111111101100011101111111011111111011000011110100111110111001110110101101010011111010101110101110101111011111110111111111111111110011101011110111111101011111010011101111000101111110111111011011100000110111101101111011110110100011011111111111111111011101011111101111101001111101111101101011110010111111000000110101011100110111111101111011110011011111101100101001001111111110101100110000110011101111110111110110110111100101110101011101101
000000000000000000000
000000000000000000000
000000000000000000000
000000000010000000000
000000000111000000000
000000001011100000000
000000011111110000000
000000101111111000000
000001001101011100000
000010010110101110000
000110111011100111000
000010110100111010000
000001110111110100000
000000101111101000000
000000011111010000000
000000001111100000000
000000000101000000000
000000000010000000000
000000000000000000000
000000000000000000000
000000000000000000000
#
It:349:Diff:18:PSOStep:7:Time:7.491603066:s:AutomataStep:7:Transition:00110111111110101101111001100110111111101111111000011011010010110011010111011111101101100011011110111001011101111010110110100111110101111111010011111011011111010111011111110101010110111110111111100111011110111100010110111111111110111011011101110000101111010011111110110100011100111101101111011101111110001011111110111011111111101011111101011001011011111101100101010110010010101001011011011011101110100111111011011110011111111001100111101101111111011111100111010110011101111010111110100110011101101110101111111101
000000000000000000000
000000000000000000000
000000000000000000000
000000000010000000000
000000000111000000000
000000001111100000000
000000011101110000000
000000101111111000000
000001110111111100000
000011111111101110000
000110111111111111000
000010111111111110000
000001111111111100000
000000111110101000000
000000011111010000000
000000001111100000000
000000000111000000000
000000000010000000000
000000000000000000000
000000000000000000000
000000000000000000000
#
It:431:Diff:15:PSOStep:7:Time:9.173454983:s:AutomataStep:7:Transition:00110011111100001111111101101110111111101111111000011011010011110011011111011111101101100011111110111001011101010010110111100111110111111111010011101011011111011011010111110101011110111110111111100111011110100100011110111111111110111010011101110000101111010111111110110100011100011101101110011100110110101011111110111011111111101001111111001001011011110101100101010110010010101001011110011011101110100101111111011110011111111001101110101111111111111111100111000110011101111010111110100110011101101110111011111101
000000000000000000000
000000000000000000000
000000000000000000000
000000000010000000000
000000000111000000000
000000001111100000000
000000011111110000000
000000111111111000000
000001100011111100000
000011111010100110000
000110111111110111000
000010111011111010000
000001111101111100000
000000100110111000000
000000011111110000000
000000001111100000000
000000000111000000000
000000000010000000000
000000000000000000000
000000000000000000000
000000000000000000000
end
