PSO TRACE
INIT:../../instances/fazia/init.csv
REF:../../instances/fazia/asvn4.csv
DecodingPolicy:CPP2
MutationPolicy:Null
ParticleNeighborhood:Fixed
ParticleDims:515
ParticleCount:100
AccP:2.0
AccG:2.0
AccL:1.5
AccI:2.3
Pos:0.0-3.0
Inertia:0.9-0.6
VeloMax:2.0
MaxPSOIteration:500
InertiaDecrFactor:6.000000000000001E-4
INIT
000000000000000000000
000000000000000000000
000000000000000000000
000000000000000000000
000000000000000000000
000000000000000000000
000000000000000000000
000000000000000000000
000000000000000000000
000000000000000000000
000000000010000000000
000000000000000000000
000000000000000000000
000000000000000000000
000000000000000000000
000000000000000000000
000000000000000000000
000000000000000000000
000000000000000000000
000000000000000000000
000000000000000000000
REF
000000000000000000000
000000000000000000000
000000000000000000000
000000000010000000000
000000000111000000000
000000001011100000000
000000011011110000000
000000101111111000000
000001100001111100000
000010110010101110000
000110111101110111000
000010110111111010000
000001111111111100000
000000101110101000000
000000011111110000000
000000001010100000000
000000000111000000000
000000000010000000000
000000000000000000000
000000000000000000000
000000000000000000000
Classic CPP Decoder
0 :1,2,3,4,
1 :0,2,3,4,
2 :0,1,3,4,
3 :0,1,2,4,
4 :0,1,2,3,
5 :6,7,8,9,
6 :5,7,8,9,
7 :5,6,8,9,
8 :5,6,7,9,
9 :5,6,7,8,
10 :11,12,13,14,
11 :10,12,13,14,
12 :10,11,13,14,
13 :10,11,12,14,
14 :10,11,12,13,
15 :16,17,18,19,
16 :15,17,18,19,
17 :15,16,18,19,
18 :15,16,17,19,
19 :15,16,17,18,
20 :21,22,23,24,
21 :20,22,23,24,
22 :20,21,23,24,
23 :20,21,22,24,
24 :20,21,22,23,
25 :26,27,28,29,
26 :25,27,28,29,
27 :25,26,28,29,
28 :25,26,27,29,
29 :25,26,27,28,
30 :31,32,33,34,
31 :30,32,33,34,
32 :30,31,33,34,
33 :30,31,32,34,
34 :30,31,32,33,
35 :36,37,38,39,
36 :35,37,38,39,
37 :35,36,38,39,
38 :35,36,37,39,
39 :35,36,37,38,
40 :41,42,43,44,
41 :40,42,43,44,
42 :40,41,43,44,
43 :40,41,42,44,
44 :40,41,42,43,
45 :46,47,48,49,
46 :45,47,48,49,
47 :45,46,48,49,
48 :45,46,47,49,
49 :45,46,47,48,
50 :51,52,53,54,
51 :50,52,53,54,
52 :50,51,53,54,
53 :50,51,52,54,
54 :50,51,52,53,
55 :56,57,58,59,
56 :55,57,58,59,
57 :55,56,58,59,
58 :55,56,57,59,
59 :55,56,57,58,
60 :61,62,63,64,
61 :60,62,63,64,
62 :60,61,63,64,
63 :60,61,62,64,
64 :60,61,62,63,
65 :66,67,68,69,
66 :65,67,68,69,
67 :65,66,68,69,
68 :65,66,67,69,
69 :65,66,67,68,
70 :71,72,73,74,
71 :70,72,73,74,
72 :70,71,73,74,
73 :70,71,72,74,
74 :70,71,72,73,
75 :76,77,78,79,
76 :75,77,78,79,
77 :75,76,78,79,
78 :75,76,77,79,
79 :75,76,77,78,
80 :81,82,83,84,
81 :80,82,83,84,
82 :80,81,83,84,
83 :80,81,82,84,
84 :80,81,82,83,
85 :86,87,88,89,
86 :85,87,88,89,
87 :85,86,88,89,
88 :85,86,87,89,
89 :85,86,87,88,
90 :91,92,93,94,
91 :90,92,93,94,
92 :90,91,93,94,
93 :90,91,92,94,
94 :90,91,92,93,
95 :96,97,98,99,
96 :95,97,98,99,
97 :95,96,98,99,
98 :95,96,97,99,
99 :95,96,97,98,
#
It:0:Diff:62:PSOStep:7:Time:0.14784235:s:AutomataStep:7:Transition:00011111101101011011100000100110101010101101101110000100100010000000100011000011010111111100010101101110000011010001000001100000110101010001000110010100010010100100000100001010010110010011010010100111000101110100001011010011000011111100111011000001000101000000100101001101100001111111010100001110110111010111000000111110100000101000010100100110010110000100110001101010011000010100110111011010111101101111101011011001111000000100000001000000011010111010100010000100010000000000101010010000000001000001001101010101
000000000000000000000
000000000000000000000
000000000000000000000
000000000000000001000
000000000111111111000
000000001100000000000
000000011100001100000
000000101111001110000
000001001000110010000
000011000101111100000
000110011111010100000
000010111001011000000
000001010100011000000
000000110000110000000
000000011111100000000
000000001000000000000
000000000111000000000
000000000010000000000
000000000000000000000
000000000000000000000
000000000000000000000
#
It:2:Diff:45:PSOStep:7:Time:0.289163756:s:AutomataStep:7:Transition:00110100100000110001110001000001101101101101001010111010000000000000100011010011010110111101110101101010101001010010100111100001110111010101000111001100000000100001101011001111011110111101011011000110100000110100011011000111010010111101001111010011011011000011100111001100010101011111011110000111010011110011111100100011000100011001100111001010000111001011111110100010001100010101110111111100111110100001001101000001100100000100011100000100010010000011110010010111000011111010111001101100110101000001000010110011
000000000000000000000
000000000000000000000
000000000000000000000
000000000010000000000
000000000011000000000
000000001100100000000
000000010011110000000
000000000000111000000
000000000001000100000
000011110001111110000
000101111110110101000
000010011101011110000
000001110110101000000
000000011000011000000
000000001101110000000
000000001101100000000
000000000101000000000
000000000010000000000
000000000000000000000
000000000000000000000
000000000000000000000
#
It:11:Diff:37:PSOStep:7:Time:0.489725004:s:AutomataStep:7:Transition:00110111100000010101110001011101111101111101111110111111001111110110010101110011010011101111110101111111101011110110010111101000110111011101100111001110010000100100010100001111111010111111011111010111100101110110010101011011011011110111111111001101111011000011010100011010010100011001111110100110000011110011111110110101100111011111100000011010010011111101010111111011101100100111011111111111111111100101101111101101110101101110011111101110010110011111110010011111101001110010110101100110110111001000010110111010
000000000000000000000
000000000000000000000
000000000000000000000
000000000010000000000
000000000011000000000
000000001100100000000
000000001111010000000
000000111111111000000
000000100111111100000
000011010101110110000
000111101011100101000
000011100011111110000
000001011111100100000
000000101111011000000
000000010111110000000
000000001011100000000
000000000101000000000
000000000010000000000
000000000000000000000
000000000000000000000
000000000000000000000
#
It:12:Diff:33:PSOStep:7:Time:0.524410759:s:AutomataStep:7:Transition:00110111100011111001111110111101101101111101111110011110111011110110110111111011011110110111110111101111101011111111110111101101110111011111100111101101101100101111110111001111111110111111001011010111110011110110110101010111110011011111111111011111111011100011110111011110011101111111011111101111110011111011111110111110100110111111100111001011101011111111110111111101001100110111110111111100111111101111001111101101110101101110111111101110010110011111110010011101101011111110111111101111110101011001011110111111
000000000000000000000
000000000000000000000
000000000000000000000
000000000010000000000
000000000011000000000
000000001101100000000
000000001111110000000
000000111010111000000
000000111111101100000
000011111110111110000
000101110101110011000
000010111111101010000
000001001101111100000
000000111111011000000
000000011111110000000
000000001100100000000
000000000111000000000
000000000010000000000
000000000000000000000
000000000000000000000
000000000000000000000
#
It:13:Diff:28:PSOStep:7:Time:0.553514128:s:AutomataStep:7:Transition:00110100110101111001111110110101101111111101111110111110110011010110100111111011010011111110110111101111101101011011110111101111110111111111000111111101101100101111000111010111111010111101111111000110111000110100110000101111111110111101110111011011011011110011110111011110001100111111111101001110100101011110111110111010101110111111110101001011111011111110001110101111011100010111110110111100111111101111101110001101100101110110111110101110010110011111110010010111101011110110110111101111101101011001010110110111
000000000000000000000
000000000000000000000
000000000000000000000
000000000010000000000
000000000111000000000
000000001111100000000
000000001011110000000
000000101111111000000
000001111010001100000
000010111100001110000
000110111101111111000
000011110010101110000
000001111000111100000
000000101000011000000
000000010111010000000
000000001110100000000
000000000111000000000
000000000010000000000
000000000000000000000
000000000000000000000
000000000000000000000
#
It:28:Diff:25:PSOStep:7:Time:0.896989111:s:AutomataStep:7:Transition:00110100111101011001111110100101111110101101111110111011110011010110100111011111010110111110110101111101101101011111110111101111110111110111000111111101101101100101110111100111011011111101011111000110111100110100101010000011111100110111010111011011010011100011110111011111001100111111111111001111100101111111111111111010111110100111010101001111100011111111001110101100111010011111110110111101111111101111001111111111100101101110111110101110011100111111111110010111101011110111101111111111110101011111010111010111
000000000000000000000
000000000000000000000
000000000000000000000
000000000010000000000
000000000111000000000
000000001111100000000
000000011011110000000
000000111111111000000
000001101011111100000
000011111011111110000
000111001011111111000
000011111101111010000
000001111010101100000
000000111111111000000
000000011111110000000
000000001111100000000
000000000111000000000
000000000010000000000
000000000000000000000
000000000000000000000
000000000000000000000
#
It:33:Diff:22:PSOStep:7:Time:1.004362798:s:AutomataStep:7:Transition:00110100111101011001111110110101111110101101111110110011110001010110100111011111010110111110111111111101101101011101110101101111110111110111100111011101101101100111110111000111111011111101111111010110100101010100111010001011111100110111110111011011011011100011110111011111001100111111101111001110100101101111111110111010111110100111110111101011110011111101001011101100011000010111111011111111111111101011101111011111110101101110111110101110011000110111111010110111101011110111110111111111110110011111011111010111
000000000000000000000
000000000000000000000
000000000000000000000
000000000010000000000
000000000111000000000
000000001111100000000
000000011111110000000
000000111111111000000
000001101101111100000
000011101011111110000
000111111100111111000
000011111000111010000
000001111111011100000
000000111110101000000
000000011111110000000
000000001111100000000
000000000111000000000
000000000010000000000
000000000000000000000
000000000000000000000
000000000000000000000
#
It:36:Diff:20:PSOStep:7:Time:1.084370462:s:AutomataStep:7:Transition:00100100111101011001111110110101111100101101111110110011110011010110100111011111010110011110111111111101101101011101110101101111110111110111000111111011101101100111110111000111111011111101111111010110101101110101111010001011011100010111010111011011010011100011110111011011001100111111111111000111100001101101111111111010111110100111110111101011110011101101001111101000011000110111111111111101111110101111101111011111110001111110111110101110011000110111111010100111101011110111100111101111110100011111011111010111
000000000000000000000
000000000000000000000
000000000000000000000
000000000010000000000
000000000111000000000
000000001111100000000
000000011111110000000
000000111111111000000
000001110101111100000
000011110011111110000
000111111100111111000
000011101111010010000
000001111111111100000
000000111110111000000
000000011111110000000
000000001111100000000
000000000111000000000
000000000010000000000
000000000000000000000
000000000000000000000
000000000000000000000
#
It:54:Diff:19:PSOStep:7:Time:1.456333154:s:AutomataStep:7:Transition:00110100111101011001111111100101111110101100111110110011110001010110100111011111010110000110110101111101001111010111010111101111100111010111100111111001101101100111110111100111011011111101111111010110110100010100101010000011111110110111110111011011010011100011110101011110001100111111101111001111100001110101111111111010101110100101110101101011110011111111001010101101101000110111111011111101111111101110101111011111110101100010111110101010011110110111111110110111101011010111110111100111110001011111001110010111
000000000000000000000
000000000000000000000
000000000000000000000
000000000010000000000
000000000111000000000
000000001111100000000
000000011011110000000
000000100111111000000
000001100111111100000
000010010101111110000
000111111110111111000
000011100111111010000
000001111111111100000
000000111111101000000
000000011111110000000
000000001100100000000
000000000111000000000
000000000010000000000
000000000000000000000
000000000000000000000
000000000000000000000
#
It:67:Diff:17:PSOStep:7:Time:1.734252165:s:AutomataStep:7:Transition:00110101111101011001111111110101101011101100111110110011110011010110100111011111010110000110010101111101001111010111010111101111100111011111100111111011101101100111110111100111011011111101011111010010111100010111100110100011111110110111110111011011010011100011110111011110001100111111101111000111110101110111111111111010101110110100110111101001110011111111001010101101101000110111111011111101111111111110101110011111110101100010111110101010011111111111111110111111101011010111110101100111110001011111001110010111
000000000000000000000
000000000000000000000
000000000000000000000
000000000010000000000
000000000111000000000
000000001111100000000
000000011011110000000
000000101111111000000
000001110011111100000
000010010010111110000
000111111111111111000
000011101111111010000
000001100101111100000
000000100110101000000
000000011110110000000
000000001011100000000
000000000111000000000
000000000010000000000
000000000000000000000
000000000000000000000
000000000000000000000
#
It:104:Diff:16:PSOStep:7:Time:2.492233586:s:AutomataStep:7:Transition:00110101111101011001111111111101111011101111111110111011110011010110110111010111010110000110110111111101001111111111110101101110111111110101000111011011101111100111010110010101111011111101011111010011111100110101111110000111111110111111110111011011011011110011110011011111001100111111101111000111100111100111111111111110100110111111110111111000110011111110101011101101111110110111001111111101111111101010101111011011110001110011111111101011011111010111111110011111101011011111110111100111110010011111001010010111
000000000000000000000
000000000000000000000
000000000000000000000
000000000010000000000
000000000111000000000
000000001111100000000
000000011011110000000
000000101111111000000
000001111111111100000
000010111110111110000
000111111111111011000
000011110111111010000
000001111111111100000
000000111110101000000
000000011111110000000
000000001111100000000
000000000111000000000
000000000010000000000
000000000000000000000
000000000000000000000
000000000000000000000
#
It:127:Diff:15:PSOStep:7:Time:2.953918606:s:AutomataStep:7:Transition:00110101111101011011111111111101111111101111111110111011110001010110010111011111010110001110110100111101001111011110110111101011111111110101100111011010100111100101110110010111111011111100011111010110111000110101110110000011111110111110110110011011111011110011110111011011010101111111101111000111110111100111111111101111101110111100111111111011100011111111101011101001111100110111011011111101111111101110101111011111100001110111111111101011111111101111110110101111101011011111110111100101110010011111001110010111
000000000000000000000
000000000000000000000
000000000000000000000
000000000010000000000
000000000111000000000
000000001011100000000
000000011001110000000
000000100111111000000
000001100011011100000
000010101111111110000
000110111101111111000
000011110111011010000
000001111111111100000
000000111110101000000
000000011111110000000
000000001111100000000
000000000111000000000
000000000010000000000
000000000000000000000
000000000000000000000
000000000000000000000
#
It:270:Diff:14:PSOStep:7:Time:5.877190804:s:AutomataStep:7:Transition:00110100111101011011111111111101111110101110111110111011110001010110110111011111010110001110110101111101001111011111110111101111111111110101000111111110101111100111110011010111111011111100011111010110111010110101100110000011111110011111110110011011111011110011110101011011010101111111101111000111110111100111111111101110101110111100110111111011100011111110101011101101111100010111011011111101111111101110101111011111110101110110111111101111111111101110110110100111101011011111110111100101110110011111001110010111
000000000000000000000
000000000000000000000
000000000000000000000
000000000010000000000
000000000111000000000
000000001011100000000
000000011011110000000
000000100111111000000
000001100011011100000
000010101111111110000
000110111101111111000
000011110111011010000
000001111111111100000
000000111110101000000
000000011111110000000
000000001111100000000
000000000111000000000
000000000010000000000
000000000000000000000
000000000000000000000
000000000000000000000
#
It:396:Diff:13:PSOStep:7:Time:8.495415612:s:AutomataStep:7:Transition:00110101111101011001111111110101111111101100111110111011100011010110110111010111010110000110010101111101001111111001110111101110111111110101000110011011101111100111110110010100111011111100011111010110110100110101111110000111111110111110110111011011011011110011110111011111011100011111101111000111100111110111111111111110101110111111110111111010110011111111111010101111001110110111001111111101111111101010101111011011110001110111111111101010011111011111101010011111101011011111110011100111110010011111001010010111
000000000000000000000
000000000000000000000
000000000000000000000
000000000010000000000
000000000111000000000
000000001011100000000
000000011111110000000
000000101111111000000
000001101100111100000
000010111010101110000
000110111111111011000
000011111111111010000
000001111111111100000
000000111110101000000
000000011111110000000
000000001111100000000
000000000111000000000
000000000010000000000
000000000000000000000
000000000000000000000
000000000000000000000
end
