PSO TRACE
INIT:../../instances/fazia/init.csv
REF:../../instances/fazia/asvn4.csv
DecodingPolicy:CPP
MutationPolicy:Null
ParticleNeighborhood:DynamicGeneralizedEuclideanDistance
ParticleDims:515
ParticleCount:100
AccP:2.0
AccG:2.0
AccL:1.5
AccI:2.3
Pos:0.0-3.0
Inertia:0.9-0.6
VeloMax:2.0
MaxPSOIteration:500
InertiaDecrFactor:6.000000000000001E-4
INIT
000000000000000000000
000000000000000000000
000000000000000000000
000000000000000000000
000000000000000000000
000000000000000000000
000000000000000000000
000000000000000000000
000000000000000000000
000000000000000000000
000000000010000000000
000000000000000000000
000000000000000000000
000000000000000000000
000000000000000000000
000000000000000000000
000000000000000000000
000000000000000000000
000000000000000000000
000000000000000000000
000000000000000000000
REF
000000000000000000000
000000000000000000000
000000000000000000000
000000000010000000000
000000000111000000000
000000001011100000000
000000011011110000000
000000101111111000000
000001100001111100000
000010110010101110000
000110111101110111000
000010110111111010000
000001111111111100000
000000101110101000000
000000011111110000000
000000001010100000000
000000000111000000000
000000000010000000000
000000000000000000000
000000000000000000000
000000000000000000000
Classic CPP Decoder
#
It:0:Diff:69:PSOStep:4:Time:0.092695268:s:AutomataStep:4:Transition:00111001100111000111011001110101100011111110100011100010101101011011100001100101110101011110111001010111111011111111001011111100011101100101010111001111011011101110111011010111001011011101111101011001100101011001011101011101011010101111010111010101001111111011101111111011001111011110101101101011111111110010111110101101101111010110011101011111111101011011110111011000110111110100100011011011110111001111100111001100111101011011111011110100001111001001011111011011111011111110110111101111001100011011001101111100
000000000000000000000
000000000000000000000
000000000000000000000
000000000000000000000
000000000000000000000
000000000000000000000
000000000010101000000
000000000010111000000
000000000111111000000
000000001111110000000
000000000101111000000
000000010011111000000
000000011110111000000
000000010101110000000
000000101010101000000
000000000000000000000
000000000000000000000
000000000000000000000
000000000000000000000
000000000000000000000
000000000000000000000
#
It:1:Diff:64:PSOStep:4:Time:0.227758362:s:AutomataStep:4:Transition:00111101101111111011110111101101011111011011100101101100010101111101011111101111011111111111101111101111111100111110110111101010111110110110101111111111100111110111010110111111101110101000011111111111001110101111100111111001111101011011100110110011111111001001001110110111110011111111101011111111100101111001111011101111110011011011000111110101111000110111111010110100111101011111001100111010010111111110001101110111111011011011010110011110111111111001111101100011011101110111011111111111100110011111111111111110
000000000000000000000
000000000000000000000
000000000000000000000
000000000000000000000
000000000000000000000
000000000000000000000
000000000011101000000
000000000111110000000
000000000101110000000
000000001111010000000
000000001011110000000
000000011111110000000
000000011111100000000
000000111110110000000
000000111011101000000
000000000000000000000
000000000000000000000
000000000000000000000
000000000000000000000
000000000000000000000
000000000000000000000
#
It:4:Diff:59:PSOStep:7:Time:0.522798222:s:AutomataStep:7:Transition:00011001101100001100010110010101101010010010011010101110100100010001010001101101001001111110111101101010100101000000110111100100010001001000010111101100010011000110101011011001000100100000011110111101100010011010100011100101100000011000010000000001011101010101001001100101000001110111000000111000101100010011001111111011000011101000110100101000111010100001010110000010110110000000100110011011000111101000010101100110001101011011100100001110100000101101000000111110110000000110000100110010010110001111011001100001
000000000000000000000
000000000000000000000
000000000000000000000
000000000000000001000
000000000000001001000
000000000000100110000
000000001001000000000
000000101000010000000
000001100111011110000
000011000100001110000
000110101101001000000
000010110010110000000
000001101000011000000
000000101100000000000
000000010001110000000
000000001101000000000
000000000111000000000
000000000000000000000
000000000000000000000
000000000000000000000
000000000000000000000
#
It:5:Diff:58:PSOStep:7:Time:0.597132176:s:AutomataStep:7:Transition:00100111101000011000010110000100101010000010011010101101000100000001010001101101001010101100100100101010000101000000110111100100010000001001001010100100100111000110001001011001010101100100011110010010100010010010100010100100100000011000011000000000010101010100001001100101000000000101001001111000011100010001001110011011011010101010110100100000101110100011010110100111000000010011100110000011001101100010010101110010001101000011100000101110100000000101000000111110110000000111000100110010010010001100011001101001
000000000000000000000
000000000000000000000
000000000000000000000
000000000010000000000
000000000001000000000
000000000001100000000
000000010011010000000
000000101100011000000
000000000000111100000
000010110000100010000
000100001111000101000
000010010101100000000
000000000000000000000
000000000000000000000
000000000000000000000
000000000000000000000
000000000000000000000
000000000000000000000
000000000000000000000
000000000000000000000
000000000000000000000
#
It:9:Diff:55:PSOStep:7:Time:0.876600217:s:AutomataStep:7:Transition:00110011101100101111011110000100101011001010001010101111000000110001000011001110101100101100011100100011100101010100110011000000010000001001110101100000001111101110111011111000110000101000111000011001100010111100100110100010100101001100010100101101011101010101101011100101000001101101000000001110001100011010011011001011111011100010000000110001111110011001000110100011111001010011100110011110010111001000011111011111100111000011100010110101100101001100000001011011010101101111000001110011100111001111001111110001
000000000000000000000
000000000000000000000
000000000000000000000
000000000010000000000
000000000111000000000
000000001100000000000
000000011110000000000
000000111001101000000
000001101010101000000
000011010100101110000
000110110001011101000
000000110101101010000
000000010101010100000
000000000100010000000
000000000000000000000
000000000000000000000
000000000000000000000
000000000000000000000
000000000000000000000
000000000000000000000
000000000000000000000
#
It:10:Diff:50:PSOStep:7:Time:0.947030364:s:AutomataStep:7:Transition:00100011111111101111001110111111111001110111011111111111110110110001010111101101001011111101101110101110110111010001110011000111111111101110011111101101011101000111111011011011011110110111111111111111110010110110111010110111011010111000111110110100011111111111111111111111100111011111010101111111101010111011111011111111010111101010110110111100001010010011100111111110111101011010110111111110111111011100101101110011101101011101110110111100100110010111011110111110010011011110001010010110111010111100111111010001
000000000000000000000
000000000000000000000
000000000000000000000
000000000010000000000
000000000111000000000
000000001111000000000
000000011101100000000
000000111111110000000
000001110000100000000
000011110000111000000
000111111111110000000
000011111101111000000
000001111111011100000
000000111011111100000
000000011011111010000
000000001110011010000
000000000111111111000
000000000010101011000
000000000000000000000
000000000000000000000
000000000000000000000
#
It:21:Diff:33:PSOStep:7:Time:1.707762599:s:AutomataStep:7:Transition:00100011101110101111001110110111101011110011011111101111100110110001010111101101011011111000101110000010110101010001110011100101111111010111011111101100011111001110111011111001011011100110110111011011111100110110111011000111011010111010111110110100011111000101100111111111111101001111011001111111101111110011110011011111110110100010110110111100101010110011110011101011111111001111100111110110111111101110101001110011111101111101110111011000100000010111011111111110111011110111001001111010111011111100111111000001
000000000000000000000
000000000000000000000
000000000000000000000
000000000010000000000
000000000111000000000
000000001111100000000
000000011010110000000
000000111011111000000
000001010101001100000
000011110111011110000
000110011110111011000
000011100101111010000
000001111111011100000
000000001101111000000
000000011000010000000
000000000011100000000
000000000111000000000
000000000010000000000
000000000000000000000
000000000000000000000
000000000000000000000
#
It:23:Diff:26:PSOStep:7:Time:1.84851965:s:AutomataStep:7:Transition:00100101111110111111111100111111111011110011011100011110101110110001110111101001011011111101101110011110111110011011110011001111110111110111111111111100011011101101111011111011111011111110111110110111111110111110111111000111011010111000111111111110111111110111111111101111111111001110111110111101111111011010111111110110110110101111110100111110111110111011111111111110111101101111111111111111111011111110101101110111111110011111110111111010100100110111111111111110111010110111011011101010101111111110111111001001
000000000000000000000
000000000000000000000
000000000000000000000
000000000010000000000
000000000111000000000
000000001111100000000
000000011111110000000
000000111111111000000
000001111110111100000
000011110110111110000
000111001101110111000
000011010111111110000
000001111111111100000
000000110111011000000
000000011110110000000
000000001101100000000
000000000111000000000
000000000010000000000
000000000000000000000
000000000000000000000
000000000000000000000
#
It:30:Diff:24:PSOStep:7:Time:2.326289191:s:AutomataStep:7:Transition:00100101111110111111111100011111101111110101011101111110101101110001111111101011010111001111111111111110110110111111010111101111110111010111111111111101111011111111111111111111011111011110111111111111111110111100111111001111011000101111111110111101111111110111111110101111101111111110111111111111111111111010111111111111110111101110110110111100111110111011111011111010111111011111101111110111100111110110100111110011111111111111100011111011101101111111111011111010111110110111111011111110101111111011111111011111
000000000000000000000
000000000000000000000
000000000000000000000
000000000010000000000
000000000111000000000
000000001111100000000
000000011111110000000
000000111111111000000
000001111111111100000
000011111111111110000
000111111111111111000
000011111111111110000
000001111111111100000
000000111111111000000
000000011111110000000
000000001101100000000
000000000111000000000
000000000010000000000
000000000000000000000
000000000000000000000
000000000000000000000
#
It:60:Diff:21:PSOStep:7:Time:4.385059039:s:AutomataStep:7:Transition:00110111111110101111111100011111111111111001110111011110111101110011111111101011111111001011111111111110110110111011000011101101110111100111111111110100101011111111111110111111011111110111010110111111111110111110111111001110011001001101111100111101111110100111111101110111001111101110011111111111101111111011110110111111110111101111100111111101111110101011110011111111111111011111101111110111101111111110101111100111111110111101010111011011101101111011110011011110111111010111111010111110001111111001111111011111
000000000000000000000
000000000000000000000
000000000000000000000
000000000010000000000
000000000111000000000
000000001111100000000
000000011011110000000
000000111111111000000
000001101111111100000
000011011010111110000
000111111110110111000
000011111101111110000
000001111111111100000
000000111111111000000
000000011111110000000
000000001111100000000
000000000111000000000
000000000010000000000
000000000000000000000
000000000000000000000
000000000000000000000
#
It:122:Diff:19:PSOStep:7:Time:8.500634201:s:AutomataStep:7:Transition:00100110111110101111111101011000111111111011100111011100111111110011111111101001011111010001101111111110110010111001010011101011110111000111010111110101101011111111111010111011011111110111000110111111111111111100111111001010001000001111111101111001111100110111011100111011001111001110011111101111001111110011110111011101110101111101100111111100111110111111111011111001111111111111100111110111100111111100101011100111101110111001010111111011111111111010110011011110111011010111111000011110011111011001111011111111
000000000000000000000
000000000000000000000
000000000000000000000
000000000010000000000
000000000111000000000
000000001011100000000
000000011101110000000
000000101111111000000
000001111101011100000
000010111010111110000
000111011101110111000
000001111111111110000
000001111111111100000
000000111111111000000
000000011111110000000
000000001111100000000
000000000111000000000
000000000010000000000
000000000000000000000
000000000000000000000
000000000000000000000
#
It:168:Diff:18:PSOStep:7:Time:11.53847391:s:AutomataStep:7:Transition:00100001111100101111111101011111111111111101110111011110111111110011111110101011011111000011101111111111110110101101110011101010110111000011110111010100101111110111111010111111011111111111110111111001111111111100111111000110001000001110111100111000011100110101111010101111011111001110011111101111011111111110110111011101110101111100100110111101111110110110110010101111011111111111101110110111111111111100101111100111101111110101011101011011110101111011110111111110111100100111111010111110011111111001111111111111
000000000000000000000
000000000000000000000
000000000000000000000
000000000010000000000
000000000111000000000
000000001011100000000
000000011001110000000
000000101111111000000
000001100111011100000
000010111111111110000
000110111101110111000
000001111111111110000
000001111111011100000
000000111111111000000
000000011111110000000
000000001111100000000
000000000111000000000
000000000010000000000
000000000000000000000
000000000000000000000
000000000000000000000
#
It:209:Diff:14:PSOStep:7:Time:14.300744154:s:AutomataStep:7:Transition:00100111111100101011111101001110110111111011110101001100111101110110111111101100011111001001101110111010110110111111100010101011111111101111110111111001101011111111111010111110011111110111110111111011111010111101111111001010000000001110111100101101111101110111000110110111001111110110111001111111101111111111110111011010110101110100100101111101110110111011111011111100110110001111101111110011001111111100101011000110111111111101111111011011110111111011111111110110111101110111110110101110001111101001111111111011
000000000000000000000
000000000000000000000
000000000000000000000
000000000010000000000
000000000111000000000
000000001011100000000
000000011011110000000
000000101111111000000
000001110001111100000
000010111011111110000
000110111111111111000
000011111111111110000
000001111111111100000
000000111111111000000
000000011111110000000
000000001111100000000
000000000111000000000
000000000010000000000
000000000000000000000
000000000000000000000
000000000000000000000
end
