PSO TRACE
INIT:../../instances/fazia/init.csv
REF:../../instances/fazia/asvn4.csv
DecodingPolicy:CPP
MutationPolicy:Null
ParticleNeighborhood:DynamicGeneralizedEuclideanDistance
ParticleDims:515
ParticleCount:100
AccP:2.0
AccG:2.0
AccL:1.5
AccI:2.3
Pos:0.0-3.0
Inertia:0.9-0.6
VeloMax:2.0
MaxPSOIteration:500
InertiaDecrFactor:6.000000000000001E-4
INIT
000000000000000000000
000000000000000000000
000000000000000000000
000000000000000000000
000000000000000000000
000000000000000000000
000000000000000000000
000000000000000000000
000000000000000000000
000000000000000000000
000000000010000000000
000000000000000000000
000000000000000000000
000000000000000000000
000000000000000000000
000000000000000000000
000000000000000000000
000000000000000000000
000000000000000000000
000000000000000000000
000000000000000000000
REF
000000000000000000000
000000000000000000000
000000000000000000000
000000000010000000000
000000000111000000000
000000001011100000000
000000011011110000000
000000101111111000000
000001100001111100000
000010110010101110000
000110111101110111000
000010110111111010000
000001111111111100000
000000101110101000000
000000011111110000000
000000001010100000000
000000000111000000000
000000000010000000000
000000000000000000000
000000000000000000000
000000000000000000000
Classic CPP Decoder
#
It:0:Diff:63:PSOStep:7:Time:0.118437537:s:AutomataStep:7:Transition:00110101110010010001011000010000111111110010110001001000000101000000000010110010011001010000000110010010011111100111101010111000001100100001010110011000000100010001000101110110100010000011100001100001000100100010101110110001011010000000110011000100110000110110010111110010100110000001100010000011111111100100110111000001010100100010100101000010001001001001000001100000000101110100111010010001011010001000111101011010001100010100011011110001000100110101000011000011000010101011100010000010111000111100100001011001
000000000000000000000
000000000000000000000
000000000000000000000
000000000010000000000
000000000111000000000
000000001011100000000
000000010010110000000
000000100001001000000
000001010110000100000
000010010001111110000
000101100111111001000
000000000100100010000
000000000001010000000
000000000000000000000
000000000000000000000
000000000000000000000
000000000000000000000
000000000000000000000
000000000000000000000
000000000000000000000
000000000000000000000
#
It:1:Diff:61:PSOStep:7:Time:0.278065863:s:AutomataStep:7:Transition:00100011111111101011010000100000110111101010100001001110100111010010101010010010100111011100000110111011011100100110001111111000101100000001100100001001110110111011101001100100100010010011010001001000011011111000110110000100111110010001100000001100110000111101111111101011010011001011101111100001010001110100100101010001001100011110101100001110100101111001010001110010101101110110011000100000111000011000110111001110011000101110111111000000011100011000000010000011000011001001110010011111111011110100101001011011
000000000000000000000
000000000000000000000
000000000000000000000
000000000010000000000
000000000110000000000
000000001001000000000
000000011010100000000
000000100011001000000
000001100101011000000
000010100001101110000
000110010000100101000
000001111010011011000
000000011111010001000
000000000111011010000
000000000001111001000
000000000000011100000
000000000000000111000
000000000000000011000
000000000000000000000
000000000000000000000
000000000000000000000
#
It:2:Diff:59:PSOStep:7:Time:0.465482531:s:AutomataStep:7:Transition:00100001111011010001110100101001010011101000100000111001101101100111101110001100110010100011010011100101111000111110010000110110001000111100010111100011110011101101101000001000101011011000010010001101110110011100110111000011111100111100010011011000110100101000111011011001011010101101010100111011000000010110100001111000000010110100001100111010101111110001111010101001000111000111111011110011001010110100110111100000001010000100111100010101110110001010000111101011010011100001000101001100011011101010100001001111
000000000000000000000
000000000000000000000
000000000000000000000
000000000010000000000
000000000100000000000
000000000011100000000
000000010111010000000
000000100110010000000
000000010101101100000
000010011100110100000
000100110100110100000
000010101010100100000
000001111100000100000
000000111111000100000
000000010101010100000
000000001111110010000
000000000000000100000
000000000000000001000
000000000000000000000
000000000000000000000
000000000000000000000
#
It:4:Diff:43:PSOStep:7:Time:0.64973612:s:AutomataStep:7:Transition:00110001100011110111011010111100100111101011111100001000010111100100101010100010000100001100010010110111001001110100000100111001100110010001100110010110100101010011101111110100100111111110011000000000110100101010011111010100001010000100000100001101111110000100011101011011010111000100101011110010111111101010010010010010010100000110111110011000010001011001000100010101010111110110111011010100101110101010111101101110011100000111111111110110010001010101110011011011101001101101001010010011011010010100110101011110
000000000000000000000
000000000000000000000
000000000000000000000
000000000010000000000
000000000011000000000
000000001010000000000
000000010001110000000
000000000101111000000
000000000110001100000
000010110000010100000
000100110001101101000
000011101110101010000
000001101101101100000
000000110101011000000
000000011011110000000
000000001100100000000
000000000111000000000
000000000010000000000
000000000000000000000
000000000000000000000
000000000000000000000
#
It:15:Diff:42:PSOStep:7:Time:1.620733952:s:AutomataStep:7:Transition:00110001110111110111001000110000111010101010111000001100010110100101100111100110001100001100000001011111111110110100010001111001110110010101111110110101100101010001101100110100100111111110011111100100110101101010011111010100111100000100000110101001111010000101011111111111010111000101101010110111110111011010000110001110001110100110100010011010010001111011001110110100010101110010101010010001101100101110001100101000001110110111011111111111111011010111010011011011111011111111001010010110011010000100110011001011
000000000000000000000
000000000000000000000
000000000000000000000
000000000010000000000
000000000101000000000
000000000010100000000
000000010010110000000
000000000110101000000
000001011011101100000
000010010000100110000
000100110000001111000
000011111011101010000
000001110010001100000
000000111101111000000
000000001100010000000
000000001110100000000
000000000111000000000
000000000010000000000
000000000000000000000
000000000000000000000
000000000000000000000
#
It:18:Diff:41:PSOStep:7:Time:1.862398003:s:AutomataStep:7:Transition:00100111011101110111011110111110101010100001110100100001000110100101110010101000111101001110010101111110111110100010110001101101110111010100110110110110110101100011010100110101110011001000110000100100010100101000111001010101101001001100110010101001111110000111110111001011111111100111001010110110111011101010001011001101100111110110100010011001110011011001000110110100110101010011011010110101011111100101111111110010101111100100011111101111111011010011110010111111110010111000100010100010010010100100100111111011
000000000000000000000
000000000000000000000
000000000000000000000
000000000010000000000
000000000111000000000
000000001010100000000
000000011001110000000
000000011111101000000
000000111100010100000
000000111011101010000
000000001110110001000
000000011111111110000
000000110010011100000
000000011100101000000
000000010110110000000
000000000001100000000
000000000111000000000
000000000010000000000
000000000000000000000
000000000000000000000
000000000000000000000
#
It:19:Diff:35:PSOStep:7:Time:1.951632816:s:AutomataStep:7:Transition:00110001111011111111111111011110110110111010111000101110011110100100110011100110001110001110011110111111111101100100001111111100110111111100110111011111100101110010011101110101110011111011100000000001111111111111111111010011101101001101110110101101111111110110010111001011101111100101111111110010011111000101000110011000011101111111110111011011010001011011011101111111111101110100111010110111101111001111111111111000101111111111011111111110010001010111010011101111111111111001011011111110011111101100100111111111
000000000000000000000
000000000000000000000
000000000000000000000
000000000010000000000
000000000111000000000
000000001010000000000
000000011111110000000
000000101001111000000
000001111101111100000
000010111011110000000
000111001110110111000
000010111100111100000
000001001111110100000
000000111110011000000
000000011100000000000
000000001011100000000
000000000111000000000
000000000010000000000
000000000000000000000
000000000000000000000
000000000000000000000
#
It:20:Diff:23:PSOStep:7:Time:2.036120206:s:AutomataStep:7:Transition:00110111111111111011011101111101111111100111111011110011011111100111111011101110111101001110100111111111111111111110111011111011110111110101111111111101110111100111011100101110110111111110111100100111111101111011111011110111101101111100110111111101111111110111011111101111111111000111101111111111111111100110100111111011101001110111111010001101011111011001111101110100111011110011111110111111101111001101111111110100111111110110111111111111101011111111110111011011101001101111001011111111010010011110110001111011
000000000000000000000
000000000000000000000
000000000000000000000
000000000010000000000
000000000111000000000
000000001111100000000
000000011111110000000
000000111111111000000
000001111111111100000
000011111111111110000
000111111111111111000
000011111111111110000
000001111111111100000
000000111111111000000
000000011111110000000
000000001111100000000
000000000111000000000
000000000010000000000
000000000000000000000
000000000000000000000
000000000000000000000
#
It:22:Diff:19:PSOStep:7:Time:2.190757164:s:AutomataStep:7:Transition:00100111111111111100011001110111111111100101111011110001111110100111111111101011111101001100100111111111111011101111111011111101110111110001100111111101110011100011111100101111110111101011101100100111101101111011001011110110101101111110111110101001111011110111011111101111111111001111101111111111110001100110101011110011110001111111111010001111011111111101111011110100101011010011111110111110111111001001111100000100111111111110101111111111101000111101111111011011111101101111001010110110111010111110100001111011
000000000000000000000
000000000000000000000
000000000000000000000
000000000010000000000
000000000111000000000
000000001011100000000
000000011111110000000
000000111111111000000
000001110111111100000
000010100010111010000
000111111111111111000
000011111111111110000
000001111111111100000
000000111111111000000
000000011111110000000
000000001111100000000
000000000111000000000
000000000010000000000
000000000000000000000
000000000000000000000
000000000000000000000
#
It:149:Diff:18:PSOStep:7:Time:11.776347491:s:AutomataStep:7:Transition:00100111111111111000011001110101111111100101011001110001111110100111111111101011111101001100100101011111111011101111111111111101110111111010000111111101110011100011111000101111111111101111101100100111101101111011001001110110100101100110111110101101111011010111010111101111100111001111101111111110110001100110101010110011111000101111110010001111011111111101111101110000000011011011111100111110111111000011110100000111110111111110101110011111101000111100111111011011111101101111111011110100111010111110100001111011
000000000000000000000
000000000000000000000
000000000000000000000
000000000010000000000
000000000111000000000
000000001011100000000
000000011111110000000
000000111111111000000
000001100111111100000
000010100010111010000
000111111111111111000
000011111111111110000
000001111111111100000
000000111111111000000
000000011111110000000
000000001111100000000
000000000111000000000
000000000010000000000
000000000000000000000
000000000000000000000
000000000000000000000
#
It:316:Diff:17:PSOStep:7:Time:24.397787468:s:AutomataStep:7:Transition:00100011111111111100011001110100111111100101011011110001111110100111111011101010111101001100100111011111111111101110111111111101110111111000110111111101110011100011111100101111110111101011101100100111101101111011001111110010101101001100111110111001111110110111011111101111111111001111101111111011110001100110101010110011100001101111110000001101011111111101111001110000101011111011111100111011111111001001110100000100111111111110111111011111101000111101111111011011101101101111101011110101110010011110110001111011
000000000000000000000
000000000000000000000
000000000000000000000
000000000010000000000
000000000111000000000
000000001011100000000
000000011111110000000
000000101111111000000
000001100111111100000
000010111010111010000
000111111111111111000
000011111111111110000
000001111111111100000
000000111111111000000
000000011111110000000
000000001111100000000
000000000111000000000
000000000010000000000
000000000000000000000
000000000000000000000
000000000000000000000
end
