PSO TRACE
INIT:../../instances/fazia/init.csv
REF:../../instances/fazia/asvn4.csv
DecodingPolicy:CPP
MutationPolicy:Null
ParticleNeighborhood:DynamicGeneralizedEuclideanDistance
ParticleDims:515
ParticleCount:100
AccP:2.0
AccG:2.0
AccL:1.5
AccI:2.3
Pos:0.0-3.0
Inertia:0.9-0.6
VeloMax:2.0
MaxPSOIteration:500
InertiaDecrFactor:6.000000000000001E-4
INIT
000000000000000000000
000000000000000000000
000000000000000000000
000000000000000000000
000000000000000000000
000000000000000000000
000000000000000000000
000000000000000000000
000000000000000000000
000000000000000000000
000000000010000000000
000000000000000000000
000000000000000000000
000000000000000000000
000000000000000000000
000000000000000000000
000000000000000000000
000000000000000000000
000000000000000000000
000000000000000000000
000000000000000000000
REF
000000000000000000000
000000000000000000000
000000000000000000000
000000000010000000000
000000000111000000000
000000001011100000000
000000011011110000000
000000101111111000000
000001100001111100000
000010110010101110000
000110111101110111000
000010110111111010000
000001111111111100000
000000101110101000000
000000011111110000000
000000001010100000000
000000000111000000000
000000000010000000000
000000000000000000000
000000000000000000000
000000000000000000000
Classic CPP Decoder
#
It:0:Diff:68:PSOStep:6:Time:0.127231729:s:AutomataStep:6:Transition:01110110111111100111111010100111110111111101011001101011110111010111011111111111011110011010110011010010110101010111010001101010111011001110010000000011011100010101000011100111110101011011100111111011001101110010010111010110101110001100001101101011111001110111110110001101100110111111101111011111111000110111111100101111000001011110001100101110110010001111111100000001011001010011011001010111101101111111111100111111000010001001011010100110000101101010110101111110110111001011110111000001101100011100100011101000
000000000000000000000
000000000000000000000
000000000000000000000
000000000000000000000
000011100110000000000
000011010001000000000
000010111011100000000
000011111111110000000
000010100111011000000
000011111110011100000
000010010111100010000
000001011110111000000
000000111000010000000
000000000011010000000
000000000111000000000
000000000100000000000
000000000010000000000
000000000000000000000
000000000000000000000
000000000000000000000
000000000000000000000
#
It:1:Diff:64:PSOStep:6:Time:0.317596736:s:AutomataStep:6:Transition:00101100101111100111111101101000010011111111000001001110110010000110011001111101011110111010000011000110101101111000000101111000111110001000010000010001001100010110110011000100010100000000110101101011100101111101010111100110001110111000101011100111001101110011000111010101110100110101100011001111001001000001110010101111001111011100110011101010110111001001011101101001011100000001011001011100110011010111100000111111000110011101001010000011000111011000110001111101111111101010101100010011001101000100011011001001
000000000000000000000
000000000000000000000
000000000000000000000
000000000000000000000
000000000000000010000
000000000000011000000
000000000011011100000
000000011111111000000
000000111001101000000
000001110011101000000
000011101011001000000
000001101101111000000
000000110110101000000
000000011000100000000
000000001111000000000
000000000110000000000
000000000010000000000
000000000000000000000
000000000000000000000
000000000000000000000
000000000000000000000
#
It:4:Diff:35:PSOStep:7:Time:0.738017135:s:AutomataStep:7:Transition:00110010111111101111101101111001101111110111001001001111110011110111011111111100011110100010000110010111111110111111011111111110111110010110010111011111111111110110110011010111111001101011110111101011010111111101111110110111101111101001111111111111110111110110100111011101011111111011001011011110111011101101110010101111001101011110110111011011110101011101011111111011011001010011010001101101100110110111100110011111101111101101001011111011001111011000010101111111111111101101110110111110001011101101011111001101
000000000000000000000
000000000000000000000
000000000000000000000
000000000010000000000
000000000111000000000
000000001010100000000
000000010111010000000
000000101110111000000
000001001111111100000
000011111111111010000
000101111111011011000
000010111101111110000
000001110111111000000
000000101101011000000
000000011100010000000
000000001100100000000
000000000111000000000
000000000010000000000
000000000000000000000
000000000000000000000
000000000000000000000
#
It:13:Diff:29:PSOStep:7:Time:1.608351369:s:AutomataStep:7:Transition:00110010111111101111101101111000100111110111001001001110111011110111011111111100011110110010100111010110111110111110010111111110111110010010010111011001111111110110110111011110111001101010110111101011110111110111111110010101001111101101111111111111100111110110110111001101101101101001110011010110111011001111110010001111001100011100101111011011110101011001011111111011011001010011010001101001110110110111100110011111101111101101001011111011001111111000010101111111111101111100110110111111000101101101011111001101
000000000000000000000
000000000000000000000
000000000000000000000
000000000010000000000
000000000111000000000
000000001011100000000
000000011110110000000
000000111001011000000
000001110111111000000
000010101011110010000
000110111001110111000
000001110011111010000
000000011111111000000
000000111111000000000
000000010111110000000
000000001000100000000
000000000111000000000
000000000010000000000
000000000000000000000
000000000000000000000
000000000000000000000
#
It:22:Diff:27:PSOStep:7:Time:2.355574679:s:AutomataStep:7:Transition:00110010111111101111101111011001111111111001001001011110111111110110111111111100111110101110000110010111111101011111011110111111111111110111010111011101111111011110101011110111111011100011110111110111111111111101110110110111001111101011011111101111010111110111100111011101111111101011011111111110111111111100011111001111011100011111110111111011110101100001011111111111011011010011010001111101101111111011100110011111101111111101101111111111001101110010010101101111110111101111110110101110011111101101011010111111
000000000000000000000
000000000000000000000
000000000000000000000
000000000010000000000
000000000111000000000
000000001011100000000
000000010111110000000
000000101111111000000
000001011101011100000
000011101010101110000
000111111011111111000
000011101111111110000
000001111110110100000
000000111011111000000
000000011101110000000
000000001111100000000
000000000111000000000
000000000010000000000
000000000000000000000
000000000000000000000
000000000000000000000
#
It:24:Diff:26:PSOStep:7:Time:2.53268285:s:AutomataStep:7:Transition:00110010111111111111101101111000101111110111010011011110110011110011111111111101111110100011000111110111111110111111000111111111111110011111010111101011111111011110110111010110110001100011111110110011111110011101010110000111101111111011011111111111100101110110100110010101101111101011000011110110111010101101110110001111001101111110100111111011111101110101011111101011011100010001010101101101110110110011101110011101111111101111101111111010101111111001010101111101111011101001110110111110001101111101011011001101
000000000000000000000
000000000000000000000
000000000000000000000
000000000010000000000
000000000111000000000
000000001011100000000
000000010111110000000
000000100111111000000
000001111010111100000
000010011110111110000
000111111011111111000
000010110111111010000
000001111101100100000
000000110011111000000
000000011110010000000
000000001000100000000
000000000111000000000
000000000010000000000
000000000000000000000
000000000000000000000
000000000000000000000
#
It:33:Diff:22:PSOStep:7:Time:3.282313154:s:AutomataStep:7:Transition:00110001111111111111101001111000101110111011011111010110011011110110101101111100111010100011000100110110111110111111011110111111111110011110010111110001111111111110110011011100110111100011111110010111110111111101010110000101111111111001011111011111000111110110100010011111000111111011011011011011111111001111110111101101010110011100101111110011110001010101011111111111011000011011010100111101110111011111101110011100111111111101110011111111111111111010010111111011111111111111110010011110000111111101011110011111
000000000000000000000
000000000000000000000
000000000000000000000
000000000010000000000
000000000101000000000
000000001011100000000
000000011101110000000
000000101101111000000
000001011011111100000
000010111000111110000
000111111111111111000
000011111001110010000
000001111111111100000
000000111111101000000
000000011111110000000
000000001110100000000
000000000111000000000
000000000010000000000
000000000000000000000
000000000000000000000
000000000000000000000
#
It:36:Diff:20:PSOStep:7:Time:3.518671117:s:AutomataStep:7:Transition:00110011111110101111101111101000101010110111011111010000110011110111001111111101111000100010101101110110111111111111001010111101110010110010110001001001111111111100110111010110101111101111111111101111010111110101111110101011101111111100111111111110000110110111100011010111100110111111111011110111111111111111110110101101011111111110101111110011110110010001001111111101111000011101011001111110100101111010101000011110101111101101011111011010111111111001010111111011110111111101110010011111001100111101011011001101
000000000000000000000
000000000000000000000
000000000000000000000
000000000010000000000
000000000111000000000
000000001011100000000
000000010001110000000
000000101111111000000
000001000110111100000
000010111001101110000
000111111001111111000
000011010101110010000
000001111011011100000
000000111110101000000
000000011111110000000
000000001010100000000
000000000101000000000
000000000010000000000
000000000000000000000
000000000000000000000
000000000000000000000
#
It:61:Diff:19:PSOStep:7:Time:5.540001917:s:AutomataStep:7:Transition:00110011111110101111101111111000101110110001011101010011111011110111011011111101111010110010100101110110111111010111011110111111100110110010011001011001111111111000100111011100100111101111111110100111010101110101110110101001111111101110111111111110000010110110110010000101000100111011011011111111101111101111110110101111011101111100101111110011110110010001001111111011111001011111011001111101100100010001101110011110101111100101011111011110011111111000010111011011111011101101110010010111001100111101011010011101
000000000000000000000
000000000000000000000
000000000000000000000
000000000010000000000
000000000111000000000
000000001011100000000
000000011111110000000
000000101111111000000
000001111101111100000
000010111100111110000
000111011101110111000
000011111010110010000
000001111111011100000
000000110110101000000
000000011111110000000
000000001010100000000
000000000101000000000
000000000010000000000
000000000000000000000
000000000000000000000
000000000000000000000
#
It:136:Diff:17:PSOStep:7:Time:11.50099153:s:AutomataStep:7:Transition:00110011101111101111101100111000111111111011011111100010111011110011011011111100111110111011101100110110111110110011011110111111101111110110011001001001111101111110101111011101111101101111111111101111011111111001111110111101110111111110111111111111000011110100110111010111101110111011011011011111101011101110010111101111011111111110111111110011110111010111011111111111111101011101001001111110100111110010101110011111101111111101011111111011111111111000010111111011111111101111111010011111011001111101011111011111
000000000000000000000
000000000000000000000
000000000000000000000
000000000010000000000
000000000111000000000
000000001011100000000
000000011111110000000
000000101110111000000
000001111101111100000
000010110011101110000
000111111111011111000
000011101111111010000
000001111111111100000
000000111111101000000
000000011111110000000
000000001100100000000
000000000111000000000
000000000010000000000
000000000000000000000
000000000000000000000
000000000000000000000
#
It:234:Diff:16:PSOStep:7:Time:19.63580296:s:AutomataStep:7:Transition:00110111111111101111111100101000111011110111011111010010111011110011011011111100111110111011001111110111111111110011011110111111101110110010000001011011111101111110101111011101111111101111101111110111011111111001111110111110111111111011101111111111010011110100110111011111100110101111111111011111111111101110010110101111010111111110111111110011111111011101001111101111111101011111011001111111100111110000101110011101101111111101011111101011111111111001010111111111111111111010110110111111011001111101011011001101
000000000000000000000
000000000000000000000
000000000000000000000
000000000010000000000
000000000111000000000
000000001011100000000
000000011111110000000
000000101011111000000
000001111111111100000
000010110010111110000
000110111011110111000
000011110111011010000
000001111110011100000
000000111111101000000
000000011111110000000
000000001110100000000
000000000111000000000
000000000010000000000
000000000000000000000
000000000000000000000
000000000000000000000
#
It:298:Diff:13:PSOStep:7:Time:24.807903267:s:AutomataStep:7:Transition:00110111111110101101111101001000101011111101111111100000110011110111011111111101110110111011000111110110111111110011001110111110111110011001100100101011111111011110101111111111111111101011101110101111011111111101110010110011100111111001100110111111000011110110100111010111000110101111011011000111101011101101010110011111101110101100111111110010111111010001011111111111111001011111011000110101100101100011100100011011101111110110010111111111111111111010010101111111111111101001110111111111011101111101011010011111
000000000000000000000
000000000000000000000
000000000000000000000
000000000010000000000
000000000111000000000
000000001011100000000
000000011011110000000
000000101101111000000
000001101001111100000
000010111111111110000
000110111101010011000
000011110111111010000
000001111111011100000
000000111110101000000
000000011110110000000
000000001110100000000
000000000111000000000
000000000010000000000
000000000000000000000
000000000000000000000
000000000000000000000
#
It:364:Diff:11:PSOStep:7:Time:29.816999913:s:AutomataStep:7:Transition:00110010111111101111101111111000111011110111110111010011110011110111011011001101100110111011000110111110111111011110001010111011110011110010111111011111111111111110101111110111110111101011111111101111011111111111110010111111101011111001101011101100011011110110110111010111011100101001011011011111111011100111110100011100011110101010111111111011111111010101011101111011110001111111011000110111100111101001101110111111101111011111011111111110111111111010110101111111111111111101110111110111011101111101011110111111
000000000000000000000
000000000000000000000
000000000000000000000
000000000010000000000
000000000111000000000
000000001011100000000
000000011011110000000
000000101111111000000
000001101011111100000
000010101111111110000
000110111111111111000
000010111111111010000
000001111111111100000
000000101111101000000
000000011111110000000
000000001010100000000
000000000111000000000
000000000010000000000
000000000000000000000
000000000000000000000
000000000000000000000
#
It:459:Diff:10:PSOStep:7:Time:37.073954168:s:AutomataStep:7:Transition:00100011111111101111001101011000111011110101111010010010110011010111011011001101101110111011000111110110111111010110011110111011111011000011110111011111111111111110101111110111111111101011111111101111011111111111110010111111100011111001101001101110011011110100110111010111001100101101011011011111101111101101100100111100111110001010111111111011110111010101011111010111100101111111011001110111100111100001101110111111100110111111011011111111111111111000110001111111111111111101100111110111011001111101011110111111
000000000000000000000
000000000000000000000
000000000000000000000
000000000010000000000
000000000111000000000
000000001011100000000
000000011011110000000
000000101111111000000
000001101011111100000
000010111111111110000
000110111111111111000
000010111111111010000
000001111111111100000
000000101111101000000
000000011111110000000
000000001010100000000
000000000111000000000
000000000010000000000
000000000000000000000
000000000000000000000
000000000000000000000
end
