PSO TRACE
INIT:../../instances/fazia/init.csv
REF:../../instances/fazia/asvn4.csv
DecodingPolicy:CPP
MutationPolicy:Null
ParticleNeighborhood:DynamicGeneralizedEuclideanDistance
ParticleDims:515
ParticleCount:100
AccP:2.0
AccG:2.0
AccL:1.5
AccI:2.3
Pos:0.0-3.0
Inertia:0.9-0.6
VeloMax:2.0
MaxPSOIteration:500
InertiaDecrFactor:6.000000000000001E-4
INIT
000000000000000000000
000000000000000000000
000000000000000000000
000000000000000000000
000000000000000000000
000000000000000000000
000000000000000000000
000000000000000000000
000000000000000000000
000000000000000000000
000000000010000000000
000000000000000000000
000000000000000000000
000000000000000000000
000000000000000000000
000000000000000000000
000000000000000000000
000000000000000000000
000000000000000000000
000000000000000000000
000000000000000000000
REF
000000000000000000000
000000000000000000000
000000000000000000000
000000000010000000000
000000000111000000000
000000001011100000000
000000011011110000000
000000101111111000000
000001100001111100000
000010110010101110000
000110111101110111000
000010110111111010000
000001111111111100000
000000101110101000000
000000011111110000000
000000001010100000000
000000000111000000000
000000000010000000000
000000000000000000000
000000000000000000000
000000000000000000000
Classic CPP Decoder
#
It:0:Diff:64:PSOStep:7:Time:0.130926999:s:AutomataStep:7:Transition:00110110011101111110101111001001001110101111011111101001101011010011110110101101110011001001001001100010101101001001000011100001010110110111010111101010010111101010111101000101100111111101110011011110011011101110001110101101100110111011100011110010111010111100100110011001011101010100110100011001001101111100101101011111111101100110011110111111100111111101100001101110101001110000011010001111111101110111001101010011111110001111110111010110011111100110011111011110010111001001110110110111101110111100001110000111
000000000000000000000
000000000000000000000
000000000000000000000
000000000010000000000
000000000111000000000
000000001011100000000
000000011111100000000
000000110110100000000
000001100101001000000
000010101110000100000
000011011111111000000
000000011001111010000
000000011000100110000
000000001000101100000
000000001100001110000
000000000001011110000
000000000000000010000
000000000000000001000
000000000000000000000
000000000000000000000
000000000000000000000
#
It:1:Diff:59:PSOStep:7:Time:0.290157009:s:AutomataStep:7:Transition:00110100101000111100111010111110111111101111010110101001101100010000100111001010111011111000000001100010011001001001101100100000010101011001010101001110000111011000100111110101000001110001000011111011011111101010010110111000100100011011100111100000000110110001110001001010101101010110001000101010001110011010000010000101001011000101001010011010100100111110001101111111111000101011011011010011001101111111101011110010101010011000110111000000000100100000111010011100010010101101010010110010100000111100000110000010
000000000000000000000
000000000000000000000
000000000000000000000
000000000010000000000
000000000111000000000
000000001110100000000
000000001100110000000
000000110011111000000
000001011010100100000
000011110001100110000
000111110010001001000
000000001000000010000
000000111101000100000
000000001001101000000
000000000011110000000
000000000001100000000
000000000000000000000
000000000000000000000
000000000000000000000
000000000000000000000
000000000000000000000
#
It:4:Diff:58:PSOStep:7:Time:0.67848141:s:AutomataStep:7:Transition:00100100100000110101110000011010101111101111010101101001111100010010100011001000111011111000000001010010011001001001101000100000010001010001110111001010000011011000111111110101000001110000000011001011001111011010010110101000100000011010100111100000000000110000110001001010001101010110001000101010001100011010000000000101001011101001101000001010000000111110001101101111110011101011011011000011001101111010101011010010101010011100100111000000001100110000001010001100010010001101010010110010100000111100000110000010
000000000000000000000
000000000000000000000
000000000000000000000
000000000010000000000
000000000011000000000
000000000010100000000
000000001101110000000
000000000100001000000
000001000101011100000
000010100000100010000
000101011111010101000
000001110100001000000
000000000001010000000
000000000011100000000
000000000011000000000
000000000000000000000
000000000000000000000
000000000000000000000
000000000000000000000
000000000000000000000
000000000000000000000
#
It:6:Diff:52:PSOStep:7:Time:0.861902921:s:AutomataStep:7:Transition:00111100111010111100111110111011111011111111111111111011111110010111110011011110111011111110010011111111111101101011111110111010111011101111111111111110010111111001111111110101100101111101110111011111011111101010010111111111110101111011100111111111100011110101111111011010111101011111111101111111001110011011011110110101111111010111101011111011100110111111101101110111111011111111111111111110111111111111111111111111111010011011101111010010111111101110111011011111111111111111110111111011100000110101010111110011
000000000000000000000
000000000000000000000
000000000000000000000
000000000011111111000
000000000101110111000
000000001011110110000
000000010111111110000
000000011111111110000
000001001011111100000
000010100101111100000
000110001110010100000
000011101110111000000
000001111110111000000
000000111110100000000
000000011111110000000
000000001111100000000
000000000111000000000
000000000010000000000
000000000000000000000
000000000000000000000
000000000000000000000
#
It:8:Diff:47:PSOStep:7:Time:1.079193017:s:AutomataStep:7:Transition:00110101100110111100101010011111101111101110010111101011111111010101111111111101011111111101110111011111111111101001101010011010010110111101111101110110001111111000111111110111000101101111111101111111111111111100111111111111111111011110101111111111111111110101111111011110111100011111011001111011111111011010001110111101101111111111001101111011100110111110101111111111111000111101111111111101110111011111111111111111111011011011100111011011011111101110111010011101011101011101110111111111100101111101011111110111
000000000000000000000
000000000000000000000
000000000000000000000
000000000010000000000
000000000111000000000
000000001111100000000
000000011101010000000
000000111111111000000
000001111111110100000
000011111111001110000
000111111111111101000
000001110011111110000
000000011111000100000
000000000101110000000
000000000001000000000
000000000000000000000
000000000000000000000
000000000000000000000
000000000000000000000
000000000000000000000
000000000000000000000
#
It:9:Diff:22:PSOStep:7:Time:1.174314748:s:AutomataStep:7:Transition:00110100101111111111101110111111101111101110010111101011101111110111101111011111111011111101110011011110111111101001101010101001110110111111111101111110011111111000111111110101010101111011110111111111011111101011110110111111111111010110101111111100111111110111111111111011111101011111011101111011101110111011111110111111101111110111001111111011110110111111101111111111111110111101111111011111111111111111011111111111111010001110111111011010111111100111111010101111011111111101110111111011111001110101010111011111
000000000000000000000
000000000000000000000
000000000000000000000
000000000010000000000
000000000111000000000
000000001011100000000
000000010101110000000
000000100111111000000
000001010111111100000
000010111111111110000
000111111111011111000
000010010111111110000
000001111111111100000
000000101111111000000
000000011111110000000
000000001111100000000
000000000111000000000
000000000010000000000
000000000000000000000
000000000000000000000
000000000000000000000
#
It:26:Diff:16:PSOStep:7:Time:2.604898754:s:AutomataStep:7:Transition:00110100101111111101101110111111101111101110010111101011101101110111100111011111111011111101100011111111011111001011111110111011100010111111111101110110011111111000111111110101010101111011110111111111011110011010110111111111111111010110101111101100110110110101111111111010111101010111011100111110001111111011101110111101001111110101001010101011010110111111101101111111111110111111111111111010011101111111011111111111111010001110111111011010111111110111111010101111011100111101111111111111111001110101010111001111
000000000000000000000
000000000000000000000
000000000000000000000
000000000010000000000
000000000111000000000
000000001011100000000
000000011111110000000
000000101111111000000
000001111101011100000
000010110010111110000
000111010111111111000
000010111111111010000
000001110110111100000
000000101111101000000
000000011111110000000
000000001110100000000
000000000111000000000
000000000010000000000
000000000000000000000
000000000000000000000
000000000000000000000
#
It:129:Diff:12:PSOStep:7:Time:10.45191469:s:AutomataStep:7:Transition:00110100101111111110101100011111101111101110010111101011101101110111100111001011111011111001101001111010011111001011101110111010100000101111111100110010011111111000111111110111011101101011111101111111011111011010110110111101111111000110101111111100110110110101111111111010111101010111011100111111001100101011101110000111101111100101001011111010110110111111101101111111111010111001011111011101011101111011111111111111111010011000111111011010011111111011111010111111011100111101111111111011111001110101010111011111
000000000000000000000
000000000000000000000
000000000000000000000
000000000010000000000
000000000111000000000
000000001011100000000
000000011011110000000
000000101111111000000
000001101111111100000
000010111111111110000
000110111111111111000
000010111111111010000
000001111111111100000
000000001110101000000
000000011011110000000
000000001010100000000
000000000111000000000
000000000010000000000
000000000000000000000
000000000000000000000
000000000000000000000
#
It:246:Diff:11:PSOStep:7:Time:19.379984653:s:AutomataStep:7:Transition:00110111111111111111100100111111101111101100010111100011101101110111111111001000111011111001100011111110011111001001111110101010101010101111111111110111011111011000111111110111011101111011111110111111011111111010110111111101111111100110101111111100110110110111111111111110011101010111011111111111001110101011101110010111101111110111101011101011101110111111111101101111111010111111011110011011011101111011111111111111111010001110111110011010111111111111111010111111011100011101111111111010110101110101011111111111
000000000000000000000
000000000000000000000
000000000000000000000
000000000010000000000
000000000111000000000
000000001011100000000
000000011011110000000
000000101111111000000
000001101111111100000
000010111111111110000
000110111111111111000
000010111111111010000
000001111111111100000
000000101110101000000
000000011011110000000
000000001010100000000
000000000111000000000
000000000010000000000
000000000000000000000
000000000000000000000
000000000000000000000
#
It:409:Diff:10:PSOStep:7:Time:32.132107178:s:AutomataStep:7:Transition:00100111101111111111100100111110101111101100010111100011101100110011110111001000111011111001100011011110001101001001111110110011101010101111111111110111011111011100111111110101011101111011000110111111011111001010110111111101111111100110101111111100111010110111111111111010111101010111011111110111101100111011101110010111101111110111001011101001100110111111111101101111111010111101011110011001011101111011111111111011111010011110111110011010111111111011111010111111011100011101111111111010111101110101010111111111
000000000000000000000
000000000000000000000
000000000000000000000
000000000010000000000
000000000111000000000
000000001011100000000
000000011011110000000
000000101111111000000
000001101101111100000
000010111111111110000
000110111111111111000
000010111111111010000
000001111111111100000
000000101110101000000
000000011011110000000
000000001010100000000
000000000111000000000
000000000010000000000
000000000000000000000
000000000000000000000
000000000000000000000
end
