PSO TRACE
INIT:../../instances/fazia/init.csv
REF:../../instances/fazia/asvn2.csv
DecodingPolicy:CPP2:CDLE2
MutationPolicy:Repr
ParticleNeighborhood:Fixed
ParticleDims:515
ParticleCount:100
AccP:2.0
AccG:2.0
AccL:1.5
AccI:2.3
Pos:0.0-3.0
Inertia:0.9-0.6
VeloMax:2.0
MaxPSOIteration:500
InertiaDecrFactor:6.000000000000001E-4
INIT
000000000000000000000
000000000000000000000
000000000000000000000
000000000000000000000
000000000000000000000
000000000000000000000
000000000000000000000
000000000000000000000
000000000000000000000
000000000000000000000
000000000010000000000
000000000000000000000
000000000000000000000
000000000000000000000
000000000000000000000
000000000000000000000
000000000000000000000
000000000000000000000
000000000000000000000
000000000000000000000
000000000000000000000
REF
000000000000000000000
000000000000000000000
000000000000000000000
000000000010000000000
000000000101000000000
000000001000100000000
000000010100010000000
000000100010001000000
000001010001000100000
000010001010101010000
000100010001000101000
000010001000100010000
000001000100010100000
000000100010001000000
000000010001010000000
000000001000100000000
000000000101000000000
000000000010000000000
000000000000000000000
000000000000000000000
000000000000000000000
Classic CPP Decoder
0 :1,2,3,4,
1 :0,2,3,4,
2 :0,1,3,4,
3 :0,1,2,4,
4 :0,1,2,3,
5 :6,7,8,9,
6 :5,7,8,9,
7 :5,6,8,9,
8 :5,6,7,9,
9 :5,6,7,8,
10 :11,12,13,14,
11 :10,12,13,14,
12 :10,11,13,14,
13 :10,11,12,14,
14 :10,11,12,13,
15 :16,17,18,19,
16 :15,17,18,19,
17 :15,16,18,19,
18 :15,16,17,19,
19 :15,16,17,18,
20 :21,22,23,24,
21 :20,22,23,24,
22 :20,21,23,24,
23 :20,21,22,24,
24 :20,21,22,23,
25 :26,27,28,29,
26 :25,27,28,29,
27 :25,26,28,29,
28 :25,26,27,29,
29 :25,26,27,28,
30 :31,32,33,34,
31 :30,32,33,34,
32 :30,31,33,34,
33 :30,31,32,34,
34 :30,31,32,33,
35 :36,37,38,39,
36 :35,37,38,39,
37 :35,36,38,39,
38 :35,36,37,39,
39 :35,36,37,38,
40 :41,42,43,44,
41 :40,42,43,44,
42 :40,41,43,44,
43 :40,41,42,44,
44 :40,41,42,43,
45 :46,47,48,49,
46 :45,47,48,49,
47 :45,46,48,49,
48 :45,46,47,49,
49 :45,46,47,48,
50 :51,52,53,54,
51 :50,52,53,54,
52 :50,51,53,54,
53 :50,51,52,54,
54 :50,51,52,53,
55 :56,57,58,59,
56 :55,57,58,59,
57 :55,56,58,59,
58 :55,56,57,59,
59 :55,56,57,58,
60 :61,62,63,64,
61 :60,62,63,64,
62 :60,61,63,64,
63 :60,61,62,64,
64 :60,61,62,63,
65 :66,67,68,69,
66 :65,67,68,69,
67 :65,66,68,69,
68 :65,66,67,69,
69 :65,66,67,68,
70 :71,72,73,74,
71 :70,72,73,74,
72 :70,71,73,74,
73 :70,71,72,74,
74 :70,71,72,73,
75 :76,77,78,79,
76 :75,77,78,79,
77 :75,76,78,79,
78 :75,76,77,79,
79 :75,76,77,78,
80 :81,82,83,84,
81 :80,82,83,84,
82 :80,81,83,84,
83 :80,81,82,84,
84 :80,81,82,83,
85 :86,87,88,89,
86 :85,87,88,89,
87 :85,86,88,89,
88 :85,86,87,89,
89 :85,86,87,88,
90 :91,92,93,94,
91 :90,92,93,94,
92 :90,91,93,94,
93 :90,91,92,94,
94 :90,91,92,93,
95 :96,97,98,99,
96 :95,97,98,99,
97 :95,96,98,99,
98 :95,96,97,99,
99 :95,96,97,98,
#
It:0:Diff:44:PSOStep:3:Time:7.830751716:s:AutomataStep:3:Transition:00010100101010100011001000011110001001101001101100001100000101100000101101100010101001101000011011011001001011000010000100011100010010001011000110000110000111000101111000000001010000110011011100010010100100100000011010100111001011110010010011000001100000100000001000001111000110000101100000000011110110010100001001000011101000100010000001010001110111000011111110010000000000100000011101001101100010110010001001011000011101010100100110111001000010001001010010100000101100001110000000100110101111101001110000111100
000000000000000000000
000000000000000000000
000000000000000000000
000000000000000000000
000000000000000000000
000000000000000000000
000000000000000000000
000000000000000000000
000000000000000000000
000000000000000000000
000000010000000000000
000000000000000000000
000000000000000000000
000000000000000000000
000000000000000000000
000000000000000000000
000000000000000000000
000000000000000000000
000000000000000000000
000000000000000000000
000000000000000000000
#
It:1:Diff:44:PSOStep:3:Time:9.678791878:s:AutomataStep:3:Transition:00010100101010100011101000011010010101100001111101001110100101110100101101100010100001101010011011111001001111000011001100011100000011000011000110010110000111000011100001000001010000110011001100100010100101100000011011100111001011110010010011000101100000100000001010001111000110000101100000000011110110010000001001000011101100100010000011010101110111000011111111110000001000100010100100001101100010110010001001001100011111000000100110110001100110001001010010110100101100001110000000110110001111101001110000111100
000000000000000000000
000000000000000000000
000000000000000000000
000000000000000000000
000000000000000000000
000000000000000000000
000000000000000000000
000000000000000000000
000000000000000000000
000000000000000000000
000000010000000000000
000000000000000000000
000000000000000000000
000000000000000000000
000000000000000000000
000000000000000000000
000000000000000000000
000000000000000000000
000000000000000000000
000000000000000000000
000000000000000000000
#
It:3:Diff:43:PSOStep:7:Time:12.533386336:s:AutomataStep:7:Transition:00000011011001110010001000011100111001101011000110000101110000000000110000001001110111000101101001000001001110000101001100001000101111001000111011010100001111001111010100100100100001101011101000111110111001111010101000101010000011001101000010001101111101000000011100011101110011000001000101011001100000001000110111101000000010100110001000001001101010011011011101001010001011010111101100111110100110100100100001101101100110000101100001000011110010011010011010011110001000000000101000100000110110110111100100001111
000000000000000000000
000000000000000000000
000000000000000000000
000000000000000000000
000000000000000000000
000000000000000000000
000000000000000000000
000000000000000000000
000000000000000000000
000000000000101000000
000000000011011101000
000000001100010010000
000000000101000100000
000000000000111000000
000000000010010000000
000000000011100000000
000000000011000000000
000000000010000000000
000000000000000000000
000000000000000000000
000000000000000000000
#
It:4:Diff:42:PSOStep:7:Time:14.094584097:s:AutomataStep:7:Transition:00000011011001111000001001011100111001111110000010010101110000000100110000001101110111000101100001000101001110010101001100001000101111001100111011010100011111001110010100100110100001101011101010111101111001111011100110101010000011001101000000101101011101000000111100011100110011011001000101011001101000101100110111101000000010101111001000001000101010011111011101001010101011010111001000111110111110100100110001101111100110000111100001000011110010111010011010011110001000000000101000111000110110110111100100011111
000000000000000000000
000000000000000000000
000000000000000000000
000000000000000000000
000000000000000000000
000000000000000000000
000000000000000000000
000000000000000000000
000000000000000000000
000000000000000010000
000000000001010111000
000000000100000010000
000000000000001100000
000000000011111000000
000000000001110000000
000000000100100000000
000000000011000000000
000000000010000000000
000000000000000000000
000000000000000000000
000000000000000000000
#
It:12:Diff:39:PSOStep:3:Time:26.440103565:s:AutomataStep:3:Transition:00110011110000110000001001001100111000101011000010000100110000100000110000001101110111000101100011000101001110000101001100001000101111001000111011010100011111001110010100100100100001100011100010111100110101100010101100101010000011001101000000101101010000000000111110011100100011000001100101010001101000001100000111001000000010100111001000001000101010001111011101001000001001010011001000011110100110100100100000101111111110000011100000010011110010011010001010011100001000000000100000100000110110110101100100001110
000000000000000000000
000000000000000000000
000000000000000000000
000000000000000000000
000000000000000000000
000000000000000000000
000000000000000000000
000000000010000000000
000000000101000000000
000000001000100000000
000000011001010000000
000000001000100000000
000000000101000000000
000000000010000000000
000000000000000000000
000000000000000000000
000000000000000000000
000000000000000000000
000000000000000000000
000000000000000000000
000000000000000000000
#
It:13:Diff:37:PSOStep:7:Time:27.74447178:s:AutomataStep:7:Transition:00110011111001100000000000011000100000100010000010010100111010000000110000101001010111000001010000000001110100000110001101001000000110000000010011010000000111101010100000101000000000100001001010001001111001010110100100101010000010101001000000000000010000000000101110001100010010001000000100010101101000001110010110001000000000000110011000000010000010010111001100011100101101010010011000011110101110000100011101111110010111000010001110000011000010000010000000001000001001000011000110010001010010110100110100001001
000000000000000000000
000000000000000000000
000000000000000000000
000000000010000000000
000000000101000000000
000000000001100000000
000000000000000000000
000000000000011000000
000000001101100100000
000010000011001010000
000100000100000101000
000000001000000000000
000000000000000000000
000000000000000000000
000000000000000000000
000000000000000000000
000000000000000000000
000000000000000000000
000000000000000000000
000000000000000000000
000000000000000000000
#
It:28:Diff:34:PSOStep:7:Time:49.124316195:s:AutomataStep:7:Transition:00100011100000001000000000001000000000000000000010011100101001000000000101001001100011000101001010111001110010000110001101001100101100001010101001000100100001010010100000000000010001001001101010011011100001010010100000100110000011110011000000100100000001000001111000001110001100001000000001010001001010101100100010000001000000000000001000000001110110000111000110011100000101010001001100111010101100000000101000111100000100001011101100000011110011000010010000001000000000000000000110010000010000100100100000001101
000000000000000000000
000000000000000000000
000000000000000000000
000000000010000000000
000000000110000000000
000000000010000000000
000000001000000000000
000000101010000000000
000001010000000000000
000000000010000000000
000101110000000000000
000010001000000000000
000001010100000000000
000000100000000000000
000000010000000000000
000000001000000000000
000000000100000000000
000000000010000000000
000000000000000000000
000000000000000000000
000000000000000000000
#
It:35:Diff:32:PSOStep:7:Time:58.806148465:s:AutomataStep:7:Transition:00110000111110000001000000001100111100000000001100001100000011100001100111111000100010101001000110011110010111000111010001011100100010001110111111000101100011001000000001000001111101011101101110010011100011110000010010101110000001110110100011110010000011100101011010001000100100100101100001000011100100000001000110000001100110000011010000110111100011000011111011011100011100011001001000001011101101100011101001011110000100111011001101100001011010010011111000101000000000000110000100001100000000001001100101001110
000000000000000000000
000000000000000000000
000000000000000000000
000000000010000000000
000000000101000000000
000000001100100000000
000000010111010000000
000000111100001000000
000001000110010100000
000011101000000010000
000100010101000101000
000010011000100110000
000001001010110100000
000000100100110000000
000000010100010000000
000000001000000000000
000000000101000000000
000000000010000000000
000000000000000000000
000000000000000000000
000000000000000000000
#
It:37:Diff:21:PSOStep:7:Time:61.784378715:s:AutomataStep:7:Transition:00100000101110100000001000001000111000000000100100000100001111100001100111010001100001100010000000101110100100000111011001001000111010001100111101000010100111001000000001000000101011101111100001010011100001010010010100101110000001100001000011000001101001100001011000001110001000100000111001000010001010100010000000101001000000000001000000111011011110010100110111011000101000010001001101001010000000100001100000000111010111100010000000100001100010000010001000100000001000000000010100000000100001000001100001001110
000000000000000000000
000000000000000000000
000000000000000000000
000000000010000000000
000000000101000000000
000000001000100000000
000000011000010000000
000000101010001000000
000001000001100100000
000010100010110010000
000100110100110001000
000010001000000010000
000001000000000100000
000000100010111000000
000000010011010000000
000000001000100000000
000000000101000000000
000000000010000000000
000000000000000000000
000000000000000000000
000000000000000000000
#
It:48:Diff:20:PSOStep:7:Time:78.178877582:s:AutomataStep:7:Transition:00100000101110100000000000001000111000000000100101000100010110100001100111110101100000100010100101101010100111000110000001001100111010001000111101000111100110001000000001000000100000101101001001011001110101110010000000101110000111010000001011100101100001100000111000001110001000100000011000100011000010000110001110000000000000000001000000111011011010010000110110001000101000010001001101001001000000100101000000001000010111000010001000000001100010010010000000100000101010100010110100000000100001010101100001011110
000000000000000000000
000000000000000000000
000000000000000000000
000000000010000000000
000000000101000000000
000000001000100000000
000000010000010000000
000000100000001000000
000001010001100100000
000010101001110010000
000100111010000001000
000010001010000010000
000001000101010100000
000000100000111000000
000000010000010000000
000000001000100000000
000000000101000000000
000000000010000000000
000000000000000000000
000000000000000000000
000000000000000000000
#
It:86:Diff:19:PSOStep:7:Time:132.82520621:s:AutomataStep:7:Transition:00100101111110000000001000000000101101001100011100001000001100100110101111010101101100111000000001101011001000000110111001011100111011001101110001000010110101101000000000100100110001101000101010010000110010110000100100101110001101100001011011010101000000000010111000001110000000110010100001001010100110000000001000000010001010000001000100010011001100110100011110001000100010010000001111011010001110001000010001101101110111010000000011000000010101110010000001100001001001001101000100100010000001110100000101001111
000000000000000000000
000000000000000000000
000000000000000000000
000000000010000000000
000000000101000000000
000000001010100000000
000000010101010000000
000000101010101000000
000001010101010100000
000010101010101010000
000101010101010101000
000010101010101010000
000001010101010100000
000000101010101000000
000000010101010000000
000000001010100000000
000000000101000000000
000000000010000000000
000000000000000000000
000000000000000000000
000000000000000000000
#
It:89:Diff:19:PSOStep:7:Time:137.424428663:s:AutomataStep:7:Transition:00100010101110000000101000001000111100000100011100011001000101100100001101010101101000111000000001101011000100000010111001101100111010001101100001000010110101101000000000100000000001101100101010010000010000111000100100101010001001000001011001000101000001010001010000001101000000110010101010000010000000000000001001000010001000000001000100010001001100110100010110001010100010010001010111001000001110000000110001001100110110010000000010000000010111110010000000100000101000001000000100100000000001100100000101001111
000000000000000000000
000000000000000000000
000000000000000000000
000000000010000000000
000000000101000000000
000000001010100000000
000000010101010000000
000000101010101000000
000001010101010100000
000010101010101010000
000101010101010101000
000010101010101010000
000001010101010100000
000000101010101000000
000000010101010000000
000000001010100000000
000000000101000000000
000000000010000000000
000000000000000000000
000000000000000000000
000000000000000000000
#
It:106:Diff:17:PSOStep:7:Time:162.084524775:s:AutomataStep:7:Transition:00100011111100000000101000000000111101000100011100001001000100100110001111010101101000111000000011101011000000000110111001011100111011001101110001000000110101101000000000000100101001101001101010010000110010110000100100101110101101100001011011000101000000010001001000001100000000110010101001000010000100000000001000000010001100000001000100010101001100110100010110001000100010010000001111011001001110000000100001101100110111010000000000000000000101110010000000100000001000011101000100100000000001100100100101001111
000000000000000000000
000000000000000000000
000000000000000000000
000000000010000000000
000000000101000000000
000000001000100000000
000000010000010000000
000000100010001000000
000001001001000100000
000010000111100010000
000100000101001001000
000010001000010010000
000001000000010100000
000000100111001000000
000000010000010000000
000000001000100000000
000000000101000000000
000000000010000000000
000000000000000000000
000000000000000000000
000000000000000000000
#
It:117:Diff:14:PSOStep:7:Time:177.98041672:s:AutomataStep:7:Transition:00100010111000100000001000001000101111001100011000011001000000000010001111100101101000011010001001111000011010100000001101101100111011001100111001000000100111101010000000000111000001001001101010011000110010011000100100101010001011000001010001010101000000100001011000001001000000000000001000000010100000000000001001000010001000000001000110000001011100111000010100001001100010110101000101011000001110110100100001101100111110110010101000000001000101010010000001101000001101001000000100000000000101100000000101001111
000000000000000000000
000000000000000000000
000000000000000000000
000000000010000000000
000000000101000000000
000000001000100000000
000000010101010000000
000000100010101000000
000001010100010100000
000010001010101010000
000100010101010001000
000010000010101010000
000001000001010100000
000000100010101000000
000000010001010000000
000000001000100000000
000000000101000000000
000000000010000000000
000000000000000000000
000000000000000000000
000000000000000000000
#
It:320:Diff:14:PSOStep:7:Time:490.652886503:s:AutomataStep:7:Transition:00100010101000100000001000001000111111001100011000001001000000000010000111100101100000011010001001111000011010000000001101101100111011001100111001000000100101101010000000000111000001001001100010011000110010011000100100101010001001000001011001000101000000000001011100001001000000000000001000000010100010000000011001000010001000100001000110000011001100110000010111011001101010110101000101011010001100110100100001101111111110110010101000000001010101010010000001101000001101001000000100010000000101100000000101001111
000000000000000000000
000000000000000000000
000000000000000000000
000000000010000000000
000000000101000000000
000000001000100000000
000000010101010000000
000000100010101000000
000001010100010100000
000010001010101010000
000100010101010001000
000010001010101010000
000001000001110100000
000000100000001000000
000000010001010000000
000000001000100000000
000000000101000000000
000000000010000000000
000000000000000000000
000000000000000000000
000000000000000000000
end
