PSO TRACE
INIT:../../instances/fazia/init.csv
REF:../../instances/fazia/asvn2.csv
DecodingPolicy:CPP2:CDLE2
MutationPolicy:Repr
ParticleNeighborhood:Fixed
ParticleDims:515
ParticleCount:100
AccP:2.0
AccG:2.0
AccL:1.5
AccI:2.3
Pos:0.0-3.0
Inertia:0.9-0.6
VeloMax:2.0
MaxPSOIteration:500
InertiaDecrFactor:6.000000000000001E-4
INIT
000000000000000000000
000000000000000000000
000000000000000000000
000000000000000000000
000000000000000000000
000000000000000000000
000000000000000000000
000000000000000000000
000000000000000000000
000000000000000000000
000000000010000000000
000000000000000000000
000000000000000000000
000000000000000000000
000000000000000000000
000000000000000000000
000000000000000000000
000000000000000000000
000000000000000000000
000000000000000000000
000000000000000000000
REF
000000000000000000000
000000000000000000000
000000000000000000000
000000000010000000000
000000000101000000000
000000001000100000000
000000010100010000000
000000100010001000000
000001010001000100000
000010001010101010000
000100010001000101000
000010001000100010000
000001000100010100000
000000100010001000000
000000010001010000000
000000001000100000000
000000000101000000000
000000000010000000000
000000000000000000000
000000000000000000000
000000000000000000000
Classic CPP Decoder
0 :1,2,3,4,
1 :0,2,3,4,
2 :0,1,3,4,
3 :0,1,2,4,
4 :0,1,2,3,
5 :6,7,8,9,
6 :5,7,8,9,
7 :5,6,8,9,
8 :5,6,7,9,
9 :5,6,7,8,
10 :11,12,13,14,
11 :10,12,13,14,
12 :10,11,13,14,
13 :10,11,12,14,
14 :10,11,12,13,
15 :16,17,18,19,
16 :15,17,18,19,
17 :15,16,18,19,
18 :15,16,17,19,
19 :15,16,17,18,
20 :21,22,23,24,
21 :20,22,23,24,
22 :20,21,23,24,
23 :20,21,22,24,
24 :20,21,22,23,
25 :26,27,28,29,
26 :25,27,28,29,
27 :25,26,28,29,
28 :25,26,27,29,
29 :25,26,27,28,
30 :31,32,33,34,
31 :30,32,33,34,
32 :30,31,33,34,
33 :30,31,32,34,
34 :30,31,32,33,
35 :36,37,38,39,
36 :35,37,38,39,
37 :35,36,38,39,
38 :35,36,37,39,
39 :35,36,37,38,
40 :41,42,43,44,
41 :40,42,43,44,
42 :40,41,43,44,
43 :40,41,42,44,
44 :40,41,42,43,
45 :46,47,48,49,
46 :45,47,48,49,
47 :45,46,48,49,
48 :45,46,47,49,
49 :45,46,47,48,
50 :51,52,53,54,
51 :50,52,53,54,
52 :50,51,53,54,
53 :50,51,52,54,
54 :50,51,52,53,
55 :56,57,58,59,
56 :55,57,58,59,
57 :55,56,58,59,
58 :55,56,57,59,
59 :55,56,57,58,
60 :61,62,63,64,
61 :60,62,63,64,
62 :60,61,63,64,
63 :60,61,62,64,
64 :60,61,62,63,
65 :66,67,68,69,
66 :65,67,68,69,
67 :65,66,68,69,
68 :65,66,67,69,
69 :65,66,67,68,
70 :71,72,73,74,
71 :70,72,73,74,
72 :70,71,73,74,
73 :70,71,72,74,
74 :70,71,72,73,
75 :76,77,78,79,
76 :75,77,78,79,
77 :75,76,78,79,
78 :75,76,77,79,
79 :75,76,77,78,
80 :81,82,83,84,
81 :80,82,83,84,
82 :80,81,83,84,
83 :80,81,82,84,
84 :80,81,82,83,
85 :86,87,88,89,
86 :85,87,88,89,
87 :85,86,88,89,
88 :85,86,87,89,
89 :85,86,87,88,
90 :91,92,93,94,
91 :90,92,93,94,
92 :90,91,93,94,
93 :90,91,92,94,
94 :90,91,92,93,
95 :96,97,98,99,
96 :95,97,98,99,
97 :95,96,98,99,
98 :95,96,97,99,
99 :95,96,97,98,
#
It:0:Diff:44:PSOStep:3:Time:7.913911108:s:AutomataStep:3:Transition:00000010110000100101111010100110010001001110010001101001010110010111000100001000000000110001011000110010111111010101010011000100000000101011000001110000101011011011001000000000100110011011101100111000101000000001101000001100110111111010000100111000010111110010000010100011010000000001001100010000101000011100011010111101111100011110110100101010100010001010001101100000000011001001010100101111000101100001001100010001000000100000110111001101001000001010011000011101010000001100101001110010111101011100010000010111
000000000000000000000
000000000000000000000
000000000000000000000
000000000000000000000
000000000000000000000
000000000000000000000
000000000000000000000
000000000000000000000
000000000000000000000
000000000000000000000
000000010000000000000
000000000000000000000
000000000000000000000
000000000000000000000
000000000000000000000
000000000000000000000
000000000000000000000
000000000000000000000
000000000000000000000
000000000000000000000
000000000000000000000
#
It:2:Diff:43:PSOStep:2:Time:12.176383262:s:AutomataStep:2:Transition:00001000010000000101001001101110110011000111101101100100010111010100000101010010010011111000110100100010000011000101101011000011010001000011000011010000001101101011101010000000100100110110000000110010101000010111101010100010101010001000001101010010000100110010000100100111010011000110000000100001101000110101011000001010110110011110100100111000000010000001000000101000010011000010010000001011000010000000000001011001000100000100010011000101000010011010001000001000010010001100001101010110110010011000011100101100
000000000000000000000
000000000000000000000
000000000000000000000
000000000000000000000
000000000000000000000
000000000000000000000
000000000000000000000
000000000000000000000
000000000000100000000
000000000010100000000
000000000001000000000
000000000000000000000
000000000000000000000
000000000000000000000
000000000000000000000
000000000000000000000
000000000000000000000
000000000000000000000
000000000000000000000
000000000000000000000
000000000000000000000
#
It:8:Diff:37:PSOStep:7:Time:19.817466274:s:AutomataStep:7:Transition:00000000110010100001011000101110010011101000101110100101010111110100001101000000000001110001010001110100011000001101111011001101110001010001110110110100101111001010110011000100110000010110001110000000000000100110101100111000000110011000000100110010011000100010010000100100000110011001001100100111100000111000011100111010100111011010110000101101101000000010101000100010000011001100011010100111000110000011110001000001000110000000000111001101110010100110011001010101010100001000000000010011111110001000010101111011
000000000000000000000
000000000000000000000
000000000000000000000
000000000000000000000
000000000000000000000
000000000000000000000
000000000000000000000
000000000000000000000
000000000000000000000
000000000000000000000
000100000000000000000
000010000000000000000
000001000000000000000
000000100000000000000
000000010000000000000
000000001000000000000
000000000100000000000
000000000010000000000
000000000000000000000
000000000000000000000
000000000000000000000
#
It:10:Diff:37:PSOStep:7:Time:22.455398257:s:AutomataStep:7:Transition:00000100110111100010010010000110000000100000111010100101111111100100000110000000001001110001100010001100011000000100111010001110110000110001001010111100000111001010100010001000000000011011000000101010100000000001101100111100000010001000100100110010001000110011010000100100000000001001101101101110110000101100010000000110000100011010011000101100001000000010110100100000010101001100011111110101010100010011101001000001000110100001000111001101100001001010011001100100100000001001100001111011101100001000010101011011
000000000000000000000
000000000000000000000
000000000000000000000
000000000000000000000
000000000000000000000
000000000000000000000
000000000000000000000
000000000000000000000
000000000000000000000
000000000000000000000
000100000000000000000
000010000000000000000
000001000000000000000
000000100000000000000
000000010000000000000
000000001000000000000
000000000100000000000
000000000010000000000
000000000000000000000
000000000000000000000
000000000000000000000
#
It:16:Diff:36:PSOStep:7:Time:29.661532124:s:AutomataStep:7:Transition:00000000110100000000010110000110100000000100001011100100111111000101000101000100001001110001010010110100000010001100110000000010100001110011101011001110001111111010100010000000100000010011000000101000000100010010100111111110000010001001000100110000010100110010000000100110000000000000100000111001101010100101000000010110010100011110001000111110001110000010000010100000000000001000011110000110000100000010011001000011001100100001000011001101000110000010001000100010000010101000100000111000111000011000010110010001
000000000000000000000
000000000000000000000
000000000000000000000
000000000000000000000
000000000000000000000
000000000000000000000
000000000000000000000
000000000000000000000
000000000000000000000
000000000000000000000
000101100000010001000
000010010000100010000
000001001001000100000
000000100010001000000
000000001000010000000
000000001000100000000
000000000101000000000
000000000010000000000
000000000000000000000
000000000000000000000
000000000000000000000
#
It:22:Diff:35:PSOStep:7:Time:36.80002479:s:AutomataStep:7:Transition:00100000110100100001011001000111010001100100000011110110110011010111001100100100101000110100001011100101000011011001101100000111100111010010101001000010101011110011101011100010100100010010000001110000001010010110100111111100000011101000000011010010011101000011000001101011010011000001011001111101101000000100000110110011101100111111001000110110100101000000000010100001010010001011000100100001100100010011011001000011101000000001111111001100001101000010001010100010110010001001001111110000111110001000010010010101
000000000000000000000
000000000000000000000
000000000000000000000
000000000010000000000
000000000100000000000
000000001000000000000
000000010000000000000
000000100000000000000
000001000000000000000
000010001110000000000
000101000000000000000
000010000100000000000
000000110100000000000
000000001000000000000
000000010000000000000
000000001000000000000
000000000100000000000
000000000010000000000
000000000000000000000
000000000000000000000
000000000000000000000
#
It:26:Diff:35:PSOStep:7:Time:41.873466135:s:AutomataStep:7:Transition:00100000110001100000011000100111010000100000100000110100110011110101000100000000001101110000101011110000000010010001000000000111100000010001111000101110101011010000011011000111100100011010001110011010110100100000100101111101100110011010010000100010000000000011000000101000000011001011000000010101110000100100001010110011001110011110100000101010101000001000000010100000010100011000000100110111110110010001011001000001100010001100111110000100010101100110010001010001010100001001100010010000011000001001010011110001
000000000000000000000
000000000000000000000
000000000000000000000
000000000010000000000
000000000100000000000
000000001010000000000
000000010000000000000
000000101000000000000
000001000100000000000
000010000000000000000
000100000000000000000
000010100000000000000
000001000000000000000
000000101010000000000
000000010000000000000
000000001010000000000
000000000100000000000
000000000010000000000
000000000000000000000
000000000000000000000
000000000000000000000
#
It:27:Diff:34:PSOStep:7:Time:43.098632761:s:AutomataStep:7:Transition:00100100110001100010011000101010110011010000000000111101111110110101001111010000000001110001010011110001110000000000110000001101110100100001111000110010101011011011011001000011110100010111011110110110110101100000101001001001010000111010000110110011010010100011000000101000000001011010000000010100010000110000000000000111001100101011001000101000011010001000000010100001011000010111010001110010100110010100100101000000100010010010111111000000010011100011011001000010110100000001100110010000011000001100010011010010
000000000000000000000
000000000000000000000
000000000000000000000
000000000010000000000
000000000111000000000
000000001000100000000
000000010100110000000
000000100010000000000
000001010101100000000
000010100100100010000
000101100110011101000
000010100100110110000
000001011000100100000
000000101000101000000
000000010111010000000
000000001000100000000
000000000101000000000
000000000010000000000
000000000000000000000
000000000000000000000
000000000000000000000
#
It:38:Diff:33:PSOStep:7:Time:57.728740804:s:AutomataStep:7:Transition:00100001110001101010011000110010111111110011000000111100111111110100101111100000001001110001110011110000010010000101101000010001110110111000011010110100101111011001111011000001110100011111011100110010110111000000100101010000010111101010010100011011010100100011000000100101000001011000001101111100110010100100000010000110000101010110001100101100111010001010000010000001010101011101010001100111010110000100101101011001100010000110111011000110010110100011011101000001100100000100100010010010011000001000011111000011
000000000000000000000
000000000000000000000
000000000000000000000
000000000010000000000
000000000101000000000
000000001000100000000
000000011010110000000
000000101010001000000
000001001011110100000
000010010110011110000
000101110001000001000
000010100000100010000
000001011100100100000
000000110001001000000
000000011001110000000
000000001101100000000
000000000111000000000
000000000010000000000
000000000000000000000
000000000000000000000
000000000000000000000
#
It:42:Diff:27:PSOStep:7:Time:63.457259583:s:AutomataStep:7:Transition:00100000110001100000000000000011110110100011000011111100111111010110001111100000000001110001000010110000011010000100101000010001110010110000011011111100101101111001110010000001110100010011011010110000000011000101100100010100110011101010000101010010010101100011000000100101000001010000011001101100100010110100001010010110000100010010011000101110100000000010000100100001010101011101010000100011000100010101101001011111100010000100111011000010000100100011011101001001100100000000000001110010011100001000010111000111
000000000000000000000
000000000000000000000
000000000000000000000
000000000010000000000
000000000101000000000
000000001010100000000
000000010000010000000
000000101110000000000
000001010110001100000
000010101011010010000
000101010001101001000
000010000010101010000
000001000001000100000
000000101000001000000
000000010011010000000
000000001000100000000
000000000101000000000
000000000010000000000
000000000000000000000
000000000000000000000
000000000000000000000
#
It:69:Diff:26:PSOStep:7:Time:99.274077358:s:AutomataStep:7:Transition:00100000110001000100000000000011110110100010000110110100110111010000001110110100000100100011011000110000111010010100111000010000111110000011011111110000101101101001110010001001110001110010011100110001010011000001100000010000110011101010001101011111010101100010000110100010000001111000000000101110110000100000000000010010100100011010001100101100100000010010000100100001010100010101010010100110010011001101101001010001010010100110011011000001110110000011011001001001000100000100100111111010011100011000110110010111
000000000000000000000
000000000000000000000
000000000000000000000
000000000010000000000
000000000101000000000
000000001010000000000
000000010101010000000
000000101011011000000
000001100101000100000
000010000011001010000
000101010001100001000
000010000000000010000
000001010110100100000
000000101000001000000
000000010010010000000
000000001010100000000
000000000101000000000
000000000010000000000
000000000000000000000
000000000000000000000
000000000000000000000
#
It:79:Diff:21:PSOStep:7:Time:113.128670494:s:AutomataStep:7:Transition:00100000110001000000000010000011110110100000000110110100111110010100001110000100000101111001001000110100010010000100101000010000110110110000011100000100101101110011011001000001110101011001011100110000110011001001100111010100110011101110011111011011010100100011000000100100010000011000001100111110110000110100110010010010100100000110101000101110100110010000000100100001011101011101010000100110010100010100101001010011110010000101011011000011010010110011011101001011100001000100100011111011011100001000001111010110
000000000000000000000
000000000000000000000
000000000000000000000
000000000010000000000
000000000101000000000
000000001010100000000
000000010101010000000
000000101010101000000
000001000101000100000
000010001010100010000
000100010000001101000
000010001001001010000
000001000000100100000
000000100000001000000
000000010101100000000
000000001010000000000
000000000101000000000
000000000010000000000
000000000000000000000
000000000000000000000
000000000000000000000
#
It:107:Diff:20:PSOStep:7:Time:152.105581458:s:AutomataStep:7:Transition:00100000110001010000000010000011110110000000000010110100111110010100001110000100000101101001011000110100110010000100111000010000110110100000011100000100101101110011011001000001111101011001011100110000110011001001100110010100110011101110001111011011010100000001000000100000010000011000001101011010110000010100010010110010100100000110101000101101100110010000000100100001011101011101010000100110010100010101101001010011110000000101011011000011010010100011011101001011100001000100100011111010011100001000001111010100
000000000000000000000
000000000000000000000
000000000000000000000
000000000010000000000
000000000101000000000
000000001010100000000
000000010101010000000
000000101010101000000
000001000101000100000
000010001010100010000
000100010000001101000
000010001001000010000
000001000000100100000
000000100000001000000
000000010101100000000
000000001010000000000
000000000101000000000
000000000010000000000
000000000000000000000
000000000000000000000
000000000000000000000
#
It:173:Diff:18:PSOStep:7:Time:244.825896508:s:AutomataStep:7:Transition:00100000110001010010000010000010110110001000000110110100111110010000001110000100000101101011011000110100111010000101111000010000110110110000111100000000101101110011011001000001111010011001011100110000110011001001100111010100110011100110001101011011010100100011000000110100010000001000101101011110110000011100110010111010100100000110101000101110100110000000000110100001011101011101010000100110010100000101101001010011110000000110001011000010010010100011011001001011100001000100110011111010011100001000001111010110
000000000000000000000
000000000000000000000
000000000000000000000
000000000010000000000
000000000101000000000
000000001010100000000
000000010101010000000
000000101010101000000
000001000101000100000
000010001010100010000
000101010000000101000
000010001001000010000
000001000010010100000
000000100000101000000
000000010011000000000
000000001000000000000
000000000101000000000
000000000010000000000
000000000000000000000
000000000000000000000
000000000000000000000
#
It:223:Diff:11:PSOStep:7:Time:314.629475042:s:AutomataStep:7:Transition:00100000110101010000001000000010100010101000000010100100111111010000001111000000001101110011010000110100111010000101111000000000110100110000111100000000101101110011001011000000110111011011011100110000100011001001100100011100110010101100101101011011010100100001000000110000000000011000101100011010110000100000010010110110000100000110101000101110100110011000001100110001011101001101010000100110000100001101101001011011100000000000100011000110010010000011011001101001100001000000000001111010011100001000000111010010
000000000000000000000
000000000000000000000
000000000000000000000
000000000010000000000
000000000101000000000
000000001000100000000
000000010000010000000
000000100010001000000
000001000101000100000
000010001000100010000
000101010000000101000
000010001000100010000
000001000101000100000
000000100010001000000
000000010000010000000
000000001010100000000
000000000101000000000
000000000010000000000
000000000000000000000
000000000000000000000
000000000000000000000
#
It:230:Diff:10:PSOStep:7:Time:324.038627968:s:AutomataStep:7:Transition:00100000110101010000001010000111100010101010010011101100111011010000001111001000001101111001010000110100011010001101111010000010110101100001111110100100001101110011111011000000110101011111010100100010110011001001101000011100010110001100001101011011000100100000000000110000000000011000101100001011110010100000010010110110000101000110101000101110101110011000001100000001010101011101011000110110000101001101101001010011100101000010000011000110000010000111011011101111000000001000000001111001011100001100000111010010
000000000000000000000
000000000000000000000
000000000000000000000
000000000010000000000
000000000101000000000
000000001000100000000
000000010101010000000
000000100010001000000
000001000101000100000
000010001000100010000
000101010000000101000
000010001000100010000
000001000101000100000
000000100010001000000
000000010101010000000
000000001000100000000
000000000101000000000
000000000010000000000
000000000000000000000
000000000000000000000
000000000000000000000
#
It:260:Diff:9:PSOStep:7:Time:365.820968199:s:AutomataStep:7:Transition:00100010110101000000001000000110110010100010010011101100111111000000001111000000000001111011011000110100011010001100111010000000110100100001100100100100001101110011010011000001110101011001001100100000110011001001101000011100010010001100111101111011000100110000000000100000000000011000100101011010110010000000010010110110000101000110101000101100100110011000001100000001011101011101010000100110000101001101101001010011101101000000100011000110010010000011011001101101000000000000000010111000011100001100000111010010
000000000000000000000
000000000000000000000
000000000000000000000
000000000010000000000
000000000101000000000
000000001000100000000
000000010101010000000
000000100010001000000
000001000101000100000
000010001000100010000
000100010000000101000
000010001000100010000
000001000101000100000
000000100010001000000
000000010101010000000
000000001000100000000
000000000101000000000
000000000010000000000
000000000000000000000
000000000000000000000
000000000000000000000
#
It:381:Diff:9:PSOStep:7:Time:528.413327744:s:AutomataStep:7:Transition:00100010110001100001001000000110100000010010010011111000111111000001001011001000000001111101011000110100011010001100111010000011110101000001100101100100001101110011010011000001111111011001001100100010110111001001101000011101010110001000011101111011000100110000000000100000000000011000100101011010100010000000000010110110000101100110101000101110100110011000101100010001010101011101010110100110001101001101101001010011101101000010100011001110000010000011011001101101000000000000000000111000111100001100100111010000
000000000000000000000
000000000000000000000
000000000000000000000
000000000010000000000
000000000101000000000
000000001000100000000
000000010101010000000
000000100010001000000
000001000101000100000
000010001000100010000
000100010000000101000
000010001000100010000
000001000101000100000
000000100010001000000
000000010101010000000
000000001000100000000
000000000101000000000
000000000010000000000
000000000000000000000
000000000000000000000
000000000000000000000
#
It:406:Diff:9:PSOStep:7:Time:561.994296101:s:AutomataStep:7:Transition:00100010110101110001001000000110100010100110000011110100111111000000001011001000000001111111011000110100011010001100111010010010100101110001110101100100001101110011010011000001111111011101101100100010110011001001101000011100010010001100111101011011000100110001000000101000000000011000101101011010100010000000010010110110000100000110101000101110100110011000001100010001010101011101010010100110001101001101101001010011101101000010110011000111010010000011011011101101000000000100000011111000111100001100100111010010
000000000000000000000
000000000000000000000
000000000000000000000
000000000010000000000
000000000101000000000
000000001000100000000
000000010101010000000
000000100010001000000
000001000101000100000
000010001000100010000
000100010000000101000
000010001000100010000
000001000101000100000
000000100010001000000
000000010101010000000
000000001000100000000
000000000101000000000
000000000010000000000
000000000000000000000
000000000000000000000
000000000000000000000
#
It:422:Diff:9:PSOStep:7:Time:584.626792867:s:AutomataStep:7:Transition:00100010110101100000001000000110100010010110010011101100111111000000001011001000001001011011011000110000011010001100111000000010110100100001100100100100001101110011010011000001110111111101011100110000010111000011100000011100110010001000011101011010000100100010000000001000000000011000101101011010100010001000010010110110000100000110101000101110101110011000001100000001000101011101010100100110000101001001111101010011100001100100100011000110000010000011011001101011000000000000000000111000011100001100100111010010
000000000000000000000
000000000000000000000
000000000000000000000
000000000010000000000
000000000101000000000
000000001000100000000
000000010101010000000
000000100010001000000
000001000101000100000
000010001000100010000
000100010000000101000
000010001000100010000
000001000101000100000
000000100010001000000
000000010101010000000
000000001000100000000
000000000101000000000
000000000010000000000
000000000000000000000
000000000000000000000
000000000000000000000
#
It:437:Diff:9:PSOStep:7:Time:604.385593518:s:AutomataStep:7:Transition:00100010110101100010001010000110100000000010000011101100111111000000001111001000000001011111011000110000011010001100111000000001110101100001100100100100101101110011010011000001110111011101010100100010110111010011100000011101110110001000011100111011000100110010001000101000000000011000101100001010100110101100010010110110000100000110101000101110101110011000001100010001010101011101010110110110010101001001101001010111101000000100100011001110000010000011011001011011000000000000100000111000011100001100000111010010
000000000000000000000
000000000000000000000
000000000000000000000
000000000010000000000
000000000101000000000
000000001000100000000
000000010101010000000
000000100010001000000
000001000101000100000
000010001000100010000
000100010000000101000
000010001000100010000
000001000101000100000
000000100010001000000
000000010101010000000
000000001000100000000
000000000101000000000
000000000010000000000
000000000000000000000
000000000000000000000
000000000000000000000
#
It:462:Diff:9:PSOStep:7:Time:638.102179084:s:AutomataStep:7:Transition:00100000110101100010001010000011100001000110000011100100111111000001001111001000000001011011011000110001011010000100111001010011110101100001101100000100101101110010010011000001110111011111010100100000110111010011100010011100010110101010111100111011000100100011000000111100000000011010101100011010100110101000010010010110000100000110101000101110101110011010001110000001001101011101010110110111010100001001101001010111101000100100101011101110100010000010011001000011000000000000000001111010011100011100100111010110
000000000000000000000
000000000000000000000
000000000000000000000
000000000010000000000
000000000101000000000
000000001000100000000
000000010101010000000
000000100010001000000
000001000101000100000
000010001000100010000
000100010000000101000
000010001000100010000
000001000101000100000
000000100010001000000
000000010101010000000
000000001000100000000
000000000101000000000
000000000010000000000
000000000000000000000
000000000000000000000
000000000000000000000
end
