PSO TRACE
INIT:../../instances/fazia/init.csv
REF:../../instances/fazia/asvn2.csv
DecodingPolicy:CPP2
MutationPolicy:Std
ParticleNeighborhood:Fixed
ParticleDims:515
ParticleCount:100
AccP:2.0
AccG:2.0
AccL:1.5
AccI:2.3
Pos:0.0-3.0
Inertia:0.9-0.6
VeloMax:2.0
MaxPSOIteration:500
InertiaDecrFactor:6.000000000000001E-4
INIT
000000000000000000000
000000000000000000000
000000000000000000000
000000000000000000000
000000000000000000000
000000000000000000000
000000000000000000000
000000000000000000000
000000000000000000000
000000000000000000000
000000000010000000000
000000000000000000000
000000000000000000000
000000000000000000000
000000000000000000000
000000000000000000000
000000000000000000000
000000000000000000000
000000000000000000000
000000000000000000000
000000000000000000000
REF
000000000000000000000
000000000000000000000
000000000000000000000
000000000010000000000
000000000101000000000
000000001000100000000
000000010100010000000
000000100010001000000
000001010001000100000
000010001010101010000
000100010001000101000
000010001000100010000
000001000100010100000
000000100010001000000
000000010001010000000
000000001000100000000
000000000101000000000
000000000010000000000
000000000000000000000
000000000000000000000
000000000000000000000
Classic CPP Decoder
0 :1,2,3,4,
1 :0,2,3,4,
2 :0,1,3,4,
3 :0,1,2,4,
4 :0,1,2,3,
5 :6,7,8,9,
6 :5,7,8,9,
7 :5,6,8,9,
8 :5,6,7,9,
9 :5,6,7,8,
10 :11,12,13,14,
11 :10,12,13,14,
12 :10,11,13,14,
13 :10,11,12,14,
14 :10,11,12,13,
15 :16,17,18,19,
16 :15,17,18,19,
17 :15,16,18,19,
18 :15,16,17,19,
19 :15,16,17,18,
20 :21,22,23,24,
21 :20,22,23,24,
22 :20,21,23,24,
23 :20,21,22,24,
24 :20,21,22,23,
25 :26,27,28,29,
26 :25,27,28,29,
27 :25,26,28,29,
28 :25,26,27,29,
29 :25,26,27,28,
30 :31,32,33,34,
31 :30,32,33,34,
32 :30,31,33,34,
33 :30,31,32,34,
34 :30,31,32,33,
35 :36,37,38,39,
36 :35,37,38,39,
37 :35,36,38,39,
38 :35,36,37,39,
39 :35,36,37,38,
40 :41,42,43,44,
41 :40,42,43,44,
42 :40,41,43,44,
43 :40,41,42,44,
44 :40,41,42,43,
45 :46,47,48,49,
46 :45,47,48,49,
47 :45,46,48,49,
48 :45,46,47,49,
49 :45,46,47,48,
50 :51,52,53,54,
51 :50,52,53,54,
52 :50,51,53,54,
53 :50,51,52,54,
54 :50,51,52,53,
55 :56,57,58,59,
56 :55,57,58,59,
57 :55,56,58,59,
58 :55,56,57,59,
59 :55,56,57,58,
60 :61,62,63,64,
61 :60,62,63,64,
62 :60,61,63,64,
63 :60,61,62,64,
64 :60,61,62,63,
65 :66,67,68,69,
66 :65,67,68,69,
67 :65,66,68,69,
68 :65,66,67,69,
69 :65,66,67,68,
70 :71,72,73,74,
71 :70,72,73,74,
72 :70,71,73,74,
73 :70,71,72,74,
74 :70,71,72,73,
75 :76,77,78,79,
76 :75,77,78,79,
77 :75,76,78,79,
78 :75,76,77,79,
79 :75,76,77,78,
80 :81,82,83,84,
81 :80,82,83,84,
82 :80,81,83,84,
83 :80,81,82,84,
84 :80,81,82,83,
85 :86,87,88,89,
86 :85,87,88,89,
87 :85,86,88,89,
88 :85,86,87,89,
89 :85,86,87,88,
90 :91,92,93,94,
91 :90,92,93,94,
92 :90,91,93,94,
93 :90,91,92,94,
94 :90,91,92,93,
95 :96,97,98,99,
96 :95,97,98,99,
97 :95,96,98,99,
98 :95,96,97,99,
99 :95,96,97,98,
#
It:0:Diff:44:PSOStep:1:Time:0.112484681:s:AutomataStep:1:Transition:00000001000101010000110010011101100001100000001000101000111010000100100111011000110110110101110000110000001000011000110011011010000110001110110001100001101111111000100011000010010001100110000001010001000110000001001101000000011110100100001100110000001001010000010001001001010100101000011101010000000000100100100000001110001011000011001011011010010011000000101000101000010000110000110000001100100101011100011001010010000110100110000101001010111000001101000000001001001000010010001101001000011000110010101100010010
000000000000000000000
000000000000000000000
000000000000000000000
000000000000000000000
000000000000000000000
000000000000000000000
000000000000000000000
000000000000000000000
000000000000000000000
000000000000000000000
000000000001000000000
000000000000000000000
000000000000000000000
000000000000000000000
000000000000000000000
000000000000000000000
000000000000000000000
000000000000000000000
000000000000000000000
000000000000000000000
000000000000000000000
#
It:1:Diff:42:PSOStep:7:Time:0.200144404:s:AutomataStep:7:Transition:00100111110100110000010101111101100100100110111001110011111110110101101001110100111100010101110100110000001000010001011010011000110011011010110001001011001111100000110101101010101110011110001011001111100111110001001011010100101111101100000100100100000100110001000111010000100101101010010101000001101011111011110100010100001011011010001101110010110100100001101110101010010011010100110101001000001011011000110011111011110101110100000001101000000100111100001011010100100001000111011000100010111001111100001110100000
000000000000000000000
000000000000000000000
000000000000000000000
000000000010000000000
000000000100000000000
000000000111100000000
000000011101000000000
000000100011001000000
000001010011000000000
000000001111101010000
000110001101111101000
000010101011101010000
000001101101000000000
000000111011000000000
000000010110100000000
000000001110100000000
000000000111000000000
000000000010000000000
000000000000000000000
000000000000000000000
000000000000000000000
#
It:7:Diff:38:PSOStep:7:Time:0.343811552:s:AutomataStep:7:Transition:00110001010000110010010100001111101100101001001100110000111010100001101001010000001100100101000100110000101000000011100001110110110010000010100001000110000110000010101010111000011110011101000001111010010110100000101111000100101100011100100010000000001001010001000111010011100011101010010001000001000011111011111100111100011001110000101111110000110110111000001111001011000000010100110110001111011111011010100100000000100001010110000011001110100001011100000011000101001011000111011100101100100101110111011100101110
000000000000000000000
000000000000000000000
000000000000000000000
000000000010000000000
000000000001000000000
000000000000100000000
000000000000010000000
000000000000001000000
000000000000000100000
000000000010000010000
000000000001001011000
000000000000000110000
000000000001110000000
000000000000110000000
000000000000010000000
000000000011100000000
000000000001000000000
000000000010000000000
000000000000000000000
000000000000000000000
000000000000000000000
#
It:8:Diff:37:PSOStep:7:Time:0.363570111:s:AutomataStep:7:Transition:00010001010111010100010011010110100000010011000100001000101010110100000111011010011101000101001101001100010001101000000001101011111111001110101001010001000011011010110111110010000111100100011111011101000111100001001100100000001110111111111010110100001101000010011001010011110100101100100010110000110001100110101010011010111101110001001011001110101111011001111001101101011010010000110000101011101111011100111101011011110101011010111001111100110110110001101011001000001110111110000110101111100101010011111100010110
000000000000000000000
000000000000000000000
000000000000000000000
000000000000000000000
000000000000000000000
000000000000000000000
000000000000000000000
000000000000000000000
000000000000000000000
000000000000000000000
000000000000000001000
000000000000000010000
000000000000000100000
000000000000001000000
000000000000010000000
000000000000100000000
000000000001000000000
000000000010000000000
000000000000000000000
000000000000000000000
000000000000000000000
#
It:23:Diff:34:PSOStep:7:Time:0.661789937:s:AutomataStep:7:Transition:00110010110111010000000001001111100100010101000100101000101000010100000111011010011101001101011101101100011001001000000001011011101101000110100000010001000010011010000101010010001111100100011110011001000111101001001100000000001110001110110010100000011001000011000100010011011100001100010010010000010001100110001010110001010101110111001011001110101110011001111000111101011000010000101000001000011100010100011101101010111101001000010001101001010000000001101001011000001101011110010110001001101100011000001101000100
000000000000000000000
000000000000000000000
000000000000000000000
000000000010000000000
000000000101000000000
000000001010000000000
000000010100000000000
000000100010101000000
000001011110000100000
000010111100000010000
000100010000100001000
000010000011110010000
000001011001001100000
000000101010111000000
000000010101010000000
000000001110100000000
000000000111000000000
000000000010000000000
000000000000000000000
000000000000000000000
000000000000000000000
#
It:24:Diff:29:PSOStep:7:Time:0.694082678:s:AutomataStep:7:Transition:00100000100001000100000001001101100000010100000101001000101100010100100011000001011101001101011000001100001000001001000011010010001101010100000000000001001010011000001001000010001110100000001111010000010010000001011100000000000110000110000110100010010001000001000100001011010100001100010010010000010000001110001010010001000000111011001010001110100110101001011001110101100000011001000000100000011100010100111001101010010100000100010000101001100010000001100010011010001101010010110110010001111110001000000100000100
000000000000000000000
000000000000000000000
000000000000000000000
000000000010000000000
000000000101000000000
000000001100100000000
000000010101010000000
000000110000001000000
000001010000010100000
000010101010100010000
000100010100000101000
000000000000000000000
000000000000000000000
000000000000000000000
000000000000000000000
000000000000000000000
000000000000000000000
000000000000000000000
000000000000000000000
000000000000000000000
000000000000000000000
#
It:154:Diff:27:PSOStep:7:Time:3.328070016:s:AutomataStep:7:Transition:00110000110011010100000000000101100100011111000100001000101100000100000110010001011101000101011000001100010001001000000011010010101101010100100000000011001000011101001001101000001100110000001111010001110010100001011100000000000110010010100010000110010001000000000010001010110100001100000000100000011011101100011000110010100001101000101001001100000110111000011001110101101010011101100100011000000111010000101101100010101100001000000101100000010010001001100011011000100101111110011100010001101001011000111101110101
000000000000000000000
000000000000000000000
000000000000000000000
000000000010000000000
000000000101000000000
000000001000100000000
000000010100010000000
000000111000001000000
000001000000000000000
000010101110000010000
000101011010100001000
000010010010101010000
000001010001011100000
000000100000001000000
000000010011010000000
000000001001100000000
000000000101000000000
000000000010000000000
000000000000000000000
000000000000000000000
000000000000000000000
#
It:189:Diff:24:PSOStep:7:Time:4.037339951:s:AutomataStep:7:Transition:00100000111101010100000001010101100100011101001100001000111000100000000010101001011101010101011000000100010000001011010010010010111101010100100000000011000000010101001101010010001100110000011111010011010010100001001100000000000110010110100110000110111101000000000000011010111100011100000000000001011010101110001000010000110101011100001011001110000111011000011001100101111011011100000000001010001111010000001001100110010100000100000000100000000110001001101001011000110101010100100100000001111001111100101100000101
000000000000000000000
000000000000000000000
000000000000000000000
000000000010000000000
000000000101000000000
000000001000100000000
000000011000010000000
000000100000101000000
000001001110010000000
000010001110100010000
000100010010100001000
000010001000100010000
000001000001010000000
000000100010101000000
000000010000010000000
000000001001100000000
000000000100000000000
000000000010000000000
000000000000000000000
000000000000000000000
000000000000000000000
#
It:219:Diff:19:PSOStep:7:Time:4.672064457:s:AutomataStep:7:Transition:00100000111101010100000001010100100100011100001100001000111000110001000010111001011101000101011000000100100000001011010010000000111101000100100000000001000000010101001101000110001100110000011111011000010110100001001100000000000110000111000110000110111101100000000000010110000100011100100000000000011010101100001000010000010001000110001011001100010110011000011001100101111001011000010000001010001100010000001001100010010101000100001000101001010101001001101001010100100101010100100100000001101000011100100100000101
000000000000000000000
000000000000000000000
000000000000000000000
000000000010000000000
000000000101000000000
000000001000100000000
000000010001010000000
000000100010001000000
000001000001010100000
000010000010110010000
000100010100000001000
000010001010000010000
000001001110000000000
000000101000001000000
000000010001010000000
000000001000100000000
000000000100000000000
000000000010000000000
000000000000000000000
000000000000000000000
000000000000000000000
#
It:331:Diff:17:PSOStep:7:Time:6.995392843:s:AutomataStep:7:Transition:00100000111111110101000011010101100000011100001100001000111000110001000010111001011101000101011000000100110000001011010010000000111101000100100000000001000000010101001101000010001100110000011111011000011110100001001100110000001110010011100110000110111101100000000000010110000100011100110000000000011010101110001000010000010001010110001011001100010110011000011001100101111000011101010100101010001100011000001001100010010100000001001000101000000101000001001001010100110111010100000100001001101001101100101100000101
000000000000000000000
000000000000000000000
000000000000000000000
000000000010000000000
000000000101000000000
000000001000100000000
000000010001010000000
000000100010001000000
000001001001010100000
000010001000100010000
000100010101000101000
000010000000000010000
000001000000010000000
000000101000101000000
000000010001000000000
000000001000100000000
000000000100000000000
000000000010000000000
000000000000000000000
000000000000000000000
000000000000000000000
end
