PSO TRACE
INIT:../../instances/fazia/init.csv
REF:../../instances/fazia/asvn2.csv
DecodingPolicy:CPP2
MutationPolicy:Std
ParticleNeighborhood:Fixed
ParticleDims:515
ParticleCount:100
AccP:2.0
AccG:2.0
AccL:1.5
AccI:2.3
Pos:0.0-3.0
Inertia:0.9-0.6
VeloMax:2.0
MaxPSOIteration:500
InertiaDecrFactor:6.000000000000001E-4
INIT
000000000000000000000
000000000000000000000
000000000000000000000
000000000000000000000
000000000000000000000
000000000000000000000
000000000000000000000
000000000000000000000
000000000000000000000
000000000000000000000
000000000010000000000
000000000000000000000
000000000000000000000
000000000000000000000
000000000000000000000
000000000000000000000
000000000000000000000
000000000000000000000
000000000000000000000
000000000000000000000
000000000000000000000
REF
000000000000000000000
000000000000000000000
000000000000000000000
000000000010000000000
000000000101000000000
000000001000100000000
000000010100010000000
000000100010001000000
000001010001000100000
000010001010101010000
000100010001000101000
000010001000100010000
000001000100010100000
000000100010001000000
000000010001010000000
000000001000100000000
000000000101000000000
000000000010000000000
000000000000000000000
000000000000000000000
000000000000000000000
Classic CPP Decoder
0 :1,2,3,4,
1 :0,2,3,4,
2 :0,1,3,4,
3 :0,1,2,4,
4 :0,1,2,3,
5 :6,7,8,9,
6 :5,7,8,9,
7 :5,6,8,9,
8 :5,6,7,9,
9 :5,6,7,8,
10 :11,12,13,14,
11 :10,12,13,14,
12 :10,11,13,14,
13 :10,11,12,14,
14 :10,11,12,13,
15 :16,17,18,19,
16 :15,17,18,19,
17 :15,16,18,19,
18 :15,16,17,19,
19 :15,16,17,18,
20 :21,22,23,24,
21 :20,22,23,24,
22 :20,21,23,24,
23 :20,21,22,24,
24 :20,21,22,23,
25 :26,27,28,29,
26 :25,27,28,29,
27 :25,26,28,29,
28 :25,26,27,29,
29 :25,26,27,28,
30 :31,32,33,34,
31 :30,32,33,34,
32 :30,31,33,34,
33 :30,31,32,34,
34 :30,31,32,33,
35 :36,37,38,39,
36 :35,37,38,39,
37 :35,36,38,39,
38 :35,36,37,39,
39 :35,36,37,38,
40 :41,42,43,44,
41 :40,42,43,44,
42 :40,41,43,44,
43 :40,41,42,44,
44 :40,41,42,43,
45 :46,47,48,49,
46 :45,47,48,49,
47 :45,46,48,49,
48 :45,46,47,49,
49 :45,46,47,48,
50 :51,52,53,54,
51 :50,52,53,54,
52 :50,51,53,54,
53 :50,51,52,54,
54 :50,51,52,53,
55 :56,57,58,59,
56 :55,57,58,59,
57 :55,56,58,59,
58 :55,56,57,59,
59 :55,56,57,58,
60 :61,62,63,64,
61 :60,62,63,64,
62 :60,61,63,64,
63 :60,61,62,64,
64 :60,61,62,63,
65 :66,67,68,69,
66 :65,67,68,69,
67 :65,66,68,69,
68 :65,66,67,69,
69 :65,66,67,68,
70 :71,72,73,74,
71 :70,72,73,74,
72 :70,71,73,74,
73 :70,71,72,74,
74 :70,71,72,73,
75 :76,77,78,79,
76 :75,77,78,79,
77 :75,76,78,79,
78 :75,76,77,79,
79 :75,76,77,78,
80 :81,82,83,84,
81 :80,82,83,84,
82 :80,81,83,84,
83 :80,81,82,84,
84 :80,81,82,83,
85 :86,87,88,89,
86 :85,87,88,89,
87 :85,86,88,89,
88 :85,86,87,89,
89 :85,86,87,88,
90 :91,92,93,94,
91 :90,92,93,94,
92 :90,91,93,94,
93 :90,91,92,94,
94 :90,91,92,93,
95 :96,97,98,99,
96 :95,97,98,99,
97 :95,96,98,99,
98 :95,96,97,99,
99 :95,96,97,98,
#
It:0:Diff:44:PSOStep:2:Time:0.127651477:s:AutomataStep:2:Transition:00111011001000010001000011011000000000011110001001101010000000110010011001011101110010101001010011100101011001000001010000000110010011000111110000001010100110010000010001001001001010010000001100000011100111100110010001101000001110001000010100010001000001000100010001011101001100001110111110011001001100100100110111111101110010101011110001011111100111111101011100011001100010111010001011000010010010011010010011100000001100011101101010010001110001000010000011101110101110111111011110001100111010000000001000010001
000000000000000000000
000000000000000000000
000000000000000000000
000000000000000000000
000000000000000000000
000000000000000000000
000000000000000000000
000000000000000000000
000000000011100000000
000000000010000000000
000000000001000000000
000000000000000000000
000000000000000000000
000000000000000000000
000000000000000000000
000000000000000000000
000000000000000000000
000000000000000000000
000000000000000000000
000000000000000000000
000000000000000000000
#
It:2:Diff:42:PSOStep:3:Time:0.241421402:s:AutomataStep:3:Transition:00110100010100010001011111101000110100101110001010001100100000110101011011000100110111001111110000101001111001011011010010100001011011001110100000001100110110111010111110001011110110001110101101111011100111100110101001101101001110101100010011010101000000110001000011011001001110001111110111001001001100110010111111001001011110001010110101110111000110111101100100000011100010101111001101000010011010011010011011101000001100010001010110110001011010101000010100000001110100001111101111100110111010001101101010100000
000000000000000000000
000000000000000000000
000000000000000000000
000000000000000000000
000000000000000000000
000000000000000000000
000000000000000000000
000000000010000000000
000000000001000000000
000000000110100000000
000000000001010000000
000000000000000000000
000000000000000000000
000000000000000000000
000000000000000000000
000000000000000000000
000000000000000000000
000000000000000000000
000000000000000000000
000000000000000000000
000000000000000000000
#
It:3:Diff:38:PSOStep:7:Time:0.262594135:s:AutomataStep:7:Transition:00110101110001110001001110000100101100001011101010101100000000010001000100100101100010001110100000101101010000011011000000110101011010001111100000001100110110111010111110001010100010001111100001111111111111100110000001001100000110100110010000000100100101110001010100110011000110001010100100101000001010110010011110100000111100001010010100100111000110011001000000000010100101100011101001001010010100000010010011111001000110001001010010101011011010000010010010100110100110101110000100000111111110111101100011000000
000000000000000000000
000000000000000000000
000000000000000000000
000000000010000000000
000000000101000000000
000000001010100000000
000000010101010000000
000000101010001000000
000001011011010100000
000011001011010010000
000110100010001101000
000000001100010100000
000000000000000000000
000000000000000000000
000000000000000000000
000000000000000000000
000000000000000000000
000000000000000000000
000000000000000000000
000000000000000000000
000000000000000000000
#
It:15:Diff:35:PSOStep:7:Time:0.459104483:s:AutomataStep:7:Transition:00110110101100110001010110111100100000001110011100101101000001000011000110001111100101001001000000101101110001000011010000111100111110100001100000001000100110111000011101001000000110011100100000111011111111110010000101001011101010110000011010000000100101110100010101111011000100111010110100101001101101100010001110110001101110011001101001010111000100001001110000000011100001101010101011011010010000100000000011100001000111000000000000001011011000000111011010100100100100100111101100111110111100001111100000100000
000000000000000000000
000000000000000000000
000000000000000000000
000000000010000000000
000000000101000000000
000000001000000000000
000000010100100000000
000000100000011000000
000001011100000000000
000010100010001010000
000100100101000101000
000011011101011010000
000001001100001100000
000000000111011000000
000000010000100000000
000000001100000000000
000000000111000000000
000000000010000000000
000000000000000000000
000000000000000000000
000000000000000000000
#
It:21:Diff:29:PSOStep:7:Time:0.589363798:s:AutomataStep:7:Transition:00110110101100010001010110111100100000001110011000101100000001000011010111001111100101000001000000101101110001000011010000011100111110101001100010001000100110111000011101001000000110011100100000111101100111110010000101011011100010100010010110000001100101110100010101011011000100011010010110101001101101101010000110110001000110001001101101010111000100001000110000000011100001101010101011011010000000000000000101100001000111000000000000011011001000000011011010110100100000100111101100111111111100101111100001100000
000000000000000000000
000000000000000000000
000000000000000000000
000000000010000000000
000000000101000000000
000000001000000000000
000000010100010000000
000000101001100000000
000001000101001000000
000010001001110010000
000100100000010101000
000010100000111010000
000001001100010100000
000000110010101000000
000000010110010000000
000000001010100000000
000000000101000000000
000000000010000000000
000000000000000000000
000000000000000000000
000000000000000000000
#
It:27:Diff:28:PSOStep:7:Time:0.710167801:s:AutomataStep:7:Transition:00110110100000010001000100011100100000001111001110100111000011000010000011000011001101000101000000101111010001100000000000001100111001111001100000000100101110111000001101001100000110011100110001111001000110110010000101111000101010000000011011010100100101110000010000001010000100011010000101101001001101100010100110000000110110001001110011010111000100001000100000000001000001100010101011001010000010100000000011100000100110000000000000010010001000000011011010110100100000110011101000101011111100101010100011100000
000000000000000000000
000000000000000000000
000000000000000000000
000000000010000000000
000000000101000000000
000000000011100000000
000000001001010000000
000000100010101000000
000001010001000100000
000010100000001010000
000100000001010001000
000010001100100010000
000001010010100100000
000000011010101000000
000000000100010000000
000000001000100000000
000000000101000000000
000000000010000000000
000000000000000000000
000000000000000000000
000000000000000000000
#
It:35:Diff:23:PSOStep:7:Time:0.870922084:s:AutomataStep:7:Transition:00110110101000010011000110011100101000011111001000101101000001000010100011001111001100001100000000101011101011000001010001011000111111001001110000000100100111111000000101011000000010011110110001111011000100100010100101111000100010000100011000010001100101100000010000001010000000111010000100101011001101100010011110010001010110001000001100010010100100001000100100100011100001010010101011000010000010000000001000100000100101000100001000010010000000000010011001010100100000000011101010001011111100001000000001100000
000000000000000000000
000000000000000000000
000000000000000000000
000000000010000000000
000000000101000000000
000000001000100000000
000000010000010000000
000000101000001000000
000001010111000100000
000010100000000010000
000100100001000001000
000010100000101010000
000001000010000100000
000000101010101000000
000000010000010000000
000000001010100000000
000000000101000000000
000000000010000000000
000000000000000000000
000000000000000000000
000000000000000000000
#
It:64:Diff:22:PSOStep:7:Time:1.473349452:s:AutomataStep:7:Transition:00110100100000010001010010010100100100001100110100100101000000010000000011001101001000000101000000001111110001000011011000101100111001001010110111000000100110110000011111001100010010000110110010111001000111100010101101011000101000000001011000000010110001110000010001011010000000001010111011101001101101100000010111010011010110001001010000010010100100101000010100100001000001101010100011100010001000000001001101100000010111000000000100010001011100001010100001111101100001101011000101001011101100101001000000100000
000000000000000000000
000000000000000000000
000000000000000000000
000000000010000000000
000000000101000000000
000000000000100000000
000000010100100000000
000000100111001000000
000000010111000000000
000010000010110010000
000100010101010001000
000010001000101010000
000001000000010100000
000000100100011000000
000000010010010000000
000000001000100000000
000000000101000000000
000000000010000000000
000000000000000000000
000000000000000000000
000000000000000000000
#
It:85:Diff:20:PSOStep:7:Time:1.87519372:s:AutomataStep:7:Transition:00110100101000010001000110010100100100001100010100000100000000010000000011001001001100001101000000001000110001000011011000000100111100000010110101000000100110110100000110001000010010000110111010100110100110100010101101011000101000000000011000000010110011110000010001011010001000011010110011101001001101000000010110010001001110001001000000000010100100101000000100100001000000001010100011100010001000100001000101100000000111000000000000000001010100000010000000111101100001100001000101001111101100110001000000100000
000000000000000000000
000000000000000000000
000000000000000000000
000000000010000000000
000000000101000000000
000000001001100000000
000000010000010000000
000000100110000000000
000001000001100100000
000010010100101010000
000100000001000101000
000010011110101010000
000001010100010100000
000000101000101000000
000000010001010000000
000000001010100000000
000000000101000000000
000000000010000000000
000000000000000000000
000000000000000000000
000000000000000000000
#
It:88:Diff:19:PSOStep:7:Time:1.951177951:s:AutomataStep:7:Transition:00110101100000000001000110000110100100110100110100000111000100010000000011001101001000000001000000001101110001010011001000100100101110000010111101000010100110110100000110001100000011000111101010000110000111101010101000011100101000001001010000000010110011110000010001011110000000011010110011111001001101001000010110010000000110001001000000000010110100101000010100100011101000001010100011100010001010111001001101100000000101000000000100011001011100001010000000111101100101100001000101011000101111101000011000100000
000000000000000000000
000000000000000000000
000000000000000000000
000000000010000000000
000000000101000000000
000000001010100000000
000000010101010000000
000000101010101000000
000001010101010100000
000010101010101010000
000101010101010101000
000010101010101010000
000001010101010100000
000000101010101000000
000000010101010000000
000000001010100000000
000000000101000000000
000000000010000000000
000000000000000000000
000000000000000000000
000000000000000000000
#
It:265:Diff:18:PSOStep:7:Time:5.579532745:s:AutomataStep:7:Transition:00110000100000000001000010000110100100010100110100100101000000010000010011101101001000000000000000001111110001000011001000100100101000000000110001000010100110111100011100001100000010000100101010000110100100101010101000011100101000000100010000000010110011110000000001011110000000011010010001101001001101000000010111010000000110001011000000000010100100001000010100000001000010001010100011100000001010000001000101100000010111000000000100010001011000000010000000111101100001100001000101001000101101101000000000100000
000000000000000000000
000000000000000000000
000000000000000000000
000000000010000000000
000000000101000000000
000000001010100000000
000000010100010000000
000000101000101000000
000001010101000100000
000010100010001010000
000101010000010001000
000010001000100010000
000001010001000100000
000000100010001000000
000000010100010000000
000000001000100000000
000000000101000000000
000000000010000000000
000000000000000000000
000000000000000000000
000000000000000000000
#
It:410:Diff:8:PSOStep:7:Time:8.475905474:s:AutomataStep:7:Transition:00110001100000010001000110001110100001000000110100000101000100010010000011101101000000000001000000001101111001000010000001100101101100011100110100000010100010110100100110001000000011001111101010000110100100101010111000011100101011001101010000001100110010100000000000011011000000011110110011101001001101001000010111010000000000001011110000000110110110001101000101000001001110001010100011100000001010111001000101100100010100000000000101011001001000000010000000110100100011100011000000011001011111101000010000100000
000000000000000000000
000000000000000000000
000000000000000000000
000000000010000000000
000000000101000000000
000000001010100000000
000000010101010000000
000000101000101000000
000001010001010100000
000010101010101010000
000100010001010101000
000010001000100010000
000001000100010100000
000000100010001000000
000000010001010000000
000000001000100000000
000000000101000000000
000000000010000000000
000000000000000000000
000000000000000000000
000000000000000000000
end
