PSO TRACE
INIT:../../instances/fazia/init.csv
REF:../../instances/fazia/asvn2.csv
DecodingPolicy:CPP2
MutationPolicy:Std
ParticleNeighborhood:Fixed
ParticleDims:515
ParticleCount:100
AccP:2.0
AccG:2.0
AccL:1.5
AccI:2.3
Pos:0.0-3.0
Inertia:0.9-0.6
VeloMax:2.0
MaxPSOIteration:500
InertiaDecrFactor:6.000000000000001E-4
INIT
000000000000000000000
000000000000000000000
000000000000000000000
000000000000000000000
000000000000000000000
000000000000000000000
000000000000000000000
000000000000000000000
000000000000000000000
000000000000000000000
000000000010000000000
000000000000000000000
000000000000000000000
000000000000000000000
000000000000000000000
000000000000000000000
000000000000000000000
000000000000000000000
000000000000000000000
000000000000000000000
000000000000000000000
REF
000000000000000000000
000000000000000000000
000000000000000000000
000000000010000000000
000000000101000000000
000000001000100000000
000000010100010000000
000000100010001000000
000001010001000100000
000010001010101010000
000100010001000101000
000010001000100010000
000001000100010100000
000000100010001000000
000000010001010000000
000000001000100000000
000000000101000000000
000000000010000000000
000000000000000000000
000000000000000000000
000000000000000000000
Classic CPP Decoder
0 :1,2,3,4,
1 :0,2,3,4,
2 :0,1,3,4,
3 :0,1,2,4,
4 :0,1,2,3,
5 :6,7,8,9,
6 :5,7,8,9,
7 :5,6,8,9,
8 :5,6,7,9,
9 :5,6,7,8,
10 :11,12,13,14,
11 :10,12,13,14,
12 :10,11,13,14,
13 :10,11,12,14,
14 :10,11,12,13,
15 :16,17,18,19,
16 :15,17,18,19,
17 :15,16,18,19,
18 :15,16,17,19,
19 :15,16,17,18,
20 :21,22,23,24,
21 :20,22,23,24,
22 :20,21,23,24,
23 :20,21,22,24,
24 :20,21,22,23,
25 :26,27,28,29,
26 :25,27,28,29,
27 :25,26,28,29,
28 :25,26,27,29,
29 :25,26,27,28,
30 :31,32,33,34,
31 :30,32,33,34,
32 :30,31,33,34,
33 :30,31,32,34,
34 :30,31,32,33,
35 :36,37,38,39,
36 :35,37,38,39,
37 :35,36,38,39,
38 :35,36,37,39,
39 :35,36,37,38,
40 :41,42,43,44,
41 :40,42,43,44,
42 :40,41,43,44,
43 :40,41,42,44,
44 :40,41,42,43,
45 :46,47,48,49,
46 :45,47,48,49,
47 :45,46,48,49,
48 :45,46,47,49,
49 :45,46,47,48,
50 :51,52,53,54,
51 :50,52,53,54,
52 :50,51,53,54,
53 :50,51,52,54,
54 :50,51,52,53,
55 :56,57,58,59,
56 :55,57,58,59,
57 :55,56,58,59,
58 :55,56,57,59,
59 :55,56,57,58,
60 :61,62,63,64,
61 :60,62,63,64,
62 :60,61,63,64,
63 :60,61,62,64,
64 :60,61,62,63,
65 :66,67,68,69,
66 :65,67,68,69,
67 :65,66,68,69,
68 :65,66,67,69,
69 :65,66,67,68,
70 :71,72,73,74,
71 :70,72,73,74,
72 :70,71,73,74,
73 :70,71,72,74,
74 :70,71,72,73,
75 :76,77,78,79,
76 :75,77,78,79,
77 :75,76,78,79,
78 :75,76,77,79,
79 :75,76,77,78,
80 :81,82,83,84,
81 :80,82,83,84,
82 :80,81,83,84,
83 :80,81,82,84,
84 :80,81,82,83,
85 :86,87,88,89,
86 :85,87,88,89,
87 :85,86,88,89,
88 :85,86,87,89,
89 :85,86,87,88,
90 :91,92,93,94,
91 :90,92,93,94,
92 :90,91,93,94,
93 :90,91,92,94,
94 :90,91,92,93,
95 :96,97,98,99,
96 :95,97,98,99,
97 :95,96,98,99,
98 :95,96,97,99,
99 :95,96,97,98,
#
It:0:Diff:45:PSOStep:1:Time:0.233838124:s:AutomataStep:1:Transition:00110001011101000011011001110110101111111001000110111100110111110101110101101010101111101101100000011001101011100010010110101010111100011011010001000011001010011100101111101111110010111001011111011011001011001011111111010011100010111111011000110010011001001111010100111100110110101101000110110011011011101101111110000100111100000111000110110110011111000111010001010101111110010100011010000111100011111010000000011111111110101111110111010010111111010000111111110110100011101000010001111111011011010110111010100111
000000000000000000000
000000000000000000000
000000000000000000000
000000000000000000000
000000000000000000000
000000000000000000000
000000000000000000000
000000000000000000000
000000000000000000000
000000000010000000000
000000000001000000000
000000000011000000000
000000000000000000000
000000000000000000000
000000000000000000000
000000000000000000000
000000000000000000000
000000000000000000000
000000000000000000000
000000000000000000000
000000000000000000000
#
It:1:Diff:44:PSOStep:3:Time:0.346498861:s:AutomataStep:3:Transition:00100010001001000000000001110100100001111111010010101010011100000010110011001101110001100100111100100010101000000000100100100000011110010011000011001011001100111010100101101111110010000000111111001010001001011110111111110010101000111110011100100110010101000100010111001000111010011110000110100001001010111001000110000100100100110000101100111110001111010110010110110110111000001100010001100000100100100110101100000001010110001011010000010100111101010110101111001101000001110000010100011110011011010010000010100101
000000000000000000000
000000000000000000000
000000000000000000000
000000000000000000000
000000000000000000000
000000000000000000000
000000000000000000000
000000000010000000000
000000000001000000000
000000000010100000000
000000000000110000000
000000000001000000000
000000000000000000000
000000000000000000000
000000000000000000000
000000000000000000000
000000000000000000000
000000000000000000000
000000000000000000000
000000000000000000000
000000000000000000000
#
It:2:Diff:43:PSOStep:1:Time:0.385242967:s:AutomataStep:1:Transition:00100010001000010000110000110000100011010111010010101000010100000010100011001000100011100100111100100010101100010000100100000001001110010011000011001011001000110000100101101110110010000001111111001000001100011000111111110010001000011001011100100010010101000100010010111000101110011100000110110011001000111001000110000100100100010000000110111010001110010111000100010110011000001000000001000110101100100000011000000001110110000100010000010100111101010100100111000101000001110001010000111101011011000010000010100101
000000000000000000000
000000000000000000000
000000000000000000000
000000000000000000000
000000000000000000000
000000000000000000000
000000000000000000000
000000000000000000000
000000000000000000000
000000000010000000000
000000000001000000000
000000000000000000000
000000000000000000000
000000000000000000000
000000000000000000000
000000000000000000000
000000000000000000000
000000000000000000000
000000000000000000000
000000000000000000000
000000000000000000000
#
It:8:Diff:42:PSOStep:3:Time:0.506312792:s:AutomataStep:3:Transition:00100001111000000001001001101000100101111001010000101000110111010010100010100101101001100111111101101011100100000101010100100001010110010011000000001011011000111010100111100001110110000000110110001011101011011011011111110010100000101011011000100100010101000010010111001100111000001101001010100011001010101001010010000001000000100000111100110010001011100101010101100110010100101100011010000000100001100100100100010001110110001011010101010100111011010110001110001100001001111000010100011001011111010110000010000101
000000000000000000000
000000000000000000000
000000000000000000000
000000000000000000000
000000000000000000000
000000000000000000000
000000000000000000000
000000000010000000000
000000000101000000000
000000000011000000000
000000010011010000000
000000001000100000000
000000000000000000000
000000000000000000000
000000000000000000000
000000000000000000000
000000000000000000000
000000000000000000000
000000000000000000000
000000000000000000000
000000000000000000000
#
It:15:Diff:40:PSOStep:3:Time:0.78051434:s:AutomataStep:3:Transition:00100001101100010000011100101000100011110101010001111010010111010010100010110011111001100111010101011010101100001101010110100001100110000011000000001001001010111110000111100010100110100011010110100011100111000110010111110000001100101000010001110000000101000010010011011100100000001110000010100001101000101001000111000001000100000000010100110010001010000111010111100010110100101100011011000100100100100010100000000001111111011011010010010100101000100010011100001100001011110000010000001001011101010100100010000100
000000000000000000000
000000000000000000000
000000000000000000000
000000000000000000000
000000000000000000000
000000000000000000000
000000000000000000000
000000000010000000000
000000000111000000000
000000001110100000000
000000010001010000000
000000001000100000000
000000000111000000000
000000000010000000000
000000000000000000000
000000000000000000000
000000000000000000000
000000000000000000000
000000000000000000000
000000000000000000000
000000000000000000000
#
It:17:Diff:39:PSOStep:7:Time:0.86344322:s:AutomataStep:7:Transition:00100001111100000000011100101000100011110001110011111010110111010010100000110111110001100011011101011010101101001100010110100001100111000011000000101001000010101110000111110000100110100011010110100011100101000111010101111000011101101000010001110000001011000010000111011101100110001110000110100100101000101001000111000101000100000011110100010010011010000111010110101010110100100100011011100100100100100010100000100101111111011001010010010100101110100010011000001101000011110000010000011001011101010100100010000101
000000000000000000000
000000000000000000000
000000000000000000000
000000000010000000000
000000000111000000000
000000001111100000000
000000010001010000000
000000100110100000000
000001111000101100000
000010000001110000000
000100000101101011000
000010001000001010000
000000010010110100000
000000110100001000000
000000000010010000000
000000001000100000000
000000000101000000000
000000000010000000000
000000000000000000000
000000000000000000000
000000000000000000000
#
It:23:Diff:37:PSOStep:7:Time:1.051982621:s:AutomataStep:7:Transition:00100000010000000010101011011111101010110011010010111111111010000101100001001101110000100100101101101000100000110010100000010010001100000011000011011010010011011100110101000101110000001001101111011010001111011100111011111100110101010100011110100010110011110000000010101100001101011011000001111011001010101001011110110110000100100111001110111010101001010100011100110111011110001111000000000100101001101101010010011100110110100010010001111100111101000100101010000111110100010001111010011111010010011100101010101101
000000000000000000000
000000000000000000000
000000000000000000000
000000000010000000000
000000000001000000000
000000000000100000000
000000000000010000000
000000000000001000000
000000000000000100000
000000000000000010000
000000000000000001000
000000000000000000000
000000000000000000000
000000000000000000000
000000000000000000000
000000000000000000000
000000000000000000000
000000000000000000000
000000000000000000000
000000000000000000000
000000000000000000000
#
It:30:Diff:35:PSOStep:7:Time:1.300404336:s:AutomataStep:7:Transition:00100000010000000010101001011011100010110011010010111110110010000001000000000101110000100100001101001000100000000000100000010000101100000011000010111000010010001100100100000101110000001011101111010010000011010100111111111000010101000100011110100110010011010000000010111100001100011011000000101001001010101001010110010011000100010111000100110010010000010100011100100111010010001100000000000100101001101111011010010100110110000010010000110100111101000100101101000101010110010001010000011001010110001100101010100000
000000000000000000000
000000000000000000000
000000000000000000000
000000000010000000000
000000000001000000000
000000000010100000000
000000000100110000000
000000000001000000000
000000000011000100000
000000001000001010000
000000011001010101000
000000001000001110000
000000000101001100000
000000000111001000000
000000000011110000000
000000000001100000000
000000000001000000000
000000000010000000000
000000000000000000000
000000000000000000000
000000000000000000000
#
It:35:Diff:33:PSOStep:7:Time:1.501036649:s:AutomataStep:7:Transition:00100001010000000010011011011011110010110011010010111110010010000001010000000101110001100100101111100000100101000100000000010010101101000011000001011001010000111100100100011001110010111001101111111010001101010110110111111100010100001100010010100110110011100100000010111100001100011010000010111001001000101001011010010011000100110011001100110000110000000100011110100111011100001111000000000100101001101111010010010101110110000110010001111100111111100000101111000111110110010101110000011111010110001000101010000000
000000000000000000000
000000000000000000000
000000000000000000000
000000000010000000000
000000000001000000000
000000000010100000000
000000000110010000000
000000000000111000000
000000000010001100000
000000001010001010000
000000000000010101000
000000001000100010000
000000000001110100000
000000000000101000000
000000000100010000000
000000000000100000000
000000000001000000000
000000000010000000000
000000000000000000000
000000000000000000000
000000000000000000000
#
It:38:Diff:32:PSOStep:7:Time:1.594419955:s:AutomataStep:7:Transition:00100001110000000001101101010000101010110111010110111110110101010101100000011111110001100011101101111000100100000001100000010010101110000011000000001000010011101100110110011110111100010011100111110011100001010110011011111100011101111100010100100100011011010110000000101101001100011110000100111001001000101001011110100111000100000001000100100010001011010101010100100111011110000100010000000100100101100011111000100101110110111111010001110100111000101100101000000100010100010001011000011001011110001100100010101100
000000000000000000000
000000000000000000000
000000000000000000000
000000000010000000000
000000000101000000000
000000000000100000000
000000010101010000000
000000000011001000000
000000101010010100000
000000101110100010000
000111010001000101000
000010110010100010000
000000000010111100000
000000000010001000000
000000000101010000000
000000000011100000000
000000000101000000000
000000000010000000000
000000000000000000000
000000000000000000000
000000000000000000000
#
It:53:Diff:29:PSOStep:7:Time:2.361307026:s:AutomataStep:7:Transition:00110000110000000001101101110000101010111100010110101000110111010101100000010110110001100101101101111001100100000101000000110011101100000010000000001010000010111100110110011110101100010011100111110011100001000110111101111100001001111100011000100100011011100110000000001101000000001000000100100000001000100000000110100100000100000001110000100010001010010111010100100101011110100100011001000000100001100011101010100101110111111111110001110100111000101000110011000110010001110011010001011001011110011100000010001100
000000000000000000000
000000000000000000000
000000000000000000000
000000000010000000000
000000000101000000000
000000001010100000000
000000010101010000000
000000110110101000000
000001011101000100000
000011010011111010000
000100001100001101000
000010000000000010000
000000111100000100000
000000100000001000000
000000011100010000000
000000001100100000000
000000000101000000000
000000000010000000000
000000000000000000000
000000000000000000000
000000000000000000000
#
It:58:Diff:27:PSOStep:7:Time:2.538124333:s:AutomataStep:7:Transition:00100000100001000001101111110001101000111000010100101000010110110001000000010110100001101000101000111011100100000101010100100011101100010010000000001001001010101111110110011110101000010011000111110011100001000000111101111000011001101001011000100100011111100110000000011101000000001000000100100010001000100000001111100100000100000001100000100010000010010111011100100101011110000100010000000000100001101011101000100101110111110111110001010100110000100101110010010100001000010001011000011000011111001101100010101100
000000000000000000000
000000000000000000000
000000000000000000000
000000000010000000000
000000000101000000000
000000001000100000000
000000010010010000000
000000000001101000000
000000001000010100000
000010001010000010000
000101001101010101000
000010000100100010000
000000000001010100000
000000101010001000000
000000011000010000000
000000001100100000000
000000000101000000000
000000000010000000000
000000000000000000000
000000000000000000000
000000000000000000000
#
It:60:Diff:19:PSOStep:7:Time:2.620289074:s:AutomataStep:7:Transition:00100000110101000001101101110001101000111001011100111100010111110001000000010110101000101000101000011001100100000101000100101011101100010010010000101001000000101100110110111110101000010011001111110011100001000010111101111100011001101101011000100100011011100110000000011100000000001000000100100010001010100000001110100100000100000001100000100010100010010101010100100101010111101100000000000000100101100011001000100101110111100111010001110100111000000000111100000100010000010011011000011000011111011101001000000100
000000000000000000000
000000000000000000000
000000000000000000000
000000000010000000000
000000000101000000000
000000001010100000000
000000010101010000000
000000101010101000000
000001010101010100000
000010101010101010000
000101010001010101000
000010011010101010000
000001001001011100000
000000100010001000000
000000010100010000000
000000001010100000000
000000000101000000000
000000000010000000000
000000000000000000000
000000000000000000000
000000000000000000000
#
It:286:Diff:17:PSOStep:7:Time:11.445057303:s:AutomataStep:7:Transition:00100000110001000001101101110000101000111011010000111100010111110001000000110010101000100110101000111001101100000101000100100011101100000010010000001011001010101101100110011110101110011011100111110011100101000010101001111100011001101100011000100100010011100110000100001000000100001000000101100011001010100000101110000100000100000001000000100010000011100111011001100101011110101100010000000100100101101011101000100001100111110011011101110100110000010100111100000101010100110011010000111000011100010100001100101100
000000000000000000000
000000000000000000000
000000000000000000000
000000000010000000000
000000000101000000000
000000001000100000000
000000010101010000000
000000100010001000000
000001010001010100000
000010001010100010000
000101011001010101000
000010000000101010000
000000000000010100000
000000111000101000000
000000010001010000000
000000001111100000000
000000000101000000000
000000000010000000000
000000000000000000000
000000000000000000000
000000000000000000000
#
It:359:Diff:16:PSOStep:7:Time:14.359469389:s:AutomataStep:7:Transition:00100000110101000001101101110000101000111011010000111100010011110001000000111110101000100010101000111001100100000101000110101011111110000010010000001011001000101101100110011110101100011011000111110011100001000010101011111100011001101100011000100100010011100110000000001001000100000000000101100010001000100000101110000101000100000001100000100010100010000101011001100111011110101100001000000000100101100011101000100101100111110111011101110100111001001100111100011101000000110010010000011000011110010100101000000100
000000000000000000000
000000000000000000000
000000000000000000000
000000000010000000000
000000000101000000000
000000001000100000000
000000010101010000000
000000100010001000000
000001010001010100000
000010001010100010000
000101011001010101000
000010000000101010000
000000000000010100000
000000111000101000000
000000010001010000000
000000001011100000000
000000000101000000000
000000000010000000000
000000000000000000000
000000000000000000000
000000000000000000000
end
