PSO TRACE
INIT:../../instances/fazia/init.csv
REF:../../instances/fazia/asvn2.csv
DecodingPolicy:CPP2
MutationPolicy:Std
ParticleNeighborhood:Fixed
ParticleDims:515
ParticleCount:100
AccP:2.0
AccG:2.0
AccL:1.5
AccI:2.3
Pos:0.0-3.0
Inertia:0.9-0.6
VeloMax:2.0
MaxPSOIteration:500
InertiaDecrFactor:6.000000000000001E-4
INIT
000000000000000000000
000000000000000000000
000000000000000000000
000000000000000000000
000000000000000000000
000000000000000000000
000000000000000000000
000000000000000000000
000000000000000000000
000000000000000000000
000000000010000000000
000000000000000000000
000000000000000000000
000000000000000000000
000000000000000000000
000000000000000000000
000000000000000000000
000000000000000000000
000000000000000000000
000000000000000000000
000000000000000000000
REF
000000000000000000000
000000000000000000000
000000000000000000000
000000000010000000000
000000000101000000000
000000001000100000000
000000010100010000000
000000100010001000000
000001010001000100000
000010001010101010000
000100010001000101000
000010001000100010000
000001000100010100000
000000100010001000000
000000010001010000000
000000001000100000000
000000000101000000000
000000000010000000000
000000000000000000000
000000000000000000000
000000000000000000000
Classic CPP Decoder
0 :1,2,3,4,
1 :0,2,3,4,
2 :0,1,3,4,
3 :0,1,2,4,
4 :0,1,2,3,
5 :6,7,8,9,
6 :5,7,8,9,
7 :5,6,8,9,
8 :5,6,7,9,
9 :5,6,7,8,
10 :11,12,13,14,
11 :10,12,13,14,
12 :10,11,13,14,
13 :10,11,12,14,
14 :10,11,12,13,
15 :16,17,18,19,
16 :15,17,18,19,
17 :15,16,18,19,
18 :15,16,17,19,
19 :15,16,17,18,
20 :21,22,23,24,
21 :20,22,23,24,
22 :20,21,23,24,
23 :20,21,22,24,
24 :20,21,22,23,
25 :26,27,28,29,
26 :25,27,28,29,
27 :25,26,28,29,
28 :25,26,27,29,
29 :25,26,27,28,
30 :31,32,33,34,
31 :30,32,33,34,
32 :30,31,33,34,
33 :30,31,32,34,
34 :30,31,32,33,
35 :36,37,38,39,
36 :35,37,38,39,
37 :35,36,38,39,
38 :35,36,37,39,
39 :35,36,37,38,
40 :41,42,43,44,
41 :40,42,43,44,
42 :40,41,43,44,
43 :40,41,42,44,
44 :40,41,42,43,
45 :46,47,48,49,
46 :45,47,48,49,
47 :45,46,48,49,
48 :45,46,47,49,
49 :45,46,47,48,
50 :51,52,53,54,
51 :50,52,53,54,
52 :50,51,53,54,
53 :50,51,52,54,
54 :50,51,52,53,
55 :56,57,58,59,
56 :55,57,58,59,
57 :55,56,58,59,
58 :55,56,57,59,
59 :55,56,57,58,
60 :61,62,63,64,
61 :60,62,63,64,
62 :60,61,63,64,
63 :60,61,62,64,
64 :60,61,62,63,
65 :66,67,68,69,
66 :65,67,68,69,
67 :65,66,68,69,
68 :65,66,67,69,
69 :65,66,67,68,
70 :71,72,73,74,
71 :70,72,73,74,
72 :70,71,73,74,
73 :70,71,72,74,
74 :70,71,72,73,
75 :76,77,78,79,
76 :75,77,78,79,
77 :75,76,78,79,
78 :75,76,77,79,
79 :75,76,77,78,
80 :81,82,83,84,
81 :80,82,83,84,
82 :80,81,83,84,
83 :80,81,82,84,
84 :80,81,82,83,
85 :86,87,88,89,
86 :85,87,88,89,
87 :85,86,88,89,
88 :85,86,87,89,
89 :85,86,87,88,
90 :91,92,93,94,
91 :90,92,93,94,
92 :90,91,93,94,
93 :90,91,92,94,
94 :90,91,92,93,
95 :96,97,98,99,
96 :95,97,98,99,
97 :95,96,98,99,
98 :95,96,97,99,
99 :95,96,97,98,
#
It:0:Diff:44:PSOStep:7:Time:0.152458761:s:AutomataStep:7:Transition:00000101100000000101001000001101000000110000001101000100100110010000010000011010010001001110000001001010100011111111100000000001000010000000010000000111101000011010010100001001000001111100101101100001000100010100001010010111100011000101001100111010000000000011001011001011010111000101011100011000001011001000011000101010011000010101011001100110001001101010000101000010110000100000000110111100111101101010110010001000000101001000001100001001110010101000100010100000001001000101010000000001000101110000111000100001
000000000000000000000
000000000000000000000
000000000000000000000
000000000000000000000
000000000000000000000
000000000000000000000
000000000000000000000
000000000000000000000
000000000000000000000
000000000000000000000
000100000000000000000
000000000000000000000
000000000000000000000
000000000000000000000
000000000000000000000
000000000000000000000
000000000000000000000
000000000000000000000
000000000000000000000
000000000000000000000
000000000000000000000
#
It:1:Diff:43:PSOStep:3:Time:0.254541096:s:AutomataStep:3:Transition:00100101100010100110000100011101000011010111011111010101100110010011001000011110000001101010110010001101100011011011100001010100000001100010010110001111101010011010000100001111000001111100001101111001000110111110011010000111111111000101101101101011010100100011010111011010001010010111011010010100001110010101001000011110011111001110110011110111100011111001100101101011011001100001000100111110010111011010110010010010011110000100110000010001000010100100010100111110001011100100100010100000101000100011111100100001
000000000000000000000
000000000000000000000
000000000000000000000
000000000000000000000
000000000000000000000
000000000000000000000
000000000000000000000
000000000010000000000
000000000100000000000
000000001000000000000
000000010000000000000
000000000000000000000
000000000000000000000
000000000000000000000
000000000000000000000
000000000000000000000
000000000000000000000
000000000000000000000
000000000000000000000
000000000000000000000
000000000000000000000
#
It:4:Diff:42:PSOStep:3:Time:0.314505085:s:AutomataStep:3:Transition:00110001101010100101000101011101000011000011011111010100110110010010001001011110000001101110011011001100000100011001100001010100101011100111010100001110101010011010000100001011001011111100001101100001110010001110011110010010001001001100101101101010010010000011010111011010000010111111011010010010101010000101001100011110011110011100000011110111111001111001100000101000010000101101000110101110100111111010110110000010001110000110100000010011001010101000110100111100001011001100110010000000001000100011011100100001
000000000000000000000
000000000000000000000
000000000000000000000
000000000000000000000
000000000000000000000
000000000000000000000
000000000000000000000
000000000010000000000
000000000100000000000
000000001110000000000
000000010000000000000
000000001110000000000
000000000100000000000
000000000010000000000
000000000000000000000
000000000000000000000
000000000000000000000
000000000000000000000
000000000000000000000
000000000000000000000
000000000000000000000
#
It:6:Diff:41:PSOStep:3:Time:0.357846056:s:AutomataStep:3:Transition:00110000111010110000000101001011000011000011111100000110111100110000000001010100010000110000011010001100000100010000001101110000110001000110001000110010001010010010001001000011000011110001000111000100110000101000100110000010001001001010100101001111000001000001000011011011000001101010011011010010000010000001011000000110011010001010000001010011011000010100110100101000010000000000000010001110110011100010010100010001100000100101110000011010001011100000011000011100001110001000110001000001001001101001011100000010
000000000000000000000
000000000000000000000
000000000000000000000
000000000000000000000
000000000000000000000
000000000000000000000
000000000000000000000
000000000010000000000
000000000100000000000
000000000110000000000
000000010000000000000
000000001000000000000
000000000100000000000
000000000010000000000
000000000000000000000
000000000000000000000
000000000000000000000
000000000000000000000
000000000000000000000
000000000000000000000
000000000000000000000
#
It:14:Diff:39:PSOStep:3:Time:0.465881883:s:AutomataStep:3:Transition:00110101111011110010110101011011010011000001111000100100111010110001000011110101010001010101011010001100100100011001001101111100100101001111100010110000001000010010001000000011000010110000000101001100111000110000011101000010001011001000001101000010010001000001010011011111001011110010011010010000001110000101101100100110101010011000110010010010011001010110110010100000100000000001001110101100110011000000110100010101000010100111100001111000011011101010011000101000001110001000100000000001001000101111011000110010
000000000000000000000
000000000000000000000
000000000000000000000
000000000000000000000
000000000000000000000
000000000000000000000
000000000000000000000
000000000010000000000
000000000001000000000
000000000010000000000
000000011011000000000
000000001000000000000
000000000100000000000
000000000010000000000
000000000000000000000
000000000000000000000
000000000000000000000
000000000000000000000
000000000000000000000
000000000000000000000
000000000000000000000
#
It:17:Diff:37:PSOStep:7:Time:0.50834429:s:AutomataStep:7:Transition:00100100111010110010010101001111010101000100111100000111111010110101010001011101010001010000011000001110100101010001000101011000000111010110110010010000001010010010011000000101000011111000000101001100011100100000101100000010001001001100100101000110010001000010000011011011001011111000011011010000101110000101001100111110001010010010110001011011110001110100100110111000000000000101010111000100110001000000010010000101100010100011110010011000000011100011001100101000011000001000100001000001011000101001011000000111
000000000000000000000
000000000000000000000
000000000000000000000
000000000010000000000
000000000100000000000
000000001000000000000
000000010000000000000
000000100000000000000
000001000000000000000
000010000000000000000
000100000000000000000
000000000000000000000
000000000000000000000
000000000000000000000
000000000000000000000
000000000000000000000
000000000000000000000
000000000000000000000
000000000000000000000
000000000000000000000
000000000000000000000
#
It:20:Diff:30:PSOStep:7:Time:0.560928592:s:AutomataStep:7:Transition:00110000111011110011010100011011010101000001111010000110111010110101010001011111000001110000010001001110100101011001000101010000110110111110110000111100001001010000011001000101000011101101011111100110100000101000101101000010011011001110000101001110000001000010000011010011000001110010011011010100101010000001010100111110001010010001110101011110011001010100000100101000000000011100010100001110110011000000110100000101100000100011100000011000010011100011001100100010010100001000100001000001000100100001011010001011
000000000000000000000
000000000000000000000
000000000000000000000
000000000010000000000
000000000100000000000
000000001000000000000
000000010000000000000
000000100000000000000
000001000000000000000
000010000000000000000
000100000000000000000
000010000000000000000
000001000000000000000
000000100000000000000
000000010000000000000
000000001000000000000
000000000100000000000
000000000010000000000
000000000000000000000
000000000000000000000
000000000000000000000
#
It:48:Diff:27:PSOStep:7:Time:1.084441181:s:AutomataStep:7:Transition:00100001111011100000010110010000100001000000001100000010111110100000010000011110010101111000000011001100000100011001000001011000111110011100100010001010011000011100010100100100000011101101100101000100101000010100001111000010011001101010001101000110000101000011010011001010000001110010001001110000111010011101001000101110101000011000010000010100100001110001111100111010110011111111010111100101101100000000111000101111010011000001110011000010000000110110001000010110111001001010100011000011100100001100010000101001
000000000000000000000
000000000000000000000
000000000000000000000
000000000010000000000
000000000101000000000
000000000010000000000
000000000110100000000
000000101011001000000
000001000011000000000
000011101000001010000
000100010001011101000
000010001110101010000
000001010100010100000
000000100100101000000
000000010000010000000
000000001010100000000
000000000101000000000
000000000010000000000
000000000000000000000
000000000000000000000
000000000000000000000
#
It:77:Diff:23:PSOStep:7:Time:1.649216945:s:AutomataStep:7:Transition:00100000111011000001000100001011110101000000011000000010111110110001000010011101000000100000000011011100000100011001110001011000110100000000100000000000101000010000010101000101000011100001000111000001101000011000000111000000011011001100000101100110000001000000000011001010000001110010000011010100101010001001010000101110101000011001000001111110000000010000000100111011010011010101010101010010110001000000110000000101000010000001100000010010000001100010000000100010010001000000000011100001000000000101010100100001
000000000000000000000
000000000000000000000
000000000000000000000
000000000010000000000
000000000101000000000
000000001000100000000
000000010000010000000
000000100101000000000
000001000001000000000
000010001001001010000
000100010100110101000
000010011000100010000
000001000010001000000
000000110010000000000
000000010001010000000
000000001010100000000
000000000101000000000
000000000010000000000
000000000000000000000
000000000000000000000
000000000000000000000
#
It:128:Diff:22:PSOStep:7:Time:2.626800731:s:AutomataStep:7:Transition:00100000111011110001010100000010100101001101011000000010111111110001000010011110000101001000000011001110000100011001110001011000101010011010100110000100011001010000010001000100000011101111000111001010110000111000011111000010011001001110000101000110000001000000000011001011000001110010001001010100101010001101001000111110001000011011000001111110001000110000100100111000000010111100010111010000110100000000110000000001010010000001110000110000010001100011011100100010001000001010100011000001010101000111010100111001
000000000000000000000
000000000000000000000
000000000000000000000
000000000010000000000
000000000101000000000
000000001000000000000
000000010110000000000
000000100010000000000
000001101110011000000
000010000101001110000
000100010001000101000
000010001010100010000
000001000101010100000
000000100010101000000
000000010001010000000
000000001000100000000
000000000101000000000
000000000010000000000
000000000000000000000
000000000000000000000
000000000000000000000
#
It:131:Diff:14:PSOStep:7:Time:2.685648311:s:AutomataStep:7:Transition:00100000111011110001000110000011110101001100011000000010011111100100000011111111000101000000000011001110000100010001110001011000100100011010100010000100101000010000010001000100000011100001001101000000100000011100001111000000011001001111000101101110000000000001000011000011000001110010001001010100111010001001011010111110001000011000000001011110001000110000000100111010000011011100010111011000110100001000010010000100010001000001100000011010000011110011110101110010011001001010010011000001000101001101010100001001
000000000000000000000
000000000000000000000
000000000000000000000
000000000010000000000
000000000101000000000
000000001000100000000
000000010001010000000
000000100010000000000
000001000110000000000
000010001000101010000
000100010000000101000
000010001000111010000
000001000100010100000
000000100001001000000
000000010001010000000
000000001000100000000
000000000101000000000
000000000010000000000
000000000000000000000
000000000000000000000
000000000000000000000
#
It:185:Diff:9:PSOStep:7:Time:3.71825421:s:AutomataStep:7:Transition:00100000111011110001000110000011110101001000001000000010011111110100000000011111000101000000000011001110010100011011110001011000101000011010100100000111111000010000110101001110000011100011000111000010101000011000011111000000011011001100000101101110000000010001000011001011001000110010001011010100101010011001011000111110001000011000010001010010101000010001000111111010010011011110010101101000111100000010111000001000011010000101100000011010000011110101000000110010010001001010110000100001000101001111010100101001
000000000000000000000
000000000000000000000
000000000000000000000
000000000010000000000
000000000101000000000
000000001000100000000
000000010001010000000
000000100010001000000
000001000100010100000
000010001000101010000
000100010001010101000
000010001000101010000
000001000100010100000
000000100010001000000
000000010001010000000
000000001000100000000
000000000101000000000
000000000010000000000
000000000000000000000
000000000000000000000
000000000000000000000
#
It:276:Diff:8:PSOStep:7:Time:5.558792708:s:AutomataStep:7:Transition:00100000111011110011000100001010110101001000001010000010001111110100000001011111000001001000000011001110000100010001110001011000101000011000100100000001111000010000010100001110000011100001000111000010101000011100001111000000011001001110000101101110000000000001000011000011001000110010001011010100101010011001011000111110001010010000010001010110101000110001000111111010010011011110010101111000111100000010111000000101011010000101100000011000000010110101101000111010011001001010000010100001010101001111010100101001
000000000000000000000
000000000000000000000
000000000000000000000
000000000010000000000
000000000101000000000
000000001000100000000
000000010001010000000
000000100010001000000
000001000100010100000
000010001000100010000
000100010001000101000
000010001000100010000
000001000100010100000
000000100010001000000
000000010001010000000
000000001000100000000
000000000101000000000
000000000010000000000
000000000000000000000
000000000000000000000
000000000000000000000
end
