PSO TRACE
INIT:../../instances/fazia/init.csv
REF:../../instances/fazia/asm4.csv
DecodingPolicy:CPP2
MutationPolicy:Null
ParticleNeighborhood:Fixed
ParticleDims:515
ParticleCount:100
AccP:2.0
AccG:2.0
AccL:1.5
AccI:2.3
Pos:0.0-3.0
Inertia:0.9-0.6
VeloMax:2.0
MaxPSOIteration:500
InertiaDecrFactor:6.000000000000001E-4
INIT
000000000000000000000
000000000000000000000
000000000000000000000
000000000000000000000
000000000000000000000
000000000000000000000
000000000000000000000
000000000000000000000
000000000000000000000
000000000000000000000
000000000010000000000
000000000000000000000
000000000000000000000
000000000000000000000
000000000000000000000
000000000000000000000
000000000000000000000
000000000000000000000
000000000000000000000
000000000000000000000
000000000000000000000
REF
000000000000000000000
010000000000000000010
001011111111111111110
000000000000000000000
001011111111111110100
001011111111111110100
001011111111111110100
001011111111111110100
001011111011111110100
001011111101111110100
001011000101111110100
001011000110111110100
001011110111111110100
001011111111111110100
001011111111111110100
001011111111111110100
001011111111111110100
010100000000000001100
001011111111111110010
010000000000000001000
000000000000000000000
Classic CPP Decoder
0 :1,2,3,4,
1 :0,2,3,4,
2 :0,1,3,4,
3 :0,1,2,4,
4 :0,1,2,3,
5 :6,7,8,9,
6 :5,7,8,9,
7 :5,6,8,9,
8 :5,6,7,9,
9 :5,6,7,8,
10 :11,12,13,14,
11 :10,12,13,14,
12 :10,11,13,14,
13 :10,11,12,14,
14 :10,11,12,13,
15 :16,17,18,19,
16 :15,17,18,19,
17 :15,16,18,19,
18 :15,16,17,19,
19 :15,16,17,18,
20 :21,22,23,24,
21 :20,22,23,24,
22 :20,21,23,24,
23 :20,21,22,24,
24 :20,21,22,23,
25 :26,27,28,29,
26 :25,27,28,29,
27 :25,26,28,29,
28 :25,26,27,29,
29 :25,26,27,28,
30 :31,32,33,34,
31 :30,32,33,34,
32 :30,31,33,34,
33 :30,31,32,34,
34 :30,31,32,33,
35 :36,37,38,39,
36 :35,37,38,39,
37 :35,36,38,39,
38 :35,36,37,39,
39 :35,36,37,38,
40 :41,42,43,44,
41 :40,42,43,44,
42 :40,41,43,44,
43 :40,41,42,44,
44 :40,41,42,43,
45 :46,47,48,49,
46 :45,47,48,49,
47 :45,46,48,49,
48 :45,46,47,49,
49 :45,46,47,48,
50 :51,52,53,54,
51 :50,52,53,54,
52 :50,51,53,54,
53 :50,51,52,54,
54 :50,51,52,53,
55 :56,57,58,59,
56 :55,57,58,59,
57 :55,56,58,59,
58 :55,56,57,59,
59 :55,56,57,58,
60 :61,62,63,64,
61 :60,62,63,64,
62 :60,61,63,64,
63 :60,61,62,64,
64 :60,61,62,63,
65 :66,67,68,69,
66 :65,67,68,69,
67 :65,66,68,69,
68 :65,66,67,69,
69 :65,66,67,68,
70 :71,72,73,74,
71 :70,72,73,74,
72 :70,71,73,74,
73 :70,71,72,74,
74 :70,71,72,73,
75 :76,77,78,79,
76 :75,77,78,79,
77 :75,76,78,79,
78 :75,76,77,79,
79 :75,76,77,78,
80 :81,82,83,84,
81 :80,82,83,84,
82 :80,81,83,84,
83 :80,81,82,84,
84 :80,81,82,83,
85 :86,87,88,89,
86 :85,87,88,89,
87 :85,86,88,89,
88 :85,86,87,89,
89 :85,86,87,88,
90 :91,92,93,94,
91 :90,92,93,94,
92 :90,91,93,94,
93 :90,91,92,94,
94 :90,91,92,93,
95 :96,97,98,99,
96 :95,97,98,99,
97 :95,96,98,99,
98 :95,96,97,99,
99 :95,96,97,98,
#
It:0:Diff:136:PSOStep:5:Time:0.098397436:s:AutomataStep:5:Transition:01101111110111100111111011101110111111111111101111110110000010101011011110101001111001111111111101101101101111010111111111111111111011111101100001011111110110111101111010111101011111101011111011111111111011111111111111111111111111111111111110111111100111111111111111111111110111111111111111111111111101111111111101111111111111101111011111111111111110111110101101011111011011111111011111111111111011110101111101011110011011111111111101111010111011001111010111111111001100111100010100111011111111111100111110111111
000000000000000000000
000000000000000000000
000000000000000000000
000000000000000000000
000000000000000000000
000001110111011100000
000001111011101100000
000001101110111100000
000000110110111100000
000001111011111100000
000000100111111100000
000001111111111100000
000000111111111100000
000001111111111100000
000001111111110100000
000001111111111100000
000000000000000000000
000000000000000000000
000000000000000000000
000000000000000000000
000000000000000000000
#
It:1:Diff:129:PSOStep:5:Time:0.183948371:s:AutomataStep:5:Transition:10100111110111111111111011101111011111110101111011111111101101101111011111011011101010100100100111011111110100111111111111101101111111111100111011011110111110101111011001101011011101011110000100101011001101110110110111001110111111101100101010111111111101001101010111111111010010011111011110011111101110011101111101011111001111111111110011111011100111111110110111001110101111011101010101101011111111011111110101110111111010010111111110111001110101010100111011101010111101111111100101111111111111111011111111111111
010111111111111111111
110000000000000001001
011011111111111111111
111000000000000001001
101011111111111110101
101011111111111110101
101011111111111110101
101011111111111110101
101011111111111110101
101011111111111110101
101011111111111110101
101011111111011110101
101011111111111110101
101011111111111010101
101011111111111010101
101011111111111110101
101011111111111110101
101011111111111111110
011011111111111111111
000011111111111111111
101111111111111111111
#
It:2:Diff:95:PSOStep:8:Time:0.20830362:s:AutomataStep:8:Transition:01110111111111011101111011101110111111111101111011011111101111101111111111111001001001101111010111111110110110111001111011111111011111110111111011110110111111101110110111111101111111110111100111101111111101100010111111001110111111111010101111111111111111111111101111111110011111001111110110111111100010011101111111111111111111001111110111111111101111111111110111111110110101111110111001111101111111111111111111111101111111110111111010111011101111011101111011111111111101111100011000011111111001111111011110111111
000000000000000000000
000000000000000000000
001111111110000000000
001000111111000000000
001011111011100000000
001011010111110000000
001011111111111000000
001011111100111100000
001011110110111110000
001011011100111111000
001011101101101110100
001011101111101111100
001011110110111011100
001010111011111011100
001011111110111011100
001011101110111011100
001011101110111011100
001011101110111011100
001010101010101010100
000000000000000000000
000000000000000000000
#
It:5:Diff:86:PSOStep:8:Time:0.258893279:s:AutomataStep:8:Transition:01101111110101011111111001111011111111110111111111111111111011101111101111111111111011110111001101111111110111110110111011110111111011111111111011011111111101001101111111101101110011100111011111111111111111110111110111011011101111101011101111111111111111101111011111111111011111001111011111111111101010111101111111111110111110101110110111111011101110011111110101111111111011111111111111111111111111111111111001011101101101111111111110011111011111011111111011111111110101111111011001111011100101110001111111111111
000000000000000000000
000000000000000000000
001011101110111011100
001101110111011101100
001111011101110111100
001111111111111111100
001111110101111111100
001111111111111101100
001111111111111111100
001111111111011111100
001111111111111111100
001111111111111101100
001111111111111111100
001111111111111111100
001111111111111111100
001111111111111101100
001111111111111111100
001111111111111111100
001111111111111111100
000000000000000000000
000000000000000000000
#
It:6:Diff:77:PSOStep:6:Time:0.282745875:s:AutomataStep:6:Transition:01111111110111111111111111111111111111110111111111111111111111111111111111111011111101110111111111111111110111111111111011111111111111101111111111111101111111111110110111111101011111101111100111111110110111111111111111011111111111111110111110111111111111111111111111111111111110110111111111111111111011111101111111111111111111101111111011111101111111111111110111111011110011111111101111111111111111111111111111111101111111111111111111111111111111011111111111111111111101111111111111111111111111111110111111111111
000000000000000000000
000000000000000000000
000000000000000000000
000000000000000000000
000011111111111110000
000011111111111110000
000011111111111110000
000011111111111110000
000011111111111110000
000011111111111110000
000011111111111110000
000011111111111110000
000011111111111110000
000011111111111110000
000011111111111110000
000011111111111110000
000011111111111110000
000000000000000000000
000000000000000000000
000000000000000000000
000000000000000000000
#
It:14:Diff:75:PSOStep:8:Time:0.387707894:s:AutomataStep:8:Transition:01111111110111101111111111101011101111010111011011111111111011101011111111111011011101110111111111011011111111111000111011111111001111111111101110011101111111111100111111001111111100100101110111101110110111101010110101011110111001101010110110110111111111111110001111111111111111111111110111111111111001011101111111110111111111101111111011011001110111011111010111111011110100111011100111111101101110111111111001001101111111000111111001110111110111011111111111111111111101111101111111011101101111011010010110101111
000000000000000000000
000000000000000000000
001111111111111111100
001000001101101101100
001111111111111111100
001010111111111111100
001011111111110111100
001111111111111111100
001011101110111111100
001111111111111111100
001111111111111111100
001111111111111111100
001011101111111111100
001111111111111111100
001111111111111111100
001111111111111111100
001011111111111111100
001111111111111111100
001010101010101010100
000000000000000000000
000000000000000000000
#
It:28:Diff:72:PSOStep:8:Time:0.610397731:s:AutomataStep:8:Transition:01111111110111111110010011101101111011111101110111111111111011111111111111011111111011101101101000110111011100110111101111110111110001110111111111111111111001110001111111011001000111011101100111101111111111111111111111011111111111011011111110011011110111111111101110110111011111011110011111111110011011101101111111111111101111001011111101110110111110111111111001101111111111101111100110011011111111111111110111111111101111010101111111101101111111011111111011111111001111011111101101011111111111010111111101111101
000000000000000000000
000000000000000000000
001111111111111111100
001011101110111011100
001111111111111110100
001011111111111111100
001111111111111111100
001011111110111011100
001111111111111011100
001011111110011111100
001111111111111100100
001001111111111011100
001111101111100111100
001011011101011100100
001111011100111111100
001011101011111111100
001111111111111110100
001100000000000001100
001111111111111111100
000000000000000000000
000000000000000000000
#
It:32:Diff:69:PSOStep:8:Time:0.669599156:s:AutomataStep:8:Transition:01111111110001111001111111000111111110111111010110111111111111101110111111111110111110101101101111011110111111010110101101110101110110110100111011011111110111111110011111110001010101111110100111111111101111010110111111011111111110111110101101111111111111111101110110110111010111001111111110111001101111111101111111010111110111101111110101110111011111010111111111110111111011001111111110011111011111011101111111111111011111011011110011011111111111011110111111111101111111101111001101111010111111010111111111101111
000000000000000000000
000000000000000000000
001111111111111111100
001011000000000001100
001111111011110111100
001111111111111111100
001111111111111111100
001111111111111111100
001111111111111111100
001111111111111111100
001111111111111111100
001111111111111111100
001111111111111111100
001111111111111111100
001111111111111111100
001111111111111111100
001111111111111111100
001111111111111111100
001111111111111111100
000000000000000000000
000000000000000000000
#
It:33:Diff:60:PSOStep:8:Time:0.687547738:s:AutomataStep:8:Transition:01111111100111011111111111001100111111111111111101111110111111101101110111111001011011111110111111110111111100111111111111101101110111110101111111111110111111111110111111111111011111110111100111111111011111110011111111011111110111111110111110111111011111111011111111111111010010111111110110011111111101111101111101111111111111111111111111111110111110111111101111111111111111011111011111001011111111110101111111011111111111111111111111111011101111011111111011111111110001101111100101111101111111011111111101111111
000000000000000000000
000000000000000000000
001111111111111111100
000000000000000001100
001111111111111111100
001111111111011111100
001111111111111111100
000011111111011111100
001111111111111111100
001111111111111111100
001111001111111111100
000011111111111111100
001111111111111111100
001111111111111111100
001111111111111111100
000011011111111111100
001111111110111111100
001100110110101101100
001111111111111111100
000000000000000000000
000000000000000000000
#
It:35:Diff:56:PSOStep:8:Time:0.719864651:s:AutomataStep:8:Transition:01111111111111101111111111101100111111000011110101111111011111101111111111111011111111111100111111011101110111010011101111111101111011110111111111111100101111101110101111111111100111111111110111101111110111110111111111001111110111111110111110111111011110111111111111101111111010111111111101010110110010111110111111111111111111011011111011111101111101110111010111111111111011001110111110111110111011011111111111011111111101111111001111111111111111011101011011111111011101111110001101111101111110111111111111111111
000000000000000000000
000000000000000000000
001111111111111111100
001000000000000001100
001011111111111111000
001011111111111111100
001010101111111111100
001011111111111111000
001011111111111111100
001011111111111111100
001011001111111111000
001011101111111110100
001011101111111110000
001011111111111110100
001011111111111111100
001011111111111111000
001011111111111111000
001111111111111111000
001111111111111111100
000000000000000000000
000000000000000000000
#
It:44:Diff:55:PSOStep:8:Time:0.849355561:s:AutomataStep:8:Transition:01111011111111011111111101101100111111010110111101110111011110101111111111011001011111111111111111011110110110111111101111111101110011110110111100111111101000101111101111011111111110101111110111111111110111110010111111001111110011111111001110111111111111011101111111101111111110011111110111111110110011101111101111011011111111111010111010111101111101111101010101111111111111001111111111111111111101101111110111111011111111111111101110111111111111011101111011101101111101110110011101111111011110011101111110111111
000000000000000000000
000000000000000000000
001111111111111111100
001000000000000001100
001011111111111111100
001011111111111111100
001010111111111111100
001011011111111111100
001011101111111111100
001011101111111111100
001011101111111111100
001011101111111111100
001011101111111111100
001011111111111111100
001011111111111111100
001011111111111111100
001011111111111111100
001111111111111111100
001111111111111111100
000000000000000000000
000000000000000000000
#
It:62:Diff:54:PSOStep:8:Time:1.093295698:s:AutomataStep:8:Transition:01111111111111011111111101101000111111010110111101110111011111101100111111011011011111101111111111111111110111111011011111110111110011100111111100010010101010101111111111011011111110101111100111111111110111111110111101001111110011111011001100111111100111111110111111101111110110111110111111111010100011101001101110101111101111111011110110111101111101110101011000111111111111001100111111111101101111001101101111111011111100111111111111111111111111011100001011111101111101110111100101111111001110011100111111111111
000000000000000000000
000000000000000000000
001111111111111111100
001000000000000001100
001011111111111111100
001011111111111111100
001011111111111111100
001011110111111111100
001011111111111111100
001011111111111111100
001011111111111111100
001011101111111111100
001011111111111111100
001011011111111111100
001011111111111111100
001011111111111111100
001011111111111111100
001011111111111111100
001111111111111111100
000000000000000000000
000000000000000000000
#
It:106:Diff:52:PSOStep:8:Time:1.701258196:s:AutomataStep:8:Transition:01111111111111111111111100101100111101011110111001101111111110101110111111111111111111111111111111111111110111111011101111111111110011110111111101111110101001101011101111011011111110111111010111111111110111011111111111001111111011111010101110011111110111111111111100101101111111111011111111111110100011011111100110111111111111111111111111111101011101111101010111111101111111101111111111111111111111111101110111101010111101111011111011111111111111011101001111111111111001110110111100111011011110111110110101111111
000000000000000000000
000000000000000000000
001111111111111111100
001000000000000001000
001011111111111111100
001011100000011111100
001011111111111111100
001011011100011111000
001011011111111111100
001011111111111111100
001010001111111111100
001011011111111111000
001011011111111111100
001011111111111111100
001011111111111111100
001111111111111111000
001011111111111111100
001100000000000001100
001111111111111111100
000000000000000000000
000000000000000000000
#
It:110:Diff:44:PSOStep:8:Time:1.755237665:s:AutomataStep:8:Transition:01111111111001111111111111101110111101011111111101111011111111101011101111111111110111110110111111111111111111110011101111111111110111111111111111111100111111111110111111111111111111111111010111111111110111011110111111101111111010111111111111110111111111111111111101111111110111111111111101111111111111011111101110111111111111101110111111011101011111111111111111111111110101111110111111111101001111111101111111111111111111111011111111111111111111011111111111111100011101111100011101110111101111111011111101111111
000000000000000000000
000000000000000000000
001111111111111111100
001000000000000001000
001011111111111111100
001011111111111111100
001011111111111111100
001011111111110111100
001011101111111111100
001011111111110111100
001011101111111111100
001011100111110111100
001011101111111111100
001011111011111111100
001011110111101111100
001011111111111111100
001011111111111111100
001100000000000001000
001111111111111111100
000000000000000000000
000000000000000000000
#
It:155:Diff:40:PSOStep:8:Time:2.338644782:s:AutomataStep:8:Transition:01111111111001111011111111101110111011010111111101110111111111101111111111111100111111111111111111111111111111110011001011110111111011111111111101111011111111111110111111111011111111111111110111111111111111010110111111101111111010111110111111111111101111111111111111110111111110111111111111111111100111111111111110111111111111111111111111111101101101110111110111111111111001011111111111111101111111111101110111111011111110111101111111101111111111011111111111101101000101110110011101111111111101111011111101111111
000000000000000000000
000000000000000000000
001111111111111111100
001000000000000001100
001011111111111111100
001011111111111111100
001011101111111111100
001011111111111111100
001011101111111111100
001011111111111111100
001011101111111111100
001011101111111111100
001011101111111111100
001011111111111111100
001011111111111111100
001011111111111111100
001011111111111111100
001100000000000001100
001111111111111111100
000000000000000000000
000000000000000000000
#
It:160:Diff:39:PSOStep:8:Time:2.406704951:s:AutomataStep:8:Transition:01111111111101111111111111101110111111010111111101111111111111001111011111111011111011111111111111111111111111111111111111111111110011111110111101111111111111111110011111111011111111111111100111011111111111110111111111001111111111101110111111111111111111111110111111111111111111011111111111111111110111111111111111111111101111111111111101111101111111111111110111111111111111011111111111111111110101111101110111111111011111111111111111101111111111011111111111110111110101111110011101111111111110111111111101111111
000000000000000000000
000000000000000000000
001111111111111111100
001000000000000001100
001011111111111111100
001011101111111111100
001011111111111111100
001011111111111111100
001011111111111111100
001011111111111111100
001011101111111111100
001011111111111111100
001011111111111111100
001011111111111111100
001011111111111111100
001011111111111111100
001011111111111111100
001100000000000001100
001111111111111111100
000000000000000000000
000000000000000000000
#
It:212:Diff:38:PSOStep:8:Time:3.07171602:s:AutomataStep:8:Transition:01111011111101111101111010101010111011010011111101101111111111101111111111111111111111101101111111111111110111111111001111111101110001111111111101111010111111111110001111111011111111111111100111111111111110110111111111101011111110111110111111111111101111111110111111101111111111011111111110111111100111111101101111111111101110111111110111111101111100011111111111111111111110011101111111101111110111111101110111111111111100111111111111101111111111011101111101110111101101111110011101110111111110011011110101111111
000000000000000000000
000000000000000000000
001111111111111111100
001000000000000001100
001011111111111111100
001011111111111111100
001011111111111111100
001011111111111111100
001011111111111111100
001011111111111111100
001010001111111111100
001011101111111111100
001011101111111111100
001011111111111111100
001011111111111111100
001011111111111111100
001011111111111111100
001100000000000001100
001111111111111111100
000000000000000000000
000000000000000000000
#
It:391:Diff:35:PSOStep:8:Time:5.431792293:s:AutomataStep:8:Transition:01111111111011111111111010100000111101011011011101111111111111101101010111001001010011111111111101101111100101110111001111111101110111111100111001111011101110011111011110111010110111111111110011111111111111111111111111101011111110111110111110111011111111111110111101110111111011011111110000111111100110111111010110101111101111111011100111011101111100011111111111111101111100011101111111001111100101110101110111110111111100111101011111101111111111011101010101110101101101111110011101110101110110011111111101111111
000000000000000000000
000000000000000000000
001111111111111111100
001000000000000001000
001011111111111111100
001011111111111111100
001011111111111110100
001011111111111110100
001011111111111110100
001011111111111111100
001011111111111111100
001011001111111111100
001011101111111111100
001011111111111111100
001011111111111111100
001011111111111111100
001011111111111111100
001100000000000001000
001111111111111111100
000000000000000000000
000000000000000000000
end
