PSO TRACE
INIT:../../instances/fazia/init.csv
REF:../../instances/fazia/asm4.csv
DecodingPolicy:CPP2
MutationPolicy:Null
ParticleNeighborhood:Fixed
ParticleDims:515
ParticleCount:100
AccP:2.0
AccG:2.0
AccL:1.5
AccI:2.3
Pos:0.0-3.0
Inertia:0.9-0.6
VeloMax:2.0
MaxPSOIteration:500
InertiaDecrFactor:6.000000000000001E-4
INIT
000000000000000000000
000000000000000000000
000000000000000000000
000000000000000000000
000000000000000000000
000000000000000000000
000000000000000000000
000000000000000000000
000000000000000000000
000000000000000000000
000000000010000000000
000000000000000000000
000000000000000000000
000000000000000000000
000000000000000000000
000000000000000000000
000000000000000000000
000000000000000000000
000000000000000000000
000000000000000000000
000000000000000000000
REF
000000000000000000000
010000000000000000010
001011111111111111110
000000000000000000000
001011111111111110100
001011111111111110100
001011111111111110100
001011111111111110100
001011111011111110100
001011111101111110100
001011000101111110100
001011000110111110100
001011110111111110100
001011111111111110100
001011111111111110100
001011111111111110100
001011111111111110100
010100000000000001100
001011111111111110010
010000000000000001000
000000000000000000000
Classic CPP Decoder
0 :1,2,3,4,
1 :0,2,3,4,
2 :0,1,3,4,
3 :0,1,2,4,
4 :0,1,2,3,
5 :6,7,8,9,
6 :5,7,8,9,
7 :5,6,8,9,
8 :5,6,7,9,
9 :5,6,7,8,
10 :11,12,13,14,
11 :10,12,13,14,
12 :10,11,13,14,
13 :10,11,12,14,
14 :10,11,12,13,
15 :16,17,18,19,
16 :15,17,18,19,
17 :15,16,18,19,
18 :15,16,17,19,
19 :15,16,17,18,
20 :21,22,23,24,
21 :20,22,23,24,
22 :20,21,23,24,
23 :20,21,22,24,
24 :20,21,22,23,
25 :26,27,28,29,
26 :25,27,28,29,
27 :25,26,28,29,
28 :25,26,27,29,
29 :25,26,27,28,
30 :31,32,33,34,
31 :30,32,33,34,
32 :30,31,33,34,
33 :30,31,32,34,
34 :30,31,32,33,
35 :36,37,38,39,
36 :35,37,38,39,
37 :35,36,38,39,
38 :35,36,37,39,
39 :35,36,37,38,
40 :41,42,43,44,
41 :40,42,43,44,
42 :40,41,43,44,
43 :40,41,42,44,
44 :40,41,42,43,
45 :46,47,48,49,
46 :45,47,48,49,
47 :45,46,48,49,
48 :45,46,47,49,
49 :45,46,47,48,
50 :51,52,53,54,
51 :50,52,53,54,
52 :50,51,53,54,
53 :50,51,52,54,
54 :50,51,52,53,
55 :56,57,58,59,
56 :55,57,58,59,
57 :55,56,58,59,
58 :55,56,57,59,
59 :55,56,57,58,
60 :61,62,63,64,
61 :60,62,63,64,
62 :60,61,63,64,
63 :60,61,62,64,
64 :60,61,62,63,
65 :66,67,68,69,
66 :65,67,68,69,
67 :65,66,68,69,
68 :65,66,67,69,
69 :65,66,67,68,
70 :71,72,73,74,
71 :70,72,73,74,
72 :70,71,73,74,
73 :70,71,72,74,
74 :70,71,72,73,
75 :76,77,78,79,
76 :75,77,78,79,
77 :75,76,78,79,
78 :75,76,77,79,
79 :75,76,77,78,
80 :81,82,83,84,
81 :80,82,83,84,
82 :80,81,83,84,
83 :80,81,82,84,
84 :80,81,82,83,
85 :86,87,88,89,
86 :85,87,88,89,
87 :85,86,88,89,
88 :85,86,87,89,
89 :85,86,87,88,
90 :91,92,93,94,
91 :90,92,93,94,
92 :90,91,93,94,
93 :90,91,92,94,
94 :90,91,92,93,
95 :96,97,98,99,
96 :95,97,98,99,
97 :95,96,98,99,
98 :95,96,97,99,
99 :95,96,97,98,
#
It:0:Diff:87:PSOStep:6:Time:0.083404585:s:AutomataStep:6:Transition:01111101111110011111111111111011111111101111111111111110111100011111110111111011110011111111111110101111101111111111011110111101101111101111111101110111010101111111111111111111110111111110011101110111111101011011111101111011111000101101111111111111111111111001111111111111101111111111111111101011111011011011111111111011111100010111111111111011101111111111100111111111111111111111100110100111101110101111111111010101111111111110111111010111111001111111111111111011011111111111111010111111110111001010011110111101
000000000000000000000
000000000000000000000
000000000000000000000
000000000000000000000
000011101110111010000
000011111111111110000
000011111111111110000
000011111111111110000
000011111111111110000
000011111111111110000
000011011111111110000
000011101101111110000
000011111110111110000
000011111111111110000
000011011111111110000
000010111011101110000
000010111011101110000
000000000000000000000
000000000000000000000
000000000000000000000
000000000000000000000
#
It:5:Diff:82:PSOStep:8:Time:0.223587185:s:AutomataStep:8:Transition:01111111111110111110111111011011111111111000111111111111110110011111111111011011111011101111110111101111111111111111111110111101001110101101111111110111111101111111110111111111110111011111011111111011111011011111111111111011111111110101111111110111111111111011111111111111101111101100111111111111111011011111111111111011101110011111111111111111100111111111111111111111111111111111100110101111111111101111111111001011111111111101110111011111111011110111111101011001011111110111111011111110010111001011101010111101
000000000000000000000
000000000000000000000
001111111111111111100
001111111111111111100
001110111011101110100
001101111110111101100
001111110111111100100
001111111111111101100
001111111111010010100
001101111100110111100
001111001111110100100
001111110111111111100
001111111111111110100
001101111101111101100
001111111111111100100
001111111111111111100
001111111111111110100
001100000000001101100
001010101010101010100
000000000000000000000
000000000000000000000
#
It:20:Diff:79:PSOStep:8:Time:0.41867215:s:AutomataStep:8:Transition:01111111111101111110100111111011111011111001111111111110111110011011111111011111111111101101110111101011111111011111111100111101111111111001111111010111110101111111111111111111101111011111001111111111011110011111111110111111011111110101101011101111111111011001111111111111000110111110111111101011111011011111111001111011101000011111110111011111110111111111111101111111111011111111101110100111111111101111110111011101111111111111101111111111111101111111111101011101011111101110111110101110010110001001001011101101
000000000000000000000
000000000000000000000
001111111111111111100
001111111111111111100
001111111111111111100
001111111111111111100
001111111111111111100
001111111111111111100
001111111111111111100
001111111111111111100
001111111111111111100
001111111111111111100
001111111111111111100
001111111111111111100
001111111111111111100
001111111111111111100
001111111111111111100
001111111111111111100
001111111111111111100
000000000000000000000
000000000000000000000
#
It:25:Diff:77:PSOStep:6:Time:0.503845062:s:AutomataStep:6:Transition:01111111111111101110101101111101111111101101100111111010111110011011111111111111100111101110110111101111111111111111111110111101111111111101111111110101110101011101101111111111101110011111011111111111011111011111101111011011111111110101111110110111111111111011110111111111101110110110111111111111011011011110101000101101101000001111110110111101101111111111111101110111111011111111101110101111011111101111011110111100110111011111111111111011111111101111111101011001110111111011101111111111110110011001011010111101
000000000000000000000
000000000000000000000
000000000000000000000
000000000000000000000
000011111111111110000
000011111111111110000
000011111111111110000
000011111111111110000
000011111111111110000
000011111111111110000
000011111111111110000
000011111111111110000
000011111111111110000
000011111111111110000
000011111111111110000
000011111111111110000
000011111111111110000
000000000000000000000
000000000000000000000
000000000000000000000
000000000000000000000
#
It:39:Diff:76:PSOStep:8:Time:0.682085055:s:AutomataStep:8:Transition:01111111101111111111111111111101111011101111111010111111111010111011111111111111110111111110110111101110011100111111011111110101111111101111111111010101110111111111110110111111111110011011011110111111111111111101111101011111011111111101011110101111101111101011111101110111101110111110101111011111011111011111111110111010111011111111001100111110101111011111011111111101110011110111001010001110001110111111111111111000011111111111111001111011111111001111111101011111011111111110111110001011111110111011011101111101
000000000000000000000
000000000000000000000
001111111111111111100
000110011001100111100
001111111111111111100
001110111011101111100
001111111111111111100
000111111001100111100
001111111111111111100
001111111111011111100
001111111111111111100
000111011110110111100
001111111111111111100
001110101111111111100
001111111111111111100
000001100111111011100
001111111111111111100
001000000000000000100
001111111111111111100
000000000000000000000
000000000000000000000
#
It:47:Diff:72:PSOStep:8:Time:0.783775621:s:AutomataStep:8:Transition:01111111111111111111111111111001111011101101111010111111111010111110111111111110110011111111110111000100011101111111011101110111111111101111111111010100111111111111111111111111111110011011011111111111111111111101111110011111011111001101011100111111111111111011111001110111101111111111111111011011100111001111111111111010110011111111101000111110101111111111111001111101001111111111111110101101001110011111111111011010111111111111011111111001111111011111111101011111111111110100111110001111111110110111011111111111
000000000000000000000
000000000000000000000
001111111111111111100
001111111111111111100
001111111111111110100
001111111111111110100
001111111111111111100
001111111111111111100
001111111111111110100
001111111111111110100
001111111111111111100
001111111111111111100
001111111111111110100
001111111111111110100
001111111111111111100
001111111111111111100
001111111111111110100
001111111111111111100
001111111111111111100
000000000000000000000
000000000000000000000
#
It:59:Diff:70:PSOStep:8:Time:0.947882599:s:AutomataStep:8:Transition:01111111111111111111111111101111111111001001110111110111101011001010111111111111111011101111110111111100111111111111111110111101111111101111101111110111101101111111111110111101101111011110001111111101111111111111101111111101011111100101111101111101101111111011111111111111101010111111111111101011011011000111111110100001101101111110111100111011001111111111111111110111100111110111111111011011001110011011111110001100111111111111111001111101111111111111011101111111101111110011110110110110110111001011011111111101
000000000000000000000
000000000000000000000
001111111111111111100
001000001001001001100
001101110011011110100
001110111101101110100
001111111111111110100
001111111011111110100
001111111111101110100
001111111111101110100
001111111111101110100
001111111111101110100
001111111011111110100
001111111111111110100
001111111111111110100
001111111101111110100
001111111110101010100
001111111110101010100
001111111111111111100
000000000000000000000
000000000000000000000
#
It:76:Diff:63:PSOStep:8:Time:1.166883282:s:AutomataStep:8:Transition:01111111011111101111101110111111111011101101111111111101111111101111110111111101011011111111110111111101011111111111111000010010111111100101101111110111111101111111010111011111111111111111011011111111011111111001101110111111110011111111111010111100111011111110111111111111101001111110001011111011111111111111111101111011101111101111111110100110100111111111101111110001101111110111111111111111000110010011111110111111110111111111111111111001101111111011111111110111011111111111110110111110110111101111011111111101
000000000000000000000
000000000000000000000
001111111111111111100
000010000000000000100
001111111111111110100
000111111101111110100
001111011111110110100
000010110111101110100
001111011011101110100
000111101111101110100
001111100111111110100
000010101111011110100
001111111111101010100
000111111111111110100
001111111111111110100
000011111111111110100
001111111111111110100
000111111111111111100
001111111111111111100
000000000000000000000
000000000000000000000
#
It:79:Diff:51:PSOStep:8:Time:1.214170844:s:AutomataStep:8:Transition:01111011111111111111111111011001111010011101111010111111110111101110111111111111111010110101110111011101001101101111110111111110111111111111111111110110110101111101111110111111111111111101111111111111011011111111111010101101111110111111111011110111111111111111111111111111111111101111110111111011111111011111111101111011100011111111110110011111101111111111101111111111110101111111111111111111001110111111110110111001111111111101001111111111111111111111111111111111000111111111100110110110110111011011011101111111
000000000000000000000
000000000000000000000
001111111111111111100
001100000000000001100
001011111111111111100
001011111111111111100
001011101011101111100
001011110111110111100
001011111111111111100
001011111111111111100
001011111111111111100
001011101111111111100
001011101111111111100
001011111111111111100
001011111111111111100
001011101111111111100
001011111111111111100
001100011111000001100
001111111111111111100
000000000000000000000
000000000000000000000
#
It:157:Diff:48:PSOStep:8:Time:2.243331817:s:AutomataStep:8:Transition:01111011111111111111111111110001111010111111111011111111110111101111111111111111111111111111110111011101001111111111111011010111111111111111111111110111110101111111011110111111110111111011011111101110111101111101111011101111001110111111111101010101111111111011111111111101111111111111111111111011111011011111111111111011001110111111111110111111111111111111101110111011111111111111111111111111001110011111110110111000011111111101101111111011111110111111011111011111001111111111101110111111110111011011111101111101
000000000000000000000
000000000000000000000
001111111111111111100
001100000000000001100
001011111111111111100
001011011110111111100
001011111111111111100
001111110111111111100
001111111111111111100
001011111111111111100
001101001111111111100
001111111011111111100
001011110111111111100
001011111110111111100
001011011111111111100
001011111111111111100
001011111111111111100
001100000000000001100
001111111111111111100
000000000000000000000
000000000000000000000
#
It:172:Diff:41:PSOStep:8:Time:2.45130088:s:AutomataStep:8:Transition:01111011111111111101111101110011111010111100101010110111110111101010011011101111011110111100100111010101001011101111110111011111111111101111101111110110110101111111111110011110111111111101011011111001011111110011110011100111110110111101001001110111101111111111111111111111111001111111100111111011110010011111111111111011000010101110011100110101101111011111101110111111110101111110111111111111001110011111101010111011001111111101001111111011111111111111111111111111000111111111110110110011111111011011111101111111
000000000000000000000
000000000000000000000
001111111111111111100
001100000000000001100
001011111111111111100
001011111111111111100
001011111111111111100
001011011111111111100
001011111111111111100
001011111111111111100
001011111111111111100
001011101111111111100
001011101111111111100
001011111111111111100
001011111111111111100
001011111111111111100
001011111111111111100
001100000000000001100
001111111111111111100
000000000000000000000
000000000000000000000
#
It:173:Diff:35:PSOStep:8:Time:2.47777171:s:AutomataStep:8:Transition:01111111111011111111101111111111111010011100111000111101110111101010011011011111111010110000110111110101001111111111110011111110111111100111101111110011111101111101111110011111111111111101111111111111011111011011111000100101110110111111111001110101111110111111111111111111111011100111100011111011011010011111111111111011100011111111010100010101101111011111101111111100110101111111111111010111011100011111101110111011011111110101100111111001111111111111101111101111000111111111110100110110110111011010111101011111
000000000000000000000
000000000000000000000
001111111111111111100
001100000000000000100
001011111111111110100
001011111111111110100
001011111011111110100
001011111101111110100
001011111111111110100
001011111111011110100
001011111111101110100
001011111111110110100
001011111111111110100
001011110111101110100
001011111111111110100
001011101111111110100
001011111111111110100
001000000000000001100
001111111111111111100
000000000000000000000
000000000000000000000
#
It:185:Diff:34:PSOStep:5:Time:2.668923674:s:AutomataStep:5:Transition:10111111111111111111101111111111111010011100011010111101110101101011111001011111111010111101100111010111001011101111110010001110111101100111100111110011111101111101111110111110111111111101111111101111011001101001101010101101111100111111111001100101111111111111111011111111111010101111100001111111010110011101111111111011100011100111010100011101111111011111101111111101011101111111111111011111011100110111101110111111011111111101101111111001111111111011101111011111000111111111100110110110111110011010111101110111
100000000000000000000
111000000000000000110
011111111111111111110
101100000000000000100
001011111111111110100
001011111111111110100
001011111111111110100
001011111111111110100
001011111111111110100
001011111111111110100
001011111111111110100
001011111111111110100
001011111111111110100
001011111111111110100
001011111111111110100
001011111111111110100
001011111111111110100
010100000000000001110
011111111111111111110
011100000000000000111
100000000000000000010
#
It:234:Diff:33:PSOStep:5:Time:3.316147907:s:AutomataStep:5:Transition:10111111111011111111101111111100111000011100011011111101111111101111111011011111011111111111100111100111001001101111110110001110111101110111101111110011101101111101111110111110111111110001101111011101011111101000111010101101101110111111111001110101011011111111111110111011111010111111101011111111010010111101111111111011101011101110010100011101011111111111101111111101110001111110111111111111011010111111111100111111011111110111111111011001111111011111111111011111011111111111100110110111111111011010111101111111
100000000000000000000
011100000000000000110
101111111111111111110
101100000000000000100
001011111111111110100
001011111111111110100
001011111111111110100
001011111111111110100
001011111111111110100
001011111111111110100
001011111111111110100
001011111111111110100
001011111111111110100
001011111111111110100
001011111111111110100
001011111111111110100
001011111111111110100
010100000000000001110
011111111111111111110
011100000000000000110
100000000000000000001
#
It:294:Diff:32:PSOStep:5:Time:4.037262894:s:AutomataStep:5:Transition:11110111111011111111110111011100011000011100011010111101101110101010111011111111011011110101100111100101001110101110110110001110111111100111100111110011111101111101111110111110101110110001101111000011011001101011111010100111100110110111111101100101111101111111111010111011111011101111101011111111010110011101111101111011101011100010010101011101011101011111111110111111110011111111111111110111011010111111111100111111011111111111111101011001111110011011101110011111001111111111111110110111111111010110111100010101
100000000000000000010
010000000000000000011
001111111111111111110
011100000000000000000
001011111111111110100
001011101111111110100
001011111111111110100
001011111111111110100
001011111111111110100
001011111111111110100
001011111111111110100
001011111111111110100
001011111111111110100
001011111111111110100
001011111111111110100
001011111111111110100
001011111111111110100
011000000000000000100
011111111111111111001
011100000000000000001
010000000000000000000
#
It:331:Diff:30:PSOStep:5:Time:4.482206309:s:AutomataStep:5:Transition:11111011011111111111111111010110011110111100011010111101111111101011111001011111111011111101101111111101001011101110110010001110111111100111101111110011101101111101111111111110111100110101111111101001011111111110111110100111110110101111111111100101011101111111111010111111111011101111100011111111010110111001110111101010101011111011011101110111011101011111111011110101110011111111111111011111011110110111011110111101111111111111101101111001111110111111111110011111000111101111101110110111100111011110111101110111
100000000000000000000
111000000000000000110
001111111111111111110
111100000000000000100
001011111111111110100
001011111111111110100
001011111111111110100
001011111111111110100
001011111111111110100
001011111111111110100
001011111111111110100
001011111111111110100
001011111111111110100
001011111111111110100
001011111111111110100
001011111111111110100
001011111111111110100
010000000000000000100
011011111111111111110
011000000000000000010
100000000000000000000
#
It:388:Diff:28:PSOStep:5:Time:5.105201997:s:AutomataStep:5:Transition:11111001111011111111101111111111011110111100010010111101111010101111111001011111111011111101101111111101001011101110110010001110111111100111101011110011100101111101111111111111111110110101111111101001011111111110111100100111110100101111111111100001111101111111111010111111011001101111101011111111010110111001110111101010101011111011011101110101011101011111111111110101110011111010111111011111011110111111111100101100110111111111101001111000111110111101101110111111000111101111111110110101100111011110111101010111
100000000000000000000
110000000000000000110
001111111111111111110
111100000000000000100
001011111111111110100
001011111111111110100
001011111111111110100
001011111111111110100
001011111111111110100
001011111111111110100
001011111111111110100
001011111111111110100
001011111111111110100
001011111111111110100
001011111111111110100
001011111111111110100
001011111111111110100
000000000000000000100
001111111111111111110
010000000000000000010
000000000000000000000
end
