PSO TRACE
INIT:../../instances/fazia/init.csv
REF:../../instances/fazia/asm4.csv
DecodingPolicy:CPP2
MutationPolicy:Null
ParticleNeighborhood:Fixed
ParticleDims:515
ParticleCount:100
AccP:2.0
AccG:2.0
AccL:1.5
AccI:2.3
Pos:0.0-3.0
Inertia:0.9-0.6
VeloMax:2.0
MaxPSOIteration:500
InertiaDecrFactor:6.000000000000001E-4
INIT
000000000000000000000
000000000000000000000
000000000000000000000
000000000000000000000
000000000000000000000
000000000000000000000
000000000000000000000
000000000000000000000
000000000000000000000
000000000000000000000
000000000010000000000
000000000000000000000
000000000000000000000
000000000000000000000
000000000000000000000
000000000000000000000
000000000000000000000
000000000000000000000
000000000000000000000
000000000000000000000
000000000000000000000
REF
000000000000000000000
010000000000000000010
001011111111111111110
000000000000000000000
001011111111111110100
001011111111111110100
001011111111111110100
001011111111111110100
001011111011111110100
001011111101111110100
001011000101111110100
001011000110111110100
001011110111111110100
001011111111111110100
001011111111111110100
001011111111111110100
001011111111111110100
010100000000000001100
001011111111111110010
010000000000000001000
000000000000000000000
Classic CPP Decoder
0 :1,2,3,4,
1 :0,2,3,4,
2 :0,1,3,4,
3 :0,1,2,4,
4 :0,1,2,3,
5 :6,7,8,9,
6 :5,7,8,9,
7 :5,6,8,9,
8 :5,6,7,9,
9 :5,6,7,8,
10 :11,12,13,14,
11 :10,12,13,14,
12 :10,11,13,14,
13 :10,11,12,14,
14 :10,11,12,13,
15 :16,17,18,19,
16 :15,17,18,19,
17 :15,16,18,19,
18 :15,16,17,19,
19 :15,16,17,18,
20 :21,22,23,24,
21 :20,22,23,24,
22 :20,21,23,24,
23 :20,21,22,24,
24 :20,21,22,23,
25 :26,27,28,29,
26 :25,27,28,29,
27 :25,26,28,29,
28 :25,26,27,29,
29 :25,26,27,28,
30 :31,32,33,34,
31 :30,32,33,34,
32 :30,31,33,34,
33 :30,31,32,34,
34 :30,31,32,33,
35 :36,37,38,39,
36 :35,37,38,39,
37 :35,36,38,39,
38 :35,36,37,39,
39 :35,36,37,38,
40 :41,42,43,44,
41 :40,42,43,44,
42 :40,41,43,44,
43 :40,41,42,44,
44 :40,41,42,43,
45 :46,47,48,49,
46 :45,47,48,49,
47 :45,46,48,49,
48 :45,46,47,49,
49 :45,46,47,48,
50 :51,52,53,54,
51 :50,52,53,54,
52 :50,51,53,54,
53 :50,51,52,54,
54 :50,51,52,53,
55 :56,57,58,59,
56 :55,57,58,59,
57 :55,56,58,59,
58 :55,56,57,59,
59 :55,56,57,58,
60 :61,62,63,64,
61 :60,62,63,64,
62 :60,61,63,64,
63 :60,61,62,64,
64 :60,61,62,63,
65 :66,67,68,69,
66 :65,67,68,69,
67 :65,66,68,69,
68 :65,66,67,69,
69 :65,66,67,68,
70 :71,72,73,74,
71 :70,72,73,74,
72 :70,71,73,74,
73 :70,71,72,74,
74 :70,71,72,73,
75 :76,77,78,79,
76 :75,77,78,79,
77 :75,76,78,79,
78 :75,76,77,79,
79 :75,76,77,78,
80 :81,82,83,84,
81 :80,82,83,84,
82 :80,81,83,84,
83 :80,81,82,84,
84 :80,81,82,83,
85 :86,87,88,89,
86 :85,87,88,89,
87 :85,86,88,89,
88 :85,86,87,89,
89 :85,86,87,88,
90 :91,92,93,94,
91 :90,92,93,94,
92 :90,91,93,94,
93 :90,91,92,94,
94 :90,91,92,93,
95 :96,97,98,99,
96 :95,97,98,99,
97 :95,96,98,99,
98 :95,96,97,99,
99 :95,96,97,98,
#
It:0:Diff:133:PSOStep:8:Time:0.113641759:s:AutomataStep:8:Transition:01100110110110110001111111101001001011111011101101101111111111011101100111110011001110110001111001011011101110000111100111001110111010110111101100001110111101010010010010011100101110100100001001111111011001111011111101100000110111101001111111111001111001001010010011101001010100001100111111110111001101100101110111111101111111111111100110111010011101100110010000011110111011100101100010011110011111001011101000111111011110010110000011111111110110001110101110101111011100001110101111110101110111010111000111111101
000000000000000000000
000000000000000000000
001000000010000000000
001011110101000000000
001001110111100000000
001001011100110000000
001011111011011000000
001110100011000100000
001101111010001000000
001110101111011100000
001100100011111000000
001011111111101100000
001001000001110100000
001101111001010110000
001011010110111110000
001010111100011110000
001010110111101110000
001011000010110110000
001011101110111011100
000000000000000000000
000000000000000000000
#
It:1:Diff:105:PSOStep:8:Time:0.188071047:s:AutomataStep:8:Transition:01100111000111111111111110111111101111110101111110111110111111111111111010111101111111101001011010101111110110010101101111001111110010110110111111111010111111011111111011011101111110111111010101111111111111101111111101101110111111011011111011011011110011011010011011111011111101101110111111111111111111111011111111111110111111111111110111111011011111111010110000111000111111111100111111111110111111001111111100001111011111100111111111111111111111001110011110111111011111101110111011111101011111010111010111111111
000000000000000000000
000000000000000000000
001011101110000000000
000010111101000000000
001111111101100000000
000111111111010000000
001010011111111000000
000011110111011100000
001111111111101110000
000111001110011111000
001011111110111111100
000011110111110111100
001111111110111111100
000100101011111111100
001010111111111111100
000001011111101111100
001101111111101111100
000110011001100111100
001011101110111011100
000000000000000000000
000000000000000000000
#
It:7:Diff:99:PSOStep:6:Time:0.279664838:s:AutomataStep:6:Transition:01101111111111101111110110111111101011111111011110101100111111101101111111111101111100101001111010111001110011111111101111001111111011101110110111111011111111011111111011111010111110111110111111110111111001110111110111101110110111110011111101111011101010011011011111111011110101001110101111111111011111010011111111110111111111110111100111111101011111111111110111111110110111010110111111101000110101001011101100001111001111111111101111111111111001011111010110111111111100101110111011001111010111001111101111101111
000000000000000000000
000000000000000000000
000000000000000000000
000000000000000000000
000010111011101110000
000011001110110010000
000010111101111110000
000010111011111110000
000010111011111110000
000010111011111110000
000010111011111110000
000010111011111110000
000010111011111110000
000010111111111110000
000010111111111110000
000011111111111110000
000011111111111110000
000000000000000000000
000000000000000000000
000000000000000000000
000000000000000000000
#
It:8:Diff:96:PSOStep:8:Time:0.298402721:s:AutomataStep:8:Transition:01001111101111110111110110111011101011111111011111101110111111101101111111111101111111101101111110101011110110111111101111001111111011011110010111111011111111011111111011111001111110111110111111110111111011111111110111101110111111111011111111101011111010011011011111111010000111001111101111111111011111011111111111111111111111110111100111111111011111111111110011111110111111111110111111101110111111001111101110001111011111101111100111111111111011011110010110111111111100101110111111011101010111001111111111111111
000000000000000000000
000000000000000000000
001010101010101010100
000111101110111011100
001110110110111011100
001111110110101111100
001110101101111111100
000111111111111111100
001110111111111111100
001111111111111111100
001111111111111111100
000110001111111111100
001110111111111111100
001111111111111111100
001110111111111111100
000111111111111111100
001111111111111111100
001111111111111111100
001111111111111111100
000000000000000000000
000000000000000000000
#
It:9:Diff:94:PSOStep:8:Time:0.317653516:s:AutomataStep:8:Transition:01111111111111011110111110111000101011111111111110111110011111101101111011111111010110101111111111111011110010110111101111100111111011001110011111111010111111010110111011111111111111111111101111111111111011111101111101100100111100111011111001111010111011001011010011101111000111111111101111111111111111001111111101110111010011111111110001110101011111110011110011111100110111110101111011001111111111010111111110001111111111111111100111110111011101011010010111111111010011101110011111111011011111001111110111011011
000000000000000000000
000000000000000000000
001111111111111111100
001100000000000001100
001011111101111111100
001111111111111011100
001111111011111011100
001111001111011101100
001011001110101011100
001111101111010111100
001011101100111011100
001111100111101001100
001100111111100111100
001110111111011011100
001101110010111111100
001111111110011101100
001010111111111011100
001000111111111111100
001111111111111111100
000000000000000000000
000000000000000000000
#
It:10:Diff:81:PSOStep:8:Time:0.337065888:s:AutomataStep:8:Transition:01111111110110111111111110011110100111111111111110111101011111101111111101111111110110101010111010111111110111111111101111110111111010111110111111111010110111011110111011111111111101111111100101111111101001111111110111100100111100011011111111111110110010011010011111011110011100101100101011111111111111001011111101111111111111111111110111111101011111111011110011111100111111010101111111011011111111011111111100001111001111101011111101101111111101001110011111111111010101111110101111111111010111000101110001011011
000000000000000000000
000000000000000000000
001111111111111111100
001100000000000000100
001011110111101111100
000111010110111111100
001010101011110111100
001011001111111111100
001011100110011111100
000101111011111111100
001010110111011111100
001101110011011111100
001101011110011111100
000111101111111111100
001011111111111111100
001011111110111111100
001011011111110111100
000100010010100100100
001011101110111011100
000000000000000000000
000000000000000000000
#
It:12:Diff:80:PSOStep:8:Time:0.372569544:s:AutomataStep:8:Transition:01111111111111111111011111111111101111111101111111101111111111101111111101111101111111111000111000111111110101111111100111111111110010110110111111011110110110011111111111111100111101111101110101110101111011111111100110001101111010111011011111101111110011111011111011111111111111111111111111111111001111101110110101111111111101111111110100111011011011110011101101111101111111011111101111011010111110011101111010011111101111110111101101111111111111001110011111111111011111111010111111011011111111111011111001001111
000000000000000000000
000000000000000000000
001111111111111111100
001100000000000001100
001010101111101111100
000111111110111111100
001011111110111011100
001011101111001111100
001011101101111011100
000111101101001111100
001011101011111011100
001011111111111111100
001011001111111011100
000111111111111111100
001011111110111011100
001011111111111111100
001001101111101011100
000101110100111100100
001011101110111011100
000000000000000000000
000000000000000000000
#
It:30:Diff:79:PSOStep:8:Time:0.625254463:s:AutomataStep:8:Transition:01111111110111111111111111111111100111111111111111101100011111101011000111110011111111100001111010011100111101111111110110011111100010110110011111101110110110011111101111111100111101110111110101110101111011100111100111101011111010111001011000001111100001101011111011111110111100111011111111111111001111111110111101111101011111111111100101111010011111110011101001111000110111011100101111001000111110001111111000010111101111010111010111111111111110001010010111111111011110011010011111010011011011111011010101011111
000000000000000000000
000000000000000000000
001111111111111111100
001100000000000000100
001011111111111111100
001011111111111111100
001111111111111111100
001111011111111111100
001011111111111111100
001111110100000011100
001110111111111111100
001011111010011011100
001011111110101111100
001011101111011111100
001110011110111111100
001101111110101111100
001010111111111011100
001111111110111101100
001011101110111011100
000000000000000000000
000000000000000000000
#
It:32:Diff:65:PSOStep:8:Time:0.657476484:s:AutomataStep:8:Transition:01111111111111111111111111111001110111111111111110111100011111101111111111111111111110101111111110011111110110111111101111111111111011101110010111111010111111011110111011111101111111111111111101111111111011111111111111101101111110111011111101111011111011111011110011111111001110101111101111111111011111001111111101111111111111111111110101111111011011111011110011111100110111111101111111011111111111011111111010001111111111111111100101111111111101011110011111111111011111111110011111011111011011000111110111011111
000000000000000000000
000000000000000000000
001111111111111111100
001100000000000000100
001011111111111111100
001011111111111111100
001010111011111111100
001011111101101111100
001011101011111111100
001011011101111111100
001011111011011111100
001011111111111111100
001011111111111111100
001011111111101111100
001011111111111111100
001001111111111011100
001010110111111111100
001111111111011110100
001011101110111011100
000000000000000000000
000000000000000000000
#
It:48:Diff:64:PSOStep:8:Time:0.892288057:s:AutomataStep:8:Transition:01111011110111111111111110111001111111111111111110111100011111101011111011110111111111111010111110010011110111111111111111111111110011111110001111111110111111011111111111111111111100111111110101110111111011101111111111101111111101111011011111011011110011111011111011111110010111101111111111011111011111001011101101111111110111110111110011111001010111110011111111010101110111111111111111011111110111011111111010001111101111111111100111101111111111011110010111111111111111011110111111011101011111100011011111011011
000000000000000000000
000000000000000000000
001111111111111111100
001100000000000000100
001011111111111111100
001010111111011111100
001010111111111111100
001011111111111111100
001011111111111111100
001011101111111111100
001011101111111111100
001011011111111111100
001011111011101111100
001011111011110111100
001011111111101111100
001011101101111111100
001010111111111011100
001111111111011111100
001011101110111011100
000000000000000000000
000000000000000000000
#
It:50:Diff:63:PSOStep:8:Time:0.924249207:s:AutomataStep:8:Transition:01111011111110101001101110111101110011111111111111111100011111101011111111111011111111111010111110010111111111110111111110111111110010110110111111110111101110010111111111011011111101110111111101110111111011111111111111101111111111111010111011011101110011111011110111111110011111111101111111111111011111101011011101111111011101110111110111111010010111110011111011010101110111110110101111011111110101101111101010011111001111111111010111111101011111001110010110111111110011111001111111111101111111111101011011011101
000000000000000000000
000000000000000000000
001111111111111111100
001100000000000000100
001011111011011110100
001011110111011110100
001001110111111110100
001001110110111110100
001001110111111110100
001011011111111110100
001010111110111110100
001011111111101110100
001001111101111110100
001011111011111110100
001011111110111110100
001001111110111110100
001001111111111110100
001111111111111111100
001011101110111011100
000000000000000000000
000000000000000000000
#
It:54:Diff:60:PSOStep:8:Time:0.982236483:s:AutomataStep:8:Transition:01111111111100111101111110111101111111111111111110111110011111101111110011110111111111111000111110010111101111010111111110111111110010111110111111111110111111010011111111011001111110110110111111111111111011111111111111101111111000111010011011011011111011101011111011111110000111111100111111011111011111100111111101111111110111110111110101111010011111111011111011111100110111111110101111011111111101100101111110011110111111010101011111111101111111011110010111111111010111111010111111011101111101011011011111011111
000000000000000000000
000000000000000000000
001111111111111111100
001100000000000001100
001011111111111110100
001011111111111110100
001011101111111110100
001011011111111111100
001011111110111111100
001011111110111001100
001011111111111111100
001011101111101111100
001011101110111110100
001011111111111110100
001011101110111110100
001011011101111100100
001011101110111110100
001111111111111111100
001111111111111111100
000000000000000000000
000000000000000000000
#
It:56:Diff:58:PSOStep:8:Time:1.016132693:s:AutomataStep:8:Transition:01111111111111111110110111111111111111111011111111111110011111101111111111100111110111111101111110110110111010010111111111001111111010111110010111111100111111011111111111111101111111111111111111110111111011111111001111101111111010111011111110001011101011101011111011111110001111111101011111011111011111100111111101111111111111111111110110111010011011111011110011111100110011111110111111111111111110001111111010011110111111010111011111011111111111011110011111111111011110111010011111001011111011011111011100011111
000000000000000000000
000000000000000000000
001111111111111111100
001100000000000001100
001011111111111111100
001011111101111111100
001011101111111111100
001011111111011101100
001011111101111111100
001011111111011111100
001011101100111111100
001011111111111101100
001011111101111111100
001011110011111111100
001011011111111111100
001011111011111101100
001011111111111111100
001100010110111001100
001111111111111111100
000000000000000000000
000000000000000000000
#
It:57:Diff:47:PSOStep:8:Time:1.034518739:s:AutomataStep:8:Transition:01111111111110111101111111111111111111101111111111111110011111101101101111100111110111111100111110110111111010010111110111111111110010111110011111111100111111011111111111011101111110111111111111111111111111111111100111101111111110111010111111011011111011111011111011111111011100111100111111111101101111100111111101111111110111111111110101111010011110111111111011111100111111111101111111111110111110001101111010001111111011011111101111111111011111011110010111111101110111111010111111001111111011011111011101011111
000000000000000000000
000000000000000000000
001111111111111111100
001100000000000001100
001011111111111111100
001010101111111111100
001011111111111111100
001011100111111111100
001011111111111111100
001011111101111111100
001011101111111111100
001011011111111111100
001011111111111111100
001011111111111111100
001011111111111111100
001011111111111111100
001011111111111111100
001101100110011001100
001111111111111111100
000000000000000000000
000000000000000000000
#
It:77:Diff:46:PSOStep:8:Time:1.293209659:s:AutomataStep:8:Transition:01111111110111111110111110111101111111111111111110111110011111101111101111110101111111111011111111111110111110010101111111111111111011011110011111011110101111011110111111111100111111110111111111111111111111011111101110101111101000111011111101011111111011001011110011111110001011101110011111111111011111000111111101111111111111111111110101111110011111111011110111111101110111010011101111110110110111010110111010101111101111111111100101111101111111011110011111110111011111111110101111111111011111010111010111011111
000000000000000000000
000000000000000000000
001111111111111111100
001100000000000001100
001011111111111110100
001011101011111110100
001011111111111100100
001011110111011110100
001011111111111110100
001011111101111110100
001011001111111110100
001011111111111110100
001011111110111110100
001011111111111110100
001010001111111110100
001011111111111110100
001011101111111110100
001111111110111010100
001111111111111111100
000000000000000000000
000000000000000000000
#
It:137:Diff:44:PSOStep:8:Time:2.078115788:s:AutomataStep:8:Transition:01111111110111111111111111110110101111111101111110111111111111101111111111101011110111111100111010111111111011011101101111110111111011111110011111010110111111011110110111111010111111111111111011110111111011111111011110101111101011111011101111111111111001111011011011111110001011101111011111111111011111101111111101111111111101111111110101111111011111111011111010111101111111000111101111111110111111101111111000111111101110111111100111111101111111011110011110111111111111111010111111111011011111111111111101011111
000000000000000000000
000000000000000000000
001111111111111111100
001100000000000001100
001011111111111110100
001011111111111110100
001011111111111110100
001011111010111110100
001011111111111110100
001011111111101110100
001011011111111110100
001011111101011110100
001000011111111110100
001011011111111110100
001001011111111110100
001011111110111110100
001011111111111110100
001101010101010101100
001111111111111111100
000000000000000000000
000000000000000000000
#
It:171:Diff:43:PSOStep:8:Time:2.512688494:s:AutomataStep:8:Transition:01111111110110111110111111111111101111111111111111111110111111101111101111101111111111010011111110111110011010011111101111110111111010111110011111110110111111011110111111111011111111111111110111110111111011011111011111101101101010111011111101101111111001101011010011101111011111111111111111011111011111101111011101111111110111111111110100111100011011111011110011011101111111000111101111111110111111111111111010101111101111111111101111111001011111011110011111111111011101111110111111111111011111111111111101011111
000000000000000000000
000000000000000000000
001111111111111111100
001100000000000001100
001011111111111110100
001011111111111110100
001011111111111110100
001010111111111110100
001011101111111010100
001011111011011110100
001011111111111110100
001011111101111110100
001011011111111110100
001011111111110110100
001011111111111110100
001011111011111110100
001010111111111110100
001100110011001101100
001111111111111111100
000000000000000000000
000000000000000000000
#
It:174:Diff:40:PSOStep:8:Time:2.557813451:s:AutomataStep:8:Transition:01111111111111111110111111111111101111111111111111111110111111101111101111100111111111110111111110101110101010111111110111010111111011111111011111110111111111111111111111111011111111111111111111111111111011111001111111101101101000111011111111101111111011111011011011111111011111111110111111111111111111101011011101111100110111111111000100110100011011111111011011111101111111011111101111110010111111111111111010101011101111111111101111111001111111011110011111111101011111011110111111111111111111111111011101011111
000000000000000000000
000000000000000000000
001111111111111111100
001100000000000001100
001011111111111110100
001011111111111110100
001011111111111110100
001111111111111110100
001111111111111110100
001111111111111110100
001111111111111110100
001101111111111110100
001011111111111010100
001011111111111110100
001011111111111110100
001011111111011110100
001011111111111110100
001100011111000001100
001111111111111111100
000000000000000000000
000000000000000000000
#
It:207:Diff:38:PSOStep:8:Time:2.994195536:s:AutomataStep:8:Transition:01111111111111111111111111111111111111111111111111111100111111101111101111110111111111111101111110111110011110110111110111110111111011111110111011111111111111111111111111111011111111110111011111111101111011111011111111101111101100111010111111101111111011111011010011011111001011101110111111111101011111001011111111111110111111111111110000111010011111111011111110111101111111011111111111110110111110011111111010011011111011011111111111111101111100011110011011111111111111011010111111011111011111111111111101011111
000000000000000000000
000000000000000000000
001111111111111111100
001100000000000000100
001011111111011110100
001011111011011110100
001011111111111110100
001011010111001110100
001011111111111110100
001011111111111110100
001011111111111110100
001011111111111110100
001011111111111010100
001011111111111110100
001011110111111110100
001011111111111110100
001011100111011110100
001100000000000001100
001111111111111111100
000000000000000000000
000000000000000000000
#
It:242:Diff:34:PSOStep:8:Time:3.430573963:s:AutomataStep:8:Transition:01111111111111111111111111111111100111111111111111111111111111101111101111110111111111111111111110110111011111110111111111111111111011111110011011110111111111111111111111111111111111110111111111111111111111111011111111101111100101111111111111111111111111111011011011111111111111101111111111111111011111111111111101111111111111111111110101111111011111111011111111111101111111011111111111111110111111111111111100011111111111011101111111111101111111011110011111111111111111111110111111111111011111111111111101011111
000000000000000000000
000000000000000000000
001111111111111111100
001100000000000001100
001011111111111110100
001011111111111110100
001011111111111110100
001011111111111110100
001011111111111110100
001011111111111110100
001011111111111110100
001011111111111110100
001011101111111010100
001011110111111110100
001011111111111110100
001011111111111110100
001011111111111110100
001100011011000001100
001111111111111111100
000000000000000000000
000000000000000000000
#
It:284:Diff:29:PSOStep:8:Time:3.96375584:s:AutomataStep:8:Transition:01111111110111111111111111100111101111111111111111111100111111101111101111110110111111111111111110100111111111011111101111011111111011111111111111110110111111011111111111111011111111111110111111111111111111111010111111101100111101111110111111111111111111111011010010111111111111001111111011111111011111011111111111111111111111111111110101111111011011111010111111101101111111011111111111111110111111111111111000101111111111011011100111111101110110011110011111110101111111111110100111111101011111111111111101011111
000000000000000000000
000000000000000000000
001111111111111111100
001000000000000000100
001011111111111110100
001011111111111110100
001011111111111110100
001011101111101110100
001011111111111110100
001011111111111110100
001011111111111110100
001011111111111110100
001011101111111010100
001011111111111110100
001011111111111110100
001011111111111110100
001011111111111110100
001100000000000001100
001111111111111111100
000000000000000000000
000000000000000000000
#
It:397:Diff:28:PSOStep:8:Time:5.414306826:s:AutomataStep:8:Transition:01111111110111111110111111110111111111111011111111111100111111101111111111110111111111111011111110111111111111011111101111111111111011111110111111110111111111011111111111111011111111111111111111111101111011111011111111101100101110111110111111111111111111111011110011111111111111111111111011111111111111101111111111111101111101111111010001111111011111111011111111111101111111011111101111110110111111111111111010101111111111111111111111111001111111011110011111111101111111111110100111111111111111110111111101011111
000000000000000000000
000000000000000000000
001111111111111111100
001100000000000000100
001011111111111110100
001011111111111110100
001011111111111110100
001011111111101110100
001011101111111110100
001011111111111110100
001011111111111110100
001011111111111110100
001011111111111110100
001011111111111110100
001011111111111110100
001011111111111110100
001011111111111110100
001100000000000001100
001111111111111111100
000000000000000000000
000000000000000000000
#
It:490:Diff:27:PSOStep:8:Time:6.584669348:s:AutomataStep:8:Transition:01111111110111111111111111110110111111110111110111111100111111101111101111110101111111111110111110111111101111011101111111111111111011111110111011010111111111011101111111011001111101111111101111111111111011111011111111101111101110111110111111111111111101111011010111111111111111111111010011111111011111111111111111111111111111111111010001111111011111111011101101111111111111011111111111111110111100111111111011101011111111111111111111111101110111011110011111111101110111111110011111111111111111111111111101111111
000000000000000000000
000000000000000000000
001111111111111111100
001100000000000000100
001011111111111110100
001011111111111110100
001011111111111110100
001011111111111110100
001011111111111110100
001011111111111110100
001011111111111110100
001011111111111110100
001011111111111110100
001011101111111110100
001011111111111110100
001011111111111110100
001011111111111110100
001100000000000001100
001111111111111111100
000000000000000000000
000000000000000000000
end
