PSO TRACE
INIT:../../instances/fazia/init.csv
REF:../../instances/fazia/asm2.csv
DecodingPolicy:Nibble
MutationPolicy:Std
ParticleNeighborhood:EDist
ParticleDims:146
ParticleCount:100
AccP:2.0
AccG:2.0
AccL:1.5
AccI:2.3
Pos:0.0-3.0
Inertia:0.9-0.6
VeloMax:2.0
MaxPSOIteration:500
InertiaDecrFactor:6.000000000000001E-4
INIT
000000000000000000000
000000000000000000000
000000000000000000000
000000000000000000000
000000000000000000000
000000000000000000000
000000000000000000000
000000000000000000000
000000000000000000000
000000000000000000000
000000000010000000000
000000000000000000000
000000000000000000000
000000000000000000000
000000000000000000000
000000000000000000000
000000000000000000000
000000000000000000000
000000000000000000000
000000000000000000000
000000000000000000000
REF
000000000000000000000
000000000000000000000
000000000000000000000
000100000000000000000
000100000000000000000
000010111111000000000
000100001110100000000
000111111111010000000
000001100001011000000
000110101111010100000
000101101100111110000
000010100011110010000
000011111111110010000
000011000111110010000
000110110111011010000
000111101101110010000
000111100111100010000
000111111111111111000
000000000000000000000
000000000000000000000
000000000000000000000
Nibble Decoder
#
It:0:Diff:89:PSOStep:7:Time:0.180353543:s:AutomataStep:7:Transition:01100000011000000000001011001110010001100110001001001110100011001010100011000100101001001110010011101000111011001100011000001110000011001100111011001110011011000000101000100000101011100110100010001110111011101000111000101010011010000000001001000100111001101010010000101000010000100110110001001100000001100110001010100110011001001010001001001000001011101000101001101100001010000000110011000000001011101110000000101110101011101000100000000100101010101100010010101110111011000000100001000000110000000000100010100100
000000000000000000000
000000000000000000000
000000000000000000000
000110000000000000000
000000000000000000000
000110110000000000000
000000001100000000000
000100010010000000000
000010000000000000000
000111110100000000000
000011101100100000000
000110001011111000000
000000001100000000000
000110100000011100000
000010101011010000000
000110100011001010000
000000000000000000000
000101010101010101000
000000000000000000000
000000000000000000000
000000000000000000000
#
It:6:Diff:86:PSOStep:7:Time:0.780022883:s:AutomataStep:7:Transition:01000000001010101110011001000000001011000110010011101000101001001010010000100110111011101110111001000110010000101100001011101010110001100000011001001000111010100000000010001110110010001110101001101110110011001010010000000100010011101110011010101010011000101100101001001110000011101010111011000100011010100110100010100110000010000100101001000110010011100010111011000100000010000110010001001100000011101110001011101010011011100100011011100110100011000110101010000100100011100100000001101110101011101000101010000110
000000000000000000000
000000000000000000000
000000000000000000000
000100000000000000000
000010000000000000000
000100110000000000000
000000011000000000000
000100010100000000000
000011001110000000000
000101010000010000000
000000010110011000000
000100101011011000000
000010101100111000000
000101101011111000000
000000110101000000000
000110100101011000000
000010001010000010000
000111011101110111000
000000000000000000000
000000000000000000000
000000000000000000000
#
It:7:Diff:85:PSOStep:7:Time:0.852861809:s:AutomataStep:7:Transition:01000110101000000010011011000010001010001000110010101000010010001000100000101000100000001010001001001100010000001010010000101110111011100110010001101110011011101110011000100010100001000110101010001010100010000100010000101100111011000010101011101000010010001010010001001100111000000110100011001100111000101000100011100010001011101000100010000100101011001110101001001110001010001000100001100000111010101010000000001000111000101010110000101010101011100110010010000000111001100110111001100010111000101000111010101110
000000000000000000000
000000000000000000000
000000000000000000000
000100000000000000000
000100110000000000000
000100101100000000000
000011011000000000000
000100111111000000000
000111101111101000000
000100011110101100000
000000111001000100000
000111001000100100000
000110011000010000000
000110000011010100000
000000000011010000000
000100101010100010000
000111111101111110000
000110111100111111000
000000000000000000000
000000000000000000000
000000000000000000000
#
It:10:Diff:83:PSOStep:7:Time:1.041160464:s:AutomataStep:7:Transition:01000010100000101000010011000010111010101000110011101110111010101010101000101010101010001000001010000100111000001000110000101000100011100100101011101000100001000100111010001110101010100010010010100000101011101010110000101110010010101000111001000000101010101000110011001010010001100010101010101010010000101010101011001110000011101010101011100100000010001110000010100100000010101000010000100010010000000000001011101010010011100110100000101110000010100110111010000010101010000100100000100010011000100100100001101110
000000000000000000000
000000000000000000000
000000000000000000000
000100000000000000000
000111100000000000000
000111111100000000000
000000110001000000000
000100000000010000000
000111110011011000000
000110101111110010000
000000010000111011000
000101000001010011000
000111111101011011000
000110011001100011000
000000100000110011000
000101111111011001000
000111101001001011000
000110111100111111000
000000000000000000000
000000000000000000000
000000000000000000000
#
It:16:Diff:82:PSOStep:7:Time:1.435181338:s:AutomataStep:7:Transition:01100000011000001110101010100000011010101110111001000100101010101010101000001100101011100000111001101010101001100110101000000110100010101000101001000000000010001100001000000110101010100010100010100000101010101010101000001010101010100000011010100000101010101000100010101010011000000000101010101010101000000110101010000110001011101010101010100110000000000100000010101000001010100000101001100000111000001100000000001010011001100000011000000010100010101000101001100000101001100010000000000000111000101100100000000000
000000000000000000000
000000000000000000000
000000000000000000000
000110000000000000000
000010110000000000000
000111111110000000000
000000011011000000000
000110101000011000000
000011000000000100000
000110100001010110000
000010110010110010000
000100111110000010000
000010110111110110000
000111100000110010000
000000000100111010000
000100100000001000000
000011010101000110000
000111001100110011000
000000000000000000000
000000000000000000000
000000000000000000000
#
It:78:Diff:73:PSOStep:7:Time:5.436197965:s:AutomataStep:7:Transition:01000010001011001110000010101100011010101110111000000010101011001010101001100110111011001100010001101010101000100110111011000000101010101000101001101110001011101000110011000000101010100100010010100010111010101010101011001010101010100100000000001100101011101000100010101010011011000100101010101010000011001110101001100010000011101010101010100010110011000110001010101000110010101100010011001100111001000000110011001010111000000100000011000000111010100000101000001100101000000000110011001100000001101110000011000000
000000000000000000000
000000000000000000000
000000000000000000000
000100000000000000000
000010100000000000000
000110001000000000000
000001101110000000000
000100100000010000000
000010110000011000000
000110111111000100000
000000011001011110000
000110110011000010000
000010000110111110000
000110011011110010000
000001100000011110000
000100011000110010000
000011110101001010000
000111010101010111000
000000000000000000000
000000000000000000000
000000000000000000000
end
