PSO TRACE
INIT:../../instances/fazia/init.csv
REF:../../instances/fazia/asvn2.csv
DecodingPolicy:Nibble
MutationPolicy:Std
ParticleNeighborhood:EDist
ParticleDims:146
ParticleCount:100
AccP:2.0
AccG:2.0
AccL:1.5
AccI:2.3
Pos:0.0-3.0
Inertia:0.9-0.6
VeloMax:2.0
MaxPSOIteration:500
InertiaDecrFactor:6.000000000000001E-4
INIT
000000000000000000000
000000000000000000000
000000000000000000000
000000000000000000000
000000000000000000000
000000000000000000000
000000000000000000000
000000000000000000000
000000000000000000000
000000000000000000000
000000000010000000000
000000000000000000000
000000000000000000000
000000000000000000000
000000000000000000000
000000000000000000000
000000000000000000000
000000000000000000000
000000000000000000000
000000000000000000000
000000000000000000000
REF
000000000000000000000
000000000000000000000
000000000000000000000
000000000010000000000
000000000101000000000
000000001000100000000
000000010100010000000
000000100010001000000
000001010001000100000
000010001010101010000
000100010001000101000
000010001000100010000
000001000100010100000
000000100010001000000
000000010001010000000
000000001000100000000
000000000101000000000
000000000010000000000
000000000000000000000
000000000000000000000
000000000000000000000
Nibble Decoder
#
It:0:Diff:46:PSOStep:3:Time:0.24558133:s:AutomataStep:3:Transition:01100000111000100010100000100100011000001100001001100110011000100000110000001010101000001000100010001010100001000110111011100100001000000010011001000010010001100110011010000100101000101100110001000000010010100110001010001100010010100100010001000000000011000100011011101010110010001000110010001000100001000000110001100000011000000000101001000010000011000000110010101010100011101000001000001010010000100100100010000010000000000000110011101110111010000010101010100010101011100000100010000010011000000100111001000010
000000000000000000000
000000000000000000000
000000000000000000000
000000000000000000000
000000000000000000000
000000000000000000000
000000000000000000000
000000011000000000000
000000010000000000000
000000000000000000000
000000000000000000000
000000000000000000000
000000000000000000000
000000000000000000000
000000000000000000000
000000000000000000000
000000000000000000000
000000000000000000000
000000000000000000000
000000000000000000000
000000000000000000000
#
It:1:Diff:45:PSOStep:2:Time:0.443221891:s:AutomataStep:2:Transition:11100000111011101110001010000100111000100100001010000100111011100110101010100100000000001000010001000100100001001100100010000110010000000010000011101000100000100110001000101000101001100110001011100010101010100010000011001110001010000010100010001000110010000000010000100100101011000010101001101110111000100010001011101100111011001110000010000110010001100100010001101010010000001100000001001100000010000000001011100100111001101010000000101100100001100010011011001000111011100110011000000010000011101010001001100100
000000000000000000000
000000000000000000000
000000000000000000000
000000000000000000000
000000000000000000000
000000000000000000000
000000000000000000000
000000000000000000000
000000000001000000000
000000000000000000000
000000000011000000000
000000000000000000000
000000000000000000000
000000000000000000000
000000000000000000000
000000000000000000000
000000000000000000000
000000000000000000000
000000000000000000000
000000000000000000000
100000000000000000000
#
It:3:Diff:43:PSOStep:5:Time:0.64751202:s:AutomataStep:5:Transition:00000000001001100000010000101000101011100110100001100110000001100110100000000110110001101000011001000110000000100010110000100000011000001110000001101010000001101100101001100110000000000110011000000110010001000000111001000000011000000100000000000100011001101100011001101110111001101010011001100000000010000110011011001000100001100100011011000100101001101110100000100000011000000100000001101000001001100000011010100110000001100000000010100110000001100110011010001110110010000000010010101010011011101000000001101010
000000000000000000000
000000000000000000000
000000000000000000000
000000000000000000000
000000000000000000000
000000000000000000000
000000000000000000000
000000000000000000000
000000000000000000000
000000000000000000000
000000000000000100000
000000000000100000000
000000000000000100000
000000000000001000000
000000000000000100000
000000000000000100000
000000000000000000000
000000000000000000000
000000000000000000000
000000000000000000000
000000000000000000000
#
It:5:Diff:42:PSOStep:3:Time:0.771914178:s:AutomataStep:3:Transition:00000000110001000010001011000010101000000100010011001100001000000000001010101100001011000000110001001100001011000010110000100010101000100000000000001100000001001010110011001100000000000000110001100000001011000010111001100010000000100010001000100010110011000000000000001100011011000100110011001110001010000000111011100100001000000110111011000000000011000010000001100010110000101010001010100010110000000100110010001100001011000110111011001110001000000000110010001010101001100000110000100110010000101100000011000010
000000000000000000000
000000000000000000000
000000000000000000000
000000000000000000000
000000000000000000000
000000000000000000000
000000000000000000000
000000000000000000000
000000000000000000000
000000000000000000000
000000010000010000000
000000001001100000000
000000000100000000000
000000000010000000000
000000000000000000000
000000000000000000000
000000000000000000000
000000000000000000000
000000000000000000000
000000000000000000000
000000000000000000000
#
It:8:Diff:39:PSOStep:7:Time:0.963232519:s:AutomataStep:7:Transition:00000000110011000000001010000000000001001110011011001100000001100010000010001100000010100000110000001000000011100100110000000110110000001100000011001000000011000010110010101100111001100000110010001100001011000010111010100000110000001000101001100000110010100000010001101100100001000000110011000000000000001100110011100000100011100000110011001110110011000000100000100000110000001110000011000000011011000000110000001100000011101100000011001100000010100000110000001000110000000000100000101000111000001000100001100000
000000000000000000000
000000000000000000000
000000000000000000000
000000000000000000000
000000000000000000000
000000000000000000000
000000000000000000000
000000000000000000000
000000000000000000000
000000000000000000000
000100000000000000000
000010000000000000000
000000000000000000000
000000100000000000000
000000011000000000000
000000001000000000000
000000000100000000000
000000000010000000000
000000000000000000000
000000000000000000000
000000000000000000000
#
It:12:Diff:37:PSOStep:7:Time:1.24542135:s:AutomataStep:7:Transition:00000010101011000000101010101100101000100100100011001100000011000000000001000010110001001000110000100110000001100010011000101100110000000110000001000000001011000000111011000100011000001010110000001100101011000000110011000000000000001000000001000000110011000000100011100010101010100000110011000000000010101100111000000000101010000110011001100000111011000000101010100000110000000110000011001010011011000000110011101100000000000110010011001000000000101000011001100100110000000000111001000110101000001010110001101010
000000000000000000000
000000000000000000000
000000000000000000000
000000000000000000000
000000000000000000000
000000000000000000000
000000000000000000000
000000000000000000000
000000000000000000000
000000000000100010000
000101000011100111000
000010000000010010000
000000001101010100000
000000000110101000000
000000010111110000000
000000001001100000000
000000000101000000000
000000000010000000000
000000000000000000000
000000000000000000000
000000000000000000000
#
It:16:Diff:33:PSOStep:7:Time:1.589610319:s:AutomataStep:7:Transition:00000000100010000000010001000100100000000100100001000100000001000000010010101000100001001110010001100010001010000010100000000010110000001000101001000100000011000100000001000100010000000100011000000110010001000000110001001100010011001010000011001000001000000100010001001000010011100100010001000100110010101100100000100100001000100000100000100000101001000000001011000000010000001100000001000100000010000000010010001010000010000000001001100010001001000100001000001110010000000000010000100110110011001000110010000100
000000000000000000000
000000000000000000000
000000000000000000000
000000000000000000000
000000000000000000000
000000000000000000000
000000000000000000000
000000000000000000000
000000000000000000000
000000000000000000000
000100010000000101000
000011001100100010000
000001101101010100000
000000000101001000000
000000000001010000000
000000000000100000000
000000000101000000000
000000000010000000000
000000000000000000000
000000000000000000000
000000000000000000000
#
It:133:Diff:32:PSOStep:7:Time:9.687930194:s:AutomataStep:7:Transition:00000000101010000000010001000000100000000100000001000100000001000000010000000100000001000100010011001000010000001110000000001100100000000000100001000010000010000100000001000100010000000100000000000100100001000000101000000010010001000010000010100000100000000100010001000000010001000100110001000100001000000000110001000100100011101000000000000000000001000000111011100000010000001000000001000100000001000000010010001000000000000000000010000100111000100100001000001100010000001010010011101110010000001110000010000100
000000000000000000000
000000000000000000000
000000000000000000000
000000000000000000000
000000000000000000000
000000000000000000000
000000000000000000000
000000000000000000000
000000000000000000000
000000000000000000000
000101000001010101000
000011000000110010000
000001000000010100000
000000100000001000000
000000000011010000000
000000000000100000000
000000000101000000000
000000000010000000000
000000000000000000000
000000000000000000000
000000000000000000000
#
It:353:Diff:25:PSOStep:7:Time:24.256754411:s:AutomataStep:7:Transition:00100000101000000000010001000000111000000100101001000100000001000110010000001000010001000100010011001010110000000000101000001110110000001100010001000010000010000100000001000100010000001100011000000100101001000000110010101110010011001010000010101110000000000010011001001000010011000100010001000100111010000000101001100100000000101010011000101010110001000000100010000010010000001110000001000100000010000000010011001010000011000000000011000100000001100100000000000100001000000100010001100100010000000110101011000100
000000000000000000000
000000000000000000000
000000000000000000000
000000000010000000000
000000000101000000000
000000001101100000000
000000000100010000000
000000000000101000000
000000000101010100000
000000001010000010000
000110000001000101000
000010000000000010000
000001100000000000000
000000100010001000000
000000011000000000000
000000001000000000000
000000000101000000000
000000000010000000000
000000000000000000000
000000000000000000000
000000000000000000000
end
