PSO TRACE
INIT:/home/onio/cacmain/instances/fazia/init.csv
REF:/home/onio/cacmain/instances/fazia/asvn1.csv
DecodingPolicy:CPP
MutationPolicy:Null
ParticleNeighborhood:DynamicGeneralizedEuclideanDistance
ParticleDims:515
ParticleCount:100
AccP:2.0
AccG:2.0
AccL:1.5
AccI:2.3
Pos:0.0-3.0
Inertia:0.9-0.6
VeloMax:2.0
MaxPSOIteration:500
InertiaDecrFactor:6.000000000000001E-4
INIT
000000000000000000000
000000000000000000000
000000000000000000000
000000000000000000000
000000000000000000000
000000000000000000000
000000000000000000000
000000000000000000000
000000000000000000000
000000000000000000000
000000000010000000000
000000000000000000000
000000000000000000000
000000000000000000000
000000000000000000000
000000000000000000000
000000000000000000000
000000000000000000000
000000000000000000000
000000000000000000000
000000000000000000000
REF
000000000000000000000
000000000000000000000
000000000000000000000
000000000010000000000
000000000111000000000
000000001010100000000
000000011100110000000
000000101001101000000
000001111001111100000
000010111111111010000
000111011111110111000
000000000000000000000
000000000000000000000
000000000000000000000
000000000000000000000
000000000000000000000
000000000000000000000
000000000000000000000
000000000000000000000
000000000000000000000
000000000000000000000
Classic CPP Decoder
#
It:0:Diff:44:PSOStep:2:Time:0.113906293:s:AutomataStep:2:Transition:01111111110110001100111011111111111110001001011111111111000110011111111111110111110011111010011001101111000111111111111111011011011110001110111000011011111011101110101101011111111011110111101101111111100011111111001011111111111101110111111110110111101011110111111111111111111101011110111010111001111101101110101111100111111100111111111111011001001111111111001100111101101110101111100110111111111101101010111111001001111100110000111111110111110101101011111000111001110111111011101111111111110101111010111111111111
000000000000000000000
000000000000000000000
000000000000000000000
000000000000000000000
000000000000000000000
000000000000000000000
000000000000000000000
000000000000000000000
000000001111100000000
000000001111100000000
000000001111100000000
000000001111000000000
000000001000000000000
000000000000000000000
000000000000000000000
000000000000000000000
000000000000000000000
000000000000000000000
000000000000000000000
000000000000000000000
000000000000000000000
#
It:1:Diff:38:PSOStep:7:Time:0.367342413:s:AutomataStep:7:Transition:00110000110110011101000011110011101010011101011101111011100100010100001111110011010011111001001011111110110111011111101110011011001000001111000100000111100000111110011011111111111111011100101001010011100100100101111100111111100101110010011110011110100001100101011010110110001001001010011100111010001101011010011110100011011100001100111111011101111100101111001100111001011000001001000000110010111000000100011111011111100110100000111011110000010001001110001010001011110101111101100011011111101011000000101111100110
000000000000000000000
000000000000000000000
000000000000000000000
000000000010000000000
000000000111000000000
000000001110000000000
000000011110000000000
000000111000111000000
000001111010100000000
000011011111110010000
000110110001011111000
000001110110010100000
000000011111010000000
000000000101000000000
000000000000000000000
000000000000000000000
000000000000000000000
000000000000000000000
000000000000000000000
000000000000000000000
000000000000000000000
#
It:2:Diff:26:PSOStep:7:Time:0.6536796:s:AutomataStep:7:Transition:00110000100110010101100010110010100000011000010111100011000100000010001101000111000000111011000111101010100101001111011110000011001100001101100101000011000010010000001001111110001011001100000001110111000001011111110000011010100100100100011100000110100001100000011000000010001010011100001000011011001001001010010110100010000100001000010011011001010000100011001100110001110001010101001100111010101000001100111011010101100111000100011011010100010010000000000000111000110110110001100000010101100110000000000110000110
000000000000000000000
000000000000000000000
000000000000000000000
000000000010000000000
000000000101000000000
000000001000100000000
000000010101010000000
000000100010001000000
000001010101010100000
000010001000100010000
000101010101010101000
000000000000000000000
000000000000000000000
000000000000000000000
000000000000000000000
000000000000000000000
000000000000000000000
000000000000000000000
000000000000000000000
000000000000000000000
000000000000000000000
#
It:3:Diff:19:PSOStep:7:Time:1.044656033:s:AutomataStep:7:Transition:00110000101110010111100010110011100000011011010011000111100100010000001100011011000011010011000010111110100111011011001110001011001000001011000100000011000000001100010011110110000000010101001001111011100000000101110101111111100000110001011100011110110001100000101010100010001000001110000000100000001001100010000010110001001110001101010011010100110110101011011100101001010001000001000100011000110011000100001111010000000110110000111001100000010011010110000000001010110111011100100001011101001010000100101110000010
000000000000000000000
000000000000000000000
000000000000000000000
000000000010000000000
000000000111000000000
000000001100100000000
000000011100010000000
000000111101101000000
000001111011011100000
000011100101100010000
000101101101100101000
000000000000000000000
000000000000000000000
000000000000000000000
000000000000000000000
000000000000000000000
000000000000000000000
000000000000000000000
000000000000000000000
000000000000000000000
000000000000000000000
#
It:27:Diff:17:PSOStep:7:Time:19.071505163:s:AutomataStep:7:Transition:00110100100011001111001010110010101010011101010011110110100100010001000110000011000110110011001010101100100111011111010011011010010000101111000111001110000001101100001011111110001001010100101001110011100000011111110001011111101101110111111110011110010001100001111010011100001000001110011000111010001001000111010010110011001010011101010101011100010000101011111100101001110001100111000001011111010010000100010111010101100101000100111011100000010011000110000000111110110110101101100111011101101110000110101110100110
000000000000000000000
000000000000000000000
000000000000000000000
000000000010000000000
000000000111000000000
000000001000100000000
000000011011110000000
000000101100000000000
000001100001111100000
000010111001100010000
000111010001110111000
000000000000000000000
000000000000000000000
000000000000000000000
000000000000000000000
000000000000000000000
000000000000000000000
000000000000000000000
000000000000000000000
000000000000000000000
000000000000000000000
#
It:33:Diff:14:PSOStep:7:Time:22.601736418:s:AutomataStep:7:Transition:00110110101111111111011110110010101010011101010011111110100100110011000111011011100111111111101010101111100111011111010011111011011100111111010111001111100101101100011011011111001001011110101001111111101110111110111101111111111101111111111110111110110001110001111011011111001101111110111101111010101011001111110010110011001110110101110111011100011011101111111100111011111111111111001001011111111010111100110111010111100111111110111011100100110111010111100011111111111110101111100111011111101011001110101110100110
000000000000000000000
000000000000000000000
000000000000000000000
000000000010000000000
000000000111000000000
000000001010100000000
000000010111110000000
000000101000001000000
000001010001101100000
000010100001111010000
000111111111111111000
000000000000000000000
000000000000000000000
000000000000000000000
000000000000000000000
000000000000000000000
000000000000000000000
000000000000000000000
000000000000000000000
000000000000000000000
000000000000000000000
#
It:39:Diff:9:PSOStep:7:Time:26.343959329:s:AutomataStep:7:Transition:00110100101111111111111110010011100010011011110111111111100100110001000111011011000011111101101010101111100111011111011111011011010100011111010111001110100101011110011011110111001001011101101101111011101000111101110101010111101101111110111110011111100011100001110010111111001111011110101101111010001111110101110010100001001100111101110101011100011001101111111110101001001101111111001001011101111000111100010111010101010101101100111011100100010110010010101111111111110011101110100111010111101010001110101110000110
000000000000000000000
000000000000000000000
000000000000000000000
000000000010000000000
000000000111000000000
000000001010100000000
000000011111110000000
000000101000011000000
000001111001011100000
000010111010111010000
000111011111110011000
000000000000000000000
000000000000000000000
000000000000000000000
000000000000000000000
000000000000000000000
000000000000000000000
000000000000000000000
000000000000000000000
000000000000000000000
000000000000000000000
#
It:185:Diff:6:PSOStep:7:Time:119.737884163:s:AutomataStep:7:Transition:00110100111111111111111111110011100010011011110111111111100100110100000111011011000011111111101010101111111111011111011111011011011100011111010111001010100101001110011011110111101001011101101101111111101100111111111101010111101101111100111110011111100011100001110010110111011111011110101101111010101101110111110011100011001100111100110101011101111001101111111100101001011111111111000001011111111001111100010111011101110101101000111011100100010111010110111111111011110111011110100111010111111011001110101110000110
000000000000000000000
000000000000000000000
000000000000000000000
000000000010000000000
000000000111000000000
000000001010100000000
000000011100110000000
000000101001111000000
000001110001111100000
000010111110100010000
000111011111111111000
000000000000000000000
000000000000000000000
000000000000000000000
000000000000000000000
000000000000000000000
000000000000000000000
000000000000000000000
000000000000000000000
000000000000000000000
000000000000000000000
#
It:352:Diff:5:PSOStep:7:Time:240.976236853:s:AutomataStep:7:Transition:00110100101111001111111111010011100010011011110111111110100100010100000111011011000011111101101010101111111111011111010011011011010100111111010111001010101100011110011011110111101001011101101101111111001110101111111101010011101100111110111110011111100011100001100010110111011111011110101101111010101101110111110011110010001100111100110101011101111001100111111100101011010111111111000001011111111001110100010111011101110100101100111011100100010010010110101111111011111111111110100111011111111011001010101110000110
000000000000000000000
000000000000000000000
000000000000000000000
000000000010000000000
000000000111000000000
000000001010100000000
000000011100110000000
000000101001001000000
000001110001111100000
000010111110111010000
000111011111011111000
000000000000000000000
000000000000000000000
000000000000000000000
000000000000000000000
000000000000000000000
000000000000000000000
000000000000000000000
000000000000000000000
000000000000000000000
000000000000000000000
#
It:413:Diff:4:PSOStep:7:Time:285.80207254:s:AutomataStep:7:Transition:00110100101111101111111110010011100010011011110111111111100100110100000111000011000011011111101010101101110101011111011111011111011100111101010111001010100101011110111011110111001001011101101101111111101110111101111101011011101100111100111110011111100011100001100010111111011111011100001001111010101101110111100010100011001100111100110111011100111001100110111100101001011101010111000001011011111001110100010111011101110101101010111011100100010010010010111111111011111111011110100111010111111011001110101110000110
000000000000000000000
000000000000000000000
000000000000000000000
000000000010000000000
000000000111000000000
000000001010100000000
000000011100110000000
000000101001101000000
000001110001111100000
000010111110111010000
000111011111000111000
000000000000000000000
000000000000000000000
000000000000000000000
000000000000000000000
000000000000000000000
000000000000000000000
000000000000000000000
000000000000000000000
000000000000000000000
000000000000000000000
end
