PSO TRACE
INIT:../../instances/fazia/init.csv
REF:../../instances/fazia/asvn1.csv
DecodingPolicy:CPP
MutationPolicy:Null
ParticleNeighborhood:DynamicGeneralizedEuclideanDistance
ParticleDims:515
ParticleCount:100
AccP:2.0
AccG:2.0
AccL:1.5
AccI:2.3
Pos:0.0-3.0
Inertia:0.9-0.6
VeloMax:2.0
MaxPSOIteration:500
InertiaDecrFactor:6.000000000000001E-4
INIT
000000000000000000000
000000000000000000000
000000000000000000000
000000000000000000000
000000000000000000000
000000000000000000000
000000000000000000000
000000000000000000000
000000000000000000000
000000000000000000000
000000000010000000000
000000000000000000000
000000000000000000000
000000000000000000000
000000000000000000000
000000000000000000000
000000000000000000000
000000000000000000000
000000000000000000000
000000000000000000000
000000000000000000000
REF
000000000000000000000
000000000000000000000
000000000000000000000
000000000010000000000
000000000111000000000
000000001010100000000
000000011100110000000
000000101001101000000
000001111001111100000
000010111111111010000
000111011111110111000
000000000000000000000
000000000000000000000
000000000000000000000
000000000000000000000
000000000000000000000
000000000000000000000
000000000000000000000
000000000000000000000
000000000000000000000
000000000000000000000
Classic CPP Decoder
#
It:0:Diff:45:PSOStep:2:Time:0.125989915:s:AutomataStep:2:Transition:01101100110001011010110110111111100101001111101111011010110101001111101001111001111110010100000000010001011111111011100010000101111101010111110010010110101100110001001111110011111000001000110111100111011111110010100101010111110110011101101110011100010111010111111010000111101010111101110110011011010010110111110110110010111101000011000001000100010100011001100011011001111001001111010101011101100101101011001011001100111011001101011001110111011111001101100000011111011010100011110101101011100000111101011100011110
000000000000000000000
000000000000000000000
000000000000000000000
000000000000000000000
000000000000000000000
000000000000000000000
000000000000000000000
000000000000000000000
000000001000100000000
000000001101000000000
000000001110100000000
000000000011000000000
000000001100000000000
000000000000000000000
000000000000000000000
000000000000000000000
000000000000000000000
000000000000000000000
000000000000000000000
000000000000000000000
000000000000000000000
#
It:1:Diff:42:PSOStep:2:Time:0.281969909:s:AutomataStep:2:Transition:01101000110001111010110110111111000111001101101111011110111101001111111001111001111110000100000001010101011111111011100010000101111001010111110011010110101000110001001111110011011000000100111101100111011001010010100101010111110110011101101110010100010111010111111000000011001010111101110100010011010000100100111111111000111101000111000001000100010100011000100011011001111001000110010101011101000000001011001111001100011011001101010001110111011010011101000000010111010010100011110101101011100000111101111110011110
000000000000000000000
000000000000000000000
000000000000000000000
000000000000000000000
000000000000000000000
000000000000000000000
000000000000000000000
000000000000000000000
000000001000100000000
000000001101000000000
000000001111000000000
000000000000000000000
000000001000000000000
000000000000000000000
000000000000000000000
000000000000000000000
000000000000000000000
000000000000000000000
000000000000000000000
000000000000000000000
000000000000000000000
#
It:2:Diff:41:PSOStep:2:Time:0.482810652:s:AutomataStep:2:Transition:01101000110001111010110110111111110111101111101111011110111001011111110101111001111110010100010001010001011111111011110011000101011001010111110010010110101100110001001111110001111000000000110100100111011011010010100100011111100110011101101110011100010111010111111100000011001010111101110110010011010000100011110110111001111101000011000001000100010100011000100011011001111001000111010100011101100100101011001011001100111011001101010001110111011110010101100000000111110000100011110101101111100000111101111100111110
000000000000000000000
000000000000000000000
000000000000000000000
000000000000000000000
000000000000000000000
000000000000000000000
000000000000000000000
000000000000000000000
000000001000100000000
000000001111100000000
000000001010100000000
000000000000000000000
000000001000000000000
000000000000000000000
000000000000000000000
000000000000000000000
000000000000000000000
000000000000000000000
000000000000000000000
000000000000000000000
000000000000000000000
#
It:9:Diff:37:PSOStep:5:Time:1.083192543:s:AutomataStep:5:Transition:01100100110001111000000111111101111000101000100011011110111001010101101101111101111110010110100001010001011110011011110101000000011001011111110010011110101000110001000011110111010000000100000000101111100000000010100100001111101110001100101110010100001011010001111100000001000000111101100110010011111000000000011100100000001101001000000001000100000110110100100100011101100001001100010100011101010000001011001011001100011110001101000001100110011100000100000000000101110111000111100001101111100000111101010100011111
000000000000000000000
000000000000000000000
000000000000000000000
000000000000000000000
000000000000000000000
000001100000000000000
000001000000000000000
000000101100000000000
000000001000110000000
000000111101001000000
000000000111110100000
000000000000000000000
000000000000000000000
000000000000000000000
000000000000000000000
000000000000000000000
000000000000000000000
000000000000000000000
000000000000000000000
000000000000000000000
000000000000000000000
#
It:29:Diff:36:PSOStep:3:Time:2.611974852:s:AutomataStep:3:Transition:01111110110001111110100011111111101111111101111110011111110101010111111111011101111111011110000000110101011100011111101101010100011011110011100111111010111001111101001111111011110001010111101101100111110111111111101010111111110010011111111110010111111111110011110110111111011010111101101111010011010110011000111111111000011111111111101101111110010101110010001101101001110001001001110101011101110111101111001101111110111111010101011101111111011011010110011010111111001011101011110101101111100001111111111010011110
000000000000000000000
000000000000000000000
000000000000000000000
000000000000000000000
000000000000000000000
000000000000000000000
000000000000000000000
000000011111110000000
000000011111110000000
000000011101100000000
000000011111110000000
000000000000000000000
000000000000000000000
000000000000000000000
000000000000000000000
000000000000000000000
000000000000000000000
000000000000000000000
000000000000000000000
000000000000000000000
000000000000000000000
#
It:30:Diff:30:PSOStep:4:Time:2.702399519:s:AutomataStep:4:Transition:01111110110101111100110100101111111111111111111010011111111111010111101111111101111111111100001010110101001110111111101101010000011011111111110111110110111101111101001111111011110001010011111101100111110111111111101110111111101111011111111110011111111111110001110010101111011011111101111111011011110100111110111111111010011111111111101101111110000101100110101111001001111101001001110101001100010111101111101111111110111111011101011101111111111111110110011010000111011011111111101100101111100001111111111110011101
000000000000000000000
000000000000000000000
000000000000000000000
000000000000000000000
000000000000000000000
000000000000000000000
000000110000011000000
000000101111111000000
000000111111111000000
000000111111111000000
000000111111101000000
000000000000000000000
000000000000000000000
000000000000000000000
000000000000000000000
000000000000000000000
000000000000000000000
000000000000000000000
000000000000000000000
000000000000000000000
000000000000000000000
#
It:39:Diff:29:PSOStep:4:Time:3.402278448:s:AutomataStep:4:Transition:01111010110101110100100000001111101111111101111000011111110100000111101111011001111111111100001001110001001010111111101100010000011011111010100101110010111001101101001111011011110001010011101101100011100111111111100110111110000111011111111110010111111111110010111010101111011010011100011111010001010100011000110011111010011111111111100101111110000101000110001001001001111001001001110101001100010111101111101111111110111110010101011101011111011111110110011010000111011011111011100100100011100001111111111110011100
000000000000000000000
000000000000000000000
000000000000000000000
000000000000000000000
000000000000000000000
000000000000000000000
000000110101011000000
000000100111101000000
000000111001111000000
000000101110111000000
000000111111111000000
000000000000000000000
000000000000000000000
000000000000000000000
000000000000000000000
000000000000000000000
000000000000000000000
000000000000000000000
000000000000000000000
000000000000000000000
000000000000000000000
#
It:42:Diff:25:PSOStep:7:Time:3.629529194:s:AutomataStep:7:Transition:00110000110001011110010110101111100101101101101000011110110100000101101101111001111110010110000010110101000110011011111101010000011001110111100111110010111000110100101101111011110000000000110100100111010111101010000110111111000010011101101000010100110111110000000010001111011010011101110100011010110000010010011111101000011101010111100101010100001101000000000000011001100101001000010101000101100110101001001101001100011110001101111101110111111011110100011010000111101011101011101100101011100000111101001000011101
000000000000000000000
000000000000000000000
000000000000000000000
000000000010000000000
000000000111000000000
000000001100000000000
000000011110000000000
000000110101000000000
000001000111010000000
000011011111100010000
000111001111010111000
000000000000000000000
000000000000000000000
000000000000000000000
000000000000000000000
000000000000000000000
000000000000000000000
000000000000000000000
000000000000000000000
000000000000000000000
000000000000000000000
#
It:43:Diff:16:PSOStep:7:Time:3.708196475:s:AutomataStep:7:Transition:00110000110001111110110111001111111111111111111111011111110101010111101111111001111111111110001010110001001110110111111100010000011011110111100111110010111001000100101111111011110000010101111100100111010111111110100110111011111110011101111010010111111111110101011110101111111010011101100110011001111000100010101111101010011101110111101111111000001101101010100001011101110101001101110101011101100111101111101111001100011101011101111101101111111011110110011010000111101111101011111101101111100001111111111010011100
000000000000000000000
000000000000000000000
000000000000000000000
000000000010000000000
000000000101000000000
000000001000100000000
000000010101010000000
000000101101001000000
000001100101111100000
000011111111110010000
000110101111100111000
000000000000000000000
000000000000000000000
000000000000000000000
000000000000000000000
000000000000000000000
000000000000000000000
000000000000000000000
000000000000000000000
000000000000000000000
000000000000000000000
#
It:83:Diff:15:PSOStep:7:Time:6.817528954:s:AutomataStep:7:Transition:00110000110001111110010110001111101111111001011010011011110101000101100001010001110111110110001000110001001110111111001101010000011011110111110011011010100001001100101101110011010000000100100100100111010111011110100100011000101010010111101010010101011111110101011100001111111011010000100100011000111000100010101111100000001111110111100101111100001101111010000000011101110101001001010101001100110011101101001011001100011101001101100100100111111111110110011010000111101111100011100000101111100000111111110010011010
000000000000000000000
000000000000000000000
000000000000000000000
000000000010000000000
000000000101000000000
000000001010100000000
000000011111010000000
000000101011001000000
000001101001111100000
000011111110100010000
000111110011100111000
000000000000000000000
000000000000000000000
000000000000000000000
000000000000000000000
000000000000000000000
000000000000000000000
000000000000000000000
000000000000000000000
000000000000000000000
000000000000000000000
#
It:95:Diff:14:PSOStep:7:Time:7.752559585:s:AutomataStep:7:Transition:00110000110001111110010110001111111111111001011101011110110101000101100101011001111110110110001000110001001110110011001101010000011011110111100101110010101001001100100111111011010000010100100100100111110111001110100100111011111110010111101010010101111111110100011110001111111011011001100100011000111000100010100111100000001111110111101001111010000101111010000000011101110101001001110101011100110111101101001011011110011101001101100100100111111111110110011010000111101110101011111001101111100000111111111010011110
000000000000000000000
000000000000000000000
000000000000000000000
000000000010000000000
000000000101000000000
000000001000100000000
000000010101010000000
000000100101001000000
000001011001111100000
000010011110110010000
000110011111100111000
000000000000000000000
000000000000000000000
000000000000000000000
000000000000000000000
000000000000000000000
000000000000000000000
000000000000000000000
000000000000000000000
000000000000000000000
000000000000000000000
#
It:103:Diff:12:PSOStep:7:Time:8.417552379:s:AutomataStep:7:Transition:00100000110001011100110111001111111111111111011100011111110101000101111101110001110111110110001000110001000110111111000101010000011011110111110011010010111001100100101111110111010000010101111100100111010110011101100110111001111110010110111000010101111111110101011110101111111011011001100110011001111000100010100101101000001111110110101101110010000101011000100010011101110101001001110101011100110111101101001111011110011101001101100100001111111111110110011010000111111111101011111001101111100001111011111010011110
000000000000000000000
000000000000000000000
000000000000000000000
000000000010000000000
000000000101000000000
000000001010100000000
000000011100010000000
000000111101101000000
000001111000111100000
000011111111000010000
000111110111010111000
000000000000000000000
000000000000000000000
000000000000000000000
000000000000000000000
000000000000000000000
000000000000000000000
000000000000000000000
000000000000000000000
000000000000000000000
000000000000000000000
#
It:221:Diff:10:PSOStep:7:Time:17.873488171:s:AutomataStep:7:Transition:00110010110001111110110010101111111111111101111101011111110001110111101111010101110111110110111010111001001100110011111111010000011011111111100111111010111001100100111111111111110001010110111101100111110111111111101110011111110110011111111110010101111001110111011100101111101010111001110110011001111110100010111101000010001111110111101111111110111001111110101010011101110001001001110101111100110111111111001111011111111100001101100101101111111111110110011010011111101110101111110001101111100001111111111000011101
000000000000000000000
000000000000000000000
000000000000000000000
000000000010000000000
000000000111000000000
000000001011100000000
000000010110110000000
000000101011111000000
000001111111111100000
000011101111101010000
000111011111110111000
000000000000000000000
000000000000000000000
000000000000000000000
000000000000000000000
000000000000000000000
000000000000000000000
000000000000000000000
000000000000000000000
000000000000000000000
000000000000000000000
#
It:265:Diff:9:PSOStep:7:Time:21.519460139:s:AutomataStep:7:Transition:00110010110001111110010010101101111111111111011101011111110100110111101111110001110111110110001010110001001111111011111111010000011011101111110111111010101001100100101111111111110001010111111100100111110111111110101110111111110110010101101110010101111101110111011110101111101011111001100110011000011110100010100101101010011111110111101111111110111001011010001011011101110001001001110101111100110111011101001111011101111100001101101101001111111111110110011010011111001110100111110001101111100001111011111010011111
000000000000000000000
000000000000000000000
000000000000000000000
000000000010000000000
000000000111000000000
000000001011100000000
000000011101110000000
000000101111101000000
000001111011111100000
000011101101101010000
000111011111110111000
000000000000000000000
000000000000000000000
000000000000000000000
000000000000000000000
000000000000000000000
000000000000000000000
000000000000000000000
000000000000000000000
000000000000000000000
000000000000000000000
#
It:290:Diff:8:PSOStep:7:Time:23.54919105:s:AutomataStep:7:Transition:00110010110001111110010010101101111111111111011101011111110100110111101111110101110111110110001000110001001111111111111111010000011011111111110011111010101001101100111111111111011001000110111100100111010110111101101110111110111110011101111110010101111101110111011110101111101011111001100110011000111110100010100101101010011111110111101111111110111101111110001010011101110101001001110101011101100111011111001111011111111100001101101101001111111111110110001010011111101110100111111001101111100001111111111010011111
000000000000000000000
000000000000000000000
000000000000000000000
000000000010000000000
000000000111000000000
000000001011100000000
000000011101110000000
000000101101101000000
000001111111111100000
000011101101111010000
000111011111110111000
000000000000000000000
000000000000000000000
000000000000000000000
000000000000000000000
000000000000000000000
000000000000000000000
000000000000000000000
000000000000000000000
000000000000000000000
000000000000000000000
#
It:316:Diff:7:PSOStep:7:Time:25.662874625:s:AutomataStep:7:Transition:00110010110001111110110010101101111111111111111101011111110101110111101111110101110111110110111010111001001101111011111111010000011011111111110011111010101001100100111111111111111000010110111100100111010110111111001110111110110110010111101110010101101011110111011110101111101011111001110110011010111100100010101101111010011111110111101111111010111001111010001011011101110001001001110101111101100111011111001111011101111100001101101101001111111111110110011010011111001110101111111001101111110001111111111010011111
000000000000000000000
000000000000000000000
000000000000000000000
000000000010000000000
000000000111000000000
000000001011100000000
000000011101110000000
000000101101101000000
000001111011111100000
000011101101111010000
000111011111110111000
000000000000000000000
000000000000000000000
000000000000000000000
000000000000000000000
000000000000000000000
000000000000000000000
000000000000000000000
000000000000000000000
000000000000000000000
000000000000000000000
#
It:365:Diff:6:PSOStep:7:Time:29.637604963:s:AutomataStep:7:Transition:00100010110001111110110010101111111111111101011101011111110101110111101111010101110111110110111000111001001000110001100111010000011010111111110011111010111001100100110111111111110001010110111100100111010110111011001110101111111110010001101010010101101101110111011100001111101010111001110110011011111100100010101101001010011111110111101111111110111001111010001010001101110001001101110101011100110011011011001111011101111111001101100101001111111111110110011010011101101110101111111101101111100001111101111000011101
000000000000000000000
000000000000000000000
000000000000000000000
000000000010000000000
000000000111000000000
000000001010100000000
000000011111110000000
000000101011101000000
000001111101111100000
000011101111111010000
000111011111110111000
000000000000000000000
000000000000000000000
000000000000000000000
000000000000000000000
000000000000000000000
000000000000000000000
000000000000000000000
000000000000000000000
000000000000000000000
000000000000000000000
end
