PSO TRACE
INIT:../../instances/fazia/init.csv
REF:../../instances/fazia/asvn1.csv
DecodingPolicy:CPP
MutationPolicy:Null
ParticleNeighborhood:DynamicGeneralizedEuclideanDistance
ParticleDims:515
ParticleCount:100
AccP:2.0
AccG:2.0
AccL:1.5
AccI:2.3
Pos:0.0-3.0
Inertia:0.9-0.6
VeloMax:2.0
MaxPSOIteration:500
InertiaDecrFactor:6.000000000000001E-4
INIT
000000000000000000000
000000000000000000000
000000000000000000000
000000000000000000000
000000000000000000000
000000000000000000000
000000000000000000000
000000000000000000000
000000000000000000000
000000000000000000000
000000000010000000000
000000000000000000000
000000000000000000000
000000000000000000000
000000000000000000000
000000000000000000000
000000000000000000000
000000000000000000000
000000000000000000000
000000000000000000000
000000000000000000000
REF
000000000000000000000
000000000000000000000
000000000000000000000
000000000010000000000
000000000111000000000
000000001010100000000
000000011100110000000
000000101001101000000
000001111001111100000
000010111111111010000
000111011111110111000
000000000000000000000
000000000000000000000
000000000000000000000
000000000000000000000
000000000000000000000
000000000000000000000
000000000000000000000
000000000000000000000
000000000000000000000
000000000000000000000
Classic CPP Decoder
#
It:0:Diff:46:PSOStep:1:Time:0.113037851:s:AutomataStep:1:Transition:01100111010010001001000100011000100111011101100101100100010010010101011001000100000100001011000000000010010000011010110000000101011010000101101010110101100100100100100000001001000100000000011000111100001000000010000100110000101000110101001110101101101011000001010000100110000010001110000001101101111000101100000010110010101100010110001110100000100000101000000111000001001000011001000110010010111001000000101101000100000010111101100101100001101111011001000000100100000001100000100011000100000010101000010111001110
000000000000000000000
000000000000000000000
000000000000000000000
000000000000000000000
000000000000000000000
000000000000000000000
000000000000000000000
000000000000000000000
000000000000000000000
000000000110000000000
000000000011000000000
000000000000000000000
000000000000000000000
000000000000000000000
000000000000000000000
000000000000000000000
000000000000000000000
000000000000000000000
000000000000000000000
000000000000000000000
000000000000000000000
#
It:1:Diff:43:PSOStep:2:Time:0.269449052:s:AutomataStep:2:Transition:01101111010010010111101101111011110101111110010111111100110011110111101010010111000111001010010101001111010000001011001010010100011011011111110010101101101111011010100000101111000011011011110001111011000111110011110001100000000111010110111110101001111000010110110110000011011011010101110111111001011111100101111101100101101000111110101010100010010001111011100011000010011100001111000111011100011011001101010111111000101110111111110100011010100011001101100110101100110101101100100011000111010010001101011101100110
000000000000000000000
000000000000000000000
000000000000000000000
000000000000000000000
000000000000000000000
000000000000000000000
000000000000000000000
000000000000000000000
000000001011100000000
000000000011000000000
000000000011100000000
000000000000000000000
000000000000000000000
000000000000000000000
000000000000000000000
000000000000000000000
000000000000000000000
000000000000000000000
000000000000000000000
000000000000000000000
000000000000000000000
#
It:2:Diff:42:PSOStep:4:Time:0.422378688:s:AutomataStep:4:Transition:01101010110110101011111101001111000111001110110110111111110111110110011011101110000011010111110111100010111110101100111100111010010010011101011110101010100111010000101001011111000111100011010000101111111011000111010100111111001011110101001000111110111101100101010110010101100000101111010010101101010011111111101110100100101111111100101101111010101010111111100011010011101000011111101000010111111001101101101011000101111010101111111111001111000011011101001011100011101001111110111010011101100000111101110110101111
000000000000000000000
000000000000000000000
000000000000000000000
000000000000000000000
000000000000000000000
000000000000000000000
000000100010011000000
000000101111110000000
000000111110110000000
000000111110110000000
000000100001110000000
000000001110000000000
000000000000000000000
000000000000000000000
000000000000000000000
000000000000000000000
000000000000000000000
000000000000000000000
000000000000000000000
000000000000000000000
000000000000000000000
#
It:3:Diff:38:PSOStep:3:Time:0.533340831:s:AutomataStep:3:Transition:01111101111110111111110110111111100011111011011110011110101011110110011011101110011111111111110110000000011101110110101000111010011011111101110111101001100111110011111101101111010110110011111001111001011011000011010100111110011011110111011101111111111111110111111111110111110010101001111110101101111111010111000110100110111110101100111001011010110001111110100010111100110001011111101110011110111101011100001111000101111110111100110111101111011111111101101011110111101011101111000011111011000100010001100010100111
000000000000000000000
000000000000000000000
000000000000000000000
000000000000000000000
000000000000000000000
000000000000000000000
000000000000000000000
000000011101110000000
000000011101010000000
000000011111110000000
000000010011110000000
000000000100100000000
000000000001000000000
000000000000000000000
000000000000000000000
000000000000000000000
000000000000000000000
000000000000000000000
000000000000000000000
000000000000000000000
000000000000000000000
#
It:5:Diff:37:PSOStep:7:Time:0.721023939:s:AutomataStep:7:Transition:00110101101010011101000010011011000011001011001110011110101001010110001010101000011110001110110110010000011011100000110000011000011011111010110110001100110011110100110101100101010000110000111000111000011001010010110100111010011001111111011001101011001010010111110111000101110010101010101101011101111001110010011010000010100110001100111111000000111001001100000000110100110010010111000100011110000100011110001101110110000100111000110111001101010010111101000010100111110101001111000111111111100100001001000110100111
000000000000000000000
000000000000000000000
000000000000000000000
000000000010000000000
000000000110000000000
000000001001000000000
000000001011100000000
000000101001010000000
000001100001100000000
000011110101000000000
000111000110000000000
000000111100000000000
000000001000000000000
000000000000000000000
000000000000000000000
000000000000000000000
000000000000000000000
000000000000000000000
000000000000000000000
000000000000000000000
000000000000000000000
#
It:6:Diff:35:PSOStep:7:Time:0.817819064:s:AutomataStep:7:Transition:00110100101110111001010110011011010010101111110010010110100000010100000011101000110000000100011000000000011011000010001100001000001001100011010000001100101111101111100001010101000100110011001000011000011011000010100000011100011011100101000000101010010001000111101111000100000010011011001101011001001001000010011110100010101100000000111011101001110011010100000000110110000010000111001110011011000100110101000011011110000001011100110101001001000000111101100111000011110010011101000111011101000100010001100100110101
000000000000000000000
000000000000000000000
000000000000000000000
000000000010000000000
000000000110000000000
000000001000000000000
000000010111100000000
000000101010000000000
000001000000110000000
000010100001010000000
000111011100100000000
000001000010000000000
000000001000000000000
000000000110000000000
000000000000000000000
000000000000000000000
000000000000000000000
000000000000000000000
000000000000000000000
000000000000000000000
000000000000000000000
#
It:9:Diff:34:PSOStep:7:Time:1.114077472:s:AutomataStep:7:Transition:00110100101110011001110110001011000011101111110011010010000000010100000011101000010000000100001000100000011001000010000000001000011001001011010000011100101111101011100001100001000100110010001000111000011011110110100000101110011011110101000000001001010001000111100100000101000010011110000101111001000001100010010110100011001110000000101011000000100011100000000000110100100010000111010000011010000000000100100011010010000001111100110001001001000000101101000010000011110110001101000000011101000100010001100000000100
000000000000000000000
000000000000000000000
000000000000000000000
000000000010000000000
000000000110000000000
000000001000000000000
000000010100000000000
000000101001000000000
000001000010000000000
000010010110000000000
000101001000000000000
000000000000000000000
000000000000000000000
000000000000000000000
000000000000000000000
000000000000000000000
000000000000000000000
000000000000000000000
000000000000000000000
000000000000000000000
000000000000000000000
#
It:10:Diff:23:PSOStep:7:Time:1.204163776:s:AutomataStep:7:Transition:00110101101110011101110111011110000011001010010111110110110111110110001010101000111110000110111111101000011111110110101000101010011001111001101111001000100111110011111001110101010100110000111000111001111011010010110110111110011011011101011001111111101110110111110111110111110010101010100111111101101001110010001110000010010110000011111111000001111011100110000000110101110010011111100100011111111001011110100111010011100001111001110101101111010001111111000010110111111101111111001111111101000100110000100000100111
000000000000000000000
000000000000000000000
000000000000000000000
000000000010000000000
000000000110000000000
000000001010100000000
000000011110100000000
000000101101110000000
000001111100111000000
000011001111001010000
000110110101100110000
000000001101000000000
000000000000000000000
000000000000000000000
000000000000000000000
000000000000000000000
000000000000000000000
000000000000000000000
000000000000000000000
000000000000000000000
000000000000000000000
#
It:18:Diff:22:PSOStep:7:Time:1.841904579:s:AutomataStep:7:Transition:00100001101110111011101101111111000011111011011111011111010101100100001010001011011010100111111110111110010011100110000100101110010011111111110111101001100011111001001101010101010010110000101000111001101011000010110100111010001011000110011001111111111110110111001001010101100110101110011011011011011001100010100100111011110100100100101101100100101001010101100000010101101001011111100101010111111001001000000001100001100110011101111111000001010010111101100100111100101001001100001111011001000001100000000100000101
000000000000000000000
000000000000000000000
000000000000000000000
000000000010000000000
000000000111000000000
000000001100100000000
000000011100100000000
000000111000100000000
000001111011111100000
000011000111100110000
000100000111111010000
000000000000010000000
000000000000000000000
000000000000000000000
000000000000000000000
000000000000000000000
000000000000000000000
000000000000000000000
000000000000000000000
000000000000000000000
000000000000000000000
#
It:24:Diff:20:PSOStep:7:Time:2.370776565:s:AutomataStep:7:Transition:00110001101110111111010101101101000011111111011011011111010001000110000110001011011010000110111110111100010111100110000001101010010010111101111111101000100011011011101101010101010000010000101000111001101011000010110100111010001011000110001001010111101110110011001011000101100110100000011011011001011001110010100100101010010000100100001001100100100001110100100000010111101100011101000101010011011000001000000111000011100000011101110101100001010010111101101110001100001001101100001111011011001101100000000000000100
000000000000000000000
000000000000000000000
000000000000000000000
000000000010000000000
000000000110000000000
000000001010100000000
000000011010100000000
000000100100101000000
000001111110111000000
000011100101111010000
000100011010110110000
000000000000000000000
000000000000000000000
000000000000000000000
000000000000000000000
000000000000000000000
000000000000000000000
000000000000000000000
000000000000000000000
000000000000000000000
000000000000000000000
#
It:46:Diff:18:PSOStep:7:Time:4.263011212:s:AutomataStep:7:Transition:00110001101110111011111101111111000011111111010011011011011111010110001110001101111000001111110110110110010111100110001100101111010011111110100111001011110011111001111001110111010011010100101000111001101010010011110100111110001011111110001111111111111111110111111111000101100111110110011111111011011011100111111110111011010100110100011111110100100001110101100010010111101110011111100101011111011111001000000111100001100110111100111111001011010010111101101110011100101001101110001111111111000101110001000100100111
000000000000000000000
000000000000000000000
000000000000000000000
000000000010000000000
000000000111000000000
000000001111100000000
000000010100110000000
000000111001111000000
000001111101111100000
000010010111010110000
000111011110100110000
000000101110000000000
000000000000000000000
000000000000000000000
000000000000000000000
000000000000000000000
000000000000000000000
000000000000000000000
000000000000000000000
000000000000000000000
000000000000000000000
#
It:75:Diff:17:PSOStep:7:Time:6.766489027:s:AutomataStep:7:Transition:00110001101110111111011101011111000011111111011010111111011001010010001110101101111100011111111110110100010111100110000110101111010001101111110111101011110011111011001001110101010010010100101000111001101011010011110100111111001111100010011111111111111111110111111110000101100111110100001011111011011011100111111100111011010100100110011101110100101001110101100010111111100111011110000101011111011111001000000111101001100110101101111111001011010010110101001110011100101001101110001111111111001101110001000100100111
000000000000000000000
000000000000000000000
000000000000000000000
000000000010000000000
000000000111000000000
000000001101100000000
000000011110110000000
000000111111011000000
000001110001101100000
000011101111110110000
000111011011110110000
000000000000000000000
000000000000000000000
000000000000000000000
000000000000000000000
000000000000000000000
000000000000000000000
000000000000000000000
000000000000000000000
000000000000000000000
000000000000000000000
#
It:78:Diff:15:PSOStep:7:Time:7.03081512:s:AutomataStep:7:Transition:00110010101110111011011111101111000111101111010010001000111011110011111111101101111111011111111110110001010111110110111111110110010011101111110111001001111011011011111011111101110010010110111100111001111010110111110101111111111111101000001101111111111111110011111110101101110111111100101110111011011011100111111110110011010110101010011111100110111011110101000010110110011111011000001101011111111111111100110111111011001011111100111111011111010111100111001111011111101111011110001111111111101111110001000100111111
000000000000000000000
000000000000000000000
000000000000000000000
000000000010000000000
000000000111000000000
000000001111100000000
000000011110110000000
000000111111111000000
000001111110111100000
000011111111111110000
000111011011111110000
000000000000000000000
000000000000000000000
000000000000000000000
000000000000000000000
000000000000000000000
000000000000000000000
000000000000000000000
000000000000000000000
000000000000000000000
000000000000000000000
#
It:83:Diff:14:PSOStep:7:Time:7.491234051:s:AutomataStep:7:Transition:00110111111110111111011111001111000111111111010010111011011111010110011110101101011111011111111110110100110111110110001110111110010011111101110111111011111011011011101000110101010000010100111000111001111010010011110101110111011111101011001111111111111111110011111110001101110111111100100010111111011001100111111110111011011110111101011101110100111001110100110000111110011111011110001101011111111111001001010111100011101111111101111111001011010111110111101111011100101001111110001111111111001101110001000110101111
000000000000000000000
000000000000000000000
000000000000000000000
000000000010000000000
000000000111000000000
000000001111100000000
000000011111110000000
000000111111111000000
000001111101111100000
000011110111111110000
000111011111111110000
000000000000000000000
000000000000000000000
000000000000000000000
000000000000000000000
000000000000000000000
000000000000000000000
000000000000000000000
000000000000000000000
000000000000000000000
000000000000000000000
#
It:101:Diff:13:PSOStep:7:Time:8.936710688:s:AutomataStep:7:Transition:00110001101110111111011111011111000111111111011011111111011111110110001111011101111111011110111110110100010011100110001111111011010011111111110000111001110111111011101101110101010000010001111000101010111011010011110110110011011111101011011111111110111111110111111101001101110110101100111011111011011001100111111110111011001110100101111111110111101001010101100000111111110111001110101101111111111111001111110111100011101101111110111111001011010011110100100110011100100001101110001111111111000101110001101110100101
000000000000000000000
000000000000000000000
000000000000000000000
000000000010000000000
000000000111000000000
000000001111100000000
000000011011110000000
000000111001111000000
000001101000111100000
000011111111111110000
000111011111111110000
000000000000000000000
000000000000000000000
000000000000000000000
000000000000000000000
000000000000000000000
000000000000000000000
000000000000000000000
000000000000000000000
000000000000000000000
000000000000000000000
#
It:221:Diff:12:PSOStep:7:Time:18.481521352:s:AutomataStep:7:Transition:00110000101110111111011111111111101011111101010011111101001101110010111110111111111111111111111111010111110011110110101111111111010011111111111101001101111011111111001111110101010111010001101100111011011010010001111111111111011111100001111011111101011111110011111101100111110111110010101111111010101011101111111110111001011100101101111111100111100011011101110010110111111110011011100101111111101111110111011110100011110011001101111111111111011011110100001111111101100111101110001111011111001100010001111110111101
000000000000000000000
000000000000000000000
000000000000000000000
000000000010000000000
000000000111000000000
000000001101100000000
000000011100110000000
000000111011011000000
000001111011101100000
000011111111110110000
000111011111110111000
000000000000000000000
000000000000000000000
000000000000000000000
000000000000000000000
000000000000000000000
000000000000000000000
000000000000000000000
000000000000000000000
000000000000000000000
000000000000000000000
#
It:299:Diff:11:PSOStep:7:Time:24.992913627:s:AutomataStep:7:Transition:00110000101110111111011111111111101011111100010011111101001111110110111110111111111111111111111111110111110011110110101111111111010011101111111101001101111011111111001101110101010111010001101100111011011010010001111111111111011111100011111011111101011111110011111101100111111111110110101111111010111011101111111110111011011110101101111111100111110011011101110010110111111111010010101101111111111111110111011111100011111011001101111111011111010111110111001101111101101111101110001111111111001110110001111110111101
000000000000000000000
000000000000000000000
000000000000000000000
000000000010000000000
000000000111000000000
000000001101100000000
000000011101110000000
000000111001111000000
000001111111111100000
000011111111110110000
000111011111110111000
000000000000000000000
000000000000000000000
000000000000000000000
000000000000000000000
000000000000000000000
000000000000000000000
000000000000000000000
000000000000000000000
000000000000000000000
000000000000000000000
end
