PSO TRACE
INIT:../../instances/fazia/init.csv
REF:../../instances/fazia/asm3.csv
DecodingPolicy:CPP2
MutationPolicy:Std
ParticleNeighborhood:Fixed
ParticleDims:515
ParticleCount:100
AccP:2.0
AccG:2.0
AccL:1.5
AccI:2.3
Pos:0.0-3.0
Inertia:0.9-0.6
VeloMax:2.0
MaxPSOIteration:500
InertiaDecrFactor:6.000000000000001E-4
INIT
000000000000000000000
000000000000000000000
000000000000000000000
000000000000000000000
000000000000000000000
000000000000000000000
000000000000000000000
000000000000000000000
000000000000000000000
000000000000000000000
000000000010000000000
000000000000000000000
000000000000000000000
000000000000000000000
000000000000000000000
000000000000000000000
000000000000000000000
000000000000000000000
000000000000000000000
000000000000000000000
000000000000000000000
REF
000000000000000000000
000000000000000000000
000000000000000000000
000111111111111111000
000011000011011110000
000111011110111101000
000000110111100010000
000111101011011111000
000010011111010110000
000111101110110001000
000001011001011110000
000111111110111111000
000011100010101010000
000111110011101101000
000000110011101110000
000111101110011111000
000010010101110110000
000111001100110011000
000000000000000000000
000000000000000000000
000000000000000000000
Classic CPP Decoder
0 :1,2,3,4,
1 :0,2,3,4,
2 :0,1,3,4,
3 :0,1,2,4,
4 :0,1,2,3,
5 :6,7,8,9,
6 :5,7,8,9,
7 :5,6,8,9,
8 :5,6,7,9,
9 :5,6,7,8,
10 :11,12,13,14,
11 :10,12,13,14,
12 :10,11,13,14,
13 :10,11,12,14,
14 :10,11,12,13,
15 :16,17,18,19,
16 :15,17,18,19,
17 :15,16,18,19,
18 :15,16,17,19,
19 :15,16,17,18,
20 :21,22,23,24,
21 :20,22,23,24,
22 :20,21,23,24,
23 :20,21,22,24,
24 :20,21,22,23,
25 :26,27,28,29,
26 :25,27,28,29,
27 :25,26,28,29,
28 :25,26,27,29,
29 :25,26,27,28,
30 :31,32,33,34,
31 :30,32,33,34,
32 :30,31,33,34,
33 :30,31,32,34,
34 :30,31,32,33,
35 :36,37,38,39,
36 :35,37,38,39,
37 :35,36,38,39,
38 :35,36,37,39,
39 :35,36,37,38,
40 :41,42,43,44,
41 :40,42,43,44,
42 :40,41,43,44,
43 :40,41,42,44,
44 :40,41,42,43,
45 :46,47,48,49,
46 :45,47,48,49,
47 :45,46,48,49,
48 :45,46,47,49,
49 :45,46,47,48,
50 :51,52,53,54,
51 :50,52,53,54,
52 :50,51,53,54,
53 :50,51,52,54,
54 :50,51,52,53,
55 :56,57,58,59,
56 :55,57,58,59,
57 :55,56,58,59,
58 :55,56,57,59,
59 :55,56,57,58,
60 :61,62,63,64,
61 :60,62,63,64,
62 :60,61,63,64,
63 :60,61,62,64,
64 :60,61,62,63,
65 :66,67,68,69,
66 :65,67,68,69,
67 :65,66,68,69,
68 :65,66,67,69,
69 :65,66,67,68,
70 :71,72,73,74,
71 :70,72,73,74,
72 :70,71,73,74,
73 :70,71,72,74,
74 :70,71,72,73,
75 :76,77,78,79,
76 :75,77,78,79,
77 :75,76,78,79,
78 :75,76,77,79,
79 :75,76,77,78,
80 :81,82,83,84,
81 :80,82,83,84,
82 :80,81,83,84,
83 :80,81,82,84,
84 :80,81,82,83,
85 :86,87,88,89,
86 :85,87,88,89,
87 :85,86,88,89,
88 :85,86,87,89,
89 :85,86,87,88,
90 :91,92,93,94,
91 :90,92,93,94,
92 :90,91,93,94,
93 :90,91,92,94,
94 :90,91,92,93,
95 :96,97,98,99,
96 :95,97,98,99,
97 :95,96,98,99,
98 :95,96,97,99,
99 :95,96,97,98,
#
It:0:Diff:111:PSOStep:6:Time:0.144537754:s:AutomataStep:6:Transition:00001111011111111110111100111011111111010111110110111111111110111111111111111111111110111111110011101111101111111100010110111001011110011110111110111101011111111101111111111100110111111011111111100101011111111111110011111111111111111011111111111101111101111011111011111111110111001111101111110111011111111111111111111101011111111111111011101101010011111111011010010111111111101100111111110100101101011010010011111111011110101111111111111111111001101111101110111111111101101111001111111110111111111100111110111111
000000000000000000000
000000000000000000000
000000000000000000000
000000000000000000000
000000000000000010000
000000000000001110000
000000000000101100000
000000000011011100000
000000001101111110000
000000111111010110000
000001111101111000000
000001111111111110000
000001111111110110000
000001110111111100000
000001111111011100000
000001111111111110000
000010001000100010000
000000000000000000000
000000000000000000000
000000000000000000000
000000000000000000000
#
It:1:Diff:85:PSOStep:7:Time:0.253397198:s:AutomataStep:7:Transition:01001111011111001011110101111011110011101111111101011110111111111011111111111011101110110111010101101011110110010101011111111000001111110111011111011111101111100100111011111001101101100011111010100001011111110111100111111110111011111111011111011110101001111011111011111111110011101111000111111110011111111111111111101101111111011111111011001111011011101111100110110101111101111100011111101101011001011011111001110111111110101111010111111011111011000111101010111111001011011111111111011110111111000110111111111111
000000000000000000000
000000000000000000000
000000000000000000000
000101010101010101000
000011111101110111000
000101010111111111000
000011111110011111000
000111111101101111000
000001110010101111000
000110001110011111000
000011011101111111000
000111111011111111000
000010111111111111000
000111110111111111000
000011110111110111000
000111111111111111000
000011011101110111000
000101010101010101000
000000000000000000000
000000000000000000000
000000000000000000000
#
It:6:Diff:75:PSOStep:7:Time:0.390363857:s:AutomataStep:7:Transition:01111111110111011011111101111111111011011111110111101110111100111011101111111001111010110111011101111011101110011111111101111110111101110111001111011011100111001101110100111011101111110011111101111000011111001111111111111111111001111111011101011100011111111011111111111111111011101111001111111110110101111100111111100100111111111110110011001101011011111101110101110110111111110101011111111101101001011011111001010111011010101111011110011011111110001101100001111111111001011111111010011110111111110011111110111111
000000000000000000000
000000000000000000000
000000000000000000000
000111111111111111000
000111111111111111000
000111111111111111000
000111111111111111000
000111111111111111000
000111111111111111000
000111111111111111000
000111111111111111000
000111111111111111000
000111111111111111000
000111111110111111000
000111111101111111000
000111111111111111000
000111111100011111000
000111011101110111000
000000000000000000000
000000000000000000000
000000000000000000000
#
It:8:Diff:73:PSOStep:7:Time:0.457517848:s:AutomataStep:7:Transition:01111111110111010011111101111111110111111111111111001110111110111111101111100101111110110111011111111011101111110110111110111111011101011111011111011111111011101110010110111011011111111011111101010000011101101110111110011111101001111111011111011110111011111111111101111111111011001001001101111010110111111101111111100100111101111100110001001111011011111101110110111111011101010101101111100111101001011011111001110111011110101110011111111001111110001111110101111111111001011111110011010110111111100110111111111111
000000000000000000000
000000000000000000000
000000000000000000000
000111111111111111000
000111111111111101000
000111111111111111000
000111111111101110000
000101111111111111000
000111111111111111000
000101110111010101000
000101111101011110000
000111111110011111000
000101111111111001000
000111100011111111000
000111011111101110000
000101111111111111000
000111111111111111000
000101010101010101000
000000000000000000000
000000000000000000000
000000000000000000000
#
It:16:Diff:69:PSOStep:7:Time:0.641840474:s:AutomataStep:7:Transition:01111111110111011111101111111111110110101111111111101111111110111111001111100001100010111111011111001010101111111100111110111111111101011111011111011101101011110110100011110011011111101011011101010101111001000101111001011001111011111111001101011101110010111110111101110011011011000011001110010111111100111111111111110000111101110100110011001111010001110110110101111111111110110001111110001001101101011010111011111110010100111111111111110001011110011101110101011111111001111111111101011110111110100110111101110111
000000000000000000000
000000000000000000000
000000000000000000000
000111111111111111000
000111111111111111000
000111111111111011000
000100111111111111000
000101111111101111000
000111111111010111000
000111011111110011000
000100111111111101000
000101111111111111000
000111111111111011000
000110111011111111000
000101110111111111000
000101111101111111000
000111110101111111000
000111011101110111000
000000000000000000000
000000000000000000000
000000000000000000000
#
It:21:Diff:66:PSOStep:7:Time:0.760201581:s:AutomataStep:7:Transition:01111111110011011111101110111111110101101111011111101111011100111011110111101101100010110110011111011111110111111100101110111111111111010101111111011111101010110110110011110011011101100011010101111101111111100111110001011111111111111110001111011101111011101110111101110011111011101111011111110111111101111111001101001101111111100111110011101101010111111110110111110011111110110000111111111011101101011000111011111110110010111111111111010000011110011111110100111111111001111111111101011110111110100110111001111111
000000000000000000000
000000000000000000000
000000000000000000000
000111111111111111000
000111111111111111000
000111111111111111000
000101111111111011000
000111111111110110000
000110011111111110000
000111111111100100000
000101111111111111000
000111111011111111000
000111111011011110000
000111111101101101000
000101111011110111000
000111111011111010000
000111011101110111000
000111011101110111000
000000000000000000000
000000000000000000000
000000000000000000000
#
It:33:Diff:63:PSOStep:7:Time:1.007856992:s:AutomataStep:7:Transition:01111111110011011111101110111111010101111111011111101110011100111010111111001101100000110110011111011111110111111100101110111111111111010101010111011111101010110100110001110011011101101001011101111101111111100111110001011111111111111111001111011101111011111110111101110011111011101011011111111111111001111111101001001101111110110111110111001101010111101111110011110011101010110000111111101011101101011000111011111110110100111111111111001001011110011111110100111111111001011111111101010110110110100110111001111111
000000000000000000000
000000000000000000000
000000000000000000000
000111111111111111000
000111111111111110000
000111111111111011000
000101111111111110000
000110111111001111000
000111011111111010000
000111111111011011000
000101111111001110000
000111111111111111000
000111101111111110000
000111111111110011000
000101111110111110000
000111111110111011000
000111011101110110000
000111011101110111000
000000000000000000000
000000000000000000000
000000000000000000000
#
It:36:Diff:60:PSOStep:7:Time:1.086404:s:AutomataStep:7:Transition:01111111000011011111101110101111011111111111011111101110011110111011110111101101100010110110011111011110111111111100101110111111111111010101011111011111111110110100111001110011011101100011010101111111101101100111110101111101111110111111001101011101111011101110111101110011111011101011011111111111111111111111111001001101111111100111110011101101010111110111000011110011101110110100111111111011101101011100111011111110010110101111011111000101011111011111110101011111111101111111011101011110110110101010111001111111
000000000000000000000
000000000000000000000
000000000000000000000
000111111111111111000
000011111111111110000
000111111111111011000
000001011111101110000
000111111111111111000
000011101111110010000
000111100111101011000
000001101111011010000
000111100110111011000
000010111111101010000
000111111011111011000
000001111111111110000
000111111011111111000
000011001100110010000
000111011101110111000
000000000000000000000
000000000000000000000
000000000000000000000
#
It:59:Diff:55:PSOStep:7:Time:1.639700876:s:AutomataStep:7:Transition:01111111010011011111111110101111011011111111011111101110001100111011111110101101100010110110011111001110110111110100101110111111111111010101011111011111101110110101111011111011011101100011010101111101101101000111111101011111111111111111010001011111111011111110111101110011011011101111011111011111110111111111111000001101111110111111110000100101010101110110000001110011101101110100111111011111101101011001111011111110110110111111111011001011111111011101110111011110111001111111111101011110110111111010111001111111
000000000000000000000
000000000000000000000
000000000000000000000
000111111111111111000
000010101011111110000
000111111111111011000
000000000011101110000
000111111111111111000
000011010110111010000
000111001110111011000
000001011001101110000
000111111111111111000
000010111111111010000
000111111111111011000
000001111111111110000
000111111111111111000
000011001000110010000
000111011101110111000
000000000000000000000
000000000000000000000
000000000000000000000
#
It:66:Diff:54:PSOStep:7:Time:1.80072883:s:AutomataStep:7:Transition:01111111000111011111101100101111011011101111001011101110001100111011110110101101100000110110011111001110110111110110100110111111111111010101011111011111101110110101111000111011011101100001010101111101101101010101110101011001101110110110011111010101111011111110111101111011011011001011011111111111110101111111111001000101111010000111100001001111010111100111010011010011101100110011111111111011101101011000111001111110011110111111001011001010111111011101110111011110111001111111111101011110110110110010111101111111
000000000000000000000
000000000000000000000
000000000000000000000
000111111111111111000
000000000011111110000
000111011011111111000
000000111111111110000
000111101111111111000
000011011111111010000
000111101111111111000
000000000111111110000
000111110111111111000
000000110111111010000
000111111111111111000
000001111111111110000
000111111011111111000
000011001100110010000
000111011101110111000
000000000000000000000
000000000000000000000
000000000000000000000
#
It:79:Diff:51:PSOStep:7:Time:2.071731112:s:AutomataStep:7:Transition:01111111001011111111101100101101011001101111111011101110001110111011110111101101001000110110011111001110110110110110100110111111111011010100011111011111001010000101011111110011011101100101010101111111111101010000100100111010101110110110011111010101111011111110111101111011011011101011011101111111110101111011101001000101111011011111100001001111010011101111010011010011101100111011111111111011101101011100111001111111110010101111001011001000111111011111110010011111011001111111111101011110110110110010110111111111
000000000000000000000
000000000000000000000
000000000000000000000
000111111111111111000
000000000011111110000
000111111111111111000
000001111111111110000
000111101111111111000
000011001111111010000
000111111111111111000
000001011111111110000
000111101111111111000
000000111111111010000
000111110111111111000
000001100111111110000
000111110111011111000
000011011101110010000
000111011101110111000
000000000000000000000
000000000000000000000
000000000000000000000
#
It:84:Diff:48:PSOStep:7:Time:2.167902127:s:AutomataStep:7:Transition:01111111000011011111111100111100111011001011111011100010001100111010111110100100101000100110011111001110100110110110001100110110111111010101001111001111101110100101011011110001000101100001010101111101101101000111100101011011101010110111001101010100111110101110111111111011011011001111011101111110010111111011101000000101111110001111110001001101010111111111000011010011101000111101111111111011101111111100111001111110011110101111011011001000111111011111010110011110011001111111111101111110110011110000110001011111
000000000000000000000
000000000000000000000
000000000000000000000
000111111111111111000
000000000011111111000
000111011011111101000
000000110001110110000
000111111111010111000
000011011111110111000
000111111100111101000
000000011111011010000
000111101110010111000
000001101011001111000
000111100011001101000
000001111001011110000
000111111111011111000
000011011101110111000
000111011101110111000
000000000000000000000
000000000000000000000
000000000000000000000
#
It:291:Diff:46:PSOStep:7:Time:6.518089501:s:AutomataStep:7:Transition:01111111000011011111111100111110111011001011111011100010001100111010111110000100101000100110011110001110100110110100001110110110111111010101001111001111101110000101011011110001001101100001010001111101101101000111100101011111101011110111001101010100111110101110111111110011011011001011011101111110010011111011101000000101111110001111110001001101010111110111000011010001101000111101011111111011101111111100111001111110011110101111011111001000111110011111010110011110011001111111111101111110110011110010110001011111
000000000000000000000
000000000000000000000
000000000000000000000
000111111111111111000
000000000011111111000
000111011011111101000
000000110001110110000
000111111111010111000
000011011111110111000
000111111100111101000
000000011111011010000
000111101110011111000
000001101011001011000
000111100011001101000
000001111001011110000
000111111111011111000
000011011101110111000
000111011101110111000
000000000000000000000
000000000000000000000
000000000000000000000
#
It:446:Diff:45:PSOStep:7:Time:9.698639612:s:AutomataStep:7:Transition:01111111000011011111111100111100111011001011011011100010001100111010111110000101101000100110011110001110100110110100001100110110111111010101001111001111101110000101011011110001011101100001010001111101001101000110100101011011101011110111001101010100111110101110111101111111011011101011011101111111010111111011101000000100111110001111110001001101010111111111000011010001101000111101011111111011101111111100111001111110011100101111011111001000111110011111010110011110011001011111111101111110110011110000110101011111
000000000000000000000
000000000000000000000
000000000000000000000
000111111111111111000
000000000011111111000
000111011011111101000
000000110111111110000
000111111011111111000
000011011111111111000
000111111100111101000
000000011111110010000
000111111110011111000
000000101011101011000
000111110011001101000
000001111001011110000
000111111111011111000
000011011101110111000
000111011101110111000
000000000000000000000
000000000000000000000
000000000000000000000
end
