PSO TRACE
INIT:../../instances/fazia/init.csv
REF:../../instances/fazia/asvn3.csv
DecodingPolicy:Nibble:CDLE2
MutationPolicy:Std
ParticleNeighborhood:Fixed
ParticleDims:146
ParticleCount:100
AccP:2.0
AccG:2.0
AccL:1.5
AccI:2.3
Pos:0.0-3.0
Inertia:0.9-0.6
VeloMax:2.0
MaxPSOIteration:500
InertiaDecrFactor:6.000000000000001E-4
INIT
000000000000000000000
000000000000000000000
000000000000000000000
000000000000000000000
000000000000000000000
000000000000000000000
000000000000000000000
000000000000000000000
000000000000000000000
000000000000000000000
000000000010000000000
000000000000000000000
000000000000000000000
000000000000000000000
000000000000000000000
000000000000000000000
000000000000000000000
000000000000000000000
000000000000000000000
000000000000000000000
000000000000000000000
REF
000000000000000000000
000000000000000000000
000000000000000000000
000000000010000000000
000000000111000000000
000000001011100000000
000000011111110000000
000000101011111000000
000001111111011100000
000010111110101110000
000111011101110111000
000010111011101110000
000001110111011100000
000000101110111000000
000000011101110000000
000000001011100000000
000000000111000000000
000000000010000000000
000000000000000000000
000000000000000000000
000000000000000000000
Nibble Decoder
0 :1,2,3,4,
1 :0,2,3,4,
2 :0,1,3,4,
3 :0,1,2,4,
4 :0,1,2,3,
5 :6,7,8,9,
6 :5,7,8,9,
7 :5,6,8,9,
8 :5,6,7,9,
9 :5,6,7,8,
10 :11,12,13,14,
11 :10,12,13,14,
12 :10,11,13,14,
13 :10,11,12,14,
14 :10,11,12,13,
15 :16,17,18,19,
16 :15,17,18,19,
17 :15,16,18,19,
18 :15,16,17,19,
19 :15,16,17,18,
20 :21,22,23,24,
21 :20,22,23,24,
22 :20,21,23,24,
23 :20,21,22,24,
24 :20,21,22,23,
25 :26,27,28,29,
26 :25,27,28,29,
27 :25,26,28,29,
28 :25,26,27,29,
29 :25,26,27,28,
30 :31,32,33,34,
31 :30,32,33,34,
32 :30,31,33,34,
33 :30,31,32,34,
34 :30,31,32,33,
35 :36,37,38,39,
36 :35,37,38,39,
37 :35,36,38,39,
38 :35,36,37,39,
39 :35,36,37,38,
40 :41,42,43,44,
41 :40,42,43,44,
42 :40,41,43,44,
43 :40,41,42,44,
44 :40,41,42,43,
45 :46,47,48,49,
46 :45,47,48,49,
47 :45,46,48,49,
48 :45,46,47,49,
49 :45,46,47,48,
50 :51,52,53,54,
51 :50,52,53,54,
52 :50,51,53,54,
53 :50,51,52,54,
54 :50,51,52,53,
55 :56,57,58,59,
56 :55,57,58,59,
57 :55,56,58,59,
58 :55,56,57,59,
59 :55,56,57,58,
60 :61,62,63,64,
61 :60,62,63,64,
62 :60,61,63,64,
63 :60,61,62,64,
64 :60,61,62,63,
65 :66,67,68,69,
66 :65,67,68,69,
67 :65,66,68,69,
68 :65,66,67,69,
69 :65,66,67,68,
70 :71,72,73,74,
71 :70,72,73,74,
72 :70,71,73,74,
73 :70,71,72,74,
74 :70,71,72,73,
75 :76,77,78,79,
76 :75,77,78,79,
77 :75,76,78,79,
78 :75,76,77,79,
79 :75,76,77,78,
80 :81,82,83,84,
81 :80,82,83,84,
82 :80,81,83,84,
83 :80,81,82,84,
84 :80,81,82,83,
85 :86,87,88,89,
86 :85,87,88,89,
87 :85,86,88,89,
88 :85,86,87,89,
89 :85,86,87,88,
90 :91,92,93,94,
91 :90,92,93,94,
92 :90,91,93,94,
93 :90,91,92,94,
94 :90,91,92,93,
95 :96,97,98,99,
96 :95,97,98,99,
97 :95,96,98,99,
98 :95,96,97,99,
99 :95,96,97,98,
#
It:0:Diff:68:PSOStep:7:Time:5.769754829:s:AutomataStep:7:Transition:01100010011000100000000000100110100010001000010000101100001010100010111001000010100000100110001011000000111000101110110010101000000000001000010001101000110000101100000000101010001000000000010010001110111001101000111001000010010000101010000001101110110001100010010001000110110001101110101011101110111000100010110010100100010011101110001011001110111010000110111011000100000010100110001011101010111010101110101010000010001011100110100011001110100000001110100010001010001001101110011011101110010000000010000010101100
000000000000000000000
000000000000000000000
000000000000000000000
000110101010000000000
000001010101000000000
000000010000100000000
000000000010010000000
000001110101101000000
000000011001011100000
000000000100001110000
000000001101011001000
000000000111000110000
000000000010111100000
000000000000100000000
000000000001110000000
000000000111100000000
000000000000000000000
000000000000000000000
000000000000000000000
000000000000000000000
000000000000000000000
#
It:4:Diff:60:PSOStep:7:Time:10.566823821:s:AutomataStep:7:Transition:00100110101001101010100011000110111011001100101001101000000010000000111010100110010000100100000001001000101001000000011000000000100010001010101011100010101010000100101001001100000001100000011010001110101010000100100010000000011001101010000010000000010000100000101011001000011010000100001001000000000001000010101000000110100001101000011000001110100011000110000000000110100010100010000011001100011010100000110011001100001010000110111011101010000000001010010011101110101000100000111010000000100011100010011011100100
000000000000000000000
000000000000000000000
000000000000000000000
000000000010000000000
000000000111000000000
000000000110100000000
000000011000010000000
000000001100111000000
000000100001000100000
000001110000000000000
000110000010000001000
000011001100100110000
000001001110101000000
000000111000111000000
000000011111110000000
000000001110000000000
000000000100000000000
000000000010000000000
000000000000000000000
000000000000000000000
000000000000000000000
#
It:7:Diff:42:PSOStep:7:Time:13.757232169:s:AutomataStep:7:Transition:00100000100011101100000011100000111000100000000011000000100001100000000000001110000011101110100010001000111011100000000011101100111000001100111000000000001011101100000011100000000011100000111011100000110001000000100000100000101001100000000001100000100000000000111011101110000000000000101000000110101000100000010010101010111000000010000000100000010000001110111000001010000011100110000000000000000001101010000001001100110000001110000000001000111000000110101011100100000011100000010011100000000000000000110000001110
000000000000000000000
000000000000000000000
000000000000000000000
000000000010000000000
000000000111000000000
000000000010100000000
000000011110010000000
000000000001101000000
000001100000011100000
000000010000001010000
000110000000010101000
000010101111001010000
000001010010010100000
000000100000101000000
000000010001110000000
000000001011100000000
000000000101000000000
000000000010000000000
000000000000000000000
000000000000000000000
000000000000000000000
#
It:33:Diff:41:PSOStep:7:Time:39.510574165:s:AutomataStep:7:Transition:00100000101000100100000011000000111010000000000011100000101000000000101000001110001011101110011000101010111011000000000010000000111000001110111000000000100011101010000011100000000011100000111011100000110001000000111001000000000001001000010011100000000000100000111011101110100000000000001000000000101010000110111011000010111000000100000000100000111000000100111000000100101011100000000000000000000000000110000011000100100000001110000000000010111000000000000011101110000011100000000011100000000000000000000010001110
000000000000000000000
000000000000000000000
000000000000000000000
000000000010000000000
000000000101000000000
000000000000100000000
000000001101010000000
000000011000101000000
000001000001010100000
000011000100001010000
000101000001110101000
000010111010101010000
000001011101010100000
000000101110101000000
000000010101010000000
000000001010100000000
000000000101000000000
000000000010000000000
000000000000000000000
000000000000000000000
000000000000000000000
#
It:103:Diff:41:PSOStep:7:Time:110.42307268:s:AutomataStep:7:Transition:00100000111001001100000011100000111011000000000011100000111000000000001000001110011011101110111001100000111011100000000000101010111000001110111000000000111011001100100011101010111011100000110011100000010000100000101001001010000011100110101011100000000001000000111011101110000000001010010000000000101010001000111011101000111000000110000001100000111000000010111000000100001011100000000000000000000011100000000010000010011000001110000000000000111000000000000011101110000011100000111011100000100000000000000001101110
000000000000000000000
000000000000000000000
000000000000000000000
000000000010000000000
000000000111000000000
000000000100000000000
000000011101110000000
000000000000000000000
000001111100011100000
000000000110100000000
000111101101000111000
000010001011101000000
000001101100011100000
000000110100100000000
000000011101110000000
000000001010000000000
000000000111000000000
000000000010000000000
000000000000000000000
000000000000000000000
000000000000000000000
#
It:184:Diff:39:PSOStep:7:Time:191.826603047:s:AutomataStep:7:Transition:00100100111000100110111011100010111010001010010011100100010001000100010001001110010011101110101011000100111011100100010011100010110001001110111001000100010011100110010011000100010011100100111000100110111011000100111000100100111001100100011011100100011001000100111011101110010001000100010011101110111011100100010000101100110001001000010000100100000010101110111001001000010011101010010001000100010010100000111010101010111001001110010000000000111001000110001011100110100000100110010011100100010001100100011001001110
000000000000000000000
000000000000000000000
000000000000000000000
000000000010000000000
000000000101000000000
000000001010000000000
000000011111110000000
000000101011101000000
000000011011010000000
000000011100111110000
000110100001100001000
000010011100101010000
000001010100010000000
000000101011100000000
000000011111010000000
000000001010100000000
000000000101000000000
000000000010000000000
000000000000000000000
000000000000000000000
000000000000000000000
#
It:242:Diff:35:PSOStep:7:Time:251.350895051:s:AutomataStep:7:Transition:00100110111000001000100011100010111010101110011011100110011001100110101001101110011011101110011001000110111011100110011011100010111001101110111001100110001011101010011011000110011011100110111001001010100001100110000000100110111010000110101011100110101001100110111011101110011001100110011001001110111011100110001000100100111001100100011010000110010010001110111001101100011011100000011001100110011011101000100010000110111001101110011011001000111001100000001011101010100010100110011011100110011010100110101001101110
000000000000000000000
000000000000000000000
000000000000000000000
000000000010000000000
000000000101000000000
000000000011100000000
000000001110110000000
000000110000111000000
000001010011101100000
000000011001111110000
000111010100000101000
000010011111001110000
000001111010011100000
000000100000111000000
000000011001110000000
000000001111100000000
000000000111000000000
000000000010000000000
000000000000000000000
000000000000000000000
000000000000000000000
#
It:245:Diff:34:PSOStep:7:Time:254.410580251:s:AutomataStep:7:Transition:00100110100001101100010011100110111000001110011011100110000001100110000001101110011011101110101000101010111011100110011011100000111001100100111001100110001011101110011011000110011011100110111011000110101000100110000000000110111001000110111011100110101001100110111011101110011001100110101011001100110011100110001001000100110001101000011010000110000001101110111001101100111011100000011001100110101000000000100010000000110001101110011011001000111001100000001011101100010000001010011011100110011001100110101001101110
000000000000000000000
000000000000000000000
000000000000000000000
000000000010000000000
000000000111000000000
000000000001100000000
000000011111110000000
000000000000001000000
000001111100010100000
000000101010101110000
000110011110100101000
000010101001001110000
000001111001011100000
000000011110101000000
000000001100110000000
000000001110100000000
000000000001000000000
000000000010000000000
000000000000000000000
000000000000000000000
000000000000000000000
#
It:387:Diff:30:PSOStep:7:Time:402.194542587:s:AutomataStep:7:Transition:00100110100010101100010011101010111011001010011011100110111001100110000001101110011011101110010010101010111011100110011011101100111001101100111001100110010011101010011011000110011011100110111011000110110000100110000001100110001010000110101011100110111001100110111011100010011001100110011001001110010011100110001011001100111001100100011010001010000001101110111001100000101011101110011001100110101001100110000010001000111001101110011011001000111001100000001011101100100011000110011011100110011001101010000011101110
000000000000000000000
000000000000000000000
000000000000000000000
000000000010000000000
000000000111000000000
000000000001100000000
000000011111110000000
000000000010101000000
000001111111011100000
000000100100111110000
000110111110100101000
000010101101011110000
000001110111111100000
000000110011011000000
000000011001110000000
000000001111100000000
000000000111000000000
000000000010000000000
000000000000000000000
000000000000000000000
000000000000000000000
end
