PSO TRACE
INIT:../../instances/fazia/init.csv
REF:../../instances/fazia/asvn3.csv
DecodingPolicy:Nibble:CDLE2
MutationPolicy:Std
ParticleNeighborhood:Fixed
ParticleDims:146
ParticleCount:100
AccP:2.0
AccG:2.0
AccL:1.5
AccI:2.3
Pos:0.0-3.0
Inertia:0.9-0.6
VeloMax:2.0
MaxPSOIteration:500
InertiaDecrFactor:6.000000000000001E-4
INIT
000000000000000000000
000000000000000000000
000000000000000000000
000000000000000000000
000000000000000000000
000000000000000000000
000000000000000000000
000000000000000000000
000000000000000000000
000000000000000000000
000000000010000000000
000000000000000000000
000000000000000000000
000000000000000000000
000000000000000000000
000000000000000000000
000000000000000000000
000000000000000000000
000000000000000000000
000000000000000000000
000000000000000000000
REF
000000000000000000000
000000000000000000000
000000000000000000000
000000000010000000000
000000000111000000000
000000001011100000000
000000011111110000000
000000101011111000000
000001111111011100000
000010111110101110000
000111011101110111000
000010111011101110000
000001110111011100000
000000101110111000000
000000011101110000000
000000001011100000000
000000000111000000000
000000000010000000000
000000000000000000000
000000000000000000000
000000000000000000000
Nibble Decoder
0 :1,2,3,4,
1 :0,2,3,4,
2 :0,1,3,4,
3 :0,1,2,4,
4 :0,1,2,3,
5 :6,7,8,9,
6 :5,7,8,9,
7 :5,6,8,9,
8 :5,6,7,9,
9 :5,6,7,8,
10 :11,12,13,14,
11 :10,12,13,14,
12 :10,11,13,14,
13 :10,11,12,14,
14 :10,11,12,13,
15 :16,17,18,19,
16 :15,17,18,19,
17 :15,16,18,19,
18 :15,16,17,19,
19 :15,16,17,18,
20 :21,22,23,24,
21 :20,22,23,24,
22 :20,21,23,24,
23 :20,21,22,24,
24 :20,21,22,23,
25 :26,27,28,29,
26 :25,27,28,29,
27 :25,26,28,29,
28 :25,26,27,29,
29 :25,26,27,28,
30 :31,32,33,34,
31 :30,32,33,34,
32 :30,31,33,34,
33 :30,31,32,34,
34 :30,31,32,33,
35 :36,37,38,39,
36 :35,37,38,39,
37 :35,36,38,39,
38 :35,36,37,39,
39 :35,36,37,38,
40 :41,42,43,44,
41 :40,42,43,44,
42 :40,41,43,44,
43 :40,41,42,44,
44 :40,41,42,43,
45 :46,47,48,49,
46 :45,47,48,49,
47 :45,46,48,49,
48 :45,46,47,49,
49 :45,46,47,48,
50 :51,52,53,54,
51 :50,52,53,54,
52 :50,51,53,54,
53 :50,51,52,54,
54 :50,51,52,53,
55 :56,57,58,59,
56 :55,57,58,59,
57 :55,56,58,59,
58 :55,56,57,59,
59 :55,56,57,58,
60 :61,62,63,64,
61 :60,62,63,64,
62 :60,61,63,64,
63 :60,61,62,64,
64 :60,61,62,63,
65 :66,67,68,69,
66 :65,67,68,69,
67 :65,66,68,69,
68 :65,66,67,69,
69 :65,66,67,68,
70 :71,72,73,74,
71 :70,72,73,74,
72 :70,71,73,74,
73 :70,71,72,74,
74 :70,71,72,73,
75 :76,77,78,79,
76 :75,77,78,79,
77 :75,76,78,79,
78 :75,76,77,79,
79 :75,76,77,78,
80 :81,82,83,84,
81 :80,82,83,84,
82 :80,81,83,84,
83 :80,81,82,84,
84 :80,81,82,83,
85 :86,87,88,89,
86 :85,87,88,89,
87 :85,86,88,89,
88 :85,86,87,89,
89 :85,86,87,88,
90 :91,92,93,94,
91 :90,92,93,94,
92 :90,91,93,94,
93 :90,91,92,94,
94 :90,91,92,93,
95 :96,97,98,99,
96 :95,97,98,99,
97 :95,96,98,99,
98 :95,96,97,99,
99 :95,96,97,98,
#
It:0:Diff:78:PSOStep:4:Time:6.536616899:s:AutomataStep:4:Transition:00101110110000101110100001000010000010101100111010000110101011100000101011100110101010101000001010101100011001000110101001101100111010000000010001000010001010000010111001101010010000101100010011100110110010000010001000001110000010001010110001000010010000100110110000000100010011001010011000000010110010001000111001101110011010100110100010000110010001000000011001101110011001100100010010000000111010000110111000101110000011100010000001101010000000101110100011001100001000001100100000100000001000000010111011100000
000000000000000000000
000000000000000000000
000000000000000000000
000000000000000000000
000000000000000000000
000000000000000000000
000000000000011000000
000000000001000000000
000000001101000000000
000000000110100000000
000000111001100000000
000000011001000000000
000000000110000000000
000000000110000000000
000000000010000000000
000000000000000000000
000000000000000000000
000000000000000000000
000000000000000000000
000000000000000000000
000000000000000000000
#
It:1:Diff:71:PSOStep:5:Time:7.940273151:s:AutomataStep:5:Transition:00100010111001000110101011000110100010100110100011101010001001000000110001100000001011001110000011000000111010100100010000000100001000101110111001100000000000001100100000100100110001100110101000000100111011000000000011001110110001000010010011100010011010101000001010001100000000001100110001100010111000101110101001000000110001000000000011001100111011000100111001100100000001001100110011000100000010101110111011100000001010100000111000101100010000100000101010100110110001101000110000001010010000100000010001000110
000000000000000000000
000000000000000000000
000000000000000000000
000000000000000000000
000000000000000000000
000000000010000000000
000000000110000000000
000000000010100000000
000000010100000000000
000000111010001000000
000001011001010100000
000000010010011000000
000000000101010100000
000000000001001000000
000000000000010100000
000000000000000100000
000000000000000000000
000000000000000000000
000000000000000000000
000000000000000000000
000000000000000000000
#
It:3:Diff:67:PSOStep:7:Time:10.067907276:s:AutomataStep:7:Transition:00100110000001101100011000101100000010000100100000100000110011000000110011000000110010100100000011100000010010100000000000000010110011100000000011000000101000100110110001100000110011100110101011001000000011001010000011001000110000001110000000001100110011000000101010000110101011100010110011001100001001000100110010100000110000000000000011001100101000100000011011000110000010101100110000100000110000000000000010100000000001100000001000001110000000100000110011000010110011000010110000001100110000000010010010100010
000000000000000000000
000000000000000000000
000000000000000000000
000000000010000000000
000000000010000000000
000000000001000000000
000000000000100000000
000000000000001000000
000000000110101000000
000000011100010110000
000000010101000010000
000000001011010110000
000000001100001000000
000000001000100000000
000000010000000000000
000000000001100000000
000000000010000000000
000000000010000000000
000000000000000000000
000000000000000000000
000000000000000000000
#
It:4:Diff:60:PSOStep:7:Time:11.219875832:s:AutomataStep:7:Transition:00100010000011001100011011001100110011001100001001000000110010100000110011000000101010000100000010100000011010101110000000000110101000000000000011100000110011101010110011000000110001101100110000100000000011000010000011000110110000001110111011100110110000100000001011000010000000001110110011000010000011100010110000000000110000000000000000101100000001100000110011001010000011101100011011000100110001000000000000000000001000100000001000000110000011100000011011001110110010100110110001001100111000000010001000000110
000000000000000000000
000000000000000000000
000000000000000000000
000000000010000000000
000000000011000000000
000000000000100000000
000000000101110000000
000000000000001000000
000000000000010100000
000000001101101110000
000000001100000101000
000000000001110010000
000000000011010000000
000000000110001000000
000000001111000000000
000000000000100000000
000000000011000000000
000000000010000000000
000000000000000000000
000000000000000000000
000000000000000000000
#
It:7:Diff:57:PSOStep:7:Time:14.157903959:s:AutomataStep:7:Transition:00100000110001001100101001100100110011101100011001000100110011000100010001100100111001000000011001100100011001100110010001001000010010001000000011100010011000001010101011000000110011000110110011000000010001100100010000101100110000000000111000001010000001100010010011001100111000000000110001101100010001100110110001100100101001000110010000000110100001000100101001101010110001000110011011000100000001000000010001000000110000000100101000000110010001000100010011000110101000000100011001101010110001000000000001000100
000000000000000000000
000000000000000000000
000000000000000000000
000000000010000000000
000000000111000000000
000000000001000000000
000000011000000000000
000000100100101000000
000001110010101000000
000010011100110010000
000110001110001111000
000010010111001010000
000000100001000100000
000000001000001000000
000000011000110000000
000000000101000000000
000000000000000000000
000000000000000000000
000000000000000000000
000000000000000000000
000000000000000000000
#
It:10:Diff:57:PSOStep:7:Time:17.260658825:s:AutomataStep:7:Transition:00100010110001001000110001101000100001001100010000100110111011000000001001001100011001000010100001101100000011100100010011100100011011100100001001000010111010100010011000101010101010101100010000000010001001000010000001000100101000100100001011000100101001100010101000101010010010101100101001100110100001100010101011100100110001101110010001100110100001000010010001101100001001000110111000000110010000100100110011000010010000101000010000100100110010100010110001000010010000000010011010100110100001000010101010100010
000000000000000000000
000000000000000000000
000000000000000000000
000000000010000000000
000000000111000000000
000000001010100000000
000000011111110000000
000000100110101000000
000001110011001100000
000010000101111010000
000111011001000111000
000001001000000100000
000000011000000000000
000000000000000000000
000000000000000000000
000000000000000000000
000000000000000000000
000000000000000000000
000000000000000000000
000000000000000000000
000000000000000000000
#
It:18:Diff:54:PSOStep:7:Time:24.993351174:s:AutomataStep:7:Transition:00100010101000000010101011000110001010001010000000101100111011100000010001001100110000000010000011000110111010001110010011000110110000000100001010100010100011001000110011100100110010100100010011000010010001000100101011001110101000101000001001000100010011000010101011100110111010101100011011001100111011000010100010000100110010001000000010101100001011100100110011001100111000000110001011000100101000100100110011000010100001001000111001100010011010101000000000000010111011000010010010100110001001000010010011001100
000000000000000000000
000000000000000000000
000000000000000000000
000000000010000000000
000000000011000000000
000000000000000000000
000000000011100000000
000000100010100000000
000001100000001000000
000010111110001100000
000100001000101100000
000011010000011100000
000000101101011100000
000000011110001000000
000000011000110000000
000000000000100000000
000000000001000000000
000000000010000000000
000000000000000000000
000000000000000000000
000000000000000000000
#
It:34:Diff:54:PSOStep:7:Time:39.959816788:s:AutomataStep:7:Transition:00100010110000101110000011000110001011101100101000101100001000000010010011001100110010000010110011001100001011001000000010100110000000101010001010100010100011000000110000101010111011001010100011000010001001000010110011001110110000100100011010101100111011000010110000100110000001101100110011001100000011000010000010101100110000100110001001001010001001101100001011001000001011100100011011001000010000100010011011001110110011000010000000100010010010100010110011100010010010100110000001100000001011100010110001101100
000000000000000000000
000000000000000000000
000000000000000000000
000000000010000000000
000000000111000000000
000000001111100000000
000000011000010000000
000000110100001000000
000001100000000100000
000010000000000110000
000110011101110110000
000011010010010100000
000000011000011000000
000000010000110000000
000000011001100000000
000000001011000000000
000000000110000000000
000000000000000000000
000000000000000000000
000000000000000000000
000000000000000000000
#
It:44:Diff:53:PSOStep:7:Time:48.996434612:s:AutomataStep:7:Transition:00100100100010001110000011000010111000100110101000100100001010100010101011101010011001101110011001100110111011101000000011100010111010001010001011000010011001100010010001000110111011001110010010100010001001000010110010000010101000101000001001001110001010100010011001001100010010100110011001100110111001100100001001001010100001101110111010000110111000100100111001100100010001000100011010000110110001001010000001100010101000001110100000100100100001101110000011000010111000001110101011100000001011000010011010101100
000000000000000000000
000000000000000000000
000000000000000000000
000000000010000000000
000000000111000000000
000000000010100000000
000000011001010000000
000000001101001000000
000000000011001100000
000000001001011110000
000110111000010111000
000010010000101100000
000001100101010100000
000000010100101000000
000000001010010000000
000000000100100000000
000000000010000000000
000000000010000000000
000000000000000000000
000000000000000000000
000000000000000000000
#
It:46:Diff:49:PSOStep:7:Time:50.955887748:s:AutomataStep:7:Transition:00100100100010001110001011000100100001001100110000100110001011000010100000101100110010000010101011001100011011001000100011100010110010001010001000100010101011001000110001000110111011000010001011000010001011000000110000100100000000100110110011100000001010100010110000100010110000101100110011001100101011000100111001000110000011000000110011101100010000101100011011001110001011001100001001000000011001001100000011001110111011001000000001000010001011000010001001100010110011100110011011100000001010000010110000000100
000000000000000000000
000000000000000000000
000000000000000000000
000000000010000000000
000000000111000000000
000000000000000000000
000000000001000000000
000000000111110000000
000000000100010000000
000011010001111000000
000111001001100001000
000010101010100110000
000000000111011100000
000000110000111000000
000000001011110000000
000000001011100000000
000000000111000000000
000000000010000000000
000000000000000000000
000000000000000000000
000000000000000000000
#
It:62:Diff:43:PSOStep:7:Time:65.803633297:s:AutomataStep:7:Transition:00100100111010101100101011001010101000100110111000101100001011000010111011101100011010000010111011001100010001001010001000100100110000101010001010100010101011001010110011001100111011001100001011000010101011001010110001001110011000101010101000101110101010100010111010001110010001101100110011001010100011000010110001101110000000000010011011101110011001000100000011000010001011101010100010101100010000101100001011000000111001001010001000100010111011101110101000100010111001000000011011101110001011100010110011101110
000000000000000000000
000000000000000000000
000000000000000000000
000000000010000000000
000000000111000000000
000000000101100000000
000000010011110000000
000000010001001000000
000000001111110100000
000011111001011010000
000110110000100011000
000011111010001110000
000001101110001100000
000000111000111000000
000000011000110000000
000000001111100000000
000000000111000000000
000000000010000000000
000000000000000000000
000000000000000000000
000000000000000000000
#
It:78:Diff:42:PSOStep:7:Time:79.617757915:s:AutomataStep:7:Transition:00100010101011100100001011001010101000101100100000101100001010000010111000101100000001100010100011001100101011000100100000100010110000100110001010000010110011000110011010101100111010001100001011000010111011001100110010000000010000101100101010000100101011000010100010101010111001101100011011001100110011000010101011000000011000100010110010001110110011000100101011001010001010001100100011100110011000101100101011000100101011001100001000100000101001100010100000100010111001101100011011000010001000100010100000100010
000000000000000000000
000000000000000000000
000000000000000000000
000000000010000000000
000000000101000000000
000000000111100000000
000000011100110000000
000000000101011000000
000001111000001100000
000010110001010010000
000101010001100111000
000010011000000110000
000000111111010100000
000000100000101000000
000000001101100000000
000000001001100000000
000000000011000000000
000000000010000000000
000000000000000000000
000000000000000000000
000000000000000000000
#
It:91:Diff:40:PSOStep:7:Time:91.288710474:s:AutomataStep:7:Transition:00100010110010101000110011000010100000101100100000101100001011100010001011001100110010000010100011001010001011001110101000100010110000101010001011000010110011001000110011001100001011001100111011000010001011001000110010000010110000101100101011001110101011000010101011001100101011001100100011000110001010000010100011001100101000100110011011000000001010000100100011000010001000001100100001001000101000100010011000100110101011100110001010000010010011001010110010100010101000000010101011000110001000100010110010101100
000000000000000000000
000000000000000000000
000000000000000000000
000000000010000000000
000000000100000000000
000000000000100000000
000000011011100000000
000000101000011000000
000001111011010000000
000010100100110010000
000110011000100011000
000011000100001110000
000001111110001100000
000000110100111000000
000000011000110000000
000000001011100000000
000000000111000000000
000000000010000000000
000000000000000000000
000000000000000000000
000000000000000000000
#
It:94:Diff:36:PSOStep:7:Time:94.1068463:s:AutomataStep:7:Transition:00100010110001101100001011000110111000100100101001101100011001100010011001101100001010000010111011001000010011000010000000100110110000001010001011100010101011000000110001001100101001001100011011000010100010000000110010100000110000101110110010001000011011000010110000000010101011101100000011001100100000000010111001000010001001100010110011101100110010000110000011000110001010101100110000100010000000100110010001100110110000000100010001000110010010000010100010100010000001100110101000100110000010000110001001100010
000000000000000000000
000000000000000000000
000000000000000000000
000000000010000000000
000000000111000000000
000000001010100000000
000000011110010000000
000000110011101000000
000001101000010100000
000010110110000010000
000111011100110111000
000010000011001010000
000001110001001000000
000000100000100000000
000000011110000000000
000000001001100000000
000000000110000000000
000000000010000000000
000000000000000000000
000000000000000000000
000000000000000000000
#
It:96:Diff:30:PSOStep:7:Time:95.93785069:s:AutomataStep:7:Transition:00100010110010101100011000100100110011000010001000101010001010100010101000001010000011000010001010100100101010000010000011000110100000101110001000100010000010101100100001101010101010101010001010101110101010000000101010001000101000101110100010101010010011000010001001001100101011001010111010101010100011000010011000101100011010100110100000101100100011100110110010101000001000101010110010001000000001101110011001101110011000101110011010001000111000000010000011000010001010101110001011001110011011100000001010000010
000000000000000000000
000000000000000000000
000000000000000000000
000000000010000000000
000000000111000000000
000000001000100000000
000000011100110000000
000000111001001000000
000001110000011100000
000010001110101010000
000111001101110111000
000010101000110110000
000001010101001100000
000000100010111000000
000000010110110000000
000000001001100000000
000000000111000000000
000000000010000000000
000000000000000000000
000000000000000000000
000000000000000000000
#
It:101:Diff:22:PSOStep:7:Time:100.867613304:s:AutomataStep:7:Transition:00100010110000101010001010101010101000000110001000101110001011000010110011001100100001000010001001001100110000101110001011100110110000100000001000100010011011000100001001100010100011001100000000001110001000100100110011000110110000100100000011000100000010000010011000100010100010001100001001001100011000000010001000100010011011000100010000100110001011001100100000001000001010101100001011000000110001100010001001001000010000100000000001100000101010000010001010000000001001101100001000100010000001100110001011100110
000000000000000000000
000000000000000000000
000000000000000000000
000000000010000000000
000000000111000000000
000000001110100000000
000000011101110000000
000000111000101000000
000001110000011100000
000011101000001010000
000111011100000111000
000010111010001110000
000001110111011100000
000000101110111000000
000000011101110000000
000000001011100000000
000000000111000000000
000000000010000000000
000000000000000000000
000000000000000000000
000000000000000000000
#
It:428:Diff:10:PSOStep:7:Time:394.448827875:s:AutomataStep:7:Transition:00100010110000101000001010101100101010001100001000101110001011000010100011001100000010000010001001001100110011001010001000101110110000101100001000000010010011000010110011000110000011001100010010100010010011001100110001101010110000101000001011001100100011000010110001100010011011001100110011001100011011000010001010001110001001100010001010101010001011001010110011001000001010101100001011000000110000000010001011000110001000100010001011001100101011000110001011000010001000001100011001000010011011000110000001101100
000000000000000000000
000000000000000000000
000000000000000000000
000000000010000000000
000000000111000000000
000000001110100000000
000000011101110000000
000000111011101000000
000001110111011100000
000011101110111010000
000111011101110111000
000010111011101110000
000001110111011100000
000000101110111000000
000000011101110000000
000000001011100000000
000000000111000000000
000000000010000000000
000000000000000000000
000000000000000000000
000000000000000000000
end
