PSO TRACE
INIT:../../instances/fazia/init.csv
REF:../../instances/fazia/asvn3.csv
DecodingPolicy:CPP2:CDLE2
MutationPolicy:Std
ParticleNeighborhood:Fixed
ParticleDims:515
ParticleCount:100
AccP:2.0
AccG:2.0
AccL:1.5
AccI:2.3
Pos:0.0-3.0
Inertia:0.9-0.6
VeloMax:2.0
MaxPSOIteration:500
InertiaDecrFactor:6.000000000000001E-4
INIT
000000000000000000000
000000000000000000000
000000000000000000000
000000000000000000000
000000000000000000000
000000000000000000000
000000000000000000000
000000000000000000000
000000000000000000000
000000000000000000000
000000000010000000000
000000000000000000000
000000000000000000000
000000000000000000000
000000000000000000000
000000000000000000000
000000000000000000000
000000000000000000000
000000000000000000000
000000000000000000000
000000000000000000000
REF
000000000000000000000
000000000000000000000
000000000000000000000
000000000010000000000
000000000111000000000
000000001011100000000
000000011111110000000
000000101011111000000
000001111111011100000
000010111110101110000
000111011101110111000
000010111011101110000
000001110111011100000
000000101110111000000
000000011101110000000
000000001011100000000
000000000111000000000
000000000010000000000
000000000000000000000
000000000000000000000
000000000000000000000
Classic CPP Decoder
0 :1,2,3,4,
1 :0,2,3,4,
2 :0,1,3,4,
3 :0,1,2,4,
4 :0,1,2,3,
5 :6,7,8,9,
6 :5,7,8,9,
7 :5,6,8,9,
8 :5,6,7,9,
9 :5,6,7,8,
10 :11,12,13,14,
11 :10,12,13,14,
12 :10,11,13,14,
13 :10,11,12,14,
14 :10,11,12,13,
15 :16,17,18,19,
16 :15,17,18,19,
17 :15,16,18,19,
18 :15,16,17,19,
19 :15,16,17,18,
20 :21,22,23,24,
21 :20,22,23,24,
22 :20,21,23,24,
23 :20,21,22,24,
24 :20,21,22,23,
25 :26,27,28,29,
26 :25,27,28,29,
27 :25,26,28,29,
28 :25,26,27,29,
29 :25,26,27,28,
30 :31,32,33,34,
31 :30,32,33,34,
32 :30,31,33,34,
33 :30,31,32,34,
34 :30,31,32,33,
35 :36,37,38,39,
36 :35,37,38,39,
37 :35,36,38,39,
38 :35,36,37,39,
39 :35,36,37,38,
40 :41,42,43,44,
41 :40,42,43,44,
42 :40,41,43,44,
43 :40,41,42,44,
44 :40,41,42,43,
45 :46,47,48,49,
46 :45,47,48,49,
47 :45,46,48,49,
48 :45,46,47,49,
49 :45,46,47,48,
50 :51,52,53,54,
51 :50,52,53,54,
52 :50,51,53,54,
53 :50,51,52,54,
54 :50,51,52,53,
55 :56,57,58,59,
56 :55,57,58,59,
57 :55,56,58,59,
58 :55,56,57,59,
59 :55,56,57,58,
60 :61,62,63,64,
61 :60,62,63,64,
62 :60,61,63,64,
63 :60,61,62,64,
64 :60,61,62,63,
65 :66,67,68,69,
66 :65,67,68,69,
67 :65,66,68,69,
68 :65,66,67,69,
69 :65,66,67,68,
70 :71,72,73,74,
71 :70,72,73,74,
72 :70,71,73,74,
73 :70,71,72,74,
74 :70,71,72,73,
75 :76,77,78,79,
76 :75,77,78,79,
77 :75,76,78,79,
78 :75,76,77,79,
79 :75,76,77,78,
80 :81,82,83,84,
81 :80,82,83,84,
82 :80,81,83,84,
83 :80,81,82,84,
84 :80,81,82,83,
85 :86,87,88,89,
86 :85,87,88,89,
87 :85,86,88,89,
88 :85,86,87,89,
89 :85,86,87,88,
90 :91,92,93,94,
91 :90,92,93,94,
92 :90,91,93,94,
93 :90,91,92,94,
94 :90,91,92,93,
95 :96,97,98,99,
96 :95,97,98,99,
97 :95,96,98,99,
98 :95,96,97,99,
99 :95,96,97,98,
#
It:0:Diff:65:PSOStep:4:Time:1.193633038:s:AutomataStep:4:Transition:01111101101111111111110110110101111111010111011111111011111010101111011100000111111111011001111101100110110100110011111111101110101111011111110100111101101111101010101111111001111000110111001001110111111001111100111000110011111111011101101111111101111111011111100101111111101101101111100111011101110111011011110010101101110101001111001101110001011101100111011111110100101000111111011111101011111111110111100111011110110111111101100101110111010111101111100111010000111001100111110111111111111111011011111111111110
000000000000000000000
000000000000000000000
000000000000000000000
000000000000000000000
000000000000000000000
000000000000000000000
000000111011101000000
000000010111011000000
000000001010101000000
000000011111111000000
000000111111111000000
000000010001101000000
000000010111111000000
000000001110101000000
000000101110111000000
000000000000000000000
000000000000000000000
000000000000000000000
000000000000000000000
000000000000000000000
000000000000000000000
#
It:1:Diff:61:PSOStep:7:Time:1.467346022:s:AutomataStep:7:Transition:00000100100100110001101100001110111001010100011001010001101000100110101010001010001111011000101100100100100101011011001001101100101100101011010110010011000100000010001100000010010001110110001100000111101100001101100001000011101110000100101010001101100011010100000001000001101011000011001010010100101110001111011010100110110110000010010100000100110000100101011010110100001010111101010100001111011011111110111100111000110111101011100100010010011010100011100001101010101001010111111100000000010111000010110000000100
000000000000000000000
000000000000000000000
000000000000000000000
000000000000000000000
000000000000000000000
000000000000000000000
000000000000000000000
000000000001000000000
000000000011000000000
000000010100010100000
000101110000111001000
000010001011110110000
000001010001100100000
000000100110001000000
000000010101110000000
000000001010000000000
000000000111000000000
000000000010000000000
000000000000000000000
000000000000000000000
000000000000000000000
#
It:2:Diff:49:PSOStep:7:Time:1.665896467:s:AutomataStep:7:Transition:00010011111011110000100101100000110101110100001011111001001001010110101010000110001011011101101000100101101110001111101011111000100110001110001100000001010101101110011111000110010110010000100100110110000100000110100101111010000101010010111110001110101000000001000100001001001110101011011000110111001100110111010101000100101110111010000000001100001001010101111100100100100010110110110110010001100010010010011100010010111111101011100101000110001011100001010011111011000101010110011000100100110000001000110010100000
000000000000000000000
000000000000000000000
000000000000000000000
000000000000000000000
000000000000000000000
000000000001100000000
000000000011110000000
000000000010010000000
000000000001111100000
000000001111100110000
000100100100110101000
000010110110010110000
000001011111011100000
000000100101111000000
000000010011110000000
000000001010100000000
000000000101000000000
000000000010000000000
000000000000000000000
000000000000000000000
000000000000000000000
#
It:3:Diff:47:PSOStep:7:Time:1.841075227:s:AutomataStep:7:Transition:00010011111001110000100101000000100101110100001011011001101011010110101011000110001011010101100000100101101110001101100011111000100110000110001100000001010101101111001111000111110010010000100100010110000100000110100101110010000101010010101110001010101000100011000000001000001110101011111000110111001110110111010101000100101110110010000000000100001001010101101100100100100010110100000010010000100010010010011100010010111111001011100101010110001011100001010001111011000101000111011000100100110100001000110000100000
000000000000000000000
000000000000000000000
000000000000000000000
000000000000000000000
000000000000000000000
000000000001100000000
000000000110110000000
000000001101010000000
000000010011001100000
000000101111110110000
000101110001001101000
000010001010101110000
000001011101011100000
000000100101011000000
000000010111110000000
000000001000100000000
000000000101000000000
000000000010000000000
000000000000000000000
000000000000000000000
000000000000000000000
#
It:5:Diff:43:PSOStep:7:Time:2.209268733:s:AutomataStep:7:Transition:00010111101110011111100100000010111011010000001011111011010010010111111010100110001101001001001011100001011111110010100010101000101010011010010101001001001101011010000110101000011000110100101010000001100000000001101010010011001100010101101001001011000101000000100100010111101111011101100001000001101101110011010010110101111000001110000000000000010001000011001000000100101011110101000011001100010001110100010110011000010010111111000110000100011011000011100111100101010000000111011001001101010010011000011101100000
000000000000000000000
000000000000000000000
000000000000000000000
000000000000000000000
000000000111000000000
000000001011000000000
000000011101010000000
000000100100000000000
000001001010010000000
000011011001101100000
000101010101011111000
000010000101110010000
000001100111011100000
000000101110100000000
000000010110110000000
000000001101100000000
000000000111000000000
000000000010000000000
000000000000000000000
000000000000000000000
000000000000000000000
#
It:7:Diff:40:PSOStep:7:Time:2.496136805:s:AutomataStep:7:Transition:00110111111010111000100100011110111101111100001010111011111011110110111110000111111101011111100010100111101110111111100111111001111011101110100111111001011111101111001111010010111110110111101011111110110100100111101110111110001101111101111110001111110010100111101100011011101111101101111101111011111010110111110101000111010010111110010011101101010001110110111101101110011011111111010111010110110001010110011110011011111111101011100111110111011011100000010111101101111101110111011111110100110110101000010101111001
000000000000000000000
000000000000000000000
000000000000000000000
000000000010000000000
000000000101000000000
000000001100100000000
000000000111010000000
000000111111011000000
000000010111111100000
000010000011100110000
000111110011000111000
000011111111111010000
000001101111111100000
000000111011101000000
000000011111110000000
000000001110100000000
000000000111000000000
000000000010000000000
000000000000000000000
000000000000000000000
000000000000000000000
#
It:9:Diff:39:PSOStep:7:Time:2.841215994:s:AutomataStep:7:Transition:00110111111010111000100100001010110101111100101010111011100011010110100010010110111101011111100000000111101110111111001011011001111010000100101101111000010001111110001101010110101010110010100010111110000100001010101011011010001000110000111110001111110000000100101100101001111110111001001000111011001010110111010101100111000010111010100000111100011000010100111111100110111010110110110110010101100001010010011000011011111111101011100111010111001011100000010011100001001100011111111000001100110010001110010011100001
000000000000000000000
000000000000000000000
000000000000000000000
000000000010000000000
000000000101000000000
000000001100100000000
000000010101110000000
000000001100011000000
000001111101001000000
000011110010000110000
000110000011111111000
000010000000000010000
000001110110110100000
000000101110111000000
000000011001110000000
000000001101100000000
000000000111000000000
000000000010000000000
000000000000000000000
000000000000000000000
000000000000000000000
#
It:12:Diff:30:PSOStep:7:Time:3.333242603:s:AutomataStep:7:Transition:00110101111010111100010100001010111101111100011010111011101011010110110011000111111101011111000011000111101110111111100011111001111010001010101101111001011101111111001111010111111110110110110010111110011111001110101011111011111101000011111110001011110001100011101100101011111111111001111001111011011010111111010111100101000010111110001011101110011001010111111101101110111110111111110111110110110101111110011110111011111111101111100111010111001011100000110111111011011001010111111000101100110011000110110011110001
000000000000000000000
000000000000000000000
000000000000000000000
000000000010000000000
000000000111000000000
000000000111100000000
000000011110110000000
000000101111111000000
000000110010011100000
000010001110111110000
000111101110000011000
000010101111111110000
000001111111001100000
000000101011011000000
000000000111110000000
000000001010100000000
000000000111000000000
000000000010000000000
000000000000000000000
000000000000000000000
000000000000000000000
#
It:14:Diff:29:PSOStep:7:Time:3.63057975:s:AutomataStep:7:Transition:00110101111010111100110110000110111111111101011010011111101111010110111110010111111111111111101011001111101100111111101011111011111011010011110101111001011111111110001111000111111111111111111111111110101101000110111110101011101101010001111110011111111101100111111110101001101111101001101011111111011010111111110101100101101110111110001111011111011101110111111101101111111110111011110111110110111100111110101111111111110111101011111111011111011011110000010111111001111000110011111011101101111011001100110001100001
000000000000000000000
000000000000000000000
000000000000000000000
000000000010000000000
000000000111000000000
000000000110100000000
000000011111110000000
000000110011111000000
000000101011010100000
000010011100111110000
000110010100000111000
000001001111011110000
000000110110001100000
000000101111111000000
000000011111110000000
000000001011100000000
000000000111000000000
000000000010000000000
000000000000000000000
000000000000000000000
000000000000000000000
#
It:16:Diff:28:PSOStep:7:Time:4.002372378:s:AutomataStep:7:Transition:00110111111011111100100111101110111111111101011000011011101111010110110111011111101111111111101011001111101110111111101011111001111011100011110101111101011101101111001111010111111111111110111111110111100100000110101111011011101101010011111111001111110101110111010110101011101111001001101011111111011110110111110111111001101110111110011011011101011000010111111101100111111110111111110111110111110011110110111110111011110111101011111111010111011011110010010111111001111101010111011101100101111011011100110111100001
000000000000000000000
000000000000000000000
000000000000000000000
000000000010000000000
000000000101000000000
000000001110100000000
000000011111110000000
000000001111101000000
000001111111111100000
000011101111111110000
000111101001110111000
000011110011111110000
000001111101101100000
000000110111111000000
000000011010110000000
000000001111100000000
000000000111000000000
000000000010000000000
000000000000000000000
000000000000000000000
000000000000000000000
#
It:25:Diff:27:PSOStep:7:Time:5.559813196:s:AutomataStep:7:Transition:00110101111010111100100101001110111100111101011011111011101011010110100011000111101111111111101011001111101111111111101011111001111011000111110101111001011111111110001111000111111110111110111111111110110110000110101111111010001101110011111110001111110001100110101100101011101111111111101001111011111011111111110101100101101010111110000010111111011000010101111101111110011110111111110110111110110011011110111101011111111111101011101111010111011111100000010111111011111100010111111011101100111111001100110011110001
000000000000000000000
000000000000000000000
000000000000000000000
000000000010000000000
000000000101000000000
000000001111100000000
000000011101110000000
000000111011111000000
000001110001011100000
000011101111011110000
000111111111000111000
000011101011111110000
000001111111101100000
000000111111111000000
000000011110110000000
000000001111100000000
000000000111000000000
000000000010000000000
000000000000000000000
000000000000000000000
000000000000000000000
#
It:26:Diff:19:PSOStep:7:Time:5.712630449:s:AutomataStep:7:Transition:00110101111010111100100101000110111100110101011001011011101111010110110010000111111111111111101001001111101110111111101011111011111011010010010101101001011111111110001111000111111011111110111111110110110110000110101111101010001101100001111010011111111101100110111100101001101111011001101001111011011011110111110101100101101010111110000010011110011000010101111111110110011110111011011110110110110111111110111101011011111111101011101111010111011111100000010111101001111100010111011011101100111011011100111001110000
000000000000000000000
000000000000000000000
000000000000000000000
000000000010000000000
000000000101000000000
000000001111100000000
000000011111110000000
000000101010111000000
000001101011011100000
000010011110111110000
000111111110110111000
000011111011111110000
000001110010001100000
000000111110011000000
000000011100110000000
000000001111100000000
000000000111000000000
000000000010000000000
000000000000000000000
000000000000000000000
000000000000000000000
#
It:211:Diff:19:PSOStep:7:Time:34.111585196:s:AutomataStep:7:Transition:00110101111110111000101111000111111100110101011001011111111011010110101110010111111111011111101011001111101101111111101011111011111011010010011101001001111101101110001111000111111010111111101110110110110111000110101111101011001101010011111110001111110101100111000100101001101111011001111001110011011100110111010111100101101010111010010010011110111000111101111101100110111110111011111110110010111001111110111101010111110111101011101101010111011111100000010111101001111100010111111011100101111010011100111011110101
000000000000000000000
000000000000000000000
000000000000000000000
000000000010000000000
000000000111000000000
000000001011100000000
000000011100110000000
000000101101011000000
000001111110011100000
000010111110111110000
000111110101100111000
000011101011111110000
000001110011111100000
000000111110011000000
000000011111110000000
000000001111100000000
000000000111000000000
000000000010000000000
000000000000000000000
000000000000000000000
000000000000000000000
#
It:212:Diff:17:PSOStep:7:Time:34.25927635:s:AutomataStep:7:Transition:00110101111110111100100101000111111100111101011001011111101011010010111111010111111111111111101010001111101111111111101011111011111011010000011101101001111101111110001111000111111110111111111110110110110111000110101111101011101111000011111110001111111101100011001110101001101111001001111001110011011101110111110111100111101011111110010010011010111000111101101111110110111110111110100110110110111001111110101101011111110111101011100111011111011101110001010111111101111100010111101011101101011011001110111111110100
000000000000000000000
000000000000000000000
000000000000000000000
000000000010000000000
000000000111000000000
000000001011100000000
000000011101110000000
000000101110111000000
000001110111011100000
000010111011101110000
000111011101010111000
000011101010111110000
000001110101111100000
000000111110011000000
000000011100110000000
000000001111100000000
000000000111000000000
000000000010000000000
000000000000000000000
000000000000000000000
000000000000000000000
#
It:213:Diff:15:PSOStep:7:Time:34.424957976:s:AutomataStep:7:Transition:00110101111110111100100101000111111100111001011001011111101011010010111100010111111111111111100010001111101111111111101011111011111011010000011101101001111111111110001111000111111010111111110110110110110101000100101110101011101111000011111110001111111101100011001110101001101111001101111001110011011001110111110101100111101010111110011010011111111000110100111011110110111110111111100110110110111011111110101101011111110111101011100111011111011101110001010111011101111100010101101011100101011010011110111101110100
000000000000000000000
000000000000000000000
000000000000000000000
000000000010000000000
000000000111000000000
000000001011100000000
000000011101110000000
000000101110111000000
000001110111011100000
000010111011101110000
000111011101110111000
000011101011111110000
000001110110001100000
000000111110011000000
000000011100110000000
000000001111100000000
000000000111000000000
000000000010000000000
000000000000000000000
000000000000000000000
000000000000000000000
#
It:215:Diff:15:PSOStep:7:Time:34.740982936:s:AutomataStep:7:Transition:00100101111110111100100101000111110101111001011000011011101111010010111100010111111111111111100010001111101111011111101011111001101011110000011101101001111111011110001111000111111010111011110110111110110111000100101011101011101101000001111110001111111101100010101110101001101110001001111001110011011001110011110101101110101010111110011010111100111000110100111111010110111110111011011110110111111011111110101101011111110111101011000111010111011100110001010111011001110100011101101011101101010011011100111111110100
000000000000000000000
000000000000000000000
000000000000000000000
000000000010000000000
000000000111000000000
000000001011100000000
000000011101110000000
000000101110111000000
000001110111011100000
000010111011101110000
000111011101110111000
000011101111111110000
000001110111101100000
000000111110111000000
000000011100110000000
000000001111100000000
000000000111000000000
000000000010000000000
000000000000000000000
000000000000000000000
000000000000000000000
#
It:220:Diff:15:PSOStep:7:Time:35.467215798:s:AutomataStep:7:Transition:00100101111110111100100101001101111100111101011000001011101111010110110011010111111111111111101000001111101111111111101011111001111011110010011101101001011111111110001111000111111010110111111110111110100111000100101111101011101011000011111110011111110101010010101110101001101111011101111001110011111011110011110111110111101010011110011010011111111000110101111111110110111110111011011111110111110111110110101101001111101111101111001111010110011101110001010111101001111100010111111001101101110011001100111111110101
000000000000000000000
000000000000000000000
000000000000000000000
000000000010000000000
000000000111000000000
000000001011100000000
000000011111110000000
000000101111111000000
000001111111111100000
000010111110101110000
000111111110111111000
000011111110101110000
000001111111111100000
000000111111111000000
000000011111110000000
000000001111100000000
000000000111000000000
000000000010000000000
000000000000000000000
000000000000000000000
000000000000000000000
#
It:264:Diff:15:PSOStep:7:Time:41.841485502:s:AutomataStep:7:Transition:00100101111110111000100101001100111100111101011001001111101111010110110011010111111111111111101000001111101111101111101011111001110011110110011101101001011111111110001111000111110011111111111110110110110111000100101110101011001111000111111110011111110101010010101110101001101111011101111001110011011001110011110111110111101011011110011010011111111000110101111111110110110110110111011111110111110111110110111101010111101111101011001111011111011101110000010111101001111100010111111001101101110011001100111111110101
000000000000000000000
000000000000000000000
000000000000000000000
000000000010000000000
000000000111000000000
000000001011100000000
000000011111110000000
000000101111111000000
000001111111111100000
000010111110101110000
000111111110111111000
000011111110101110000
000001111111111100000
000000111111111000000
000000011111110000000
000000001111100000000
000000000111000000000
000000000010000000000
000000000000000000000
000000000000000000000
000000000000000000000
#
It:267:Diff:14:PSOStep:7:Time:42.241320387:s:AutomataStep:7:Transition:00110101101110111000100101000111111100111001011001011011101111010110111101010111111111111111001010001111101110111111101011111001111011010000010101101001011111111110001111000111101010101111111111111110110111000100101111101011101111100111111110001111111101110011101110101001101011011101111001110011011011110011110111110110101011111110011010011011111000010100111111110110011110111110100111110110101001111110101101011111101111101011001111011111011101110001010111111001111100011111101011101101111010011110111011110100
000000000000000000000
000000000000000000000
000000000000000000000
000000000010000000000
000000000111000000000
000000001011100000000
000000011101110000000
000000101110111000000
000001110111011100000
000010111011101110000
000111011101010111000
000011101010111110000
000001110111011100000
000000111110111000000
000000011100110000000
000000001111100000000
000000000111000000000
000000000010000000000
000000000000000000000
000000000000000000000
000000000000000000000
#
It:274:Diff:14:PSOStep:7:Time:43.294937235:s:AutomataStep:7:Transition:00110101111110111000100100000111111100111001011001011011101111010110111110010111111111111111100010001111101110111111101011111001111011010000010101101001011111111110001111000111111011111111111110111110110111000101101101101011101111000111111110001111111101100011100110101001101110011101111001110011011000110111110111100110101011111110010010011011111000010100111111110110011110111110110111110110111101111110101101011111110111111011001101011111111111110001010111111001111000011111101011101101111010011110111011110100
000000000000000000000
000000000000000000000
000000000000000000000
000000000010000000000
000000000111000000000
000000001011100000000
000000011101110000000
000000101110111000000
000001110111011100000
000010111011101110000
000111011101010111000
000011101010111110000
000001110111011100000
000000111110111000000
000000011100110000000
000000001111100000000
000000000111000000000
000000000010000000000
000000000000000000000
000000000000000000000
000000000000000000000
#
It:321:Diff:14:PSOStep:7:Time:49.989067403:s:AutomataStep:7:Transition:00110101101110111000100100000111111100110001011000000011101111010110111000000111011111111111001011101111101101111111101011111001111011010000011101101001011101111111001111000111111010101111111110110110111111000101100001101011101111000111111110001111111101100011101100101001101110011101111001110111011001110111110111100110100011111110011010011011111010010101110111010111011110111110100111110110111100111110101101001111111111100011001101111111011101110001010111001001111001111111101011101101111010111110111101110100
000000000000000000000
000000000000000000000
000000000000000000000
000000000010000000000
000000000111000000000
000000001011100000000
000000011101110000000
000000101110111000000
000001110111011100000
000010111011101110000
000111011101010111000
000011101010111110000
000001110111011100000
000000111110111000000
000000011100110000000
000000001111100000000
000000000111000000000
000000000010000000000
000000000000000000000
000000000000000000000
000000000000000000000
#
It:322:Diff:14:PSOStep:7:Time:50.188218001:s:AutomataStep:7:Transition:00110101101110111000000100000110110100111001011001000011101111010110111100000111011111111101001011001111101111111111101011111001111011010000010101101001011001001111001111000111111010101011111110110110111111000101100001101011101111000111111110001111111101100111100100101001101110011001111001110111011001110111110111100110101011111110011010011011111010010101110111010111011110111110110111110110111100111110101101001111110111100011101101111111011101110001010111001001111001111111101011101101111010111110111101110100
000000000000000000000
000000000000000000000
000000000000000000000
000000000010000000000
000000000111000000000
000000001011100000000
000000011101110000000
000000101110111000000
000001110111011100000
000010111011101110000
000111011101010111000
000011101010111110000
000001110111011100000
000000111110111000000
000000011100110000000
000000001111100000000
000000000111000000000
000000000010000000000
000000000000000000000
000000000000000000000
000000000000000000000
#
It:454:Diff:14:PSOStep:7:Time:69.830633691:s:AutomataStep:7:Transition:00110101101110111000100100000110111100111001011001000011101011010110111100000111011111111101001011001111101101111111101011111001111011010000011101101001011011011111001110000111111010101011111110110110111111000101100101101011101111000111111110001111111101100011100100101001101110011100111001110111011001110111110111100110101011111110010010011011111010010101110111010111011110111110110111110110000100111110101101001111110111101011101101111111011101110001010111001001111001111111101011101101011010111110111101110100
000000000000000000000
000000000000000000000
000000000000000000000
000000000010000000000
000000000111000000000
000000001011100000000
000000011101110000000
000000101110111000000
000001110111011100000
000010111011101110000
000111011101010111000
000011101010111110000
000001110111011100000
000000111110111000000
000000011100110000000
000000001111100000000
000000000111000000000
000000000010000000000
000000000000000000000
000000000000000000000
000000000000000000000
end
