PSO TRACE
INIT:../../instances/fazia/init.csv
REF:../../instances/fazia/asvn3.csv
DecodingPolicy:CPP2:CDLE2
MutationPolicy:Std
ParticleNeighborhood:Fixed
ParticleDims:515
ParticleCount:100
AccP:2.0
AccG:2.0
AccL:1.5
AccI:2.3
Pos:0.0-3.0
Inertia:0.9-0.6
VeloMax:2.0
MaxPSOIteration:500
InertiaDecrFactor:6.000000000000001E-4
INIT
000000000000000000000
000000000000000000000
000000000000000000000
000000000000000000000
000000000000000000000
000000000000000000000
000000000000000000000
000000000000000000000
000000000000000000000
000000000000000000000
000000000010000000000
000000000000000000000
000000000000000000000
000000000000000000000
000000000000000000000
000000000000000000000
000000000000000000000
000000000000000000000
000000000000000000000
000000000000000000000
000000000000000000000
REF
000000000000000000000
000000000000000000000
000000000000000000000
000000000010000000000
000000000111000000000
000000001011100000000
000000011111110000000
000000101011111000000
000001111111011100000
000010111110101110000
000111011101110111000
000010111011101110000
000001110111011100000
000000101110111000000
000000011101110000000
000000001011100000000
000000000111000000000
000000000010000000000
000000000000000000000
000000000000000000000
000000000000000000000
Classic CPP Decoder
0 :1,2,3,4,
1 :0,2,3,4,
2 :0,1,3,4,
3 :0,1,2,4,
4 :0,1,2,3,
5 :6,7,8,9,
6 :5,7,8,9,
7 :5,6,8,9,
8 :5,6,7,9,
9 :5,6,7,8,
10 :11,12,13,14,
11 :10,12,13,14,
12 :10,11,13,14,
13 :10,11,12,14,
14 :10,11,12,13,
15 :16,17,18,19,
16 :15,17,18,19,
17 :15,16,18,19,
18 :15,16,17,19,
19 :15,16,17,18,
20 :21,22,23,24,
21 :20,22,23,24,
22 :20,21,23,24,
23 :20,21,22,24,
24 :20,21,22,23,
25 :26,27,28,29,
26 :25,27,28,29,
27 :25,26,28,29,
28 :25,26,27,29,
29 :25,26,27,28,
30 :31,32,33,34,
31 :30,32,33,34,
32 :30,31,33,34,
33 :30,31,32,34,
34 :30,31,32,33,
35 :36,37,38,39,
36 :35,37,38,39,
37 :35,36,38,39,
38 :35,36,37,39,
39 :35,36,37,38,
40 :41,42,43,44,
41 :40,42,43,44,
42 :40,41,43,44,
43 :40,41,42,44,
44 :40,41,42,43,
45 :46,47,48,49,
46 :45,47,48,49,
47 :45,46,48,49,
48 :45,46,47,49,
49 :45,46,47,48,
50 :51,52,53,54,
51 :50,52,53,54,
52 :50,51,53,54,
53 :50,51,52,54,
54 :50,51,52,53,
55 :56,57,58,59,
56 :55,57,58,59,
57 :55,56,58,59,
58 :55,56,57,59,
59 :55,56,57,58,
60 :61,62,63,64,
61 :60,62,63,64,
62 :60,61,63,64,
63 :60,61,62,64,
64 :60,61,62,63,
65 :66,67,68,69,
66 :65,67,68,69,
67 :65,66,68,69,
68 :65,66,67,69,
69 :65,66,67,68,
70 :71,72,73,74,
71 :70,72,73,74,
72 :70,71,73,74,
73 :70,71,72,74,
74 :70,71,72,73,
75 :76,77,78,79,
76 :75,77,78,79,
77 :75,76,78,79,
78 :75,76,77,79,
79 :75,76,77,78,
80 :81,82,83,84,
81 :80,82,83,84,
82 :80,81,83,84,
83 :80,81,82,84,
84 :80,81,82,83,
85 :86,87,88,89,
86 :85,87,88,89,
87 :85,86,88,89,
88 :85,86,87,89,
89 :85,86,87,88,
90 :91,92,93,94,
91 :90,92,93,94,
92 :90,91,93,94,
93 :90,91,92,94,
94 :90,91,92,93,
95 :96,97,98,99,
96 :95,97,98,99,
97 :95,96,98,99,
98 :95,96,97,99,
99 :95,96,97,98,
#
It:0:Diff:73:PSOStep:7:Time:1.11959717:s:AutomataStep:7:Transition:00101001110001111001100001010001011011000001011000001101010000000001010110010000001000000110001011101101000001000011010110000001110100011010100011000000000110111010111000010111000010110101010000000100011000110010101100000100000001001101101010011101000010000011010101000001001100111011110100000000000100000011110001001101010000001010010001001011010010000001010000000100101101001110110011000111101011101011011101000010101001000100011011001001110001010101100010001000101001011000110101100000000011000101011010001100
000000000000000000000
000000000000000000000
000000000000000000000
000000000000000011000
000000000000100010000
000000000010000010000
000000000101010100000
000000001101000000000
000000011100001000000
000011110000101000000
000111001011010000000
000011101101000000000
000001011101100000000
000000000001100000000
000000010010000000000
000000000011000000000
000000000110000000000
000000000010000000000
000000000000000000000
000000000000000000000
000000000000000000000
#
It:1:Diff:64:PSOStep:7:Time:1.379667262:s:AutomataStep:7:Transition:00110011010010011001100000100001110001011100011101000000100010101000000011111110011011001000001010110110000010000000101000101011110000000011000011000110011001100101010000010000110111000010100101100110010000101110001100101110100100001011010010011000100000000101100111111001100100010111010010100111000001001001110101011100000101011000111001101000100110111001001101100101101100001101001011101011011010000000100111101001110001011000101000110011010001111110001100010100100110011111110100100000000001111111010110000100
000000000000000000000
000000000000000000000
000000000000000000000
000000000010000000000
000000000011000000000
000000000000000000000
000000000010100000000
000000100001111000000
000000011101010100000
000010100111011110000
000010100100011001000
000010001101101110000
000011000010001100000
000010000101110000000
000010110000100000000
000011001001000000000
000001110111000000000
000110101010000000000
000000000000000000000
000000000000000000000
000000000000000000000
#
It:4:Diff:58:PSOStep:4:Time:1.894747348:s:AutomataStep:4:Transition:01111011110110111111011001100000111110101001111111011101011011111100011111110010111101111101101010110110000111010111111010110111101111110011101101110110101011000111110111011111110110000111111101001110010101100001011111011111011111001110100011010010101000001011101111111101111100001111010111001110100111000100011111011101111110000011011011111011100111101001011001000111111110001111010011111111011011101011111011000111101001110001101111111111101101010011010100111011000010100111110101101101110011110110011010100111
000000000000000000000
000000000000000000000
000000000000000000000
000000000000000000000
000000000000000000000
000000000000000000000
000000111111111000000
000000101111101000000
000000111110111000000
000000100100101000000
000000101011111000000
000000111111101000000
000000110110111000000
000000111010111000000
000000100011011000000
000000000000000000000
000000000000000000000
000000000000000000000
000000000000000000000
000000000000000000000
000000000000000000000
#
It:6:Diff:54:PSOStep:4:Time:2.225960334:s:AutomataStep:4:Transition:01111111111110111111011000101100111111101001111111111111111111111110111111110010111111010111111011111110101111011111111010111111111111111011011101011110101011001111110001011111110110010011111101001110110111100001011111011111010111101110110110010010101000001011101111111111111110101111010111001110100111100110011101011111111110100111111001111011100111101001011111000111111110001111110111111111011111101011110011001111100101111111101111111111101111011011110100111010000010100111110101101111110010111111011010101111
000000000000000000000
000000000000000000000
000000000000000000000
000000000000000000000
000000000000000000000
000000000000000000000
000000111111111000000
000000101111111000000
000000111111111000000
000000101110111000000
000000100001111000000
000000101011111000000
000000111111111000000
000000111111111000000
000000101110111000000
000000000000000000000
000000000000000000000
000000000000000000000
000000000000000000000
000000000000000000000
000000000000000000000
#
It:12:Diff:48:PSOStep:7:Time:3.060636762:s:AutomataStep:7:Transition:00110001010110011100001110100001110011001100011101010010100010100100001011111010101111111000111111110000010011010101101010101011111101100011101011000110011000001110010001111111110110000010100101100100010101101111011101001110101111001111010010011000000000000100101111111001100010000111010110100101010001001000110100011101111001010011011000101101100111111001111000110111010100001101011101101011011111101000101010101101010001011110101011011011111001001001101100110000110110001111110100101100000001111000010011000101
000000000000000000000
000000000000000000000
000000000000000000000
000000000010000000000
000000000011000000000
000000001011000000000
000000010100100000000
000000011011011000000
000001111111110000000
000011100110011110000
000011010011111111000
000010001001000110000
000000001111000000000
000000000100000000000
000000000000110000000
000000001101000000000
000000000011000000000
000000000010000000000
000000000000000000000
000000000000000000000
000000000000000000000
#
It:13:Diff:48:PSOStep:7:Time:3.212359405:s:AutomataStep:7:Transition:00110101010100001101111010100001110011111110011001010010101101000011101011001001100111111011001111111000011011010000100011101011111101101011101011000111011000101010011100111011110110000010100101100110010101110110110101101110101111100011000110011000100110010110101111101000100010110011000110100001000001001000111101010100111001011011011000101101101010110011111010110111000100000101011111101011011011101000111111101101010011011010101111111011111101011000111100010000010110011111110100111100010101101010010111011111
000000000000000000000
000000000000000000000
000000000000000000000
000000000010000000000
000000000101000000000
000000001111000000000
000000011110000000000
000000110110001000000
000001100011001000000
000011111011101010000
000010110010001111000
000011000001111110000
000000101111001100000
000000011011111000000
000000001111110000000
000000001111100000000
000000000111000000000
000000000010000000000
000000000000000000000
000000000000000000000
000000000000000000000
#
It:16:Diff:44:PSOStep:7:Time:3.643207376:s:AutomataStep:7:Transition:00110101010010111000100000101101110101011101111110010010100100100000001011111100011011101010001011110110000011000000101001101011110001000011100011000100011000100111010010010000110111101010100101100101100000101111001100100010101111001011010010111001100000000110100011111001101010110111010010000111010111001011111101011101101001011100001001101001101110010110101110100111101100001101011111101011001100000101101111101101110001011000001000111001010001111011001100110101110110011101110100110000000001111011010110000110
000000000000000000000
000000000000000000000
000000000000000000000
000000000010000000000
000000000011000000000
000000001000000000000
000000001100000000000
000000111011110000000
000000000111011000000
000010010100101110000
000010001000011011000
000010110100101100000
000001100110010100000
000000001010110000000
000000000100100000000
000000001101100000000
000000000111000000000
000000000010000000000
000000000000000000000
000000000000000000000
000000000000000000000
#
It:17:Diff:44:PSOStep:7:Time:3.787754353:s:AutomataStep:7:Transition:00110001010010111000000000101001110001011101011100010000110010100000001011111110011010101000001100110100010011000011101000101011110001100011100011000100011000000110010001010000100111001000000101100100100100101011001100100000101111001011010010011000000100000101100011011001100000010111010010000111110000001001010100010101001101011000001001101001100110010100101000100111101100001100101100101011011100000100001111101101010001011000001000001001010101111001000100110100100010011101110100110000000001111010010110000100
000000000000000000000
000000000000000000000
000000000000000000000
000000000010000000000
000000000001000000000
000000000000100000000
000000001111110000000
000000100010111000000
000000000101011100000
000010000010001110000
000010011101001111000
000010000000010010000
000001010101001100000
000000101001101000000
000000001000110000000
000000001001100000000
000000000101000000000
000000000010000000000
000000000000000000000
000000000000000000000
000000000000000000000
#
It:28:Diff:43:PSOStep:7:Time:5.595479242:s:AutomataStep:7:Transition:00110001110001011100101000111000111010111001011111010101101010000010101111111100001000011010001110010011010011010111101110001011110101100011110101101111111011001111110001111101110010001000010101101110110001101111011100101000111111001111100010111011100110010011101011011001100010110011010011100111110000001000011101000110011111101010001111101000101111110101111101110111100111001100101111001010010001000101001111101101110001011000001011001001100101110011010100110111000010001101110101100100010001111011010011011101
000000000000000000000
000000000000000000000
000000000000000000000
000000000010000000000
000000000111000000000
000000001100100000000
000000010010110000000
000000101011101000000
000001001111000100000
000010000111110010000
000110010011010011000
000001111100011110000
000001001111001100000
000000101111011000000
000000001110010000000
000000000111100000000
000000000111000000000
000000000010000000000
000000000000000000000
000000000000000000000
000000000000000000000
#
It:32:Diff:35:PSOStep:7:Time:6.132845262:s:AutomataStep:7:Transition:00110101111111111100011000111001111110101101011111011101111010100010111111111110011011111110001111110010111011111111001110101011100101000111111111011110111100001110110111111101100011001010110101101110010111101010011100100001111111001110110010111011101110010010101111111001101010110011010111100111100001000000111101010111011111011111101011101011101011111101111101110100100100001111001101101011011011110101001111101101111111011001001111001011111101111111001100111110100011011111110100100100010111111011011111001101
000000000000000000000
000000000000000000000
000000000000000000000
000000000010000000000
000000000111000000000
000000001111100000000
000000011111110000000
000000110010111000000
000001101111111100000
000011111011111110000
000110101101011111000
000000100100101110000
000001011010001100000
000000000111101000000
000000001100010000000
000000000010100000000
000000000111000000000
000000000010000000000
000000000000000000000
000000000000000000000
000000000000000000000
#
It:54:Diff:32:PSOStep:7:Time:9.15994226:s:AutomataStep:7:Transition:00110111111111111101011100111010111111101101011111010111110110100010111111111110011011111010011111110010110011111111101111111011111100110111101111001100111001001111010011110101110111001110100101101110011111111010011100001111111111001111110010111011101110110001101111011001101000110111110111100110110101001110110101000111001111011011111111101011101111110101111111100110101111001101111101101011010101100101100111111101111111111001011011011011111111111111001101111111110011001111110100111100010011110010011111001101
000000000000000000000
000000000000000000000
000000000000000000000
000000000010000000000
000000000111000000000
000000001111100000000
000000011111110000000
000000111010101000000
000001111111111100000
000011110100010110000
000111001111111111000
000001001110111010000
000000010111111100000
000000010010001000000
000000011101110000000
000000001111100000000
000000000111000000000
000000000010000000000
000000000000000000000
000000000000000000000
000000000000000000000
#
It:56:Diff:29:PSOStep:7:Time:9.439378137:s:AutomataStep:7:Transition:00110011111111111101001110111010111111111101011011111111110110100010111111111110111011101111011111110010110011111110101111011011111100110111011111001101111001001111011011111101110011001111100111101110011111111100011100001111111111001100010010111011101110110001101011011101101111100111110110100110110101101000111101011110011011110011111111101101111111110111111111101111101001001101111111001011010101101101000111111101111111111001111011001011111111111110001111111110100011001111110101101100010111110100011111001101
000000000000000000000
000000000000000000000
000000000000000000000
000000000010000000000
000000000111000000000
000000001111100000000
000000011111110000000
000000111101111000000
000001111101111100000
000011111001111110000
000110011111010111000
000011101000110010000
000001111111111100000
000000110111111000000
000000011111010000000
000000001010100000000
000000000111000000000
000000000010000000000
000000000000000000000
000000000000000000000
000000000000000000000
#
It:59:Diff:29:PSOStep:7:Time:9.859538834:s:AutomataStep:7:Transition:00110011110100111100011100110101111110111001110111011111011011100010110111111110011110011111010110110010110111111111111111111011111111111111111111011111111111000110011101111101110110001111110101101010110111110011011111101111111101101110010010111111101010010011101111011001111110111011110111000111110100011011111101011110011111011011001011111111101110111001011001101100101000011110101110101111011001111111101111111101011111001111111111111111111101110111111101111000100011101111100101001100010111111111011111011101
000000000000000000000
000000000000000000000
000000000000000000000
000000000010000000000
000000000111000000000
000000001111100000000
000000010011110000000
000000101111111000000
000001110111111100000
000010010101111110000
000111110011110011000
000011011011101110000
000001111010111100000
000000111011101000000
000000011111110000000
000000001110100000000
000000000111000000000
000000000010000000000
000000000000000000000
000000000000000000000
000000000000000000000
#
It:60:Diff:29:PSOStep:7:Time:9.999272514:s:AutomataStep:7:Transition:00110011110110111100011100110001111111111001110111101111111011110010110111111110011110111110001110111111011111011111011111111011111111001111111111011111011111001110110111111111110111001001111101001001111011111011001101100101101111110010010010110111101110010101100111111101111100101011110111100111100100000011111101011101011111011111011111111110101011111100011101000101101100001111101111001111011011111111101101101101111111001010101111110111111101010111111101111111010110101111110100001101010111111010011011011100
000000000000000000000
000000000000000000000
000000000000000000000
000000000010000000000
000000000111000000000
000000001111100000000
000000011011110000000
000000111101111000000
000001111101111100000
000011101001001110000
000111001011101111000
000011111001100110000
000001111110011100000
000000111011111000000
000000011110110000000
000000001111100000000
000000000111000000000
000000000010000000000
000000000000000000000
000000000000000000000
000000000000000000000
#
It:61:Diff:28:PSOStep:7:Time:10.156282766:s:AutomataStep:7:Transition:00110011110000101100010100110101110110011001110111110111011011110010110011101110011110111111000110110001011111111111010111110011111111101111111111011111011111000010110111101101100111001101110101101011110011110011010111101111111101111010000010111111101000010010100111011001111110111011110111100111110100010011111101011111011011011111011011111100101110111000011001001100101101111110100110101111011011111111101101101101011001011111111111111111001101000011111101001100000110101111110101001100010111111111011001011100
000000000000000000000
000000000000000000000
000000000000000000000
000000000010000000000
000000000101000000000
000000001011100000000
000000010101110000000
000000111111111000000
000001001100111100000
000011111111101110000
000101001011010011000
000011101011101110000
000001111001011100000
000000101111111000000
000000011010110000000
000000001111100000000
000000000111000000000
000000000010000000000
000000000000000000000
000000000000000000000
000000000000000000000
#
It:86:Diff:27:PSOStep:7:Time:13.53869247:s:AutomataStep:7:Transition:00110011111111111100011100111001111110011101110111110111111111110010110111111110011111111111011111110011010011111111011111111011111111111111111111011110011111000111010111111101110111000111110101001000110111111111011111101111111101101110010010111111101110010000101111010101011100111111110110100111110101011011111101011110011011011111011111111101111110111001011001101101101110111111101010001111011011111111001111101101011101011111101011111111111111011110101101011100100010101111110101101100010111111111011111111101
000000000000000000000
000000000000000000000
000000000000000000000
000000000010000000000
000000000111000000000
000000001101100000000
000000011110110000000
000000111101111000000
000001101111111100000
000011111111011110000
000111110011111111000
000011111111111110000
000001111110111100000
000000111111101000000
000000011101110000000
000000001111100000000
000000000111000000000
000000000010000000000
000000000000000000000
000000000000000000000
000000000000000000000
#
It:89:Diff:18:PSOStep:7:Time:14.007172873:s:AutomataStep:7:Transition:00110111111111101101011100111001111111011101111111110111111111100010111111111110011111111011001111110011111111110111011111111011110111111111101011011110111111000110010111111101110111001111110101100110111111111011011111101111111111101110110110110111101110010011101111110001111110111011110111100111110101001101111101010111011111011111011011111111010111110001111000101111101101001110111110101111011111111111001111111101011101111111111111111111111111111111111101111110100011101111110101101100010111111110011001011101
000000000000000000000
000000000000000000000
000000000000000000000
000000000010000000000
000000000111000000000
000000001011100000000
000000011111010000000
000000101110111000000
000001111111111100000
000010111110111110000
000110001100111011000
000011111011110110000
000001110111111100000
000000111111111000000
000000011001110000000
000000001111100000000
000000000111000000000
000000000010000000000
000000000000000000000
000000000000000000000
000000000000000000000
#
It:116:Diff:16:PSOStep:7:Time:17.675027827:s:AutomataStep:7:Transition:00110111111111111101011100111011111111111101110111100011110111100010111111111110011111111011001111110011111111110111011111111111110111101111111011011110111111001110010111101101110111001101110100101100110111111011011111101111111111101111110111110111101100010011101111110001111011111011110111100111110101001101111101010111001111011011011011111110001111110101111000101111101101001110110110101111011111111111101111111101011101101101111111111111001101111111111111111010100010101111110101100101010101111100011001011111
000000000000000000000
000000000000000000000
000000000000000000000
000000000010000000000
000000000111000000000
000000001011100000000
000000011111110000000
000000101011111000000
000001111111111100000
000010011111111110000
000111101111110111000
000010100111111110000
000001100110011100000
000000111111111000000
000000011101110000000
000000001010100000000
000000000111000000000
000000000010000000000
000000000000000000000
000000000000000000000
000000000000000000000
#
It:308:Diff:15:PSOStep:7:Time:43.728475912:s:AutomataStep:7:Transition:00110111111111101101011100111001111111111001110111110011110111100010111111111110011111111011001111110011111111110111010111111011110011101111111011011110110111000110010111110101110111001101010100101110110111111011011111101111111111101111110110110111101100010011101111110101110110111011110111100111110101001100011101010100011111011011010111111110001111110001111000101111101101111110110110101111011111111111101011111101011101111101111111111111011101111111111111111010100010101111110101101100010101110110011001011111
000000000000000000000
000000000000000000000
000000000000000000000
000000000010000000000
000000000111000000000
000000001011100000000
000000011111110000000
000000101011111000000
000001111111111100000
000010111111111110000
000111111111111111000
000010111111111110000
000001111111101100000
000000110110111000000
000000010100110000000
000000001011100000000
000000000111000000000
000000000010000000000
000000000000000000000
000000000000000000000
000000000000000000000
#
It:320:Diff:15:PSOStep:7:Time:45.322979141:s:AutomataStep:7:Transition:00110111111110101101011100111011111110111001110011111011110010110000111111011110011110111011001111110001111111111110011111110111111111111111101011011100011011001110100111101101110011000101010101101010100111111011010101101111111111100110110111111111101100010011100111111001101001101001100011100111000100011111110101010010001110011110011011101110011111110101111001101111100101011110111010101110011011111111101111111101011001101111101111111010001101111110111111111110000010001011100100100101010111111000001001011111
000000000000000000000
000000000000000000000
000000000000000000000
000000000010000000000
000000000111000000000
000000001011100000000
000000011111110000000
000000101011111000000
000001111111111100000
000010111110101110000
000111111110000111000
000010111111101110000
000001110101111100000
000000101001011000000
000000011011110000000
000000001011100000000
000000000111000000000
000000000010000000000
000000000000000000000
000000000000000000000
000000000000000000000
#
It:329:Diff:13:PSOStep:7:Time:46.498982539:s:AutomataStep:7:Transition:00110111111110111101111100111011111111111001111111101011110010110000111011011110001111111011001101110001111111111110011111110111110111111111101011011000011111001110100111101101110110001100010101101110100111111011010111101111111111111110110111111111101110010011100111111101101111111011110111100111100100011111110101010011011110011010011011111010001011110001101001101111100101111110111010101110011111111111101111111101011001111101111111111010011101111110111111111110010010001011100100101101010111111011011001011111
000000000000000000000
000000000000000000000
000000000000000000000
000000000010000000000
000000000111000000000
000000001011100000000
000000011101110000000
000000101111111000000
000001111111111100000
000010011111101110000
000101011101010111000
000011111111101110000
000001110111111100000
000000111110011000000
000000011111110000000
000000001011100000000
000000000111000000000
000000000010000000000
000000000000000000000
000000000000000000000
000000000000000000000
#
It:377:Diff:13:PSOStep:7:Time:52.842650972:s:AutomataStep:7:Transition:00110111111110101101110100110011110011111001110111011110110100110010101111110110011110110011001101110000111110110111011011111111110111111111101011010000011111000110100011101101110111001101100000001110110111111011010101101111111111100110110111111011101110010010100111111001101101111011110111100111100100001101110101010011011110111010011011111110001010100000101001111110100101111110110010101111011011111101101111111101011000001111111111111011010101111110101111011110010010001011100101101101010011111111011001011111
000000000000000000000
000000000000000000000
000000000000000000000
000000000010000000000
000000000111000000000
000000001011100000000
000000011111110000000
000000101011111000000
000001111111111100000
000010111111111110000
000111110111110111000
000010110111101110000
000001110011011100000
000000111111011000000
000000011111110000000
000000001011100000000
000000000111000000000
000000000010000000000
000000000000000000000
000000000000000000000
000000000000000000000
#
It:408:Diff:11:PSOStep:7:Time:57.210996368:s:AutomataStep:7:Transition:00110111111100111101010100110011110111111001110111011010110100110010101111011110011110110011001101110000111110111111011011110111110111111111101011011000111111001110100011101101110111001101100000101000110111111011010101101111111111110110110111111111101110010011100111111001101000111011110111100111100100001101110101010011001110111010011011101110001010100100111001111111100100011110010010101110011011111101101111111101011000001111111111111011000101111110111111011110010010001011100101001101010111111010011001011111
000000000000000000000
000000000000000000000
000000000000000000000
000000000010000000000
000000000111000000000
000000001011100000000
000000011111110000000
000000101011111000000
000001111111111100000
000010111111101110000
000111011100110111000
000010011111001110000
000001110110011100000
000000100101111000000
000000011100110000000
000000001011100000000
000000000111000000000
000000000010000000000
000000000000000000000
000000000000000000000
000000000000000000000
#
It:486:Diff:9:PSOStep:7:Time:68.419408119:s:AutomataStep:7:Transition:00110111111100101101110100110011111111111101111011111010110110110010101011111110011110111011001111110000111110010111011001110111110101111111101011011000011111001110100011101111110111001101100000101100111111101011010111101111111111110110100111111111101110010011100111111101101000101011110111100111100100001111110101010011001011011010011011101110001011100100111001111111100100111110110010101110011111111111101111111101011101001111111111011111000101111111101101111110010000001011110101101101010111111010011001011111
000000000000000000000
000000000000000000000
000000000000000000000
000000000010000000000
000000000111000000000
000000001011100000000
000000011111110000000
000000101011111000000
000001111111111100000
000010111111101110000
000111011100110111000
000010011111001110000
000001111111011100000
000000101111111000000
000000011111110000000
000000001011100000000
000000000111000000000
000000000010000000000
000000000000000000000
000000000000000000000
000000000000000000000
end
