PSO TRACE
INIT:../../instances/fazia/init.csv
REF:../../instances/fazia/asvn3.csv
DecodingPolicy:CPP2:CDLE2
MutationPolicy:Std
ParticleNeighborhood:Fixed
ParticleDims:515
ParticleCount:100
AccP:2.0
AccG:2.0
AccL:1.5
AccI:2.3
Pos:0.0-3.0
Inertia:0.9-0.6
VeloMax:2.0
MaxPSOIteration:500
InertiaDecrFactor:6.000000000000001E-4
INIT
000000000000000000000
000000000000000000000
000000000000000000000
000000000000000000000
000000000000000000000
000000000000000000000
000000000000000000000
000000000000000000000
000000000000000000000
000000000000000000000
000000000010000000000
000000000000000000000
000000000000000000000
000000000000000000000
000000000000000000000
000000000000000000000
000000000000000000000
000000000000000000000
000000000000000000000
000000000000000000000
000000000000000000000
REF
000000000000000000000
000000000000000000000
000000000000000000000
000000000010000000000
000000000111000000000
000000001011100000000
000000011111110000000
000000101011111000000
000001111111011100000
000010111110101110000
000111011101110111000
000010111011101110000
000001110111011100000
000000101110111000000
000000011101110000000
000000001011100000000
000000000111000000000
000000000010000000000
000000000000000000000
000000000000000000000
000000000000000000000
Classic CPP Decoder
0 :1,2,3,4,
1 :0,2,3,4,
2 :0,1,3,4,
3 :0,1,2,4,
4 :0,1,2,3,
5 :6,7,8,9,
6 :5,7,8,9,
7 :5,6,8,9,
8 :5,6,7,9,
9 :5,6,7,8,
10 :11,12,13,14,
11 :10,12,13,14,
12 :10,11,13,14,
13 :10,11,12,14,
14 :10,11,12,13,
15 :16,17,18,19,
16 :15,17,18,19,
17 :15,16,18,19,
18 :15,16,17,19,
19 :15,16,17,18,
20 :21,22,23,24,
21 :20,22,23,24,
22 :20,21,23,24,
23 :20,21,22,24,
24 :20,21,22,23,
25 :26,27,28,29,
26 :25,27,28,29,
27 :25,26,28,29,
28 :25,26,27,29,
29 :25,26,27,28,
30 :31,32,33,34,
31 :30,32,33,34,
32 :30,31,33,34,
33 :30,31,32,34,
34 :30,31,32,33,
35 :36,37,38,39,
36 :35,37,38,39,
37 :35,36,38,39,
38 :35,36,37,39,
39 :35,36,37,38,
40 :41,42,43,44,
41 :40,42,43,44,
42 :40,41,43,44,
43 :40,41,42,44,
44 :40,41,42,43,
45 :46,47,48,49,
46 :45,47,48,49,
47 :45,46,48,49,
48 :45,46,47,49,
49 :45,46,47,48,
50 :51,52,53,54,
51 :50,52,53,54,
52 :50,51,53,54,
53 :50,51,52,54,
54 :50,51,52,53,
55 :56,57,58,59,
56 :55,57,58,59,
57 :55,56,58,59,
58 :55,56,57,59,
59 :55,56,57,58,
60 :61,62,63,64,
61 :60,62,63,64,
62 :60,61,63,64,
63 :60,61,62,64,
64 :60,61,62,63,
65 :66,67,68,69,
66 :65,67,68,69,
67 :65,66,68,69,
68 :65,66,67,69,
69 :65,66,67,68,
70 :71,72,73,74,
71 :70,72,73,74,
72 :70,71,73,74,
73 :70,71,72,74,
74 :70,71,72,73,
75 :76,77,78,79,
76 :75,77,78,79,
77 :75,76,78,79,
78 :75,76,77,79,
79 :75,76,77,78,
80 :81,82,83,84,
81 :80,82,83,84,
82 :80,81,83,84,
83 :80,81,82,84,
84 :80,81,82,83,
85 :86,87,88,89,
86 :85,87,88,89,
87 :85,86,88,89,
88 :85,86,87,89,
89 :85,86,87,88,
90 :91,92,93,94,
91 :90,92,93,94,
92 :90,91,93,94,
93 :90,91,92,94,
94 :90,91,92,93,
95 :96,97,98,99,
96 :95,97,98,99,
97 :95,96,98,99,
98 :95,96,97,99,
99 :95,96,97,98,
#
It:0:Diff:68:PSOStep:6:Time:1.030364255:s:AutomataStep:6:Transition:01110010100110000011111111111111111010010011010111011010111111101111111110011101111111110011001011110101101101110100111011101111101110101100100011110111101110111111101111111100110010111100111110011101011110100110011011011111111111100110111110101111111110010111110011111101011110011001011111111111111110111010111111111111111111110110111110110101011110011111011101111111110011110101111110101110111111111111111111101101011011100111111101111101110011111111101001110111101010011111011001100111110111111111111001111011
000000000000000000000
000000000000000000000
000000000000000000000
000000000000000000000
000011101010000000000
000001011111000000000
000000101111100000000
000011001111110000000
000010101111110000000
000010111101100100000
000011111111000110000
000001110111101100000
000010110110111000000
000011110001110000000
000001111001100000000
000011101011000000000
000011111110000000000
000000000000000000000
000000000000000000000
000000000000000000000
000000000000000000000
#
It:1:Diff:67:PSOStep:6:Time:1.306839211:s:AutomataStep:6:Transition:01110011100100010110101111001111101100101011010010111110111101101110111010011001111111110001001001110101110101110000011011111110001011011000111011110011110101110100101110010001100001111001111110101110011110000111001011011001101111001101111111101100111110010111111011100111101111110111101011111110110110000110101110101111111110101110111010110100100000001000111001101111100011111100010111110110111010111111100011111110011011100100011010011001111111100111110011111111110101100111001001010101110011111001011100101111
000000000000000000000
000000000000000000000
000000000000000000000
000000000000000000000
000011111110000000000
000000000111000000000
000001111101100000000
000011011011110000000
000011110111101000000
000010010011111100000
000011011101100110000
000001010011111000000
000011001110010000000
000011111110010000000
000001011100000000000
000011101000000000000
000010000000000000000
000000000000000000000
000000000000000000000
000000000000000000000
000000000000000000000
#
It:2:Diff:57:PSOStep:7:Time:1.500141056:s:AutomataStep:7:Transition:00110110100110000010101111101111101100101011010000111110111111101110111110011011111111110011000001110101111101110000011011111111001111011100111011110101110101110101100111010101110011111001111110101110011110000111000111011111101111101111111111101110111010010111110011101111001111110111101011011110110110100110101110101111111110101110111010110100101100001000111001100110100011111100000111111110111011111001110111111110011011101001011011101101111101111111111011101111110101100101001001011001110111111001001101101111
000000000000000000000
000000000000000000000
000000000000000000000
000000000010000000000
000000000101000000000
000000000001100000000
000000001111010000000
000000001111011000000
000000001111011100000
000000011111011110000
000000100111110101000
000000001111111100000
000001110111001000000
000000010111010000000
000011011111000000000
000011000110000000000
000100111100000000000
000100000000000000000
000000000000000000000
000000000000000000000
000000000000000000000
#
It:3:Diff:53:PSOStep:7:Time:1.671123512:s:AutomataStep:7:Transition:00110010100100001010101111001111111100101011011010111100111111101110111010011011111111110011100001110101111101110000011011111110001111011000111011110001110111110101100111010101100001111001111110101110011110000111001101111001101101001100111111111110111110010111111011111111001111110111111111111110111111100111101110101111111110101100110011110100101000001010111001110110100011111100000111111110101010111001100111111010010011111010011110101001111101101111110011111001110101100101001011011001111111111101011111101111
000000000000000000000
000000000000000000000
000000000000000000000
000000000010000000000
000000000111000000000
000000000110100000000
000000001111110000000
000000010101111000000
000000111110011100000
000000001011101010000
000001111111111111000
000001111010111100000
000001111101101100000
000001101101010000000
000000111110010000000
000011011111000000000
000111111111000000000
000100000000000000000
000000000000000000000
000000000000000000000
000000000000000000000
#
It:5:Diff:40:PSOStep:7:Time:2.018557389:s:AutomataStep:7:Transition:00110010110110001010101111011111111111101011011010111100111111101110111010011011111111110011100001111101111101110101011011111110001111011100111011110101110111110101111111010101101001111001111110101110011110010111101111111001101111101111111111111110111110010111111011111111101111110111111111111110111111100111101110101111111110101111110011110100101000001010111101110110100111111100000111111110111110111001111111111010110011111011011111101101111111111111111011111011110101100111001011011001111111111111011111101111
000000000000000000000
000000000000000000000
000000000000000000000
000000000010000000000
000000000111000000000
000000001011100000000
000000000101110000000
000000101111111000000
000001100101111100000
000010011111111010000
000111110111110111000
000111111011001100000
000101010111011100000
000010111011111000000
000110011111110000000
000011011111100000000
000111111111000000000
000100000000000000000
000000000000000000000
000000000000000000000
000000000000000000000
#
It:27:Diff:37:PSOStep:7:Time:5.273953276:s:AutomataStep:7:Transition:00110010110110001011101111011111111111101011011010111110111111101110111010011011111111110011100001111101111101110101011011111111001111011100111011110101110111110101111111010101101001111001111110101110011110010111101111111001101111001111111111111110111110010111111011111111101111110111111111111110111111100111101110101111111110101101110111110100101000001010011101110110100111111100000111111110111010111001110111111010110011111011011111101001111111111111111011111011110101100111001011011001111111111111011110101111
000000000000000000000
000000000000000000000
000000000000000000000
000000000010000000000
000000000111000000000
000000001011100000000
000000000101110000000
000000101111111000000
000001111101111100000
000010111011111010000
000111111101111111000
000110111011001100000
000101010011011100000
000010111011111000000
000110011111110000000
000011011111100000000
000111111111000000000
000100000000000000000
000000000000000000000
000000000000000000000
000000000000000000000
#
It:30:Diff:37:PSOStep:7:Time:5.665768679:s:AutomataStep:7:Transition:00110010110100010010101111001111111101111011011110111110111111100110111111011111101111110101000001110101111101110111001101111110001011011110101011110111010000111101010110110101111001010001101110111110011110000111010001111001101111001001011111111110111111100111111011111111100011111111111111011111110011100110101111111111110101100101110010010101101000111010101100100100100011110100001111010100111010111000111111111011110011010111001010101101111101010101111011011101110111100110011111101101111111101001111110101111
000000000000000000000
000000000000000000000
000000000000000000000
000000000010000000000
000000000101000000000
000000001101100000000
000000011111110000000
000000101101111000000
000001101001011100000
000011110100111010000
000101011100110111000
000011000101011110000
000001110110011100000
000000100101111000000
000000001101100000000
000000000000000000000
000000000000000000000
000000000000000000000
000000000000000000000
000000000000000000000
000000000000000000000
#
It:32:Diff:31:PSOStep:7:Time:5.9538658:s:AutomataStep:7:Transition:00110010110110010110101111001110111101110011011110111110111101100010110111011111101011100111100001110101011101110011011111011110101111011110111011110111010000111001010111110111111001011001110110111110011110010111011111111001000101001001111111111110111111100110111011111111110011111111110111110111111111100111101111111111110101101101110011110101101000111010111101100110100011010101001110010100111111111001111101111011110011010111001111101101111101010101110011011101100111100110011111111101111111101001111101101111
000000000000000000000
000000000000000000000
000000000000000000000
000000000010000000000
000000000111000000000
000000001011100000000
000000011111110000000
000000110101111000000
000001011010111100000
000011011111111110000
000111101111001011000
000011101011111110000
000001111111111100000
000000111011111000000
000000000101110000000
000000001111100000000
000000000101000000000
000000000010000000000
000000000000000000000
000000000000000000000
000000000000000000000
#
It:33:Diff:30:PSOStep:7:Time:6.093686958:s:AutomataStep:7:Transition:00110010110110000111101110000110111101111011111100011111111101110011111110011010101111100110000001110100011001110001001111011110101111011010111011110011010101111001010111010111101001001001110110101010011010010101011111111001100101001111111111111110111011100111110011101111111111111111110101111111110011110110101110111111111101101101110011010101101000011110111100000110100011011101001111110100011110011010011110111011010001100110011110101101111101100111110011111111110101100111011111111001011111101011101100101111
000000000000000000000
000000000000000000000
000000000000000000000
000000000010000000000
000000000111000000000
000000000011100000000
000000011110110000000
000000110111111000000
000001100100110100000
000010111011111110000
000111011111010101000
000011111111100110000
000001110101111100000
000000101100110000000
000000011100110000000
000000001110000000000
000000000010000000000
000000000010000000000
000000000000000000000
000000000000000000000
000000000000000000000
#
It:39:Diff:25:PSOStep:7:Time:6.97154878:s:AutomataStep:7:Transition:00100011110110010111101111010010111100111011110010111100111101110110111110011110101111100111110001110111101011110111001111011110101111110011111011110101010111111111111111111111101011001001111110111110011110011101011011111001100101011101111110111111111111100111110011111111101011110111111011011111111100110110101110111111101101111101111011110100101001011110101110010110100111011110100010010100111011111110011111111111110111110111011111100101111001110111110011111111110111100011011111111101111111111101111101111111
000000000000000000000
000000000000000000000
000000000000000000000
000000000010000000000
000000000111000000000
000000001011100000000
000000011111110000000
000000111111111000000
000001100011111100000
000011100111111110000
000101111111111111000
000010111010011110000
000001011011111100000
000000101111111000000
000000011111110000000
000000001111100000000
000000000111000000000
000000000010000000000
000000000000000000000
000000000000000000000
000000000000000000000
#
It:63:Diff:23:PSOStep:7:Time:10.261273853:s:AutomataStep:7:Transition:00100011110110010111101111010010111101111011111010111111111101110110111111011111111111100111100001110111111011110111001111011110101111010011111011110110010011111111110111011101101011001001110110101010011110001100011011111001100111001111111101111111011111110111110011111001101111111111110011110111111111011110101110011111010101101101101011110100111001010110111100010110100110001110100011010110111011011010101100111111110101110111011111101101111101110111100011111110110100000011011111101101011111100111111100111111
000000000000000000000
000000000000000000000
000000000000000000000
000000000010000000000
000000000111000000000
000000001111100000000
000000011111110000000
000000111011111000000
000001110101111100000
000001110001111110000
000111011001111111000
000011111111111110000
000001111111111100000
000000111101111000000
000000011101110000000
000000001111100000000
000000000111000000000
000000000010000000000
000000000000000000000
000000000000000000000
000000000000000000000
#
It:79:Diff:23:PSOStep:7:Time:12.453555067:s:AutomataStep:7:Transition:00110011110110110111101111011011111111111011111110111111110101010110111110111110101111100110001111110011111111110111111110101110101111010011011111011011010111111111110110010011110011101001111111111110010110001111111000111010110111001110111111111011011101100111111010111011101111111111111011111111011110111110111111011111111101101111101111010100111001111010111111010111100011011111000010110110111110011111111111111011101111101011101111101101111111110111011111011111110110111111011111101101111111011111111101111111
000000000000000000000
000000000000000000000
000000000000000000000
000000000010000000000
000000000111000000000
000000001111100000000
000000011111110000000
000000111111111000000
000001111001111100000
000011111111111110000
000100001111111111000
000011111010111110000
000001111111111100000
000000110110111000000
000000011111110000000
000000001111100000000
000000000111000000000
000000000010000000000
000000000000000000000
000000000000000000000
000000000000000000000
#
It:82:Diff:21:PSOStep:7:Time:12.825178962:s:AutomataStep:7:Transition:00110001110110001111101110001111101110111010111110011111111101010010111110011111111111100111111111110001111111110110011111101110111111011011110111111001010101111110111111010011100011111001111101111110111110011111011001111001111011001000111111111111111101110111111011111111101111111111101011101111011110110110111111011111111111101101111111110100111101111010111101110111100011111101000111111010111011011111111111111011111111111011111111101101111101110111111011111111110111100100111111111101011111011111011110111111
000000000000000000000
000000000000000000000
000000000000000000000
000000000010000000000
000000000111000000000
000000001111100000000
000000011111110000000
000000111111111000000
000001111111111100000
000011111111111110000
000111111111111111000
000011111111110110000
000001111111111100000
000000111110101000000
000000011111110000000
000000001101100000000
000000000111000000000
000000000010000000000
000000000000000000000
000000000000000000000
000000000000000000000
#
It:85:Diff:20:PSOStep:7:Time:13.165798622:s:AutomataStep:7:Transition:00110011110110011011101110111111101111101011011110011111111101010010101111001101111111100110111111100101111111100110011101101110111111010011111111111011010001111110110111011001100011111010111111111110111110001111111001111001110011001110110111111110011101110111111011111111101111111111101011111111111111100110111111011111110111111101111110110100111101111010111111100111100111111111110011111110111010011011111101111001111111111011011111101111111101111111111011011010110110000100111111111101011011011111111110101111
000000000000000000000
000000000000000000000
000000000000000000000
000000000010000000000
000000000111000000000
000000001111100000000
000000011111110000000
000000111111111000000
000001111111011100000
000011111111111110000
000111110111111111000
000011101111111110000
000001110011111100000
000000111111111000000
000000011111110000000
000000001111100000000
000000000111000000000
000000000010000000000
000000000000000000000
000000000000000000000
000000000000000000000
#
It:94:Diff:18:PSOStep:7:Time:14.273806433:s:AutomataStep:7:Transition:00110011110110010101101110011011111001111011101010011111110101110110101110001110111011100111110001110111101111110111011111111100111111110011111011111001010010111111111111011111101010001001111110111110011110011101011011111001100011011101111111111111111111110111110011101011111110110111111011011111111101100110101110011110101101111101111011110100101001011110011101010111100100111111100011111110111011111110011101111111110111111101011111101100011101110111101011111101110111000111011111111101111011011101111110111111
000000000000000000000
000000000000000000000
000000000000000000000
000000000010000000000
000000000111000000000
000000001011100000000
000000011111110000000
000000101111111000000
000001001111111100000
000010011111111110000
000111011111111111000
000011111111111110000
000001111111111100000
000000101111111000000
000000010111110000000
000000001111100000000
000000000111000000000
000000000010000000000
000000000000000000000
000000000000000000000
000000000000000000000
#
It:106:Diff:17:PSOStep:7:Time:15.785344324:s:AutomataStep:7:Transition:00110011110110010111101111010011111011111011111110011111111101010110111110111111111111100111010011110011101011110110101111011110101111110111111011011111010011111111011110111011110011001001111110111110111110011111010011111001111111011111111111111111111111110111111011111111111111111111111111110111111111111110101110010111101101111111111011110100111001111110111101010110100111111111101011011100111111111111110111111111110101111111111111101101111101110111100011111101110100110111011111111101111011110111111111111111
000000000000000000000
000000000000000000000
000000000000000000000
000000000010000000000
000000000111000000000
000000001011100000000
000000011111110000000
000000111111111000000
000001111111111100000
000010111110111110000
000111110111111111000
000011111111111110000
000001110111111100000
000000111101111000000
000000011111110000000
000000001111100000000
000000000111000000000
000000000010000000000
000000000000000000000
000000000000000000000
000000000000000000000
#
It:242:Diff:16:PSOStep:7:Time:32.429671474:s:AutomataStep:7:Transition:00110011110010011111111111010111111001111011110110011111110101110110111110111111111111111111111101111011101111110111111111011111111110110111111111011111010011111111111110111011110011001011111111011111011110011111010011111001110111011111011111111110111111110111111011111111011111010110001111111110111111101110111111011111110111111111101111110100111101111110111111010111100001011101110111111100001111111111010111111111110101111111111111101111111111110110000011011111110010100011111111111101111011101111111101101111
000000000000000000000
000000000000000000000
000000000000000000000
000000000010000000000
000000000111000000000
000000001111100000000
000000011111110000000
000000111111111000000
000001111111011100000
000011111110111110000
000111111111111111000
000011111111111110000
000001111111111100000
000000111111111000000
000000011101110000000
000000001111100000000
000000000111000000000
000000000010000000000
000000000000000000000
000000000000000000000
000000000000000000000
#
It:281:Diff:14:PSOStep:7:Time:37.215369798:s:AutomataStep:7:Transition:00110001110110011111111111001111111111101011111100111111110101110110111110111110111111101111111101111011101111111101111111011111111111110111111111111101010111111111011110110101100011001010110111111111011110011111010011111001111111011111011111111010110111110111111011111011001111110110111011111111111111111110111110011110101111111111101111110101111101111110111011010110101111010111110111011100101111111111111110111111110101111111111111101101011101110111100011011111110110110011111111111101111011111111101111111111
000000000000000000000
000000000000000000000
000000000000000000000
000000000010000000000
000000000111000000000
000000001111100000000
000000011111110000000
000000111111111000000
000001111111111100000
000011111111111110000
000111011111111111000
000010110011111110000
000001111111111100000
000000101111111000000
000000011101110000000
000000001011100000000
000000000111000000000
000000000010000000000
000000000000000000000
000000000000000000000
000000000000000000000
end
