PSO TRACE
INIT:../../instances/fazia/init.csv
REF:../../instances/fazia/asvn3.csv
DecodingPolicy:CPP2:CDLE2
MutationPolicy:Std
ParticleNeighborhood:Fixed
ParticleDims:515
ParticleCount:100
AccP:2.0
AccG:2.0
AccL:1.5
AccI:2.3
Pos:0.0-3.0
Inertia:0.9-0.6
VeloMax:2.0
MaxPSOIteration:500
InertiaDecrFactor:6.000000000000001E-4
INIT
000000000000000000000
000000000000000000000
000000000000000000000
000000000000000000000
000000000000000000000
000000000000000000000
000000000000000000000
000000000000000000000
000000000000000000000
000000000000000000000
000000000010000000000
000000000000000000000
000000000000000000000
000000000000000000000
000000000000000000000
000000000000000000000
000000000000000000000
000000000000000000000
000000000000000000000
000000000000000000000
000000000000000000000
REF
000000000000000000000
000000000000000000000
000000000000000000000
000000000010000000000
000000000111000000000
000000001011100000000
000000011111110000000
000000101011111000000
000001111111011100000
000010111110101110000
000111011101110111000
000010111011101110000
000001110111011100000
000000101110111000000
000000011101110000000
000000001011100000000
000000000111000000000
000000000010000000000
000000000000000000000
000000000000000000000
000000000000000000000
Classic CPP Decoder
0 :1,2,3,4,
1 :0,2,3,4,
2 :0,1,3,4,
3 :0,1,2,4,
4 :0,1,2,3,
5 :6,7,8,9,
6 :5,7,8,9,
7 :5,6,8,9,
8 :5,6,7,9,
9 :5,6,7,8,
10 :11,12,13,14,
11 :10,12,13,14,
12 :10,11,13,14,
13 :10,11,12,14,
14 :10,11,12,13,
15 :16,17,18,19,
16 :15,17,18,19,
17 :15,16,18,19,
18 :15,16,17,19,
19 :15,16,17,18,
20 :21,22,23,24,
21 :20,22,23,24,
22 :20,21,23,24,
23 :20,21,22,24,
24 :20,21,22,23,
25 :26,27,28,29,
26 :25,27,28,29,
27 :25,26,28,29,
28 :25,26,27,29,
29 :25,26,27,28,
30 :31,32,33,34,
31 :30,32,33,34,
32 :30,31,33,34,
33 :30,31,32,34,
34 :30,31,32,33,
35 :36,37,38,39,
36 :35,37,38,39,
37 :35,36,38,39,
38 :35,36,37,39,
39 :35,36,37,38,
40 :41,42,43,44,
41 :40,42,43,44,
42 :40,41,43,44,
43 :40,41,42,44,
44 :40,41,42,43,
45 :46,47,48,49,
46 :45,47,48,49,
47 :45,46,48,49,
48 :45,46,47,49,
49 :45,46,47,48,
50 :51,52,53,54,
51 :50,52,53,54,
52 :50,51,53,54,
53 :50,51,52,54,
54 :50,51,52,53,
55 :56,57,58,59,
56 :55,57,58,59,
57 :55,56,58,59,
58 :55,56,57,59,
59 :55,56,57,58,
60 :61,62,63,64,
61 :60,62,63,64,
62 :60,61,63,64,
63 :60,61,62,64,
64 :60,61,62,63,
65 :66,67,68,69,
66 :65,67,68,69,
67 :65,66,68,69,
68 :65,66,67,69,
69 :65,66,67,68,
70 :71,72,73,74,
71 :70,72,73,74,
72 :70,71,73,74,
73 :70,71,72,74,
74 :70,71,72,73,
75 :76,77,78,79,
76 :75,77,78,79,
77 :75,76,78,79,
78 :75,76,77,79,
79 :75,76,77,78,
80 :81,82,83,84,
81 :80,82,83,84,
82 :80,81,83,84,
83 :80,81,82,84,
84 :80,81,82,83,
85 :86,87,88,89,
86 :85,87,88,89,
87 :85,86,88,89,
88 :85,86,87,89,
89 :85,86,87,88,
90 :91,92,93,94,
91 :90,92,93,94,
92 :90,91,93,94,
93 :90,91,92,94,
94 :90,91,92,93,
95 :96,97,98,99,
96 :95,97,98,99,
97 :95,96,98,99,
98 :95,96,97,99,
99 :95,96,97,98,
#
It:0:Diff:68:PSOStep:4:Time:0.964281802:s:AutomataStep:4:Transition:01110011001011111111111011100111111101110011010101111110010110111111001110100011101001100111111111111111110110011111110111011110110110001101111111111011011110100111111101101110101011000111111011111001101110011110111111000010111110100011101111111111101011111011100101011100000010000111011111111101111011101010011101011010100111111111111111010101101100100011110101001111101001011111011111011011111101010111111101111010111111111110110010111111111011111011110101111111011111011111101001011111101101111111011100101111
000000000000000000000
000000000000000000000
000000000000000000000
000000000000000000000
000000000000000000000
000000000000000000000
000000111110000000000
000000011111000000000
000000110100000000000
000000000010100000000
000000111110100000000
000000011111010000000
000000110111010000000
000000001011111000000
000000111111111000000
000000000000000000000
000000000000000000000
000000000000000000000
000000000000000000000
000000000000000000000
000000000000000000000
#
It:2:Diff:64:PSOStep:6:Time:1.410245893:s:AutomataStep:6:Transition:01110111011101110110111111111111101110100111111110110101101111111011111010110110111110100011110110111111111110011100101110111101111110110101110110111111011101011111011001011111111111010111001011111001100000111111101111111111111001111001111111111111101101110111101111111111101011001111111111010111010100111111110111111100111111111111111111011110110101111111101111110111111101111101111111101011011100110110011011111011111101001101001111011011011111111011011011111110111111111111101011101011101111111011111111010111
000000000000000000000
000000000000000000000
000000000000000000000
000000000000000000000
000011111110000000000
000001111111000000000
000000011111100000000
000000011111110000000
000011101111111000000
000000110111110100000
000001111111111110000
000000011111111100000
000011011110111000000
000001011111110000000
000001011111100000000
000001111111000000000
000011111110000000000
000000000000000000000
000000000000000000000
000000000000000000000
000000000000000000000
#
It:4:Diff:57:PSOStep:5:Time:1.683498386:s:AutomataStep:5:Transition:01111011111110111111111111111111111111010110111111011111101000110111111110110011111111001110110111111110110010011110111111111101110110010101111110111110111101110110111101111101101011010110000111111101101100011110111111100111111100101101101111111110001001101111101100111111001111111111111111111101110100111110110001111110101110111111111011011110110111111111111111011111111101111111101101011011101111110111111111111111111111011100000011101111111111111111100101011111111100101011011111111111111110011111111111111101
000000000000000000000
000000000000000000000
000000000000000000000
000000000000000000000
000000000000000000000
000001111111111100000
000001111111111100000
000000011111111100000
000000011111111100000
000000011111111100000
000001111101111100000
000000111111111100000
000000011101011100000
000000001110011100000
000000000111110100000
000000000011011100000
000000000000000000000
000000000000000000000
000000000000000000000
000000000000000000000
000000000000000000000
#
It:5:Diff:54:PSOStep:4:Time:1.87396038:s:AutomataStep:4:Transition:01111011111110111111111111111110111111111110110111111111110101011110111110110101010111111111101111110111001111011110111111111111111101111101111011001111011110111111111111111111111111100101010110111111111110011111111110111111110111110011010110111111100111111111111110111011111111111011001111111101111110111111110011111000110101111111110111101111011010111101111111111111111111110111111111010111111101010101011111111111011001101110011100111011111100101111100101111111111111111110111111111111111111111111111111110111
000000000000000000000
000000000000000000000
000000000000000000000
000000000000000000000
000000000000000000000
000000000000000000000
000000111111111000000
000000111111111000000
000000011111111000000
000000011111111000000
000000011111111000000
000000011111111000000
000000011111111000000
000000111110101000000
000000111111111000000
000000000000000000000
000000000000000000000
000000000000000000000
000000000000000000000
000000000000000000000
000000000000000000000
#
It:9:Diff:53:PSOStep:4:Time:2.419883677:s:AutomataStep:4:Transition:01111011111110110111101111111110111111111110110111101011110001011110111111110111010111111111101111111111010111010110111111111111110111111100111111001111010111011111110111110111111111100100010110111011110110001111111100111111000111111011110110111111100111111111111101111111111111111011001110111101111110011111111111111110110111111111110010101111010011111101111111001111110011010111101111010111111101110101011111111111111001101100101100101110111111101111100100110011101111010111111111111111111111111111111111100111
000000000000000000000
000000000000000000000
000000000000000000000
000000000000000000000
000000000000000000000
000000000000000000000
000000111111111000000
000000111111111000000
000000111111111000000
000000111111011000000
000000111111111000000
000000111111111000000
000000111111111000000
000000100111011000000
000000111111111000000
000000000000000000000
000000000000000000000
000000000000000000000
000000000000000000000
000000000000000000000
000000000000000000000
#
It:10:Diff:53:PSOStep:7:Time:2.583563778:s:AutomataStep:7:Transition:01010011111101110011101111111110111011101110111101101011110001110110110111111101110001111110101111111001000011010110111111111111110110111100101011011111010111001111110011010101111111010010001110101001110110001011111100111111100111110011110000111111100101110111110101101111011111111010001100111111111110011111110111111010110111110110110010101111110011111101110111101101110001010010101111010111110001110000011101111110101001101100001101111010011001001111000100110011001111010111111111111011110111110111111111100111
000000000000000000000
000000000000000000000
000000000000000000000
000100000000000000000
000110100000000000000
000110101111000000000
000111111010100000000
000111111011101000000
000110101111001100000
000110101111110110000
000101100111111011000
000010001111111110000
000001111011011100000
000000101100111000000
000000011001110000000
000000001101100000000
000000000101000000000
000000000010000000000
000000000000000000000
000000000000000000000
000000000000000000000
#
It:11:Diff:53:PSOStep:7:Time:2.719817352:s:AutomataStep:7:Transition:01110011111001111111111011111111111011111111110111111111110101010111111110110001110011111111111111110111101110111111110111111111111111111110101111111111111101011111111111111101111011001011111111110101111011101100111101111101111110110111111101111111101111110111110111111111011111111011111111111111111101001111111111111111110100111110111111110111001110111111111111111001111111110011111111111111110101101110101111111111111111111111111111111111111101111111100100111111111110111100111111111011110101110110110111101111
000000000000000000000
000000000000000000000
000000000000000000000
000111111110000000000
000111111111000000000
000011101111100000000
000111101111110000000
000010010111111000000
000110111111111100000
000111111101111110000
000111110110111111000
000011011111111110000
000001111111111100000
000000110111111000000
000000011011110000000
000000001111100000000
000000000111000000000
000000000010000000000
000000000000000000000
000000000000000000000
000000000000000000000
#
It:12:Diff:51:PSOStep:7:Time:2.851336092:s:AutomataStep:7:Transition:01110010111101111111111011111111111010110111110110111111111111010111101110110000110001110101111011110111101111111111110111101111111111111010111111110010111111011111111101111101101011011011111111110111111010111101011101011101111010110111101111111101101111110111110110111011111111111011011111111011111110100011111111111011110100111111111111010111001111101011111011110000101110101011010110111111110100111110101111111101111111111111111111111101111101111101101100111111111000111100111111111111101100111001111011101001
000000000000000000000
000000000000000000000
000000000000000000000
000110101010000000000
000111110101000000000
000011101011100000000
000110101101110000000
000010111111111000000
000111111010011100000
000111011111111110000
000110011011111111000
000011111101110110000
000001101110001100000
000000110101111000000
000000011010110000000
000000001111100000000
000000000111000000000
000000000010000000000
000000000000000000000
000000000000000000000
000000000000000000000
#
It:14:Diff:50:PSOStep:7:Time:3.114594043:s:AutomataStep:7:Transition:01110011111001111111110010111011111010110111110110111111111111010111101110110000110011110101011111110111101011101111110111101011111111110110111111110011111101011111111101111101111011011011111111110101111011110111011101111101111010110110101101001101101111100110010110111011111111111011111111111011101110100111101111111111101100111110111111010111001111101011111111110001101110110011010110111111110100111110101111111101111111111011111111111101111101111101101100011101111000111100111111111011100110111001111111111001
000000000000000000000
000000000000000000000
000000000000000000000
000111111110000000000
000111111111000000000
000011111111100000000
000111111111110000000
000011111111111000000
000111101111111100000
000111111111111110000
000111110100101111000
000011111111111110000
000001111111101100000
000000111111111000000
000000011110110000000
000000001111100000000
000000000111000000000
000000000010000000000
000000000000000000000
000000000000000000000
000000000000000000000
#
It:16:Diff:47:PSOStep:7:Time:3.375823946:s:AutomataStep:7:Transition:01110110111101111111111000111111111010110111110110111110111101010011101110111000100000110101011110110111101000101111111101111011111111010110111110110011111001011101111101111101111111011011111101111111111011110101011101111001111010110110101101101101001111110111010110101011001111110010110111111011101110100111111111111111101100111101111111010111001111101111011111110000011110110011010111111110110111111110101111111101111111111011111111011111111101111101100100011101111000111100111111111011100100000001111111110001
000000000000000000000
000000000000000000000
000000000000000000000
000110101110000000000
000110111101000000000
000011110111100000000
000111110111110000000
000011110111111000000
000100111001111100000
000011111010011110000
000111001111011111000
000011111111101110000
000001111111011100000
000000111110111000000
000000011110110000000
000000001111100000000
000000000111000000000
000000000010000000000
000000000000000000000
000000000000000000000
000000000000000000000
#
It:22:Diff:46:PSOStep:7:Time:4.25959932:s:AutomataStep:7:Transition:01110010011011111111111000011011111010110111110100111110110101010011001111111010100100110101011111111111001000101111110111101011111111010100011111110011111001011111111101111111110111011011111101110101111011110101001001110101111010110110111101101101011111110110011110100011101101110001010111100011111110100110101111111111100100111100110011010111011111111111011111111000000101110111010111111110110110110101110111111001111111011011111011111111111101110100101100011101111000111110110111111011000010000001110111111001
000000000000000000000
000000000000000000000
000000000000000000000
000110101010000000000
000001010011000000000
000010011111100000000
000011011111110000000
000011010011111000000
000010010011111100000
000011111111111110000
000011011011111111000
000011111110100010000
000001110111101100000
000000110110101000000
000000010111010000000
000000000010100000000
000000000011000000000
000000000010000000000
000000000000000000000
000000000000000000000
000000000000000000000
#
It:26:Diff:41:PSOStep:7:Time:4.855530025:s:AutomataStep:7:Transition:01110010011011111110110000011111111010110111110100111110111101010101011111011010100010111111011111111111011100101111110101101011111111010101011111110010111001011111111101111101110111011011111101110101111001111111001001011001111010110110111101101001001111110110011110101011100111110011111111100011111110100010111101111011100100111110101111010101001111111111011111110010001101110111010011111010100100110100100111111001101111011110111011111101110101111100101100111101111100111110110111111011000010101101111111111001
000000000000000000000
000000000000000000000
000000000000000000000
000110101010000000000
000001010011000000000
000010011111100000000
000011011111110000000
000011011100111000000
000011111001111100000
000010111111111110000
000011111111111111000
000011111101110110000
000001111111111100000
000000111110011000000
000000011110110000000
000000001111100000000
000000000111000000000
000000000010000000000
000000000000000000000
000000000000000000000
000000000000000000000
#
It:51:Diff:31:PSOStep:7:Time:8.305722195:s:AutomataStep:7:Transition:00110011111011101011111111111110101010111111110110111111110101010000011110111010001101100111011010111011101000111111111100101111111111110100011111111010110000011111111110110111110111011011111111010111111000110111111101101001111110110110111111101001001111110111010111111111110111011011011111101111111011111011111101111011110100111101111111010100101111101010111111110010011101010111010111111110110100110110110111111101110111110011111011011111110111011110100000111100111000111110010111111011010100101001100111111001
000000000000000000000
000000000000000000000
000000000000000000000
000000000010000000000
000000000111000000000
000000001011100000000
000000011011110000000
000000110111111000000
000001111100111100000
000010001100111110000
000110111110101011000
000011111100101110000
000001111100111100000
000000111111111000000
000000011110110000000
000000001111100000000
000000000111000000000
000000000010000000000
000000000000000000000
000000000000000000000
000000000000000000000
#
It:54:Diff:26:PSOStep:7:Time:8.738475316:s:AutomataStep:7:Transition:00110011111011111111111101111110101011111111100100111111110001010101011100111100001001110111110010111111111000101111110101001111111111111001011011010011110001011011011111110100110111011011111110010111111010111111111001010001111010110110101011101001001111100111011101111111100111111011011101101011111111001111111101111011100100111101010111000100001011111010111111110010011101110111010111111010110100100110100111111101111111011010111001010111111101011110100100111100111001011110110101011011010000101001110111111101
000000000000000000000
000000000000000000000
000000000000000000000
000000000010000000000
000000000111000000000
000000001011100000000
000000011101110000000
000000101011111000000
000001110010011100000
000010111110011110000
000110010010110011000
000011111101111110000
000001111100101100000
000000111110011000000
000000011110110000000
000000001111100000000
000000000111000000000
000000000010000000000
000000000000000000000
000000000000000000000
000000000000000000000
#
It:67:Diff:23:PSOStep:7:Time:10.591413905:s:AutomataStep:7:Transition:00110011111010111111111001111111111011110111110100111110111100010000011011111000111101110101011011111111001100111011111110101111101111101101011111110111110001011111111101110011111111011011111110110110111001111101001101011101111011111011111101101011011111100110010110111111111111110011111111110011101111101011110111111110110101110111101111011000001111111111011111111000011110111111011111111100101111100110111101111011100011011111011101110101110101111100111100111100111111111110110101111011000100111001110111101101
000000000000000000000
000000000000000000000
000000000000000000000
000000000010000000000
000000000111000000000
000000001011100000000
000000011111110000000
000000101111111000000
000001110101011100000
000010010010111110000
000110111011000111000
000011111001110110000
000001110111111100000
000000111111011000000
000000011111110000000
000000001111100000000
000000000111000000000
000000000010000000000
000000000000000000000
000000000000000000000
000000000000000000000
#
It:68:Diff:21:PSOStep:7:Time:10.726709555:s:AutomataStep:7:Transition:00110000111011111111110011001111111010110111110110011110111001010101101011110100111101110101011011111111001100111111111100101011101111010110011111110011111010011111111101111111101111011111111100111110111101111101001111101111101111111011111101111011111111100101011110111111011110110010111111100011101111111001111111101111111111110111111011011011001111111011011111111001001010011111011111111111111111110110111111101001110011111011111111111101110101111101111110111100111110111111111111111011000110111010110101101101
000000000000000000000
000000000000000000000
000000000000000000000
000000000010000000000
000000000111000000000
000000001011100000000
000000001111110000000
000000000010111000000
000001111111011100000
000010111111111110000
000110011101011111000
000011010011110110000
000001100011001100000
000000111111111000000
000000011111110000000
000000001111100000000
000000000111000000000
000000000010000000000
000000000000000000000
000000000000000000000
000000000000000000000
#
It:73:Diff:20:PSOStep:7:Time:11.379437924:s:AutomataStep:7:Transition:00110000111011011111111111111011100010100111110111011110110001010101111001110110100111111101111011111111011111111111111100101111110111000101011111110010011011011111111100011110101111011111111101111111111111111101101111101100101011110011111101001010011111110111011110111111111110110010111111101011111111010101110111101111111110100111111011011000001111111110011111111011001110000111011011111111101101101100010101110111100011011011111011101101100101100111111100111110111110111111100111111011011000111001111101111101
000000000000000000000
000000000000000000000
000000000000000000000
000000000010000000000
000000000111000000000
000000001011100000000
000000011111110000000
000000100111111000000
000001111110111100000
000010011111111110000
000110101111111111000
000011111111110110000
000001110111011100000
000000111111011000000
000000011101110000000
000000001111100000000
000000000111000000000
000000000010000000000
000000000000000000000
000000000000000000000
000000000000000000000
#
It:86:Diff:17:PSOStep:7:Time:12.913792046:s:AutomataStep:7:Transition:00110001111101011111010111101011101011110111110111110110110101010111110011110110110111111111111011110111110111111110111110101111100111000101011111110111011010111111111110110111111011011111111101111101111111111101101111111100111111111111111101101011010111110101011110110110111011110101111111111011111111110101110111111111101111111111111011011101001111111110011111111011011010101111011011111111101111111100111011111111100011011110111011111111100101110111111100111111111110011111111111111011011000111010110011111101
000000000000000000000
000000000000000000000
000000000000000000000
000000000010000000000
000000000111000000000
000000001011100000000
000000010111110000000
000000101111111000000
000001011111111100000
000010111111111110000
000111011111011111000
000011101110101110000
000001110111011100000
000000111010111000000
000000011111110000000
000000001111100000000
000000000111000000000
000000000010000000000
000000000000000000000
000000000000000000000
000000000000000000000
#
It:89:Diff:16:PSOStep:7:Time:13.307579779:s:AutomataStep:7:Transition:00110100111101111111111011101011111011110011110111111110111001110100110101110110100111111101111011111111001111111111111110101111101111010111011111110111011010111111111111111011111010011011111101110101111111111101100111111101101111111111111101101011010111110101010110110111111110111110111111111011111111111111111111101111111111001111101011011110001111111111011111111001011110011111011011111111101110111111111101110011101011111010111011111111110110110111111110111110111110011111110111111011010100110010110111111111
000000000000000000000
000000000000000000000
000000000000000000000
000000000010000000000
000000000111000000000
000000001111100000000
000000011111110000000
000000111111111000000
000001111111111100000
000011111111111110000
000111011111111111000
000011111111111110000
000001110111111100000
000000111111111000000
000000011101110000000
000000001111100000000
000000000111000000000
000000000010000000000
000000000000000000000
000000000000000000000
000000000000000000000
#
It:101:Diff:14:PSOStep:7:Time:14.89964068:s:AutomataStep:7:Transition:00110101111111101111111011101011111011110011111111111110110001010100111101110110100111111101111011101111001111111111111110101111101110010111011111110110011010111111111111111011111110011011111101110101111011111001100111111100101111111111111001101011111111110110010110111111111110111111111111011011111111110111111111101111111111001111101111011110000111101111011111111001011110000111011011111111101110111110111101111011101011111010111011111111110110110111111100111110111110011111110111110011010100110010110111111111
000000000000000000000
000000000000000000000
000000000000000000000
000000000010000000000
000000000111000000000
000000001111100000000
000000011101110000000
000000111011111000000
000001111111111100000
000011111111111110000
000111011101111111000
000011111011111110000
000001110111111100000
000000111111111000000
000000011101110000000
000000001111100000000
000000000111000000000
000000000010000000000
000000000000000000000
000000000000000000000
000000000000000000000
#
It:103:Diff:14:PSOStep:7:Time:15.149291964:s:AutomataStep:7:Transition:00110010111101011111111011100111111000110011111111111111110101010010111011110110110111111111111011111011100101111011111001001111101111011100011111110111111010011111111111111111111010011111111111110100111111010001101111101100101111111111100101101011111111110101111110111111111110111011111111110011101111110111111111111111011111101111101111011111000111111111001111111011000111110111011011111111101110111100111101100111111011011100111011111111110111110110111110111111111111111011110111111011000110110011111111111111
000000000000000000000
000000000000000000000
000000000000000000000
000000000010000000000
000000000111000000000
000000001111100000000
000000011111110000000
000000111111111000000
000001111111111100000
000011111111111110000
000111011111111111000
000010111111111110000
000001110111111100000
000000101011111000000
000000011101110000000
000000001011100000000
000000000111000000000
000000000010000000000
000000000000000000000
000000000000000000000
000000000000000000000
#
It:109:Diff:13:PSOStep:7:Time:15.889899102:s:AutomataStep:7:Transition:00110000111101011111011011100010111000100010111111111101110001000010011001110111010110100110101011101011100101111110110001001111101111001101011111010110111011011111111111111011111011111111111111110101111111100001101111111100001111111111100101001010111110110011111110111111011010111011111111111011101111110111101111111001011111111101101111001111010111101101001111011011000111110111011010111010101110001010111101100111111010110100111011100111110101100110101010111111111111111001111011111011000100111011101111111101
000000000000000000000
000000000000000000000
000000000000000000000
000000000010000000000
000000000111000000000
000000001011100000000
000000010111110000000
000000101111111000000
000001111110111100000
000010110111101110000
000111011001010111000
000010110011001110000
000001110111011100000
000000101111111000000
000000010111110000000
000000001011100000000
000000000111000000000
000000000010000000000
000000000000000000000
000000000000000000000
000000000000000000000
#
It:122:Diff:13:PSOStep:7:Time:17.433265008:s:AutomataStep:7:Transition:00110000111101001111011001100010111000100010111110110100110101000010011001110111110100100110100011101011100101101010110001001111101110001101011111010110111011011111111111111011111011111111111101110101111111100001101111111100001111101111110101000011111110110011111110111111011010111011111111010011111110000111101111111011011111101101101001001111001111111101001111111011000111110111011010111011101110101010110101100101111010110100111011000111110101100110101010111111111111011000110001011011010100111001101111111111
000000000000000000000
000000000000000000000
000000000000000000000
000000000010000000000
000000000111000000000
000000001011100000000
000000010111110000000
000000101101111000000
000001011111111100000
000010111101101110000
000111111111110111000
000010011111101110000
000001111111011100000
000000101111111000000
000000011101110000000
000000001011100000000
000000000111000000000
000000000010000000000
000000000000000000000
000000000000000000000
000000000000000000000
#
It:142:Diff:11:PSOStep:7:Time:19.767569522:s:AutomataStep:7:Transition:00110000111101001111111001101010111010110011111110111110110101000100111001110110110110101111110011101111100101111111111001101101101110001100011110110110111011011111111111111001111011111111111101110101111111110001101111111100101111101111111101100011111111110111111110111111011010111011111111011011111111100111111111111011011111101111100011011111001111101101011111101011001111110111011010111011101110100110110101110111111011111100111011110111110101110110111110111111111111011110110001111011010100110001111111111111
000000000000000000000
000000000000000000000
000000000000000000000
000000000010000000000
000000000111000000000
000000001011100000000
000000011101110000000
000000101011111000000
000001111101011100000
000010101111111110000
000111011111110111000
000011111011101110000
000001110110011100000
000000111100111000000
000000011101110000000
000000001111100000000
000000000111000000000
000000000010000000000
000000000000000000000
000000000000000000000
000000000000000000000
#
It:197:Diff:10:PSOStep:7:Time:26.560868692:s:AutomataStep:7:Transition:00110010111110111111011011101110111010110011111110110110110001010110110001110110110110101101110011101011100101111111101001101101101110000101011110010110111011011111111111110001111110111111011101110101101110000001100111111100011111101111111101101111011110110111111110111111011010111001111111010011111111000111100111111101011111001100100111011111001111101010101111101011001111110111011011011110101110110010110101101101111011110100111011110111110101110110101010111111111111011110110001111011010100110001111111111111
000000000000000000000
000000000000000000000
000000000000000000000
000000000010000000000
000000000111000000000
000000001011100000000
000000011101110000000
000000101011111000000
000001111101011100000
000010101111111110000
000111011101110111000
000011111011101110000
000001110101011100000
000000111100111000000
000000011101110000000
000000001111100000000
000000000111000000000
000000000010000000000
000000000000000000000
000000000000000000000
000000000000000000000
#
It:264:Diff:9:PSOStep:7:Time:35.057345266:s:AutomataStep:7:Transition:00110001111110001111010001101011111011110011111111111100111111000101110101101110110111101111010011101111100111111111100001101101101110110101111111111110111011011111111100110101111010111111111101110101111111001001110111111100011111101111111101001111111111110111111110111111111111111011111111111111111111010111111111111111111111111101110011011111001110101111111111111011011111110111011010011110101110111111111011111111111011111110111101100111111111110101111110111111111111011110100001111111110100110000111111111111
000000000000000000000
000000000000000000000
000000000000000000000
000000000010000000000
000000000111000000000
000000001011100000000
000000011111110000000
000000101110111000000
000001111101111100000
000010111011101110000
000111011101110111000
000011111011101110000
000001110111011100000
000000111110111000000
000000011101110000000
000000001111100000000
000000000111000000000
000000000010000000000
000000000000000000000
000000000000000000000
000000000000000000000
#
It:277:Diff:8:PSOStep:7:Time:36.649639399:s:AutomataStep:7:Transition:00110001111101011111011001101010111000110010111111110100110101000001011101111110110111101110110011101111100101101111110001101111101110000100011111011110111011011111111111110011111110111111111101110101111111101101100111111100011111101111111101001111111111110111111110111111111110111011111111010011101111100111111111111001111111001110110011011111001111001111001110111011001111110111011010111011101110101110111101110111111011111100111111010111111101110110101110111111111111011100110001111111110100110001111111111111
000000000000000000000
000000000000000000000
000000000000000000000
000000000010000000000
000000000111000000000
000000001011100000000
000000011101110000000
000000101011111000000
000001111101011100000
000010101110111110000
000111011101010111000
000011111011101110000
000001110111011100000
000000111110111000000
000000011101110000000
000000001111100000000
000000000111000000000
000000000010000000000
000000000000000000000
000000000000000000000
000000000000000000000
#
It:287:Diff:8:PSOStep:7:Time:37.983788412:s:AutomataStep:7:Transition:00110001111101111111011011101010111011101111111111110010110101010110111100111110100010101111011011111011101111110110111101001100101110001000011101111010111011011111111111110011111011111111111111110101111111010101010111111101101111101111101111111111111111110111111111111111011101110011101111010011111111010111111111111001111111011101111011101100101111101111111111110011010111110111011011111110110110101110011101110101111011111111111111010111111111110111101110101110111011011011110001011011011110111101111111111101
000000000000000000000
000000000000000000000
000000000000000000000
000000000010000000000
000000000111000000000
000000001011100000000
000000011101110000000
000000101011111000000
000001111111111100000
000010101100011110000
000111011111110111000
000010111111101110000
000001110111011100000
000000101110111000000
000000011101110000000
000000001011100000000
000000000111000000000
000000000010000000000
000000000000000000000
000000000000000000000
000000000000000000000
#
It:316:Diff:4:PSOStep:7:Time:41.581201543:s:AutomataStep:7:Transition:00110011111101111111011011101010111011101011111011110110110001010110111101100111110110101111011011111111101101111111111001001101101110001101011111110110111011011111111111111011111011111111111111110101111111110101011111111100101111101111111111111111111111110111111110111111111110111011111111010011111111100111111111111111111111101111101011101111101111101111111111111011001111110111011010111011101110101110111101110101111011111111111011010111110111110110111110111111111111011010110001111011011100111001111111111111
000000000000000000000
000000000000000000000
000000000000000000000
000000000010000000000
000000000111000000000
000000001011100000000
000000011101110000000
000000101011111000000
000001110111011100000
000010101110111110000
000111011101110111000
000010111011101110000
000001110111011100000
000000101110111000000
000000011101110000000
000000001011100000000
000000000111000000000
000000000010000000000
000000000000000000000
000000000000000000000
000000000000000000000
#
It:325:Diff:4:PSOStep:7:Time:42.649417813:s:AutomataStep:7:Transition:00110011111101001111111011101010111011101011111011111110110001010110111101100111110110101111010011111111101101111111110001001111101110001101011111010110111011011111111111110011111011111111011101110100111111110001011111111100101111101111101101100011111111110111111110111111111110111011111111110011111011100111111111111111111111101111111011111111001111101111111111111011000111100111011010111111101110101110111101110101111011111111111011000111110111110110111110111111111111011010110001011011110100111001111111111111
000000000000000000000
000000000000000000000
000000000000000000000
000000000010000000000
000000000111000000000
000000001011100000000
000000011101110000000
000000101011111000000
000001110111011100000
000010101110111110000
000111011101110111000
000010111011101110000
000001110111011100000
000000101110111000000
000000011101110000000
000000001011100000000
000000000111000000000
000000000010000000000
000000000000000000000
000000000000000000000
000000000000000000000
#
It:370:Diff:4:PSOStep:7:Time:48.265935435:s:AutomataStep:7:Transition:00110011111101101111110011101010111011110011111111111110110001000011111100101110110100101111010011101111101111111111111101101101101110011101011111110110101011111111111111110011111010111111111101110101110011110101010111011100101111101111101101100011111111110110111110111111011110110011111111111011111111100111110111111010111111101111101011001111001111101001111111111011000111110111011001011110101110101100111101111001111011111101111111010111110111111100111100111110111111011011110011011011111100111001111111111111
000000000000000000000
000000000000000000000
000000000000000000000
000000000010000000000
000000000111000000000
000000001011100000000
000000011101110000000
000000101011111000000
000001110111011100000
000010101110111110000
000111011101110111000
000010111011101110000
000001110111011100000
000000101110111000000
000000011101110000000
000000001011100000000
000000000111000000000
000000000010000000000
000000000000000000000
000000000000000000000
000000000000000000000
#
It:380:Diff:3:PSOStep:7:Time:49.470178521:s:AutomataStep:7:Transition:00110011111101101111110011101010111011110011111111100110110001000011111100110100010101001111010011101111101111111111111101101101101110011100011111110110101011111101111111110011101010111111111101110101110111110001000111011100011111101111101101100011111111110101111110111111111110110111111111111011100111110111110111111011111111101101100111001111001111101101011011111011001111110111011001011110101110111110110101111011111011111101101111010111110101111101111110111111111110011001110011011011110100111001111101111111
000000000000000000000
000000000000000000000
000000000000000000000
000000000010000000000
000000000111000000000
000000001011100000000
000000011101110000000
000000101011111000000
000001111111011100000
000010111010111110000
000111011101110111000
000010111011101110000
000001110111011100000
000000101110111000000
000000011101110000000
000000001011100000000
000000000111000000000
000000000010000000000
000000000000000000000
000000000000000000000
000000000000000000000
#
It:431:Diff:3:PSOStep:7:Time:55.756063504:s:AutomataStep:7:Transition:00110011111101101111011001101010111011101010111110111110110001010111111001101111110100101111010011111111100101111111110101101101101110011100011111110110101011111111111111110111111011111111111101110101110111110101001111111100011111101111101101100011111110110111111110111111111110110011111111011011101111110111110111111011111111101101101011011111001110101101101111111011000111100111011011011110101110101110111101110101111011111111111111000111111111111111111110111110111110010010110001011011100100110001111111111111
000000000000000000000
000000000000000000000
000000000000000000000
000000000010000000000
000000000111000000000
000000001011100000000
000000011101110000000
000000101011111000000
000001111111011100000
000010111010111110000
000111011101110111000
000010111011101110000
000001110111011100000
000000101110111000000
000000011101110000000
000000001011100000000
000000000111000000000
000000000010000000000
000000000000000000000
000000000000000000000
000000000000000000000
#
It:437:Diff:3:PSOStep:7:Time:56.494177353:s:AutomataStep:7:Transition:00110011111101111111011011101010111011100110111010110100110001010111111001101111110100101111010011111111100101111111110101101101101110011000011110110110101011011111111111110011111111111111011101110111110111010101001111111110001111101111101101100011111110110111111110111111011110110011111111010011111111110111110111111001111111001100101011111111001110101001001111111011010111100111011010011110101110101100011100110101111011111111111111010111110111111111111110111110111110010010110001011011110100110001111111111011
000000000000000000000
000000000000000000000
000000000000000000000
000000000010000000000
000000000111000000000
000000001011100000000
000000011101110000000
000000101011111000000
000001111111111100000
000010111111101110000
000111011101110111000
000010111011101110000
000001110111011100000
000000101110111000000
000000011101110000000
000000001011100000000
000000000111000000000
000000000010000000000
000000000000000000000
000000000000000000000
000000000000000000000
#
It:490:Diff:2:PSOStep:7:Time:63.188894157:s:AutomataStep:7:Transition:00110011111101111111010001101010111011101110111010110100110101010111111000100110100100101111010011101111100101111111110101101101101110011000011110110110101010011111111111110011111111111111011101110111111111111101001111111100001111101111111101100011011110110111011110111111111010110011101111010011101111110111110111111011101111001100111011011111001111101001011111111011000101100111011010010110101110101100111000110101111011111111111111010111110111111111110110111110111010010010100001011011100100110001111101111011
000000000000000000000
000000000000000000000
000000000000000000000
000000000010000000000
000000000111000000000
000000001011100000000
000000011111110000000
000000101000111000000
000001111111011100000
000010111110101110000
000111011101110111000
000010111011101110000
000001110111011100000
000000101110111000000
000000011101110000000
000000001011100000000
000000000111000000000
000000000010000000000
000000000000000000000
000000000000000000000
000000000000000000000
end
