PSO TRACE
INIT:../../instances/fazia/init.csv
REF:../../instances/fazia/asvn4.csv
DecodingPolicy:Nibble
MutationPolicy:Std
ParticleNeighborhood:Fixed
ParticleDims:146
ParticleCount:100
AccP:2.0
AccG:2.0
AccL:1.5
AccI:2.3
Pos:0.0-3.0
Inertia:0.9-0.6
VeloMax:2.0
MaxPSOIteration:500
InertiaDecrFactor:6.000000000000001E-4
INIT
000000000000000000000
000000000000000000000
000000000000000000000
000000000000000000000
000000000000000000000
000000000000000000000
000000000000000000000
000000000000000000000
000000000000000000000
000000000000000000000
000000000010000000000
000000000000000000000
000000000000000000000
000000000000000000000
000000000000000000000
000000000000000000000
000000000000000000000
000000000000000000000
000000000000000000000
000000000000000000000
000000000000000000000
REF
000000000000000000000
000000000000000000000
000000000000000000000
000000000010000000000
000000000111000000000
000000001011100000000
000000011011110000000
000000101111111000000
000001100001111100000
000010110010101110000
000110111101110111000
000010110111111010000
000001111111111100000
000000101110101000000
000000011111110000000
000000001010100000000
000000000111000000000
000000000010000000000
000000000000000000000
000000000000000000000
000000000000000000000
Nibble Decoder
0 :1,2,3,4,
1 :0,2,3,4,
2 :0,1,3,4,
3 :0,1,2,4,
4 :0,1,2,3,
5 :6,7,8,9,
6 :5,7,8,9,
7 :5,6,8,9,
8 :5,6,7,9,
9 :5,6,7,8,
10 :11,12,13,14,
11 :10,12,13,14,
12 :10,11,13,14,
13 :10,11,12,14,
14 :10,11,12,13,
15 :16,17,18,19,
16 :15,17,18,19,
17 :15,16,18,19,
18 :15,16,17,19,
19 :15,16,17,18,
20 :21,22,23,24,
21 :20,22,23,24,
22 :20,21,23,24,
23 :20,21,22,24,
24 :20,21,22,23,
25 :26,27,28,29,
26 :25,27,28,29,
27 :25,26,28,29,
28 :25,26,27,29,
29 :25,26,27,28,
30 :31,32,33,34,
31 :30,32,33,34,
32 :30,31,33,34,
33 :30,31,32,34,
34 :30,31,32,33,
35 :36,37,38,39,
36 :35,37,38,39,
37 :35,36,38,39,
38 :35,36,37,39,
39 :35,36,37,38,
40 :41,42,43,44,
41 :40,42,43,44,
42 :40,41,43,44,
43 :40,41,42,44,
44 :40,41,42,43,
45 :46,47,48,49,
46 :45,47,48,49,
47 :45,46,48,49,
48 :45,46,47,49,
49 :45,46,47,48,
50 :51,52,53,54,
51 :50,52,53,54,
52 :50,51,53,54,
53 :50,51,52,54,
54 :50,51,52,53,
55 :56,57,58,59,
56 :55,57,58,59,
57 :55,56,58,59,
58 :55,56,57,59,
59 :55,56,57,58,
60 :61,62,63,64,
61 :60,62,63,64,
62 :60,61,63,64,
63 :60,61,62,64,
64 :60,61,62,63,
65 :66,67,68,69,
66 :65,67,68,69,
67 :65,66,68,69,
68 :65,66,67,69,
69 :65,66,67,68,
70 :71,72,73,74,
71 :70,72,73,74,
72 :70,71,73,74,
73 :70,71,72,74,
74 :70,71,72,73,
75 :76,77,78,79,
76 :75,77,78,79,
77 :75,76,78,79,
78 :75,76,77,79,
79 :75,76,77,78,
80 :81,82,83,84,
81 :80,82,83,84,
82 :80,81,83,84,
83 :80,81,82,84,
84 :80,81,82,83,
85 :86,87,88,89,
86 :85,87,88,89,
87 :85,86,88,89,
88 :85,86,87,89,
89 :85,86,87,88,
90 :91,92,93,94,
91 :90,92,93,94,
92 :90,91,93,94,
93 :90,91,92,94,
94 :90,91,92,93,
95 :96,97,98,99,
96 :95,97,98,99,
97 :95,96,98,99,
98 :95,96,97,99,
99 :95,96,97,98,
#
It:0:Diff:77:PSOStep:4:Time:0.462517382:s:AutomataStep:4:Transition:01001100110001101110101001001100001010000110001010000010101000100100110001101000010000100110010011100010001010101010011010000110000000101000110011001000101001101100010001000100001011101100000010000100101011000010100001101010100000101100000001100110101010101100110011001010000000000100000000000010000000101110100000001100100000000110011010000000011010100000111010100000101010000100010000001000100010001100101010100100111011101100110011001000100010101000100011000010000010000010100011001100000001100100101011100000
000000000000000000000
000000000000000000000
000000000000000000000
000000000000000000000
000000000000000000000
000000000000000000000
000000101010101000000
000000101110110000000
000000000001001000000
000000011100100000000
000000000001001000000
000000001100110000000
000000000001001000000
000000000011100000000
000000000000001000000
000000000000000000000
000000000000000000000
000000000000000000000
000000000000000000000
000000000000000000000
000000000000000000000
#
It:1:Diff:76:PSOStep:6:Time:0.852974945:s:AutomataStep:6:Transition:01000110001011101100111011000010111000000100111010101100010001100010110011001000111001000100111001000010001000100000001000001100010001101100000000101100100000100110110001000000001010100100110011000110100011001110110011101010000001000000101011101010100010001010111000000000100000100000101001000110111010100100101000101000000011101110110010101010100010101110111000001010001000100010100011100000111001100010110001100110101010101010101010000000110000000000100001101000110010101110110001101110110000000100111000101010
000000000000000000000
000000000000000000000
000000000000000000000
000000000000000000000
000010000000000000000
000001011000000000000
000001010110000000000
000001100001000000000
000001111001000000000
000001000011100000000
000001011000100000000
000000110001110000000
000000011101010000000
000000001110110100000
000000000011010100000
000000000000001000000
000000000000000010000
000000000000000000000
000000000000000000000
000000000000000000000
000000000000000000000
#
It:2:Diff:75:PSOStep:4:Time:0.988903417:s:AutomataStep:4:Transition:00101000100000101000001000000010100010000010101000100000110011100110010010000010111011001000100010000000001000101010111010000010100000101010001010000010100000101000110010000010111010001100100010001000001010000000000010001000101010000010001000101000010001101000000011100010111010001000100010101000001010001000011011101100100010000010100000101100110001100100111001000010101000100000000010001010001010001000100000100100001001001000100000100010001001000100111010001000100010000010001000101110100010001000000000100000
000000000000000000000
000000000000000000000
000000000000000000000
000000000000000000000
000000000000000000000
000000000000000000000
000000000000001000000
000000000001011000000
000000000011001000000
000000000000001000000
000000100010011000000
000000000100001000000
000000001110001000000
000000000100001000000
000000000011111000000
000000000000000000000
000000000000000000000
000000000000000000000
000000000000000000000
000000000000000000000
000000000000000000000
#
It:4:Diff:71:PSOStep:5:Time:1.12649611:s:AutomataStep:5:Transition:00001000111011001110000010101010101001100110100001100110100001100000101001101100011001101110000011100110101010100100100011101010111000000000111011101010100000101110100011001010101001100010000011101110101011100010111001100100010011101110001010000000110011000110011000001010010001101110111010101000110001101110001011101010111011100010001000001000101010101100001000101010101010101000010001100100011011100110110010001010101010000110111011001110101000101010010000001110011001101010101011001010111011100000100010101000
000000000000000000000
000000000000000000000
000000000000000000000
000000000000000000000
000000000000000000000
000000000000000100000
000000000000011100000
000000000000001000000
000000000110000100000
000000000000101000000
000001001101010100000
000000111100111000000
000000011001010000000
000000001110100000000
000000000001000000000
000000000010000000000
000000000000000000000
000000000000000000000
000000000000000000000
000000000000000000000
000000000000000000000
#
It:6:Diff:69:PSOStep:5:Time:1.308531793:s:AutomataStep:5:Transition:01100000010010100000101011000110101010001110001001001000111011101000111000000010101001001010000000000000001001000010001000000000001011101110101000101100111010101100101000001110001011001000110010000010111001000000010000001110110000001010101001000000001000100000111010001110001011101100010011101010010001000010101011101010001000000000010000000010001011100000101011100010010011100010101011101010101011001010001000101010101011001010001010100100111011100010111010100010111010000010111010101010000000100000001001001010
000000000000000000000
000000000000000000000
000000000000000000000
000000000000000000000
000000000000000000000
000001100000000000000
000000010100000000000
000001101011100000000
000000010000010000000
000000000010001000000
000000011101010100000
000000000011110000000
000000101101000000000
000001101110000000000
000000010000000000000
000001000000000000000
000000000000000000000
000000000000000000000
000000000000000000000
000000000000000000000
000000000000000000000
#
It:11:Diff:65:PSOStep:7:Time:1.788873889:s:AutomataStep:7:Transition:00100000100000100000100011001010100010000000110011001010110001101010001000001010000000101000111000001100001011101110001000000110100011001010001010000100010000100000111000001110111001100110101000001110111000001010011000000000101000000010110000101010111000100000010000001000111000000110000000001000001000000110000010001100100000001100101010001000010011000000010011000010100000100110001010100010110010000110100000101010110010101000011000100000101011001000000010001010000011101110111011000100000010000000000000101000
000000000000000000000
000000000000000000000
000000000000000000000
000000000010000000000
000000000101000000000
000000000110100000000
000000010010010000000
000000001100101000000
000000010110010100000
000000110000000110000
000000000001100101000
000000100100100010000
000000010101101000000
000000010010001000000
000000011011110000000
000010000001100000000
000100011000000000000
000111011110000000000
000000000000000000000
000000000000000000000
000000000000000000000
#
It:13:Diff:64:PSOStep:7:Time:1.944874175:s:AutomataStep:7:Transition:00101010110000100000001011100010100000101000010010000010100011000010011000000110100000100000110010001000001011001000110001000000110000000110001011001000110000100100010010001000110010001100000000000000001010000100111011000010100010001100000011000010100011000000001000001010101010000000010010001010100010000100011011000000000000000000110000101100001010000000101010000100000010000000011000000010111001001100101000100010011011100000000000000010011000000010000000100000011010000010011010000000000000001110100000100010
000000000000000000000
000000000000000000000
000000000000000000000
000000000000000011000
000000000000010111000
000000000110100010000
000000001010100111000
000000010100010000000
000000100000100001000
000011010000000000000
000101111111101011000
000010100000010110000
000001011101110000000
000000101110000000000
000000010100110000000
000000001010000000000
000000000101000000000
000000000010000000000
000000000000000000000
000000000000000000000
000000000000000000000
#
It:14:Diff:57:PSOStep:7:Time:2.027767851:s:AutomataStep:7:Transition:00100010110000100000111001000110110011001110001000001100000001000100110011100000010000001100100010000000000000100100011011001010100011100000101000100000110010100110010000000000110000101100110011000010101000101000111000001110101011000100010000101100111001000000110011001010100010001010110000000010000011100010101010000110110011100100010001000100111000000000111010001000111010101000101011001110000001100000001011001010000011001100100001000110000000000000110011000100100010000100010000001100100011000110000000000010
000000000000000000000
000000000000000000000
000000000000000000000
000000000010000000000
000000000101000000000
000000000100100000000
000000010000010000000
000000101100101000000
000001100000000100000
000001101001110010000
000101000000000001000
000011110001011110000
000000100110101100000
000000011110011000000
000000000110010000000
000000000000100000000
000000000101000000000
000000000010000000000
000000000000000000000
000000000000000000000
000000000000000000000
#
It:59:Diff:50:PSOStep:7:Time:5.293564639:s:AutomataStep:7:Transition:00100110100001000110100001100100110011001000111000001100000010000100010010100010011000001100100011100000000001001100001001000000100010100000011010100000110001001010110011100000110001101100110010100110001000101010110001100000111001100000110001101100100011000110110011000000011000001010111000000000000001101010011000000110101010101000111001100010011011000000110000000110101001000110100011000010000011000110010010100100000000001110001000100100000001001110110011000000001011100110000000000010011010000110011000001000
000000000000000000000
000000000000000000000
000000000000000000000
000000000010000000000
000000000101000000000
000000000011100000000
000000010000110000000
000000001110101000000
000000011101101100000
000001000110101010000
000100100000000111000
000011001111000010000
000001011000001000000
000000110010100000000
000000011101100000000
000000001100100000000
000000000101000000000
000000000010000000000
000000000000000000000
000000000000000000000
000000000000000000000
#
It:67:Diff:49:PSOStep:7:Time:5.860623639:s:AutomataStep:7:Transition:00100110111011000000101011101000100000000110110000001000011010000000001000000010000000101000001000001100001010100010001011100000100001001100110000100110000011000000110001100100111011101100101011101000001010000010100011001000100010100010100000100100001011000000110011000010001010001000111001000010001001101000000001000000000011100110100010000110001011001000001010000100101000101000001010000100001010101110100011100010110000101000100000101100001010001000100001101000111010001000001010000010000011101100100000100010
000000000000000000000
000000000000000000000
000000000000000000000
000000000010000000000
000000000111000000000
000000001000000000000
000000010010100000000
000000100000101000000
000001100110110100000
000010000100000010000
000100110110000101000
000010000010101010000
000001011001111000000
000000111000101000000
000000000000100000000
000000001010100000000
000000000010000000000
000000000010000000000
000000000000000000000
000000000000000000000
000000000000000000000
#
It:85:Diff:41:PSOStep:7:Time:7.198363912:s:AutomataStep:7:Transition:00100010010010101110110001100000111001000000000001001110111001000110001011101000001010001110011011101110001000100110001010100000111001000110001010001100111011001100001011100010111001101000000010001010001011100010000000001010111010101010100001001000001010000000111000100010001000000110111011000000001011100110101010101110001010101100101010101000000010100000111010000000000000000100000011100110001011101000000000100000111011101110010000100010100000001100101011101110001010000100101000001100111011100000001000100010
000000000000000000000
000000000000000000000
000000000000000000000
000000000010000000000
000000000011000000000
000000001000100000000
000000001101110000000
000000101110101000000
000000101100110100000
000010010000101010000
000011111000000011000
000010010100011110000
000000010011010100000
000000101101011000000
000000001111110000000
000000001011100000000
000000000011000000000
000000000010000000000
000000000000000000000
000000000000000000000
000000000000000000000
#
It:113:Diff:39:PSOStep:7:Time:9.328328093:s:AutomataStep:7:Transition:00100010110010001000001010001110100010000100100010101000100011000100011011101000001010101000001001000010001000101010001011000100100010100100101010000010100000100100001000100010111010101110111010001000001010000110100010101000000010001100011010001000001010000000110001000010001001001100011000101100001010000000000001000010001001100010110001100000111001101000101000100100110001000100100000000000100011101110110000100000101010000000100000100010110010101010110010000100001010001100001011101010100011000110001000100110
000000000000000000000
000000000000000000000
000000000000000000000
000000000010000000000
000000000111000000000
000000001010100000000
000000011000110000000
000000001100111000000
000000100101001100000
000010010000101010000
000110101000010001000
000010010010100100000
000001111111010000000
000000100100101000000
000000011100010000000
000000001001000000000
000000000100000000000
000000000010000000000
000000000000000000000
000000000000000000000
000000000000000000000
#
It:136:Diff:38:PSOStep:7:Time:11.191948804:s:AutomataStep:7:Transition:00100110110000001000011011101010110011000100001011001100101001100100001001001100001000101100000000000010001011101100011000100100110010100010000011001110110000101010010001101010001011000110110011001100100011000010011010001100110001000000101001001110001010000100010010001010001011101010010000101100001011001100011011000010010000001000100011001100100011000010111011000110110011000010110010001100001011001000110000101110101011001100001010001110100010101010011011001110101011000110000011000000110001001100100000100010
000000000000000000000
000000000000000000000
000000000000000000000
000000000010000000000
000000000111000000000
000000001011100000000
000000000010110000000
000000001000001000000
000001110001111100000
000000110001001110000
000110000011010001000
000010111110101010000
000001111111001100000
000000110000011000000
000000011000110000000
000000001111100000000
000000000111000000000
000000000010000000000
000000000000000000000
000000000000000000000
000000000000000000000
#
It:257:Diff:37:PSOStep:7:Time:20.470127176:s:AutomataStep:7:Transition:00100010110000101100010001101100110011001010110010101100010010100100001011101100001000000100111000000100001000101110001010001000100010101110001010100110110000100100010011100010001010101000011011001100100011000010110010001110110000101000110010000110101000000100101010101000001011001010010010001010001011001100011011000110100000101010001010101100000001100010101001000110000010100010110010001100001011001000110000100100001011100110001000101010001000001100101011000000100011001100000010000000010001000110101000100010
000000000000000000000
000000000000000000000
000000000000000000000
000000000010000000000
000000000111000000000
000000000011100000000
000000001000110000000
000000011000101000000
000001000101111100000
000000010011011110000
000110011111110011000
000010010101101010000
000001001001001100000
000000100000001000000
000000010010110000000
000000001000100000000
000000000111000000000
000000000010000000000
000000000000000000000
000000000000000000000
000000000000000000000
#
It:321:Diff:32:PSOStep:7:Time:25.2327021:s:AutomataStep:7:Transition:00100010110000101100011010101100110011001000110011001100011001100000001001001100001001100000010000000100001000101110001010101000100001101110001000100010110000101110010000100010011010101010000011001100101011000010110001100100110000101010110011100110101001100110010001101000001011001000001011100110001011001100010011000000111011100100001011101100001000100010101010000100011010000010110010101100001011001010110000100110000001000100011001000010001000001100101010001010001011001100001001100000011000001110100000100010
000000000000000000000
000000000000000000000
000000000000000000000
000000000010000000000
000000000111000000000
000000001001100000000
000000011001110000000
000000101111111000000
000001010000101100000
000011000110001110000
000111010101110111000
000011110110000010000
000001110011010100000
000000100000110000000
000000010111010000000
000000001011000000000
000000000111000000000
000000000010000000000
000000000000000000000
000000000000000000000
000000000000000000000
#
It:416:Diff:31:PSOStep:7:Time:32.398835332:s:AutomataStep:7:Transition:00100010110000101100101010101100110011001100110011001100101011000110001000101100001001000010100000100010001000101010000010000010101010100000010001100100110000101010111000100000011010101100000011001100010011000110110001001100011000101010110011100010010001100000101010101110001011001010111011000010000011001100101011000110011010101000001001001000010000001100110001000010010010101010110000001100001011001000110000100000000011001100101001101100001000101100001010001000011011001000110000000010101001101110010000100010
000000000000000000000
000000000000000000000
000000000000000000000
000000000010000000000
000000000111000000000
000000001010100000000
000000011111010000000
000000100000001000000
000001100111111100000
000010000010101010000
000111111111111111000
000010111000001100000
000000010111111100000
000000101010101000000
000000011111110000000
000000001011000000000
000000000111000000000
000000000010000000000
000000000000000000000
000000000000000000000
000000000000000000000
end
