PSO TRACE
INIT:../../instances/fazia/init.csv
REF:../../instances/fazia/asvn4.csv
DecodingPolicy:Nibble
MutationPolicy:Std
ParticleNeighborhood:Fixed
ParticleDims:146
ParticleCount:100
AccP:2.0
AccG:2.0
AccL:1.5
AccI:2.3
Pos:0.0-3.0
Inertia:0.9-0.6
VeloMax:2.0
MaxPSOIteration:500
InertiaDecrFactor:6.000000000000001E-4
INIT
000000000000000000000
000000000000000000000
000000000000000000000
000000000000000000000
000000000000000000000
000000000000000000000
000000000000000000000
000000000000000000000
000000000000000000000
000000000000000000000
000000000010000000000
000000000000000000000
000000000000000000000
000000000000000000000
000000000000000000000
000000000000000000000
000000000000000000000
000000000000000000000
000000000000000000000
000000000000000000000
000000000000000000000
REF
000000000000000000000
000000000000000000000
000000000000000000000
000000000010000000000
000000000111000000000
000000001011100000000
000000011011110000000
000000101111111000000
000001100001111100000
000010110010101110000
000110111101110111000
000010110111111010000
000001111111111100000
000000101110101000000
000000011111110000000
000000001010100000000
000000000111000000000
000000000010000000000
000000000000000000000
000000000000000000000
000000000000000000000
Nibble Decoder
0 :1,2,3,4,
1 :0,2,3,4,
2 :0,1,3,4,
3 :0,1,2,4,
4 :0,1,2,3,
5 :6,7,8,9,
6 :5,7,8,9,
7 :5,6,8,9,
8 :5,6,7,9,
9 :5,6,7,8,
10 :11,12,13,14,
11 :10,12,13,14,
12 :10,11,13,14,
13 :10,11,12,14,
14 :10,11,12,13,
15 :16,17,18,19,
16 :15,17,18,19,
17 :15,16,18,19,
18 :15,16,17,19,
19 :15,16,17,18,
20 :21,22,23,24,
21 :20,22,23,24,
22 :20,21,23,24,
23 :20,21,22,24,
24 :20,21,22,23,
25 :26,27,28,29,
26 :25,27,28,29,
27 :25,26,28,29,
28 :25,26,27,29,
29 :25,26,27,28,
30 :31,32,33,34,
31 :30,32,33,34,
32 :30,31,33,34,
33 :30,31,32,34,
34 :30,31,32,33,
35 :36,37,38,39,
36 :35,37,38,39,
37 :35,36,38,39,
38 :35,36,37,39,
39 :35,36,37,38,
40 :41,42,43,44,
41 :40,42,43,44,
42 :40,41,43,44,
43 :40,41,42,44,
44 :40,41,42,43,
45 :46,47,48,49,
46 :45,47,48,49,
47 :45,46,48,49,
48 :45,46,47,49,
49 :45,46,47,48,
50 :51,52,53,54,
51 :50,52,53,54,
52 :50,51,53,54,
53 :50,51,52,54,
54 :50,51,52,53,
55 :56,57,58,59,
56 :55,57,58,59,
57 :55,56,58,59,
58 :55,56,57,59,
59 :55,56,57,58,
60 :61,62,63,64,
61 :60,62,63,64,
62 :60,61,63,64,
63 :60,61,62,64,
64 :60,61,62,63,
65 :66,67,68,69,
66 :65,67,68,69,
67 :65,66,68,69,
68 :65,66,67,69,
69 :65,66,67,68,
70 :71,72,73,74,
71 :70,72,73,74,
72 :70,71,73,74,
73 :70,71,72,74,
74 :70,71,72,73,
75 :76,77,78,79,
76 :75,77,78,79,
77 :75,76,78,79,
78 :75,76,77,79,
79 :75,76,77,78,
80 :81,82,83,84,
81 :80,82,83,84,
82 :80,81,83,84,
83 :80,81,82,84,
84 :80,81,82,83,
85 :86,87,88,89,
86 :85,87,88,89,
87 :85,86,88,89,
88 :85,86,87,89,
89 :85,86,87,88,
90 :91,92,93,94,
91 :90,92,93,94,
92 :90,91,93,94,
93 :90,91,92,94,
94 :90,91,92,93,
95 :96,97,98,99,
96 :95,97,98,99,
97 :95,96,98,99,
98 :95,96,97,99,
99 :95,96,97,98,
#
It:0:Diff:72:PSOStep:4:Time:0.451070142:s:AutomataStep:4:Transition:01101010110000100000110000100110011001101100011011001010101010101010101010000100111011101000001001001100100010001100100000000110101001001000101000001100101000000010100000001010000000100000000011001110110001101110100000100110111010001110110010000000101011000110100000100000111001101100111001000010000000100110001000100000101010000100111011100010000000101010101000000100100000000100011010001000001011001010100010001110110001000010110001100010000000000100111010100010011000000010110000101110100011001110100001101010
000000000000000000000
000000000000000000000
000000000000000000000
000000000000000000000
000000000000000000000
000000000000000000000
000000100010011000000
000000111110110000000
000000001100110000000
000000111011100000000
000000001111100000000
000000101101000000000
000000001010000000000
000000110100000000000
000000111110000000000
000000000000000000000
000000000000000000000
000000000000000000000
000000000000000000000
000000000000000000000
000000000000000000000
#
It:1:Diff:71:PSOStep:5:Time:0.839624471:s:AutomataStep:5:Transition:00101010100000000010001010100010101001000000000011000100010000100010111000000010100011000010001000101100101000101110010000000000111011101010100011000100101010100010111000000010010011101010000000001100111010100000000010101010111011101000111011101010111010000110001010001100101010000100100001001010001000000100000001100010110010000000000000001100000000100010000001000000000000101010001011001000100001000010001000000110011011100100111011000000000000101110111010000000010000001110100001001110000001100100111011001010
000000000000000000000
000000000000000000000
000000000000000000000
000000000000000000000
000000000000000000000
000000000000001100000
000000000000111100000
000000000000111000000
000000000010010000000
000000110000100000000
000001010101010000000
000000101111100000000
000000010001000000000
000000001010000000000
000000000111000000000
000000000010000000000
000000000000000000000
000000000000000000000
000000000000000000000
000000000000000000000
000000000000000000000
#
It:3:Diff:57:PSOStep:7:Time:1.0378808:s:AutomataStep:7:Transition:00000110100000001110100000001110101010101110000011101110011010100000111000000110010000001100111000001010111011101110110000000000111011101100001001101110000000000000111011101010010010101110000011101110111011000000000000100010110011101110111010100000111011000000110010100000111001001110111010100000101000000000110011100000111010001000101000000000000000001100111001001010000011100110111000000010111000001110001011001010000011100110101000001110101010000110111010100000100000001110100000001010000011101100111000000000
000000000000000000000
000000000000000000000
000000000000000000000
000000000000000000000
000000000000000000000
000000000000000000000
000000000000000000000
000000000001100000000
000000000001111100000
000001000000010110000
000110100001010111000
000010000100001110000
000001100110011000000
000000110000010000000
000000011011010000000
000000001011000000000
000000000111000000000
000000000010000000000
000000000000000000000
000000000000000000000
000000000000000000000
#
It:15:Diff:55:PSOStep:7:Time:1.893812683:s:AutomataStep:7:Transition:00100010110010001000010011001100101010001100001000101000111000100010111011101010110000101010100001000010110011001100110000100110110010100000001010000010001010001000001010100000001000000100001011000100110010001000001010001100000010001100110011000010110000100010100000100010000000100010000010100010111000101110001001100010000000101110001000100010001010000010110001000100001011000010101011100110110000000010011000100010010001101000110001100100011001001100001000100010011000101100111011100000001011000010110000100010
000000000000000000000
000000000000000000000
000000000000000000000
000000000010000000000
000000000111000000000
000000000100100000000
000000011010110000000
000000000101101000000
000000000100001100000
000000001111100010000
000110000100101011000
000011011010000110000
000001101101000100000
000000000011000000000
000000011001010000000
000000001100100000000
000000000111000000000
000000000010000000000
000000000000000000000
000000000000000000000
000000000000000000000
#
It:18:Diff:46:PSOStep:7:Time:2.132772949:s:AutomataStep:7:Transition:00100110111011100000011011101110100011001110001000101110000000100010111011000010001000101110111000100010111011101110111000100110111011101110101011101000001011101100000010000010001000100010001011100100111001101110001011101000111000101110111011100010111000100010111010100010111000101100111001100010111000101110001011100110000010101110001000100010001010000010111011101100001011100010001001101000111010100110111001100010001011101110001001000010011000101110010000100010010000101110111001100110011011100010111010000010
000000000000000000000
000000000000000000000
000000000000000000000
000000000010000000000
000000000011000000000
000000001100100000000
000000010001110000000
000000100000111000000
000000111000101100000
000011100000101010000
000101000101111101000
000011000010100010000
000001011010010100000
000000110010101000000
000000010101010000000
000000001110100000000
000000000101000000000
000000000010000000000
000000000000000000000
000000000000000000000
000000000000000000000
#
It:22:Diff:43:PSOStep:7:Time:2.493125741:s:AutomataStep:7:Transition:00100110110011101100111010101100111011001100001001001000010000100010001000101010001000100000000000100010110011001100110000101000110011001010001001101000001011000010000010000100111001000010001000101100110001001110001010101100110010101100110000000010110011100010000000100010001000101010011001000000101000100110001001000000111010100110000000100010001010000010101011101000001011000010111010000100110010101110110010100100100001101100110001001110110000101100110000100010101000101100101010001000100011000010110010100010
000000000000000000000
000000000000000000000
000000000000000000000
000000000010000000000
000000000111000000000
000000001000100000000
000000011011110000000
000000001001101000000
000000010001010100000
000010000110111010000
000110110011000111000
000010010100010100000
000001101000011100000
000000101001100000000
000000011000010000000
000000001011000000000
000000000111000000000
000000000010000000000
000000000000000000000
000000000000000000000
000000000000000000000
#
It:35:Diff:32:PSOStep:7:Time:3.49672834:s:AutomataStep:7:Transition:00100010110011001100000011001100101011001100001000101100111000100010110001001000001000100100101000100010110000101100110000101100110011001110001010100010001011000100000010000110010001001100001010001010110010101010001011001010101001001100110011000010011011100010101011000010111000101100001010100100000001001010010000100110111010100010110000100010001010100010101000000000001011001010101010101110110010101000011010100100010001101100111011100000001000101100101000100010001011001100100010101000010011000010110010100010
000000000000000000000
000000000000000000000
000000000000000000000
000000000010000000000
000000000111000000000
000000000010100000000
000000011010110000000
000000001101111000000
000001100001111100000
000000001000010010000
000111110110100011000
000010110010101110000
000001111110101100000
000000111110111000000
000000011001110000000
000000001001100000000
000000000111000000000
000000000010000000000
000000000000000000000
000000000000000000000
000000000000000000000
end
