PSO TRACE
INIT:../../instances/fazia/init.csv
REF:../../instances/fazia/asm2.csv
DecodingPolicy:CPP
MutationPolicy:Null
ParticleNeighborhood:DynamicGeneralizedEuclideanDistance
ParticleDims:515
ParticleCount:100
AccP:2.0
AccG:2.0
AccL:1.5
AccI:2.3
Pos:0.0-3.0
Inertia:0.9-0.6
VeloMax:2.0
MaxPSOIteration:500
InertiaDecrFactor:6.000000000000001E-4
INIT
000000000000000000000
000000000000000000000
000000000000000000000
000000000000000000000
000000000000000000000
000000000000000000000
000000000000000000000
000000000000000000000
000000000000000000000
000000000000000000000
000000000010000000000
000000000000000000000
000000000000000000000
000000000000000000000
000000000000000000000
000000000000000000000
000000000000000000000
000000000000000000000
000000000000000000000
000000000000000000000
000000000000000000000
REF
000000000000000000000
000000000000000000000
000000000000000000000
000100000000000000000
000100000000000000000
000010111111000000000
000100001110100000000
000111111111010000000
000001100001011000000
000110101111010100000
000101101100111110000
000010100011110010000
000011111111110010000
000011000111110010000
000110110111011010000
000111101101110010000
000111100111100010000
000111111111111111000
000000000000000000000
000000000000000000000
000000000000000000000
Classic CPP Decoder
#
It:0:Diff:87:PSOStep:7:Time:0.114963206:s:AutomataStep:7:Transition:01110001111100100100011011101001010001111111010101011011111110111111110111010100001011010110011100101000010100101100011111111111001111001010111011101101001110011100000000011001111100111101110001011111101100110111011010101101100110010111000101101111110010001111101010000111110101110111101111110110001111000011000111100000000011100000101011011011111101010001001101001001100001101011011011011101110110101101011000101111110011100000100011100001011010000001001000101011101000111100101011010101111010110001111111011000
000000000000000000000
000000000000000000000
000000000000000000000
000110000000000000000
000101000000000000000
000100011000000000000
000101011100000000000
000110111101100000000
000111001111000000000
000110010011010000000
000110010010110000000
000110100101111000000
000100101110000000000
000101010101100100000
000100101110001000000
000110001010011110000
000101110111011100000
000101010101010101000
000000000000000000000
000000000000000000000
000000000000000000000
#
It:1:Diff:82:PSOStep:6:Time:0.271001999:s:AutomataStep:6:Transition:01110001111101110111111011101111110111110111111101011111101110111101101001011111110011011111111111110100001111111000011111110111101110001010111111111110111110011101011101111111101101111110010011011111101111100111111011111111110111101111111100101111110110001111011111111011111101111011101110101111101111000110010011010001111101000110001101101011101011010101101101111011110011100001011111011100110110111101011110011111110111001111101111001001111011010011101001111101111001111111010111110111101010111100110111111111
000000000000000000000
000000000000000000000
000000000000000000000
000000000000000000000
000011000000000000000
000011110000000000000
000011111100000000000
000001101010000000000
000011111011110000000
000011011111111100000
000011110111011010000
000001111011111010000
000011101111110010000
000011101110111110000
000011111111011110000
000001100101111110000
000011001101100110000
000000000000000000000
000000000000000000000
000000000000000000000
000000000000000000000
#
It:4:Diff:78:PSOStep:7:Time:0.642626746:s:AutomataStep:7:Transition:01110001111001110101111011101111111111111101011101111111101110111101111011111111110110011111111111011101001111101101011111110011101111101001111110111111101101010111111001011111101101111111110111010011111011101111111011111011111101101111111100111011111110001111111111110011111111010111101011101010011111100111110010011001111101000110001001101011011111010111111100111011101011101001001110011101110111001101110100011111010011001111111011011001111111110011110111011100111010111111110111011111101011011101111111111110
000000000000000000000
000000000000000000000
000000000000000000000
000110000000000000000
000101100000000000000
000111111000000000000
000111111110000000000
000111101111100000000
000111111111111000000
000111011101111110000
000111111111011001000
000110111110011111000
000111100101111001000
000111111110110111000
000111110111111001000
000111011011110111000
000111111101111111000
000111111111111111000
000000000000000000000
000000000000000000000
000000000000000000000
#
It:5:Diff:66:PSOStep:7:Time:0.781081731:s:AutomataStep:7:Transition:01110001111011000001111111110111111101111101001001111111101100111111011011111010111111011111111111110111111011101101101111111101101111101001111101111100101111011111111111111101101110111111111111101111110111111111111110111011101101111111111101111111110010001111111110111011111110010011101011101010011101110111110011111111111101101101111011111010101111001111111101011111101111001011001010101100110011001111111111011111110011001100111011011101110111111111110011111101111000111101010111011111011010011101110011110111
000000000000000000000
000000000000000000000
000000000000000000000
000110000000000000000
000111100000000000000
000111111100000000000
000111111111000000000
000111111111110000000
000111111111111000000
000111101111000000000
000110110110111100000
000111010001111100000
000111100011101000000
000111110111110110000
000111111010101010000
000111111111111110000
000111111111111111000
000111111111111111000
000000000000000000000
000000000000000000000
000000000000000000000
#
It:17:Diff:65:PSOStep:7:Time:1.853473107:s:AutomataStep:7:Transition:01110001111010000011111011110111111101100101000001011111101100111111010100101000110111001010011111110111101011011101001111111101111111101001111100111100101101011111111101111101101110111111000011100011111101111111110110111011101101111101111100110110110010001011011110011011111110010011101111101010111111111110100010101001111100101101111101111011001010010111111101111111101010001011011110101110110011001111111100011111010001001101111011011001110111011111110010011101111100111101010011111111011010011101100110111110
000000000000000000000
000000000000000000000
000000000000000000000
000110000000000000000
000111000000000000000
000001011101100000000
000110100110100000000
000111001101010000000
000000111100101000000
000110111001011000000
000111110111111100000
000010010111111100000
000011101001101100000
000001110101110110000
000111101101011010000
000101111110110110000
000111111111111111000
000111111111111111000
000000000000000000000
000000000000000000000
000000000000000000000
#
It:19:Diff:62:PSOStep:7:Time:2.017951249:s:AutomataStep:7:Transition:01110101111100111111011111101111010011111101011111111100111110111111111011011111111011011111111111010010111111011001011111011110111110101000111100101001111000111111011111111100101111101111100011010111011110111111010111111001101111011101111100111111111110001111111011011011111111110011101011101011011111111010010111110001111111111011011101111011001011001111101011111111110111100111111111111101110011101111010110111001111011001101111111001011111111011111101111001101111111111101011111111110011000110010001111111111
000000000000000000000
000000000000000000000
000000000000000000000
000110000000000000000
000111110000000000000
000110111110000000000
000100011110110000000
000111011101100000000
000110110110111100000
000111001111111110000
000101011101111110000
000111111111100110000
000111111110111110000
000111111111111110000
000101010101010110000
000111111111111110000
000111111111111110000
000111111111111111000
000000000000000000000
000000000000000000000
000000000000000000000
#
It:20:Diff:58:PSOStep:7:Time:2.131208571:s:AutomataStep:7:Transition:01110101111110111111011111100111010111110100011111111110111110111111111011011111111011011110011001011010011111011001010111011110101110100001011101111001111000111011111111111101001101011111111011111011101110111111111111111111100111011111111100111111111111011111111111111111111101111011101110101011101111101011010111110011111111101011111101111011000111001111101111111111111111101011111111111101010010111111111110111001111011001101101110001001111011011111101101111101101111111101011111111110010010111010111111110111
000000000000000000000
000000000000000000000
000000000000000000000
000110000000000000000
000111110000000000000
000110111110000000000
000101111111100000000
000111101010110000000
000111100101101000000
000111111111011110000
000101010110011010000
000111111111111010000
000111111111101010000
000111111111111110000
000101111111111010000
000111111111111110000
000111111111111110000
000111111111111111000
000000000000000000000
000000000000000000000
000000000000000000000
#
It:30:Diff:56:PSOStep:7:Time:2.894351207:s:AutomataStep:7:Transition:01110101110100111111011111100111010011111100011111011110101110111101101011111111111011011111111111011000011011011011111111011110110111001001011100001001111010111111110111111100101011111111111011111111111110111111111111111111100111001111110100111011111111011111111011111111111111010011101111101111101111101010010101110001111101101011101101111011000111001111101001111001101110101011111110111101110010111101100101111001110011001111101110001000111011011111101101111101111111011101001111111110110000111000000111110111
000000000000000000000
000000000000000000000
000000000000000000000
000110000000000000000
000111110000000000000
000110111110000000000
000100010011100000000
000110111101110000000
000111111001111100000
000110111111010110000
000101110110011010000
000111110011101110000
000111111111111010000
000111111110101110000
000101010111111010000
000111111111111110000
000111111111111110000
000111111111111111000
000000000000000000000
000000000000000000000
000000000000000000000
#
It:63:Diff:54:PSOStep:7:Time:5.473935706:s:AutomataStep:7:Transition:01110100110101111111110011110111011011111100001111011110111010111101111110011111111110010110011101011000011010011001011111011011110011101101011101001101110010110111011110111101101011111111111111101111111100111110111111111110101111101111010100101011101011011111111110111111111111011011101111100111101111111010010100100001110101101011111101111011000111001110100001111011101110100011111110111101111001111001100100111011110011001101101111001101111011011111100101111111111111011101001011111111110001101000000010111111
000000000000000000000
000000000000000000000
000000000000000000000
000110000000000000000
000110100000000000000
000110111110000000000
000111111110100000000
000110111111110000000
000101100011111000000
000111111111100100000
000111111110101100000
000110001100110100000
000111011111011110000
000111111111111010000
000110111111111000000
000101111111111110000
000111111111111110000
000111111111111111000
000000000000000000000
000000000000000000000
000000000000000000000
#
It:79:Diff:53:PSOStep:7:Time:6.666352479:s:AutomataStep:7:Transition:01110101110101011101110111110111011011111100011110111110111110111111111100101101111110010110010001011000111010011101111101011111110110101101111100111001110101010111011111111111101011100101101011111111111111111111111111111111101111101111011101111011101110011111111111111111111111000011101111100011111111111010111100100111111111101011111101111011101111001111111110111111101110101001011110111111110101011111111110111011110011101101101010011101010011111111101101011101101101011101011011011110011001101101011011111111
000000000000000000000
000000000000000000000
000000000000000000000
000110000000000000000
000110110000000000000
000010110110000000000
000111001110100000000
000100101110110000000
000011011011111000000
000110101111001100000
000111101111111100000
000010010011011100000
000001111111110110000
000010110111111110000
000111011110111000000
000101010101110110000
000100100111001010000
000111111111111111000
000000000000000000000
000000000000000000000
000000000000000000000
#
It:119:Diff:49:PSOStep:7:Time:9.937413228:s:AutomataStep:7:Transition:01110000110101111111010111110111011011111101011111011110111010111111111100101111111111010111111011011000011110011111111101011110110110101101111100111111110101110111011111011111101011111101111011011111111111111111110111111111101111101111011100111001101111011111111011110111111011011011101111100111111111110110110110101111110001101011111101111011000111001111101111110111101110101011011110111101010101001111111111111001110011101101101111011101110011111111101101011111111111010101011011111111011001101101001111111111
000000000000000000000
000000000000000000000
000000000000000000000
000110000000000000000
000110100000000000000
000010100100000000000
000111001110100000000
000110111111110000000
000011100110111000000
000110111111000100000
000111110110111100000
000011111111011100000
000011111110110010000
000011101111111010000
000111111111111110000
000101111111111010000
000101111111111110000
000111111111111111000
000000000000000000000
000000000000000000000
000000000000000000000
#
It:374:Diff:47:PSOStep:7:Time:29.629222762:s:AutomataStep:7:Transition:01110000110111011010010111110011011111111101011111111110111010111111111100101101111111010111110011011000011100011111111101011111110110101101111100111111110100110111011111011111111011101101111011111110111111111111110111111111101111001111011100110101101111011111111111100101110011001011101011100011111111110110100110100110111101101101111111110111001111001111100110110111101111101001001110111111010101010111001110101101111011101101101110011101110011111111101001111101111111010001001011011110011001101101001111011111
000000000000000000000
000000000000000000000
000000000000000000000
000110000000000000000
000110100000000000000
000010111100000000000
000111001110100000000
000110100101110000000
000011110111011000000
000110111111110100000
000111101110011100000
000010101111111100000
000011111100010110000
000011001111011010000
000110111111111110000
000101111111111010000
000101111111111110000
000111111111111111000
000000000000000000000
000000000000000000000
000000000000000000000
#
It:390:Diff:44:PSOStep:7:Time:30.853362202:s:AutomataStep:7:Transition:01110000110101111010010111110011011111111101001111011110111010111111111000101101111111010111110001011000011000011111011101011111100110101100111100111111110111010111011111011111101011001101111011111110111111111111110111111111101111101111010100110101101111011111111101110101111111011011101111100011111111110110100110100111111101101101111111110111001111001110100111110111101111101001011110111111010101010101111100101001111010101101101110011101110011111111101001011101111111011101011011011110011001101101000111011111
000000000000000000000
000000000000000000000
000000000000000000000
000110000000000000000
000110100000000000000
000010111100000000000
000111011110100000000
000110101111110000000
000011111111011000000
000110111001011100000
000111101101111100000
000010101111110100000
000011111111111110000
000011001111111010000
000110111111111110000
000101111111111010000
000101111111111110000
000111111111111111000
000000000000000000000
000000000000000000000
000000000000000000000
end
