PSO TRACE
INIT:../../instances/fazia/init.csv
REF:../../instances/fazia/asm3.csv
DecodingPolicy:CPP
MutationPolicy:Null
ParticleNeighborhood:Fixed
ParticleDims:515
ParticleCount:100
AccP:2.0
AccG:2.0
AccL:1.5
AccI:2.3
Pos:0.0-3.0
Inertia:0.9-0.6
VeloMax:2.0
MaxPSOIteration:500
InertiaDecrFactor:6.000000000000001E-4
INIT
000000000000000000000
000000000000000000000
000000000000000000000
000000000000000000000
000000000000000000000
000000000000000000000
000000000000000000000
000000000000000000000
000000000000000000000
000000000000000000000
000000000010000000000
000000000000000000000
000000000000000000000
000000000000000000000
000000000000000000000
000000000000000000000
000000000000000000000
000000000000000000000
000000000000000000000
000000000000000000000
000000000000000000000
REF
000000000000000000000
000000000000000000000
000000000000000000000
000111111111111111000
000011000011011110000
000111011110111101000
000000110111100010000
000111101011011111000
000010011111010110000
000111101110110001000
000001011001011110000
000111111110111111000
000011100010101010000
000111110011101101000
000000110011101110000
000111101110011111000
000010010101110110000
000111001100110011000
000000000000000000000
000000000000000000000
000000000000000000000
Classic CPP Decoder
0 :1,2,3,4,
1 :0,2,3,4,
2 :0,1,3,4,
3 :0,1,2,4,
4 :0,1,2,3,
5 :6,7,8,9,
6 :5,7,8,9,
7 :5,6,8,9,
8 :5,6,7,9,
9 :5,6,7,8,
10 :11,12,13,14,
11 :10,12,13,14,
12 :10,11,13,14,
13 :10,11,12,14,
14 :10,11,12,13,
15 :16,17,18,19,
16 :15,17,18,19,
17 :15,16,18,19,
18 :15,16,17,19,
19 :15,16,17,18,
20 :21,22,23,24,
21 :20,22,23,24,
22 :20,21,23,24,
23 :20,21,22,24,
24 :20,21,22,23,
25 :26,27,28,29,
26 :25,27,28,29,
27 :25,26,28,29,
28 :25,26,27,29,
29 :25,26,27,28,
30 :31,32,33,34,
31 :30,32,33,34,
32 :30,31,33,34,
33 :30,31,32,34,
34 :30,31,32,33,
35 :36,37,38,39,
36 :35,37,38,39,
37 :35,36,38,39,
38 :35,36,37,39,
39 :35,36,37,38,
40 :41,42,43,44,
41 :40,42,43,44,
42 :40,41,43,44,
43 :40,41,42,44,
44 :40,41,42,43,
45 :46,47,48,49,
46 :45,47,48,49,
47 :45,46,48,49,
48 :45,46,47,49,
49 :45,46,47,48,
50 :51,52,53,54,
51 :50,52,53,54,
52 :50,51,53,54,
53 :50,51,52,54,
54 :50,51,52,53,
55 :56,57,58,59,
56 :55,57,58,59,
57 :55,56,58,59,
58 :55,56,57,59,
59 :55,56,57,58,
60 :61,62,63,64,
61 :60,62,63,64,
62 :60,61,63,64,
63 :60,61,62,64,
64 :60,61,62,63,
65 :66,67,68,69,
66 :65,67,68,69,
67 :65,66,68,69,
68 :65,66,67,69,
69 :65,66,67,68,
70 :71,72,73,74,
71 :70,72,73,74,
72 :70,71,73,74,
73 :70,71,72,74,
74 :70,71,72,73,
75 :76,77,78,79,
76 :75,77,78,79,
77 :75,76,78,79,
78 :75,76,77,79,
79 :75,76,77,78,
80 :81,82,83,84,
81 :80,82,83,84,
82 :80,81,83,84,
83 :80,81,82,84,
84 :80,81,82,83,
85 :86,87,88,89,
86 :85,87,88,89,
87 :85,86,88,89,
88 :85,86,87,89,
89 :85,86,87,88,
90 :91,92,93,94,
91 :90,92,93,94,
92 :90,91,93,94,
93 :90,91,92,94,
94 :90,91,92,93,
95 :96,97,98,99,
96 :95,97,98,99,
97 :95,96,98,99,
98 :95,96,97,99,
99 :95,96,97,98,
#
It:0:Diff:86:PSOStep:7:Time:0.141540964:s:AutomataStep:7:Transition:00111010111110101110111101101111101011111111110100101010111110111011111011111110111110011111111101011111111011111111110111011111111011001011011110111111001011111101011010111111011011111111011011011011011111110110111111111011111111111111011111110101110010011101111110011111101110111110111101011110111001111010010011101111111111111011011100110111011010110101011111101111110110111110011111110110001100011101100110010001110111101111110111001011110111011100101011101111111011111110111110101101011010010011110111100011
000000000000000000000
000000000000000000000
000000000000000000000
000000000010101011000
000000000111111111000
000000001101011111000
000000011111111110000
000000111111111111000
000001111111111111000
000011111111111101000
000111111111101110000
000111111111111111000
000111111111111111000
000111111111111101000
000111111111111110000
000111111111111111000
000111111111111111000
000111111111111111000
000000000000000000000
000000000000000000000
000000000000000000000
#
It:2:Diff:85:PSOStep:7:Time:0.261494574:s:AutomataStep:7:Transition:00111110111110101110111111100111101111111111110100101010011111111011111011111110111111011111110111011111111011111111110111011111111011101011111110111111001011111111010010111111111011111111011011011011011111111110110111111011111111111111011111111111111011011101111111011111101110111110111101011110111001111010010111111011111011111111111100110111111110010101011101101111111111111111111111110110001111011100110111111101111111111111111111101011111111011101101011101111111111111111111110101101011010011111110111100011
000000000000000000000
000000000000000000000
000000000000000000000
000000000011101011000
000000000111110111000
000000001100101111000
000000011111111110000
000000101111111111000
000001111111111111000
000011111011111001000
000111111111101110000
000111111111111111000
000111111111111111000
000111111111111111000
000111111111111110000
000111111111111111000
000111111111111111000
000111111111111111000
000000000000000000000
000000000000000000000
000000000000000000000
#
It:5:Diff:76:PSOStep:7:Time:0.339003298:s:AutomataStep:7:Transition:01111011111110100101011111100101000010100111110100001011011111111011101110110111111001011111010111010111011111011111010111011111110101101111011100010111101011111111010010011010111001111111010011101111011001101010111111111111111111111111111111110110110100001101111010001101101111111101111101011100001101100110010111111111111011111111111100111111111110010101111101101111011111111111111110110111001110101101111111111111111111011111011111110011111111111101101010101011111111101001111110101101010010011011110001110011
000000000000000000000
000000000000000000000
000000000000000000000
000111111111111111000
000101111111111100000
000111111110101111000
000001111100111100000
000111110111010111000
000001101111011100000
000111111111101111000
000000111001111100000
000111111111110111000
000001101011111100000
000111010111111111000
000000100011111100000
000101010101110111000
000110011011001100000
000111111111111111000
000000000000000000000
000000000000000000000
000000000000000000000
#
It:9:Diff:74:PSOStep:7:Time:0.435345275:s:AutomataStep:7:Transition:01111111101110101111111111110111100110111111111100111011011111111111111111110111111011011111110111010111011111111111110111011111111111101111111111011111101101111110011011111010111111111111010011111111111111011110011111011011111111111111111111111110111111101111011011001111101111111111111111011110111111100110110111111111111011111110111101111111111110011101011101101111011111111111111111110111101110111101111111111111111111011111111111101011111111111111110101111111111111101101111111111101010010011001110111100111
000000000000000000000
000000000000000000000
000000000000000000000
000111111111111111000
000111111111111111000
000111111111111111000
000010111011101111000
000111111111111111000
000110011101111111000
000111111111111111000
000010111101111111000
000111100011111111000
000110001101111111000
000111111111111111000
000010101010101111000
000111111111111111000
000111111111111111000
000111111111111111000
000000000000000000000
000000000000000000000
000000000000000000000
#
It:35:Diff:72:PSOStep:7:Time:1.014060188:s:AutomataStep:7:Transition:01111111111110101011111011111011011011110111111100011101011111111001100110010111110100011110111111001011011111110111000101111101111101101001011110111111011110101111110011011011111110111111010011111101111101110111111111111111111111111111111111111110110100001111111010101100101111111001111111101100111111111110011101011110111101011111101101111111111011001111111111001111011111111110111100000111101010001010100010011101111110011111111111110001101111011111110001111011111110101100111110001101110110011101111111100101
000000000000000000000
000000000000000000000
000000000000000000000
000111111111111111000
000111111111111110000
000110011101110111000
000011110011111110000
000110110110001111000
000010111111111110000
000111101011111111000
000011111111011110000
000111111001010011000
000011111011100010000
000111111101110111000
000010111101111110000
000100111101110111000
000111111111111110000
000111011101110111000
000000000000000000000
000000000000000000000
000000000000000000000
#
It:38:Diff:69:PSOStep:7:Time:1.072803493:s:AutomataStep:7:Transition:01111111011110111001011110111111001110011111110000111111011110111011111010111110111110011010101111110110111111000101111111111101111111101001111110011111001111101111110110111111111011110110111111011011011111110111110111111110111111001111111011111111110010011111111110111100101111111110111111101110111111110110110101101011100001110111111110110111100011010111111111101111110111111111111100100110111010011100111101011011101111111111110111110011110111011100101000101111111111101110101101101101110110110111111010111011
000000000000000000000
000000000000000000000
000000000000000000000
000111111111111111000
000011111111111110000
000110101101010111000
000010111110101100000
000110011111111011000
000011101001011110000
000111111101110111000
000011101110111100000
000111110111111011000
000011111111011110000
000111111011110111000
000011110111101100000
000111101111011111000
000010011111111110000
000111011101110111000
000000000000000000000
000000000000000000000
000000000000000000000
#
It:43:Diff:68:PSOStep:7:Time:1.171155403:s:AutomataStep:7:Transition:01111011001010110111111111110110011111001111110100101111010110111001111111100011111001110111111111111101111111110111110111011111111011101001111111011111100110111110111110111111111101110011111011111111011111111110011111101011110110101111101010101111111011101111101111010011001111111100111110111110001111100101110111101011000011111111111101111101011111001101010111011111111011011101111100110110111111011100100111111111110111011111111111100011011110111101111010110111111111100110111001001001011010111111100001100111
000000000000000000000
000000000000000000000
000000000000000000000
000111111111111111000
000010100000101000000
000111011110110111000
000011110011111100000
000101111010111111000
000010111011011000000
000111110110110011000
000011111100111100000
000111011110110111000
000010110111101100000
000111111110100111000
000011111111101100000
000101111101010011000
000000011110001000000
000111001100110011000
000000000000000000000
000000000000000000000
000000000000000000000
#
It:44:Diff:65:PSOStep:7:Time:1.196695335:s:AutomataStep:7:Transition:01111111011011111111111111110100001011101111110000110111011110111010111111110111111100100111011011111111111111101111011111010110100011001011111110011111111001111110101110110111001011101111111111111011011101101010111111111111111111101101100010101111110101111111001001001111101110111110111100111110101101100110100111111111111011111111111001111101001110011101101011111111111111011111101101110110111011110100100111111111111011111011111111101111110111111101110010111111111011111001011111011101011011110101111101100001
000000000000000000000
000000000000000000000
000000000000000000000
000111111111111111000
000011111111111100000
000111100010111001000
000011010111101110000
000111111011111011000
000011111101111000000
000111100111111101000
000011111111011100000
000111011111111111000
000010110000111100000
000111111111111001000
000011111011101100000
000100110110111111000
000011011110101110000
000111011101110111000
000000000000000000000
000000000000000000000
000000000000000000000
#
It:49:Diff:63:PSOStep:7:Time:1.304138773:s:AutomataStep:7:Transition:01111111111011111111011111110110001011101111110000010111011111111111101111100101110100010101011011111011111111101111011111010010110011101111111111011111111111110110101110110011010011100111110011111111011111101010011111011111111111101101101111111110010101111111001001001101101110111110111100111110101101101110100111011110111011111101111011111001011111011110100111111111111111111100101101110110111001101010100110101100111110011011111111001110111111011111110010111101101011110101011101111111011110110101111101101011
000000000000000000000
000000000000000000000
000000000000000000000
000111111111111111000
000111111111111100000
000111111111111101000
000111111111111110000
000111111111111111000
000111111111110010000
000111111111110011000
000111111101010100000
000111111011111111000
000111110010100110000
000111111110101101000
000111110111110110000
000111011001110011000
000110000111100110000
000111011101110111000
000000000000000000000
000000000000000000000
000000000000000000000
#
It:84:Diff:61:PSOStep:7:Time:2.029863013:s:AutomataStep:7:Transition:01111111011111111010010111111100000111101111110000001110011111101111101111101101111011000001001010011101011111101011011111010110101011001111111111011111111101101110111111111011000011111110110011011111011101111111011111011111111111111101110100111110010111111011000110001111101110011011011001111111101111001011010011111110110011111111111010101101011111011111111111101111101101111110101100110111100101110101100111111100111010011011010111010110111111101110111001111101111011110101110111111111011010110101111110110011
000000000000000000000
000000000000000000000
000000000000000000000
000111111111111111000
000011001101100110000
000111111111111111000
000001110001111000000
000111011011111101000
000011011101110110000
000111000011111111000
000000011111011110000
000110011100111111000
000011101111011110000
000111011111111101000
000001110111010110000
000111011111111101000
000011000111110110000
000111011101110111000
000000000000000000000
000000000000000000000
000000000000000000000
#
It:90:Diff:54:PSOStep:7:Time:2.152876421:s:AutomataStep:7:Transition:01111111011110111110011111111100000111100111110000101110011111101111101111101101110011000001000010111111011111101011011110010110101011001101111101011101111001101110111111111011010010111110110011111111011101111111011111011111111111111101110100111110000011111011000110001111100110001011011001111111111111000011010011111110110010111111111010101101011111011111111111101111011101111110101101110111100101110101100111111100011010011100111111010100111111111100111111111101111011110001110110111111011010110101111110110011
000000000000000000000
000000000000000000000
000000000000000000000
000111111111111111000
000011001101100110000
000111111111111101000
000000011111011110000
000111111111011111000
000011011111101100000
000111111111111101000
000000011110111100000
000111111111111111000
000011010111111000000
000111111111111011000
000000110111011110000
000111101110110111000
000011011111110110000
000111011101110111000
000000000000000000000
000000000000000000000
000000000000000000000
#
It:115:Diff:53:PSOStep:7:Time:2.665774259:s:AutomataStep:7:Transition:01111111011110011100011111111100000111100111110000101111011111101111100111101111111011100000000010011101011111001011011110010110101011001111111101011111011001101110111111111011010000111111110111111111011101011111011011011111101111111101101110110110000011111011010110001111101110001011011100111101111111000001100011111110110010111111111010101001011111011111101111101111011101111110101100110111110101110101100111011100011010011010110111110110111110101110111111111101111011110001111110111111011010110101110110110011
000000000000000000000
000000000000000000000
000000000000000000000
000111111111111111000
000011001101100110000
000111111110111101000
000000010111111100000
000111111110011011000
000011011011000110000
000111111110111101000
000000011111111110000
000111111110110011000
000011010110110110000
000111101111011101000
000000001011100110000
000111011111110111000
000011011101110110000
000111011101110111000
000000000000000000000
000000000000000000000
000000000000000000000
#
It:133:Diff:52:PSOStep:7:Time:3.060127266:s:AutomataStep:7:Transition:01111111011111111010100111111110000111101111110001001111101111101111110111111101110011110001100111011100011101001111011111010110111011111101111101101111011011111110111110111011011010111111000111111111011101011111011111011111110111111101110100111111000110111011111110001111101111001010111001111111010011101001100111111101110011111011111010101001011111101111101111111111001111111110101100111111100101100101100111110100011011001000011111111110111110101110101111111111111111111111111111111111011010110101110110100111
000000000000000000000
000000000000000000000
000000000000000000000
000111111111111111000
000011000001110110000
000111111111111111000
000000001110111110000
000111111111111111000
000011011110111110000
000111111111111111000
000000001111111110000
000111111111010111000
000011111101111110000
000111111111100111000
000000111111101110000
000111101110011111000
000011010000110110000
000111011101110111000
000000000000000000000
000000000000000000000
000000000000000000000
#
It:152:Diff:48:PSOStep:7:Time:3.570108966:s:AutomataStep:7:Transition:01111011011111111010100111111110000111101111110000001111101111001111110111111101110011110001100111011001011101001111011111010110111011111101111101011101101011111110111110111011010010111111000111111111011101011011011111001111110111111101110100111111000110111011111110001101101111001011111001111111010111101001100111111101110011111011111010111001011111001011101111111111001111111110101100111111101101110101000111110110011011011100011111101110111110101110101111011101111110110101111111101111011010110111110110100111
000000000000000000000
000000000000000000000
000000000000000000000
000111111111111111000
000011011011010010000
000111111111111111000
000000101111011110000
000111111111111111000
000011011101111110000
000111111111101111000
000000011011101110000
000111111110111111000
000011101011111110000
000111111111101111000
000000110111001110000
000111101101111111000
000011010011110110000
000111011101110111000
000000000000000000000
000000000000000000000
000000000000000000000
#
It:252:Diff:47:PSOStep:7:Time:5.681939706:s:AutomataStep:7:Transition:01111111011111111010000111011110000111100111110000101111111111101111110111111101100110110011100110011100011101001011011111010110111011111111111101111101111011111110101110111011010010111111000111111111011101011111011111011011110111111101110100111111000110111011111110011101100111001011111011111111000101101001100011111101110010111011111010111001011111101111101111111111010111111110101100111111100101110101100011110110011011011100011111111110111110101111101111111101111111110111011111110111011010110111110110100111
000000000000000000000
000000000000000000000
000000000000000000000
000111111111111111000
000011000000000110000
000111111111111111000
000000001111111110000
000111111111111111000
000011010011011110000
000111111111111111000
000000011011111110000
000111111111111111000
000011100110111110000
000111111111101111000
000000110111001110000
000111101101111111000
000011000011110110000
000111011101110111000
000000000000000000000
000000000000000000000
000000000000000000000
#
It:279:Diff:46:PSOStep:7:Time:6.2290655:s:AutomataStep:7:Transition:01111111011111111010100111111110000111001111110000001111101111101111110111110101100010110011100111011100011101001011011111010110111011111101111101011101111011111110111110111011010010111101000111111111011101011111011111011011110111111101110100111111000110111011111110001101100111001011111011111111010101101001100011101101110011111001111010111001011111101111101111111111000111101110101100001111100101110101100011110110011011001100011111101110111111101110101111111101111111110101111111100111010010110111110110100111
000000000000000000000
000000000000000000000
000000000000000000000
000111111111111111000
000011000001110110000
000111111111111111000
000000001110111110000
000111111111111111000
000011010011011110000
000111111111111111000
000000011011111110000
000111111111111111000
000011100110111110000
000111111111101111000
000000110111001110000
000111101101111111000
000011010011110110000
000111011101110111000
000000000000000000000
000000000000000000000
000000000000000000000
#
It:350:Diff:45:PSOStep:7:Time:7.787288535:s:AutomataStep:7:Transition:01111011011110111011100111111110000111001111110000001111101111101111110111110101110010110001100111011100011101001110011111010110111011101101111100011101101011111110111110111011010010111111100111111110011101010111011111011111110111111101110100110101000110111011110110001101100111001011111011111111011101101001100111111101110011111011111010111001011111001111101111111111000111101110101100101111100101110101100001110110011011001000011111111110111111101110101111101101111111111101011111111111011010110101110110100111
000000000000000000000
000000000000000000000
000000000000000000000
000111111111111111000
000011000001110110000
000111111111111111000
000000001110111110000
000111111111111111000
000011010011011110000
000111111110111111000
000000011101111110000
000111111011111111000
000011100011111110000
000111111111101111000
000000110011101110000
000111101001111111000
000011010000110110000
000111011101110111000
000000000000000000000
000000000000000000000
000000000000000000000
#
It:378:Diff:44:PSOStep:7:Time:8.421904184:s:AutomataStep:7:Transition:01111011011110111011100111011110000111001111110000001111101111101111110111100101110010110001100111011100011101001011011111010110111011101101111100011101101011111110111110111011010010001111000111111110010101010111011111011111110110111101110100110101000110111011110110001101100111001010111011111111011101101001100111101101110011111011111010111000011111001111101111111111000111101110101100101111100101110101000001110110011011001000011111101110111111101110101111101101111110111101110111111111011010110101110110100111
000000000000000000000
000000000000000000000
000000000000000000000
000111111111111111000
000011000001110110000
000111111111111111000
000000001110111110000
000111111111111111000
000011010011011110000
000111111110111111000
000000011101111110000
000111111011111111000
000011100011111110000
000111110111101111000
000000110011101110000
000111101001111111000
000011010000110110000
000111011101110111000
000000000000000000000
000000000000000000000
000000000000000000000
end
