PSO TRACE
INIT:../../instances/fazia/init.csv
REF:../../instances/fazia/asvn4.csv
DecodingPolicy:CPPNot:CDLE2
MutationPolicy:Std10
ParticleNeighborhood:Fixed
ParticleDims:515
ParticleCount:100
AccP:2.0
AccG:2.0
AccL:1.5
AccI:2.3
Pos:0.0-3.0
Inertia:0.9-0.6
VeloMax:2.0
MaxPSOIteration:250
InertiaDecrFactor:0.0012000000000000001
INIT
000000000000000000000
000000000000000000000
000000000000000000000
000000000000000000000
000000000000000000000
000000000000000000000
000000000000000000000
000000000000000000000
000000000000000000000
000000000000000000000
000000000010000000000
000000000000000000000
000000000000000000000
000000000000000000000
000000000000000000000
000000000000000000000
000000000000000000000
000000000000000000000
000000000000000000000
000000000000000000000
000000000000000000000
REF
000000000000000000000
000000000000000000000
000000000000000000000
000000000010000000000
000000000111000000000
000000001011100000000
000000011011110000000
000000101111111000000
000001100001111100000
000010110010101110000
000110111101110111000
000010110111111010000
000001111111111100000
000000101110101000000
000000011111110000000
000000001010100000000
000000000111000000000
000000000010000000000
000000000000000000000
000000000000000000000
000000000000000000000
Classic CPP Decoder + Not Test
0 :1,2,3,4,
1 :0,2,3,4,
2 :0,1,3,4,
3 :0,1,2,4,
4 :0,1,2,3,
5 :6,7,8,9,
6 :5,7,8,9,
7 :5,6,8,9,
8 :5,6,7,9,
9 :5,6,7,8,
10 :11,12,13,14,
11 :10,12,13,14,
12 :10,11,13,14,
13 :10,11,12,14,
14 :10,11,12,13,
15 :16,17,18,19,
16 :15,17,18,19,
17 :15,16,18,19,
18 :15,16,17,19,
19 :15,16,17,18,
20 :21,22,23,24,
21 :20,22,23,24,
22 :20,21,23,24,
23 :20,21,22,24,
24 :20,21,22,23,
25 :26,27,28,29,
26 :25,27,28,29,
27 :25,26,28,29,
28 :25,26,27,29,
29 :25,26,27,28,
30 :31,32,33,34,
31 :30,32,33,34,
32 :30,31,33,34,
33 :30,31,32,34,
34 :30,31,32,33,
35 :36,37,38,39,
36 :35,37,38,39,
37 :35,36,38,39,
38 :35,36,37,39,
39 :35,36,37,38,
40 :41,42,43,44,
41 :40,42,43,44,
42 :40,41,43,44,
43 :40,41,42,44,
44 :40,41,42,43,
45 :46,47,48,49,
46 :45,47,48,49,
47 :45,46,48,49,
48 :45,46,47,49,
49 :45,46,47,48,
50 :51,52,53,54,
51 :50,52,53,54,
52 :50,51,53,54,
53 :50,51,52,54,
54 :50,51,52,53,
55 :56,57,58,59,
56 :55,57,58,59,
57 :55,56,58,59,
58 :55,56,57,59,
59 :55,56,57,58,
60 :61,62,63,64,
61 :60,62,63,64,
62 :60,61,63,64,
63 :60,61,62,64,
64 :60,61,62,63,
65 :66,67,68,69,
66 :65,67,68,69,
67 :65,66,68,69,
68 :65,66,67,69,
69 :65,66,67,68,
70 :71,72,73,74,
71 :70,72,73,74,
72 :70,71,73,74,
73 :70,71,72,74,
74 :70,71,72,73,
75 :76,77,78,79,
76 :75,77,78,79,
77 :75,76,78,79,
78 :75,76,77,79,
79 :75,76,77,78,
80 :81,82,83,84,
81 :80,82,83,84,
82 :80,81,83,84,
83 :80,81,82,84,
84 :80,81,82,83,
85 :86,87,88,89,
86 :85,87,88,89,
87 :85,86,88,89,
88 :85,86,87,89,
89 :85,86,87,88,
90 :91,92,93,94,
91 :90,92,93,94,
92 :90,91,93,94,
93 :90,91,92,94,
94 :90,91,92,93,
95 :96,97,98,99,
96 :95,97,98,99,
97 :95,96,98,99,
98 :95,96,97,99,
99 :95,96,97,98,
#
It:0:Diff:67:PSOStep:5:Time:1.557359:s:AutomataStep:5:Transition:01111111101001101111111000111111010111111100011001001111001011110110111110111111011111111111001011111111111011111001111101011111100011111111101111111010111101110101011110111111110110101011010100110101110110001110001101111001000011011001101101001101101101110110101101101111111110101010011111111110101101011101111111111111011010010111111110111011111111111010100000101101101101011111001000011011100101011101111111011011110010110101110011110110001011111111111011110100110110001101100111010111001111011111111100101010
000000000000000000000
000000000000000000000
000000000000000000000
000000000000000000000
000000000000000000000
000001111111111100000
000001001100111000000
000000111011011000000
000000111111111000000
000001010111111000000
000001101000111000000
000000111011111000000
000000011111100000000
000000001111000000000
000000000111000000000
000000000010000000000
000000000000000000000
000000000000000000000
000000000000000000000
000000000000000000000
000000000000000000000
#
It:1:Diff:67:PSOStep:5:Time:2.645566:s:AutomataStep:5:Transition:01110110110011110101111101111100010111111101111001011111110101110110010111110111001011110101111011111011011111011000110111001011111111111101101011101110010111100100111101111101001111111011110011011111100111011111111101111111111111111111001111111011001100110111101101011110111110101011011111101001011100011111100111111011011011110111101011110011111111111001111101101111011000011011001010011000110101011101001111110011111111011011111111101001011111111010101010001101100110101110110111110111011001001111010110101111
000000000000000000000
000000000000000000000
000000000000000000000
000000000000000000000
000000000000000000000
000001100010000000000
000001111111000000000
000001110011100000000
000001111100100000000
000001111001110000000
000001101011110000000
000000111011110000000
000000011011110000000
000000001110100000000
000000000111000000000
000000000010000000000
000000000000000000000
000000000000000000000
000000000000000000000
000000000000000000000
000000000000000000000
#
It:2:Diff:46:PSOStep:7:Time:3.547029:s:AutomataStep:7:Transition:00100010100111110111110101111101100111011101111001011110110101110100011101011111000011101101111011111001011111011000010111001011111111111001110000101100010111110110111101110101001111110111111101011111101011011111111101111111111111110001111011111011001100100111101000011011111100101011011111101101001100001111110101101001111001000011001010110111011111101000101101101011111001011011000010010011110101011100011111010010111111000011111111101000011110111011100010001100100110001110110111111111001001011111010110000111
000000000000000000000
000000000000000000000
000000000000000000000
000000000010000000000
000000000011000000000
000000000101100000000
000000001111110000000
000000001110111000000
000000111111010100000
000011111111010110000
000111111111110101000
000011011100000110000
000001100111111000000
000000110111111000000
000000011011000000000
000000001100100000000
000000000111000000000
000000000010000000000
000000000000000000000
000000000000000000000
000000000000000000000
#
It:8:Diff:36:PSOStep:7:Time:9.908224:s:AutomataStep:7:Transition:00100011110111011101010001101100000011111101111101011111110101110110010101010111001011100101111011110001011111011000011111001011111111111001101000100100110011010111110101110111001111110111110101111111100011011111111101110111111101111001111111111011001100100111101000111010011100101011011111111001001000001011100101111001111001000011001011110011011111101011101101101011011000010011101010011000110001011100101101010010111111000011111111110000011110111010101010011100110111001110010111110101001001011111010110000111
000000000000000000000
000000000000000000000
000000000000000000000
000000000010000000000
000000000010000000000
000000001111100000000
000000001011110000000
000000101001110000000
000000111111011100000
000010110110101010000
000111011011111110000
000011111001111110000
000001111110110100000
000000110110111000000
000000011110000000000
000000001110000000000
000000000111000000000
000000000010000000000
000000000000000000000
000000000000000000000
000000000000000000000
#
It:11:Diff:27:PSOStep:7:Time:13.291685:s:AutomataStep:7:Transition:00100011111111111101111111111100100110111101111101011111110101110110110101011111100111101101111110111011011111111101011111101010111111101001110000110100111011110100111111110101011111110111111101111110100011011111111111111111111111111001110011111011001110110111101000111011111110101011011111101111011100100111110101101011011001110011011011111101011111111001111101101011011000011011111011110000110001111100101111010011111111100011111111110001101110111011101010001110100110011110111111111111001001011111010111010111
000000000000000000000
000000000000000000000
000000000000000000000
000000000010000000000
000000000111000000000
000000001111100000000
000000011111110000000
000000111111111000000
000001111111111100000
000011111111111110000
000111111111111111000
000011111111111110000
000001111111111000000
000000111101110000000
000000011111100000000
000000001110000000000
000000000111000000000
000000000010000000000
000000000000000000000
000000000000000000000
000000000000000000000
#
It:15:Diff:26:PSOStep:7:Time:17.310568:s:AutomataStep:7:Transition:00100111111111011101111111111101110110111101111011011111111111110110110101110111011111111101101111111011111111101101010111100111111111111111110010100111111011111110111111110101111111110011011101111110101011111110111111111101111111111011110011111111001101110111101000011011111110101001011111101111111100101011110101101011111011111011011110111101011111111011111111111011011000111011011010111100110101111100101111110011011111100011111111110011101110111111100111001111110110011111111111111111111011101111010100010111
000000000000000000000
000000000000000000000
000000000000000000000
000000000010000000000
000000000111000000000
000000001111100000000
000000011111110000000
000000111111111000000
000001111111111100000
000011111111111110000
000111111111110111000
000011111010110110000
000001111111101100000
000000111100111000000
000000011111110000000
000000001111100000000
000000000111000000000
000000000010000000000
000000000000000000000
000000000000000000000
000000000000000000000
#
It:16:Diff:26:PSOStep:7:Time:18.339706:s:AutomataStep:7:Transition:00100111111111111101110011001101100100111101111011011010111111110110111111011111101111111101111111111001010111011101010110100110111111101111110001010101110001111101111111110101001111110111010001111111101011011110111111110111111111111001111001111011011100110111101000101010111110111011011111101111111000101111110111101011011001111001011010111101010111111010111101110111011000111111010010010100110001111100111111110011111111100010111111110101101110100111111011001111110110011111011111111111101011001111010110111111
000000000000000000000
000000000000000000000
000000000000000000000
000000000010000000000
000000000110000000000
000000001111000000000
000000011110100000000
000000111111111000000
000001110110110100000
000011110011101110000
000111101101111111000
000011111011111010000
000001111011011100000
000000111111001000000
000000011111110000000
000000001110100000000
000000000111000000000
000000000010000000000
000000000000000000000
000000000000000000000
000000000000000000000
#
It:37:Diff:25:PSOStep:7:Time:38.948404:s:AutomataStep:7:Transition:00100111111110111101111001001101100111111101011111111111111111110111110111111111100111101101111110111001010101101111010111101111111111101111111111111100111111111111111101111111011111101111111001111011111111011111111111111111111101111111111001111011001101110111101001111011110110100111011111101011111100101111110111111011011110111111011111110011100111111011111101111011111001111111011011011100110011111111111111110101111111110111111111110111101110111011101011001111110110111110111111101111101011011101010111111111
000000000000000000000
000000000000000000000
000000000000000000000
000000000010000000000
000000000111000000000
000000001111100000000
000000011111110000000
000000111111111000000
000001111101111000000
000010001111111010000
000111011111110111000
000011111110111010000
000001110111111100000
000000111111101000000
000000011110110000000
000000001110100000000
000000000111000000000
000000000010000000000
000000000000000000000
000000000000000000000
000000000000000000000
#
It:38:Diff:23:PSOStep:7:Time:39.877699:s:AutomataStep:7:Transition:00110111100110111101110101101101101111111001010111111111111111110111110111011111101111111101111110111001111111101011010110101111111111101111111111111111111111111111111111111111001111111111111001111011110101011111111111111111111101111101110001111011001001110111101001011011111110101111011111111111111100101111110101101011011111110111011111111101101011111000101101101111111001011111111011011000010011111110111111011110110111110111011111110101111110111011111010011110110110011111111111101011111001011101010101010111
000000000000000000000
000000000000000000000
000000000000000000000
000000000010000000000
000000000111000000000
000000001101100000000
000000011111110000000
000000111111111000000
000001111111111100000
000011111111111110000
000110111101111111000
000011111110011010000
000001111101111100000
000000111111101000000
000000011110110000000
000000001110100000000
000000000111000000000
000000000010000000000
000000000000000000000
000000000000000000000
000000000000000000000
#
It:44:Diff:22:PSOStep:7:Time:45.120918:s:AutomataStep:7:Transition:00100111111111111001110111101101101111111001111101111111111100110111110111011011001111111101111110111111110111111011000011101011111101101111110111111110111101111101111111111111001111111111110101111011111111011101111111010111111101111111101001110011011001110111101001011011111110101111011111111111110100100111110101111111011111110101010111111101111011111000101101101111111001011111111010111000110111111111111111111011101111110111011111110001111110111011111011001111110111011111111111101111101001001101011111110111
000000000000000000000
000000000000000000000
000000000000000000000
000000000010000000000
000000000111000000000
000000001111100000000
000000011111110000000
000000111111111000000
000001111111111100000
000011101111111110000
000110111111111111000
000011111111111010000
000001111011111100000
000000111011101000000
000000011111110000000
000000001110100000000
000000000111000000000
000000000010000000000
000000000000000000000
000000000000000000000
000000000000000000000
#
It:47:Diff:20:PSOStep:7:Time:47.751047:s:AutomataStep:7:Transition:00100011101111110001011111011100111110111111001011011111111111110111111111011111001011111101101110111001111111001101011111101011111110111001100011111110111001111101111011110110001111110111110011111111110101011110111111111101011111111111110011110011011101110111101110011011101111111111011011111110111101111111011111001011011001111111111011111101111111111010101111111111011101111111011010111100110101111101101111010111111111100111111111110001111101111001101110101111110111011111011111101111101011011101011110011111
000000000000000000000
000000000000000000000
000000000000000000000
000000000010000000000
000000000111000000000
000000001011100000000
000000011011110000000
000000101011111000000
000001101111111100000
000010110011111110000
000101111111111101000
000011111111010010000
000001111111101100000
000000111111101000000
000000011110110000000
000000001110100000000
000000000111000000000
000000000010000000000
000000000000000000000
000000000000000000000
000000000000000000000
#
It:71:Diff:19:PSOStep:7:Time:68.43535:s:AutomataStep:7:Transition:00100011101111111011011111111000111110111110111011011111111110110110111111111111101011111101000110111001111111100001001111100011111111111101110011111110110011111101111011111110010111110111011011111111110101011010111011111100111111111101100111110011011111110111101110101111101110101111011001111111111101101110011111001011111001111011111111111111111010111010111111110011110101111111111110111000111001111101101111000111111111010111101110110010111001111001111111101101100111011011011110111111111011001011111111111111
000000000000000000000
000000000000000000000
000000000000000000000
000000000010000000000
000000000111000000000
000000001011100000000
000000011011110000000
000000101111011000000
000001111111111100000
000011111010111110000
000111111111111111000
000010111101110010000
000001101111111100000
000000100111101000000
000000010011110000000
000000001010100000000
000000000111000000000
000000000010000000000
000000000000000000000
000000000000000000000
000000000000000000000
#
It:72:Diff:18:PSOStep:7:Time:69.155049:s:AutomataStep:7:Transition:00110101101111111111011111111000111100111111111011111111111110110111111111111111001111111101111110111101101110110000001111000011111111111101100010101111110011111101111111111111010111110111111011111111110101011010111011111100111111111101100011100010011101110011101110011001101110101111011101111111111101111111011111001011111011111111111111111100101011111010110111110111110101111101111110111000111101111111101111011110111111010111101111110011111101111001011111101111100011011111011111101111111011010101111111111111
000000000000000000000
000000000000000000000
000000000000000000000
000000000010000000000
000000000111000000000
000000001111100000000
000000011010110000000
000000111111111000000
000001101111101100000
000011111010111110000
000111111111111111000
000011111111111010000
000001111111011100000
000000111110101000000
000000011111110000000
000000001110100000000
000000000111000000000
000000000010000000000
000000000000000000000
000000000000000000000
000000000000000000000
#
It:81:Diff:17:PSOStep:7:Time:76.332246:s:AutomataStep:7:Transition:00110101111111100111011111011100101100111101111011111101111010110110101111011111101101111101101111111101111110000001011111101011111111111111111110101111011111111101111111110111001111100111111001111111110101011010111111111100111111111101100001111010011101010011101110001011101110111111011111111111110101111010110111001011101010111111111111111111101111111010111110110111110101111101111011111000111101111101101111111100111111110111111111110011111101111011101111101101100110011111011011111011111011010111111111110111
000000000000000000000
000000000000000000000
000000000000000000000
000000000010000000000
000000000111000000000
000000001011100000000
000000011011110000000
000000101101111000000
000001101001111100000
000010110111111110000
000101011111011111000
000010110011111110000
000001111111111100000
000000101110011000000
000000011101110000000
000000001011100000000
000000000111000000000
000000000010000000000
000000000000000000000
000000000000000000000
000000000000000000000
#
It:95:Diff:16:PSOStep:7:Time:88.022913:s:AutomataStep:7:Transition:00110110111111100111011111011100101100111101111111111111110010110110101111011111001111111101101111111001111111001000111111001011111111111010110110101111011011111101111111110110011111100111011011110111110101011010111111111101011110111011100011111011011101010011101110011111111110111011011111111111010100110111110111001011101011011111111111111110111111111010111111111011110100110111101011111100110101111101111111101010111011010110101111110001111111111011111011001101110010011111011111000111111001111111010111110111
000000000000000000000
000000000000000000000
000000000000000000000
000000000010000000000
000000000111000000000
000000001011100000000
000000011011110000000
000000101111111000000
000001101111111100000
000010111111111110000
000101111111111111000
000011111111111010000
000001111111111100000
000000111111101000000
000000011111110000000
000000001110100000000
000000000111000000000
000000000010000000000
000000000000000000000
000000000000000000000
000000000000000000000
#
It:124:Diff:14:PSOStep:7:Time:111.985087:s:AutomataStep:7:Transition:00110100111111100111011111011000111100111111111011111111111011110110111111011111001111111101101111111001111111010101011111001011111111111011110110101111011011111101111111110111001111100111110011111111110101011010111101111110011111111011100011101011011101010111101110001011111110110011011101111111010100110011111111111011101010111111111111111111111111111000111110110011110100111101111010111000100101111100101111101000111011110011101111110001101111111011001111001101100011011111011101000011111001011111010111010111
000000000000000000000
000000000000000000000
000000000000000000000
000000000010000000000
000000000111000000000
000000001011100000000
000000011011110000000
000000101111111000000
000001100101111100000
000010110011111110000
000101110101111111000
000011111111101010000
000001111111111100000
000000111101101000000
000000011111110000000
000000001110100000000
000000000111000000000
000000000010000000000
000000000000000000000
000000000000000000000
000000000000000000000
#
It:201:Diff:14:PSOStep:7:Time:180.925129:s:AutomataStep:7:Transition:00110100111111100111011111011000111100110111111010111101111011110110111111010111001111111101101111101001111111010100011111001011111111111011110110101111011011111101111111110111001111100111110011111111110101111010111101110110011110111011100011101011011101010111100111001011111110110011011101111010010100010011111111011011101010111011111111111111111111111000111111111011110100111101111011111000100101111100101111101000111001110011101111110001001111111011101011001101110011011111011101000011111001011101010101010111
000000000000000000000
000000000000000000000
000000000000000000000
000000000010000000000
000000000111000000000
000000001011100000000
000000011011110000000
000000101111111000000
000001100101111100000
000010110011111110000
000101110101111111000
000011111111101010000
000001111111111100000
000000111101101000000
000000011111110000000
000000001110100000000
000000000111000000000
000000000010000000000
000000000000000000000
000000000000000000000
000000000000000000000
#
It:238:Diff:14:PSOStep:7:Time:217.31439:s:AutomataStep:7:Transition:00110111101111100111111111011000101111110111111011111101111011110111101111010111001111111101101111111000011110000100110111001011111011111001101011101110011011111101001111110110001101100111110011110111110111111111111101110110001110111001100011111011011100010111000110001011101110100011001001111010110100110011111111010011101000011111101011111001101111111000110111110011010101110001001110111000000101111101001111101000111001110010101111100101001110111010101001001101100011011111011101000011111011011101010101010111
000000000000000000000
000000000000000000000
000000000000000000000
000000000010000000000
000000000111000000000
000000001011100000000
000000011011110000000
000000101111111000000
000001100101111100000
000010110011111110000
000101110111111111000
000010111101011010000
000001100110111100000
000000101110101000000
000000011111110000000
000000001010100000000
000000000111000000000
000000000010000000000
000000000000000000000
000000000000000000000
000000000000000000000
end
