PSO TRACE
INIT:../../instances/fazia/init.csv
REF:../../instances/fazia/asm2.csv
DecodingPolicy:Nibble
MutationPolicy:Null
ParticleNeighborhood:EDist
ParticleDims:146
ParticleCount:100
AccP:2.0
AccG:2.0
AccL:1.5
AccI:2.3
Pos:0.0-3.0
Inertia:0.9-0.6
VeloMax:2.0
MaxPSOIteration:500
InertiaDecrFactor:6.000000000000001E-4
INIT
000000000000000000000
000000000000000000000
000000000000000000000
000000000000000000000
000000000000000000000
000000000000000000000
000000000000000000000
000000000000000000000
000000000000000000000
000000000000000000000
000000000010000000000
000000000000000000000
000000000000000000000
000000000000000000000
000000000000000000000
000000000000000000000
000000000000000000000
000000000000000000000
000000000000000000000
000000000000000000000
000000000000000000000
REF
000000000000000000000
000000000000000000000
000000000000000000000
000100000000000000000
000100000000000000000
000010111111000000000
000100001110100000000
000111111111010000000
000001100001011000000
000110101111010100000
000101101100111110000
000010100011110010000
000011111111110010000
000011000111110010000
000110110111011010000
000111101101110010000
000111100111100010000
000111111111111111000
000000000000000000000
000000000000000000000
000000000000000000000
Nibble Decoder
#
It:0:Diff:93:PSOStep:7:Time:0.12542303:s:AutomataStep:7:Transition:01100100111000100010010011001110110000001000100000100100000011001100111001100010001010101110100001001110010011000110111001000110011000100110110000101100101001000100010001101100110001000100111010100000100000100000101000000010111000100010101011100010101011101100101000100110101000001110011011101000101000000010010000101000111010001010110010100100010011001010010011000100010000100110110010101000000011101010011000000010110000001000011001000100000001101100110010000110110000001000001011001100110011100110100000101110
000000000000000000000
000000000000000000000
000000000000000000000
000110000000000000000
000110011000000000000
000111010111000000000
000001010111000000000
000110101100100000000
000111011111010000000
000111010010000000000
000001111010011000000
000111000010011000000
000110100100001000000
000110000100000000000
000001110101011100000
000111011101110110000
000100010001000101000
000101010101010101000
000000000000000000000
000000000000000000000
000000000000000000000
#
It:1:Diff:88:PSOStep:7:Time:0.241841919:s:AutomataStep:7:Transition:00100000111011101010101001000010011010000010010000100100101010101100000011100010010001000100111011000000100001100100111011000000100000000110110000100010110000101100010010000100010000001100100001100100010001000010011011101110100001101110101011101110001001001010010001101000011011001000110011100100010001100100010000001010111011001110101001101000100011000110010000101110100010001110011000101100000001000000100001001000001010000100111011001110001011100110011001100100010011001100001000101100110001101110110000101000
000000000000000000000
000000000000000000000
000000000000000000000
000000000010000000000
000000000110000000000
000000001000100000000
000000001011110000000
000000101010100000000
000001010100000000000
000010010101000000000
000100000101000100000
000100100001011100000
000101111011110100000
000111000100000100000
000100110001000110000
000100110011000010000
000100110101001110000
000111011101110111000
000000000000000000000
000000000000000000000
000000000000000000000
#
It:36:Diff:86:PSOStep:7:Time:1.466041405:s:AutomataStep:7:Transition:01100010011001101010100011000000000010000100110010101100000000001100011001100110110000001100001000000110000010100100000001000110011000101110010001100010110001100110101001101100010011101100011010101110110011000110011001100110101001100000000001100110001001101110000000001010111011000110010000101000110001100100110010001010011011000110101000001010111011001010000001100110000011100110101011001100000010100000011011000110010000000100011001000110100010100100001000101010010011001100011011001100110010100110110000001000
000000000000000000000
000000000000000000000
000000000000000000000
000110101010000000000
000000011010000000000
000111011101000000000
000011110100000000000
000111010111101000000
000011010000000000000
000111000101000010000
000011001001010010000
000111100011000010000
000010101011110110000
000111010011000110000
000010100001100010000
000111000001110010000
000010010010001110000
000101010101010101000
000000000000000000000
000000000000000000000
000000000000000000000
#
It:55:Diff:84:PSOStep:7:Time:2.095242765:s:AutomataStep:7:Transition:01100110010001001110000010100110010010100110110011001100011001001000010001000100001011001000010011000100111001000010010010000100100001001100100000101000011011100110001011001100110010101100101010100010110000000010100001000110111011001110000011100100011011001100110010100100110011000000110001100100110010101100110010101110010011001110010001000100000011000010110001000100000010100100100000001100010000000000010010001100001001000000010001100100001000000110010001001110011011001100010001001100101001000100110001001110
000000000000000000000
000000000000000000000
000000000000000000000
000111111110000000000
000010110001000000000
000110110110000000000
000010000100000000000
000100010000000000000
000010000101010000000
000110000111000000000
000011100001001000000
000100100011011000000
000001010101110010000
000110000010101000000
000010001110000010000
000101011001110100000
000011010001000010000
000110111100111111000
000000000000000000000
000000000000000000000
000000000000000000000
#
It:59:Diff:76:PSOStep:7:Time:2.234970582:s:AutomataStep:7:Transition:00100110011001101010111011000000001010000100000000000100111000001100111001101000000000000000011001000110011001100110011001100110110010001000010001101000101001101000110010000000100010100010110011000010000000000110011001101010011001100110010001100110101000001100101001100100110000100110001010101000000010000000000001101000110000000110101010000010100011001010000001100100000010100110101011000000000000000110100000000000000010101000011010000110011000101110100001100000000000000000010010000010000000000110000001101000
000000000000000000000
000000000000000000000
000000000000000000000
000000000010000000000
000000000010000000000
000000000111000000000
000000000001000000000
000000001110010000000
000000001110010000000
000000100101011100000
000000010000110110000
000000001011100110000
000001110011000110000
000000100111100010000
000011110010010010000
000000000000000010000
000011100000111100000
000111111111111111000
000000000000000000000
000000000000000000000
000000000000000000000
#
It:200:Diff:74:PSOStep:7:Time:6.811281619:s:AutomataStep:7:Transition:01000110111010001110111011001110101001100000000001100100001000001100111000001110101011001010111001001100111011101110110010001000111011001010000000001110000011101100101011100000111000000000111010000000000000001010110011101110111011101000000011101100000000001000110010000100111010101110110001101010101010101100101011101110110000001110110011001010111000000000000000101000010010000010010010101100101000101110110000001110111010000000111011101110110011101110101011101010101000000000011000000010011010101110000010001010
000000000000000000000
000000000000000000000
000000000000000000000
000100000000000000000
000110101000000000000
000001111110000000000
000110111100100000000
000111111001010000000
000000011100001000000
000111000000011100000
000100110001111100000
000001011000110100000
000010110110101100000
000001111111110110000
000110011011000110000
000100000000000010000
000110111011101111000
000111111111111111000
000000000000000000000
000000000000000000000
000000000000000000000
end
