PSO TRACE
INIT:../../instances/fazia/init.csv
REF:../../instances/fazia/asm2.csv
DecodingPolicy:Nibble
MutationPolicy:Null
ParticleNeighborhood:EDist
ParticleDims:146
ParticleCount:100
AccP:2.0
AccG:2.0
AccL:1.5
AccI:2.3
Pos:0.0-3.0
Inertia:0.9-0.6
VeloMax:2.0
MaxPSOIteration:500
InertiaDecrFactor:6.000000000000001E-4
INIT
000000000000000000000
000000000000000000000
000000000000000000000
000000000000000000000
000000000000000000000
000000000000000000000
000000000000000000000
000000000000000000000
000000000000000000000
000000000000000000000
000000000010000000000
000000000000000000000
000000000000000000000
000000000000000000000
000000000000000000000
000000000000000000000
000000000000000000000
000000000000000000000
000000000000000000000
000000000000000000000
000000000000000000000
REF
000000000000000000000
000000000000000000000
000000000000000000000
000100000000000000000
000100000000000000000
000010111111000000000
000100001110100000000
000111111111010000000
000001100001011000000
000110101111010100000
000101101100111110000
000010100011110010000
000011111111110010000
000011000111110010000
000110110111011010000
000111101101110010000
000111100111100010000
000111111111111111000
000000000000000000000
000000000000000000000
000000000000000000000
Nibble Decoder
#
It:0:Diff:88:PSOStep:7:Time:0.157590669:s:AutomataStep:7:Transition:00100100000010000000010011000110010001101110010011100000101010101100000011100010001001100010011011000100000000101110011001100010111011100100011001101100011000000100001010101100001011101110110001000000010001001110001000101100110010000100000000001010100000101100010010000100111000000010010001000100101000001100110000101100000011101110100001100110010000000100011000000100011001000100110011000110101000001010011000101010000001100110010011101100101001000100111010100010100010100110111011000100010000101000100011000110
000000000000000000000
000000000000000000000
000000000000000000000
000000000010000000000
000000000000000000000
000000000111000000000
000000000000000000000
000000000110000000000
000000000010100000000
000000011011000000000
000000001100000000000
000000110100010000000
000000001101101000000
000001000101001000000
000000000000001000000
000000010101100010000
000001110011001010000
000111111001111011000
000000000000000000000
000000000000000000000
000000000000000000000
#
It:20:Diff:87:PSOStep:6:Time:1.142207885:s:AutomataStep:6:Transition:01100100111001101100000011001010111010101100001000001000101010001100101010101110110010001100011011000000101011001100110011001110000000000110011010101000000000101010110010101100110000001100110001000110010010101010010011001010111010101010101000001010010010001100101001100010010010101000011011000010111010101010110011101100101011101010110000001000011011100000101001000000110001001010110000100100110011001100111000001010101011001010001011000010110010000110101011001010001010100000110011001010101001001100001010101010
000000000000000000000
000000000000000000000
000000000000000000000
000000000000000000000
000010000000000000000
000010010000000000000
000000011010000000000
000000100001010000000
000010111001001000000
000011001110000100000
000000000000011110000
000011111110110110000
000010011101010100000
000000000001000000000
000000100100001010000
000011110101011110000
000010101010101010000
000000000000000000000
000000000000000000000
000000000000000000000
000000000000000000000
#
It:58:Diff:86:PSOStep:7:Time:2.700790815:s:AutomataStep:7:Transition:01000110000011101010101010101100000000001010011000000100000001001010111000001010101001101010101011101100110010101010000001101000100001001110100000001000110010101010101000001000101010100000101000001010110000000110011010101110101000000000011010100110111010001110000010101010011010100010000011100110101010100000000000101100011000000000000000001010000001101100101001100000101000100000111010100000001001100000000001100000000010101000000010001010101000100000000011100010000000001100011010101000000001101000000001100000
000000000000000000000
000000000000000000000
000000000000000000000
000100000000000000000
000010000000000000000
000111000000000000000
000010000000000000000
000101000100000000000
000011110000000000000
000111100100000000000
000010101001000000000
000101001100100000000
000011011110000000000
000111000110111000000
000010000001010100000
000101100000100010000
000011100100001100000
000111111001111011000
000000000000000000000
000000000000000000000
000000000000000000000
#
It:60:Diff:73:PSOStep:7:Time:2.782802665:s:AutomataStep:7:Transition:01100000100010001000101011001000001011001010110001101110110010001010110011001010101000101100101010100010100011101010011010100000111000001100110011001100111000101010101000101100101010100010000000101000011011000000110000101000010011000100110001101010110011001100110011000110010000100000000011001010011001001110101010000110111010101100010000000010000000100110001000101010101000101110101011001100101000001100010010101100110001100000111000101100111010101100001010100110000011001110101010101100110010101010111010100010
000000000000000000000
000000000000000000000
000000000000000000000
000110000000000000000
000110000000000000000
000010111100000000000
000000100010000000000
000100100011000000000
000111001111000000000
000001000111100110000
000001000100011010000
000100001010111010000
000111000000100010000
000010000010111010000
000000000011000010000
000101001100010010000
000110011111100110000
000111011101110111000
000000000000000000000
000000000000000000000
000000000000000000000
end
