PSO TRACE
INIT:../../instances/fazia/init.csv
REF:../../instances/fazia/asvn2.csv
DecodingPolicy:CPPNot
MutationPolicy:Null
ParticleNeighborhood:Fixed
ParticleDims:515
ParticleCount:100
AccP:2.0
AccG:2.0
AccL:1.5
AccI:2.3
Pos:0.0-3.0
Inertia:0.9-0.6
VeloMax:2.0
MaxPSOIteration:250
InertiaDecrFactor:0.0012000000000000001
INIT
000000000000000000000
000000000000000000000
000000000000000000000
000000000000000000000
000000000000000000000
000000000000000000000
000000000000000000000
000000000000000000000
000000000000000000000
000000000000000000000
000000000010000000000
000000000000000000000
000000000000000000000
000000000000000000000
000000000000000000000
000000000000000000000
000000000000000000000
000000000000000000000
000000000000000000000
000000000000000000000
000000000000000000000
REF
000000000000000000000
000000000000000000000
000000000000000000000
000000000010000000000
000000000101000000000
000000001000100000000
000000010100010000000
000000100010001000000
000001010001000100000
000010001010101010000
000100010001000101000
000010001000100010000
000001000100010100000
000000100010001000000
000000010001010000000
000000001000100000000
000000000101000000000
000000000010000000000
000000000000000000000
000000000000000000000
000000000000000000000
Classic CPP Decoder + Not Test
0 :1,2,3,4,
1 :0,2,3,4,
2 :0,1,3,4,
3 :0,1,2,4,
4 :0,1,2,3,
5 :6,7,8,9,
6 :5,7,8,9,
7 :5,6,8,9,
8 :5,6,7,9,
9 :5,6,7,8,
10 :11,12,13,14,
11 :10,12,13,14,
12 :10,11,13,14,
13 :10,11,12,14,
14 :10,11,12,13,
15 :16,17,18,19,
16 :15,17,18,19,
17 :15,16,18,19,
18 :15,16,17,19,
19 :15,16,17,18,
20 :21,22,23,24,
21 :20,22,23,24,
22 :20,21,23,24,
23 :20,21,22,24,
24 :20,21,22,23,
25 :26,27,28,29,
26 :25,27,28,29,
27 :25,26,28,29,
28 :25,26,27,29,
29 :25,26,27,28,
30 :31,32,33,34,
31 :30,32,33,34,
32 :30,31,33,34,
33 :30,31,32,34,
34 :30,31,32,33,
35 :36,37,38,39,
36 :35,37,38,39,
37 :35,36,38,39,
38 :35,36,37,39,
39 :35,36,37,38,
40 :41,42,43,44,
41 :40,42,43,44,
42 :40,41,43,44,
43 :40,41,42,44,
44 :40,41,42,43,
45 :46,47,48,49,
46 :45,47,48,49,
47 :45,46,48,49,
48 :45,46,47,49,
49 :45,46,47,48,
50 :51,52,53,54,
51 :50,52,53,54,
52 :50,51,53,54,
53 :50,51,52,54,
54 :50,51,52,53,
55 :56,57,58,59,
56 :55,57,58,59,
57 :55,56,58,59,
58 :55,56,57,59,
59 :55,56,57,58,
60 :61,62,63,64,
61 :60,62,63,64,
62 :60,61,63,64,
63 :60,61,62,64,
64 :60,61,62,63,
65 :66,67,68,69,
66 :65,67,68,69,
67 :65,66,68,69,
68 :65,66,67,69,
69 :65,66,67,68,
70 :71,72,73,74,
71 :70,72,73,74,
72 :70,71,73,74,
73 :70,71,72,74,
74 :70,71,72,73,
75 :76,77,78,79,
76 :75,77,78,79,
77 :75,76,78,79,
78 :75,76,77,79,
79 :75,76,77,78,
80 :81,82,83,84,
81 :80,82,83,84,
82 :80,81,83,84,
83 :80,81,82,84,
84 :80,81,82,83,
85 :86,87,88,89,
86 :85,87,88,89,
87 :85,86,88,89,
88 :85,86,87,89,
89 :85,86,87,88,
90 :91,92,93,94,
91 :90,92,93,94,
92 :90,91,93,94,
93 :90,91,92,94,
94 :90,91,92,93,
95 :96,97,98,99,
96 :95,97,98,99,
97 :95,96,98,99,
98 :95,96,97,99,
99 :95,96,97,98,
#
It:0:Diff:37:PSOStep:7:Time:0.217873805:s:AutomataStep:7:Transition:00000100110000010001100101000010000000000000001010001000100010000000100010010000000000111000100000010100000000000010000000000000100000000100000000101100000100000001011111001000001100001000010000000000000100011100011000000010010010000001000010000010001001100000100000000001010000000001100001001101101100001000100010100001000010000100010011001100000110000001000000000010000100010100000000000010000011100000000000010110001011100000010000000100010000000000100100000000000000001000001001000000001000000000100000001000
000000000000000000000
000000000000000000000
000000000000000000000
000000000000000000000
000000000000000000000
000000000000000000000
000000000000000000000
000000000000000000000
000000000000000000000
000000000000000000000
000100000000000000000
000010000000000000000
000001000000000000000
000000100000000000000
000000010000000000000
000000001000000000000
000000000100000000000
000000000010000000000
000000000000000000000
000000000000000000000
000000000000000000000
#
It:1:Diff:36:PSOStep:7:Time:0.269527427:s:AutomataStep:7:Transition:00010100111111000100110111001000100001101000100101101111110000000000001111100100000101001111010000100001100010011100000000010011100000000110000001101000000010000101110111111010110001001111000100010000000100011101011010001010010110100001001010011000000011010011100011111011010110000100100000111011100000100100001000110011000010000100100101001101101000010101110001100111110100010010110010011110110110000011000100110100100011101010010000000110110000110001101000000010010001001010100001100001010010010000100010111101
000000000000000000000
000000000000000000000
000000000000000000000
000000000000000000000
000000000000000000000
000000000000000000000
000000000000000000000
000000100000000000000
000001011000010000000
000010000010101000000
000111000000010001000
000000000101110010000
000001101100010100000
000000000011001000000
000000010100100000000
000000001001100000000
000000000101000000000
000000000010000000000
000000000000000000000
000000000000000000000
000000000000000000000
#
It:22:Diff:31:PSOStep:7:Time:0.765587449:s:AutomataStep:7:Transition:00000100100110000010110111001000100011101001100001001011110101100000001011100010000100000011000000100001100010010100000101000010100010000110000010000001000000000000100101111010010011001100000000000000000000011000010001001000010000100001011000011000000001110001100010101011010000010100001000001011100000100000101010000010001111000000100001001001100001010001110001000110000100000010000010100010110010000010010100110000000001101000010000000100110000011000101000000011010001001000100001000101010010010001100010100000
000000000000000000000
000000000000000000000
000000000000000000000
000000000000000000000
000000000000000000000
000000000000000000000
000000000000000000000
000000000000000000000
000000010000000000000
000000001100101000000
000101000000001001000
000010011100000010000
000001000000000100000
000000100100001000000
000000010000010000000
000000001000100000000
000000000101000000000
000000000010000000000
000000000000000000000
000000000000000000000
000000000000000000000
#
It:46:Diff:26:PSOStep:7:Time:1.284889555:s:AutomataStep:7:Transition:00100100110110000010100111000010100001101001001001001111110101000000000011100010100100001011000000100001100001010111000000000010100010001110001010000001000000000000100001111010010011011111000100100000000000011001010011010000010000100001011000010000000001100000000010101001010000001100101001011011110000100000101001000010010101000100001101000001100000010001110001000110110000000110001010100010010010000010010100110000000001101100010000000101110000111000101000000010001001000000100011000101000010010000110000101000
000000000000000000000
000000000000000000000
000000000000000000000
000000000010000000000
000000000101000000000
000000000010100000000
000000011000110000000
000000100010000000000
000001000000011000000
000010001111101010000
000100001000000101000
000011110010100010000
000000000100010100000
000000100000001000000
000000011000010000000
000000000000100000000
000000000101000000000
000000000010000000000
000000000000000000000
000000000000000000000
000000000000000000000
#
It:104:Diff:25:PSOStep:7:Time:2.471222579:s:AutomataStep:7:Transition:00110101110110000010000110000000110000111000001001001010110000100000000011000000000100010011010000100001100001001110000000010010100000000000000000000001000000000000100001111010100001011000000001000000000000011010010001000000010000000001001000010000000001100000000011101001010100000100000000001011100000100000001001000000000001000000101001001001100000000101110001000010001100000110001010111010010011000010010101110000000001101001010000001101110000110000100000000000000001000000100011000101000110010010100000101000
000000000000000000000
000000000000000000000
000000000000000000000
000000000010000000000
000000000101000000000
000000001010100000000
000000010001010000000
000000100010000000000
000001000010101000000
000010001000000110000
000101010000001101000
000010101011100010000
000001010000000100000
000000100010001000000
000000010011010000000
000000001010100000000
000000000101000000000
000000000010000000000
000000000000000000000
000000000000000000000
000000000000000000000
#
It:112:Diff:24:PSOStep:7:Time:2.641209124:s:AutomataStep:7:Transition:00110100110110000010000100000000100000101000001001101011111000000000000001100000000001010011010000000001100000111010001000000110100010000000000010000001000000000000100101111010110011011000000001000000001000011010011011000000010110000001001000010010000001010000000011101011010000000110001000001011100001100000000001000000000001000001101101000001100000010101110001000110010000000110000000101010010011000010110100110000100001101000010000000101110000110010100000000000000001000000100011100101000010011000110000101000
000000000000000000000
000000000000000000000
000000000000000000000
000000000010000000000
000000000101000000000
000000001010100000000
000000010101010000000
000000100000100000000
000001001010010000000
000010000110000010000
000101000000010101000
000010001001000010000
000001000000010100000
000000100010001000000
000000010000010000000
000000001010100000000
000000000101000000000
000000000010000000000
000000000000000000000
000000000000000000000
000000000000000000000
#
It:122:Diff:23:PSOStep:7:Time:2.867841686:s:AutomataStep:7:Transition:00110110110110000010000110000010100000101001001001001011111010100000000111000000100101010011000000100001000000111010001000010010100011000100011010000001000000000000100101011010000010011000000001000100000000111010011011010000010100000001001000010010000001010000000001001011010100000100100100011011100001101000001001100000001001100000101101000001100000000101010001000110101000000110000000100010010010000010010100100000100000101000010001000101010000110100100010000000000001000000100111000101000110010000000000001100
000000000000000000000
000000000000000000000
000000000000000000000
000000000010000000000
000000000101000000000
000000001010100000000
000000010010010000000
000000100000001000000
000001000101010100000
000010101010101010000
000101101001010101000
000010000001101010000
000001100000110100000
000000100000001000000
000000010010010000000
000000001010100000000
000000000101000000000
000000000010000000000
000000000000000000000
000000000000000000000
000000000000000000000
#
It:124:Diff:22:PSOStep:7:Time:2.914287994:s:AutomataStep:7:Transition:00110111110100000010000111000010100000101001001001001110011000100000000011100000100100010011010000100000000000111010000000010010100011000100000010000000000000000000100001011010010010011000010101100100001000011001010001110000010000000001001000010000000011010000000000101011010000000100000000001011100001100100100001100000100001000100101001100001100100100001010001000110100000000110001010011010010010000010000101100000100000101000010001010101010000111110101010000000001001000000000010000101000100011000010000011100
000000000000000000000
000000000000000000000
000000000000000000000
000000000010000000000
000000000101000000000
000000001010100000000
000000010101010000000
000000101010101000000
000001001001010100000
000010010110101010000
000101100000010101000
000010001001101010000
000001000100110100000
000000100000001000000
000000010010010000000
000000001010100000000
000000000101000000000
000000000010000000000
000000000000000000000
000000000000000000000
000000000000000000000
#
It:130:Diff:20:PSOStep:7:Time:3.056626252:s:AutomataStep:7:Transition:00110100100100000010000100000011100001101001001001001010010000000000000011000000100101010011000000000001000001111010001000000010100000000100000000000001000100000000100001101010010011011100000001000000001000111010010010010000010010000001001000010000000001000000000011001011010001010000000000001011100000001100100001000011001000000100100101000001100100000000110000000010110100010110001010000110010010001010110100110100000111100000010001000101110000110010101010010000111011000000100111100001000110011000000011001000
000000000000000000000
000000000000000000000
000000000000000000000
000000000010000000000
000000000101000000000
000000001000100000000
000000010100010000000
000000101010000000000
000001010010101000000
000010101011000010000
000101010001001101000
000010000000000010000
000001101100010100000
000000100000001000000
000000010101010000000
000000001010100000000
000000000101000000000
000000000010000000000
000000000000000000000
000000000000000000000
000000000000000000000
#
It:133:Diff:19:PSOStep:7:Time:3.134839816:s:AutomataStep:7:Transition:00110101100100100010000100000000100000101000001001000010010000100000001011000000000101010011000000000101000001100010000000000110100100000000000000000000000000000000100001111010100011011000000001000000000000111000010010000000010010000001001000010000000000010000000011001011010001010000000000001001100001001000000001100001000001000000101101101001100100000001110100000010010100000110000010100110010010001000110100110000000101101000010000010111110000110001101010010000011011000000100111000001000110010000000001111000
000000000000000000000
000000000000000000000
000000000000000000000
000000000010000000000
000000000101000000000
000000001010100000000
000000010100010000000
000000101000001000000
000001001000000100000
000010111010100010000
000101000000000101000
000010000000001010000
000001000110010100000
000000100000001000000
000000010011010000000
000000001010100000000
000000000101000000000
000000000010000000000
000000000000000000000
000000000000000000000
000000000000000000000
#
It:146:Diff:18:PSOStep:7:Time:3.393400762:s:AutomataStep:7:Transition:00110101110100000010000100000000100000101000001101000010010000100000001011100000000101010011010000000001100001100010000000000010100110000000100000000000000000000000100001101010100011011000000001000000000000001000011010000000010000000001011000010000000001010000000001001011010101010100010000011001100001000000000001100001001001000000101001000001100100000001110001000010010000000010000010010110010010001000010101110000000001000000010000010111110000110010101110000000001011000000100011000101000110010000010000111000
000000000000000000000
000000000000000000000
000000000000000000000
000000000010000000000
000000000101000000000
000000001010100000000
000000010100010000000
000000101000001000000
000001000000010100000
000010010010000010000
000101000001000101000
000010000010000010000
000001000100010100000
000000100000001000000
000000010000010000000
000000001010100000000
000000000101000000000
000000000010000000000
000000000000000000000
000000000000000000000
000000000000000000000
#
It:179:Diff:16:PSOStep:7:Time:4.099671429:s:AutomataStep:7:Transition:00110101100100000010000100000001100000101000001101001010010000100000001011100000000101010011010000000001100001000011000000000010100100000000100000000000100000000000100001101010000011011000010001000100000000001000010010000000010000000001001000010000000001010000000001001011010101010000010000001000100001100001000001000001000001000000101001000101100100000001110000000010000000000010000010000110010010001000010100110000000001101000010000000111110000110011101110010000001011000000101111000101000010010000010001111000
000000000000000000000
000000000000000000000
000000000000000000000
000000000010000000000
000000000101000000000
000000001010100000000
000000010100010000000
000000100000001000000
000001000000010100000
000010001010000010000
000101000001000101000
000010000010010010000
000001000100010100000
000000100000001000000
000000010000010000000
000000001010100000000
000000000101000000000
000000000010000000000
000000000000000000000
000000000000000000000
000000000000000000000
#
It:202:Diff:14:PSOStep:7:Time:4.573338341:s:AutomataStep:7:Transition:00110101110100000010000100000000100000111000001101001010010000100000001011100000000101000011010000000000100100000010010001000010100000000000001000000000100000000000100001101010000011011000000001100100000001011000011010010001010000000001001000010000000001000000000011000001010001010000000001001000000001100001000000000000000101000000101001101001100100000000110001000000000100000110000010010110010010001001010100100001000001001000010000000100110000010001100110010000000001000000100111000101000110010000000001101000
000000000000000000000
000000000000000000000
000000000000000000000
000000000010000000000
000000000101000000000
000000001010100000000
000000010100010000000
000000100000001000000
000001000000000100000
000010001010100010000
000101000000000101000
000010000000001010000
000001000100010100000
000000100000001000000
000000010011010000000
000000001010100000000
000000000101000000000
000000000010000000000
000000000000000000000
000000000000000000000
000000000000000000000
end
