PSO TRACE
INIT:../../instances/fazia/init.csv
REF:../../instances/fazia/asvn2.csv
DecodingPolicy:CPPNot
MutationPolicy:Null
ParticleNeighborhood:Fixed
ParticleDims:515
ParticleCount:100
AccP:2.0
AccG:2.0
AccL:1.5
AccI:2.3
Pos:0.0-3.0
Inertia:0.9-0.6
VeloMax:2.0
MaxPSOIteration:250
InertiaDecrFactor:0.0012000000000000001
INIT
000000000000000000000
000000000000000000000
000000000000000000000
000000000000000000000
000000000000000000000
000000000000000000000
000000000000000000000
000000000000000000000
000000000000000000000
000000000000000000000
000000000010000000000
000000000000000000000
000000000000000000000
000000000000000000000
000000000000000000000
000000000000000000000
000000000000000000000
000000000000000000000
000000000000000000000
000000000000000000000
000000000000000000000
REF
000000000000000000000
000000000000000000000
000000000000000000000
000000000010000000000
000000000101000000000
000000001000100000000
000000010100010000000
000000100010001000000
000001010001000100000
000010001010101010000
000100010001000101000
000010001000100010000
000001000100010100000
000000100010001000000
000000010001010000000
000000001000100000000
000000000101000000000
000000000010000000000
000000000000000000000
000000000000000000000
000000000000000000000
Classic CPP Decoder + Not Test
0 :1,2,3,4,
1 :0,2,3,4,
2 :0,1,3,4,
3 :0,1,2,4,
4 :0,1,2,3,
5 :6,7,8,9,
6 :5,7,8,9,
7 :5,6,8,9,
8 :5,6,7,9,
9 :5,6,7,8,
10 :11,12,13,14,
11 :10,12,13,14,
12 :10,11,13,14,
13 :10,11,12,14,
14 :10,11,12,13,
15 :16,17,18,19,
16 :15,17,18,19,
17 :15,16,18,19,
18 :15,16,17,19,
19 :15,16,17,18,
20 :21,22,23,24,
21 :20,22,23,24,
22 :20,21,23,24,
23 :20,21,22,24,
24 :20,21,22,23,
25 :26,27,28,29,
26 :25,27,28,29,
27 :25,26,28,29,
28 :25,26,27,29,
29 :25,26,27,28,
30 :31,32,33,34,
31 :30,32,33,34,
32 :30,31,33,34,
33 :30,31,32,34,
34 :30,31,32,33,
35 :36,37,38,39,
36 :35,37,38,39,
37 :35,36,38,39,
38 :35,36,37,39,
39 :35,36,37,38,
40 :41,42,43,44,
41 :40,42,43,44,
42 :40,41,43,44,
43 :40,41,42,44,
44 :40,41,42,43,
45 :46,47,48,49,
46 :45,47,48,49,
47 :45,46,48,49,
48 :45,46,47,49,
49 :45,46,47,48,
50 :51,52,53,54,
51 :50,52,53,54,
52 :50,51,53,54,
53 :50,51,52,54,
54 :50,51,52,53,
55 :56,57,58,59,
56 :55,57,58,59,
57 :55,56,58,59,
58 :55,56,57,59,
59 :55,56,57,58,
60 :61,62,63,64,
61 :60,62,63,64,
62 :60,61,63,64,
63 :60,61,62,64,
64 :60,61,62,63,
65 :66,67,68,69,
66 :65,67,68,69,
67 :65,66,68,69,
68 :65,66,67,69,
69 :65,66,67,68,
70 :71,72,73,74,
71 :70,72,73,74,
72 :70,71,73,74,
73 :70,71,72,74,
74 :70,71,72,73,
75 :76,77,78,79,
76 :75,77,78,79,
77 :75,76,78,79,
78 :75,76,77,79,
79 :75,76,77,78,
80 :81,82,83,84,
81 :80,82,83,84,
82 :80,81,83,84,
83 :80,81,82,84,
84 :80,81,82,83,
85 :86,87,88,89,
86 :85,87,88,89,
87 :85,86,88,89,
88 :85,86,87,89,
89 :85,86,87,88,
90 :91,92,93,94,
91 :90,92,93,94,
92 :90,91,93,94,
93 :90,91,92,94,
94 :90,91,92,93,
95 :96,97,98,99,
96 :95,97,98,99,
97 :95,96,98,99,
98 :95,96,97,99,
99 :95,96,97,98,
#
It:0:Diff:44:PSOStep:1:Time:0.190473052:s:AutomataStep:1:Transition:00110110001101000010111101101001110010110000100010001000100101000001100010001010100000010000110011100110010101011101010011101000011000001001011100001000100000000011100000110001010000000110110000001000000001000100000101001110001001101101001100011110100000001101010000001000011000100001011000011000000111001010000000011001100100011000000001001010000001000101000011011000100011001011100000000100100010100000010000001010100101001110011100010011001000110010010110000111000000000001010000000111010001100111101000000101
000000000000000000000
000000000000000000000
000000000000000000000
000000000000000000000
000000000000000000000
000000000000000000000
000000000000000000000
000000000000000000000
000000000000000000000
000000000010000000000
000000000001000000000
000000000001000000000
000000000000000000000
000000000000000000000
000000000000000000000
000000000000000000000
000000000000000000000
000000000000000000000
000000000000000000000
000000000000000000000
000000000000000000000
#
It:1:Diff:37:PSOStep:7:Time:0.23887446:s:AutomataStep:7:Transition:00110110000001010000000100100000100001110000100000000000110000010001000010001010101000110100100000100010001001010111000011100100001100000011010001000010100000001011000000101000000000001100110000001000000000010000100010011100000001101001010000001010000010000011010000010001001000100101100010000000000001111000100000001001000100001000000011011100100001010011000001111000100000100000010001000000000110100000111000000010001101000000010100010011001000100110010110011111010110100001110100011111010111010110011011010111
000000000000000000000
000000000000000000000
000000000000000000000
000000000010000000000
000000000001000000000
000000000000100000000
000000000000010000000
000000000000001000000
000000000000000100000
000000000000000010000
000000000000000001000
000000000000000000000
000000000000000000000
000000000000000000000
000000000000000000000
000000000000000000000
000000000000000000000
000000000000000000000
000000000000000000000
000000000000000000000
000000000000000000000
#
It:5:Diff:36:PSOStep:7:Time:0.342614966:s:AutomataStep:7:Transition:00110110000101110101010000101001110110111001100010100000110110010101010001001111001100110010011010000011101100010111010010111110111100010011010100001010101101101011000000101000000100101100111100001110000100010111000111011100010011100000000011011010101010010011010000010011001010000101110110000000001001101000100010001000010101011000001111011000101001001101000011111010111010101000011011001100010111111000000000001000101100001110010100011111001000100100010010011010100010100001010101011111011111000111111011010111
000000000000000000000
000000000000000000000
000000000000000000000
000000000010000000000
000000000001000000000
000000000000100000000
000000000001010000000
000000000001001000000
000000000001100100000
000000000111000010000
000000000011100001000
000000000000110110000
000000000000101100000
000000000010001000000
000000000000010000000
000000000000100000000
000000000001000000000
000000000010000000000
000000000000000000000
000000000000000000000
000000000000000000000
#
It:46:Diff:35:PSOStep:7:Time:1.252483391:s:AutomataStep:7:Transition:00110110000101100100010000101000110010101001100010100000110100010001010001001100001000010000011010000001001000010011000010000110101100010011010000001010101100000011000000101000010100000100111000001000000000010010000001111100010011101000000011011010001010000001010000010001001000000101100110000000000001101000100010011000110101011000000001011100111001001101000011011010110010001000011011000100010010100000010000001000101010001110010000011111001000100100010000011010000010100001010000011111010111000111111010010111
000000000000000000000
000000000000000000000
000000000000000000000
000000000010000000000
000000000001000000000
000000000000100000000
000000000001010000000
000000000001001000000
000000000001000100000
000000000001000010000
000000000100001001000
000000000000000010000
000000000000010100000
000000000000101000000
000000000000010000000
000000000010100000000
000000000001000000000
000000000010000000000
000000000000000000000
000000000000000000000
000000000000000000000
#
It:71:Diff:34:PSOStep:7:Time:1.799100074:s:AutomataStep:7:Transition:00110110000001000101010000001000110010101000000000001000110000010101000000001100001000011100011000000011101101010011010110001110101100000000010000001011101101000001000000101000001100100100110100001110000000001110100010111000000011100000000001011011101010010001010000110001011010000101010100001000000011111001100010001000000101011000001111011000011001011100010011011000101010001100011011001000010001000000000000001000100000010110010000011111000000101100010000011110100010110001010000011101010101000111011010010111
000000000000000000000
000000000000000000000
000000000000000000000
000000000010000000000
000000000001000000000
000000000000100000000
000000000110010000000
000000000000011000000
000000000000000100000
000000000110110010000
000000000001000001000
000000000010000110000
000000000000010100000
000000000001101000000
000000000000010000000
000000000001100000000
000000000001000000000
000000000010000000000
000000000000000000000
000000000000000000000
000000000000000000000
#
It:73:Diff:32:PSOStep:7:Time:1.852270706:s:AutomataStep:7:Transition:00110100000100110001010000100000110000111001100010101010110000010000000001001001001000010010000011000000001000010100010100000010101100000001110001000010100001001001000000001000001100000100111100001110100000010100100001011100000010000100000001110010101010010010010000110000001100000101101010000000000001101000110010001000110101010000000000001000110001001101000011011000110000001000010011001000000000100000000000000000100100000100011000001111000000101100010010011010100010100001010100011011011111000110111010000111
000000000000000000000
000000000000000000000
000000000000000000000
000000000010000000000
000000000001000000000
000000000010100000000
000000000000010000000
000000000000101000000
000000000001000100000
000000000000001010000
000000000000110001000
000000000000101010000
000000000000010100000
000000000000011000000
000000000000010000000
000000000000100000000
000000000001000000000
000000000010000000000
000000000000000000000
000000000000000000000
000000000000000000000
#
It:96:Diff:28:PSOStep:7:Time:2.29787107:s:AutomataStep:7:Transition:00100100000100100001000000000000110000111011100000101000110000010001000001101001001000010010000010000000000000010000010110100010111110000001010001000010100000011001000000000000001100000100111100001110100000000101100001011000000010000101001011010010101010000010010000110010001000000101100110000000000001001000110010001111000101010000000000001010010001011101001011010000100000001000010011000000000000100000001000000000100000000100010000001111000000111100010010011010100010100001010100011011011111100110111010000111
000000000000000000000
000000000000000000000
000000000000000000000
000000000010000000000
000000000001000000000
000000000010100000000
000000000000010000000
000000000000101000000
000000000001000100000
000000000010101010000
000000000000010001000
000000000000100010000
000000000001000100000
000000000010001000000
000000000000010000000
000000000000100000000
000000000001000000000
000000000010000000000
000000000000000000000
000000000000000000000
000000000000000000000
#
It:175:Diff:27:PSOStep:7:Time:3.83127698:s:AutomataStep:7:Transition:00100100000100100000010000001000111000101000100010101000110000010101000111001111101001010010100011000000001010010100010111101010101100000001010001000010100001000011000000001000001100000100111100001110000000000000000000011001000000100001000011010010101011000000010000110011001000000101110110000000001001001001100010001111110101010000000000011000010001001101000001010000110000001000010011010100000110101000000000000010100000001100010100001001000000101100010000011011100010100001010101011011011010101110111010010111
000000000000000000000
000000000000000000000
000000000000000000000
000000000010000000000
000000000001000000000
000000000000100000000
000000000000010000000
000000000010001000000
000000000001000100000
000000000000100010000
000000000000110001000
000000000000100010000
000000000100000100000
000000000010011000000
000000000010010000000
000000000000100000000
000000000101000000000
000000000010000000000
000000000000000000000
000000000000000000000
000000000000000000000
#
It:178:Diff:26:PSOStep:7:Time:3.899653423:s:AutomataStep:7:Transition:00100100100000100001000000000000110011111001100000101000110010010001000111001101000100010000000010010010001000010000010110101100111110000001010100100010100101000011000000000000001100001000111110001000010100100001100001101000000010100001000010110010101010000000010000011010011000000101100010000000000001001001100000001011110101011000010000001000010001000001001010010010100000001000011011010000000010100000000000001010000000001000010000011011000000100100000010011111100000100001100100011010011110000110111010000111
000000000000000000000
000000000000000000000
000000000000000000000
000000000010000000000
000000000101000000000
000000001010100000000
000000010101010000000
000000101010101000000
000001010101100100000
000010101010001010000
000101010100001101000
000010101000110010000
000001011010100100000
000000100100011000000
000000010000010000000
000000001110100000000
000000000101000000000
000000000010000000000
000000000000000000000
000000000000000000000
000000000000000000000
#
It:207:Diff:19:PSOStep:7:Time:4.495836666:s:AutomataStep:7:Transition:00100100100000100001000000000010110001111001100000000000110010010001000110001111000000010000010010000000001000010000010010100000111110000001010000000010110101000001010000001001001100001100010110001000000100100001100000001000000010000001000010100010100000000010010000010000011000000101100010001000000001001000100000001010110101000000010000000010010001001101000011010000100000001000011011000000000010100000000000001010010000000000010000001001000000000100000110011111100000100001101100001110010110000110111010010101
000000000000000000000
000000000000000000000
000000000000000000000
000000000010000000000
000000000101000000000
000000001010100000000
000000010101010000000
000000101010101000000
000001010101010100000
000010101010101010000
000101010101010101000
000010101010101010000
000001010101010100000
000000101010101000000
000000010101010000000
000000001010100000000
000000000101000000000
000000000010000000000
000000000000000000000
000000000000000000000
000000000000000000000
end
