PSO TRACE
INIT:../../instances/fazia/init.csv
REF:../../instances/fazia/asvn2.csv
DecodingPolicy:CPPNot
MutationPolicy:Null
ParticleNeighborhood:Fixed
ParticleDims:515
ParticleCount:100
AccP:2.0
AccG:2.0
AccL:1.5
AccI:2.3
Pos:0.0-3.0
Inertia:0.9-0.6
VeloMax:2.0
MaxPSOIteration:250
InertiaDecrFactor:0.0012000000000000001
INIT
000000000000000000000
000000000000000000000
000000000000000000000
000000000000000000000
000000000000000000000
000000000000000000000
000000000000000000000
000000000000000000000
000000000000000000000
000000000000000000000
000000000010000000000
000000000000000000000
000000000000000000000
000000000000000000000
000000000000000000000
000000000000000000000
000000000000000000000
000000000000000000000
000000000000000000000
000000000000000000000
000000000000000000000
REF
000000000000000000000
000000000000000000000
000000000000000000000
000000000010000000000
000000000101000000000
000000001000100000000
000000010100010000000
000000100010001000000
000001010001000100000
000010001010101010000
000100010001000101000
000010001000100010000
000001000100010100000
000000100010001000000
000000010001010000000
000000001000100000000
000000000101000000000
000000000010000000000
000000000000000000000
000000000000000000000
000000000000000000000
Classic CPP Decoder + Not Test
0 :1,2,3,4,
1 :0,2,3,4,
2 :0,1,3,4,
3 :0,1,2,4,
4 :0,1,2,3,
5 :6,7,8,9,
6 :5,7,8,9,
7 :5,6,8,9,
8 :5,6,7,9,
9 :5,6,7,8,
10 :11,12,13,14,
11 :10,12,13,14,
12 :10,11,13,14,
13 :10,11,12,14,
14 :10,11,12,13,
15 :16,17,18,19,
16 :15,17,18,19,
17 :15,16,18,19,
18 :15,16,17,19,
19 :15,16,17,18,
20 :21,22,23,24,
21 :20,22,23,24,
22 :20,21,23,24,
23 :20,21,22,24,
24 :20,21,22,23,
25 :26,27,28,29,
26 :25,27,28,29,
27 :25,26,28,29,
28 :25,26,27,29,
29 :25,26,27,28,
30 :31,32,33,34,
31 :30,32,33,34,
32 :30,31,33,34,
33 :30,31,32,34,
34 :30,31,32,33,
35 :36,37,38,39,
36 :35,37,38,39,
37 :35,36,38,39,
38 :35,36,37,39,
39 :35,36,37,38,
40 :41,42,43,44,
41 :40,42,43,44,
42 :40,41,43,44,
43 :40,41,42,44,
44 :40,41,42,43,
45 :46,47,48,49,
46 :45,47,48,49,
47 :45,46,48,49,
48 :45,46,47,49,
49 :45,46,47,48,
50 :51,52,53,54,
51 :50,52,53,54,
52 :50,51,53,54,
53 :50,51,52,54,
54 :50,51,52,53,
55 :56,57,58,59,
56 :55,57,58,59,
57 :55,56,58,59,
58 :55,56,57,59,
59 :55,56,57,58,
60 :61,62,63,64,
61 :60,62,63,64,
62 :60,61,63,64,
63 :60,61,62,64,
64 :60,61,62,63,
65 :66,67,68,69,
66 :65,67,68,69,
67 :65,66,68,69,
68 :65,66,67,69,
69 :65,66,67,68,
70 :71,72,73,74,
71 :70,72,73,74,
72 :70,71,73,74,
73 :70,71,72,74,
74 :70,71,72,73,
75 :76,77,78,79,
76 :75,77,78,79,
77 :75,76,78,79,
78 :75,76,77,79,
79 :75,76,77,78,
80 :81,82,83,84,
81 :80,82,83,84,
82 :80,81,83,84,
83 :80,81,82,84,
84 :80,81,82,83,
85 :86,87,88,89,
86 :85,87,88,89,
87 :85,86,88,89,
88 :85,86,87,89,
89 :85,86,87,88,
90 :91,92,93,94,
91 :90,92,93,94,
92 :90,91,93,94,
93 :90,91,92,94,
94 :90,91,92,93,
95 :96,97,98,99,
96 :95,97,98,99,
97 :95,96,98,99,
98 :95,96,97,99,
99 :95,96,97,98,
#
It:0:Diff:41:PSOStep:3:Time:0.201253653:s:AutomataStep:3:Transition:00100000000001000000010010001011100000001100001100000100111000010000000101000010100000010100000000010001100010110000000010000001001011010100010101011010000001000000001000010000000000100100000010000111000000000101000100000001000010000111010000111000010000101100000001010011000000000001011000000101001101000101011010011000010011100110000001010110100000000000000100000000010000000010000010000000000000001010010000000000101000010100100010010000000010001010001000000001010101011001000000000001000110001000100011000101
000000000000000000000
000000000000000000000
000000000000000000000
000000000000000000000
000000000000000000000
000000000000000000000
000000000000000000000
000000000010000000000
000000000001000000000
000000000010000000000
000000000001000000000
000000000001100000000
000000000000010000000
000000000000010000000
000000000000000000000
000000000000000000000
000000000000000000000
000000000000000000000
000000000000000000000
000000000000000000000
000000000000000000000
#
It:8:Diff:37:PSOStep:7:Time:0.390862209:s:AutomataStep:7:Transition:00100001000000000000010010001011101000001101001000000100110000010010000011000010100000011000000110111011100111010000100000000011011000010000110111011101000001001100001000110001000000101100110111000001000000000111000100000000001111000100010100011000010000100100011000010000000010001000000000100101001101000101010000010010000110101100000000100111000010000000000100000001000000100010010010000110000000001000010001001111101010000101001010010000000001000100100100010001110101010001000001010011000000001000100011000001
000000000000000000000
000000000000000000000
000000000000000000000
000000000010000000000
000000000001000000000
000000000000100000000
000000000000010000000
000000000000001000000
000000000000000100000
000000000000000010000
000000000000000001000
000000000000000000000
000000000000000000000
000000000000000000000
000000000000000000000
000000000000000000000
000000000000000000000
000000000000000000000
000000000000000000000
000000000000000000000
000000000000000000000
#
It:12:Diff:35:PSOStep:7:Time:0.463348099:s:AutomataStep:7:Transition:00110000010101000000000010000000101000000000100001000101010100000000000001100000010000000000010100000011100000000000000000010010100010001000010111000101010001000100101000000001000000100000100011000001010000000100010001000000001010000101000000000000011000000000011000000000000000000000010010011100000001100100001001001001000000100110000000000110000100000100000100000000011001010010111010000000000000110100000000000100000010011000000000011000000001100000101100000000100100100000000000010000010000001000000000000100
000000000000000000000
000000000000000000000
000000000000000000000
000000000010000000000
000000000001000000000
000000000010100000000
000000000001010000000
000000000010001000000
000000000000000100000
000000000010000010000
000000000010100101000
000000000001010010000
000000000100010100000
000000000100101000000
000000000010010000000
000000000010100000000
000000000001000000000
000000000010000000000
000000000000000000000
000000000000000000000
000000000000000000000
#
It:15:Diff:32:PSOStep:7:Time:0.521894995:s:AutomataStep:7:Transition:00110100000001000000011010000000100000000000100000000100010110000000010100000001010000000000010000000111101000010001010010010001100010000000010101000111010001000000100000010001000000100000000001000000000000000110010001000100000000000101000010010000000010100000011000000010000000000000000010010000001001010000001100011001010010011110110100000110000100000100000100010000001000000010001000000101000000100101000000000100000110011001100000011000001001100100101100000000110001100001000000000000011010001010100000000101
000000000000000000000
000000000000000000000
000000000000000000000
000000000010000000000
000000000001000000000
000000000010100000000
000000000000010000000
000000000010101000000
000000000001000100000
000000000010001010000
000000000000000001000
000000000010001010000
000000000001000100000
000000000010101000000
000000000000010000000
000000000010100000000
000000000001000000000
000000000010000000000
000000000000000000000
000000000000000000000
000000000000000000000
#
It:20:Diff:31:PSOStep:7:Time:0.718595072:s:AutomataStep:7:Transition:00100100000000100000010010000000100001000000111000000100010100000010010101000001000000000010010001110111101010010001010010010001100010000000010101001111010001001000100000000100010000100110000001000000000000000110010001000100001000000010000010010000000010100000001000010000000100100000000000010000011000000010001111011000010010000110110000000100001100000100000001001000001000000010001001100100000000100101010000000100000110011001100000010100000101000100001100100000010000010001000000000001010110011000100000000101
000000000000000000000
000000000000000000000
000000000000000000000
000000000010000000000
000000000001000000000
000000000010100000000
000000000000010000000
000000000000101000000
000000000001000100000
000000000000001010000
000000000010000001000
000000000000000010000
000000000000000100000
000000000000001000000
000000000000010000000
000000000000100000000
000000000001000000000
000000000010000000000
000000000000000000000
000000000000000000000
000000000000000000000
#
It:29:Diff:30:PSOStep:7:Time:0.927660646:s:AutomataStep:7:Transition:00110101000100000000010010001100101100000100101000000100110100010010010101000000010000000010010001000111101000010001000010000010100010000000010001011111010101001000101100000111000000100000000011010000010000100100000011100100001010000111000001010000000010100110011000000010000000100010000010000000011001010000001000001000000010000110100100000100000100000100000001000000000000000010101010000000000010100101110100000110000100010001100000010001100100000100001100100000110001011001000011000000010110001000100001010101
000000000000000000000
000000000000000000000
000000000000000000000
000000000010000000000
000000000001000000000
000000000000100000000
000000000000010000000
000000000000001000000
000000000000000100000
000000000000000010000
000000000000000001000
000000000000000010000
000000000000000100000
000000000000001000000
000000000000010000000
000000000000100000000
000000000001000000000
000000000010000000000
000000000000000000000
000000000000000000000
000000000000000000000
#
It:31:Diff:28:PSOStep:7:Time:0.96516122:s:AutomataStep:7:Transition:00110111100101010000010011000000100000000000100000000100010100000010010101100001010000000010010001010011101000010001010010010001100010100000000101001101010001000000100010000100010000100110000001000000000000000100010001000100000000000001000011010000000010100000001000010000000000100000000010000100001000000001000001011000000010001111110100000100000100000100000100001000001000000010111000000101000000100101010000000100000110011001100000011000101101000100001100000000110001111001000000001001011010001011100000000101
000000000000000000000
000000000000000000000
000000000000000000000
000000000010000000000
000000000101000000000
000000001000000000000
000000010000010000000
000000000000000000000
000001010100011000000
000000000000000010000
000100010001000101000
000010000000001010000
000000000100110100000
000000001100001000000
000000000000010000000
000000000010100000000
000000000101000000000
000000000010000000000
000000000000000000000
000000000000000000000
000000000000000000000
#
It:33:Diff:24:PSOStep:7:Time:1.006535803:s:AutomataStep:7:Transition:00110110100001000000000010000000100000000000000000100000010000010000010000100001010000001000010001100011101000100000000000010000100010101000010101000000010001000000101100000010000000100100100000000000010010000100011011100000001000000101000011000000010010100000010000000000000000001000000001010000001001000000001001001001010000101111000101100110100000000000000000001000000000011011101000100000000010100100000000100100000000001000100001000000101000010100000000000000100000010001100000000000011010011001000000000000
000000000000000000000
000000000000000000000
000000000000000000000
000000000010000000000
000000000101000000000
000000001010100000000
000000011000010000000
000000100010001000000
000001000000000100000
000010001000001010000
000100100000100101000
000000001000001010000
000000000001010100000
000000000011101000000
000000000000010000000
000000000100100000000
000000000101000000000
000000000010000000000
000000000000000000000
000000000000000000000
000000000000000000000
#
It:38:Diff:21:PSOStep:7:Time:1.125377522:s:AutomataStep:7:Transition:00110100101101000000000010000001100001000000010000001100010100010010010101000001000000000010010001110111101000000001000000010000100010000000000101001001010001000000101010000000000000100100000000000000010000100100010001100000000000000001010010011000010011100000000000000010000000101001000011010000001000000000000001001000000010110111000101000110000100000100000000001010001000100010101001000000000000100100010000000100000000010001100000001000101000000100000000100000100000110001100000001000001010011001100000000001
000000000000000000000
000000000000000000000
000000000000000000000
000000000010000000000
000000000101000000000
000000001000100000000
000000010100010000000
000000100110001000000
000001010101000100000
000010001000000010000
000100000100010101000
000010101110001010000
000001010000110100000
000000101000001000000
000000010101010000000
000000001010100000000
000000000101000000000
000000000010000000000
000000000000000000000
000000000000000000000
000000000000000000000
#
It:59:Diff:19:PSOStep:7:Time:1.61859902:s:AutomataStep:7:Transition:00110110100000110000000010000000100000000100000000001000000100010010000100000001000000000001101001010011111000000000010000010000100110000000000101001011010101000000101010000010000010100110000000000000000010100100001000100000000000000011110010111000000001000000000000010010000000001000000001110000001101000000001001011000000010111110100101000100000000000100000100001010000001000010000011001001000000100100010000000100000000001000100000001000001000000101000100100000100000011101100000000000000010010001100000010101
000000000000000000000
000000000000000000000
000000000000000000000
000000000010000000000
000000000101000000000
000000001010100000000
000000010100010000000
000000101010001000000
000001000010010100000
000010001100000010000
000101000000100101000
000010001000101010000
000001000101010100000
000000100000001000000
000000010000010000000
000000001010100000000
000000000101000000000
000000000010000000000
000000000000000000000
000000000000000000000
000000000000000000000
#
It:75:Diff:14:PSOStep:7:Time:1.992761556:s:AutomataStep:7:Transition:00100011100000100001001010010100100000100100110000100000001101010000000000000001000000001001010001111011011000000000000000010001100101001100010100000100000011000000101010000001011000101000010000000000000000100001010000000000000000000011100000111100000001100000000001110000001001001100000011110000001001000010000001101001000001010110100000000110000000010100000000001010000000100010001010011011000100100000010110000101001000010000100000001100001001000100000000001010010000010001100000000001010000111000000010010000
000000000000000000000
000000000000000000000
000000000000000000000
000000000010000000000
000000000101000000000
000000001000100000000
000000010000010000000
000000101010001000000
000001010000000100000
000010101001010010000
000100010000001101000
000010001000000010000
000001000101000100000
000000100010001000000
000000010001010000000
000000001000100000000
000000000101000000000
000000000010000000000
000000000000000000000
000000000000000000000
000000000000000000000
#
It:101:Diff:8:PSOStep:7:Time:2.534367966:s:AutomataStep:7:Transition:00100011100000010000000010010100100000100100110000000000000101000000000000010001000000001001010100110011011000000000000000010001100000001100010100010100001001000000101010000101011000100000010000100000001000000001011000000000000000000011100000110100000001100000000011000100000000001100000101110000000000000111001111011001000101010110100000000100010000000100000000001010000100100010001010011011100100111000010000010100010011010000101000001100001000000100000000000010010000010001010000001001000010011001100000000010
000000000000000000000
000000000000000000000
000000000000000000000
000000000010000000000
000000000101000000000
000000001010100000000
000000010101010000000
000000101000101000000
000001010001010100000
000010101010101010000
000100010001010101000
000010001000100010000
000001000100010100000
000000100010001000000
000000010001010000000
000000001000100000000
000000000101000000000
000000000010000000000
000000000000000000000
000000000000000000000
000000000000000000000
#
It:180:Diff:5:PSOStep:7:Time:4.206049482:s:AutomataStep:7:Transition:00100011100001010000000010010100100000100100010000010000000100000000000000010001000000001001010100110010011110000000000000010001100110001100010101010110001011000000100110000011011000100100010100100010001000001101001000000000000000000001101000111010000001100000000011010000000001001100000111100000000100010101001001011001000101000110100000000100010010001110000000001010000110100010000010011010100100111000000010010100000011001000101010001100000000000100000000000011010000010001100000001001000010011001100000000010
000000000000000000000
000000000000000000000
000000000000000000000
000000000010000000000
000000000101000000000
000000001000100000000
000000010000010000000
000000101010001000000
000001010001010100000
000010101000101010000
000100010001000101000
000010001000100010000
000001000100010100000
000000100010001000000
000000010001010000000
000000001000100000000
000000000101000000000
000000000010000000000
000000000000000000000
000000000000000000000
000000000000000000000
end
