PSO TRACE
INIT:../../instances/fazia/init.csv
REF:../../instances/fazia/asm3.csv
DecodingPolicy:Nibble
MutationPolicy:Null
ParticleNeighborhood:EDist
ParticleDims:146
ParticleCount:100
AccP:2.0
AccG:2.0
AccL:1.5
AccI:2.3
Pos:0.0-3.0
Inertia:0.9-0.6
VeloMax:2.0
MaxPSOIteration:500
InertiaDecrFactor:6.000000000000001E-4
INIT
000000000000000000000
000000000000000000000
000000000000000000000
000000000000000000000
000000000000000000000
000000000000000000000
000000000000000000000
000000000000000000000
000000000000000000000
000000000000000000000
000000000010000000000
000000000000000000000
000000000000000000000
000000000000000000000
000000000000000000000
000000000000000000000
000000000000000000000
000000000000000000000
000000000000000000000
000000000000000000000
000000000000000000000
REF
000000000000000000000
000000000000000000000
000000000000000000000
000111111111111111000
000011000011011110000
000111011110111101000
000000110111100010000
000111101011011111000
000010011111010110000
000111101110110001000
000001011001011110000
000111111110111111000
000011100010101010000
000111110011101101000
000000110011101110000
000111101110011111000
000010010101110110000
000111001100110011000
000000000000000000000
000000000000000000000
000000000000000000000
Nibble Decoder
#
It:0:Diff:119:PSOStep:7:Time:0.253900039:s:AutomataStep:7:Transition:01100110111010101100100001001000110010001000110001101010101000001110010011101010101010000000001001001110011001100000111001000100011011000100110010101110100010001000010000101000101001001010011010001110011010000000000000001000101001001100101001000010011001000000100000100100000010000000000000101100110011000100011010100110010001001110111001101100111011000010101010000000010011101110010010101010100000000000001001001000010011101000001001000000011011100100110011001010101011000000111010000110000010100000001001101110
000000000000000000000
000000000000000000000
000000000000000000000
000111111110000000000
000101111111000000000
000111000000100000000
000111010011110000000
000111000001101000000
000111100010111100000
000110111010011010000
000111000011100111000
000111000000001110000
000111000011101000000
000111101110100000000
000111000001110000000
000111100000100000000
000110011100000000000
000100000000000000000
000000000000000000000
000000000000000000000
000000000000000000000
#
It:1:Diff:83:PSOStep:7:Time:0.506418189:s:AutomataStep:7:Transition:01101110001000001100110001001100101010000100110001001010101011001110010000100000110000101000010001100000010011101110000011100010011011000110101011001110000000000110111000000010100000101100001001101110010010001010110011101000101011101010101000101110001001001000100001101110000011000110111001101010000011000100011011000100001001001110000011101010011010100110101000000010011000101110111010101100101011101010111001001100010001101000000001000000010000001110101010101100101000000000000011001110000010101000011001000000
000000000000000000000
000000000000000000000
000000000000000000000
000111100011011011000
000011000011011011000
000111001000000101000
000010110001000010000
000111000100000011000
000010111101001101000
000111100010111011000
000010010111011000000
000111110000110011000
000011000000110101000
000111010000001011000
000010000011100110000
000111101100110111000
000011111110100001000
000101010101010101000
000000000000000000000
000000000000000000000
000000000000000000000
end
