PSO TRACE
INIT:../../instances/fazia/init.csv
REF:../../instances/fazia/asm3.csv
DecodingPolicy:Nibble
MutationPolicy:Null
ParticleNeighborhood:EDist
ParticleDims:146
ParticleCount:100
AccP:2.0
AccG:2.0
AccL:1.5
AccI:2.3
Pos:0.0-3.0
Inertia:0.9-0.6
VeloMax:2.0
MaxPSOIteration:500
InertiaDecrFactor:6.000000000000001E-4
INIT
000000000000000000000
000000000000000000000
000000000000000000000
000000000000000000000
000000000000000000000
000000000000000000000
000000000000000000000
000000000000000000000
000000000000000000000
000000000000000000000
000000000010000000000
000000000000000000000
000000000000000000000
000000000000000000000
000000000000000000000
000000000000000000000
000000000000000000000
000000000000000000000
000000000000000000000
000000000000000000000
000000000000000000000
REF
000000000000000000000
000000000000000000000
000000000000000000000
000111111111111111000
000011000011011110000
000111011110111101000
000000110111100010000
000111101011011111000
000010011111010110000
000111101110110001000
000001011001011110000
000111111110111111000
000011100010101010000
000111110011101101000
000000110011101110000
000111101110011111000
000010010101110110000
000111001100110011000
000000000000000000000
000000000000000000000
000000000000000000000
Nibble Decoder
#
It:0:Diff:120:PSOStep:7:Time:0.18555904:s:AutomataStep:7:Transition:01001000010001000010010010100000100000000100101011000110000010001110101000100110010000000010001001101110011000101100001000001010011001000000011011101100001001001000011010001010011000101100111000101000011010001000110011100100011010100000100000001010100011100010001010101110001011100110101011000110100000000000011001001100011011100100110010101010011001001100110011000110111010000110100001001010101000101010000001000110000001100100110010101010110010101100100011101010011011000000010000101110011000001110100011000110
000000000000000000000
000000000000000000000
000000000000000000000
000101010101010101000
000000000000000001000
000100001100110010000
000010010011010001000
000111010000101100000
000001001001100101000
000100100010101000000
000010001010001101000
000111101110011100000
000000100010110000000
000100001110000000000
000010101100000000000
000111110000000000000
000001000000000000000
000100000000000000000
000000000000000000000
000000000000000000000
000000000000000000000
#
It:4:Diff:105:PSOStep:7:Time:0.702096118:s:AutomataStep:7:Transition:01100110111001100110011011000010110000001100110000100010110010001110011000001110111000101110101011000100000011001100010000000110000000000000010001100010100001100000101010101110011001100000100011000100010011000100110011000110110011001100101001101010001000001000011011000110101000001100100001101100000011000110011001101000111011000010110000001100001011001100000001101000110011000110001011001010100010101100100001001110101011101100001011001110011001100010100000100100011000000110111010001100011010001000101001000100
000000000000000000000
000000000000000000000
000000000000000000000
000111111110000000000
000111111101000000000
000011010000000000000
000101111101000000000
000111010110001000000
000010010101010100000
000100111110000000000
000111101011011010000
000010010010010000000
000011101001100010000
000000110110100000000
000101101100111010000
000111100110111000000
000101010101010101000
000101010101010101000
000000000000000000000
000000000000000000000
000000000000000000000
#
It:14:Diff:101:PSOStep:7:Time:1.389191866:s:AutomataStep:7:Transition:01101010011011101010001000101000001010100000001011100010001001001110011001101110111001100000101011101110011011100100001001101110111010100110001001000110010000001110101000100110010011100110111001100110001000100010110000100100011000100110010000100100010010101000011000100100001010101110011010101000110011100100010001101100010011100010011001100110011000101110111001101110001011000110011001101000011011100010100000100110111011101110111000100100111001001010111000100010011001100110011001000010000011101010010011000100
000000000000000000000
000000000000000000000
000000000000000000000
000111111001111011000
000010100111101110000
000110100000011111000
000011110001010000000
000110111110101001000
000011010001101010000
000110001101001111000
000011001011001100000
000110001110000011000
000011111011000010000
000110101000110111000
000011010001100100000
000111100010001001000
000010100010001010000
000110110111011011000
000000000000000000000
000000000000000000000
000000000000000000000
#
It:16:Diff:94:PSOStep:7:Time:1.536207315:s:AutomataStep:7:Transition:01101100011000000100011000101000001001000010001010100000001010001000011001100110000001100110101011101110011011101110111001101010101001000110101001100000100010001110101000100110011011101100101011101000001000100010100000100110011000101100110001100100011010101110011000101010101010001010011011001000101001000000011001100000011001100000011001100000111000101110110000000000001000000110011001100100011001000010111000100000111010001110000000100110000000000010010000101010110001100110100001100010001011101100010001001100
000000000000000000000
000000000000000000000
000000000000000000000
000111011101110111000
000000110011001100000
000111000000110011000
000000111111100000000
000100100100110011000
000001001110010010000
000111000001011111000
000001010001000000000
000110011000111011000
000001100100010110000
000110011010010011000
000001101110001100000
000101000000010111000
000001100111001010000
000110111100111111000
000000000000000000000
000000000000000000000
000000000000000000000
#
It:48:Diff:80:PSOStep:7:Time:3.808173459:s:AutomataStep:7:Transition:01101000011001100010111001001010010011000110111010101110110011001010011000100110001001100110010001101100011010000000100001101110011000001010101001100100110000100100010000101110110011100110011000101000010000000100001010000010010001101110011000100110110001101000010001000010010000101110000010001110001001100010011001100110110010100100111010000100111001000110001001100110010000100110011010100100011000001000000011001110111000000000100000000000010011101000011011100010101011100010111011100100011010001100101000000110
000000000000000000000
000000000000000000000
000000000000000000000
000111011101110111000
000001001110001110000
000110110111101101000
000000111000000010000
000110001011000101000
000001110001111110000
000110001010110001000
000000110000000010000
000111101100000011000
000001100010001000000
000110101000000101000
000000110111111100000
000110111010010101000
000000000000000000000
000101010101010101000
000000000000000000000
000000000000000000000
000000000000000000000
end
