PSO TRACE
INIT:../../instances/fazia/init.csv
REF:../../instances/fazia/asm3.csv
DecodingPolicy:Nibble
MutationPolicy:Null
ParticleNeighborhood:EDist
ParticleDims:146
ParticleCount:100
AccP:2.0
AccG:2.0
AccL:1.5
AccI:2.3
Pos:0.0-3.0
Inertia:0.9-0.6
VeloMax:2.0
MaxPSOIteration:500
InertiaDecrFactor:6.000000000000001E-4
INIT
000000000000000000000
000000000000000000000
000000000000000000000
000000000000000000000
000000000000000000000
000000000000000000000
000000000000000000000
000000000000000000000
000000000000000000000
000000000000000000000
000000000010000000000
000000000000000000000
000000000000000000000
000000000000000000000
000000000000000000000
000000000000000000000
000000000000000000000
000000000000000000000
000000000000000000000
000000000000000000000
000000000000000000000
REF
000000000000000000000
000000000000000000000
000000000000000000000
000111111111111111000
000011000011011110000
000111011110111101000
000000110111100010000
000111101011011111000
000010011111010110000
000111101110110001000
000001011001011110000
000111111110111111000
000011100010101010000
000111110011101101000
000000110011101110000
000111101110011111000
000010010101110110000
000111001100110011000
000000000000000000000
000000000000000000000
000000000000000000000
Nibble Decoder
#
It:0:Diff:124:PSOStep:7:Time:0.245570323:s:AutomataStep:7:Transition:00001110010010001010000010001010010001001110000011101110101010101010100010101000000001101100110000000110010010001000101000101100001010000000001001001000101010001100001000100000100010100000100001001010001000000000001010101010010011000010010001101100000001001110110010100100111000001010001011101110000000100100110011101100000001101100110011001000011010001110100000000100100010001000100001001000000011001010110001101000011000100110011000000000111000101100100010000100011000100010101001001110000000100000011010100110
000000000000000000000
000000000000000000000
000000000000000000000
000000000000000001000
000000000000000010000
000000000000001011000
000000000000100110000
000000000000000011000
000000000100010010000
000000001000001001000
000000000110100010000
000000001001101101000
000000010011011010000
000000000010101111000
000000000001101100000
000001001001010101000
000010100010101010000
000101010101010101000
000000000000000000000
000000000000000000000
000000000000000000000
#
It:1:Diff:115:PSOStep:7:Time:0.608732242:s:AutomataStep:7:Transition:00001110110011001000010001100000011010101100011001000100111010000100001001100010100011100110101001101110101001100010111000101010101000001010011000001010101000000010000001001100010011000000011011101010101000001000001000101110000010101010100000000100110000101000001000101110001000001010100010000000101000101000000000100000000011000000100011100010000010000100011010001000110001001010100001101110001011001010100010001100110001000010011001000100100010100000111001100100111011100110010001100010100000100110100010100000
000000000000000000000
000000000000000000000
000000000000000000000
000000000000000001000
000000000000000110000
000000000000011011000
000000000001100110000
000000000010101111000
000000001001000100000
000001100100000001000
000110110010001110000
000010011101001001000
000001001010010110000
000000101110110011000
000000010000000110000
000000001010001111000
000000000111111000000
000000000010101011000
000000000000000000000
000000000000000000000
000000000000000000000
#
It:3:Diff:106:PSOStep:7:Time:0.7886339:s:AutomataStep:7:Transition:01101010010000101110001001101000011011100100100010100010011001000010100011001110101001101000111001101000100001101000101011101010101001000010011001101010101001101010000010100010101000000110100010001010100001101010110010101010111010100000000001101010110001101110001010100110101010001110011001101000111011100000111001101000011001101000000000001100110001000110000011101000001010101100011011001000110001000110101000000010011010100110111011101110111000000110011011101110011001101000100010001010111010100110011011100110
000000000000000000000
000000000000000000000
000000000000000000000
000111111001111011000
000010100111001110000
000001111110110111000
000011000000111100000
000000100010110011000
000000100010100010000
000000000010101111000
000001101111001100000
000001111000010011000
000001110010001010000
000000001000000111000
000000000000001100000
000000000010100011000
000000000011110010000
000000000010101011000
000000000000000000000
000000000000000000000
000000000000000000000
#
It:4:Diff:96:PSOStep:7:Time:0.869477557:s:AutomataStep:7:Transition:01101010011010001010000001001000011010101000100011101000000001101000111001100010001010001000101001100010010011001110100001001110100000101000011000101000100001000000100011101000100001100110100000101000100011101110010001100100100000001100100001101000100010001100100010000110101010001010011010000000000010100110100001000000011001001000100000001010011001101010001011001000100010000100011010001010111011000100001010001000101010000110110010001010100010100110011001100100011010000010111011001000100001000110100010100110
000000000000000000000
000000000000000000000
000000000000000000000
000111111001111011000
000001011000101010000
000111000110010111000
000000100000000110000
000110010001000001000
000001000000100010000
000111000110000111000
000001110100011010000
000111000000011001000
000001000111110010000
000111100110001001000
000000000001001010000
000110110001001011000
000000101001011110000
000111111001111011000
000000000000000000000
000000000000000000000
000000000000000000000
#
It:27:Diff:90:PSOStep:7:Time:2.538831603:s:AutomataStep:7:Transition:01101000011011000010001010101100000000101010110011001000010010101100101001101100011011000100010001101010011011001010110001100010101011101100011011001100110001100010111010101010110010100110110010101110110000001010011001100110110010100010001011001100101011101100110011000110000000101100011011101100001001001010000000000110011001101010101010101010011001101010111000001100110011101000011011000010000011000010110011001100011011000110101010101100110011000110011000001000011011001000000011001100110000100110010000000110
000000000000000000000
000000000000000000000
000000000000000000000
000111011101110111000
000000010001000100000
000100011011011011000
000000100100000100000
000111000000110001000
000001100011010000000
000101001011011001000
000010100000110100000
000101101110111001000
000001010111001110000
000110111010100011000
000000110101110110000
000101101011001001000
000001010100100110000
000111010101010111000
000000000000000000000
000000000000000000000
000000000000000000000
#
It:32:Diff:87:PSOStep:7:Time:2.900364802:s:AutomataStep:7:Transition:01101110011010000010111011100100011011001010010010001000011000001000111001101000000000100010011001100000111010001000100011001100110010001000011010001000100001100100100010001110100001100110100010101000100010000110111001101010100001101110101001101000111010001110100010000110101010100100011010001000110000101010110001100110101001100000000010000000011001101110100000000010100010000000011010001100100000101100100010001000111010000110111000101110100001100110011000001100011010001110101010001000100011100110110010100000
000000000000000000000
000000000000000000000
000000000000000000000
000111100011011011000
000001000001010110000
000110011100110111000
000000111111011010000
000110110010000001000
000001000001010110000
000111001101010111000
000010000000010010000
000100010000000001000
000001010010110010000
000110110001111111000
000011111110100110000
000101000000101001000
000001110101110110000
000111111111111111000
000000000000000000000
000000000000000000000
000000000000000000000
#
It:40:Diff:84:PSOStep:7:Time:3.513426599:s:AutomataStep:7:Transition:01101110011010001010001010001110010001101010100010001100001001001000100001101110011000100100101001100010100010000010100011100010001011101000011000100010111001101000100010001000100001101010100010001000100010100110001001100000111001001110010001101000011010001110100010000110011001100100001011100000100011101100110001100110011011000110000001001100011001100100100010100010110000100110011010001010101011001100100010001000010010000110100010000010100001100110001000100010011010001100001011001000100000000110001000000000
000000000000000000000
000000000000000000000
000000000000000000000
000111100011011011000
000011011110010110000
000101000101010101000
000001110010000100000
000111001000011011000
000011111011100110000
000101001111001101000
000001010111000100000
000111001001111011000
000011011111110010000
000101100111011101000
000000110111011000000
000111111100110111000
000010011000000110000
000101010101010101000
000000000000000000000
000000000000000000000
000000000000000000000
#
It:52:Diff:83:PSOStep:7:Time:4.34979377:s:AutomataStep:7:Transition:01101000011010001010000011100010010000001000101010001000101001001000100000001010010010001000111001100000111010000000100000000000001010001100010010001000010001101100001010001100100001100010111010001000100011000110010001100110111001101000011001001000011010001010100010000110000001100110110001000000100010000000100000001010011010000110001011001000011001101000100001001000011000000110011011000000001010000000100011001000100010001000100011001000100001100110101000100010011011000100101011001000100001100110100010100110
000000000000000000000
000000000000000000000
000000000000000000000
000111011101110111000
000000000000000000000
000111111010000001000
000000000100111000000
000100111010010011000
000000011100000110000
000111000101000001000
000000001010000010000
000111100101011101000
000010000001000100000
000111000001001101000
000010010011101000000
000111100010010111000
000010011000100110000
000101010101010101000
000000000000000000000
000000000000000000000
000000000000000000000
#
It:77:Diff:82:PSOStep:7:Time:6.167575869:s:AutomataStep:7:Transition:01101000011010001000010010001110011010001000110011000100001001001000000001001100011010000010010001101000001010000010100000000110000010001000011001101000100001101000110010001110100001100010100011101100100010000110101001100110100001101000011001101000011011101100100010000110011001100100100000001110100000100100111001100100011011100110100011100000011001100110100001001000100000000110101010100100111010001010100010001000011010000110001010000000100001100110111001100110011010001000101011001000100001100110100001001010
000000000000000000000
000000000000000000000
000000000000000000000
000111011101110111000
000011111000111110000
000101011110000001000
000001101001000010000
000111101001100111000
000011000110100110000
000101000010100001000
000001100100000100000
000111110110001111000
000011101101101000000
000101000000010001000
000000011111010110000
000111001011000011000
000010011001100110000
000101010101010101000
000000000000000000000
000000000000000000000
000000000000000000000
#
It:81:Diff:80:PSOStep:7:Time:6.464968544:s:AutomataStep:7:Transition:01101000011011101000101011000110011010000010100010000000110001001000111001101000011010001000010001100000100010001010100001100010100010001110011000101110101001101000100010001000100001101100100010001000100010000110011001100100000001101110001001101000011011001000100010000110011001100110010001001000000000100110110001100100011001100100101000000110011001100110110000101000100001000110011000001110100010000010101010001000001010000110011010000110100001100110100010000100011010001000011011101000111001000110101000100100
000000000000000000000
000000000000000000000
000000000000000000000
000111011101110111000
000000001101001010000
000110100000000001000
000000010000000010000
000101111010011101000
000000010000010110000
000110110100000101000
000010001001101010000
000100001110100101000
000011110010001010000
000111110101111101000
000000100000000110000
000100000010110101000
000010000100100110000
000110111100111111000
000000000000000000000
000000000000000000000
000000000000000000000
#
It:117:Diff:79:PSOStep:7:Time:9.018458461:s:AutomataStep:7:Transition:01101000011010001000110010000110011010001000111011001100110001101000001010101000011001001000101001100110001010000010100001000110100010001100011000101000111001101000100010000010100001001010100000000000100011001100011001100110100011001000000001101000011011001000100010000110011001100110111011000110000000100100100000101010011001100110101010100110011001100110100011001100110011100110101000101100001010001010110010001000010010000110010010001010100001100110100001100110011010000010011010101000111000100110111011001010
000000000000000000000
000000000000000000000
000000000000000000000
000111011101110111000
000010111001011110000
000111010000000101000
000011011011101000000
000111110001111101000
000010010111110110000
000110010011101001000
000000010110011000000
000110110111000101000
000010000110100010000
000110100000101001000
000000001100100100000
000111101101011101000
000001011111101110000
000111011101110111000
000000000000000000000
000000000000000000000
000000000000000000000
#
It:128:Diff:74:PSOStep:7:Time:9.781910332:s:AutomataStep:7:Transition:01101000011010001000100000001100011010101000100011000010011011001000011000100110010000000000001001100100100011000010111011001100011010001000011000001000010010100110101011000000100001100000101001101000100001100100011000100100101011101100001001001000110001101000100010001010010001100110011011101000100000000110010011001000011001101100100011100000011001100110011001101000000010001100010000001110010010000100100010001000000010000110111010000010100000000110011000001100011010000110100000001000100001000110011001000000
000000000000000000000
000000000000000000000
000000000000000000000
000111011101110111000
000011111000111110000
000101111100111111000
000000100000100110000
000110010001010011000
000010001010010010000
000101001000010011000
000001110100111110000
000111011010011111000
000011000000001110000
000101001000100011000
000000100010100110000
000111111000001111000
000010011001000110000
000101010101010101000
000000000000000000000
000000000000000000000
000000000000000000000
#
It:269:Diff:72:PSOStep:7:Time:19.664432996:s:AutomataStep:7:Transition:01101000011010001010100000001000011011001010100010001110100011101000011010000110010000000110101001101110100001101000101000001000111010001000011011001010111001100010111010001000100001100110011000001000100001100110011011001010110011000010110011101010100011001000100010000110100001000110110011000000100001100110111001101000011000000010111011100100011011000110011000101000001010000110011001101110001010000100110010001000011010000110100010000110110001100110110001000000010000000110100000001000110000100110110001100010
000000000000000000000
000000000000000000000
000000000000000000000
000111011101110111000
000010111001111110000
000111011110100111000
000000111011101010000
000111011111110001000
000010000101100010000
000111011001100001000
000000011010011010000
000111000001110111000
000010101110011000000
000111000111111111000
000000111001111110000
000111011100000011000
000010001001110010000
000111011101110111000
000000000000000000000
000000000000000000000
000000000000000000000
#
It:373:Diff:70:PSOStep:7:Time:26.802221681:s:AutomataStep:7:Transition:01101000011010101010100010101110011010101000100011101010110010001000110010000100011000100100000001100010100001001000100011101000101010001010011011001110001000001110001010001110100001100110000000101000100001100110011000101110110010100110001010001000100000101000100010000110101001000110110000101100100000100110011001101000011011000010100001000100011011100110001000001000011010000110011001101100100010000110011010001000001010000110100010000110110001000110110001101100001001100100000011001000010011000110110000100000
000000000000000000000
000000000000000000000
000000000000000000000
000111011101110111000
000010111011101110000
000111001111010111000
000000011011001110000
000111101110010011000
000010001010011010000
000111100000000011000
000000001010110110000
000111101100011111000
000010001011101010000
000111101001101111000
000000100100001110000
000111011100010011000
000010001001100010000
000111011101110111000
000000000000000000000
000000000000000000000
000000000000000000000
#
It:417:Diff:68:PSOStep:7:Time:29.719910758:s:AutomataStep:7:Transition:01101010011010001010111010001000011010001100001011000000001000001010001010100100011000100100001001100010101000001010101010001000101010101010011010001110011010101010011010101010101001100100110001001010101001100110011001000010100010001110111011001010110011001000101010100010110001100110101001000000100000000110011001001110011000000110001011000100011000000110101000001110011010100100011001100010101010100100011010101010010010100110001011000010110000000110110001100000000001000100001010101010010000000110001001101000
000000000000000000000
000000000000000000000
000000000000000000000
000111111001111011000
000011111010110110000
000111111010000011000
000000111001110110000
000111011101111011000
000010001101101110000
000111101110110011000
000001100011001110000
000111010100011011000
000011000100110010000
000111010101111011000
000001100110111110000
000111101100011111000
000010001001100010000
000111011101110111000
000000000000000000000
000000000000000000000
000000000000000000000
#
It:468:Diff:66:PSOStep:7:Time:33.394316686:s:AutomataStep:7:Transition:01101010011011101110101010001110011010101110100011100110001000101010010011100100011011100110101001100000101011101010101010000110101010001010011000100010000000001010000010101100101001100110111001101010101001100110011000101000111000100000110000001000100010001110101010100110111001100100101001001100111001100110010001001100011011100110110011000110011001000110110001101010101010100100011001100000101010100110011010101010010010100100101000100000000001100110110001000110011000100110111001101010011011000110011001100000
000000000000000000000
000000000000000000000
000000000000000000000
000111111001111011000
000011101100111110000
000111101010111001000
000001111111110010000
000111111011011001000
000010111011001110000
000111101011001011000
000000101100011010000
000111100001110111000
000011101000100010000
000111111100111001000
000001111110101010000
000111101100111111000
000010001001000010000
000111011101110111000
000000000000000000000
000000000000000000000
000000000000000000000
end
