PSO TRACE
INIT:../../instances/fazia/init.csv
REF:../../instances/fazia/asm3.csv
DecodingPolicy:Nibble
MutationPolicy:Null
ParticleNeighborhood:EDist
ParticleDims:146
ParticleCount:100
AccP:2.0
AccG:2.0
AccL:1.5
AccI:2.3
Pos:0.0-3.0
Inertia:0.9-0.6
VeloMax:2.0
MaxPSOIteration:500
InertiaDecrFactor:6.000000000000001E-4
INIT
000000000000000000000
000000000000000000000
000000000000000000000
000000000000000000000
000000000000000000000
000000000000000000000
000000000000000000000
000000000000000000000
000000000000000000000
000000000000000000000
000000000010000000000
000000000000000000000
000000000000000000000
000000000000000000000
000000000000000000000
000000000000000000000
000000000000000000000
000000000000000000000
000000000000000000000
000000000000000000000
000000000000000000000
REF
000000000000000000000
000000000000000000000
000000000000000000000
000111111111111111000
000011000011011110000
000111011110111101000
000000110111100010000
000111101011011111000
000010011111010110000
000111101110110001000
000001011001011110000
000111111110111111000
000011100010101010000
000111110011101101000
000000110011101110000
000111101110011111000
000010010101110110000
000111001100110011000
000000000000000000000
000000000000000000000
000000000000000000000
Nibble Decoder
#
It:0:Diff:102:PSOStep:7:Time:0.228692682:s:AutomataStep:7:Transition:01101100010011100100100001000000111001100100110010000000101001001000101000101100000001000010101011000110101001001110010000000000101010001010110011000110001000000110001001000100100001100100100000001110010000000000011000001010000000000010100000101000100010101110011000101110011000100100000011100010011000001100110011101100000000000110111011100110111001100100100011100010110001000010000001101000100011101100111011100010101011101010001010101000110000001100100001000110001001100000001000001100100001001100101011000100
000000000000000000000
000000000000000000000
000000000000000000000
000111011101110111000
000001010010110001000
000111110100111011000
000000001111001011000
000111001000001011000
000001010000100001000
000110001100011110000
000000110100010110000
000111101001000011000
000001101000011111000
000111001101000101000
000000011000000001000
000111001100110100000
000000011001100111000
000110110111011011000
000000000000000000000
000000000000000000000
000000000000000000000
#
It:13:Diff:97:PSOStep:7:Time:1.389106484:s:AutomataStep:7:Transition:01101010010010100100110011000110110010101100001011001110011010101010110001100100101011001000111000000110110011001000000001000110110010100110101010101010011000101100011011001010101010101100001011001100011011001100011001101100110010100110001010100010011010101010000001101100110000001110111011001100011000100000010011000000010011001100011001101010010011101010101001101100110010101010011001100010110011001100110010101100111000101010101011001100110011000010101010101010100011101100101011001010001011000100001010101100
000000000000000000000
000000000000000000000
000000000000000000000
000111111001111011000
000010001111101101000
000101011000111101000
000011000111100011000
000111000100000011000
000010010010101101000
000100101111010101000
000011000100000011000
000101001010010011000
000010101001001101000
000101011111011101000
000000000001000011000
000101110101100011000
000011111100111011000
000110111100111111000
000000000000000000000
000000000000000000000
000000000000000000000
#
It:16:Diff:94:PSOStep:7:Time:1.649896007:s:AutomataStep:7:Transition:01001000000010001010101001101110101010100100010010100000000010001000111000000100111011100110111000100110001011001110111010101000111010000100001001000000100001001000100000000100100010001110011001100010001001100100100010001000111010001000001010100110101000101100010010001110100000001110110011100000101011101100011011100010000010101000000011101000010001101000111000100110010011101110111011100100100011101110111011000000111000100000111001001010110000001110100000001110100000000010111010100100101010001110111011100010
000000000000000000000
000000000000000000000
000000000000000000000
000101010101010101000
000011101110111011000
000111000001000011000
000001000010001010000
000100000101100011000
000001111110000000000
000101100111010011000
000001001010111110000
000100101110111111000
000010001101111010000
000111010010111111000
000000011011100110000
000100000000010011000
000010111001101111000
000110011001100111000
000000000000000000000
000000000000000000000
000000000000000000000
#
It:31:Diff:86:PSOStep:7:Time:2.702634012:s:AutomataStep:7:Transition:01101010001010101100001001101000001001100010111001100100001010001100001001000100011010100000101001001010101001101010101011101010101010101110101010101010000011101010000000101100101010101010111000101010100011100110101010000010101010100000100000100100001011001010111010101010000000101110000000000010001010100000101010101100010010001010110011001010110000101100010011101100001011101010100000101010000000101010000010101110110010101010101011000000001010101010101010100010101011100100101011001010101010101010110010101010
000000000000000000000
000000000000000000000
000000000000000000000
000111111001111011000
000010010000101100000
000110001000100011000
000000011011100000000
000111000011111011000
000010111110011100000
000110011000010011000
000000011000101100000
000111100100110011000
000010111000000000000
000110111111101011000
000000000100001000000
000110101011001011000
000011100001111010000
000110110111011011000
000000000000000000000
000000000000000000000
000000000000000000000
#
It:57:Diff:84:PSOStep:7:Time:4.581866562:s:AutomataStep:7:Transition:01101100011010101100111000000100001001101000011000100000111010001110011001100000011000000110001011100000011010001110011000000000011000101100100011100110011001100000010001001000101010101110100000101110000011101110011000001010011001100000000001100010101001001110100000000110100011100110110000000000000011000010000001100110000011000010011000000110000001100100001011001000111011000100101011100000110001101010011000000010000001000110010001100000100001101010001001000000100001100000011011001100100010101110111010101010
000000000000000000000
000000000000000000000
000000000000000000000
000111011101110111000
000010111001011110000
000111000110111111000
000010001011101010000
000101100000010111000
000010100101100010000
000101011101100011000
000000001010100010000
000111101000010001000
000010101100100010000
000111110011111001000
000010101111110010000
000111100001000001000
000010110001000110000
000101010101010101000
000000000000000000000
000000000000000000000
000000000000000000000
#
It:151:Diff:72:PSOStep:7:Time:11.412983598:s:AutomataStep:7:Transition:01101010011010001000001000001010011010001010010010100100010000101100110011001010011000101100010011001010110011101100110000100110110010101010010010001100110011101010101010101000011010100110001010101100100001100110101010100010010000101010101011101010010011101100011010100110100001001100110001101010101011100100101011001100001010101010111010100110010000001010111011001010000011101100011001101110111001001100110011101110111000001110110011000000111001001100101011001010100011100110110001001010010010101100111011000100
000000000000000000000
000000000000000000000
000000000000000000000
000111111001111011000
000010010000100010000
000101001101111101000
000001111101100110000
000101000011100111000
000010001100110110000
000101001000011011000
000011011000011000000
000111111110011011000
000010101110111110000
000100110111110001000
000001100100101000000
000100000011001011000
000010011101001110000
000111001100110011000
000000000000000000000
000000000000000000000
000000000000000000000
end
