PSO TRACE
INIT:../../instances/fazia/init.csv
REF:../../instances/fazia/asm3.csv
DecodingPolicy:Nibble
MutationPolicy:Null
ParticleNeighborhood:EDist
ParticleDims:146
ParticleCount:100
AccP:2.0
AccG:2.0
AccL:1.5
AccI:2.3
Pos:0.0-3.0
Inertia:0.9-0.6
VeloMax:2.0
MaxPSOIteration:500
InertiaDecrFactor:6.000000000000001E-4
INIT
000000000000000000000
000000000000000000000
000000000000000000000
000000000000000000000
000000000000000000000
000000000000000000000
000000000000000000000
000000000000000000000
000000000000000000000
000000000000000000000
000000000010000000000
000000000000000000000
000000000000000000000
000000000000000000000
000000000000000000000
000000000000000000000
000000000000000000000
000000000000000000000
000000000000000000000
000000000000000000000
000000000000000000000
REF
000000000000000000000
000000000000000000000
000000000000000000000
000111111111111111000
000011000011011110000
000111011110111101000
000000110111100010000
000111101011011111000
000010011111010110000
000111101110110001000
000001011001011110000
000111111110111111000
000011100010101010000
000111110011101101000
000000110011101110000
000111101110011111000
000010010101110110000
000111001100110011000
000000000000000000000
000000000000000000000
000000000000000000000
Nibble Decoder
#
It:0:Diff:115:PSOStep:7:Time:0.15400494:s:AutomataStep:7:Transition:01101000111000101110111011100100001011100000100000000100011010100100101011101000010010101000001000101100001010101000000001101010111000101000000001101110110001000100010001000000101010100010111000001100111010100000010011101010010011000000011010000100001011001000101010000110110001000010001011100010001011000100011001001100110011101000101001101100011011001100011011000000110010001100101011000010111011001110011011000110111000001000000011101110110011100010000000101010101000001000010000000010111001101010001001100100
000000000000000000000
000000000000000000000
000000000000000000000
000111011101110111000
000111010000000010000
000100001000000011000
000101001011011110000
000101101110011111000
000100000100001110000
000100100000101111000
000110011110001010000
000011111001011011000
000000110111100000000
000000010001010011000
000000000110000000000
000000000001111011000
000000000000001000000
000000000000000011000
000000000000000000000
000000000000000000000
000000000000000000000
#
It:9:Diff:112:PSOStep:7:Time:0.653135634:s:AutomataStep:7:Transition:01001110010011100100111011100100101011000100110001101110111001001110001000001110111011100100011001100000000011100010101000001110111001000100000000100010011000100100010001000100010000001100101010101110001001001000111001000100010011001100101001000100111011000000111010000100111001001110100010100100111011101110111011101110110011001100100001000000001011000100010001100100010011100110101000101110010011000110010011101100000000101010110011101110010000100100010011100100001000100100101001000010001011100100111011100100
000000000000000000000
000000000000000000000
000000000000000000000
000101010101010101000
000001010101010101000
000111010111100110000
000011000101000101000
000100000110011010000
000010111001101011000
000110011110110111000
000010010100001001000
000100111011010110000
000010111100010000000
000111010011010000000
000010111010000000000
000100101100000000000
000000111000000000000
000110000000000000000
000000000000000000000
000000000000000000000
000000000000000000000
#
It:10:Diff:97:PSOStep:7:Time:0.696786769:s:AutomataStep:7:Transition:01101010001011001000110010101100101001001100101001001000110010001000110010001100011010101010010010101100110000001000001010001100100001001010000001000000010011001100000010000000111010001000100011101100000010100010011001101010100010101000100010000110101010001100011010101000110001001010110000100110110010100100110001100100100000001000100001001000011011001100001010101100000000100100110000100110000001100110100010101100110010101010010010100000110010001110011011001110110011101000010001000000000010101100110000100010
000000000000000000000
000000000000000000000
000000000000000000000
000111111001111011000
000011001100000101000
000111111101110001000
000011000000110110000
000100000011010101000
000000100000110111000
000101000111000001000
000000001111100000000
000100001100010111000
000011011110001011000
000111101100110111000
000010010110101110000
000100000001000111000
000011110101101111000
000111011101110111000
000000000000000000000
000000000000000000000
000000000000000000000
#
It:14:Diff:92:PSOStep:7:Time:0.877172468:s:AutomataStep:7:Transition:01001100010000100010011011101110000001101010111011001010011001101000011011100000000010100010010011001100111011101110001010100000111001101010101001101110010011001110011011101110110011101100100001101010101000000100011000101000101001101100010011101100011000101000001001101100110001001100011001001010110011000000010011001100101001001110111000101110011011001100111010101000110011001000110011001010110011001010111010101100001011000100110000100010110011100100001001101010111000000010011010001100111001101100111010100000
000000000000000000000
000000000000000000000
000000000000000000000
000101010101010101000
000000110011001100000
000111101100110101000
000010101011100000000
000101111010010011000
000001111001011110000
000100001100011011000
000010110111101100000
000100000100001011000
000001100001101110000
000100110011101111000
000010011010000000000
000101100011011011000
000001011001011100000
000111100011011011000
000000000000000000000
000000000000000000000
000000000000000000000
#
It:57:Diff:83:PSOStep:7:Time:2.668696145:s:AutomataStep:7:Transition:01001100111000001110100011101000110000000010111011100100100011101000010010101110011001001110110011101000111011101100010010001100111011101000111010001110111011001110110011101000100001001100011001001100011010001110100011001000010010001100010001101100111011101000101001001100110000001100000010101000110011001100110011001100011010001110011010001110101011001100111010001000110000101110001011100100110011001100111011001100000000101110110001000110110011100010100010001000111011000100010011001100111001001100011011001010
000000000000000000000
000000000000000000000
000000000000000000000
000101010101010101000
000111101110111011000
000111111111111111000
000000000000000010000
000111111111111011000
000000100001001111000
000111110101000111000
000000000101111000000
000111111001111001000
000001000110111011000
000111100111101011000
000000100000001110000
000111101110001011000
000111110001100111000
000111111001111011000
000000000000000000000
000000000000000000000
000000000000000000000
#
It:131:Diff:81:PSOStep:7:Time:5.625836595:s:AutomataStep:7:Transition:01101100010000001000000011100000001011101000111010000000011011101110011001101110000010001010101001101000111011100110110001000110111000000010111011101110110010101110110000001110100011101100011010100110100000001010111010001110100011100100111011101100111010001110100010000010110010101100110010000110110011000100110011001100100001101000011010000010011011001100111010000000110011101110011001001000100011000110100011001100001000101110000001100110110011101000111001000110000010101000111000101000111001001100101011001100
000000000000000000000
000000000000000000000
000000000000000000000
000111011101110111000
000000000110000010000
000111111000000001000
000000001111100000000
000100000101110011000
000011010011110110000
000111111100010001000
000000001100000000000
000100111111011011000
000011101000011010000
000111000101100011000
000000010010001100000
000100010001000101000
000011011101110110000
000111011101110111000
000000000000000000000
000000000000000000000
000000000000000000000
#
It:254:Diff:77:PSOStep:7:Time:10.587487385:s:AutomataStep:7:Transition:01101100010000101000111010000110000001000110100001000010111010001000110001101000000010000110001001001110100010001010101010100000100001101100010010001110101000001000011001101000100011101100100010001100100001000110000011101010011010000000110011101100010001001000001010101100110000100010110010101000110011001100101011001100011011001000100010100100101011001100100000100100110001101000001000101010010000000000011011001100011001001000000011101000110010001000010001100110011001001000100010100000100001101100000011000000
000000000000000000000
000000000000000000000
000000000000000000000
000111011101110111000
000010100110101010000
000111111110111011000
000000000010010110000
000100111001001101000
000010100101010010000
000110010011110111000
000000011001000110000
000100000010111101000
000011110111001110000
000111110011111111000
000000110000110010000
000100100000000001000
000011101011111110000
000111001100110011000
000000000000000000000
000000000000000000000
000000000000000000000
#
It:342:Diff:76:PSOStep:7:Time:14.241867726:s:AutomataStep:7:Transition:01101100110001001110100011100010110010000000111011101100111011101000110010001110101011100110011001100110111011101100000011000000111001001100111011101010110001001110010000101110000000101100111011100000001000000110010011101110001011101010110010001100000010001110101011101100110000100010110011100000110011000010000011001100010010101110000010101000110010101100111011001110110010101000110001000110011000101100011011000100011011101110110001000000110011101110100010101110001000001110111001100110111000001100011011001100
000000000000000000000
000000000000000000000
000000000000000000000
000111011101110111000
000111011101110111000
000111000010100111000
000000010010100111000
000111111111000111000
000000011110000111000
000111100110000111000
000011110000000111000
000110011010101111000
000001001001010111000
000111010011001111000
000000010001000111000
000100010011001111000
000111011101110111000
000111001100110011000
000000000000000000000
000000000000000000000
000000000000000000000
end
