PSO TRACE
INIT:../../instances/fazia/init.csv
REF:../../instances/fazia/asm4.csv
DecodingPolicy:CPP
MutationPolicy:Null
ParticleNeighborhood:DynamicGeneralizedEuclideanDistance
ParticleDims:515
ParticleCount:100
AccP:2.0
AccG:2.0
AccL:1.5
AccI:2.3
Pos:0.0-3.0
Inertia:0.9-0.6
VeloMax:2.0
MaxPSOIteration:500
InertiaDecrFactor:6.000000000000001E-4
INIT
000000000000000000000
000000000000000000000
000000000000000000000
000000000000000000000
000000000000000000000
000000000000000000000
000000000000000000000
000000000000000000000
000000000000000000000
000000000000000000000
000000000010000000000
000000000000000000000
000000000000000000000
000000000000000000000
000000000000000000000
000000000000000000000
000000000000000000000
000000000000000000000
000000000000000000000
000000000000000000000
000000000000000000000
REF
000000000000000000000
010000000000000000010
001011111111111111110
000000000000000000000
001011111111111110100
001011111111111110100
001011111111111110100
001011111111111110100
001011111011111110100
001011111101111110100
001011000101111110100
001011000110111110100
001011110111111110100
001011111111111110100
001011111111111110100
001011111111111110100
001011111111111110100
010100000000000001100
001011111111111110010
010000000000000001000
000000000000000000000
Classic CPP Decoder
#
It:0:Diff:139:PSOStep:3:Time:0.077077963:s:AutomataStep:3:Transition:11000000010001101010000010110111011100001100101100101000000001000000100111001010001000010000110000010010101100111000100010000100000001011111001110110000111001001001001010100101100101000100100000100000110001000001001001000100001000010000001000101000000111100110101011000000000000010001101000000010000101100001010011111101001101010000010000100000100110100000001001000100110010000000010000111000001100011010000111001011000010000001000100000001011000001010000000011011000100110111100100101110001000110001010000001001
010000000000000000000
110000000000000000000
101111111111111111100
101111111111111111100
101111111111111111100
101111111111111111100
101111111111111111100
101111110001001111100
101111101011111111100
101111100110011111100
101111111010111111100
101111101000101111100
101111101000001111100
101111100010001111100
101111111111111111100
101111111111111111100
101111111111111111100
101111111111111111100
101111111111111111100
100000000000000000000
001111111111111111100
#
It:2:Diff:124:PSOStep:8:Time:0.34144749:s:AutomataStep:8:Transition:01001111101011110101110011001000010101000110101101111011001111111100101101111011001101001010011100110111000001110100111100110101111101111000011101010111101111011000110011111001100101000110100011000011101101101001101000100011011101110001110101101111111111001110101111101000110010011011100111101110011010110110011100000001010101011111111100111010100001101011011100001110110010110101011110100011001101011001101111010100110010000110110001110100011001001111011100010101100011101110011100010101011111010111010100011111
000000000000000000000
000000000000000000000
001010101010101010100
000000000000000010000
001101010101010111100
001110010111101100000
001011010111101111100
001110101000100000000
001111010100111111100
001100001000000000000
001100100001111111100
001111110111000000000
001100000011111111100
001011110000000000000
001101011111111111100
001100000000000000000
001011111111111111100
000000000000000000000
001111111111111111100
000000000000000000000
000000000000000000000
#
It:3:Diff:120:PSOStep:6:Time:0.433215412:s:AutomataStep:6:Transition:01111111110011001010110001101100111111010101100111111101101111011010111011110010001101110110111100111111001000101101101101110100110111101110101111100111101110011011011011111101101101100110110111110011111010101100101111011110111101010011011101111111111111111110101111101100110010110010001101011111001011111110111000011001110101011110111010111111100111101000001101001100011010110101010110010001101101111111111111010101110001101001111001011110111000100011011110011111101101101101001100011100010111010011110000111101
000000000000000000000
000000000000000000000
000000000000000000000
000000000000000000000
000011111111111110000
000010111110111010000
000010111110111110000
000010111101010000000
000011111000111010000
000010111110111010000
000011010010010110000
000011011111111000000
000011011111111010000
000011101000111010000
000011010011010110000
000011100001101000000
000011001101100110000
000000000000000000000
000000000000000000000
000000000000000000000
000000000000000000000
#
It:4:Diff:101:PSOStep:8:Time:0.512924213:s:AutomataStep:8:Transition:01101111111000111111110011101100111110110111111110111111111111111110101101111011011101110010011110111111111001110110100111110101110110101001001111111111101011111011101111101101111101000101110110011111111111111011101111111111110111110011001111010111111110111110101111000111111100110110011111001111001011101111111111111001111101011110010110111110100101110100101101001111110010110111011111101101001101111111110111010110110000101011101110001101101001111011010110011011101111111100111100111101010101001111110110111011
000000000000000000000
000000000000000000000
001011101110111011100
001011101110111011100
001111111111111100100
000100110011001101100
001111111111111111100
001111111111110011100
001101010111001011100
000011010111101011100
001111110110111011100
001101100111111011100
001101110111111111100
000011110111110011100
001111111111111101100
001101111111111111100
001101111111111110100
000101111111111111100
001111111111111111100
000000000000000000000
000000000000000000000
#
It:5:Diff:98:PSOStep:8:Time:0.596581396:s:AutomataStep:8:Transition:01101111111010100110111001001110111111000111101101111111111111011110111011111011011101111110111100110111001001111101100111110100111111101010001111100011101010011011101011111101101101110111111101110011001011101111111111011011111101110101111111110111111110001110111111101001111010101011000111011110101011111111111011001111111111011111111000111101100101111111111101001110110011011111001110111011101101111001101111111111110010101111011101011111111011100011011110011111101111111100000101010111110111010011110100111011
000000000000000000000
000000000000000000000
001011101110111011100
001001101110011011100
001011111010001111100
001110001010111111100
001001111111101111100
001011101111011100100
001111111111001111100
001001111111001111100
001101010101111111100
001111111111011010100
001011011101111111100
001101111111111111100
001110111101011111100
001011110011111100100
001011110101111111100
001111100111111111100
001000110101101101100
000000000000000000000
000000000000000000000
#
It:6:Diff:83:PSOStep:8:Time:0.677663407:s:AutomataStep:8:Transition:01111111110111110110111111001100110111000111001000001011111111111111111101111011001111011111110101110100001101111111011111110101111111110111010111110011101111011111111111111111101101011111110111100010101111101111111111111111111111101101110101111111101111001100111111101011111010001111111111001110101011101111111011001110111111111111101100111101110101111011111110111111100001111111011111110011101101111111001101011110110111111111110101111111011011001111101111111011111111011110001111110101011101111011110110111101
000000000000000000000
000000000000000000000
001111111111111111100
001011111111111110100
001111111111111111100
000111111111101111100
001011111111111111100
001011111111101110100
001101111111111111100
000111100111101111100
001010011111111111100
001011110100101110100
001101111111111111100
000100101110111111100
001011111111111111100
001010101110111011100
001111111111111111100
000111101110111011100
001111111111111111100
000000000000000000000
000000000000000000000
#
It:7:Diff:78:PSOStep:8:Time:0.760623628:s:AutomataStep:8:Transition:01111111111110111111111011100110111111000111111010111111111111111111111011111011011101110110111110111111101011100110110111110101111111101010001111111111101011111011111111111111100101110111111101011110111111101110111111011111111111110101101111111111111111111110111111111111111010011111111111011110101011111111111111011111110111011111111110111111100101110100111111001111111111111111110111111101001101111111111111110111110011101111111101101111011011111111011111111111101111111110111101010101110111011111110110111111
000000000000000000000
000000000000000000000
001111111111111111100
001011111111111111100
001011111111111111100
001110111111111111100
001111111111111111100
001111111111111111100
001011111111111111100
001011111111111111100
001011111111111111100
001111111111111111100
001111111111111111100
001110111111111111100
001111111111111111100
001111111111111111100
001011111111111111100
001111111111111110100
001011101110111011100
000000000000000000000
000000000000000000000
#
It:8:Diff:73:PSOStep:8:Time:0.846840605:s:AutomataStep:8:Transition:01111111110111111010111111101111101111010111101001111111111111111101111111110011101111111010011111110111011011111110101111110101111101101111011111111111101011101111111111111111111101111101111111111111111111111110101110001111111111001111101111111111111111111110111111111111111010111111111111011110111011111111111111011101111111011111111100111010111101111101111111111111101001111111010110111101101101111111111111111111110110101110101111111111111111111111011111111111101111111110001101010111110111110111110110111011
000000000000000000000
000000000000000000000
001111111111111111100
001011111111111111100
001011010101111111100
001010111111111111100
001011101111111111100
001011101111111111100
001011101111111111100
001011101111111111100
001011101111111111100
001011111111111111100
001011111111111111100
001011111111111111100
001001111111111111100
001011111111111111100
001011111111111111100
001111111111111111100
001111111111111111100
000000000000000000000
000000000000000000000
#
It:15:Diff:70:PSOStep:8:Time:1.328583842:s:AutomataStep:8:Transition:01111111111111111111110001101111101111011111111100011101101111111101111101111011001111110110011100011110001101110111111111110001101111110111101111010111101011111110111111111111101101011101111111010010111111101110111101111111111111111101101111111111011111111110111111111011111010011011111111011110101111111111011011011101111110111111101100111010011111111010011110110111001111111111010111110011101101111111111111111111110110110111111101111110111111111110001111111111111101111110001101010101010101110011110100111111
000000000000000000000
000000000000000000000
001111111111111111100
001011111111111110100
001111111111111111100
000110111111111110100
001111111111111111100
001101111111111111100
001011111111111111100
000011111111111110100
001111111111111111100
001111111111111111100
001011111111111111100
000011111100000110100
001111111111111111100
001110111111111111100
001011111111111111100
000111100000000000100
001111111111111111100
000000000000000000000
000000000000000000000
#
It:35:Diff:69:PSOStep:8:Time:2.712441712:s:AutomataStep:8:Transition:01111111111100011110111110101101111111010111111100111011101101111001111111111011101111110010011010011100111111110110111111110001111111100111011111010111101011111011111110111111100101110011111111011110101011111111111101111101111011010100100111111111001111111010111111110111101010001011111111011000111111111101011111011111110110111110101100111010001111101011010110110111001001111111010110110111101101111101101111111111110111110110100100101101111101111010000111111010111101111111001001010100110101110111100100111111
000000000000000000000
000000000000000000000
001111111111111111100
001011111111111111100
001111111111111110100
001111101111111111100
001111111111101110100
001011111110111111100
001111111111111111100
001111101111111110100
001111011111111110100
001011110111111110100
001111111011111110100
001111111000000111100
001110111111110111100
001111111111111111100
001111111111111110100
001000000000000000100
001111111111111111100
000000000000000000000
000000000000000000000
#
It:44:Diff:60:PSOStep:8:Time:3.32388054:s:AutomataStep:8:Transition:01111111111111111110111101101111111111010111101001111101111101111101111011111001001111111111011100011101011111111110101111100101111111100110011111110111101011111111111111111111111101010101110111110010111011111110111101111101111111011110001111111111001111111110111111111111111010001111111111011000111111111111111011011101110110111110111110111110011111101000110111111111001001111111010110111011111111111111010111111111110100101110101111111101111111111011010111111110111101110100101101010111011101111111101110111111
000000000000000000000
000000000000000000000
001111111111111111100
001011111111111110100
001111111111111110100
001011111111111110100
001111111111111010100
001011111111101110100
001011111111101110100
001111111111101110100
001111111111111110100
001011111111111110100
001011111111111110100
001111111111111110100
001111111111111111100
001011111111111110100
001011111111111110100
001011101110111011100
001111111111111111100
000000000000000000000
000000000000000000000
#
It:62:Diff:58:PSOStep:8:Time:4.540252007:s:AutomataStep:8:Transition:01111111111111111110110101101111101111110111111111111111111111101101111001111010001110111111011101111111001111111101111111110101101111100110111111110111100111111100111110111111111111100111100111010010111111111110111101111101111111110101001111111111000111111110111111111111101010011111111111011111111111111111111011011110110110111111111110111010111111101001111111111111001101111111011111111011111111111111010111111111100111111111111111111101111111111111011111011111111111111110111101010111011101111111011110111111
000000000000000000000
000000000000000000000
001111111111111111100
001000000000000001100
001111111111111110100
000111111011111111100
001111111111111110100
001011000111111111100
001111111111111110100
000110111111111111100
001111111111111110100
001011111111111111100
001111111111111110100
000001111111111111100
001111111111111110100
001111101111111111100
001011111111111110100
000110101101101011100
001111111111111111100
000000000000000000000
000000000000000000000
#
It:81:Diff:57:PSOStep:8:Time:5.823181892:s:AutomataStep:8:Transition:01111111111111111110101101111111111111010111000111111101111111101101111001111011011111110111011110011101011111001110111111010101111111111110001111100011001011001110111111111111111101010111101111110010111011111100111001111101111111101111111111111111000111111110111111111111101010101101111111011001100111111111111110011111111110011110111100111110111110111100111110111111101100111111011110110111101111011111010111101111110111101111101111101100111001111110111101101111111111111110111101011111011101111011000100111111
000000000000000000000
000000000000000000000
001111111111111111100
001100000000000000100
001111111111111110100
000001111011111110100
001111111111111110100
001111011111111110100
001111111111101010100
000111111111101110100
001011111111101110100
001111111111101110100
001111111111111110100
000111111111111110100
001011111111111111100
001111111111111010100
001011101110111110100
000010101010101101100
001111111111111111100
000000000000000000000
000000000000000000000
#
It:97:Diff:44:PSOStep:8:Time:6.911375744:s:AutomataStep:8:Transition:01111011111011111110111011101111111111010111100101111101111111101101111011111011001110111111011110011101011111001110111110000101110111100111110101110111001011111110111111111011111101000001110111111010111111110100111111101101111111101111111111101001101110111100111111111111101000001111111111011010111111111101111011011011111111110110111110111010111111101001011111011111101101111111011110110111111111101111010111111111100011111111110111111101111101111111110111111111111101110111011101010101011101111011110100111111
000000000000000000000
000000000000000000000
001111111111111111100
001000000000000000100
001111111111111110100
001011110111111110100
001111111111111010100
001010111111101010100
001111111111101010100
001011111111101010100
001111111111111110100
001011111111110110100
001111111111111110100
001011110111111110100
001111111111111101100
001011111111111110100
001011111111111110100
001100000000000001100
001111111111111111100
000000000000000000000
000000000000000000000
#
It:231:Diff:34:PSOStep:8:Time:15.908669512:s:AutomataStep:8:Transition:01111111111011111110101011101111110111010111100101111101111111101101111011101011011110111111011110011101011111101100111110100001110111100110110101110011001011111110111111111111011101110001111111111010111110110110101111101111101111100111111111100001101111111110111111111111101010001111111111011001101111111101111011011011111110110110101100111010110111111000011111010111101101111111011110110101101111101111010111111111100011100111111111111101111101011111111111011111101111101100111101010101011101111111111100111111
000000000000000000000
000000000000000000000
001111111111111111100
001000000000000000100
001011111111111110100
001011101111111110100
001011111111111110100
001010111111111110100
001010101111111110100
001010101111111110100
001011111111111110100
001011111111111110100
001011111111111010100
001011111111111110100
001111111111111110100
001010111111111110100
001011111111111110100
001100000000000001100
001111111111111111100
000000000000000000000
000000000000000000000
#
It:276:Diff:32:PSOStep:8:Time:18.954823059:s:AutomataStep:8:Transition:01111111111011111110101011101111100111010111111111111101111111101001111011011001001100111111011100110111011111101100111110000101110111100111111111101111001011111111111111111111111101110000110111111010111010100110111111101111111111100111111111101101101110011110111111111101101010011111111111011000101111111101111111011111110110110110101110111010011011101000111111010111101101111111011110111111101101111111011110101111110011100111111111111101111101111111111111001111111111111111111101011111011101111011110101111111
000000000000000000000
000000000000000000000
001111111111111111100
001000000000000000100
001011111111111110100
001111111111111110100
001111111111111110100
001011111111110110100
001011111111111110100
001111111111111110100
001111111111111110100
001011111111111110100
001011111111111110100
001111111111111110100
001111111111111110100
001011111111111110100
001011111111111110100
001100000000000001100
001111111111111111100
000000000000000000000
000000000000000000000
#
It:351:Diff:31:PSOStep:8:Time:24.027087496:s:AutomataStep:8:Transition:01111111111011011110101011101111110111010111010111111001111111101001011011111001001100111111011110110111001111001100111110010101110111100001111111111111001011111110111111011111111101110001111111111010111011110110111111101110111011101111111101100101101110011110111111110101101010011111111111011000101111111101111011010111111110110110101100111010010011111000111111011111101101111111011110110111111101111111010110001111110011101111110111111100111101111111111101001111111111110110111100001111011101111011110101111111
000000000000000000000
000000000000000000000
001111111111111111100
001000000000000000100
001011111111111110100
001011111111111110100
001011111111111110100
001011100111111110100
001011101011111110100
001011111011111110100
001010101111111110100
001010101111111110100
001011111111111110100
001011111111101110100
001111101111111110100
001011111111111110100
001011111111111110100
001100000000000001100
001111111111111111100
000000000000000000000
000000000000000000000
#
It:443:Diff:30:PSOStep:8:Time:30.231303053:s:AutomataStep:8:Transition:01111011111011111110111011101111111111010111000100111101111111101101111011011001011110111111011100011111001111101100111111110101110111101111110111110111101011111111011111111011111101100001111111111010111111101110111111101110111111001111111111101101101110111110111111111111101010011111111111011010111111111111111011010111111111110110101100111110011111111001111111011111101101111111011110110111111101111111010110111111100011101111110111101101111101111111111111111111111111111110111100010111011101111011110101111111
000000000000000000000
000000000000000000000
001111111111111111100
001000000000000000100
001011111111111110100
001011111111111110100
001011111111111110100
001011111111111110100
001010101111111110100
001010101111111110100
001010101111111110100
001011101111111110100
001011111111111110100
001011111111101110100
001111111111111110100
001011111111111110100
001011111111111110100
001100000000000001100
001111111111111111100
000000000000000000000
000000000000000000000
end
