PSO TRACE
INIT:../../instances/fazia/init.csv
REF:../../instances/fazia/asm4.csv
DecodingPolicy:CPP
MutationPolicy:Null
ParticleNeighborhood:DynamicGeneralizedEuclideanDistance
ParticleDims:515
ParticleCount:100
AccP:2.0
AccG:2.0
AccL:1.5
AccI:2.3
Pos:0.0-3.0
Inertia:0.9-0.6
VeloMax:2.0
MaxPSOIteration:500
InertiaDecrFactor:6.000000000000001E-4
INIT
000000000000000000000
000000000000000000000
000000000000000000000
000000000000000000000
000000000000000000000
000000000000000000000
000000000000000000000
000000000000000000000
000000000000000000000
000000000000000000000
000000000010000000000
000000000000000000000
000000000000000000000
000000000000000000000
000000000000000000000
000000000000000000000
000000000000000000000
000000000000000000000
000000000000000000000
000000000000000000000
000000000000000000000
REF
000000000000000000000
010000000000000000010
001011111111111111110
000000000000000000000
001011111111111110100
001011111111111110100
001011111111111110100
001011111111111110100
001011111011111110100
001011111101111110100
001011000101111110100
001011000110111110100
001011110111111110100
001011111111111110100
001011111111111110100
001011111111111110100
001011111111111110100
010100000000000001100
001011111111111110010
010000000000000001000
000000000000000000000
Classic CPP Decoder
#
It:0:Diff:100:PSOStep:8:Time:0.093031868:s:AutomataStep:8:Transition:01011111111111001101001111111111100101111110110110111111101110111111101001111110111101111011111001101111111111111101110111111111111111010111111111110111101011111111111111111101111111101111111011111011111111101111110111011111011101111111111011101110101111011111111010110100111000011010111111101011111111110111111111011111110001110111111011111011111110111100101111110111101111101101111111101111111101111111111101110000101111011111111111101111000111101111111110111111110001101101100110001111111101110111110100111101
000000000000000000000
000000000000000000000
001010101010101010100
001111001011110010000
001010010111111111100
000110111111011111100
001110111010111110100
001111111110110101000
001110001111101001100
000111011111111111100
001101111010111011100
001101101110111101000
001101111111110111100
000110111110101101100
001111101111111110100
001110101110111101000
001111111111111111100
000100000000000001100
001111111111111111100
000000000000000000000
000000000000000000000
#
It:2:Diff:98:PSOStep:8:Time:0.378549934:s:AutomataStep:8:Transition:00111111111101011111011111111100110101111100111110111110111100111100001101111110111101111110101001001111110111001100101111111101111111010111111111110110101011111111111011110101111101011101111110110111011111101101110111011010011111111111111011101111111111011111111011111101111101011010000111101001111011101111111111011111111101010101110010111001111111111111111011110111111111111101111111111101111101111110111011111011001101011101111111011111110111101111111110111111110101100101111110001111111101110111110000111111
000000000000000000000
000000000000000000000
000000000011111111100
000000000101111111000
000000001011111100100
000000011111110111100
000000101011111011100
000001100001110111000
000010111111111000100
000101111111111111100
001011111111101111100
001111101011111101000
001111101111111100100
000101111110110111100
001111101111111111100
001111111111111101000
001101111111111111100
000100000000000001100
001111111111111111100
000000000000000000000
000000000000000000000
#
It:5:Diff:91:PSOStep:8:Time:0.649654491:s:AutomataStep:8:Transition:01011111111111011101011001101100110101111000111111111011111101101101001101111110011101011111111101011111111111011101111111111111010111010011111011110110001111111111111011111101101100111111111110111111110011111101110111011010011111101111111011101101111111111111011011110001111101000010010111111011011111101111101111011111111101100101110010111101110110011110111111111111101111011101111111111000110101111111100011011011001101011101111111011111110111111111111110111111110101001101011111000111111101110111111100111111
000000000000000000000
000000000000000000000
001010101010101010100
001111101010101010000
001111101010101010100
000111111111111101100
001011111111111111100
001111111111111111000
001110111111111111100
000111111111111111100
001011111111111110100
001111111111111110000
001110111111111111100
000111111111111111100
001011111111111100100
001111111111111110000
001110111110111011100
000111111111111111100
001010101010101010100
000000000000000000000
000000000000000000000
#
It:6:Diff:85:PSOStep:8:Time:0.737047948:s:AutomataStep:8:Transition:01111111110111001111010011111101110001111100101111101011111101111101001101111110011101011111101101101110011111111101111111111111010111010111111011110110001011111110111011111101101100111111111110110111111011101111110111011011011111111111111111101111111111111111011011110001111001000010001111111001111111100111110111011111111101100111110010101101110111011110111111101111101111011101111111111111110101111111110011011011000111111001011111111110111111111111111100111011110100001101011110010111111101111111111100111111
000000000000000000000
000000000000000000000
001111111111111111100
001111111111111111000
001011111111111111100
000111111111111110100
001111111111111111100
001111111111111111000
001111111111111111100
000111111111111101100
001011111111111011100
001111111111111111000
001011111111111111100
000111111111111110100
001111111111111111100
001111111111111111000
001110111111111111100
000111111111111111100
001010101010101010100
000000000000000000000
000000000000000000000
#
It:7:Diff:83:PSOStep:8:Time:0.81816491:s:AutomataStep:8:Transition:00111111111111001111010110111111100011111111111111111111011100111100001101111000111101111111101001101100010111101101111011110111111111010111111111110111101011111011111011110101111111001111111010110111111011101011110110111110011010110111111111101111111110011111111011110111111001001010001111101001111011110110110111011111110001111110101010111001111111111110101111100111111111000101111111111111010111111111111011011000001100111100011101111111110111111101111010111111110100001101111111011111111111111111110100111111
000000000000000000000
000000000000000000000
000000000011111111100
000000000111111111100
000000001011111111100
000000011111111111100
000000101111111111100
000001111111111111100
000011111111111111100
000100110101111111100
001111111101111111100
001111011111111111100
001010110111111111100
000111010111111111100
001111111111110111100
001100111111110111100
001011111111111111100
000100000000000000100
001111111111111111100
000000000000000000000
000000000000000000000
#
It:9:Diff:81:PSOStep:8:Time:0.974510106:s:AutomataStep:8:Transition:01111111111111011111011000101101100110111100111111111111111101101100001101110110011101011111111001001111011111111101111111111111110101010011111111110111001111111011111011110101111110111111101110111111111011101011110111011110011011101111111111101110111111111111011001111101111101001010011011111001011010101011111111011111111101111111111010111101110111111110111111011011111111011101111111111010111111111111100011011011001011111101111001111111110111111011111110111111110101001111110110001111111101111011111100111111
000000000000000000000
000000000000000000000
001111111111111111100
001011101011111001100
001111111111011111100
000111111101111111100
001110111111111111100
001110011111111111100
001111111111111111100
000111111111111111100
001111111111111111100
001111111111111110100
001111111111111111100
000111101000001110100
001101101111111111100
001100011000011110100
001111111111111111100
000100000000000000100
001111111111111111100
000000000000000000000
000000000000000000000
#
It:10:Diff:71:PSOStep:8:Time:1.046393752:s:AutomataStep:8:Transition:01111111111111011111010001111101100100111100111101111011110101101100101101111110111101011111111101101011011111111101111111111111010101010011111111110111101111111111111011110101111110111111111110111111111011111001110111011111011001111111111011101110111111111111011001111101111101001010011111111001010110101111111111011111111101111111111110111101110111111110111111011111111111011101111111111010111111111111100011110011001111110101111101110111110111111111011110111111110101001111110110011011111101111011111100111111
000000000000000000000
000000000000000000000
001111111111111111100
001100010110001111000
001011111111111100100
000111111111111111100
001111111111111110100
001111111111111111000
001011111111111110100
000111111111111110100
001111111111111111100
001111111111111111000
001011111111111110100
000111111111111111100
001111111111111110100
001111111111111111000
001011111111111111100
000111111111111111100
001010101010101010100
000000000000000000000
000000000000000000000
#
It:12:Diff:70:PSOStep:8:Time:1.193126549:s:AutomataStep:8:Transition:01111111111101011111010101101100100000111100111111111110111011101100001101111010111101111011101101101111110111001100100011101111110111010111111111110110101011111110111011111101101101011001111010100111111111111011110111011011011111111111111011111111111110011111111011110101111011001010000111111001011110101111111111011110111000010101110010111101111110111101101111111111111110111101111111111111110101111111100011011001001111100101111111011111110111111111011111111111110101101101010111010011111101111111111100111111
000000000000000000000
000000000000000000000
001111111111111111100
001000000000000001000
001111111111111111100
000100111000011101100
001011111111111111100
001001111000111111000
001111111111111111100
000101111111111101100
001011111111111111100
001001111111111111000
001111111111111111100
000100111111111101100
001011111111111111100
001000111111101111000
001111111111111111100
000100000000000001100
001111111111111111100
000000000000000000000
000000000000000000000
#
It:21:Diff:68:PSOStep:8:Time:1.812596637:s:AutomataStep:8:Transition:01111111101110011111011111101101110111111110101111111111111101101100001101111000111101011111101001001111111111111101101111111111110111010111111110110110001111101110110011110001101101001111111110110011111111111101110110010111011111111111111011111111111111011111111011110101111011010010110111111001011111100111111111011111111101110010111010011101111110111111111111111101111110101101111111111111100101111111101011111101001000110100011111111111110111111111011111111111110101001101010010010011111101110111111100111111
000000000000000000000
000000000000000000000
001111111111111111100
000000000000000001100
001111111111111111100
001111111111111101100
001111101111101111100
001111111111111101100
001111111111101111100
001111111111111101100
001111111011111111100
001111100111111101100
001111011111111111100
001111100100011101100
001111111011101111100
001111011110111101100
001111111111111111100
000100000000000001100
001111111111111111100
000000000000000000000
000000000000000000000
#
It:37:Diff:62:PSOStep:8:Time:2.925400981:s:AutomataStep:8:Transition:01111111101110111111001011101101110111111100101111111011110100101100001101111010110101011111111101001111111111111101011101111111110111010111111110010110101111100110010011110001101101011101111110110011111111110101110110010111011101110101101011011101111110011111011011110101101011110011010011111001011011100101101111011111011011110010110010011101111110111111101111111100101110100101111111111011100100111111101011111001000000110001011100111111010111111111011111111111110101001101010100010011111101110111011101111111
000000000000000000000
000000000000000000000
001111111111111111100
000000000000000001100
001111111111111111100
001111111111111111100
001110111111111111100
001110111111111111100
001111111111111111100
001111100111111111100
001111111111111111100
001111100111111111100
001111111111111111100
001111111111111111100
001111100110111111100
001111111111001011100
001111111111111111100
000100000000101010100
001111111111111111100
000000000000000000000
000000000000000000000
#
It:58:Diff:60:PSOStep:8:Time:4.351142056:s:AutomataStep:8:Transition:01111111111111011111011011111101110110111110111111111111111111101001000001110010110101111011111101101111111111111100101011101111111111011111111111110011001111110110111011111001111100111011111111111011111111111101111111010111011011111101111011001111111110111111111011011111111101011011011111111001011111101011111111011111111001111111011010011101111110111111101110111001111111111101111111110111111100111111111011011001100011110001111100111111111101111111111111101111110101101111110111111011111101111111001100111111
000000000000000000000
000000000000000000000
001111111111111111100
001100000000000001100
001111111111111111100
000111110111111111100
001111111111111111100
001111111111111111100
001111111111111111100
000111111111101111100
001111111111111111100
001111111111111111100
001111111111111111100
000111110111111011100
001111111111111111100
001111111111111111100
001111111111111111100
000100000000000000100
001111111111111111100
000000000000000000000
000000000000000000000
#
It:90:Diff:51:PSOStep:8:Time:6.518066644:s:AutomataStep:8:Transition:01111111101110111111011011101101110111111110101111111011111101101100001101111000110101011111111101101111111111111101011110111111110111010111111111110111001111110110110011100001101101011011111111110011111111110101111110010011011111110101111011011101111100111111011011100101101011110011010011111001011111101110101111011111011011110010110010011101111110111111101111111100101111101101111111111011010100111111111011111001000010110000111100111111010111111101011111111111110101101111110111010011111101111111011101111111
000000000000000000000
000000000000000000000
001111111111111111100
000000000000000001100
001111111111111111100
001111111111111111100
001111111111111111100
001111111111111111100
001111111111111111100
001111101111111111100
001111111111111111100
001111101111111111100
001111111111111111100
001111111111111111100
001111111111111111100
001111111111111111100
001111111111111111100
000100000000000000100
001111111111111111100
000000000000000000000
000000000000000000000
#
It:143:Diff:48:PSOStep:8:Time:10.136769281:s:AutomataStep:8:Transition:01111111101110111111011011001101110111110010101111111110111100101100001101111000010101111111011001100111111110111101101111111111110111000111111111010111000111101110010011110001111101111111111110111011111111111101110111010111011011110101111011101111101111111101011011110101101011010000000011111001011111101101101111011111011111110010111010001101111100111111101110111101111111111101111111111111111000111111100011111101000000110000100110110101111111111111011111101111100101101111110101011011111101111111111100111111
000000000000000000000
000000000000000000000
001111111111111111100
000000000000000001100
001111111111111110100
001111111111111111100
001111111111110010100
001111111111111111100
001111111111111110100
001111100111111111100
001111111111111110100
001110001111111111100
001111111111111110100
001111110111101111100
001111111111111110100
001111111111111111100
001111111111111110100
000100000000000001100
001111111111111111100
000000000000000000000
000000000000000000000
#
It:154:Diff:45:PSOStep:8:Time:10.874775811:s:AutomataStep:8:Transition:01111111101111111111001011101101110010111110101111111110111110101100001101110000110101011011110101001011111111111101101111101111111111011111111110010111001111110110111111110001101001111011011111110011111111111001111110010110011011010101111010010111111100111101111011111101101011010001011111111001011111111011101111011111011011110111111110111100111110111111101111111101101110111101111111111011111000011111011011111101100010110001101110111100011111111101111111111111110101101111110110010011111101110111011100111111
000000000000000000000
000000000000000000000
001111111111111111100
000000000000000001100
001111111111111110100
001111111111111110100
001111111111111110100
001111111111110110100
001111111111111110100
001111111110011110100
001111101010111110100
001111101111111110100
001101011111111110100
001111011111110110100
001111101111111110100
001111111111111110100
001111111111111110100
000100000000000001100
001111111111111111100
000000000000000000000
000000000000000000000
#
It:200:Diff:40:PSOStep:8:Time:13.957587157:s:AutomataStep:8:Transition:01111111101110111111001011101101110011111110100101111110111110101100001101111000010101111111101101000111111110111101101110101110111111011111111111010011001111110110110011110001111001111011101111110011111111111111111110010111011011010101111011111111101111111101011011101101101011010011100111111001011111101111101111011111111001110111111010010101111110111111101110111101111111101101111111111111111000110111111011111101000010110001101110111101011110111111011101101111110101101101110111010011111101110111101100111111
000000000000000000000
000000000000000000000
001111111111111111100
000000000000000001100
001111111111111110100
001111111111111110100
001111111111111110100
001111111111111110100
001111111111111110100
001111111111111110100
001110101011111110100
001111111111111110100
001111111111011110100
001111111111111110100
001110111111111110100
001111111111111110100
001111111111111110100
000100000000000001100
001111111111111111100
000000000000000000000
000000000000000000000
#
It:259:Diff:39:PSOStep:8:Time:17.93684003:s:AutomataStep:8:Transition:01111111101110111111001011101101111111111110000000111110111110101100001101110010010101111011101101101011111111111101111111101111111101011111111110010110001111100011111111111001111101111001111111011010111111111111111110010111011111011101111011101111111111111111111011001111011011111001010111111001011010101011101111011101011000111010111110011101111110111111101111111100111110111101111111111111111000111111111001101101101011100000111111111100010111111101111100111111110101101111110110011011111101110111011100111111
000000000000000000000
000000000000000000000
001111111111111111100
000000000000000001100
001111111111111110100
001111111111111110100
001111111111111010100
001111111111111110100
001111111111111110100
001111111111111110100
001111101111111110100
001111111111111110100
001101111111111110100
001111111111101110100
001111111111111110100
001111111111111110100
001111111111111110100
000100000000000001100
001111111111111111100
000000000000000000000
000000000000000000000
#
It:291:Diff:37:PSOStep:8:Time:20.122793706:s:AutomataStep:8:Transition:01111111101110111111011011101101111111111110100001111110111110101100001101110000000101101011111101111111111111111101111110101111111111011111111111000110001111100111111111110001111001111011111111111010111111111111111111010111011111010101110011011101101111111111011111001111011011111001010111111001011011101111101110011101011000111011111110110101111100111111101111101101111111111101111111111111101100011111011011111101101010100000101110111101110111111111111110111111111101001111111110011011111101110111111101111111
000000000000000000000
000000000000000000000
001111111111111111100
000000000000000001100
001111111111111110100
001111111111111110100
001111111111111110100
001111111111111110100
001111111111111110100
001111101111111110100
001111111111111110100
001011101111111110100
001111111111111110100
001111111111111110100
001111111111111110100
001110111111111110100
001111111111111110100
000100000000000001100
001111111111111111100
000000000000000000000
000000000000000000000
#
It:458:Diff:36:PSOStep:8:Time:31.369381616:s:AutomataStep:8:Transition:01111111101110111101111011100101111111111110101110111110111110101110001001110000010101111010111101111111111111111101111110101111111111011111111110010110001111111011111111110001111001111011111111111011111111111011111111011101011111010001110011011101111111111111011010111101011011111001111011111001011011101111111111011111011000111011011010111101110100111111101111101101101111111101111111111011100100111111011001111101110011110001101110111101111101111111111110001111110101101101110111010011111101110111111101111111
000000000000000000000
000000000000000000000
001111111111111111100
000000000000000001100
001111111111111110100
001111111111111110100
001111111111111110100
001111111111111110100
001111111111111110100
001111101111111110100
001111111111111110100
001111001111111110100
001111111111111110100
001111111111111110100
001111111111111110100
001111111111111110100
001111111111111110100
000100000000000001100
001111111111111111100
000000000000000000000
000000000000000000000
end
