PSO TRACE
INIT:../../instances/fazia/init.csv
REF:../../instances/fazia/asm4.csv
DecodingPolicy:CPP
MutationPolicy:Null
ParticleNeighborhood:DynamicGeneralizedEuclideanDistance
ParticleDims:515
ParticleCount:100
AccP:2.0
AccG:2.0
AccL:1.5
AccI:2.3
Pos:0.0-3.0
Inertia:0.9-0.6
VeloMax:2.0
MaxPSOIteration:500
InertiaDecrFactor:6.000000000000001E-4
INIT
000000000000000000000
000000000000000000000
000000000000000000000
000000000000000000000
000000000000000000000
000000000000000000000
000000000000000000000
000000000000000000000
000000000000000000000
000000000000000000000
000000000010000000000
000000000000000000000
000000000000000000000
000000000000000000000
000000000000000000000
000000000000000000000
000000000000000000000
000000000000000000000
000000000000000000000
000000000000000000000
000000000000000000000
REF
000000000000000000000
010000000000000000010
001011111111111111110
000000000000000000000
001011111111111110100
001011111111111110100
001011111111111110100
001011111111111110100
001011111011111110100
001011111101111110100
001011000101111110100
001011000110111110100
001011110111111110100
001011111111111110100
001011111111111110100
001011111111111110100
001011111111111110100
010100000000000001100
001011111111111110010
010000000000000001000
000000000000000000000
Classic CPP Decoder
#
It:0:Diff:119:PSOStep:5:Time:0.105615255:s:AutomataStep:5:Transition:11111001111001011110010111000011001111101000100111001110011110111011000100101011101000110011111000011010110100001011000000000101010010100000001010010001000011100000111100101010011100001011110110000111100011111110001000111100010010111001000110110001010000111001001110100001100000010100111011111100000100000111101001100010000101100101001001110001000000010000101100101100110101100001010001100000001100000001011011001101010010101100111001001010001000010100111110001001100101010111111111101011001000110101011110000010
100111111111111111001
010100000000000001111
000011111111111110111
111100000000000000101
001111111111111110101
001111111111111110101
001111111111111110101
001111111111111110101
001111110101111110101
001111111111011110101
001111110001011110101
001111010001101110101
001111000100010110101
001111110000110110101
001111100000101110101
001111110010011110101
001111111111111110101
001111111111111110000
001111111111111110101
111000000000000001011
110000000000000000010
#
It:1:Diff:117:PSOStep:6:Time:0.238618609:s:AutomataStep:6:Transition:01111111101101111111011111001110111111101111010011011111111111111111101110111101111101111101111100011111101100111011000011110111010111111111001011111001010011110001111111111110011111111111111111000111101001101111111101111111000110101011110111111111001110111111001111011101100111111110011110111101110011110111111101101111001101111111001011101101110110011111111111101101011111110111010001100001111110001111011111101101001011111111111001001110101110111011111111111001110111010111111101101111111101111010010110111011
000000000000000000000
000000000000000000000
000000000000000000000
000000000000000000000
000011111111111110000
000000111111111110000
000001111111110010000
000010011111101110000
000010110101101110000
000011111111011110000
000010111111010010000
000001111101111110000
000010010101101110000
000010011111111110000
000000011101110010000
000011110111111110000
000010001000100010000
000000000000000000000
000000000000000000000
000000000000000000000
000000000000000000000
#
It:2:Diff:89:PSOStep:8:Time:0.399372948:s:AutomataStep:8:Transition:01111011101101111011110111001101111111101110110111111101111110111111101110110001111001111101111101111001101100111011100011110101110011001111101110111101111001111001111100111110011111101111101111100111110101111111111011111101010110111011111111110111011110111101001101110111101101101010011111111101110111101111111111001111101111111111011111110111111111100110111101101101111111110111010101110101111111111111011111000111011011110111101100101110101111111011010111101111110111110011111111111001111111111011111111111011
000000000000000000000
000000000000000000000
001111111111111111100
000011111110101010100
000110101011111111100
000111111111111111100
001101111111111111100
001101111111111111100
000111111111111111100
001111111111111111100
000011111111111111100
001111111111111111100
001111111111111111100
000111101111111011100
001111111111111111100
001111111111111111100
000111001101101011100
001110110110111100100
001110111011101110100
000000000000000000000
000000000000000000000
#
It:13:Diff:82:PSOStep:8:Time:1.248265306:s:AutomataStep:8:Transition:01111111101101111011110111000111100111101111111111111101111110111111101110110000111000111101110100111101001100110011100011100101100111111111101111111010111011110000111100110110010101111111101111000111111101101111111110110111011110111011011111111100001111111111001111111111101111101100011110111101110110101111111011111110101100010111011111101111011111111100111101101100111111110111010101110101101110111111111111000111101111100111101000111100101111111011000111101111111111111010111111011011111111101111111111111011
000000000000000000000
000000000000000000000
001111111111111111100
000011111110101010100
000110101010101010100
000111111100111110100
001101101011111110100
001111111110101110100
000001110111011010100
001110111111111110100
000011010101111110100
001111111111010110100
001111110111111110100
000111111101011110100
001011010101111110100
001111111100111110100
000110111111111110100
001110110100010000100
001110111011101110100
000000000000000000000
000000000000000000000
#
It:31:Diff:79:PSOStep:8:Time:2.485051516:s:AutomataStep:8:Transition:01111011111101111111111111000011110111111111111111011111111110101110111111110110111001111100110111011100011110111111100110110101000010111111101111111011111001111111111100010110111111111001101111100111110101111111110111110101011111101010111111101101101101111101001111111110001100101000011011111101111110100111011010111110111111011100101111111111011110111110111111101100111111111111110101111101101110111111011111110101101011110101101001010111101111111111111111110100010111100110111111111011101111111011011110110111
000000000000000000000
000000000000000000000
001111111111111111100
001001000000000001100
001111111111111110100
001111111100111011100
001111111101001111100
001001111101111111100
001111111111111110100
001111111111111111100
001111111111111111100
001000011111111111100
001111101111111110100
001111111111111111100
001111111110111111100
001000111011111111100
001111101111101110100
001111111111111111100
001010101010101010100
000000000000000000000
000000000000000000000
#
It:38:Diff:78:PSOStep:8:Time:2.962821825:s:AutomataStep:8:Transition:01111011101111111111111111001110110111111111111111111101111110101110111111110011111000111100010101011101101100111111100111000111001111111111101110111001111011111110111011010110010111111111101011100111100101110111110111110101010010101011111111100101001110111101000101101110101110100000011110111101111110100111111011011110101111000111001011111111111110101111000111101101110111111111111101111101001111011111011101110111101110110101101000000111101111111011011111100101011011100010111111101011001111111011101110111011
000000000000000000000
000000000000000000000
001111111111111111100
000000000000000000100
001101111111111111100
001000111111011100100
001101110011101111100
000011110111111110100
001110111110101111100
001010110111111110100
001101110011111111100
000011111100110110100
001101000101111111100
001000011101111110100
001101110011111111100
000011101111111110100
001111010101011010100
001000000000000001100
001010101010101010100
000000000000000000000
000000000000000000000
#
It:51:Diff:66:PSOStep:8:Time:3.846695081:s:AutomataStep:8:Transition:01111011111101011111111111101110111111111101111100101111111110101110110111110101111101111110011101011101111110111011100111110110011111111110101111111111111011101011111011000110101111101111111111100110100011110111010111111111001110011010111111101110101101111101000111101111100111100100011011111101111110000111111010111110111111010111000111111111111110111010101111101001011111011111010111111101101110011001011101000110111011110111100001110101101111101010111111110101010111100011111111111011001111111011111011110111
000000000000000000000
000000000000000000000
001111111111111111100
001000000000000001100
001111111111111111100
001111110111111110100
001111101111011001100
001010110101111111100
001101111010111111100
001111111111101110100
001111110111111110100
001010110011111110100
001111111111111111100
001101101111101110100
001111101111111111100
001101111111111011100
001111111111111111100
001000000000000001100
001010101010101010100
000000000000000000000
000000000000000000000
#
It:54:Diff:62:PSOStep:8:Time:4.05098229:s:AutomataStep:8:Transition:01111011111111011111111111101110100111111110111101101101111110111110111111110111111001111110011101111101111110111011110111110111000111111110101111011011111011111011111001010110111111111111111011100111101011100111110111110111011110111010111111111110101101111101000101001111101111110100011110111101111110100111111010111110101111010101001111111111111110111010101111101101011111111111011111111101111110111011011111010111101011110111101001110101101111111011111111111101010111111010111111111011001111111011111110010111
000000000000000000000
000000000000000000000
001111111111111111100
001010101010101010100
001111111111111110100
001111111111010110100
001111111111111110100
001011111111111110100
001111111111111110100
001111111111111110100
001111111111111110100
001010101111111110100
001111111110111110100
001111111100001110100
001111011110101110100
001111111011111110100
001111101111111011100
001000000000000001100
001010101010101010100
000000000000000000000
000000000000000000000
#
It:100:Diff:59:PSOStep:8:Time:7.191662165:s:AutomataStep:8:Transition:01111111111111011111111111101111110101111100111111101111111110101110110111110011111001111110001101011101011110111011100111110111000111101110101110111111111011111111111011110100111111111111101111100110100111100111010011100111011110111011101111011110101101111101000111111110101111110000011111111101101010100111111010111111101111011111010110111111111110111010101111101101111111111011011111111101111110111111011101110100101011110111100001111101101111111010111111110101010111111011111111111011011111111011011011011111
000000000000000000000
000000000000000000000
001111111111111111100
001000000000000001000
001011111111111111100
001011111111111111100
001011111011111110100
001011011100011111000
001011111111111110100
001011111111111111100
001011111111111010100
001011111111111101000
001011110111101110100
001010111001111111100
001011110111111110100
001001111111111111000
001111101010101011100
001000000000000001100
001010101010101010100
000000000000000000000
000000000000000000000
#
It:106:Diff:58:PSOStep:8:Time:7.605939852:s:AutomataStep:8:Transition:01111011101111011011101111001110100111101100110100111111101111111110111111110001101000111110111101011101011110111011010111110111100111111110101110011111100010111100111001010110111100111001111111100111100111100111110111100111011110111010110111001110101111111101000001001110100101100110011110111101101010101111110111011110101111110111001100111101111111111010000101101101111110111011011111111111011110111111111111100111101010110111101101111101101111111011100111101110010111110010111111111011010111011111111110010111
000000000000000000000
000000000000000000000
001111111111111111100
000011111111111111100
001011111111111110100
001111111111111110100
001011111111111110100
000011111111111110100
001011111011111110100
001111111111111110100
001111111111111110100
000011111111111110100
001011111111111110100
001111111111111110100
001011111111111110100
000011111111111110100
001011111111111110100
001111111111111110100
001111111111111111100
000000000000000000000
000000000000000000000
#
It:119:Diff:57:PSOStep:8:Time:8.502735086:s:AutomataStep:8:Transition:01111011111100011111111111001110110111101110111110111101101110101110111111010101101001111110011101111101011110111011110111110111001111111110101110101111100010111111111001010110111101111101111101100111100011100111110111101111011110111010100111101100101111111101000001001111100011100110011110111101100110100111111100101110101101010111001101111111111110111011000111101101111110111111011111111111111110111111011111100111101010110111101001011101101111101011101111101110010111110011111111101010010111011010111110010111
000000000000000000000
000000000000000000000
001111111111111111100
001001010110101010100
001101111111111110100
001001111111111110100
001101111111111110100
001011111111111110100
001111111111101010100
001000011011111110100
001111011111111110100
001011111101011110100
001101111111111110100
001000111111111110100
001111111111111110100
001011111111111110100
001111111111111110100
001000000000000001100
001010101010101010100
000000000000000000000
000000000000000000000
#
It:181:Diff:54:PSOStep:8:Time:12.71514631:s:AutomataStep:8:Transition:01111011111101011111111111101111110111111010111110111101111110101110111111110111111100111100011101011101011010111011010111100111000011111110101110111111111011111011111011110100111111111011111111100111110011110111110111100111011110011011111111101111101101111111000011101111100111111100011111111101110110100111011100111110101111010111000111111101111110111011101111101101111111111011111111111111101110111111011101101111101011110111101001101101101111101011100111111100010111100010111101101011010111111010011110110111
000000000000000000000
000000000000000000000
001111111111111111100
001000000000000000100
001011111111111110100
001011011111100010100
001011111111111010100
001001111111011110100
001011011011101110100
001011101111111100100
001011111111111010100
001001111100111110100
001011011111011110100
001010111110111110100
001011111110111110100
001011010011001110100
001111111111111111100
001000000000000001100
001010101010101010100
000000000000000000000
000000000000000000000
#
It:182:Diff:53:PSOStep:8:Time:12.789321331:s:AutomataStep:8:Transition:01111011110110111101111111101110101111111101111111111101111111101110111111111111111101111111010101011101111011111011110111110110001011111110101110101111111010110101111001010110111101111111111111100111100111101011110111110111011110111011100111000110101111011101000001101111100111110111011110111101101110101111111100111111101111011111001110111111111000101011100111101101011110111011111111111111111110011111111100101011101000110111101101111101001111111010111111111111010011111111111101111011011011110010011110110101
000000000000000000000
000000000000000000000
001111111111111111100
001000000000000000100
001111111111111110100
001111111011101110100
001111111111111110100
001011111111101110100
001111111111101110100
001111111111111110100
001111111111111110100
001011111000011110100
001111111111111110100
001111100010011110100
001111111111111110100
001011111111111110100
001111111111111111100
001101100000000001100
001010101010101010100
000000000000000000000
000000000000000000000
#
It:215:Diff:48:PSOStep:8:Time:15.027549268:s:AutomataStep:8:Transition:01111111110100011011011111011111110111111101110100111101111011101110111111111111111101111101111101011101011110111011010111110111010011101100101111001111110011111111111001011110111011111111111111100111100111111110110111111111001110111010110111011101111111111101011111101110100111100110010111111101101110100111111110111111101110011111011110111101111111111011001101101101111111111111111111110111111110111011011110110111100011111111101000111101001101111111111111101110011101111001111111111011001111110110101110111111
000000000000000000000
000000000000000000000
001111111111111111100
001100000000000000100
001111111111111110100
001111111111011110100
001111111111011110100
001111110011111110100
001111111111111110100
001111111111111110100
001111111111111110100
001111111111111110100
001111111111111110100
001111111111111110100
001111111111111110100
001111111111111110100
001111111111111111100
001100000000000001100
001010101010101010100
000000000000000000000
000000000000000000000
#
It:221:Diff:42:PSOStep:8:Time:15.446970376:s:AutomataStep:8:Transition:01111011111001011111111111101110100110111100111110111101111110101110111111110111111001111110011101010100011110111011010111010111000111111110101110101011111011111100111011110110111101111111111011100111110111110111110111100111011110111011111111101110111111111111000001101111100111101110011111111101111110100111111110111110101101110111000110111101111110111011101111101101111111111011111111011111111110111111011101101111101010111111101101101101101111101011100111111110010011110011111111101011010111111110011110110111
000000000000000000000
000000000000000000000
001111111111111111100
001000000000000000100
001011111111111110100
001011011111111110100
001011101111111110100
001001111011011110100
001111111111011110100
001110111111111110100
001011101111111110100
001001110010111110100
001111111111111110100
001111111111111110100
001011111111111110100
001011111111111110100
001111111111111111100
001000000000000001100
001010101010101010100
000000000000000000000
000000000000000000000
#
It:288:Diff:41:PSOStep:8:Time:20.076183323:s:AutomataStep:8:Transition:01111111111011011111111111101110110110111111111100111100111110101110111111111111111101111111110101011100011110111111010111110111000111111110101110101111111011111111111011110110111111111111111011100111100111111111110111100111011110111011110111111110111111111111001101101111100111101110010111111101110110100111111110111110101101010111111110111111111101111011110111101101111111011111111111111101111110111011011111001111101011011111101001010101101111111111111111111110011111110011111111111011011101111111011110111111
000000000000000000000
000000000000000000000
001111111111111111100
001000000000000000100
001011111111111110100
001111111110111110100
001101111110111110100
001011111111110110100
001011111111111110100
001100011101111110100
001111111101111110100
001000000010111110100
001011111111111110100
001111111111110110100
001111111111111110100
001011111111111110100
001111111111111110100
001100000000000001100
001010101010101010100
000000000000000000000
000000000000000000000
#
It:341:Diff:40:PSOStep:8:Time:23.682713427:s:AutomataStep:8:Transition:01111011111111011111111111101111101111100111110101111101110110101110110111111101111100111000010111011111011110111010110110010111000111111110101110111111011010011101111001100100111100111111111111100111101111110111110111100111011110111011001111001100111111111111000101011111111111111100011111111101111110100111010110111111101101010111000111111101111110110010111101101101111111111111110101111111111100111011011100010111101011011111101001101101001111111011011111110011011011100011111111111011011101111111111110111111
000000000000000000000
000000000000000000000
001111111111111111100
001000000000000000100
001011111111111110100
001011111111111110100
001011111111111110100
001011111110111110100
001011111111111110100
001011101111111110100
001011111011111110100
001010101111111110100
001011111111111110100
001011011111111110100
001011111111111110100
001011111111101110100
001111011111111111100
001000110000000001100
001010101010101010100
000000000000000000000
000000000000000000000
#
It:398:Diff:35:PSOStep:8:Time:27.62534141:s:AutomataStep:8:Transition:01111011111111011111111111101110100110101110111100111101111110101110111111111101111000111110011111011100011110111010010111010111000101111110101110111111101010011101111001110100111101111111111111100111110111110111110111100111011110011011101111101110111111111111000101101111111111101110011111111101111110110111110110111111101111010111000111111101101110111011101111101101111111111111111111111101111110111011011101100111101010111101101001101101001111111011111111111111011011010011111101101011011111111110111110111111
000000000000000000000
000000000000000000000
001111111111111111100
001000000000000000100
001011111111111110100
001011011110111110100
001011101111111110100
001011111111111110100
001011111111111110100
001011111111111110100
001011111111111110100
001010101111111110100
001011111111111110100
001011111111111110100
001011111111111110100
001011111111111110100
001111111111111111100
001000000000000001100
001010101010101010100
000000000000000000000
000000000000000000000
#
It:413:Diff:33:PSOStep:8:Time:28.675275978:s:AutomataStep:8:Transition:01111011111111011111011111101110100111111110111101111101111111101110111111110101111100111010011111011111011110111010010110010111000101111110001110111111101010011001111001100110111101111111111111100111100111110011110111100111011110011010100111001110011111111111010001101111101101111110011111111101101110100111110110111110111101010111001110011101101110111011111111101101111111111111111111111111111110111011011110001111101011111111101001111101001111111011011111111111011011100011111111111011011111111111111110111111
000000000000000000000
000000000000000000000
001111111111111111100
001000000000000000100
001011111111111110100
001011011110111110100
001011111111111110100
001011111111111110100
001011111111111110100
001011111101111110100
001011101111111110100
001011111011111110100
001011111111111110100
001011111111111110100
001011111111111110100
001011111111111110100
001111111111111111100
001000000000000001100
001010101010101010100
000000000000000000000
000000000000000000000
end
