PSO TRACE
INIT:../../instances/fazia/init.csv
REF:../../instances/fazia/asm4.csv
DecodingPolicy:CPP
MutationPolicy:Null
ParticleNeighborhood:DynamicGeneralizedEuclideanDistance
ParticleDims:515
ParticleCount:100
AccP:2.0
AccG:2.0
AccL:1.5
AccI:2.3
Pos:0.0-3.0
Inertia:0.9-0.6
VeloMax:2.0
MaxPSOIteration:500
InertiaDecrFactor:6.000000000000001E-4
INIT
000000000000000000000
000000000000000000000
000000000000000000000
000000000000000000000
000000000000000000000
000000000000000000000
000000000000000000000
000000000000000000000
000000000000000000000
000000000000000000000
000000000010000000000
000000000000000000000
000000000000000000000
000000000000000000000
000000000000000000000
000000000000000000000
000000000000000000000
000000000000000000000
000000000000000000000
000000000000000000000
000000000000000000000
REF
000000000000000000000
010000000000000000010
001011111111111111110
000000000000000000000
001011111111111110100
001011111111111110100
001011111111111110100
001011111111111110100
001011111011111110100
001011111101111110100
001011000101111110100
001011000110111110100
001011110111111110100
001011111111111110100
001011111111111110100
001011111111111110100
001011111111111110100
010100000000000001100
001011111111111110010
010000000000000001000
000000000000000000000
Classic CPP Decoder
#
It:0:Diff:141:PSOStep:8:Time:0.124868116:s:AutomataStep:8:Transition:01100101111110110111101110010110110000010001111100001111110111101110111001111100111111101110101110011011110111111110000010111100111110011011001000110111111011110111101111101100111011001000010111101000001110101111111111100111011111011000010011110011011010100110110110111010110011011111111111110111110100001101110111001001001110010110111010100111010000010110101111111010111011110010101101001101011110011011011111101011111110111111110101001110111111111100101100100101010111111110011111101001101111011010111101110101
000000000000000000000
000000000000000000000
001000000000000000000
001110100000000000000
001011001100000000000
000101111100000000000
001110011000000000000
001011110111000000000
001011011010110110000
000101011001110110000
001011101111111011100
001110111100111100000
001011110111111110000
000111111111111100000
001111011100110000000
001001111110000000000
001000001100000000000
000111000000000000000
001100000000000000000
000000000000000000000
000000000000000000000
#
It:1:Diff:126:PSOStep:8:Time:0.266833251:s:AutomataStep:8:Transition:01101111010101000111101101010000010001100000001010100011110101001110100101000101011010101101011001010011100010011000000010001100001110010111000011101111000001110100000101010000011001000011101001111000010100111101001110101011000000001100110000110010011010011100111100111010001000100111011001111110000100111000000111001111110011011101011111001100010110010010111111111000001001011000000001001101001010011001101010111001111100111111111001101110001001010100010100100101000101011110011111110000001001000100001001011110
000000000000000000000
000000000000000000000
001011101110111011100
000010001101000011000
001111001001110000100
000011010001111001000
001111010010000000100
000011100101000100000
001110011001101011100
000010011011011011000
001110101100001010100
000010000010101110000
001111001001101010100
000010110000111010000
001110100111110010100
000010101010101011000
001110111011101110100
000000000000000000000
001010101010101010100
000000000000000000000
000000000000000000000
#
It:4:Diff:93:PSOStep:8:Time:0.646602829:s:AutomataStep:8:Transition:01101111111011010110100111111011110000010011011000110111101101111111110101011101111110101101111000111011111111111110000011011101111100011011010000100101101011110111001101111110111111111111111100101100111100111111011110101111011111101001010010110110111011101111111100111011010011110111111011011101111100101011111111101011110010111111101111111110010111111111101111111010101001010001010101111001010010111001101110111111101111111111111101101101001101111100110111111101010011011111010101100011001111011110111101100111
000000000000000000000
000000000000000000000
001011101110111011100
001100111101111111000
001100111110111111100
000011101111110101100
001111101110111111100
001101010111111111000
001010101111101111100
000011110111100111100
001111111111110111100
001101111110101110000
001011101111011010100
000001101111101011100
001111111111101101100
001111111111111111000
001011101110101110100
000100100101000000100
001011111111111110100
000000000000000000000
000000000000000000000
#
It:10:Diff:82:PSOStep:8:Time:1.161878775:s:AutomataStep:8:Transition:01101111110010011101100110010011111110111010011010100111101100101111111111011101111110111101111000111011111111111111010011011101111100011011010000110101111001111110100101101110111011111111111101101100111100111111101100111111011011101100111011110111111011111101111110101011010010011111111011111101101100011011110111111011101111111111101110011110110101111111101111110010111001011010110111111011111110111001111110111111101111111111111101001101111101111100010101111101010111011111111111100011011111111111001101110111
000000000000000000000
000000000000000000000
001011101110111011100
001101110111011101100
001110011111110110100
001111011111111110100
001001111111111101100
001111111111110100100
001111111111111111100
001111111111111110100
001011111111111110100
001111111111110111100
001111111111110111100
001111111111111110100
001011111111110010100
001111011111111111100
001110011111111111100
001111111101110100100
001011101110111011100
000000000000000000000
000000000000000000000
#
It:17:Diff:78:PSOStep:8:Time:1.671234004:s:AutomataStep:8:Transition:01111111111110111100101110001011110100011011111001111011111000101111110111110111111110111010111100111111110111011111010011011111101011111011011010100111011111110110101111011110111011011111111101111111110111111001011010111111011101101111111011110101111010111101111111111011011011011111011111001011100100001111111110001111111011101111101111011111010111110111111111111011111001111000011000111101110110011101111101111101101111111101011111001111110101111101001111110101010010011111110111111011011110100101001101111111
000000000000000000000
000000000000000000000
001111111111111111100
001001010100000001000
001111111011111111100
001111111111011111100
001111110111111111100
001111110110011111000
001111111110111111100
001111111110111111100
001111111111111111100
001111101110111111000
001111111001111111100
001111101110111111100
001110111110111101100
001111111011001110000
001111011111101100100
001101110111000001100
001011111111111110100
000000000000000000000
000000000000000000000
#
It:32:Diff:75:PSOStep:8:Time:2.727454969:s:AutomataStep:8:Transition:01111111110010010101111101011011110011111011011110101111101110101111110111011110011110111011111010111111101111111111100111011111111111111011000111110111111111111110000111111111001111011101101111111110111110111111011010111111010111101011111011010100111011111110111101111110010110011111111011101011100000101001011010101111110110111111111111101110011101111111111111111010111011111001100101111101110011111101111111111111101100111111111111000101111001111101111101110101111011111111011111101011101111110110110100101111
000000000000000000000
000000000000000000000
001111111111111111100
001001010101010101100
001111111111111110100
001111111111111010100
001111111111011101100
001111111111011101100
001111111111111010100
001111111110111101100
001111111111111110100
001111111000111110100
001111111111111111100
001111111111001110100
001111111011111110100
001111001111111110100
001111111110111010100
001111110011001101100
001110111011101110100
000000000000000000000
000000000000000000000
#
It:33:Diff:66:PSOStep:8:Time:2.801329604:s:AutomataStep:8:Transition:01111111101010010110101101111100110111111011011100110111111101101111110101001111111110111111001010111010111111111111110011011100111111101011101111110101101111101111000101101111101111011111101111101100111110111111111111101111010111101010011001110100110011101110111100111110010110110111011001111111100110001011011011101111111110111111111010110111011101111111111011101010111111111101110111111101110011111011111110011101101101111111110011001101111101111101111101110101110001111111011111101011111111011111111101110111
000000000000000000000
000000000000000000000
001111111111111111100
000101110000010111100
001011111111111010100
001011111111011111000
001011101111101010100
001011100011111111100
001011111111111110100
001010111111111101000
001011011111111011100
001011111101111111100
001011111111111111100
001011110111110101000
001011111111111111100
001011011111101101100
001011101101111110100
000100000111000001000
001111111111111111100
000000000000000000000
000000000000000000000
#
It:46:Diff:60:PSOStep:8:Time:3.723394863:s:AutomataStep:8:Transition:01111111101111011110101111111000110110111011011110100111111100101111111111011111011110111111101110111010011111111111100111010110111111111011001010110101110111111110000110111111001111101111110111101111111110111111111111101111010111001100001000111100111011111110011101111110010111110111111011101111100110001011010111101110011111111111111110110111011110111111111011111010101011111001010111110101001011111010011111011101101111101111111111001101101101111101111101111001010101111111011111101011100111011111111101110111
000000000000000000000
000000000000000000000
001111111111111111100
000101010101010101100
001011111111111110100
001111111011101111100
001111111111111111100
000111111111111010100
001011111111111111100
001111110111111111100
001111110111111110100
000111111111111111100
001011110011111001100
001111100111111100100
001111111111111111100
000111011111111110100
001011111111111110100
001100000000000001100
001111111111111111100
000000000000000000000
000000000000000000000
#
It:47:Diff:55:PSOStep:8:Time:3.796552369:s:AutomataStep:8:Transition:01111111111111111101111110010111110111111111011111100111001110101111111011011111011110111000111110101110011101110101110111011111111111111011011010110111110101111110000111111110001111101101011111111111111110111111001010101111011111101110111101110100110011111110111101111110111111011111111011000011100011101001011111101110111111111011111111101111111111110111111111101010101011111001011111111111110110111101011111110011101111111111110111001101111101111101111011111001011001101111011111110001001111110111111101110111
000000000000000000000
000000000000000000000
001111111111111111100
001101010101010101100
001011111111111110000
001011101111101110000
001011111111111110000
001011111101111110000
001010111111111110000
001011111111111110000
001011111111111110000
001010111111111110000
001010111111101110000
001011111101111110000
001011111111111100000
001011111111111110000
001011111111111110000
001100000000000001100
001111111111111111100
000000000000000000000
000000000000000000000
#
It:77:Diff:46:PSOStep:8:Time:5.918117122:s:AutomataStep:8:Transition:01111111100111111110101101010011110111101011111100110111011111101111101001101111111111111010101110001101111101111111110111100111111110111011100011111111111111101111011111101101101011101111010111111011111111111111101101101111011111111110111001101111101010111110011111111111111111111100111011101111101100011101111111111110111011111011101110100111111111111011101111111100101101111001111111111111011111111011011011111111111010111111111111101101011111001100000101111111011111111111011111111011000111010101111101111111
000000000000000000000
000000000000000000000
001111111111111111100
000100000000000001100
001011111111111110100
001011111111111110100
001011111011111110100
001001010111111110100
001011111111111110100
001001111111111110100
001011111111111110100
001011101101111110100
001011110111111110100
001001111111111110100
001011111101111110100
001110001010110110100
001111111111111110100
000110110001111001100
001111111111111111100
000000000000000000000
000000000000000000000
#
It:192:Diff:44:PSOStep:8:Time:13.954649601:s:AutomataStep:8:Transition:01111111101111111111101101010011110111111011111110100111011111101111001001111101111110101010111110111111010111111001110111100111111111111011011111111111111111111111111111101001101111101100110111111011101111111111001101101111110111001101111001111111110011111110111111101111111111111101111110001011101100001001001101101110110111111011101111100100111110111111101111111111101100111011111111111111011111111111111110111111101111111111111111101101011111101100111011111111011111111111011111110011000111010101111101111111
000000000000000000000
000000000000000000000
001111111111111111100
000100000000000001100
001011111111111110100
001011111111111110100
001011111111111110100
001001111101111110100
001011101111111110100
001011111110111110100
001011111111001110100
001011100111011110100
001011111111111110100
001011000111111110100
001011111111101110100
001110110101111110100
001110111111111110100
000100000110011001100
001111111111111111100
000000000000000000000
000000000000000000000
#
It:204:Diff:42:PSOStep:8:Time:14.804399012:s:AutomataStep:8:Transition:01111111100111011111101111111111110110111111111111100101011111101111001001111101111111110011111110111111011101110000110111110111111110111010101011111111111111111111011101101101101111110100111110101111111111111111111100101011010100111110011111111111110011011100111101101111101111011111111111001011100111001101011101011110110011111111111111111100101111111111111111111010101101111001110110111111110111111111111111111111001101111110111111101100111111111101111010111011011101111111011111111011101111011111101101111111
000000000000000000000
000000000000000000000
001111111111111111100
000100000000000000100
001011111111111110100
001011111111110110100
001011111111111110100
001011110111101110100
001011111101111110100
001011111111111110100
001001111110111110100
001010111110011110100
001011111111111010100
001011110111101110100
001011111111110110100
001011111111111110100
001011111111111110100
000010110000111001100
001111111111111111100
000000000000000000000
000000000000000000000
#
It:239:Diff:41:PSOStep:8:Time:17.290412399:s:AutomataStep:8:Transition:01111111100111111111101101111111110111111111111101111111111111101111101101101110111111111011111010111111110101111111110111110111111110111011111111110111111111111111001111101101101111110101110111111011011111111111111101001011111111111110111101111111110011111101011111111111111111011101111011101111101110001001111111111111011111101111111111111111101111111111111111111110101101111001111111111111111111111111111111111011111001111111111111101101111111111101100110111111011101111111011111111011111111011111111101111111
000000000000000000000
000000000000000000000
001111111111111111100
000100000000000001100
001011111111111110100
001011001111111110100
001011111111111110100
001011101111111110100
001111111111111110100
001111011111111110100
001011111111111110100
001010011111111110100
001111111111111110100
001111111111011110100
001011111111111110100
001011111111011110100
001111111111111110100
000111011100000001100
001111111111111111100
000000000000000000000
000000000000000000000
#
It:277:Diff:39:PSOStep:8:Time:19.935644286:s:AutomataStep:8:Transition:01111111111111111111101111010111110111111011111110110101011111101111101011101101011111110010111100101111011101111011100111111111111111111011000001111111111111111111111111111101001111101110111110111011111111111111101101101011111111000100111010111111110011011100111111101111111111111101011110001011100101101001011111101111110011111111111111110111101111111111101111111010101111111001101111111111011110111111111011111111101110111110110111101101111111111100111011111011011101111111011111101011000110011101111101111111
000000000000000000000
000000000000000000000
001111111111111111100
001100000000000000100
001011111111111110100
001011111111111110100
001011001111010110100
001011111111111110100
001011111110111110100
001011111111011110100
001010111111111110100
001011111111100110100
001011101110111110100
001011111111011110100
001011111111111110100
001011111111111110100
001011111111111110100
001000000000000001100
001111111111111111100
000000000000000000000
000000000000000000000
#
It:349:Diff:38:PSOStep:8:Time:24.974894371:s:AutomataStep:8:Transition:01111111110111111111101111011111110111111111111100110001011111101101001011111111111001110010111100101111011101111001100111110011111111111011001001111111111111111110111101111001101111111100110110101011111111111111101111101111011110010000111011111011110011011110111111101111011111111111111111001111100101001001011111111110111111111011111111100110110111011111101111111100101101111001101110111111011111111111111011111101101001111110111011101100111111111111111011111011011101111111011111111011101110011101111101111111
000000000000000000000
000000000000000000000
001111111111111111100
001100000000000000100
001011111111111110100
001011111111111110100
001011111111110110100
001011010111111110100
001010011011111110100
001011111111111110100
001011111111111110100
001011111111111110100
001011101111110110100
001011111111000110100
001011111101111110100
001011111001111110100
001011111111111110100
001100000000000001100
001111111111111111100
000000000000000000000
000000000000000000000
#
It:402:Diff:31:PSOStep:8:Time:28.751193083:s:AutomataStep:8:Transition:01111111111111111110111111011111110110111011111110110101011111101101101011101111011111101010111100001111111101111001100111110111111111111011000011011111111111111100111111111111001111111110110110111011111111111111101110101111111101101100111111011111111011111100111111101111111111111101111011001011101111101000011111111110111111111011111111110111111111111111101111111010101111111001101111111101011110111111111011111101110000111111111111101101111111111101110011111111011111011111011111111011000111010101111101111111
000000000000000000000
000000000000000000000
001111111111111111100
001100000000000000100
001011111111111110100
001011111111111110100
001011111111111110100
001011111111001110100
001011111111111110100
001011111111001110100
001011111111111110100
001011111111111110100
001011111111111110100
001011111111111110100
001011111111111110100
001011111101111110100
001011111111111110100
001100000000000001100
001111111111111111100
000000000000000000000
000000000000000000000
end
