PSO TRACE
INIT:../../instances/fazia/init.csv
REF:../../instances/fazia/asm1.csv
DecodingPolicy:CPP2:CDLE2
MutationPolicy:Repr
ParticleNeighborhood:Fixed
ParticleDims:515
ParticleCount:100
AccP:2.0
AccG:2.0
AccL:1.5
AccI:2.3
Pos:0.0-3.0
Inertia:0.9-0.6
VeloMax:2.0
MaxPSOIteration:500
InertiaDecrFactor:6.000000000000001E-4
INIT
000000000000000000000
000000000000000000000
000000000000000000000
000000000000000000000
000000000000000000000
000000000000000000000
000000000000000000000
000000000000000000000
000000000000000000000
000000000000000000000
000000000010000000000
000000000000000000000
000000000000000000000
000000000000000000000
000000000000000000000
000000000000000000000
000000000000000000000
000000000000000000000
000000000000000000000
000000000000000000000
000000000000000000000
REF
000000000000000000000
000000000000000000000
000000000000000000000
000110000000000000000
000111000000000000000
000011010000000000000
000010110100000000000
000011111101100000000
000010011011100000000
000001101110111100000
000001111101001010000
000000110111111110000
000001110110101110000
000000110111010010000
000000011111011010000
000000001101110110000
000000000110101110000
000000000011110111000
000000000000000000000
000000000000000000000
000000000000000000000
Classic CPP Decoder
0 :1,2,3,4,
1 :0,2,3,4,
2 :0,1,3,4,
3 :0,1,2,4,
4 :0,1,2,3,
5 :6,7,8,9,
6 :5,7,8,9,
7 :5,6,8,9,
8 :5,6,7,9,
9 :5,6,7,8,
10 :11,12,13,14,
11 :10,12,13,14,
12 :10,11,13,14,
13 :10,11,12,14,
14 :10,11,12,13,
15 :16,17,18,19,
16 :15,17,18,19,
17 :15,16,18,19,
18 :15,16,17,19,
19 :15,16,17,18,
20 :21,22,23,24,
21 :20,22,23,24,
22 :20,21,23,24,
23 :20,21,22,24,
24 :20,21,22,23,
25 :26,27,28,29,
26 :25,27,28,29,
27 :25,26,28,29,
28 :25,26,27,29,
29 :25,26,27,28,
30 :31,32,33,34,
31 :30,32,33,34,
32 :30,31,33,34,
33 :30,31,32,34,
34 :30,31,32,33,
35 :36,37,38,39,
36 :35,37,38,39,
37 :35,36,38,39,
38 :35,36,37,39,
39 :35,36,37,38,
40 :41,42,43,44,
41 :40,42,43,44,
42 :40,41,43,44,
43 :40,41,42,44,
44 :40,41,42,43,
45 :46,47,48,49,
46 :45,47,48,49,
47 :45,46,48,49,
48 :45,46,47,49,
49 :45,46,47,48,
50 :51,52,53,54,
51 :50,52,53,54,
52 :50,51,53,54,
53 :50,51,52,54,
54 :50,51,52,53,
55 :56,57,58,59,
56 :55,57,58,59,
57 :55,56,58,59,
58 :55,56,57,59,
59 :55,56,57,58,
60 :61,62,63,64,
61 :60,62,63,64,
62 :60,61,63,64,
63 :60,61,62,64,
64 :60,61,62,63,
65 :66,67,68,69,
66 :65,67,68,69,
67 :65,66,68,69,
68 :65,66,67,69,
69 :65,66,67,68,
70 :71,72,73,74,
71 :70,72,73,74,
72 :70,71,73,74,
73 :70,71,72,74,
74 :70,71,72,73,
75 :76,77,78,79,
76 :75,77,78,79,
77 :75,76,78,79,
78 :75,76,77,79,
79 :75,76,77,78,
80 :81,82,83,84,
81 :80,82,83,84,
82 :80,81,83,84,
83 :80,81,82,84,
84 :80,81,82,83,
85 :86,87,88,89,
86 :85,87,88,89,
87 :85,86,88,89,
88 :85,86,87,89,
89 :85,86,87,88,
90 :91,92,93,94,
91 :90,92,93,94,
92 :90,91,93,94,
93 :90,91,92,94,
94 :90,91,92,93,
95 :96,97,98,99,
96 :95,97,98,99,
97 :95,96,98,99,
98 :95,96,97,99,
99 :95,96,97,98,
#
It:0:Diff:63:PSOStep:6:Time:4.323434593:s:AutomataStep:6:Transition:01110101011011111100111111111111111110010111011111001111111111010100111111111011111111111111111111001110011111101111111100111111110111010101110110110101011111011101010111010110101101010010101100110111111111101110111110001111111111011110111111011010101011001111111100001101001011111111111111111110111111111111111011110100110111011100100111111011111001110011001111011111100011111111011110011111011011111111111111101101111111010011011011110000111101011111101110111111111111110101101111111100001011111101101101110111
000000000000000000000
000000000000000000000
000000000000000000000
000000000000000000000
000011000000000000000
000001001100000000000
000001111110000000000
000001111011000000000
000001001111111000000
000001111111111000000
000001111111011110000
000001100111111010000
000000111011111110000
000000001101100110000
000000000101100010000
000000000000111110000
000000000000000110000
000000000000000000000
000000000000000000000
000000000000000000000
000000000000000000000
#
It:1:Diff:60:PSOStep:6:Time:5.119227354:s:AutomataStep:6:Transition:01100101101101011100110111011010111100000111110111100110110010110011011110111111010111111011101111101111110111101111111000111111110011010011001110011111010110001111011010101110110001011111011110011111110111110111011010111101010101111001110110111101110111111111100100011101000110011101111110111101111000110111011110011101110111011100000111111110001000111001011111111110110011011111111110011011011010111011111010110011110110111000100100101110111011011111011010111111111011001111011111111101000111110101101101111111
000000000000000000000
000000000000000000000
000000000000000000000
000000000000000000000
000010000000000000000
000001000000000000000
000010010000000000000
000001101000000000000
000010111101000000000
000000001110000000000
000011111101111000000
000000111111111100000
000000101110001100000
000000001111011000000
000000001011101100000
000000000110111010000
000000000011111110000
000000000000000000000
000000000000000000000
000000000000000000000
000000000000000000000
#
It:5:Diff:57:PSOStep:7:Time:7.599707654:s:AutomataStep:7:Transition:01110101111011111100111111011010111110001111111111101010010011000111101110111111101111111011101111100111100111101111011010010111110111010101010110101010110010111111010111111110001111011111111111010101100111110111111000111101011001100110011101011111111110101111111111011110001110111111111111011111111000111111111010110101111111001101110111111111011011011001011111111101110111111111111111110101111110110001111010111001011111010100100111101110110011000111111011111111111111001111110111111111100101111101011111111111
000000000000000000000
000000000000000000000
000000000000000000000
000110000000000000000
000111100000000000000
000011110000000000000
000101110011000000000
000010011111100000000
000101111101100000000
000111101110101100000
000101110111111111000
000011111101111011000
000001010111001111000
000000111111011111000
000000011110110111000
000000000111011111000
000000000111111111000
000000000011101011000
000000000000000000000
000000000000000000000
000000000000000000000
#
It:9:Diff:51:PSOStep:6:Time:9.771031686:s:AutomataStep:6:Transition:01110001001011011110011111111000111111010111101110111010010011100111101010111111101111111111101101100111100111111111111110110101110011010101000110101010011110101111011111001110001010011010111111110101110111100011111011011111011111100111111111111111110110101111011100001110111111011101110101111011111011100101111000110101011111001100111111111110011011111101111011101000110010111111111010110001011110111101111010111001011110110101001111101010110011000111111111101111111011100111110111111101101101111101011111111111
000000000000000000000
000000000000000000000
000000000000000000000
000000000000000000000
000011000000000000000
000001100000000000000
000001111100000000000
000001111111000000000
000000110011100000000
000001100110101000000
000000111100010110000
000000111101111100000
000000111111011010000
000000011111011000000
000000001111011110000
000000000011111100000
000000000010101110000
000000000000000000000
000000000000000000000
000000000000000000000
000000000000000000000
#
It:11:Diff:48:PSOStep:7:Time:10.895031487:s:AutomataStep:7:Transition:01110100111101011111111111011010111110010111101100101011011011110001101110111111101111111111101111110111111111101111101011111111110110010101100110111100111110111111011011111110011110111110011111011111110111111111011010111111011011101011111111111111111110111111111101011111110011111111110111011111111110101101011110111101111111011110011111111110001010111100111111111011110010011111110010011001111110111111111010111111101110111101111000011110010111010111011111101111111011011111111111111111011101110101111011110111
000000000000000000000
000000000000000000000
000000000000000000000
000110000000000000000
000111000000000000000
000011110000000000000
000111111100000000000
000011111111000000000
000111111101101000000
000011111101001100000
000111111101001111000
000011111101111111000
000001111110111101000
000000110111110111000
000000011111111111000
000000001011011111000
000000000110111101000
000000000011101011000
000000000000000000000
000000000000000000000
000000000000000000000
#
It:20:Diff:45:PSOStep:7:Time:15.443047258:s:AutomataStep:7:Transition:01110101111100111101111111011011111110010111101111100011011011110011001110111111111111111111101111111111111111111111111011111111111111010101111110111100111111111111011011111110111111011010111111111111110111111111011110111111111111111111111111111111111110111111111101011111100111011111111111011111111000101101011110111101111111001111110111111110011011111000111111011111110011111111110111011101110110111111111110111011111110111001111110011110010111011111011111101011111011011111111111111111101111110111101111110111
000000000000000000000
000000000000000000000
000000000000000000000
000110000000000000000
000111000000000000000
000011110000000000000
000111111100000000000
000011111111000000000
000111111111110000000
000011111111111100000
000111111111111111000
000011111111111111000
000001111111111111000
000000111111111111000
000000011111111111000
000000000111111111000
000000000111111111000
000000000011111111000
000000000000000000000
000000000000000000000
000000000000000000000
#
It:71:Diff:44:PSOStep:7:Time:40.901034338:s:AutomataStep:7:Transition:01100101111101011111111111011011101101111111101111101111011011110001011110111111111111110011101111110111111111101110101010111110110011010101010010111101110110101111111000101100101101010011101111011101111111010011011100111111010111011001110001011111110110111011011101011101100111111011010111111011111111101101011110011101111110010110010100111111011000011001101110011111100010011111110111111101110110111111101111111111111110111101111111111110110111111111111111101111111111011111111111110101100111010110001111111111
000000000000000000000
000000000000000000000
000000000000000000000
000110000000000000000
000111100000000000000
000001011000000000000
000100111110000000000
000001111101100000000
000110111111110000000
000011111111111000000
000111111111101000000
000011111111111000000
000001111111110100000
000000111111111100000
000000011111111010000
000000000111111110000
000000000111111111000
000000000011111111000
000000000000000000000
000000000000000000000
000000000000000000000
#
It:88:Diff:43:PSOStep:7:Time:49.155637003:s:AutomataStep:7:Transition:01000101111101111111111111111011101101111011111111101011011011110001011110111110111111111011101111110111111111101000100010111111110011010101011010111101010110101111111011101100101111001010111111011101111111011011011110111111010111101001001001011011111110111011111101010101001111101011110111101111110111101101111111011101111110011100010100111111101000011100111110011111110111011101100111110111110100111111101111111111111111011101111111111110110111111111111111001111111111011111111110110001110111010110001111111111
000000000000000000000
000000000000000000000
000000000000000000000
000100000000000000000
000111000000000000000
000011110000000000000
000101111100000000000
000011111111000000000
000101111111110000000
000011111111110000000
000111111111101000000
000000111111111000000
000001111111111100000
000000110111111100000
000000010111111010000
000000001111111110000
000000000111111111000
000000000011111111000
000000000000000000000
000000000000000000000
000000000000000000000
#
It:92:Diff:41:PSOStep:7:Time:51.006697244:s:AutomataStep:7:Transition:01000101111101011111111111111011100011111010111111101011011011110001001110110100111111111011101111110111111111101000010010111110111011011101010010111100010110101111011010111110111111001010111110011101111011010010011011111111010111101101001011111111110110111011001111010111100110111111010111110011100000111101111110111110111111001101010100111111001000011100111110011111100010101100110101011111010101111111111111111111111111111101111110011110010111111111111111001111111011011111111110111011100111110100111111101111
000000000000000000000
000000000000000000000
000000000000000000000
000100000000000000000
000111000000000000000
000010110000000000000
000111111100000000000
000011100111000000000
000110011111110000000
000001101111111100000
000101111111101111000
000011111111111010000
000001111111111111000
000000101111111110000
000000011111011111000
000000001111111100000
000000000111110111000
000000000011110111000
000000000000000000000
000000000000000000000
000000000000000000000
#
It:132:Diff:40:PSOStep:7:Time:69.566820698:s:AutomataStep:7:Transition:01010101111101111111111111111010101001111111111110101010011110110001001110111111111110111111101111110101010110101000011001111111110101011101110110101100011110111111011010111110111111011110101111011100111101111110111011111101011111101111011111111100111110101011111101010101110110101111110111011011111001111101111110111101111110101111011100111111001010010101101111111111100010011111111110011111011111101111111111111111111101111111011110011110011111011111111111101111111111011111111110111101001111110101111111101111
000000000000000000000
000000000000000000000
000000000000000000000
000100000000000000000
000111000000000000000
000011010000000000000
000110110100000000000
000011111101000000000
000111111101100000000
000011111111010000000
000111111111001000000
000011111111111000000
000001100101111000000
000000111111011100000
000000011111011110000
000000001110110110000
000000000111111111000
000000000011111111000
000000000000000000000
000000000000000000000
000000000000000000000
#
It:183:Diff:37:PSOStep:7:Time:93.354707132:s:AutomataStep:7:Transition:01000101011101011111111111111011111101111101011111111010111110110101001110111111111110111111101111110101110101111001110011111111110101011101111110111100011110111111011110011110101111011110101111011101111111111010011011111111011110110111111111111101111110111011110101010111100110101111111111011111111011101101110110111101111110101111011110111111111010010111101111111110110011011111110110011110011111101111111011111101111000111111111110001110011111011111111111101111111111011111111110111101001111110101111111011101
000000000000000000000
000000000000000000000
000000000000000000000
000100000000000000000
000011000000000000000
000011010000000000000
000001011100000000000
000011111101000000000
000011111111010000000
000001111110111100000
000001111111111000000
000000111111001100000
000001111111111110000
000000111111111110000
000000011111111110000
000000001111111100000
000000000111111111000
000000000011111111000
000000000000000000000
000000000000000000000
000000000000000000000
#
It:208:Diff:35:PSOStep:7:Time:104.930826415:s:AutomataStep:7:Transition:01000001011101111111111111111011111101111111111110111010111111110111001110110111101110111111101111110101110101111001110011011111110110011101111110111100011111111110011110000110111111011110111111011101111011111010111011111101011111110111111111011101110110111011110101010101100110001111111111110110111011101100110110110111101110101111011100011111001010010101101111011111010011011111110110111110011111101111111011111101111110111111111110111110011111011111011111101111111111011111101110110001001111110100111111011111
000000000000000000000
000000000000000000000
000000000000000000000
000100000000000000000
000011000000000000000
000011010000000000000
000001110100000000000
000011111101000000000
000010111011110000000
000001111101111100000
000001011101111100000
000001111111111100000
000001111111110110000
000000111111111110000
000000011111111110000
000000001111111100000
000000000111111111000
000000000011111111000
000000000000000000000
000000000000000000000
000000000000000000000
#
It:257:Diff:32:PSOStep:7:Time:128.154802721:s:AutomataStep:7:Transition:01000001011100111111111111111001111100111111111110011010111111110101101010111111101111111111101111110111110101110001110001011111110110010101111110111100011110011111011110010010011010011110111111010101111111111010111011111000011010010111111111001111110110111011110100010101100110101111110111111110111011101101110110110101101110001111011110011111101010000101101111001111010011011101110110011110011111001101111011111111001111111111101110101110011111011111011111101011111111001111111110111001001111110100111110011111
000000000000000000000
000000000000000000000
000000000000000000000
000100000000000000000
000011000000000000000
000011010000000000000
000001111100000000000
000011111101000000000
000011111101110000000
000001111110111100000
000001111101011000000
000000111111111100000
000001111111111110000
000000111111111110000
000000011111111110000
000000001111111100000
000000000111111111000
000000000011111111000
000000000000000000000
000000000000000000000
000000000000000000000
#
It:360:Diff:32:PSOStep:7:Time:177.882831922:s:AutomataStep:7:Transition:01000001011100111111111111111001111100111111111110011010111111110101101110111111101111111111101111110101110101110001110011011111110110010101111110111100011110011110011010010010111011011110111111010101111111111010111011111000011110010111111111001101110110111011110100010101100110001111110111111110111011101101110110110101101110001111011110011111101010010101101111001111010011011101110110011110011111101111111011111111101111111111101110101110011111011111011111101111111111001111111110111001001111010100111110011111
000000000000000000000
000000000000000000000
000000000000000000000
000100000000000000000
000011000000000000000
000011010000000000000
000001111100000000000
000011111101000000000
000011111101110000000
000001111110111100000
000001111101011000000
000000111111111100000
000001111111111110000
000000111111111110000
000000011111111110000
000000001111111100000
000000000111111111000
000000000011111111000
000000000000000000000
000000000000000000000
000000000000000000000
#
It:479:Diff:32:PSOStep:7:Time:237.874837986:s:AutomataStep:7:Transition:01000101011100011111111110111001111100111111111110111010111111010111101110110111111111111111101111110111110111111001111001011111110110000101110110101100011111111111011110010010101110011100111111010000110011111010111011111000011110011111111111101011110110011011110101010101100110001111111111111110100111101001111110110111101110001111011100011111101010010101111111001111110011011101110110111110011111001101111111111111001110111111101110101110011111011111011111101111111111011111111110110101001111110100111110011101
000000000000000000000
000000000000000000000
000000000000000000000
000100000000000000000
000011000000000000000
000011010000000000000
000001111100000000000
000011111101000000000
000010111011100000000
000001111111101000000
000001111111101100000
000000111111111100000
000001111111101100000
000000111111111000000
000000011111111110000
000000001111111110000
000000000111111111000
000000000011111111000
000000000000000000000
000000000000000000000
000000000000000000000
end
