PSO TRACE
INIT:../../instances/fazia/init.csv
REF:../../instances/fazia/asm1.csv
DecodingPolicy:CPP2:CDLE2
MutationPolicy:Repr
ParticleNeighborhood:Fixed
ParticleDims:515
ParticleCount:100
AccP:2.0
AccG:2.0
AccL:1.5
AccI:2.3
Pos:0.0-3.0
Inertia:0.9-0.6
VeloMax:2.0
MaxPSOIteration:500
InertiaDecrFactor:6.000000000000001E-4
INIT
000000000000000000000
000000000000000000000
000000000000000000000
000000000000000000000
000000000000000000000
000000000000000000000
000000000000000000000
000000000000000000000
000000000000000000000
000000000000000000000
000000000010000000000
000000000000000000000
000000000000000000000
000000000000000000000
000000000000000000000
000000000000000000000
000000000000000000000
000000000000000000000
000000000000000000000
000000000000000000000
000000000000000000000
REF
000000000000000000000
000000000000000000000
000000000000000000000
000110000000000000000
000111000000000000000
000011010000000000000
000010110100000000000
000011111101100000000
000010011011100000000
000001101110111100000
000001111101001010000
000000110111111110000
000001110110101110000
000000110111010010000
000000011111011010000
000000001101110110000
000000000110101110000
000000000011110111000
000000000000000000000
000000000000000000000
000000000000000000000
Classic CPP Decoder
0 :1,2,3,4,
1 :0,2,3,4,
2 :0,1,3,4,
3 :0,1,2,4,
4 :0,1,2,3,
5 :6,7,8,9,
6 :5,7,8,9,
7 :5,6,8,9,
8 :5,6,7,9,
9 :5,6,7,8,
10 :11,12,13,14,
11 :10,12,13,14,
12 :10,11,13,14,
13 :10,11,12,14,
14 :10,11,12,13,
15 :16,17,18,19,
16 :15,17,18,19,
17 :15,16,18,19,
18 :15,16,17,19,
19 :15,16,17,18,
20 :21,22,23,24,
21 :20,22,23,24,
22 :20,21,23,24,
23 :20,21,22,24,
24 :20,21,22,23,
25 :26,27,28,29,
26 :25,27,28,29,
27 :25,26,28,29,
28 :25,26,27,29,
29 :25,26,27,28,
30 :31,32,33,34,
31 :30,32,33,34,
32 :30,31,33,34,
33 :30,31,32,34,
34 :30,31,32,33,
35 :36,37,38,39,
36 :35,37,38,39,
37 :35,36,38,39,
38 :35,36,37,39,
39 :35,36,37,38,
40 :41,42,43,44,
41 :40,42,43,44,
42 :40,41,43,44,
43 :40,41,42,44,
44 :40,41,42,43,
45 :46,47,48,49,
46 :45,47,48,49,
47 :45,46,48,49,
48 :45,46,47,49,
49 :45,46,47,48,
50 :51,52,53,54,
51 :50,52,53,54,
52 :50,51,53,54,
53 :50,51,52,54,
54 :50,51,52,53,
55 :56,57,58,59,
56 :55,57,58,59,
57 :55,56,58,59,
58 :55,56,57,59,
59 :55,56,57,58,
60 :61,62,63,64,
61 :60,62,63,64,
62 :60,61,63,64,
63 :60,61,62,64,
64 :60,61,62,63,
65 :66,67,68,69,
66 :65,67,68,69,
67 :65,66,68,69,
68 :65,66,67,69,
69 :65,66,67,68,
70 :71,72,73,74,
71 :70,72,73,74,
72 :70,71,73,74,
73 :70,71,72,74,
74 :70,71,72,73,
75 :76,77,78,79,
76 :75,77,78,79,
77 :75,76,78,79,
78 :75,76,77,79,
79 :75,76,77,78,
80 :81,82,83,84,
81 :80,82,83,84,
82 :80,81,83,84,
83 :80,81,82,84,
84 :80,81,82,83,
85 :86,87,88,89,
86 :85,87,88,89,
87 :85,86,88,89,
88 :85,86,87,89,
89 :85,86,87,88,
90 :91,92,93,94,
91 :90,92,93,94,
92 :90,91,93,94,
93 :90,91,92,94,
94 :90,91,92,93,
95 :96,97,98,99,
96 :95,97,98,99,
97 :95,96,98,99,
98 :95,96,97,99,
99 :95,96,97,98,
#
It:0:Diff:78:PSOStep:3:Time:4.022614962:s:AutomataStep:3:Transition:01111111111101111110110110111111111110111011111011100111110111111111111111101111011011111101111111111011111111111010110111110011011101111101111111110111111111111111011011110110011111111111110111001111110111001111101111111111100111101111111111111101111111111111111011111111110111100111111111110011011111111111111110111011111110101111101100111111111111111010111111011101111110111011011101011111101111111111111111101111111111111011011111111100111110111110111101110011111100011111110111111110111111111111110110011010
000000000000000000000
000000000000000000000
000000000000000000000
000000000000000000000
000000000000000000000
000000000000000000000
000000000000000000000
000000011111110000000
000000011111110000000
000000011100110000000
000000011111110000000
000000011011110000000
000000011111110000000
000000010101010000000
000000000000000000000
000000000000000000000
000000000000000000000
000000000000000000000
000000000000000000000
000000000000000000000
000000000000000000000
#
It:1:Diff:77:PSOStep:6:Time:4.815634405:s:AutomataStep:6:Transition:01000101011010111101100101011111111110101110101011000111100111001001100100101110000000110001100001100100010100001110011110000011000111110000111100110001100110011110000100000101111001101100111010000110010011011011001110110110000100111010110111110011010101011101011110001100101110000110100111010001001001111100101011001001101001001001101110001100101101000110111111011101110010110011000000111110101101001101001101111101001011001011000101010011001000101011101100010001000010110001110110101111100100011101001001001111
000000000000000000000
000000000000000000000
000000000000000000000
000000000000000000000
000010000000000000000
000001100000000000000
000000001000000000000
000000100100000000000
000010100111000000000
000001011010100000000
000000011111110010000
000000011011100100000
000010011011110110000
000001111111100000000
000000110100001010000
000000111110101110000
000010101010101010000
000000000000000000000
000000000000000000000
000000000000000000000
000000000000000000000
#
It:2:Diff:68:PSOStep:6:Time:5.522702893:s:AutomataStep:6:Transition:01100101111111011111011111110110111110110101111011000011100111010111110111101110011110111111111101010111010011010000101111110001000111111101110010110100001111111110000100100101111101111101111110000110101010110111101111111110000111101110011111100001100110111111010111111000101011100101100011010101000001101011110111101011100110001111101111111110011101001110111111111101101110110010010100011110110101011001101100101101111011011111010111110110111000111100101101110001110010111110110111101010001111110011001001110000
000000000000000000000
000000000000000000000
000000000000000000000
000000000000000000000
000010000000000000000
000011110000000000000
000011111100000000000
000011001010100000000
000011111100101000000
000011110111101100000
000011101110110110000
000001001101010000000
000000111111111110000
000000011110101000000
000000001110011110000
000000000001110110000
000000000000000010000
000000000000000000000
000000000000000000000
000000000000000000000
000000000000000000000
#
It:4:Diff:58:PSOStep:7:Time:6.826620298:s:AutomataStep:7:Transition:01000101011111011011011101100110111110110100111011000011100011010101110110101111111011110111111100010000010000011010111111110000100110111101110110110101000111111110000100100101111100111111011110111110111110010011100111011111000111111110011101110001111110110011011111010011111011000001100011111101100101101111110011101011001111001101101101111010010101001100111111110101101100011011010101011110100101011001101010101101011011010101110111010110111011101100100110111000100010111110010111101110001110010011000001111001
000000000000000000000
000000000000000000000
000000000000000000000
000100000000000000000
000011000000000000000
000000110000000000000
000010100100000000000
000010110111000000000
000000010011110000000
000011000100111100000
000001100100001011000
000000111011010010000
000000111011011100000
000000111101001000000
000000010110110000000
000000001111100000000
000000000111000000000
000000000010000000000
000000000000000000000
000000000000000000000
000000000000000000000
#
It:9:Diff:56:PSOStep:8:Time:9.819178421:s:AutomataStep:8:Transition:01000101011001011011011111100110101110110111111011000011100011010101110110001110111001100111011100011100010000010011011111110001010110111101110110110101000111111110000101100101111001111110111110100010101110010111100111011111000111111010011101110001110110110111010111011011111011000001100011010101100101100110110111101011101111001101101111111110011101111110101111110111111100010011010011010110100101011001100010111101011011010101010111010110011010111100100101111001100010111010010111101110001110010001000011111001
000000000000000000000
000000000000000000000
001000000000000000000
000010000000000000000
000110000000000000000
000100011000000000000
000011110110000000000
000101111111100000000
000010111000111000000
000001101001011110000
000001111101001011100
000001110101011011000
000001110110000000000
000000100001011000000
000000010001011000000
000000001001100000000
000000000101100000000
000000000011000000000
000000000000000000000
000000000000000000000
000000000000000000000
#
It:19:Diff:53:PSOStep:7:Time:15.801124756:s:AutomataStep:7:Transition:01000101011001011011011101100110111110110110111011000011100011010101110110101111011001111111010100010100011000010011011110110001110110111101110110100100000111111110000110100101111110111110111010101010101110010011100111011111000111111010011101110001110110111011010011011001111011000111100011011101100101100110110111101011111111001101101111111110111101111111101111110101111100011011010001010110100101011001101010101101011011010111010111010100111010111100100101110000000111110110010111101110001110011011000001111011
000000000000000000000
000000000000000000000
000000000000000000000
000100000000000000000
000011000000000000000
000011110000000000000
000011010100000000000
000011101101000000000
000011110011110000000
000000111011111000000
000001101001001101000
000001110111011001000
000001011111011011000
000000110010101101000
000000010111111011000
000000001111111001000
000000000111111011000
000000000011110111000
000000000000000000000
000000000000000000000
000000000000000000000
#
It:25:Diff:51:PSOStep:7:Time:19.348970838:s:AutomataStep:7:Transition:01010101011011011011011101111110111110110110111011100011100011010101110110100111011011110111010100010101010010010011011111110011100110111101110110010100000111111111000000100101111110111110111010010010101110010011100111101111000111111010011101100011110110111011010011010011101011000111101011011111100101100111110110101111111111001101101111111110111101111111101111110101111100011011010011010110100101011001100010101101011011010110010111010110111010101101100101111000101111111111010111111110001110011011000001111011
000000000000000000000
000000000000000000000
000000000000000000000
000100000000000000000
000011000000000000000
000001100000000000000
000011101100000000000
000011110001000000000
000000111011100000000
000010111011001100000
000001111111000111000
000000111100111111000
000001010100111111000
000000111110111111000
000000011101011111000
000000001100001111000
000000000110000011000
000000000011111111000
000000000000000000000
000000000000000000000
000000000000000000000
#
It:28:Diff:49:PSOStep:7:Time:21.130367895:s:AutomataStep:7:Transition:01010001011011011011011110110110111110110000111001000111100011010101110110101111011111110111010100010101011010010011111111110011110110111101111010000101000111111111010001100101111111111101111110110010001100011011100111111110000111111110111101110011010110111111011111011011111011100111100011011101100101100111110110001111001111001101101101111110110100111111101110110111110101011011010011110110100101001001101010101101011011010111000111110010111010111110100101110000100111111110110111111110010110010011000111111011
000000000000000000000
000000000000000000000
000000000000000000000
000100000000000000000
000011000000000000000
000011110000000000000
000011110100000000000
000011010101000000000
000011011001110000000
000001010111111100000
000001111111111111000
000000011101111111000
000000110101111111000
000000011011111111000
000000000111111111000
000000000111111111000
000000000011111111000
000000000011111111000
000000000000000000000
000000000000000000000
000000000000000000000
#
It:29:Diff:49:PSOStep:7:Time:21.654348604:s:AutomataStep:7:Transition:01010001011111101011011111010110101111110100111011010111101011010101011110111111111101110111110101111001001011010101111110110011110110111101110110110101001111111110110111100101111110111101111010101110111110111111100111101111111111111110111101110011101111111111111011011011111011111111101111001101100101100110110111101111001111001101101101111011111100011111100111110111111100111011010011111111100101111101111110111101001011011111110111110110111011111110100111111011101111111000110101111110010111011011001100111011
000000000000000000000
000000000000000000000
000000000000000000000
000100000000000000000
000010000000000000000
000011110000000000000
000011111100000000000
000011111111000000000
000011111111110000000
000001111101111100000
000001001111111111000
000000111111111111000
000001101001101111000
000000111110111111000
000000011011111111000
000000001110111111000
000000000110000011000
000000000011111111000
000000000000000000000
000000000000000000000
000000000000000000000
#
It:35:Diff:43:PSOStep:7:Time:24.935592865:s:AutomataStep:7:Transition:01010001011011011011011111110110111111110111111011010111110111010101110111111100111101110111101111111011110100011001011111110111111111111101110110110101011111111110101111100100110100111111111110101010111110011111000111111111100111111011111111111001111110111111011010111001111011010111101111011111101101110110111111111011101100001111101111111010111111111110101111111101111101011110111111011110100101111111111110101101011111010111111111111110111011111100110111111011000011111110011111111110010110111011010011111111
000000000000000000000
000000000000000000000
000000000000000000000
000100000000000000000
000011000000000000000
000011110000000000000
000011111100000000000
000011111111000000000
000011111111110000000
000011111111111100000
000011111111111111000
000011111111111111000
000001111111111111000
000000111111111111000
000000011111111111000
000000001111111111000
000000000111111111000
000000000011111111000
000000000000000000000
000000000000000000000
000000000000000000000
#
It:39:Diff:42:PSOStep:7:Time:27.102829604:s:AutomataStep:7:Transition:01010001011111101011111111110010101111110010111011010111100011010101111110101101111101110111101101111001010010010111111111010011110110111101110110100101001111111110010111100101110000111110110110101110111110011111100111101111110111111110111111010001111111111111011011011011111011010111100111011101100101100110110111111011000110001101101111111010111101011111101111110111111100111011010010111110100101111101111110111101011011010111110111110110111011111110100110111001101110111110110111111100010111011011000111110011
000000000000000000000
000000000000000000000
000000000000000000000
000100000000000000000
000010000000000000000
000011110000000000000
000011111100000000000
000011111111000000000
000010000111110000000
000001011111111100000
000001111111111111000
000000111111111111000
000001011111111111000
000000111111111111000
000000011111111111000
000000001111111111000
000000000111111111000
000000000011111111000
000000000000000000000
000000000000000000000
000000000000000000000
#
It:44:Diff:36:PSOStep:7:Time:29.833946179:s:AutomataStep:7:Transition:01010101011111111011001111100100111111010111111001000101100110010101111110100111111100110111101111111011100110010101101111110111110110011101010110110101000111111010101111000100110110101111110110101110110110111110000111111111100111101000111111111001011101011111011011010011111011110111100110010101100101110110110111011011101111001101101111111110111111001111101111111111111101111011010110111111100101110011111110111101011111011111010111110110101011111000110100010011001111111110110111111110000110011011000011110011
000000000000000000000
000000000000000000000
000000000000000000000
000100000000000000000
000011000000000000000
000011110000000000000
000011000100000000000
000011101111000000000
000011111011110000000
000001101110110100000
000001110101000101000
000000110111111110000
000001101111100011000
000000110111110000000
000000011111110111000
000000001111111110000
000000000111111111000
000000000011111111000
000000000000000000000
000000000000000000000
000000000000000000000
#
It:155:Diff:35:PSOStep:7:Time:91.078470614:s:AutomataStep:7:Transition:01000000011111011011101111101000111111010111111111000001110110010001110110110111011000101101111101111110000010011100111111110111111111011101010111110101010110111010110001100101110110111111100110110010110110110110100110101111010111111000011111110001011101111111000011110011101011111011100111010101100101110110111111010011111100001111101111111110011011001110101110111101111101011110111010111111100101010101111110111101011011010111011111110110111011111100110100010011011110111100110111111100011110001011000011110101
000000000000000000000
000000000000000000000
000000000000000000000
000100000000000000000
000011000000000000000
000011110000000000000
000010110100000000000
000011111101000000000
000001111111110000000
000001101111101100000
000001111111110001000
000000010111111100000
000001110111111101000
000000111111110010000
000000011111111101000
000000001111111110000
000000000111111111000
000000000011111111000
000000000000000000000
000000000000000000000
000000000000000000000
#
It:290:Diff:34:PSOStep:7:Time:164.744455902:s:AutomataStep:7:Transition:01000000011111011011011111111110111111100111111111010111110101010101111110101110111101100111111101111111111110011101111111110111111111111101110011110101011110111110101001100101111100111111110110101110110110111110100110111111100111101001111111111001011111111111011101111011111011111111100111010101101101110111111111111011101100001111101111111110111111111110101111111111111101111110111110010110101101111111111110111101011111010111111111111110111011111110100111110011001111111110111111111100011111111011010011110101
000000000000000000000
000000000000000000000
000000000000000000000
000100000000000000000
000011000000000000000
000011100000000000000
000011110100000000000
000011111001000000000
000011011111100000000
000001111111110100000
000001111111100111000
000000111111111110000
000001111111101111000
000000111111100110000
000000011111111111000
000000001111111110000
000000000111111111000
000000000011111111000
000000000000000000000
000000000000000000000
000000000000000000000
#
It:343:Diff:34:PSOStep:7:Time:192.742398768:s:AutomataStep:7:Transition:01010100011111111011011111101110111111010111101111010111100101010101111010110101111101100101011101111011111110010100111111110111111111111101110111100101001111110110001001100101111110111111110110111110110110110110000110111111110111111001111110111001011111011111011011011011111011011111100011010101111101110011111110111111111111001111001111111110111111111110101111111101111101111010011110111110100101111111111100111101011111011111100110011110111011111100110111011011111111111110110111111110011111011011000011110101
000000000000000000000
000000000000000000000
000000000000000000000
000100000000000000000
000011000000000000000
000011110000000000000
000010101100000000000
000011110111000000000
000011011011110000000
000001111110111100000
000001111111111011000
000000110011101010000
000001111111101111000
000000111111101010000
000000011111111111000
000000001111111110000
000000000111111111000
000000000011111111000
000000000000000000000
000000000000000000000
000000000000000000000
#
It:344:Diff:34:PSOStep:7:Time:193.291823939:s:AutomataStep:7:Transition:01010100011111111011011011101110111111010011101111010111100101010100111010110100011101100101001101111011111110010100111111110111111111111101110111110101011111110110101001100111110010111111110010111110110100010110100110111111110111111001110111111001111111011111011000010011111011010101100011010101100101100011111110111111111110001111001111101110011111110101101111111001111101011110111010111110100101011111111000111101001111011111111111011110111011111000110100111011111101111010110101101110010111110011000011110001
000000000000000000000
000000000000000000000
000000000000000000000
000100000000000000000
000011000000000000000
000011010000000000000
000010110100000000000
000011111101000000000
000011101111110000000
000001100110111100000
000001001101111011000
000000110111111110000
000001011110100011000
000000100011111010000
000000010111111111000
000000001011111110000
000000000111111111000
000000000011111111000
000000000000000000000
000000000000000000000
000000000000000000000
#
It:350:Diff:33:PSOStep:7:Time:196.542389817:s:AutomataStep:7:Transition:01010101011111111011101011110100111111110111111111010011110101010101111010110111111101110110110101111001110110011111111111110111111111111101111111110101011111111011111111100101111110111111110110101010111100111111100111111111100111111001111111111001111111111111011111110111101011110111100111010111110101100110111111111011101111001101101111111110111101111111101011110101111101111111111110111111100101011111111110111101011111011111011111110110111011111101100110011011111100111111110111111010000110111011010111110111
000000000000000000000
000000000000000000000
000000000000000000000
000100000000000000000
000011000000000000000
000011010000000000000
000010110100000000000
000011110111000000000
000011111011010000000
000001111111111100000
000001111111111011000
000000111111111110000
000001111111111111000
000000111111111110000
000000011111111111000
000000001111111110000
000000000111111111000
000000000011111111000
000000000000000000000
000000000000000000000
000000000000000000000
#
It:364:Diff:32:PSOStep:7:Time:203.862368739:s:AutomataStep:7:Transition:01010101011111111011101011110110111111010111111111010011110101010100111010110111111101100110110101111001111110011111111111110111111111111101111111110101011111111011101111100101111110111111110110101010111100111111100111111111110111111001111110111001111101111111011111110111101011110111100111010111100101100110111111111111101111001101101111111110111101111111101111110101111001111111110010111111101101111111111110111101011111011111011111110110111011111101100110011011111100111111110111111010000110110011010111110111
000000000000000000000
000000000000000000000
000000000000000000000
000100000000000000000
000011000000000000000
000011010000000000000
000010110100000000000
000011101111000000000
000011101111110000000
000001111110101100000
000001111110101011000
000000111111111110000
000001111111111111000
000000111111011010000
000000011111111111000
000000001111111110000
000000000111111111000
000000000011111111000
000000000000000000000
000000000000000000000
000000000000000000000
#
It:396:Diff:32:PSOStep:7:Time:221.053285202:s:AutomataStep:7:Transition:01010101011111111011101011110110111111110111111111010011110111010101111010110111111101110110110101111111111110011111111111110111111111111101111111110101000111111011111111100100111110111111110110101010101110111111100111111111100111111001111111111001111101111111011111110111111011110111100111010111110101100111111111111111100011001101101111111110111101111111101111110101111001111111110010111111101101111011111110111101011111011111011111110110111011111101110111011011111110111111110111111010000110100011010111110111
000000000000000000000
000000000000000000000
000000000000000000000
000100000000000000000
000011000000000000000
000011010000000000000
000010110100000000000
000011111111000000000
000011111111110000000
000001101010101100000
000001111111111011000
000001111111011110000
000000111110111111000
000000111111011010000
000000011111111111000
000000001111111110000
000000000111111111000
000000000011111111000
000000000000000000000
000000000000000000000
000000000000000000000
end
