PSO TRACE
INIT:../../instances/fazia/init.csv
REF:../../instances/fazia/asm1.csv
DecodingPolicy:CPP2:CDLE2
MutationPolicy:Repr
ParticleNeighborhood:Fixed
ParticleDims:515
ParticleCount:100
AccP:2.0
AccG:2.0
AccL:1.5
AccI:2.3
Pos:0.0-3.0
Inertia:0.9-0.6
VeloMax:2.0
MaxPSOIteration:500
InertiaDecrFactor:6.000000000000001E-4
INIT
000000000000000000000
000000000000000000000
000000000000000000000
000000000000000000000
000000000000000000000
000000000000000000000
000000000000000000000
000000000000000000000
000000000000000000000
000000000000000000000
000000000010000000000
000000000000000000000
000000000000000000000
000000000000000000000
000000000000000000000
000000000000000000000
000000000000000000000
000000000000000000000
000000000000000000000
000000000000000000000
000000000000000000000
REF
000000000000000000000
000000000000000000000
000000000000000000000
000110000000000000000
000111000000000000000
000011010000000000000
000010110100000000000
000011111101100000000
000010011011100000000
000001101110111100000
000001111101001010000
000000110111111110000
000001110110101110000
000000110111010010000
000000011111011010000
000000001101110110000
000000000110101110000
000000000011110111000
000000000000000000000
000000000000000000000
000000000000000000000
Classic CPP Decoder
0 :1,2,3,4,
1 :0,2,3,4,
2 :0,1,3,4,
3 :0,1,2,4,
4 :0,1,2,3,
5 :6,7,8,9,
6 :5,7,8,9,
7 :5,6,8,9,
8 :5,6,7,9,
9 :5,6,7,8,
10 :11,12,13,14,
11 :10,12,13,14,
12 :10,11,13,14,
13 :10,11,12,14,
14 :10,11,12,13,
15 :16,17,18,19,
16 :15,17,18,19,
17 :15,16,18,19,
18 :15,16,17,19,
19 :15,16,17,18,
20 :21,22,23,24,
21 :20,22,23,24,
22 :20,21,23,24,
23 :20,21,22,24,
24 :20,21,22,23,
25 :26,27,28,29,
26 :25,27,28,29,
27 :25,26,28,29,
28 :25,26,27,29,
29 :25,26,27,28,
30 :31,32,33,34,
31 :30,32,33,34,
32 :30,31,33,34,
33 :30,31,32,34,
34 :30,31,32,33,
35 :36,37,38,39,
36 :35,37,38,39,
37 :35,36,38,39,
38 :35,36,37,39,
39 :35,36,37,38,
40 :41,42,43,44,
41 :40,42,43,44,
42 :40,41,43,44,
43 :40,41,42,44,
44 :40,41,42,43,
45 :46,47,48,49,
46 :45,47,48,49,
47 :45,46,48,49,
48 :45,46,47,49,
49 :45,46,47,48,
50 :51,52,53,54,
51 :50,52,53,54,
52 :50,51,53,54,
53 :50,51,52,54,
54 :50,51,52,53,
55 :56,57,58,59,
56 :55,57,58,59,
57 :55,56,58,59,
58 :55,56,57,59,
59 :55,56,57,58,
60 :61,62,63,64,
61 :60,62,63,64,
62 :60,61,63,64,
63 :60,61,62,64,
64 :60,61,62,63,
65 :66,67,68,69,
66 :65,67,68,69,
67 :65,66,68,69,
68 :65,66,67,69,
69 :65,66,67,68,
70 :71,72,73,74,
71 :70,72,73,74,
72 :70,71,73,74,
73 :70,71,72,74,
74 :70,71,72,73,
75 :76,77,78,79,
76 :75,77,78,79,
77 :75,76,78,79,
78 :75,76,77,79,
79 :75,76,77,78,
80 :81,82,83,84,
81 :80,82,83,84,
82 :80,81,83,84,
83 :80,81,82,84,
84 :80,81,82,83,
85 :86,87,88,89,
86 :85,87,88,89,
87 :85,86,88,89,
88 :85,86,87,89,
89 :85,86,87,88,
90 :91,92,93,94,
91 :90,92,93,94,
92 :90,91,93,94,
93 :90,91,92,94,
94 :90,91,92,93,
95 :96,97,98,99,
96 :95,97,98,99,
97 :95,96,98,99,
98 :95,96,97,99,
99 :95,96,97,98,
#
It:0:Diff:79:PSOStep:3:Time:4.935989662:s:AutomataStep:3:Transition:01001111111000101011110011100011001101000101101010110110001110111010111011111111010010100010011110010110101100100100011100000111011000100010111011010111001101011111110011111110110011011111001101100111000001010110000111101110111111011101011111010010010111011101111110000101101101010000110011101111110101000101110000000101001011110101111100010111110001010100011011110011111100111111000001011111111110010011010001110110000100000000011111001000000111011100000011110110001110110000011111111101100110011111101001100110
000000000000000000000
000000000000000000000
000000000000000000000
000000000000000000000
000000000000000000000
000000000000000000000
000000000000000000000
000000010101010000000
000000011001100000000
000000011001010000000
000000011101100000000
000000011001010000000
000000011110100000000
000000010101010000000
000000000000000000000
000000000000000000000
000000000000000000000
000000000000000000000
000000000000000000000
000000000000000000000
000000000000000000000
#
It:1:Diff:78:PSOStep:6:Time:5.83574703:s:AutomataStep:6:Transition:00101101111110100010101111100001111101001101010011110101011110100111111111111101000110100011111011110010011100111011101110001111101110011010110101110111100000010110111010101100010010001011001111101111110101100011111100001100101010100110100111111100111101101011111000001100101101011010110011110110010110011001110110110001011101010101111001111001111100011111001011101101111011101111110101011110011110000100100011110001000110011100110100000101101011110111110111001110010001110101011011101100010101111001000111000110
000000000000000000000
000000000000000000000
000000000000000000000
000000000000000000000
000000000000000010000
000000000001110100000
000000000110100000000
000000001111000010000
000000111101010010000
000001110101100110000
000010011101010110000
000001101111101000000
000000110110011110000
000000011001100010000
000000001111110000000
000000000111011010000
000000000010101010000
000000000000000000000
000000000000000000000
000000000000000000000
000000000000000000000
#
It:2:Diff:70:PSOStep:7:Time:6.459765329:s:AutomataStep:7:Transition:01010001100101010000001101110100111110001100000000010110011111000000000111010100011000101010101010101010010100101100110110101101100111110011101110010101000110010110101001011000010001001000010110001100010100011100101101100010111000010000001100001111101100111010010100010110111101001110001000011010010100011100100101100000100100111110000000101000110111000110100010001010000010001111010010011100010100011010000100110001000100010110100010101100111001100111110000110010000100111111100100010010000001010101100110111010
000000000000000000000
000000000000000000000
000000000000000000000
000100000000000000000
000101000000000000000
000001110000000000000
000100010100000000000
000011000111000000000
000100100111000000000
000000110101111100000
000101000000001001000
000011001110100010000
000001111010101011000
000000101100011000000
000000010011001101000
000000001001100000000
000000000110010001000
000000000011101011000
000000000000000000000
000000000000000000000
000000000000000000000
#
It:3:Diff:67:PSOStep:6:Time:7.115705038:s:AutomataStep:6:Transition:01110101101101000000001101110000101111001101000110010110011111000000001011011100011010101010111000101010011100101100111110001111100110110001101110010101000110010110101010111000000001001000010111001100010101011000101100000010111000010100010100001111101100111111010100010110111101011110001011111110011110111101100111100001000101111101000000101001110111100110100011001010000011101011110000011100010100010100000101110001000100000110011110101000111001110111110000110010010101110111100100001010000001110101100110111010
000000000000000000000
000000000000000000000
000000000000000000000
000000000000000000000
000011000000000000000
000001111000000000000
000010110010000000000
000000110111100000000
000010101010000000000
000000000001010100000
000010101111111110000
000000100010000010000
000000100111100010000
000000000010011010000
000000001000101010000
000000000001111010000
000000000010101010000
000000000000000000000
000000000000000000000
000000000000000000000
000000000000000000000
#
It:4:Diff:53:PSOStep:7:Time:7.911678076:s:AutomataStep:7:Transition:01100101111111011001101111111110110111101100011011100101101111110000111110110011111110001001111111111101110111101111111010101111111110111101111111111101110111010110111001011100111011101111111111101011110111111000110110011010111111111100110101111101111101111111111100111110111101001111111011011111001111111111111100111011000101111111110111111001111101111111100011111010111111101111111111011100110100010111100110110101111110110111101111111011111111110001110011111110111111100111101101001111011111111001100110111110
000000000000000000000
000000000000000000000
000000000000000000000
000110000000000000000
000110000000000000000
000000000110000000000
000110011010000000000
000011111111010000000
000111111111111000000
000011011111111110000
000101111101011111000
000010111101111111000
000001111111101111000
000000111111110011000
000000011111111111000
000000001011011111000
000000000110001111000
000000000010101011000
000000000000000000000
000000000000000000000
000000000000000000000
#
It:7:Diff:52:PSOStep:7:Time:9.5876033:s:AutomataStep:7:Transition:01000101111100111000101111101010111011101111011011110101001101100100111010110110010110011001111111111111111111101111100110100111111110101101110011111111110111011110101101011100111010000101101111101111110111111011111110011110101110101100110101011111100111111111101100111100111101001111111101011111101111111111101100110011001100111111111101111001111110011111100011111111111111101111101111111100111110010111100110011011000111101111101111011001111111111101110011100100111101101111101101101101010111111001001110111111
000000000000000000000
000000000000000000000
000000000000000000000
000100000000000000000
000101000000000000000
000011100000000000000
000111111100000000000
000011111100000000000
000111111111010000000
000101111111101000000
000111111111111101000
000011111111111111000
000001111111111111000
000000111111111101000
000000011111111110000
000000001111111011000
000000000111111111000
000000000011111111000
000000000000000000000
000000000000000000000
000000000000000000000
#
It:27:Diff:46:PSOStep:7:Time:20.667566042:s:AutomataStep:7:Transition:01010101111111111011001111100111011111101110010011100001001110110100110100100111011110001101111111111111011110101111100110101111101110110001110111011101100110100010111011011100011011101111111111101111111111111000111111111110111011111111110101011111101101111111111011111100111101101111111011011111001111111111111100111111001100111101100111111101111100111111010011101111111111011101111110011101110111010111100110110001100110011111101101010011111111111101110011111110110101110111111101001100011111111001100111111110
000000000000000000000
000000000000000000000
000000000000000000000
000100000000000000000
000110000000000000000
000010010000000000000
000011110000000000000
000011111001000000000
000001110111100000000
000000101100011100000
000000110101101110000
000000101011110110000
000000011111111110000
000000001111111110000
000000001110111110000
000000001110000110000
000000000011111110000
000000000011111111000
000000000000000000000
000000000000000000000
000000000000000000000
#
It:47:Diff:46:PSOStep:7:Time:31.522688743:s:AutomataStep:7:Transition:01010001111111111111101001100111010011101110010011000001001110010010010100110111011010011111111111111111011111101111100010101111111111100001110101011111000111100010111001001100001011101111101111100011111011111000110101111110111011111110110101101111101101101010111011111100111101101111010010010111000011111111111100111111000100001111110111011101111100101011000011100011111110001101111111011101010111010101100110110011100111111111111111010011111111111101110101111100111111110111111011101000010111111101100111011110
000000000000000000000
000000000000000000000
000000000000000000000
000100000000000000000
000110000000000000000
000000010000000000000
000011110100000000000
000011011110000000000
000001110110000000000
000001100111110100000
000001111111011100000
000000111101101100000
000000111111010110000
000000110011111100000
000000011111010110000
000000001110110110000
000000000101111110000
000000000011111111000
000000000000000000000
000000000000000000000
000000000000000000000
#
It:59:Diff:42:PSOStep:7:Time:38.183393075:s:AutomataStep:7:Transition:01100100100111111001101001101011111011110111100110111101001101110100111001101000011110011111110101111101101111001001010111111000111110010111110110111111100110000000100100001110011010100001100011100111111101110011110110110111100011101110110000110101111111111011001111111101110110001111111000000111001110011111101110011011000110100101011100111011011101110101001011111110111111101010111111101101111110100111000001110001001111011100111111110101100111111001101101100010111100111001010101111110000011111101111011111111
000000000000000000000
000000000000000000000
000000000000000000000
000110000000000000000
000111000000000000000
000011011000000000000
000010111100000000000
000011111111100000000
000001101111110000000
000000101111111110000
000001111111111111000
000000011111111100000
000000111111101111000
000000011010110110000
000000010011111011000
000000001111111000000
000000000111111111000
000000000011111111000
000000000000000000000
000000000000000000000
000000000000000000000
#
It:88:Diff:40:PSOStep:7:Time:55.184242914:s:AutomataStep:7:Transition:01100100100101111001101001101011111111110101110110111101001101110100111101101111011110011101110111111101111111001001010111111010111111010111110111111101110111100010111101011110011010000101101111100011110111111011110110010111110011111110110101000101111111111111001111111101111111101111101000010111101110011111111111111011000110101101001101111011011100100101111011111011111111101110111111110001101110110111100111111001001111111100111111110111111111111001110101101010111100111101011111110111011011111101111011111110
000000000000000000000
000000000000000000000
000000000000000000000
000110000000000000000
000111000000000000000
000011011000000000000
000010111100000000000
000011111111100000000
000001011111110000000
000000100101111110000
000000111101010111000
000000110110111110000
000000111101101011000
000000011111110110000
000000001101011111000
000000001110111010000
000000000111111111000
000000000011111111000
000000000000000000000
000000000000000000000
000000000000000000000
#
It:171:Diff:34:PSOStep:7:Time:105.131457412:s:AutomataStep:7:Transition:01110100110101111011101011111011111010110111110010111101101101110100111001101011011110011101100011111100101111001101100111111000111110110111110111111101100110110000101101001110010011000101101011101011110111111011110110100111111110111011100000010101101111111111001011111110110101101110101000000110101110111111101011010011000110101101101110111011110001000000011011111011111111101010111111100001111111101111000001110001101111111100111111111101110111111101110101010010111000101101010111110110001001111101111011111101
000000000000000000000
000000000000000000000
000000000000000000000
000110000000000000000
000111100000000000000
000011111000000000000
000011111110000000000
000011111111100000000
000001111011111000000
000001101110111110000
000001111100101011000
000000110111111010000
000000111110101011000
000000111111111010000
000000011111111111000
000000001111111010000
000000000111111111000
000000000011111111000
000000000000000000000
000000000000000000000
000000000000000000000
end
