PSO TRACE
INIT:../../instances/fazia/init.csv
REF:../../instances/fazia/asvn3.csv
DecodingPolicy:CPPNot
MutationPolicy:Null
ParticleNeighborhood:Fixed
ParticleDims:515
ParticleCount:100
AccP:2.0
AccG:2.0
AccL:1.5
AccI:2.3
Pos:0.0-3.0
Inertia:0.9-0.6
VeloMax:2.0
MaxPSOIteration:250
InertiaDecrFactor:0.0012000000000000001
INIT
000000000000000000000
000000000000000000000
000000000000000000000
000000000000000000000
000000000000000000000
000000000000000000000
000000000000000000000
000000000000000000000
000000000000000000000
000000000000000000000
000000000010000000000
000000000000000000000
000000000000000000000
000000000000000000000
000000000000000000000
000000000000000000000
000000000000000000000
000000000000000000000
000000000000000000000
000000000000000000000
000000000000000000000
REF
000000000000000000000
000000000000000000000
000000000000000000000
000000000010000000000
000000000111000000000
000000001011100000000
000000011111110000000
000000101011111000000
000001111111011100000
000010111110101110000
000111011101110111000
000010111011101110000
000001110111011100000
000000101110111000000
000000011101110000000
000000001011100000000
000000000111000000000
000000000010000000000
000000000000000000000
000000000000000000000
000000000000000000000
Classic CPP Decoder + Not Test
0 :1,2,3,4,
1 :0,2,3,4,
2 :0,1,3,4,
3 :0,1,2,4,
4 :0,1,2,3,
5 :6,7,8,9,
6 :5,7,8,9,
7 :5,6,8,9,
8 :5,6,7,9,
9 :5,6,7,8,
10 :11,12,13,14,
11 :10,12,13,14,
12 :10,11,13,14,
13 :10,11,12,14,
14 :10,11,12,13,
15 :16,17,18,19,
16 :15,17,18,19,
17 :15,16,18,19,
18 :15,16,17,19,
19 :15,16,17,18,
20 :21,22,23,24,
21 :20,22,23,24,
22 :20,21,23,24,
23 :20,21,22,24,
24 :20,21,22,23,
25 :26,27,28,29,
26 :25,27,28,29,
27 :25,26,28,29,
28 :25,26,27,29,
29 :25,26,27,28,
30 :31,32,33,34,
31 :30,32,33,34,
32 :30,31,33,34,
33 :30,31,32,34,
34 :30,31,32,33,
35 :36,37,38,39,
36 :35,37,38,39,
37 :35,36,38,39,
38 :35,36,37,39,
39 :35,36,37,38,
40 :41,42,43,44,
41 :40,42,43,44,
42 :40,41,43,44,
43 :40,41,42,44,
44 :40,41,42,43,
45 :46,47,48,49,
46 :45,47,48,49,
47 :45,46,48,49,
48 :45,46,47,49,
49 :45,46,47,48,
50 :51,52,53,54,
51 :50,52,53,54,
52 :50,51,53,54,
53 :50,51,52,54,
54 :50,51,52,53,
55 :56,57,58,59,
56 :55,57,58,59,
57 :55,56,58,59,
58 :55,56,57,59,
59 :55,56,57,58,
60 :61,62,63,64,
61 :60,62,63,64,
62 :60,61,63,64,
63 :60,61,62,64,
64 :60,61,62,63,
65 :66,67,68,69,
66 :65,67,68,69,
67 :65,66,68,69,
68 :65,66,67,69,
69 :65,66,67,68,
70 :71,72,73,74,
71 :70,72,73,74,
72 :70,71,73,74,
73 :70,71,72,74,
74 :70,71,72,73,
75 :76,77,78,79,
76 :75,77,78,79,
77 :75,76,78,79,
78 :75,76,77,79,
79 :75,76,77,78,
80 :81,82,83,84,
81 :80,82,83,84,
82 :80,81,83,84,
83 :80,81,82,84,
84 :80,81,82,83,
85 :86,87,88,89,
86 :85,87,88,89,
87 :85,86,88,89,
88 :85,86,87,89,
89 :85,86,87,88,
90 :91,92,93,94,
91 :90,92,93,94,
92 :90,91,93,94,
93 :90,91,92,94,
94 :90,91,92,93,
95 :96,97,98,99,
96 :95,97,98,99,
97 :95,96,98,99,
98 :95,96,97,99,
99 :95,96,97,98,
#
It:0:Diff:60:PSOStep:7:Time:0.391253171:s:AutomataStep:7:Transition:01100010011000001101001110101000100111000101111110111010000001110011011011100011010000000000100011110110100101110110011001101000100100001000110011000010111110110111011100101000000100101110010001101000110010100010000010000000001001000100111111110101001101010111111100110001101110011101010011000001000110001001111111110010001011101011101111001010110010001000001000100100011001011100010010000010111110110110110111010010110001011010000001010101001001111001101101000001001000110011011001100010100000101000111101100010
000000000000000000000
000000000000000000000
000000000000000000000
000110101010000000000
000011111101000000000
000001101101100000000
000000100010110000000
000001100100011000000
000011110011001100000
000010011111001110000
000010010101111111000
000011001100100010000
000001100010000000000
000000111100001000000
000000010110100000000
000000001001100000000
000000000110000000000
000000000010000000000
000000000000000000000
000000000000000000000
000000000000000000000
#
It:1:Diff:50:PSOStep:7:Time:0.492780794:s:AutomataStep:7:Transition:01100010111000111101101011111001111111000111011110111110001110110011011010111111011111100110000010010010100111110110011001101000110110111110110010000011111100110111111111001000100111111110011011001001110110100110101010011011101111001110111111110101001101100111110100111001111110010101011011100001011101001001111111000110011011101001100111011010110110101100011110110110111001110100011010000010111101111110100110000010100011111111000101010111101001111111100101101011101101100000010011101010111000111001111001100011
000000000000000000000
000000000000000000000
000000000000000000000
000110101010000000000
000111010111000000000
000011011111100000000
000111111001110000000
000011100111011000000
000100101101011100000
000011010011010110000
000111010011111111000
000010000111001110000
000001111110011100000
000000110010111000000
000000011101110000000
000000001111100000000
000000000111000000000
000000000010000000000
000000000000000000000
000000000000000000000
000000000000000000000
#
It:4:Diff:45:PSOStep:7:Time:0.645938324:s:AutomataStep:7:Transition:00100111110011011111001111101001100111000111111110111010001111111010001110001111011110100111111011110110111111110111111011101100011111111010110010001011111100111011111111011011100011101111111111001111111011111011101011011011111111111110111111110101101111110111111000101101111100011101011111110000011111011101111111110110011111101011101111011111110110101110111110100110111001111000111011101011111111111110110110010011100111111111011111110111001011111001101111111111101001100111110101101011111010111101111111100111
000000000000000000000
000000000000000000000
000000000000000000000
000000000010000000000
000000000111000000000
000000000110100000000
000000011110110000000
000000001111111000000
000000011011111100000
000000100111101010000
000111111111111111000
000001101111101110000
000111110111111100000
000001011010111000000
000100111011110000000
000001111111100000000
000111000000000000000
000100000000000000000
000000000000000000000
000000000000000000000
000000000000000000000
#
It:6:Diff:42:PSOStep:7:Time:0.749908095:s:AutomataStep:7:Transition:00100111110011111111101111101011100111010111101111111111011111111010001010101011011111000111111011010110011111111111111101111000001110111110010111100011111101110111111011111011111011111101011001111101011111101111101011111111111010111111011111110111111101110111111000111101111111011111011011100011010111001011111111110110011111011011100111111111111110111111011100111111001000111100101011101011111111110111010110000001100111001011001111111111001111111111101110001111111001101111011100101111111110111111111000101111
000000000000000000000
000000000000000000000
000000000000000000000
000000000010000000000
000000000111000000000
000000000111100000000
000000011100110000000
000000011111111000000
000000111111111100000
000001101111111110000
000111111111100111000
000010111111101110000
000101010111111100000
000011101010111000000
000101111101010000000
000011011000000000000
000111000000000000000
000100000000000000000
000000000000000000000
000000000000000000000
000000000000000000000
#
It:15:Diff:37:PSOStep:7:Time:1.185926178:s:AutomataStep:7:Transition:00110111101011011111111110101101101111010111001111111111001110110111001010111011001111010101101110010111001011111111111101111011011111011100110011010111111110110111111011111111011111111101111011111101010011110110111111111111111011001011111111110101011111110011111010111111111111111111011111100101011011111111111011101110111011111011101111111110101011111001101110111111101011111110011011001011111111110111110111000001101011001011011110110100111011011111101100110111111101001110111011101111111110110111111111101111
000000000000000000000
000000000000000000000
000000000000000000000
000000000010000000000
000000000011000000000
000000001111100000000
000000000111110000000
000000111111001000000
000000011111111100000
000011111101111010000
000111111111011111000
000010111111111110000
000000110100101000000
000000101001111000000
000000011011100000000
000000001111000000000
000000000111000000000
000000000000000000000
000000000000000000000
000000000000000000000
000000000000000000000
#
It:19:Diff:34:PSOStep:7:Time:1.397895554:s:AutomataStep:7:Transition:00110111111011111011111111111110111111011111011111111111011111110010001110111011101111110111101110110111111111111111111111111101011111101111111011011011111111110011111011001111001001101111011111011011011111011110111011111011111111111111111011110101001010110011111010111111111111001101011111110111010110011101101101100110011111011011100111111111111100111110101101101111110001111100101111111011111111110110010010000100101111010011011111110100110111111111101100111111111011101111110101111111110110111111111110101111
000000000000000000000
000000000000000000000
000000000000000000000
000000000010000000000
000000000111000000000
000000001011100000000
000000001110110000000
000000011111101000000
000000110111011100000
000010011101110110000
000101100001101111000
000011011011111110000
000001011001101100000
000000111111111000000
000000011111110000000
000000001111100000000
000000000111000000000
000000000000000000000
000000000000000000000
000000000000000000000
000000000000000000000
#
It:20:Diff:31:PSOStep:7:Time:1.45040647:s:AutomataStep:7:Transition:00110111110011011001111111101110111101011110011110111111001111110010001110111011111111100111101110010011111111010111011111011111011111101011111010011011111111111111111111001111100011101110011111011101011111011110111111111001111111001110111111110101001111110111111010101101111111101111111111100011010111010101111111011110011111101011100111111111111110111010111101111111111011111000101111111011111110110110110111000101101111010010010111110101011111111101101101111101101001100111111101111111110110111111111111101111
000000000000000000000
000000000000000000000
000000000000000000000
000000000010000000000
000000000100000000000
000000001101000000000
000000011111000000000
000000101010111000000
000001111111011000000
000010101111111010000
000101111111011111000
000011111111101010000
000000011011111100000
000000111111111000000
000000011111110000000
000000000011100000000
000000000111000000000
000000000000000000000
000000000000000000000
000000000000000000000
000000000000000000000
#
It:21:Diff:27:PSOStep:7:Time:1.524388414:s:AutomataStep:7:Transition:00110111110011011001111011111111100111001111011110111111001111110010001110111011101101100101101110010011110111010111011111111100001111101001111110111011111111111011111110001101100001101110111111111111010111011110110111011001111111011011111110110001001110110111100110101100101111101111111011110011111111010101101110011111011011001011100111111011101110111010111101111011111011111000101111111010111100110110111101000111101111011011010111110101011111111000101110111101101001100111101101111111110110111111111111001111
000000000000000000000
000000000000000000000
000000000000000000000
000000000010000000000
000000000111000000000
000000001111100000000
000000011011110000000
000000111111111000000
000001111011101100000
000010111111111110000
000101111111111111000
000010110111011110000
000000011111111100000
000000101111111000000
000000001011110000000
000000000011100000000
000000000111000000000
000000000000000000000
000000000000000000000
000000000000000000000
000000000000000000000
#
It:26:Diff:26:PSOStep:7:Time:1.872911506:s:AutomataStep:7:Transition:00110111110111111101110111101111111111011111011110111110101111110011001111011011111111110101111111010111111101011111011111111110101111111111111111111111111010111111111011001011100111101111111111001111011111011111110111011111111111011111111110110101001110110011110110111110101111011111111111100010011111010111101110111110111111011011110111111110111111111011111101110111101011111000111111111011111110111111111111010010101111011111010111110111011111011001101110111111101101101111111101111111111111111111110111011111
000000000000000000000
000000000000000000000
000000000000000000000
000000000010000000000
000000000011000000000
000000001111100000000
000000011110100000000
000000111111010000000
000001111111111100000
000001010111111010000
000111111111111111000
000010111111111110000
000001101111111100000
000000101111111000000
000000011111110000000
000000001011100000000
000000000111000000000
000000000010000000000
000000000000000000000
000000000000000000000
000000000000000000000
#
It:27:Diff:23:PSOStep:7:Time:1.949866312:s:AutomataStep:7:Transition:00110111110010111111111111111110111111011110011011111100011111110111001110111011111111110111111110010011011111111111111111011011011111101011111010011111111111110011111111101111001011101111011011011101011111011110111011110101111011111011111011110101001111110111111010111101111111011100111110100111011111011101111111110110011111111011100111111111111101101111101101100111110011111010101111111011110111110111110011000101101111011010010111110101000111111111101101110111101011000111111101111111110011111011111111110111
000000000000000000000
000000000000000000000
000000000000000000000
000000000010000000000
000000000111000000000
000000001110100000000
000000011111110000000
000000111111101000000
000001111111111100000
000011111111101010000
000111111111100111000
000010011111111110000
000000111111111100000
000000100111111000000
000000011111110000000
000000001001100000000
000000000111000000000
000000000000000000000
000000000000000000000
000000000000000000000
000000000000000000000
#
It:29:Diff:19:PSOStep:7:Time:2.049791214:s:AutomataStep:7:Transition:00110011111110111111001111101111111111000110011111111110001111110111101110111011011111110111101011011111001101010111111101011011011111001010111010001111011101101011111011101011101011101111011111111101011110111110111110110110101111111111111011110101101111110001111110111101101101011101000111010011101101011101111111110111011111111011100110111111011100101110101101111110111011111011011011101011110111111111110111010000101111001111001101111111001101111111101111111111110101111111110101111111100011111101111111101111
000000000000000000000
000000000000000000000
000000000000000000000
000000000010000000000
000000000111000000000
000000001010100000000
000000010110110000000
000000111010111000000
000001011111111100000
000010110110110110000
000111111111110111000
000001101111101110000
000001110111011100000
000000011110111000000
000000011101110000000
000000001011100000000
000000000111000000000
000000000000000000000
000000000000000000000
000000000000000000000
000000000000000000000
end
