PSO TRACE
INIT:../../instances/fazia/init.csv
REF:../../instances/fazia/asm3.csv
DecodingPolicy:Nibble
MutationPolicy:Std
ParticleNeighborhood:EDist
ParticleDims:146
ParticleCount:100
AccP:2.0
AccG:2.0
AccL:1.5
AccI:2.3
Pos:0.0-3.0
Inertia:0.9-0.6
VeloMax:2.0
MaxPSOIteration:500
InertiaDecrFactor:6.000000000000001E-4
INIT
000000000000000000000
000000000000000000000
000000000000000000000
000000000000000000000
000000000000000000000
000000000000000000000
000000000000000000000
000000000000000000000
000000000000000000000
000000000000000000000
000000000010000000000
000000000000000000000
000000000000000000000
000000000000000000000
000000000000000000000
000000000000000000000
000000000000000000000
000000000000000000000
000000000000000000000
000000000000000000000
000000000000000000000
REF
000000000000000000000
000000000000000000000
000000000000000000000
000111111111111111000
000011000011011110000
000111011110111101000
000000110111100010000
000111101011011111000
000010011111010110000
000111101110110001000
000001011001011110000
000111111110111111000
000011100010101010000
000111110011101101000
000000110011101110000
000111101110011111000
000010010101110110000
000111001100110011000
000000000000000000000
000000000000000000000
000000000000000000000
Nibble Decoder
#
It:0:Diff:102:PSOStep:7:Time:0.184280793:s:AutomataStep:7:Transition:01100010011010101100101010001010110011001110100000101000011010001000110011101110101011000100010010001100110011001000111010101000110010101100010001100000010001001110100001100110000000001000011001100100001000101000001001100010001000100100001011000110001011001100010000100010101000100110001010000000001011001000001010000000111011100110100001100100000000001110101000100100110001101110000000101110011011100010000010001100010011100100101001101010001000001010101010101010110001100000100000000010110011101110001000000010
000000000000000000000
000000000000000000000
000000000000000000000
000110101010000000000
000011111111000000000
000111111110100000000
000000001110110000000
000110111110001000000
000011101110011100000
000111101011111110000
000000000001011111000
000110100001001010000
000011110000101111000
000111101100111010000
000000100011101011000
000110100010100010000
000011101100100001000
000111111111111111000
000000000000000000000
000000000000000000000
000000000000000000000
#
It:1:Diff:93:PSOStep:7:Time:0.409359431:s:AutomataStep:7:Transition:01101100011010000010111010001100011001100100101000101100011000101000010000100010101001101100011011000110111000100010001010001000111001001100011001101010110001101110100010000000111010101100100001100110001011100010100010000000110010100100000001000110111010001110000001001110100000101110000001000010100001000110111001100000001000101010000001100000111000100110100011000100111000100010100000000010010001001110100000101000111000101100011011001010001011000010110000100010001010000100110011100110101011101110011011101100
000000000000000000000
000000000000000000000
000000000000000000000
000111011101110111000
000001100000011000000
000111101111001001000
000000001000001000000
000111000001101111000
000000001010101000000
000110011001001001000
000011011100010000000
000110100101101111000
000000100110110000000
000111100011101001000
000000000100001000000
000111111001111111000
000011001010011000000
000111011101110111000
000000000000000000000
000000000000000000000
000000000000000000000
#
It:22:Diff:91:PSOStep:7:Time:1.941113236:s:AutomataStep:7:Transition:01101110000001101100111010001100011001100000111011001110011011001110111011000110111010100110000001101010110011101100111000100110000011101110011000001100110001100100011011101110111001101100000001101000110011100110111001100100000001101100101011000110010001001100000011000000011001101010011011001110100011000110100000101110111011000110001001101100111010001110011011101100100001101100111011101100111011000000001011100110111011000100101011101010011011000110111001001100000011100110110011100110110011001110011000001100
000000000000000000000
000000000000000000000
000000000000000000000
000111100011011011000
000011001110010010000
000100000110000011000
000010010101001110000
000111001101000011000
000010010001100110000
000110011101010011000
000010010010001100000
000111000000001111000
000011100010000100000
000111000111010101000
000010011100011110000
000110010101111101000
000011010101110110000
000101010101010101000
000000000000000000000
000000000000000000000
000000000000000000000
#
It:23:Diff:90:PSOStep:7:Time:2.03057526:s:AutomataStep:7:Transition:01101100001001000110111001101110000001101100110011001110011000101000010011100000011000000010101000101010101000000010011001101000010011100100011010001110001000101110010001000100101001100110110001001010111001001010111000101000111001101000011011101010101001101110001011101110011010101000011011101110101011100110011011100110011011000110111010101110011011101110011010000010101001101110011001101110001011101110000010100110101011100100001000100100011011101100011001101110001000001100010001000000000000101010111011100010
000000000000000000000
000000000000000000000
000000000000000000000
000111011101110111000
000000111000000010000
000101000110011101000
000000110110011110000
000110101011011111000
000001110010110010000
000101001100000101000
000000110101110010000
000110000000011011000
000000100100000100000
000101000110000111000
000000110110000010000
000110111111101011000
000000010001010100000
000101010101010101000
000000000000000000000
000000000000000000000
000000000000000000000
#
It:36:Diff:82:PSOStep:7:Time:2.974616814:s:AutomataStep:7:Transition:01001110001001001010111010001110011011000100111010100110001010001110111010000110011010101100110001100110110011101110010001001100001001100100111000101100100000101110111000100100100001100010111011101100110011101110111001101100011010101110011011101100111000101100010000001110000000001110000001001100010011101010111011100100011011000100111010101110010011101110010011001110010011101110110001001110011011001110110011101110110001001110011011100100010010101100010000100110101010101100010001000010010011101000111011101110
000000000000000000000
000000000000000000000
000000000000000000000
000101010101010101000
000010001000100010000
000111011111101111000
000001111100000010000
000100101100100001000
000010001111110110000
000111010011111001000
000011011000101100000
000111111111111101000
000011110110001010000
000111110000000111000
000011001001101100000
000111011011001101000
000010001000100010000
000101010101010101000
000000000000000000000
000000000000000000000
000000000000000000000
#
It:309:Diff:76:PSOStep:7:Time:20.826486:s:AutomataStep:7:Transition:01101100011000101110111001100000011000001110111001101110011000001100011011101100001001100100011001100100110010001000011011101000110010101000001011001100001001101010101011000010011001101010110000001110110000100110110001100110110001101100001010001010001000101000011000101100000011001100011001000100011011100100001011000110101001000010100010101000110001001100000001001000011010100100101000101110101010101100100000101010010010000110001011100110011011001000011001101010001001101100011001100110001010100110101010101100
000000000000000000000
000000000000000000000
000000000000000000000
000111011101110111000
000010000001101110000
000100011100100011000
000001100001110110000
000101101001001011000
000011110101000110000
000100101010100011000
000001000001010110000
000101101000011111000
000011010010000010000
000101100011011111000
000001000101000110000
000101110101001011000
000011010100011010000
000111111111111111000
000000000000000000000
000000000000000000000
000000000000000000000
end
