PSO TRACE
INIT:../../instances/fazia/init.csv
REF:../../instances/fazia/asm3.csv
DecodingPolicy:Nibble
MutationPolicy:Std
ParticleNeighborhood:EDist
ParticleDims:146
ParticleCount:100
AccP:2.0
AccG:2.0
AccL:1.5
AccI:2.3
Pos:0.0-3.0
Inertia:0.9-0.6
VeloMax:2.0
MaxPSOIteration:500
InertiaDecrFactor:6.000000000000001E-4
INIT
000000000000000000000
000000000000000000000
000000000000000000000
000000000000000000000
000000000000000000000
000000000000000000000
000000000000000000000
000000000000000000000
000000000000000000000
000000000000000000000
000000000010000000000
000000000000000000000
000000000000000000000
000000000000000000000
000000000000000000000
000000000000000000000
000000000000000000000
000000000000000000000
000000000000000000000
000000000000000000000
000000000000000000000
REF
000000000000000000000
000000000000000000000
000000000000000000000
000111111111111111000
000011000011011110000
000111011110111101000
000000110111100010000
000111101011011111000
000010011111010110000
000111101110110001000
000001011001011110000
000111111110111111000
000011100010101010000
000111110011101101000
000000110011101110000
000111101110011111000
000010010101110110000
000111001100110011000
000000000000000000000
000000000000000000000
000000000000000000000
Nibble Decoder
#
It:0:Diff:124:PSOStep:6:Time:0.222244666:s:AutomataStep:6:Transition:01101100010001100100000001100000010001101100001010100110010011000110010010100010011000000000011010001010100001101100100001000100111011000010111010000100011001100010001000101100111010101010011010000100110011000000111010100010010011001000000010101010011001001100100011001000000010001010111001100010001010101110111000000000000010001110001000101010000010001100101001101000001000000100010001100010001011100010111011101010100001100100110010101000010001001010011011101010111001101000010000100000100000000000010011001100
000000000000000000000
000000000000000000000
000000000000000000000
000000000000000000000
000010001000100010000
000000011000000100000
000000010000110110000
000000011010001000000
000000101110010110000
000000001000100100000
000000001110000110000
000000000100110100000
000000001010100110000
000000000011100100000
000000000010110110000
000000000001010100000
000000000010101010000
000000000000000000000
000000000000000000000
000000000000000000000
000000000000000000000
#
It:1:Diff:105:PSOStep:7:Time:0.459131627:s:AutomataStep:7:Transition:01001110110001001000000001101100010011100100011001001010101001001110010001000000010000000010101011001110111010101010000010101010001000001100111010100010101010001100000001001010110010001010011011100100111010000100100010000010110001000010110000100010010011101000100001000100001011101010000000100010001011000010001010000100110011000100110000101110101010000100110000100100111001000100101000101100000011100100111011001010110010001000111010100100010001101100010010001010001011100000010011001100001011101000111010001000
000000000000000000000
000000000000000000000
000000000000000000000
000101010101010101000
000101001010101010000
000100000001110111000
000011001010010010000
000111100100101111000
000100110011111010000
000111000101011111000
000000010110111010000
000111111011011111000
000101110000011010000
000111000100000111000
000010100110111010000
000111011101011111000
000111101110101010000
000101010101010101000
000000000000000000000
000000000000000000000
000000000000000000000
#
It:4:Diff:98:PSOStep:7:Time:0.718171601:s:AutomataStep:7:Transition:01001000111001001110010011001000010010000100111001000010010001001110010001001000100000001100011010000100111000000100110011100100111011000010011011101110001001101000011001001110111010000110100011100110110010000100010011100110111001001110111011101110101010001000010001001010101001000110111011101110111011101110010000100100010010001100100011100100101011100100100011000000010001000100111011100000010010100100010011001110111010100010111010001010010000001100010011100100000011100010010010001000111000101100001001001100
000000000000000000000
000000000000000000000
000000000000000000000
000101010101010101000
000110011101110010000
000111111110011011000
000010101101000110000
000110101001010011000
000100111010101110000
000111000001111111000
000011100111010110000
000111101100000101000
000110110000000010000
000111101011101111000
000010101100110110000
000100000000000011000
000110001000100010000
000111111111111111000
000000000000000000000
000000000000000000000
000000000000000000000
#
It:16:Diff:96:PSOStep:7:Time:1.582800667:s:AutomataStep:7:Transition:01001100111010001110001001100100110011001000111010000000100010001110100001000110100000101110100010001000111011101000010001001000111010001110010000001110011011000100100000001110111010001100011000000000111010000000100011100110001010001110101001101110010010101000011000001000011010001010111011100110111011101100010011101010101001001110011000001000111011101000100011100110111010001000111011101010100011101000100011101110101000000100111001101000111011101110100011101110000011100110011011100000000010001100111010001000
000000000000000000000
000000000000000000000
000000000000000000000
000101010101010101000
000111101110111011000
000100001010011111000
000001000000010010000
000101101001111011000
000110100001000010000
000100000010111111000
000001011000011010000
000101010000001111000
000111011111101110000
000100010111001111000
000000000001000010000
000111000000000011000
000111110011001111000
000111011101110111000
000000000000000000000
000000000000000000000
000000000000000000000
#
It:28:Diff:86:PSOStep:7:Time:2.608205797:s:AutomataStep:7:Transition:01101110011010000010000010101100001011001100111010001000110010001110001010001110100000001100000010001000111010101100110011101000111010001110001000101110111011101000100011001100111000101100111000100110011011001000100000101100111010001110000011100110111011001100000000101110000010001100111001100010000011101110110010101000110010000010100000001100011011101000100010001100111011001100111011101110100011001000110011101110001010001100111000101000110011101010110011101000111011101000100010001000000011001110111000001100
000000000000000000000
000000000000000000000
000000000000000000000
000111100011011011000
000000000000000010000
000111111011111111000
000000000000011100000
000111111101000001000
000011111111001110000
000110111111000111000
000000001111111100000
000111110110000001000
000011111011111110000
000110110111011111000
000000001101100110000
000111001000110001000
000011111101111110000
000111011101110111000
000000000000000000000
000000000000000000000
000000000000000000000
#
It:37:Diff:85:PSOStep:7:Time:3.219400462:s:AutomataStep:7:Transition:01101110110001001110010000101110001011100110111011100100010001001110101001001110010011000100001001000100111011001100111011100100111001001110000001001100011011100100010011101110111011100010111000000000101011001000010000101110111001001110010011100010101001101100010000000110001010001110111011001010000011101110010001000100011001000010100000100000010011100100010010001110111011001100101011101110010010100100010001001110010001000010111001001000001011101100010011100100110011100010010001000100010001001110111001000110
000000000000000000000
000000000000000000000
000000000000000000000
000111100011011011000
000111100001011110000
000101010000000111000
000001100010011010000
000101000101110011000
000111011001001110000
000101100000000011000
000001011001111010000
000110100000111011000
000110000001111010000
000100011011110011000
000000111111001110000
000111001100000011000
000110001101100010000
000110011001100111000
000000000000000000000
000000000000000000000
000000000000000000000
#
It:241:Diff:79:PSOStep:7:Time:16.981164206:s:AutomataStep:7:Transition:01101000001010001110101001000110010001101010111011000000010001001110100001000010010001001000100011000000111000101000111011100100011001001110100001001010101011101110010000000010111000101100001011000010110011100100110010001000011010001110010011001100111010001110100001100000110011101110101011100110111010101110101001000000100001100100010000001110100011100000010000001110111001001000011011100000010000100100111011001110010000100000111000100000001011101110010001101010101011100100010010000100110000101110111001000110
000000000000000000000
000000000000000000000
000000000000000000000
000111011101110111000
000010101100011010000
000111011001110111000
000001100011100010000
000111001101010011000
000010010110111010000
000111111000100011000
000010001000100110000
000111000010000011000
000011000001110110000
000111000011001111000
000000000001011010000
000111000111011111000
000011000100010010000
000101010101010101000
000000000000000000000
000000000000000000000
000000000000000000000
#
It:492:Diff:74:PSOStep:7:Time:33.55631075:s:AutomataStep:7:Transition:01101110010001001110111001101110011011100110111010101000001001001110101010001100010011100100010000000100111011101110111011100100111010001110000011100000011011100010010011101000111000100100111000001110110011100100010000101110111001001110100011100100000011101110001010001110000011101110101001101000101011101110111001000100110001000100010011101110001011100100010001001110111011100100000000101110010010000100101001001110001010001010011000000010010011100100010011100010000000000000010001000100010010001110111001101110
000000000000000000000
000000000000000000000
000000000000000000000
000111100011011011000
000010010010000110000
000111110110000101000
000001110111011100000
000111110100001011000
000010001110000110000
000111001111010011000
000001000001100110000
000111011011010011000
000010111010100010000
000111100100010101000
000001100110101010000
000110100110011111000
000010110011001100000
000111011101110111000
000000000000000000000
000000000000000000000
000000000000000000000
end
