PSO TRACE
INIT:../../instances/fazia/init.csv
REF:../../instances/fazia/asvn3.csv
DecodingPolicy:CPP
MutationPolicy:Null
ParticleNeighborhood:DynamicGeneralizedEuclideanDistance
ParticleDims:515
ParticleCount:100
AccP:2.0
AccG:2.0
AccL:1.5
AccI:2.3
Pos:0.0-3.0
Inertia:0.9-0.6
VeloMax:2.0
MaxPSOIteration:500
InertiaDecrFactor:6.000000000000001E-4
INIT
000000000000000000000
000000000000000000000
000000000000000000000
000000000000000000000
000000000000000000000
000000000000000000000
000000000000000000000
000000000000000000000
000000000000000000000
000000000000000000000
000000000010000000000
000000000000000000000
000000000000000000000
000000000000000000000
000000000000000000000
000000000000000000000
000000000000000000000
000000000000000000000
000000000000000000000
000000000000000000000
000000000000000000000
REF
000000000000000000000
000000000000000000000
000000000000000000000
000000000010000000000
000000000111000000000
000000001011100000000
000000011111110000000
000000101011111000000
000001111111011100000
000010111110101110000
000111011101110111000
000010111011101110000
000001110111011100000
000000101110111000000
000000011101110000000
000000001011100000000
000000000111000000000
000000000010000000000
000000000000000000000
000000000000000000000
000000000000000000000
Classic CPP Decoder
#
It:0:Diff:79:PSOStep:5:Time:0.189733247:s:AutomataStep:5:Transition:00110010110011111000100011001000000101001000100101110110100001111011100000010100010101101100000011011001110000000011100001110000000010101010100111110100011010010011100100011101101111001001101100010100000100010010000011001010100011001101101001010001101001001100000001001000011010111111001100111000111011101111001000111100101010011011110000101100001010010010100000011101100011101000101001000110100100011011000010000010001000111111010101101001011000110011010000111001011111011000010010011000001101100001011000111010
000000000000000000000
000000000000000000000
000000000000000000000
000000000000000000000
000000000000000000000
000000000010000000000
000000000110000000000
000000000000000000000
000000001100000000000
000000110101000000000
000001110110000000000
000000000000000000000
000001010111110000000
000000001010101000000
000001111111111000000
000001010101010100000
000000000000000000000
000000000000000000000
000000000000000000000
000000000000000000000
000000000000000000000
#
It:1:Diff:64:PSOStep:4:Time:0.409093365:s:AutomataStep:4:Transition:00111110110101010101111011011101111111011111111101111111101111111011111111101111111111111111111111101111111110111111110100111101011110111001111111100100111100111111111100011111101110011111111110110101001111100011111011011111011110111111101111111111111111111100111111111111111110111111111111011011101011111011010010111101111110111011111110101111101110110111111010111111111111011011111011111110111011111111011101110011111011111111100110111001111011110010110111111111011111111111111011101111001111101011001101111111
000000000000000000000
000000000000000000000
000000000000000000000
000000000000000000000
000000000000000000000
000000000000000000000
000000000011111000000
000000000101111000000
000000001111111000000
000000011110011000000
000000111111101000000
000000111110101000000
000000111111111000000
000000111011111000000
000000101010101000000
000000000000000000000
000000000000000000000
000000000000000000000
000000000000000000000
000000000000000000000
000000000000000000000
#
It:3:Diff:59:PSOStep:4:Time:0.815626361:s:AutomataStep:4:Transition:01111100111111111111101011011101001111111111111110111111101011111111111111110110011111111100110111001111111101111111111111011101111110111010101111100110111111111111101101111111101111011111111111111100010111110110111111111111011100101100111111110001111111111101011111101011111110111111011111011111111111111011001010111111101110011011111110111101101111110111111111011111011101001101111111011110101110111011001101100011111111111111101101101111111111111011010011111111011111111011111111111110011111111011011100110111
000000000000000000000
000000000000000000000
000000000000000000000
000000000000000000000
000000000000000000000
000000000000000000000
000000110110001000000
000000111111110000000
000000111111110000000
000000111111100000000
000000111111110000000
000000111001100000000
000000111011110000000
000000111111110000000
000000111111111000000
000000000000000000000
000000000000000000000
000000000000000000000
000000000000000000000
000000000000000000000
000000000000000000000
#
It:7:Diff:58:PSOStep:4:Time:1.371789109:s:AutomataStep:4:Transition:01111111100111110101110011011101111111111111111111111111101111111011111011100111111111101111111111111111011110111111110111011111111010111010101111101000110101111011111110111111111110011011111111110111010111111001111101011111011110101101111111110111111111101101111111111111101100111111111111011111111011111001111110111101111110011011111111111111111011011111111111011111010110110011100011110111111110111111111101100111111111110110111101010111111111111010110100111101111111110111101110111111111111101011011101111110
000000000000000000000
000000000000000000000
000000000000000000000
000000000000000000000
000000000000000000000
000000000000000000000
000000111111111000000
000000011111111000000
000000111111011000000
000000111111011000000
000000100110011000000
000000011111101000000
000000110101011000000
000000110101011000000
000000111111111000000
000000000000000000000
000000000000000000000
000000000000000000000
000000000000000000000
000000000000000000000
000000000000000000000
#
It:8:Diff:54:PSOStep:7:Time:1.498555384:s:AutomataStep:7:Transition:00110000110000010101110000101101000011111010100011110011101101010000011011001110101001110001100111010011000100101001111111000100101011011000100010101111010001100011110000010110100101001010100100110100110000000100001001001110010000100000101011010010111111100100111001101011011100111001001101001100010000001101000010111000101010111111110100100111000101010001111110011101000100010001011001100011110110000111001101000000111111111010001110001111101000010011110100010100011110011110101010111000101011100010001001111001
000000000000000000000
000000000000000000000
000000000000000000000
000000000010000000000
000000000101000000000
000000001110000000000
000000010110000000000
000000100001000000000
000001000110110000000
000010011110000000000
000110011111010000000
000010011001100000000
000001111101000000000
000000101010000000000
000000011001000000000
000000001100000000000
000000000100000000000
000000000010000000000
000000000000000000000
000000000000000000000
000000000000000000000
#
It:9:Diff:53:PSOStep:7:Time:1.615797255:s:AutomataStep:7:Transition:00110110110100000011011010111101100011110000001011100001101100010000011111001010000001010111110111010001000110100011001110111100110011011110111000101111000000100011010000000010100101001010101110110101101000100100000000101000010000101000101111011010010110000000110000111111101100000001101001001001000000000101010000111000001111100101001100011110100100110001111010000111100110010011011001100001011011101110001101000000100011011000000010001111100000010001110100000110111000010111101000111000101001110000100101111101
000000000000000000000
000000000000000000000
000000000000000000000
000000000010000000000
000000000101000000000
000000001111000000000
000000011110010000000
000000100101010000000
000001110101100000000
000011000000101110000
000100000100011001000
000010001000010110000
000001001100001100000
000000100110100000000
000000010000100000000
000000001001000000000
000000000111000000000
000000000010000000000
000000000000000000000
000000000000000000000
000000000000000000000
#
It:10:Diff:41:PSOStep:7:Time:1.703442722:s:AutomataStep:7:Transition:00110110110100110011011010011111100011000101110110111010101101110110111101101110001011111011110111001011011111101011001101011010111011101010111100111011100100101011111101100110110101011011111111110111110100100101101001101000001110101001110111011010110010100000111010111111101110110111111101011011111111111111010000111000111101111111101111111111011000101011111010111111101110011011011000110111101010101000001101100110110110111111101011101101101101010001110100111001111111001111010101111110110101101001101001111101
000000000000000000000
000000000000000000000
000000000000000000000
000000000010000000000
000000000001000000000
000000001110100000000
000000011101110000000
000000011100111000000
000001011001110100000
000011010110000010000
000101110010011111000
000011101011010110000
000001110011011100000
000000111011011000000
000000011111110000000
000000001111100000000
000000000111000000000
000000000010000000000
000000000000000000000
000000000000000000000
000000000000000000000
#
It:12:Diff:37:PSOStep:7:Time:1.929101465:s:AutomataStep:7:Transition:00110110110110110011111010011111100111101111110010111011101101110100111111111111011011111011110111011011011111101011001111011100111011101110111100111111110101101011111101100110110101011011101111110101110101100110011001101110011011111001110111011010110111110101111011111111111110100111011101011011111111111011110010111001111111111111101101111111111100111011111111011111110110011111011001110011111110101001001101100100111111111011001011101111101101111011110100110001111111011110111111111110111111101001101101111101
000000000000000000000
000000000000000000000
000000000000000000000
000000000010000000000
000000000101000000000
000000001110100000000
000000010111100000000
000000110011011000000
000001111100101000000
000011011011100010000
000101111010101111000
000011111101011110000
000001111110011100000
000000111110111000000
000000011111110000000
000000001111100000000
000000000101000000000
000000000010000000000
000000000000000000000
000000000000000000000
000000000000000000000
#
It:13:Diff:36:PSOStep:7:Time:2.038975138:s:AutomataStep:7:Transition:00100110100110110001011011111001100011000101000110001010100101000100110100101110001111001011110101011011011111001011001000011011110011101111111100111001100100101011100101101010110100011011111101110101110100000110001000101000001010110001010011011010100010100000111010111111101010110101111101011001111110110111010100001011111101101010001111111111011001101011100010011111100110011010101000110101101010011000001100101110110110010111111011101101100101011001110100110011110010001110010101110100110001101001100001111100
000000000000000000000
000000000000000000000
000000000000000000000
000000000010000000000
000000000001000000000
000000001010100000000
000000001110110000000
000000001110011000000
000000111001011100000
000011001000111110000
000101110111010111000
000011001010011110000
000001110110010100000
000000101100111000000
000000011011110000000
000000001101100000000
000000000111000000000
000000000010000000000
000000000000000000000
000000000000000000000
000000000000000000000
#
It:16:Diff:26:PSOStep:7:Time:2.328436142:s:AutomataStep:7:Transition:00100111110110110111011010111001100011000101010010101010100111010100110101101110011111011111110111011011111111101011001110011011110011101011111100111001100100101011110001101110110100011111111111110101110100000011001001101000001010110001000111011010100010100000111010111111101110110101111101011011111110111111010010001011111101101110001111111111010000101011110001111111100110111010101000110001101010101000001100101110110110110111101011101101100101011001110100111011110111011110010101111110110001001001100001111101
000000000000000000000
000000000000000000000
000000000000000000000
000000000010000000000
000000000111000000000
000000001111100000000
000000001011110000000
000000001111101000000
000000101111101100000
000011011111100110000
000111110100110111000
000011111010101110000
000001110010111100000
000000111110011000000
000000011111110000000
000000001111100000000
000000000111000000000
000000000010000000000
000000000000000000000
000000000000000000000
000000000000000000000
#
It:19:Diff:24:PSOStep:7:Time:2.627726627:s:AutomataStep:7:Transition:00110111101110110111111011011111100111101111110111111011111111110101111111101110011111011111110111001111111111101111111111110110111111101011111110111001111110111011111111100110110101111111111111110111111100000011111000101110011010011101010111011010100110110100111111111111111110110101111101011111111110111111011111001111111111111111111111111111011100110011111011011111111110001011100011110111101110111000001101101010110110111111011011101111110101110010110111101011111111011111110111111111111011111001101101111101
000000000000000000000
000000000000000000000
000000000000000000000
000000000010000000000
000000000101000000000
000000001111100000000
000000011111110000000
000000111011111000000
000001111000111100000
000011111101111110000
000111111110111101000
000011111111100110000
000001111111011100000
000000111110111000000
000000011110110000000
000000001111100000000
000000000111000000000
000000000010000000000
000000000000000000000
000000000000000000000
000000000000000000000
#
It:20:Diff:20:PSOStep:7:Time:2.711441704:s:AutomataStep:7:Transition:00110111111110110011111011111010100011100111010110111011111101110111111101101110011111111111110101011011111111101011111101010011110111111111110100101011111110111011111101100110110101111011111111110111110101000110011100111010110010011101110111011010111111110101111011111111111110110111111101111011111111111111111111011111111111111111111111111111011110110011101111111111111110111111001000110111111010111001001100101110111100100111011011101111111111011011110100110111111111001111011101111110111111111000111101111101
000000000000000000000
000000000000000000000
000000000000000000000
000000000010000000000
000000000101000000000
000000001111100000000
000000011111110000000
000000111011111000000
000001110101111100000
000011111010101110000
000111111111111111000
000011111100101110000
000001111111011100000
000000111111111000000
000000011111110000000
000000001111100000000
000000000111000000000
000000000010000000000
000000000000000000000
000000000000000000000
000000000000000000000
#
It:34:Diff:19:PSOStep:7:Time:4.165194386:s:AutomataStep:7:Transition:00110111111110110011111011111001100011101111110110101011111111100111111101101111001011101111110101101111111111001011101101011011111111111111111101111010101110111111111101101110110101111101110111110111110101100110011100100010111010010101010111111010111111110101111011111111111110110111111101111111111111111011111111011111010011111101111111111111011111100011101111011111111110111011101000110111111000111000001100101110111110101111011011101111111101011011110100110111111111000111011101110111111110111000101101111101
000000000000000000000
000000000000000000000
000000000000000000000
000000000010000000000
000000000101000000000
000000001111100000000
000000011111110000000
000000101001111000000
000001111110111100000
000011111111111110000
000101011111111111000
000011111111111110000
000001110110111100000
000000111111111000000
000000011101110000000
000000001111100000000
000000000111000000000
000000000010000000000
000000000000000000000
000000000000000000000
000000000000000000000
#
It:53:Diff:18:PSOStep:7:Time:6.059406383:s:AutomataStep:7:Transition:00110111111110110011111011011001100010101111100110001011111111100111111101100111011111101111110101100111111111101011111100011011111011111111111101101011111110111111111100101010110111110110111111100111100101100110001100110110110110010101011111011010011111110101111011111111111110010111111101111111101111111001101111001110110011111111110111111111011101100011101111111111111110111111101100110111111000111000001100101110111110100111011011100111111111011010100101100111101111101011010111110111111111110000111101111101
000000000000000000000
000000000000000000000
000000000000000000000
000000000010000000000
000000000101000000000
000000001111100000000
000000011111110000000
000000101111111000000
000001111111111100000
000011111101101110000
000111111111011111000
000010111111101110000
000001111101111100000
000000101111011000000
000000011111110000000
000000001011100000000
000000000111000000000
000000000010000000000
000000000000000000000
000000000000000000000
000000000000000000000
#
It:60:Diff:16:PSOStep:7:Time:6.787699394:s:AutomataStep:7:Transition:00110011111110010011111011111011100011001101110010111011111111110110111101101111111111101111110101101111111111101011101101011011111111101111111101011011011110111111111101101010110101111111111111100111101101100110011101111110111110111101010111011000111111110101110111111111111110110011111101101111101110111001111011011010010101111111111111111111001101110011101111111111111111111111101000110111111010111001001100101110111110110111011011100111111111011011100101101111110111111111011101110111111111011001111101111101
000000000000000000000
000000000000000000000
000000000000000000000
000000000010000000000
000000000111000000000
000000001011100000000
000000011111110000000
000000101111111000000
000001111111011100000
000011111111101010000
000111111000011111000
000011111111101110000
000001111111011100000
000000111111111000000
000000011111110000000
000000001111100000000
000000000111000000000
000000000010000000000
000000000000000000000
000000000000000000000
000000000000000000000
#
It:210:Diff:15:PSOStep:7:Time:21.259335595:s:AutomataStep:7:Transition:00100111111110010000111011111011110111011111010011111111110111010111111101101011011111001110100101111111110111101111101111011010111111001111011111101011011010111111110111101110111101111101100111111111101110101110011101011010111111010101010111011010111111110101111111111111111110110011111001111101011111111001111111011011110100111111111111111111001111100011101111111111111111111011101000110111111100101000001111111010111100100111011011100111111111011011000101111111111011111001011111110111111111011011111101111110
000000000000000000000
000000000000000000000
000000000000000000000
000000000010000000000
000000000111000000000
000000001111100000000
000000011101110000000
000000101110111000000
000001111111111100000
000011101010011110000
000111011110110111000
000010111111101110000
000001110110011100000
000000101110111000000
000000011111110000000
000000001011100000000
000000000111000000000
000000000010000000000
000000000000000000000
000000000000000000000
000000000000000000000
#
It:263:Diff:13:PSOStep:7:Time:26.371635961:s:AutomataStep:7:Transition:00110111111110100000111011111011110111011111110111111011110111010111111111001011011111001110110101111111111111101101101111011110111111111111011111101011111110111111111111101111111101111101100111111111111111101111011101010010111111010101010111111010111111110101111111111111111110110011111101111101011111111111110111011111011101111011111111111111001111110011101111111111111110111011101001110111111000111000001110101010111110110011011011100011011111011011010101100111111111111011011111110111111101111011110101110111
000000000000000000000
000000000000000000000
000000000000000000000
000000000010000000000
000000000111000000000
000000001011100000000
000000011111110000000
000000100110111000000
000001111111011100000
000011111010110110000
000111111111110111000
000010111111101110000
000001111111011100000
000000101111111000000
000000011111110000000
000000001011100000000
000000000111000000000
000000000010000000000
000000000000000000000
000000000000000000000
000000000000000000000
#
It:349:Diff:11:PSOStep:7:Time:34.976730442:s:AutomataStep:7:Transition:00110111111110111000111011111011110111001111010111111011110111010110111111101011011111001111110101111111111111101111101111011010111111101111011011111011110110111111111111101111101101111101101111111111111110101111011101010010111111110101010111011000111111110101111111111111111110110111111100111101010111111001111111011011110101111011111111111111000111110011101111111111111110111011101001110111101000111000001111101010110110110111011011101011111110011011010011100111111111111010011111110111110101011011110101110111
000000000000000000000
000000000000000000000
000000000000000000000
000000000010000000000
000000000111000000000
000000001011100000000
000000011111110000000
000000101111011000000
000001111111011100000
000010110100110110000
000111010101110111000
000010111111101110000
000001111111011100000
000000101111111000000
000000011111110000000
000000001011100000000
000000000111000000000
000000000010000000000
000000000000000000000
000000000000000000000
000000000000000000000
end
