PSO TRACE
INIT:../../instances/fazia/init.csv
REF:../../instances/fazia/asvn3.csv
DecodingPolicy:CPP
MutationPolicy:Null
ParticleNeighborhood:DynamicGeneralizedEuclideanDistance
ParticleDims:515
ParticleCount:100
AccP:2.0
AccG:2.0
AccL:1.5
AccI:2.3
Pos:0.0-3.0
Inertia:0.9-0.6
VeloMax:2.0
MaxPSOIteration:500
InertiaDecrFactor:6.000000000000001E-4
INIT
000000000000000000000
000000000000000000000
000000000000000000000
000000000000000000000
000000000000000000000
000000000000000000000
000000000000000000000
000000000000000000000
000000000000000000000
000000000000000000000
000000000010000000000
000000000000000000000
000000000000000000000
000000000000000000000
000000000000000000000
000000000000000000000
000000000000000000000
000000000000000000000
000000000000000000000
000000000000000000000
000000000000000000000
REF
000000000000000000000
000000000000000000000
000000000000000000000
000000000010000000000
000000000111000000000
000000001011100000000
000000011111110000000
000000101011111000000
000001111111011100000
000010111110101110000
000111011101110111000
000010111011101110000
000001110111011100000
000000101110111000000
000000011101110000000
000000001011100000000
000000000111000000000
000000000010000000000
000000000000000000000
000000000000000000000
000000000000000000000
Classic CPP Decoder
#
It:0:Diff:68:PSOStep:4:Time:0.141832366:s:AutomataStep:4:Transition:01001110001011100110110011111011111010011111001011100110011000011101111111100100100000101010111001010011000110100110101101110101110110101111011100111011101101010111111100011110111111010100100101101101101111001011110011101000110111011001101000100001001111011110000110111010000001101010111101111100111001010101011101100001111001011000000111011111011101001011100110111111110001010111000111100101001110101110111001010011011101101101001110110101011111111001100111100111011010010100001101011001111111110111111100111111
000000000000000000000
000000000000000000000
000000000000000000000
000000000000000000000
000000000000000000000
000000000000000000000
000000101010101000000
000000001100111000000
000000111111011000000
000000011111100000000
000000111111011000000
000000001100111000000
000000110011011000000
000000010011010000000
000000101110111000000
000000000000000000000
000000000000000000000
000000000000000000000
000000000000000000000
000000000000000000000
000000000000000000000
#
It:2:Diff:63:PSOStep:7:Time:0.534614264:s:AutomataStep:7:Transition:00000111101000011011101011101011111011101010111011001101101100100101111110011011000111001011110000111101011101100011011111010110100011111011001111111110000001101001110000101110010111101010000100010010111011111001111100001101010101011010001011010101111111010101001110101011010100000000000010010000100011011000111011011110010110001000001001110001100010110001000000001110110011000011011101111011111110000001110101101000011110010011101001011000110010100001101001101010111010100011110000001110000011011111101000110011
000000000000000000000
000000000000000000000
000000000000000000000
000000000000000000000
000000000000000000000
000000000000000000000
000000000001100000000
000000000001110000000
000000011110110100000
000001101001000010000
000110100110110011000
000011000100110000000
000001001101111100000
000000110101011000000
000000011001110000000
000000001111000000000
000000000101000000000
000000000010000000000
000000000000000000000
000000000000000000000
000000000000000000000
#
It:4:Diff:31:PSOStep:7:Time:0.755035389:s:AutomataStep:7:Transition:00100111101010011011101111101011111011111111110011001101111010110101111110111011000111001011110000111111011111100011111111010111110011111011101011111110101001101101111000101110011111101010000101111010111110111001111110001101010101111010001011010101111111010101001110001011010111010001000110010110101111011100111111111111111110011100001100100011100010110011000110011110110011000011011110111011101110001011111001101010111110000011101001011000111010100001101001101011111010100011110010111110010011011111110000100011
000000000000000000000
000000000000000000000
000000000000000000000
000000000010000000000
000000000011000000000
000000000111100000000
000000010101110000000
000000011111111000000
000000100001111100000
000010101010100110000
000101110101011111000
000010101111101110000
000001000110111100000
000000101000111000000
000000011001110000000
000000001011100000000
000000000111000000000
000000000010000000000
000000000000000000000
000000000000000000000
000000000000000000000
#
It:6:Diff:28:PSOStep:7:Time:0.94267975:s:AutomataStep:7:Transition:00110111111100011011101111101011100001101010110010111101101100100101111110011111010111011011110101011111111101101011001111010110101011111111001111111110101011111011011101111110000111111111000100110001110011100011111100111111011001111010101011101111111111010010011110100011111100110101111010110110100110111001111001011110001110001101111000101011100110111001101000111011110011001111011111011010111111110111111110101111111110010011111101011000110110101011101101101010111111101011110100101110100010001111111100100011
000000000000000000000
000000000000000000000
000000000000000000000
000000000010000000000
000000000111000000000
000000001110100000000
000000011101110000000
000000111011111000000
000001101101011000000
000011110101101110000
000110111111101011000
000010010001000110000
000001111010011100000
000000101111111000000
000000011011110000000
000000001011100000000
000000000111000000000
000000000010000000000
000000000000000000000
000000000000000000000
000000000000000000000
#
It:10:Diff:23:PSOStep:7:Time:1.335621886:s:AutomataStep:7:Transition:00100111101111011111011110101111110001011111110110111111101101100101111111011011110111011111110101111111111111101101011101011111111011111111001111111111001011111111010111111110011111111000101100011010111111101001110100110101011101111011000011101111011111010001001010001111111111010111010110111110111111111100111111111110001110001101101001100100100010111011101110111011110011001111111101011111110111011011111110111110111110110011101001111100111010000011101101101110111011100011110010101110110010101111111100110111
000000000000000000000
000000000000000000000
000000000000000000000
000000000010000000000
000000000110000000000
000000001111100000000
000000011011100000000
000000111111111000000
000001111011111000000
000010000010111010000
000111011001111111000
000010111111100110000
000001110110111100000
000000101110011000000
000000011001110000000
000000001011100000000
000000000111000000000
000000000010000000000
000000000000000000000
000000000000000000000
000000000000000000000
#
It:19:Diff:21:PSOStep:7:Time:2.23954073:s:AutomataStep:7:Transition:00110111111101011001101111100101010011011011111111111111111111100111111010011011110111011111110110101111110111001101001111010111110111011001101111111000011010111111011111111110010011111111111100111010111011111011111100110101011111110011011011111111110101100011010110111111111110011110111111111110110111101111111010011111011000001101111100100111110110111111101110111011110011001111111101011111110110011011111110110110111110111011101101011110111010101011100101101111111001101110011111101110101110101111111100011111
000000000000000000000
000000000000000000000
000000000000000000000
000000000010000000000
000000000110000000000
000000001011100000000
000000011101100000000
000000111011111000000
000001111111001000000
000011111111110110000
000111111111101110000
000011011010111110000
000001110111111100000
000000101111111000000
000000011101110000000
000000001011100000000
000000000111000000000
000000000010000000000
000000000000000000000
000000000000000000000
000000000000000000000
#
It:48:Diff:20:PSOStep:7:Time:4.929748989:s:AutomataStep:7:Transition:00110011111111011111011111101101111001011111111111101011111101100111111110001011110111011101110100001111100101001111000101010111111111111001001111111110011011101101100101011110011011001011111100001010111111101111111100110010011101011010001011111110011101010011010010110101111110001100110110110110111111111110011010111111011100001101100110101011110110101011001110011011110011111111011101001011110110011011111110111110111010000011111100110110110011000011100101101111111111111010011011111110111100111111111101110101
000000000000000000000
000000000000000000000
000000000000000000000
000000000010000000000
000000000110000000000
000000001111100000000
000000011111100000000
000000110111011000000
000001111101111000000
000011110110101110000
000111111100111111000
000010111111111110000
000001110111001100000
000000111110111000000
000000010101110000000
000000001011100000000
000000000111000000000
000000000010000000000
000000000000000000000
000000000000000000000
000000000000000000000
#
It:95:Diff:19:PSOStep:7:Time:9.256961905:s:AutomataStep:7:Transition:00110111111101011111111111100111111011010111111111111011101101110111110110001011100111010111111110010111100101001111000101110111111111111001001101111110011011101011011101011110011111111001111000101010101111101111101100111001011101111000111011001111101100110111010010110100111110011100111111110111111111110110111101111111111101011101110100111111111111111011001010011011111011110111011111100111110111111011011100111111111111100011111101011111111011101011100111100111101011111010010111111010101100111111111100111111
000000000000000000000
000000000000000000000
000000000000000000000
000000000010000000000
000000000111000000000
000000001111100000000
000000011111110000000
000000111011111000000
000001101111011100000
000011100111111110000
000110110111110111000
000010111111111110000
000001111101111100000
000000101111111000000
000000011111110000000
000000001011100000000
000000000111000000000
000000000010000000000
000000000000000000000
000000000000000000000
000000000000000000000
#
It:112:Diff:17:PSOStep:7:Time:10.881336896:s:AutomataStep:7:Transition:00110111111011111111011101101011111111111111111111111111110100110011110110001011110111011111111110111111101101101111010111111011111111011101101100111100111010111111001001101110010111111111111100011110111111111011110100111111011101110010100011011111111101110011011110111101111111001111110110110011111111111111111100111011111101011101101111111111000111111011101110111011111011011111111111101111110111111011101110111111111111111011111111111100111011100011100101101110111011111010010111111100111110111111111000111111
000000000000000000000
000000000000000000000
000000000000000000000
000000000010000000000
000000000111000000000
000000001111100000000
000000011111110000000
000000111101111000000
000001011111111100000
000011111111101110000
000111111111111111000
000010111111111110000
000001111111111100000
000000101111111000000
000000011111110000000
000000001011100000000
000000000111000000000
000000000010000000000
000000000000000000000
000000000000000000000
000000000000000000000
#
It:127:Diff:15:PSOStep:7:Time:12.315342774:s:AutomataStep:7:Transition:00100011111101111101101111100111110111101001111111111111110111110011111110001011110111010111010110101101100111000111000111111111111111011011101110111101111000111111011111101110010111111111111100011110101111111010111100110111011101110011110001011111100001100011011110111111011110001111111110111110111101110111111101011111111101011101110101101111000110111111001010111011110011011011111111010111110111111011111010111111111111111011111101011100111011100011100101101110111011101110011111111100111100111111111100111111
000000000000000000000
000000000000000000000
000000000000000000000
000000000010000000000
000000000111000000000
000000001111100000000
000000011011110000000
000000111111111000000
000001101010011100000
000010111111101110000
000111011001010111000
000010111111111110000
000001111111011100000
000000111110111000000
000000011101110000000
000000001111100000000
000000000111000000000
000000000010000000000
000000000000000000000
000000000000000000000
000000000000000000000
#
It:331:Diff:13:PSOStep:7:Time:31.468914518:s:AutomataStep:7:Transition:00100011111101111101101111100111111111111101111111110111110111110011111111001011110101010111111110101101100111000111100111111111111111011001101110111000111011111101011101101110010111011101111000111110111011101111101100111110011111001111111001111111101111000111011110111111011110001111110111110011111111111111111111111111111001011100101111111111100110111111101110111011110011011011011111001111111111111011011110111111111111011011101101011101111011100011001111101110111011111010011111011100101100101111111001111111
000000000000000000000
000000000000000000000
000000000000000000000
000000000010000000000
000000000111000000000
000000001111100000000
000000011111110000000
000000111111111000000
000001111111111100000
000011111101101110000
000111010111110111000
000010111001111110000
000001111111011100000
000000101110111000000
000000011111110000000
000000001011100000000
000000000111000000000
000000000010000000000
000000000000000000000
000000000000000000000
000000000000000000000
end
