PSO TRACE
INIT:../../instances/fazia/init.csv
REF:../../instances/fazia/asvn3.csv
DecodingPolicy:CPP
MutationPolicy:Null
ParticleNeighborhood:DynamicGeneralizedEuclideanDistance
ParticleDims:515
ParticleCount:100
AccP:2.0
AccG:2.0
AccL:1.5
AccI:2.3
Pos:0.0-3.0
Inertia:0.9-0.6
VeloMax:2.0
MaxPSOIteration:500
InertiaDecrFactor:6.000000000000001E-4
INIT
000000000000000000000
000000000000000000000
000000000000000000000
000000000000000000000
000000000000000000000
000000000000000000000
000000000000000000000
000000000000000000000
000000000000000000000
000000000000000000000
000000000010000000000
000000000000000000000
000000000000000000000
000000000000000000000
000000000000000000000
000000000000000000000
000000000000000000000
000000000000000000000
000000000000000000000
000000000000000000000
000000000000000000000
REF
000000000000000000000
000000000000000000000
000000000000000000000
000000000010000000000
000000000111000000000
000000001011100000000
000000011111110000000
000000101011111000000
000001111111011100000
000010111110101110000
000111011101110111000
000010111011101110000
000001110111011100000
000000101110111000000
000000011101110000000
000000001011100000000
000000000111000000000
000000000010000000000
000000000000000000000
000000000000000000000
000000000000000000000
Classic CPP Decoder
#
It:0:Diff:62:PSOStep:5:Time:0.116867562:s:AutomataStep:5:Transition:01010111110111111111111111101111111111011110111111011111100110111111111100111111111011011011111110101111110011011100111011111111011101101111111100001111011111011110111110111110111111001111111101111111101110111111111011111111111111011111110111111011110110110111101111011101111111111111111111010111111111110111001111101111111111101011111111011101111011111111111111001101111111111111101111011011111001011101101110111110101111111100111110110111101111111011110111111111111110111011101011111111111111111110011111111011
000000000000000000000
000000000000000000000
000000000000000000000
000000000000000000000
000000000000000000000
000001000000000000000
000001111111000000000
000000101011000000000
000001111101110000000
000001111110111000000
000000111111111100000
000001111111101000000
000000011111010000000
000001111111100000000
000001111111000000000
000001000000000000000
000000000000000000000
000000000000000000000
000000000000000000000
000000000000000000000
000000000000000000000
#
It:1:Diff:54:PSOStep:4:Time:0.272772079:s:AutomataStep:4:Transition:01111111111111111111111111111111111111101111111111011011111111111111011111111111111011111011111110111111111111111110110111111111111111111111011111111111011111111110111111111010111111111111111111111111011101111111111110111111101101111111110011111111110111111110101111111111111111111111111111110111111111111111011111111111111111111111111111111001111111111111101101111111111011111111111111011011111011011101111110001101111111111101111111110111011101111111101101011110110111111011111111110101111100111111011111111111
000000000000000000000
000000000000000000000
000000000000000000000
000000000000000000000
000000000000000000000
000000000000000000000
000000111111111000000
000000111111111000000
000000111111110000000
000000111111110000000
000000111111110000000
000000111111110000000
000000111111110000000
000000111111111000000
000000111111111000000
000000000000000000000
000000000000000000000
000000000000000000000
000000000000000000000
000000000000000000000
000000000000000000000
#
It:2:Diff:45:PSOStep:7:Time:0.453138896:s:AutomataStep:7:Transition:00110111110111111111111011111111111110110110111101011011101111111111000101011111111011011001111110101111111111111110111011110011011101111111111101011111011110110100111010110000111111101011111101111101011101111010111100111011101101111111111111111111110111110110101101011111111111111111111111010001111110111110011111101111111111101011111111111001111111111111100111101101111011001110111110011011011001011101111110011100111111011100111110110010011101111110001100010100110110111111111011011110111100011110011111110111
000000000000000000000
000000000000000000000
000000000000000000000
000000000010000000000
000000000111000000000
000000001100100000000
000000011010110000000
000000111111111000000
000001111111111100000
000011111111111110000
000111111111101111000
000110111111111100000
000111110111011100000
000111101111001000000
000000101111010000000
000111111111100000000
000111111111000000000
000100000000000000000
000000000000000000000
000000000000000000000
000000000000000000000
#
It:7:Diff:43:PSOStep:7:Time:0.98511035:s:AutomataStep:7:Transition:00010111111111111110111101111001111111001010110101001011111110010011000100011111111101101011011100101111011111111110110011110011010111111111001001011111011100101100111010010000011011011010111011111101001101111111110100111111100101011111110001111011110101110100101101001011011111011111111100010001111110101011010011101011110111101011111101010001111111111111000001011110111001101110100110011011011101011101111110010100111111011101101110100010001101111110001100010100110100111001111101110100111100010110001011110111
000000000000000000000
000000000000000000000
000000000000000000000
000000000000000000000
000000000111000000000
000000001010100000000
000000010011100000000
000000110101111000000
000001011111011000000
000010101101010000000
000100110101111101000
000001100110111010000
000001111111110100000
000000001111101000000
000000011111010000000
000000001111100000000
000000000111000000000
000000000000000000000
000000000000000000000
000000000000000000000
000000000000000000000
#
It:9:Diff:37:PSOStep:7:Time:1.175512131:s:AutomataStep:7:Transition:00010111111111111110111111111001111111101010110101001011110110110011110111001111111101101011111100101111011111111110111011110111111111111111011111111101111101101101111010110100011010011111111001111111011101111111110100111011101101011111110101111010110101100101101111101110111111001111101010010011110101101011000011101111111111100011110101011011111111101111100101001110111001111111111110011011011101011101111110110000111011111101101110100011001111110101001110011100110100111011111101110100111100110110001011110011
000000000000000000000
000000000000000000000
000000000000000000000
000000000000000000000
000000000111000000000
000000001111100000000
000000011111010000000
000000110110111000000
000001101110000100000
000010001111010010000
000111111001111101000
000001111101011010000
000001111111110100000
000000101110101000000
000000010101010000000
000000000010100000000
000000000111000000000
000000000010000000000
000000000000000000000
000000000000000000000
000000000000000000000
#
It:16:Diff:33:PSOStep:7:Time:1.739027856:s:AutomataStep:7:Transition:00010111111111111010111111111001111111111110111101001011110110010011100111011111111101101011111110111111011111110110101011110111110111111111011010111111111101101101111010110100011011111110111001111111011101111111110101111011101101011111110111111011110001110101101111101000111101011111101010010011110111100111010011101111111101100011111111011011111111111111100101001110111011111111111111011011011101011101111110010100111111011101111010100000001111110100101100011101110101111111111111110100111101111110001011110111
000000000000000000000
000000000000000000000
000000000000000000000
000000000000000000000
000000000111000000000
000000001111100000000
000000011111110000000
000000111110011000000
000001101111111100000
000010011101010110000
000111111001111101000
000001110101111110000
000001111111110100000
000000101111111000000
000000010111010000000
000000000010100000000
000000000111000000000
000000000010000000000
000000000000000000000
000000000000000000000
000000000000000000000
#
It:19:Diff:23:PSOStep:7:Time:1.983986411:s:AutomataStep:7:Transition:00010111111111111110110011011101111110111101101101011011110110010011100111001111111101111011011010101111111011101110111011010111101001111110111010110111011111110001111000010100011010001110111111101101000111101010111001111011100101111101110101111011110111110100101011001011111111011111101010111001110101001111010111100111001101001011111101111001111111111111110111001110111011101111100110011001011101011101110110011000111011011101100010110100001101111111001100011110110101111011111111111100111110110111001001110111
000000000000000000000
000000000000000000000
000000000000000000000
000000000000000000000
000000000111000000000
000000001111100000000
000000010111110000000
000000101111111000000
000001111111111100000
000011111111111110000
000111111111110011000
000010111111001000000
000001111110011100000
000000101111111000000
000000010111010000000
000000001001000000000
000000000111000000000
000000000010000000000
000000000000000000000
000000000000000000000
000000000000000000000
#
It:50:Diff:15:PSOStep:7:Time:4.517442487:s:AutomataStep:7:Transition:00100111111111111111111111011111111111111101111101011011111110110110010111101111111101111111111110110111011101111110111011110101101011111110111101010110011111001001111011010100011010001111111111111111101111101011111101111011101101011011110001111011110111110100101111001111111111111111111100111111111110111111011111101111001111101111111110111101111001111111111001011101111111001111111111011011011001011101111110011100111111011111101111110100111101111110101000011100110010111111111111111111011111111111000111111111
000000000000000000000
000000000000000000000
000000000000000000000
000000000010000000000
000000000111000000000
000000001111100000000
000000011111110000000
000000111111111000000
000001111111111100000
000011111111111110000
000111111111110111000
000011111111101110000
000001111111011100000
000000111110111000000
000000011111110000000
000000001111100000000
000000000111000000000
000000000010000000000
000000000000000000000
000000000000000000000
000000000000000000000
#
It:74:Diff:7:PSOStep:7:Time:6.344003738:s:AutomataStep:7:Transition:00100101101101111111111111011111111110111101110101011011111110110111010111101111111101111111111110101111001111111110111011110111101111111100011110110111111110001001111011000000111110101110111101111111111111101111111101111011101100011011110001111011111111110110101111001111011111111111111100111111111110111111011111101111111111101111111111101101111111111111101111011111111111011111111111011011011001011101101110011100111110011111111111110101111101111111101100011101000111111011111111111111111111111111001111111011
000000000000000000000
000000000000000000000
000000000000000000000
000000000010000000000
000000000111000000000
000000001111100000000
000000011101110000000
000000111011111000000
000001110111011100000
000011101110111110000
000111011101110111000
000010111011101110000
000001110111011100000
000000101110111000000
000000011101110000000
000000001011100000000
000000000111000000000
000000000010000000000
000000000000000000000
000000000000000000000
000000000000000000000
#
It:281:Diff:6:PSOStep:7:Time:21.999356507:s:AutomataStep:7:Transition:00100101101101111111111111011111111110110101110101011011011110110111010111101110111100111111111110101111001111111110101010100111101110111100011111100111111110001001111011010000111110111110111001111101110101000111001101111011101100011011110001111001111111110100101111001110011111111111111110111111101110011111011111101111111111101111111111111101111111111111101011011111111101011111111111011011011011011101111110010101111110011011101111110101110101111111101100011100000111111011011111111111111111111111001111111011
000000000000000000000
000000000000000000000
000000000000000000000
000000000010000000000
000000000111000000000
000000001111100000000
000000011111110000000
000000111111111000000
000001111111011100000
000011101110111110000
000111011101110111000
000010111011101110000
000001110111011100000
000000101110111000000
000000011101110000000
000000001011100000000
000000000111000000000
000000000010000000000
000000000000000000000
000000000000000000000
000000000000000000000
end
