PSO TRACE
INIT:../../instances/fazia/init.csv
REF:../../instances/fazia/asvn3.csv
DecodingPolicy:CPP
MutationPolicy:Null
ParticleNeighborhood:DynamicGeneralizedEuclideanDistance
ParticleDims:515
ParticleCount:100
AccP:2.0
AccG:2.0
AccL:1.5
AccI:2.3
Pos:0.0-3.0
Inertia:0.9-0.6
VeloMax:2.0
MaxPSOIteration:500
InertiaDecrFactor:6.000000000000001E-4
INIT
000000000000000000000
000000000000000000000
000000000000000000000
000000000000000000000
000000000000000000000
000000000000000000000
000000000000000000000
000000000000000000000
000000000000000000000
000000000000000000000
000000000010000000000
000000000000000000000
000000000000000000000
000000000000000000000
000000000000000000000
000000000000000000000
000000000000000000000
000000000000000000000
000000000000000000000
000000000000000000000
000000000000000000000
REF
000000000000000000000
000000000000000000000
000000000000000000000
000000000010000000000
000000000111000000000
000000001011100000000
000000011111110000000
000000101011111000000
000001111111011100000
000010111110101110000
000111011101110111000
000010111011101110000
000001110111011100000
000000101110111000000
000000011101110000000
000000001011100000000
000000000111000000000
000000000010000000000
000000000000000000000
000000000000000000000
000000000000000000000
Classic CPP Decoder
#
It:0:Diff:75:PSOStep:6:Time:0.112244332:s:AutomataStep:6:Transition:00111011110111101110110111110011110011111111111010110001001010111011101011000101100010011111111111001000000111110111111101000101101111011000101000111101101011101111011011001011101100011110010110101101100100110010111111011000010110010110011101100011100111001000101001110110111110000110111110110011110111001001011011011100110100011110101000111111101101001010011001000010011101000010010101101110100101110000100111100110001001101110001010111001110111101000000000010111011010111100101010111110001010010001000101011110
000000000000000000000
000000000000000000000
000000000000000000000
000000000000000000000
000000000011111110000
000000000111100010000
000000001110010000000
000000011111111000000
000000110111011110000
000001100001111010000
000011011101110000000
000011010000011110000
000011110111000110000
000011011011101100000
000011000111101000000
000011011111110110000
000011101110111010000
000000000000000000000
000000000000000000000
000000000000000000000
000000000000000000000
#
It:1:Diff:68:PSOStep:5:Time:0.266856798:s:AutomataStep:5:Transition:00111101111101101110110011010101101111001110110100011001111111101101001111100111100010111111111011111000010010010110101111100111110111111010111000101100101111111110011111101111111010011011111011000110000110110110110111110000010110110110110111100011111101001101100001111100111110100011110111001111101111101001111110011001110101011110110110101100111100011110110001011011111101010110110010011111100101111110100001101010101101111000001110111010111111111000110000101011010110001110111111101110110011110111111100011010
000000000000000000000
000000000000000000000
000000000000000000000
000000000000000000000
000000000000000000000
000000000011011100000
000000000111111100000
000000001001100100000
000000011101000100000
000000111100011100000
000001111110111100000
000001111010010100000
000001110011110100000
000001111010101100000
000001110101011100000
000001111111111100000
000000000000000000000
000000000000000000000
000000000000000000000
000000000000000000000
000000000000000000000
#
It:2:Diff:54:PSOStep:7:Time:0.406026518:s:AutomataStep:7:Transition:00110101101111101111110011011000101111111101100110110001010111100101101111100111100011101111101111111000000111110110111111100011111111111110111001111100101111111110011011101111111110011011111010001111100111110010111111010000000110011111110101100010111101011101100001111100111010001101111111101101111111101001011111011010110001011111111101111111111101011110010001010111011101011110011010011101110001111010001101101110101101111110001110110010110111111010100010000011011110001110111111101111111011010111101101011111
000000000000000000000
000000000000000000000
000000000000000000000
000000000010000000000
000000000111000000000
000000001010100000000
000000011111010000000
000000111101001000000
000001110011111100000
000010101111111010000
000111001111110011000
000011111011111111000
000001111100111111000
000000111101111111000
000000011110111111000
000000001111111111000
000000000110000011000
000000000011111111000
000000000000000000000
000000000000000000000
000000000000000000000
#
It:5:Diff:35:PSOStep:7:Time:0.646202056:s:AutomataStep:7:Transition:00110001101100001100110010011001111111111100100100010001011111100101101111100101100100110111011011101010010010110110101111100010110110011010110000100100101011100111011011101111110010011110111010000101001110110110101111001000000110010111110111100011111101010101110001111110011100000111111110000101101111100001111111010011110001111111111000101010100100001001010001111111011101110000110010011101110001000011100011101010101010010001001011110111111101111011111000000011010000001110111110111100110001000101111101011011
000000000000000000000
000000000000000000000
000000000000000000000
000000000010000000000
000000000111000000000
000000001010100000000
000000011111110000000
000000101101001000000
000001101110011100000
000011110110011010000
000101001001100111000
000010000001101010000
000001110011101000000
000000100100101000000
000000010000100000000
000000001110100000000
000000000110000000000
000000000010000000000
000000000000000000000
000000000000000000000
000000000000000000000
#
It:8:Diff:30:PSOStep:7:Time:0.849506189:s:AutomataStep:7:Transition:00110101111111001111110011111101111111111111101110110001101100100111101111111111101001111111101110111100110111111110101111101010111110111011111000110100001111111111011111101111111010001111111010100110010111110110101111110000010110101111110111100011111111010011111001111101111100111111111011101101111111101011011111111011110101110111110101101111111101001111010001110111011111011101011011011111010001111010101001101110111111110011001110111011111010011010100010000111101100011110111111101111110011010111011111111101
000000000000000000000
000000000000000000000
000000000000000000000
000000000010000000000
000000000111000000000
000000001111100000000
000000011011110000000
000000111011111000000
000001111111111100000
000011111001101010000
000111111110101101000
000010011110111110000
000001111111100100000
000000001111111000000
000000011000010000000
000000001111100000000
000000000101000000000
000000000010000000000
000000000000000000000
000000000000000000000
000000000000000000000
#
It:9:Diff:28:PSOStep:7:Time:0.923317995:s:AutomataStep:7:Transition:00110101110011001101110010100000111111111101101110110001101100100011101011111111100011111110001111101100010110111110000110111010101110111111101000110100001101111111011111101100111010001110101010000010000001110110101111110000010000101110010111100010111110110011110001111111111100111111101011100100011111100011111111110011110101011111111101101111101101001111010001110101011111101100111011001111010001001000100011101110101110010011001110101011010011011010100010000111101000011100111111101111110010001011011111001111
000000000000000000000
000000000000000000000
000000000000000000000
000000000010000000000
000000000111000000000
000000001101100000000
000000010111110000000
000000110110011000000
000001111110011100000
000010101010101110000
000111111111001111000
000010011111111110000
000001010111111100000
000000001100101000000
000000011011110000000
000000001111100000000
000000000101000000000
000000000010000000000
000000000000000000000
000000000000000000000
000000000000000000000
#
It:13:Diff:19:PSOStep:7:Time:1.220603406:s:AutomataStep:7:Transition:00110101101111101101110111110000101111111001101110110001111111100111101111111111111111101111001110101100111111111110011111111011111101111011111100110100001101101110111111101110111110101111111110111110111111110110111111010100110110100100110111100111111111110111111001111111111111111111111011100100111011101001111111110111110101111111111100111111111111011010010011110101011101011100011011001111010101100010111101101111101110110111001110110011110010111111100111000110101000011110111111101111110011111011101111111011
000000000000000000000
000000000000000000000
000000000000000000000
000000000010000000000
000000000111000000000
000000001111100000000
000000011111110000000
000000111111111000000
000001111111111100000
000011111111111110000
000111111111111111000
000011111111111110000
000001111111111100000
000000111111111000000
000000011111110000000
000000001111100000000
000000000111000000000
000000000010000000000
000000000000000000000
000000000000000000000
000000000000000000000
#
It:212:Diff:18:PSOStep:7:Time:14.162418081:s:AutomataStep:7:Transition:00110101100101101101110111010001101011111001101110110001111111000111101111111111110011111111011110011100101111011110011111111011111111111011111100110101101101101110111111001110111010111110101110111010111011110110111111100110010101111111110111110111111111010101111001110101111111011111111110101110111010101001111111100110110101011111111111101111111111011011110011110001111101011110101011101111110011001000011111100111011110110111001110110011110011111111111111001101101010010110011111101111111010100111111110111011
000000000000000000000
000000000000000000000
000000000000000000000
000000000010000000000
000000000111000000000
000000001111100000000
000000011111110000000
000000111111111000000
000001111111111100000
000011111111111110000
000111111111111111000
000011111111111110000
000001111111111100000
000000111110111000000
000000011111110000000
000000001111100000000
000000000111000000000
000000000010000000000
000000000000000000000
000000000000000000000
000000000000000000000
#
It:328:Diff:16:PSOStep:7:Time:21.834631333:s:AutomataStep:7:Transition:00110101100101101101110111010001101011111101101110110001011111100111101011111111010111101111011110101100111111011110011111111010111111111011111100110100101101101110111111101110111110111111110110111100111111110110111111000110110100111101110111110111111111110101111001110111111011011111111110101110111010101001111111100011110111011111111101111111100111001011110011110101011111011100101011001111110011111010011111100111001111110111011110110011100011111101101111001111001000011110001111101111110011101111011110111011
000000000000000000000
000000000000000000000
000000000000000000000
000000000010000000000
000000000111000000000
000000001111100000000
000000011111110000000
000000111011111000000
000001111111111100000
000011111011111110000
000111011101111111000
000010000110111110000
000001100111111100000
000000101110111000000
000000011101110000000
000000001011100000000
000000000111000000000
000000000010000000000
000000000000000000000
000000000000000000000
000000000000000000000
#
It:378:Diff:15:PSOStep:7:Time:25.124720089:s:AutomataStep:7:Transition:00110101100101101111110111010001101111111101101110110101111111100111101111111111010111101111001110101100101011011110011111111011111111111011111100010100101101101110111111101110111110101111111111110110101111110110111111010110110110111101110111110111111111110111111001110111111111111101111111101110101011101001111111110111110101111111111101111111111111011011110011110101111111011100110011001111110011111010011111101111011111110111011110110011110011111111101111001111001001011110101111101111110011111111011110111011
000000000000000000000
000000000000000000000
000000000000000000000
000000000010000000000
000000000111000000000
000000001111100000000
000000011111110000000
000000111011111000000
000001111111111100000
000011111011111110000
000111011101111111000
000010011111111110000
000001110111011100000
000000100111111000000
000000011101010000000
000000001010100000000
000000000111000000000
000000000010000000000
000000000000000000000
000000000000000000000
000000000000000000000
end
