PSO TRACE
INIT:../../instances/fazia/init.csv
REF:../../instances/fazia/asm4.csv
DecodingPolicy:CPP
MutationPolicy:Null
ParticleNeighborhood:Fixed
ParticleDims:515
ParticleCount:100
AccP:2.0
AccG:2.0
AccL:1.5
AccI:2.3
Pos:0.0-3.0
Inertia:0.9-0.6
VeloMax:2.0
MaxPSOIteration:500
InertiaDecrFactor:6.000000000000001E-4
INIT
000000000000000000000
000000000000000000000
000000000000000000000
000000000000000000000
000000000000000000000
000000000000000000000
000000000000000000000
000000000000000000000
000000000000000000000
000000000000000000000
000000000010000000000
000000000000000000000
000000000000000000000
000000000000000000000
000000000000000000000
000000000000000000000
000000000000000000000
000000000000000000000
000000000000000000000
000000000000000000000
000000000000000000000
REF
000000000000000000000
010000000000000000010
001011111111111111110
000000000000000000000
001011111111111110100
001011111111111110100
001011111111111110100
001011111111111110100
001011111011111110100
001011111101111110100
001011000101111110100
001011000110111110100
001011110111111110100
001011111111111110100
001011111111111110100
001011111111111110100
001011111111111110100
010100000000000001100
001011111111111110010
010000000000000001000
000000000000000000000
Classic CPP Decoder
0 :1,2,3,4,
1 :0,2,3,4,
2 :0,1,3,4,
3 :0,1,2,4,
4 :0,1,2,3,
5 :6,7,8,9,
6 :5,7,8,9,
7 :5,6,8,9,
8 :5,6,7,9,
9 :5,6,7,8,
10 :11,12,13,14,
11 :10,12,13,14,
12 :10,11,13,14,
13 :10,11,12,14,
14 :10,11,12,13,
15 :16,17,18,19,
16 :15,17,18,19,
17 :15,16,18,19,
18 :15,16,17,19,
19 :15,16,17,18,
20 :21,22,23,24,
21 :20,22,23,24,
22 :20,21,23,24,
23 :20,21,22,24,
24 :20,21,22,23,
25 :26,27,28,29,
26 :25,27,28,29,
27 :25,26,28,29,
28 :25,26,27,29,
29 :25,26,27,28,
30 :31,32,33,34,
31 :30,32,33,34,
32 :30,31,33,34,
33 :30,31,32,34,
34 :30,31,32,33,
35 :36,37,38,39,
36 :35,37,38,39,
37 :35,36,38,39,
38 :35,36,37,39,
39 :35,36,37,38,
40 :41,42,43,44,
41 :40,42,43,44,
42 :40,41,43,44,
43 :40,41,42,44,
44 :40,41,42,43,
45 :46,47,48,49,
46 :45,47,48,49,
47 :45,46,48,49,
48 :45,46,47,49,
49 :45,46,47,48,
50 :51,52,53,54,
51 :50,52,53,54,
52 :50,51,53,54,
53 :50,51,52,54,
54 :50,51,52,53,
55 :56,57,58,59,
56 :55,57,58,59,
57 :55,56,58,59,
58 :55,56,57,59,
59 :55,56,57,58,
60 :61,62,63,64,
61 :60,62,63,64,
62 :60,61,63,64,
63 :60,61,62,64,
64 :60,61,62,63,
65 :66,67,68,69,
66 :65,67,68,69,
67 :65,66,68,69,
68 :65,66,67,69,
69 :65,66,67,68,
70 :71,72,73,74,
71 :70,72,73,74,
72 :70,71,73,74,
73 :70,71,72,74,
74 :70,71,72,73,
75 :76,77,78,79,
76 :75,77,78,79,
77 :75,76,78,79,
78 :75,76,77,79,
79 :75,76,77,78,
80 :81,82,83,84,
81 :80,82,83,84,
82 :80,81,83,84,
83 :80,81,82,84,
84 :80,81,82,83,
85 :86,87,88,89,
86 :85,87,88,89,
87 :85,86,88,89,
88 :85,86,87,89,
89 :85,86,87,88,
90 :91,92,93,94,
91 :90,92,93,94,
92 :90,91,93,94,
93 :90,91,92,94,
94 :90,91,92,93,
95 :96,97,98,99,
96 :95,97,98,99,
97 :95,96,98,99,
98 :95,96,97,99,
99 :95,96,97,98,
#
It:0:Diff:121:PSOStep:8:Time:0.127991696:s:AutomataStep:8:Transition:01110010111111110011111011111110111110110100011111010111110011111110100111010011111010011011011011001100011011110001101111110011111111000011110110111111101110111111111111111110101111010010110111111111111001111101111110101101111111111010100001110111111110111111111101110111111111111100011111011111001111000010110111011101111111111111110011111111111110011111111011111101111100011000111111111111111111100011111011111111110101111110110011011100111101111001010111101111111110100001111011111111011011110011011100110111
000000000000000000000
000000000000000000000
001110101010000000000
001111011111000000000
001110011111100000000
001011111111110000000
001111001111101000000
001111110110110100000
001110111110110110000
001011101111111011000
001011100110001111100
001011101111110011100
001111011111011011100
001011101011111111100
001110111111110001100
001101000000110101100
001111111111111010100
001111111111111111100
001111111111111111100
000000000000000000000
000000000000000000000
#
It:1:Diff:115:PSOStep:3:Time:0.255625308:s:AutomataStep:3:Transition:10110010101011000011110011011100001101010101000101010101010010101000100101000010010011001011011001001011000000010000100101110100111001000111000010101110100010010001111111000000101110010001100000111111111000010100110100101001111001011000100001101101011010011110011000110001010101110100101101110110001110000010101001011101111110111000110010011111010110111111111011001101010000010000101010101110101001000011101011010001110101011101000010000000001010000011100100001001101100111000010010010100001101100000011000000101
010000000000000000010
100000000000000000000
101111111111111111100
101111111111111111100
101111111111111111100
101111111111111111100
101111111111111111100
101111101010101111100
101111111101001111100
101111101011011111100
101111100010111111100
101111101001111111100
101111110000111111100
101111111111111111100
101111111111111111100
101111111111111111100
101111111111111111100
101111111111111111100
101111111111111111100
000000000000000000001
100000000000000000010
#
It:3:Diff:108:PSOStep:3:Time:0.306963769:s:AutomataStep:3:Transition:11111010101111000001001001101010100011011100000000010000110010001011100111110110111011000001011000011111010110010001010101110110110000000110000011000101100000110001100111010100100110010001000100111111001000010000100000101001110011001000100000100001001100011100011000100000000101100110111101010100010110001010111001001001111100010111101111011001000011010101000011001001000011100110100010000110011000100001100111110001111101011101010010001000111111000000001110000101101001010010000100110101000111100000110001001001
110000000000000000011
000000000000000000001
101111111111111111100
101111111111111111100
101111111111111111100
101111111111111111100
101111111111111111100
101111111111111111100
101111110101011111100
101111110000111111100
101111110001111111100
101111110001111111100
101111110101111111100
101111111111111111100
101111111111111111100
101111111111111111100
101111111111111111100
101111111111111111100
101111111111111111100
100000000000000000000
100000000000000000000
#
It:6:Diff:88:PSOStep:8:Time:0.360559956:s:AutomataStep:8:Transition:01011011111011111111111111111111100011111110011101101111110110101111100111110010111111111011111111101111111111101101110101111111111111001111100111111111111110111111111100111111111110011101101111111111111000111100110101111111111111111000111101100111111110111111111111111111111101111110111101011111111110101111011111111111111111111111111011011111111111110111101011111111010111111100111111111111111100110111111111111111111111011111110111001010111111111001111111101111111101110111001111111101111111111111110101111111
000000000000000000000
000000000000000000000
001000000000000000100
001111111111111111100
001111111111111110100
001111111111111111000
001111111111111110100
001111111111111111100
001111111111111111100
001111111111111111000
001111111111111110100
001011111111111111100
001111111111111110100
001011111111111111000
001111111111111111100
001011111011110111100
001111111111111111100
001001111101011101000
001111111111111111100
000000000000000000000
000000000000000000000
#
It:10:Diff:77:PSOStep:8:Time:0.454536689:s:AutomataStep:8:Transition:01011110111011110111110111110111100110011111111101111111110111111101000111110011110110011011101111101111101101111100100101010111111111011111110010100111111011111011111101011010111111001100100101111100111001111110111100101111111101111010111111110111001110111111111101110111111111101111111001101111011111111111111111111110111011111111111001111111111111111111001111110111010111111110111110111111111111110010111111111111011111011101100110000111011111111001001100101110111110100001001111011101011111111101111101111111
000000000000000000000
000000000000000000000
001010101010101010100
001111101110111011100
001010111110111111100
001111111111111101000
001011111111110101100
001011111111101010100
001011111111111110100
001011111111111111000
001011101111111011100
001011101111111101100
001011101111111111100
001010101111111111000
001011011111100111100
001011111111110110100
001011111111111110100
001000100010010001000
001011101110111011100
000000000000000000000
000000000000000000000
#
It:27:Diff:76:PSOStep:8:Time:0.843247328:s:AutomataStep:8:Transition:01111111111111011111111001111111111011011111111101110110010111101101011011111111110110111010100111101111100100111111001111110111101101110111110001111111111010110111111101111011111101101101111101111101101111001101011100111111011100011011111111010110111010101111111111101111111010111111011111111110111111111111111111111101111001111101111110111101010111111101111111110111011111111101111011111011101101011100101011100111110011111111110110010011111011111010111101011111111111111001001110011111011011111101111101111111
000000000000000000000
000000000000000000000
001111111111111111100
001100000000000001100
001111111111111111100
001111111111111111100
001111111111111111100
001111110011011001100
001111111111111111100
001111111111011111100
001111111111111111100
001111111011011101100
001111111111111111100
001111111011111011100
001111111011111111100
001011111111111001100
001111111111111111100
001111011011010101100
001011101110111011100
000000000000000000000
000000000000000000000
#
It:29:Diff:67:PSOStep:8:Time:0.894363496:s:AutomataStep:8:Transition:01111111111111111111111101111111101111011111111111101111110111101111001011111110111111110100111111101111111101101111110111111111110111001111100011111111111110110111111100111011111110011101111111111111101000111100110111111111111111111001111001110111111110111111111101111111111111011110111111010111111110111111111111111111110111111111101001111101111111110101110011111111110101111100111111101111111110101111111111111111110111111111111011011110111111111010111111101011110101100100001111011101111111111111110101111111
000000000000000000000
000000000000000000000
001111111111111111100
001100000000000001100
001111111111111111000
001111111111111111000
001111111111111111000
001111111111111111000
001111111111111111000
001111111111111111000
001111111111111111000
001111111111110111000
001111111111111111000
001111111111111111000
001111111111111111000
001111111111111111000
001111111111111111000
001100000000000001100
001111111111111111100
000000000000000000000
000000000000000000000
#
It:44:Diff:61:PSOStep:8:Time:1.227939614:s:AutomataStep:8:Transition:01111011111111111111111101111100100111110111101111111111110111111001100011111110111111010011111111001110011101111111000011111001110111101011111010111110111010110011101101110011111110111011101111111101111000111111111101101111011111100111111111100111111110111101111101111111110111111110101111011110111100101111111111110111111111111111100001111111111110110111010011111111111111111110111011111101011110101010111011111111111111101111110111001011110111111010111101011011100110101101010111111101011111101001100101010111
000000000000000000000
000000000000000000000
001111111111111111100
001111111111111111100
001011111111111111100
001011111111111111100
001011111111111111100
001010111111111111100
001011111111111111100
001011101111111111100
001011010011111111100
001011111111111111100
001011111111111111100
001010110111011111100
001010101111111111100
001011111111111111100
001010111111111111100
001000000000000001100
001111111111111111100
000000000000000000000
000000000000000000000
#
It:157:Diff:60:PSOStep:8:Time:3.67192226:s:AutomataStep:8:Transition:01111011110111011111001011111001101111001111101111110111100101111101100111110010111111000010110111011011111101111110001011111001111111101111110110010110101110010111101100111011110110111011101111001101111000011110101101101111011110111101011001100111111110111111111101111111011110101110101011001010100110001011111111111111111110101111100000111110101110110111000011001110111011111000111011001101011100110011111101100111111110101111010110100011110111111011110101011011010000101101010110111011011101111100100101010111
000000000000000000000
000000000000000000000
001111111111111111100
001111111111111111100
001011111111111111100
001011111111111111100
001011111111111111100
001011111111111111100
001011011111111111100
001011101111111111100
001011111111111111100
001011001111111111100
001011111111111111100
001010101111011111100
001001111111111111100
001010111111111111100
001010111111111111100
001000000000000001100
001111111111111111100
000000000000000000000
000000000000000000000
#
It:176:Diff:54:PSOStep:8:Time:4.096019541:s:AutomataStep:8:Transition:01111011111111111111111101111100100011111111101110111111100001111001100011111110111111110011110111011110111101111111011011111101110111001011111010011010111110110111101101110011110111111011101111111101111100011111111111101111011111111101111101100111111110011101101101111111110111111110101011011111111110101111111111111111011111111111100001111111111110110111110011111111111111111110111011111101011110111110111111111111111110101111110110001111110111111011110100011011110111100101010111111111111111111001110101011111
000000000000000000000
000000000000000000000
001111111111111111100
001111111111111111100
001011111111111111100
001011111111111111100
001011111111111111100
001011111111111111100
001011111111111111100
001011111111111111100
001011011111111111100
001011111111111111100
001011111111111111100
001011110111011111100
001011111111111111100
001011111111111111100
001011111111111111100
001100000000000001100
001111111111111111100
000000000000000000000
000000000000000000000
#
It:435:Diff:49:PSOStep:8:Time:9.619335396:s:AutomataStep:8:Transition:01111011111011111111111101111101110011111111101111110111100101101001110011111010111111110000110111001110111001111111011011111101110111111011111011111101111110110011101101111011110111111011101111111101111000111111101101101111011111111111111111000110111110011111101101111111110110111111101111101111111110101111111111111111011111101111110000111111111110110111111011111111111111111010111111111101111111111010111111111111111111111111110111001111110111111010111101011001111111110101010110111111111111111101111101110111
000000000000000000000
000000000000000000000
001111111111111111100
001100011101110001100
001011111111111111100
001011111111111111100
001011111111111111100
001011111111111111100
001011101111111111100
001011101111111111100
001011101111111111100
001011101111111111100
001011101111111111100
001011111111011111100
001011111111111111100
001011111111111111100
001011111111111111100
001000000000000001100
001111111111111111100
000000000000000000000
000000000000000000000
#
It:454:Diff:48:PSOStep:8:Time:10.045877591:s:AutomataStep:8:Transition:01111011111011111111111110111101100111111111101111111101110011101100100011111011111111110010110111111110111101110111111010111001111111101011111111011010110111110011111101010011110111111011100111111101111101111111111100100111011110101101110101000111110110111100111101111111111111111110101011101111111100101111111111111101010110101111101001111111110110110111101011011111111111111111110011111101011100011010111011101111111110001001110011001111110111111010111101011011100110000100110110011011111111111001000101111111
000000000000000000000
000000000000000000000
001111111111111111100
001100000000000000100
001011111111111111100
001011111111101111100
001011011011111111100
001011111011101111100
001011001111111111100
001010011101111111100
001011111101111111100
001011110111111111100
001011111111111111100
001011111111111111100
001011111111111111100
001011111111111111100
001010110111111111100
001000000000000001100
001111111111111111100
000000000000000000000
000000000000000000000
#
It:457:Diff:46:PSOStep:8:Time:10.119850276:s:AutomataStep:8:Transition:01111011110011111111111110111101100011111111101111111101110011101101100011111111111111110010110111111110111101111111011010111001111111101011111110111010111111110111111101010011110110111011101111111101111001011111111110101111011111111111111101100111110110111101111101111111111111111110111011001111111100101111111111110111011111101111101000111111111110110111111011011111111111011101110011111101011110111010111011111111111110001111110011001101110111111011111101011011011110000100110111111011111111111001100101111111
000000000000000000000
000000000000000000000
001111111111111111100
001100000000000000100
001011111111111110100
001011111111110110100
001011110101111110100
001011110111011010100
001011101111111010100
001011111111111010100
001011111011011010100
001011110101101010100
001011010111101010100
001011011111111110100
001011111111101110100
001011110111101110100
001011111111111110100
001100000000000001100
001111111111111111100
000000000000000000000
000000000000000000000
#
It:493:Diff:36:PSOStep:8:Time:10.890306445:s:AutomataStep:8:Transition:01111011111011111111111111111101100011011111101110111101110011101101100011111111111111110010110111011110111101111111011011111001111111101011111110111010101111110011101100010011110110111111101111111101111001011111111111101111011110111111111101100111111110111101111101111111111111111110111111001111111100101111111111110111111111111111101000111111111110110111111011111111111111111101111111111111011110111010111111111111111110101011110111001101111111111011110101011011001110000101110111111011111111111001110101110111
000000000000000000000
000000000000000000000
001111111111111111100
001100000000000000100
001011111111110110100
001011111111100110100
001011111111111010100
001011111111110110100
001011111111111110100
001011111110011110100
001011111111111110100
001011111111111110100
001010111111101110100
001011111111011110100
001011111111111110100
001011111111111110100
001011111111111110100
001100000000000001100
001111111111111111100
000000000000000000000
000000000000000000000
end
