PSO TRACE
INIT:../../instances/fazia/init.csv
REF:../../instances/fazia/asm4.csv
DecodingPolicy:CPP
MutationPolicy:Null
ParticleNeighborhood:Fixed
ParticleDims:515
ParticleCount:100
AccP:2.0
AccG:2.0
AccL:1.5
AccI:2.3
Pos:0.0-3.0
Inertia:0.9-0.6
VeloMax:2.0
MaxPSOIteration:500
InertiaDecrFactor:6.000000000000001E-4
INIT
000000000000000000000
000000000000000000000
000000000000000000000
000000000000000000000
000000000000000000000
000000000000000000000
000000000000000000000
000000000000000000000
000000000000000000000
000000000000000000000
000000000010000000000
000000000000000000000
000000000000000000000
000000000000000000000
000000000000000000000
000000000000000000000
000000000000000000000
000000000000000000000
000000000000000000000
000000000000000000000
000000000000000000000
REF
000000000000000000000
010000000000000000010
001011111111111111110
000000000000000000000
001011111111111110100
001011111111111110100
001011111111111110100
001011111111111110100
001011111011111110100
001011111101111110100
001011000101111110100
001011000110111110100
001011110111111110100
001011111111111110100
001011111111111110100
001011111111111110100
001011111111111110100
010100000000000001100
001011111111111110010
010000000000000001000
000000000000000000000
Classic CPP Decoder
0 :1,2,3,4,
1 :0,2,3,4,
2 :0,1,3,4,
3 :0,1,2,4,
4 :0,1,2,3,
5 :6,7,8,9,
6 :5,7,8,9,
7 :5,6,8,9,
8 :5,6,7,9,
9 :5,6,7,8,
10 :11,12,13,14,
11 :10,12,13,14,
12 :10,11,13,14,
13 :10,11,12,14,
14 :10,11,12,13,
15 :16,17,18,19,
16 :15,17,18,19,
17 :15,16,18,19,
18 :15,16,17,19,
19 :15,16,17,18,
20 :21,22,23,24,
21 :20,22,23,24,
22 :20,21,23,24,
23 :20,21,22,24,
24 :20,21,22,23,
25 :26,27,28,29,
26 :25,27,28,29,
27 :25,26,28,29,
28 :25,26,27,29,
29 :25,26,27,28,
30 :31,32,33,34,
31 :30,32,33,34,
32 :30,31,33,34,
33 :30,31,32,34,
34 :30,31,32,33,
35 :36,37,38,39,
36 :35,37,38,39,
37 :35,36,38,39,
38 :35,36,37,39,
39 :35,36,37,38,
40 :41,42,43,44,
41 :40,42,43,44,
42 :40,41,43,44,
43 :40,41,42,44,
44 :40,41,42,43,
45 :46,47,48,49,
46 :45,47,48,49,
47 :45,46,48,49,
48 :45,46,47,49,
49 :45,46,47,48,
50 :51,52,53,54,
51 :50,52,53,54,
52 :50,51,53,54,
53 :50,51,52,54,
54 :50,51,52,53,
55 :56,57,58,59,
56 :55,57,58,59,
57 :55,56,58,59,
58 :55,56,57,59,
59 :55,56,57,58,
60 :61,62,63,64,
61 :60,62,63,64,
62 :60,61,63,64,
63 :60,61,62,64,
64 :60,61,62,63,
65 :66,67,68,69,
66 :65,67,68,69,
67 :65,66,68,69,
68 :65,66,67,69,
69 :65,66,67,68,
70 :71,72,73,74,
71 :70,72,73,74,
72 :70,71,73,74,
73 :70,71,72,74,
74 :70,71,72,73,
75 :76,77,78,79,
76 :75,77,78,79,
77 :75,76,78,79,
78 :75,76,77,79,
79 :75,76,77,78,
80 :81,82,83,84,
81 :80,82,83,84,
82 :80,81,83,84,
83 :80,81,82,84,
84 :80,81,82,83,
85 :86,87,88,89,
86 :85,87,88,89,
87 :85,86,88,89,
88 :85,86,87,89,
89 :85,86,87,88,
90 :91,92,93,94,
91 :90,92,93,94,
92 :90,91,93,94,
93 :90,91,92,94,
94 :90,91,92,93,
95 :96,97,98,99,
96 :95,97,98,99,
97 :95,96,98,99,
98 :95,96,97,99,
99 :95,96,97,98,
#
It:0:Diff:139:PSOStep:8:Time:0.150104465:s:AutomataStep:8:Transition:01111111111111011111111111111111100101001111101111101011011111101111111010110010111111111011111111111111110011111011011110010011101111100001010111010011101110101101111111110000101101111011111111110011111111110011110100111011111011111111111011111101110111001101111111111111100001011001101101100010010111001111011101111100100001011100111010001111011111110111111001111111111100110010101111111001111011111111010011111010111110111010011111011111111010110011100101001111001110111101011010111110111110111111111111101101
000000000000000000000
000000000000000000000
001111111111111111100
001100000000000001000
000110111111111111000
000110111111010011000
000110110111111100100
000111101111100111000
000111111111011110000
000111100000010110000
000111111100101111100
000111111011111110000
000110011101110011000
000100110111011111000
000111111001010100100
000111100001111001000
000111100111010011000
001011101110110111000
001100000000000001100
000000000000000000000
000000000000000000000
#
It:1:Diff:117:PSOStep:8:Time:0.227861604:s:AutomataStep:8:Transition:01111010011111111110110111111100101111011111111101011111011100101111001111010111111101011111111111001010110111011110011111010011110111101100110111010111111010111101111101111010101100111011011111110011111111000110111101111111110111111110111111111001110111111001101110111111100100111100100111101110011111111011101101011110110011111111110010111111011111111011101101111111111101100110101111011111111111110111110011111110111100111110111010011110111001111101110101100011100101111111111010111111011110110101111111111101
000000000000000000000
000000000000000000000
001101010101010101100
000111111111111111100
001101010111111001100
000111111110111111100
001111010101100101100
000111001011011011100
001101111111111101100
000111011111011111100
001111110111111101100
000111101110110111100
001101111111011111100
000111101101111111100
001111110111111111100
000111011111111111100
001101111111111111100
000111111111111111100
001111111111111111100
000000000000000000000
000000000000000000000
#
It:3:Diff:104:PSOStep:8:Time:0.297760063:s:AutomataStep:8:Transition:01111011111111111111110111111100110101101111111001111111011011111111111111110111101111011111111111111110101110110111110111110011111111110001010011011111011111101110111101111011111101101100011111010011011111110111110111101010111111111111111011110001111111011001101111110111110011111011101111101110011111111111101101111110111101111110110100011111101111110011101110111011111000100111101111011111111111111111111111111110101111101000011011111111110010111011110101001101101101011111011111111111111111110011111101111100
000000000000000000000
000000000000000000000
001111111111111111100
001111111111111111000
001000110000110001100
001001111001110001100
001001111110111111100
001011111111111101000
001011101111101111100
001011110111111101100
001001100000100111100
001010101110001111000
001011100111110101100
001001110101101101100
001001110101110111100
001000111001111101000
001001111111110111100
001101010101010101100
001111111111111111100
000000000000000000000
000000000000000000000
#
It:6:Diff:92:PSOStep:8:Time:0.374431839:s:AutomataStep:8:Transition:01111011101111111111111111111111110101101111111011101011111011111111111111111111111111111111111111111111111110110111010111111011111111110111110011011111111011111111111111101111111111110111111101111111011011011111111110111010101111111111101111110001111111111111101111111011111111111011111101111111011111111111101111111110111111111110111111111111101111111010101010111011011100110111101111011111111111101111111111110111111111111100111011111111111111111111110111111101101111011111111011111111111111111111111111111111
000000000000000000000
000000000000000000000
001111111111111111100
000111011101110111000
001111111111111111100
001111011101110111100
001111111111111111100
000111111101010111100
001111111111111111100
001101011111110111100
001111111111111111100
000111111101111111100
001111111111111111100
001101011111111111100
001111111111111111100
000111111111111111100
001111111111111111100
001111111111111111000
001011101110111011100
000000000000000000000
000000000000000000000
#
It:8:Diff:80:PSOStep:6:Time:0.425631401:s:AutomataStep:6:Transition:01111011111111111111110011111110110101101110111111101011011011111111111111001011111111011101111111111110111110111111110111011011111011110111111011111111111001111111111101111111111110101110111111011111001111001111111010111111111111111111111010110001011111111001101111110110111011111111100111111110011111011111101101111101111101100110111011011111101111011111101010111011111100110111111011011111101111101111111110110111101011111100111011111110111110111011100001101100111101111111111011111111111111110111111111111111
000000000000000000000
000000000000000000000
000000000000000000000
000000000000000000000
000011111111111110000
000011111111111100000
000011111111111110000
000011111111111110000
000011111111111110000
000011111111111100000
000011111111111110000
000011111111111110000
000011111111111110000
000011111111111100000
000011111111111110000
000011111111111110000
000011111111111110000
000000000000000000000
000000000000000000000
000000000000000000000
000000000000000000000
#
It:9:Diff:77:PSOStep:6:Time:0.459528089:s:AutomataStep:6:Transition:01111011111111111111100011111110100111101100110111101011011011111111011111000111111101011111111111101110111110011111111111110011111011101010011111111111111011010111111101111110101111100110011111010011111111001111110011111111011111111101111101111001111111111101101111110110111011111111100011111110001111101011101101011111111111101111111011011111111111111011101110111011111100100111111111011011111111111111111110110111111110111000011011111110110110111011110001101111111101111011111011111111011111110111111111111101
000000000000000000000
000000000000000000000
000000000000000000000
000000000000000000000
000011111111111110000
000011111111111110000
000011111111111110000
000011111111111110000
000011111111111110000
000011111111111110000
000011111111111110000
000011111111111110000
000011111111111110000
000011111111111110000
000011111111111110000
000011111111111110000
000011111111111110000
000000000000000000000
000000000000000000000
000000000000000000000
000000000000000000000
#
It:22:Diff:74:PSOStep:8:Time:0.752001407:s:AutomataStep:8:Transition:01111011101111101111110011111100110111101100110111101011011010111101011111001000101101011101111111111100101110101011110111010011111001110111111011111111010010111111111101111111111100000010000101010111101111101111011010111000111110111111111011111001011111111101101111110010111011110111001111101110001111101011101101111111111101100010111001011111111011111011100010011011111100110111111111111111101111111111111111100111110011111100110011111110111110011011110001100100111101111011110111111111111111110011111111111111
000000000000000000000
000000000000000000000
001111111111111111100
000110011001100111100
001111111111111111100
001011110111011111100
001111111111111111100
000011111111111111100
001111111111111111100
001011111111111111100
001101111111111111100
000111111111111111100
001111111111111111100
001011111111111111100
001111111111111111100
000111111111011111100
001111111111111111100
001110110111101111100
001011101110111011100
000000000000000000000
000000000000000000000
#
It:69:Diff:72:PSOStep:8:Time:1.782404032:s:AutomataStep:8:Transition:01111011111111111111111011101000110111101000110110101010011010111101111111000100101100011111101111111110111110111011110111111011111000110101111011111111111011011001111101111100101000000110011111010111001110111111011010111001110111111111111111110101111011111001101111111010001111111110001111111110001111101011101101111111101101101111111100111111111111010111101111011011111100110101111111011101101110111111111011110101101111011111111011111110111011011111110001100101111101111011111101111111111111110111111111111101
000000000000000000000
000000000000000000000
001111111111111111100
001011101110111011100
001111111111111111100
001111111111111111100
001111111111111111100
001011111111111111100
001111111111111111100
001111111111111111100
001111111111111111100
001011111111111111100
001111111111111111100
001111111111111111100
001111111111111111100
001011111111111111100
001111111111111111100
001111111111111111100
001111111111111111100
000000000000000000000
000000000000000000000
#
It:71:Diff:70:PSOStep:8:Time:1.827742398:s:AutomataStep:8:Transition:01111011111111111011111110101110111111101010110110101110001011111111111111110111111110010011111011111111111110111110110111011001101001110111011011111111111011111001110101111100101010101110011111011111001010111111111010111001110111111011111111111111111111111011101111101011011110110110111111111101000111101011101111011111101011000111111100111111111111010011101111111010111000100111100111011111111110111111111011111101101111111111011011111100111111111100010101101111111101111011010111111110101111111111111111111101
000000000000000000000
000000000000000000000
001111111111111111100
001011101110111011100
001111111111111110100
001111011111100110100
001111111101111110100
001011111111111110100
001111111011101110100
001111111111101110100
001111111111101110100
001011111111101110100
001111111011101110100
001111111111101110100
001111111111101110100
001011111111111110100
001111111111111110100
001111111111111111100
001111111111111111100
000000000000000000000
000000000000000000000
#
It:91:Diff:69:PSOStep:8:Time:2.242112684:s:AutomataStep:8:Transition:01111011101111011011111110101010111111101011110110111111011011111111111011011111111101010011101011011111111110111110110101010011111001110100111011111111011111111111100101111000111100101010011111111111010011111111110010111000110111101111111011111111011011111111101110111011001100110110011011111111100111101011101111111111101011000111111101110111111111011011101111111010111100100101010111011101100011111111111011111100101011111110010011101100111111011110011101101101111101010011011111111111101111111111111111111111
000000000000000000000
000000000000000000000
001111111111111111100
000011101110111011100
001111111111111110100
001111111111111110100
001111111111111110100
000011111111111110100
001111111111101110100
001111111111101110100
001111111111101100100
000011111110011110100
001111111010111110100
001111111111111010100
001111111111111100100
000011111111111110100
001111111111111110100
001111111111111111100
001111111111111111100
000000000000000000000
000000000000000000000
#
It:95:Diff:67:PSOStep:8:Time:2.327079017:s:AutomataStep:8:Transition:01111011111111111011111111101010111111101011110111111111010011111011111011111111111101110111101011111101110110111110110101001011111001110101001011111111011101111111110101111110111100101010011111111111011011111011110010101010011111101011111011111001011111111111101110111011101111110111011011111111110111101111101101011111101111011111110111110111111111011011101111111011111100100101110011011101101101111111111011111100101111111010011001101100111111011100011101101111111101111011110111110111101111100111111111101111
000000000000000000000
000000000000000000000
001111111111111111100
001011101110111011100
001011011101110110100
001011111101111010100
001010111111111110100
001001111011111110100
001011111111011100100
001011111111111110100
001011001111001000100
001011011011101100100
001011011101111110100
001011111111111110100
001011101011111110100
001010101111111100100
001010101111111110100
001111111110000000100
001111111111111111100
000000000000000000000
000000000000000000000
#
It:104:Diff:64:PSOStep:8:Time:2.543096674:s:AutomataStep:8:Transition:01111011101111111011011111101110111111101110110110111111011111111001111011111111111101010111111011111110111110111111110101001011111011110100011111011111011111111011101101111111111110101110011111111111111111111111111011111011110111111011111011111101111111111111101111011111001111011111101111111111110111101011101111111111101111110111111111111111111111011011101111111010111100100111110111011111101111111111111011101101101111111110111001111100111111111110111101101111111101111111010111110111101111111111111111111111
000000000000000000000
000000000000000000000
001111111111111111100
000011111111111111100
001111111111111110100
001111111111111110100
001111111111111110100
000011111111111110100
001111111111111110100
001111111111111110100
001111111111110110100
000011111111101110100
001111111111111110100
001111111111111110100
001111111111111110100
000011111111111110100
001111111111111110100
001111111110101010100
001111111111111111100
000000000000000000000
000000000000000000000
#
It:110:Diff:62:PSOStep:8:Time:2.67125418:s:AutomataStep:8:Transition:01111011111111111111110011101110111111101100110111111011011111111111111111111111101101110111111111111111111110111101110101110011101011110101011111011111011111011011101101111111111010100000011111111111110111111111111011111011110111111011111011111101111111111111101101111111011111111111111011111111110111101011101101111111111111110111101111111111111111011011101111111111111100100111110111011111101001111111111011111101101111111110111001111101111111111110111101101111111101111111110111110111101111111111111111111111
000000000000000000000
000000000000000000000
001111111111111111100
001011111111111111100
001111111111111110100
001111111111111110100
001111111111111110100
001111111111111110100
001111111111111110100
001111111111111110100
001111111111111110100
001111111111111110100
001111111111111110100
001111111111111110100
001111111111111110100
001111111101111110100
001111111111111110100
001111111110000010100
001111111111111111100
000000000000000000000
000000000000000000000
#
It:117:Diff:61:PSOStep:8:Time:2.832344987:s:AutomataStep:8:Transition:01111011111111111011111011101010111111101111111111111011011011111111111111111111111110110011001011111110110111111101110001001011111011111111011011011111111101011011101101111111111001101110011111111111110111111111110011111011111111101011111011111111111011111111101111011111101100111111101111111111110110101011111101011111101111011110111110110111111111110111111111111110011110101111010011111111100011111111111111111101101111111111011011111100110111111100011101111111101101111011110111110111001111110111111101101111
000000000000000000000
000000000000000000000
001111111111111111100
001011101110111011100
001111111111111110100
001111111111111110100
001111111111111100100
001110111111011110100
001111111011111110100
001111111111111110100
001111111111011110100
001111101111110100100
001111111111111110100
001111111111111110100
001111111111101010100
001111111000111110100
001111111111110110100
001100010000010001100
001111111111111111100
000000000000000000000
000000000000000000000
#
It:127:Diff:60:PSOStep:8:Time:3.062109903:s:AutomataStep:8:Transition:01111011101110111011111110111010111111101111110111101011010011111101111111111111111110110011011011111100100111111000110101000011101011110110001011011111111111110011101100111111011001101110001101111101111011111111110011111011111111101011111011111111011110111111101110010111101111111011101111111100110110101011111101011111101111011111111100110111111111110011111111111110111110101111010111011111100111111111111111111101101111101111111011101100110111111110011101100111101101111011110111110111001111110111111101111111
000000000000000000000
000000000000000000000
001111111111111111100
000111011101110111100
001110111111111110100
001110111111111110100
001011111111111110100
000111111111111110100
001111111111111110100
001111111111111110100
001011111111111110100
000111111111011110100
001111111111111110100
001111111111111110100
001011111111111110100
000111111111111110100
001111111111111110100
001100110011001101100
001011101110111011100
000000000000000000000
000000000000000000000
#
It:163:Diff:59:PSOStep:8:Time:3.848165046:s:AutomataStep:8:Transition:01111011101111111011111011111010111111101111110111111011011011111101111111111110111111110111111011111100110110111110110111001011101011110101011011111111111111011011101101111111111011101110001111111111111110111111011011111011011111111011111011111111111111111111101111111111101111111011111011111111110111101011101111101111101111011111111100101111111111110011111111111010111111101111111111011111101111111111111111111101101011101101111011101100111111111110111101100101101101111111110111110111101111110111111101111111
000000000000000000000
000000000000000000000
001111111111111111100
000111011101110111100
001111111111111110100
001111111111111110100
001111111111111110100
000111111111110110100
001111111111101110100
001111111111101110100
001111111111111010100
000111111110110010100
001111111111101110100
001111111111110110100
001111111111111110100
000111111111111110100
001111111111111110100
001100000000000001100
001111111111111111100
000000000000000000000
000000000000000000000
#
It:221:Diff:57:PSOStep:8:Time:5.165718094:s:AutomataStep:8:Transition:01111011111111111011011011101110111111101100110111111011010111111001111011101110101111110111001111111110111110111111110111011011101011110101011011111111011111011011101101111111111010100100001111111111111110111110111011011011010111110011111011111101111111111111101101111011011101111010101011111111110110101011101111101111101111110110100100110111111111111011111111111111111101101111111111011111101011110111111011111101101111111110110001101100111111111110111101001111111101111111110111110111101111110011111101111111
000000000000000000000
000000000000000000000
001111111111111111100
001011111111111111100
001011111111111110100
001011111111111110100
001111111111111110100
001111111111111110100
001111111111101110100
001111111111101110100
001111111111101110100
001111111111101110100
001111111111101110100
001111111111101110100
001111111111111110100
001111111111111110100
001111111111111110100
001100000000000000100
001111111111111111100
000000000000000000000
000000000000000000000
#
It:227:Diff:53:PSOStep:8:Time:5.308805703:s:AutomataStep:8:Transition:01111011111111111011111011101110111111101100110111101011010111101001111011111111101111110111111011111110111110111111110111011011101011110101011111111111011111011011101101111111101010100100011111111111110111111111111011011011011111111011111011011101111111111111101101111011011111111111110011111111100110101011101111001111101101100111101110110111111111111011101111111001111101101110111111011111101110011111111011111001101111111110011001101101101111111110111101101110111101111111010110110111101111111111111101111011
000000000000000000000
000000000000000000000
001111111111111111100
001000000000000001100
001111011111111110100
001111111110110110100
001111111011011110100
001111111111101110100
001111111111111010100
001111111101011110100
001111111111111010100
001111111111111010100
001111111111101010100
001111111111101110100
001111101111111110100
001111111111111110100
001111111111111110100
001100000000000000100
001111111111111111100
000000000000000000000
000000000000000000000
#
It:246:Diff:50:PSOStep:8:Time:5.746819488:s:AutomataStep:8:Transition:01111011111111111011111011101110111111101110110111101010011111101101111011111101111110110111011111011110111110101111110111001011101111110111011011111111001111101001101101111111111001101110001111011111110111111111010011111011011111111011101011110111111111101111101111111011011111011111101011101111011110111111111111011111101111111110101100110111111111010010101111111011111110101011111111011111101111111111111011111101101011101110111011101101101111111010011101101101111100111111001111111110011111111111111101111111
000000000000000000000
000000000000000000000
001111111111111111100
001000000000000001100
001111111111110110100
001111111111110110100
001111011111111110100
001111111111011110100
001111111111111010100
001111111011110010100
001111111111111110100
001111111110111110100
001111111111101110100
001111111111111110100
001111111111111100100
001111111111111110100
001111101111111010100
001100000000000001100
001111111111111111100
000000000000000000000
000000000000000000000
#
It:268:Diff:45:PSOStep:8:Time:6.223021985:s:AutomataStep:8:Transition:01111011111111111011111011101110111111101110110111101010011111101101111011101101101111110111011111111110111110111111110111001011101101110111011011111111001111111001101101111011111111001110011111011111110111111111110011011011111111111011100011111111111111111111101111111011011111011110101011111111111110111011111111011111101111010110101100110111111111010011101111111011111100101111111111011111101111110111111011111101111111111110111011101101101111111110011101011111111100111111001111110111111111111111111101111111
000000000000000000000
000000000000000000000
001111111111111111100
001000000000000001100
001111111111111110100
001111111111111110100
001111111111111110100
001111111111111110100
001111111111111111100
001111111111111111100
001111111111111110100
001111111111111111100
001111111111111111100
001111111111111110100
001111111111111111100
001111111111111111100
001111111111111110100
001100000000000001100
001111111111111111100
000000000000000000000
000000000000000000000
#
It:359:Diff:38:PSOStep:8:Time:8.149338305:s:AutomataStep:8:Transition:01111011111111111011111011101110111111101100110111111111011111101101111011011011111101110111011011011111100110011110111111011111101111111001011011111111101111100001101101011111101011001110011111111111111111101111011011101011111111111011100011011111111111111011100101111111001110110100111111111111110110111011110111001111101001110110101100111111111110110010101011111001011100100011111111001101111101111111111011111000111111111110111001111100101111011010111101111111111101110111000111110111111111111111111101110111
000000000000000000000
000000000000000000000
001111111111111111100
001000000000000001100
001011111111111110100
001011111111111110100
001011111011110110100
001000001111111110100
001011111010111110100
001011111100111110100
001011111101111110100
001011111111110000100
001011111111111100100
001011111111111110100
001011011111111110100
001010111111111110100
001011111111111110100
001100000000000000100
001111111111111111100
000000000000000000000
000000000000000000000
#
It:385:Diff:34:PSOStep:8:Time:8.725313035:s:AutomataStep:8:Transition:01111011111111111011111011101110111111101100110111111111011111101101111011011111111101110111111011011111100110011110111111011011101011111101011111111111101111110101101101111111101111001110011111011111111111111111011010101011111111111011000011011111111111111111100101111011001110110110011111111111110110111011111111001111101101110110111100111111111111110011101011111001011100100011111111001111111101111111111011111000111111111100111001101101101111011010111101111111111101110111001111111111111111111111111101110111
000000000000000000000
000000000000000000000
001111111111111111100
001000000000000001100
001011111111111110100
001011111111111110100
001011111111110110100
001011111111111110100
001011111111111110100
001011111110111110100
001011111111111110100
001011111111111110100
001011001111111100100
001011111111111110100
001000111111111110100
001011111111111110100
001011111111111110100
001100000000000000100
001111111111111111100
000000000000000000000
000000000000000000000
end
